2816,1667,900,8583,6927,5520,6673,8600,819,2717,5150,734,6819,5674,171,3628,7981,8110,1455,2099,820,8757,1079,1858,3909,4428,6096,9464,355,9433,5212,862,4703,8417,9899,740,7909,5094,8935,4200,3437,3442,9206,119,8952,3793,4221,8702,---4,5,5,4,2,5,5,5,4,2,4,2,5,3,2,5,4,4,2,2,2,4,3,2,2,5,2,4,4,5,2,5,4,5,3,2,4,3,2,2,3,4,2,3,5,4,2,4,
4992,7810,1669,1542,9271,6153,7437,1678,2192,3091,1561,3868,9381,935,3526,1705,6954,5934,2479,48,7092,3127,3167,4542,3649,5189,5318,9783,7630,4432,4178,7896,5724,3293,8671,8162,4196,8231,9708,253,6384,2110,632,1658,1021,2814,---5,3,2,2,2,4,4,3,2,3,3,4,5,3,4,5,3,3,4,5,5,4,5,3,5,3,5,4,4,5,5,5,5,2,2,4,3,4,3,3,4,4,5,2,2,5,
9091,6800,6019,2709,3991,4506,1691,7711,3360,816,291,3881,2346,429,7599,304,689,7604,2101,8246,4153,2235,6261,4929,7107,2244,3149,8654,8271,1360,337,7379,3918,7383,6703,8934,2207,3693,5237,1402,8917,---2,5,2,4,3,3,4,4,3,5,2,2,4,4,5,4,5,5,4,3,5,2,4,3,3,5,2,3,2,4,2,3,5,4,2,3,2,3,2,4,2,
7298,9485,6545,2706,8213,9110,2845,8098,6565,4262,809,2349,5169,2226,3256,3129,1087,7490,228,4169,1740,7374,335,340,1124,8411,1501,8229,3553,7522,2916,7014,4971,7020,8942,4725,3574,8570,7420,---3,4,4,5,4,2,4,2,5,4,5,3,4,5,2,4,4,2,3,2,4,5,5,3,3,4,5,3,3,4,2,5,3,4,2,3,3,3,3,
6973,7950,5651,5659,8733,9246,7199,33,3878,9514,7467,7596,6321,6068,6457,9403,6461,2750,5565,5700,6476,5836,1871,4436,853,6617,6492,5220,8166,1255,8937,5226,5355,5998,8125,9462,8446,5333,---3,3,4,5,2,4,4,3,4,2,4,3,2,2,5,3,5,3,4,2,4,5,2,3,5,4,3,2,4,5,2,4,3,4,3,3,4,2,
6914,3460,5135,5907,534,1924,2591,9635,1316,810,455,4652,177,6198,7095,7967,4571,5824,6726,7623,9673,7626,8887,1443,1039,4065,3810,2407,9711,6258,9715,7544,7290,636,6141,9983,---5,4,4,4,2,3,3,4,3,3,3,5,5,4,3,2,2,5,4,3,4,3,2,4,4,5,4,5,4,3,2,3,4,3,2,5,
6532,645,2573,19,3350,5911,3227,6300,8479,4770,6949,166,6953,5941,7222,5944,3897,9535,3652,2119,1096,843,2253,4049,4182,4695,9432,5596,4573,3936,3299,7017,7402,6007,6009,7291,---3,5,5,2,2,4,4,2,4,3,2,4,3,2,2,2,4,4,5,4,2,5,3,3,5,5,2,2,5,3,5,2,5,2,3,4,
4608,1538,2053,9608,7946,3212,9357,2456,9875,7447,4376,7067,1693,8581,6176,548,2342,8487,4013,904,4018,7091,9400,1977,58,4028,6857,6733,5715,3801,6621,8890,1683,9209,4360,---3,2,5,2,5,4,3,4,5,5,4,5,3,4,3,2,2,2,5,2,2,2,4,5,3,3,4,4,4,5,5,4,2,4,4,
4865,1794,5379,9862,6151,4620,535,2332,9632,9508,7206,295,4653,7728,3635,7732,4004,5566,5702,9932,8142,5717,1750,2425,1624,9689,4795,7149,114,2420,3960,7033,2554,4222,---2,2,2,4,3,2,4,2,2,2,4,4,4,3,3,4,3,4,3,4,5,3,3,3,3,4,2,4,2,5,5,5,3,2,
1793,6404,8193,5384,2441,2058,8843,401,2451,281,2841,4764,2205,804,5288,553,5680,3121,690,3765,7358,8127,7616,7489,2315,4816,9047,5977,890,464,9831,9589,2938,---2,4,5,3,5,2,3,5,5,3,5,5,3,4,4,5,3,3,2,5,4,5,5,5,2,4,5,4,2,5,2,2,3,
9729,4358,5001,5645,8341,4378,1566,5535,1061,808,8108,4014,9394,6715,1597,5311,9026,6979,72,1741,9037,3410,9631,4317,1118,3679,8161,7611,7658,8815,3957,2297,5759,---2,4,2,5,3,3,3,5,4,3,4,3,3,5,2,2,3,3,3,3,4,4,4,5,3,3,4,5,5,5,4,5,4,
1537,2179,9860,4103,4361,2955,7951,8082,1815,9329,301,5552,3443,1588,7862,2185,959,1218,1091,6980,5071,3283,3040,5755,998,111,4336,1393,9331,5183,1917,5887,---2,4,3,2,5,5,2,5,2,3,5,5,3,5,4,5,4,4,2,4,2,3,3,5,5,4,3,2,4,5,2,3,
6146,5035,9738,5762,4881,6293,1686,4894,4167,8669,9395,438,7997,9920,9668,70,7495,3788,5582,4819,5973,4055,5080,9594,9832,4201,8691,2537,1146,6780,---3,4,2,3,2,3,4,4,3,5,2,5,4,2,5,4,3,4,4,2,4,5,5,2,2,4,3,3,2,4,
8706,1416,2574,5392,5266,3735,5272,8902,1202,3761,3378,4403,7612,5437,7236,8774,5320,2249,4047,5712,4313,7304,5853,8546,8679,274,9021,3952,6898,1268,---4,3,3,4,2,2,5,4,4,4,2,2,2,5,4,3,3,4,3,3,3,5,5,3,5,4,4,5,2,2,
9989,2069,7708,1314,8995,5805,7220,2106,1723,188,4798,2623,6597,1614,8912,2389,7511,2139,8157,4830,9439,1509,9318,124,6005,7415,6393,9340,125,---5,5,2,2,5,2,4,5,2,5,5,5,3,2,4,2,3,3,3,3,5,4,5,2,3,5,3,3,5,
4352,1152,1797,8345,6297,4250,5531,2974,928,1307,1706,1969,7090,3998,7739,7743,6080,2633,3063,460,7501,8528,8273,7649,3554,5733,7657,1015,1578,---3,2,4,3,5,2,4,3,4,3,5,4,3,2,2,5,5,5,3,5,5,5,4,5,2,4,5,2,3,
8962,7557,1801,6155,7436,5909,155,9116,1435,2468,3623,1070,2100,1848,6452,1215,9032,6219,591,5329,9556,6366,6993,3564,5617,3572,7797,7035,---4,3,5,4,4,4,4,5,4,2,3,5,4,5,2,5,2,5,2,2,5,4,4,3,5,2,4,2,
7172,7687,3464,3342,7957,7834,2718,42,3756,3375,1267,1334,9333,8640,7491,8903,1229,3534,4943,995,3542,9050,6750,6367,4963,3571,3444,2805,---2,3,2,3,5,3,3,4,5,3,3,3,2,3,5,5,3,5,4,5,4,3,3,4,4,4,4,2,
4,3467,5004,4110,1296,2968,7331,5156,8998,1581,7089,2482,9011,5557,3254,4026,6467,5960,4042,9685,7897,3674,2525,8032,7846,9851,1916,---5,2,3,4,5,4,3,2,4,4,4,4,4,3,2,5,2,4,4,4,2,5,5,3,5,3,2,
3972,8087,9743,4501,407,4100,2970,5407,4256,7665,4082,4536,6981,3153,6612,5845,9048,6494,4325,6628,1894,614,7912,8687,753,8306,7548,---3,3,4,5,3,3,3,2,3,3,2,4,3,5,4,2,4,2,3,5,5,3,4,3,3,5,3,
1536,3971,3084,5263,9242,2461,3359,675,2982,1607,4659,8119,5434,3778,5063,9160,1609,5714,5587,8276,2518,9442,4451,494,8915,118,7671,---5,2,2,5,2,4,3,3,5,4,2,2,2,3,4,4,4,2,3,5,4,2,5,5,3,4,3,
2689,1159,6157,7694,2183,413,5162,4523,2993,4407,8511,4290,583,2638,2255,9985,7524,3420,9181,3934,5730,1252,4585,5356,6896,4471,3193,---5,4,4,4,2,3,3,4,3,5,4,5,4,5,5,3,4,4,3,5,4,4,2,2,3,4,2,
6272,9601,3846,897,925,8096,36,8742,6959,3250,8247,2617,5821,9162,205,3154,6611,2900,7255,5208,3108,9310,8801,2049,6249,2293,1278,---5,3,4,4,3,2,3,3,5,4,3,5,3,2,5,2,5,4,2,4,2,5,4,5,5,4,3,
9984,8963,6921,7820,6893,7702,4379,6301,9121,5155,9392,5041,4665,9499,2246,8505,8920,9562,3932,4191,8929,1127,7917,6073,2167,8314,---5,2,3,3,4,3,5,4,4,4,5,2,3,5,2,5,4,5,4,2,5,2,5,5,3,3,
3075,2754,5592,7571,6807,6430,9768,5290,9772,2334,6838,2882,6086,7496,969,5067,2904,5340,8541,8423,3954,1780,3318,7159,5116,5501,---4,2,5,3,2,3,2,5,3,3,3,5,2,5,5,2,3,3,3,5,2,2,3,4,2,4,
4869,9478,913,5394,5395,1045,157,7335,4786,693,9912,322,1476,1398,326,6215,5832,8011,207,4183,4444,5485,9582,4466,3190,1403,---5,2,5,2,2,5,4,3,2,2,2,4,4,4,4,3,2,3,4,4,5,2,2,3,2,5,
3200,9609,9482,2316,2831,6933,5538,6442,4524,1454,2738,6710,2747,8520,4300,5197,9937,6610,6749,6629,3431,7401,7148,6897,4596,8830,---2,2,2,2,3,3,3,2,4,3,2,5,3,4,3,4,3,2,2,4,5,3,4,3,3,4,
256,7041,5891,9097,1804,8337,7315,6982,8342,3100,2719,5793,5797,137,5818,2885,5958,713,2002,1751,570,4454,6506,1903,3581,---4,2,3,2,5,3,5,5,5,5,5,4,4,5,2,5,3,2,2,4,5,2,3,2,3,
1048,788,4504,7205,9894,2600,7595,1073,9663,6368,706,8006,1105,5330,3924,9431,4184,217,733,606,7136,6882,5732,1898,1534,---4,3,4,3,3,2,4,3,4,5,4,3,3,3,5,5,4,2,2,5,3,4,2,3,2,
4237,7823,5654,5276,9758,416,3883,2860,3766,68,2766,8824,6996,5207,1627,4957,8034,7661,9070,498,7283,5877,4343,3576,1019,---2,3,4,5,4,3,5,2,5,4,2,2,2,2,5,2,4,4,4,5,5,4,2,2,4,
2944,7510,5765,6406,6408,3085,6159,8853,1049,8197,9004,8495,6969,7372,6868,2390,6497,3430,359,7913,2667,2927,2163,7160,3477,---4,4,3,2,4,5,3,4,5,5,4,3,5,3,4,2,2,5,2,5,2,2,2,3,2,
3332,263,5128,152,3737,2210,5924,2470,2601,519,6319,1586,3639,3772,8768,8759,6480,1370,7010,4067,5224,5227,7533,8046,9074,---2,4,2,2,3,5,2,2,4,2,2,2,2,5,5,4,2,3,4,4,5,3,5,4,3,
7667,4371,5273,2969,923,6688,673,5019,6576,1011,66,3912,6731,3413,8153,2276,5093,9195,2352,1043,9721,5498,9467,8115,5375,---4,4,2,4,2,3,4,5,5,5,2,2,4,5,2,2,3,4,3,2,2,5,2,4,2,
6187,2700,9486,2964,5663,7328,7201,7723,2096,1342,2370,3272,980,9175,6744,3296,3174,3452,8812,8302,3825,8185,3708,7550,---5,4,4,5,4,2,2,5,2,5,5,2,2,4,2,3,2,3,2,2,2,2,2,2,
9349,1415,2696,912,8081,7317,3223,5661,6941,158,4893,1200,8629,5433,5563,9276,9405,587,7508,4951,3806,4342,4088,121,---4,3,5,4,3,3,4,5,3,2,4,5,4,5,5,2,5,2,2,4,2,3,4,5,
8961,8326,391,5362,7955,2965,3229,4772,936,8233,2605,3770,1477,2893,1106,3030,5722,480,8043,6255,754,122,6523,7549,---4,3,3,4,5,2,5,3,2,3,4,2,3,5,2,3,3,5,2,2,3,2,2,4,
9358,9645,5912,2462,8607,3244,3885,8947,826,7583,8383,2752,961,7752,8649,458,3419,2411,4076,365,9840,7411,8767,4348,---4,2,3,2,3,2,4,2,4,5,3,2,2,2,4,5,5,3,5,3,5,2,4,3,
3716,2953,398,911,22,3746,4773,1582,9138,1078,191,6178,1988,9677,8024,1497,4699,2526,2656,1388,1139,1013,9978,---5,5,4,3,4,5,2,5,2,5,2,3,2,5,5,2,5,2,2,4,2,2,4,
9355,8332,6338,8726,6679,9881,2203,6559,3232,6440,4021,8501,4162,5578,5459,6357,470,2012,9452,6512,8820,1273,5371,---2,5,4,4,2,5,3,2,3,5,4,2,3,2,2,5,5,3,5,5,5,2,3,
3843,2567,5131,6546,536,5785,4636,423,9897,8327,7666,7855,9526,6202,3794,7130,1884,741,3942,1382,3817,7410,3070,---2,4,3,4,4,4,2,5,5,2,4,5,2,5,4,2,5,5,2,3,5,3,3,
4483,393,1807,4373,9754,2459,1823,9692,8818,446,4032,8897,5188,476,4702,2533,7276,8173,2158,8177,7282,9588,892,---5,5,5,3,2,2,4,2,3,5,2,5,5,2,4,4,5,5,4,4,4,3,2,
130,3081,5386,4866,1809,787,661,7709,2592,6696,7083,4909,9914,6076,65,329,7636,8280,8678,5484,3240,7922,8438,---5,3,3,2,5,3,4,4,5,2,5,3,2,2,5,3,3,4,3,3,2,2,4,
6656,2947,8583,6927,1688,1562,9501,4005,2951,8494,5163,2099,3385,62,3020,8377,2654,5285,608,6370,740,5869,8689,4859,6397,3711,---2,3,4,2,4,4,3,5,3,4,3,2,3,2,3,5,2,5,2,5,2,5,3,3,3,2,
5635,3718,1547,7190,7968,3364,677,1068,8368,4530,8888,5049,6774,3657,4691,5087,9056,7406,4594,6516,1397,9078,---5,2,2,4,2,4,2,3,5,4,2,5,4,5,2,5,4,2,2,3,5,3,
6664,144,4884,3236,4263,4907,4396,8367,9655,3001,3263,6592,8773,5065,7643,5471,9570,8555,5612,9590,250,5374,---4,4,5,3,5,3,2,5,3,4,4,4,2,3,4,5,5,4,4,5,4,3,
6528,5504,9987,6407,6403,4633,554,435,7646,7735,1725,7359,3650,5572,7366,5309,7262,225,994,104,6639,502,---5,3,3,3,5,5,4,3,2,5,4,3,5,2,3,5,5,4,4,4,4,3,
1671,6409,2713,3996,6816,4131,1963,2351,1721,573,1855,835,6724,710,4808,9292,5923,6359,5081,4315,3313,8061,---2,5,5,3,3,2,4,5,2,2,5,3,2,5,4,2,2,2,4,3,3,3,
1410,3853,3599,272,657,2578,9623,3743,1821,8222,3871,1959,5676,8242,4639,8122,6203,3260,5579,3280,8080,8041,---2,3,5,4,5,5,4,3,3,4,3,5,2,5,4,5,2,4,4,2,3,4,
6414,8854,4505,8986,2502,8113,6447,561,8755,5172,5939,8262,9936,5076,5206,1957,3812,8422,7788,5744,5361,372,---2,5,5,2,4,4,4,5,4,3,3,5,5,2,4,4,2,5,4,5,4,3,
8199,6412,1684,2837,8730,5534,2220,4405,1466,5181,4670,319,9809,739,8408,7395,618,5236,9974,631,3064,767,---2,5,4,3,2,2,3,3,4,4,3,4,2,3,3,3,3,4,3,2,4,5,
4097,7426,643,3720,2187,8717,5269,5657,4255,2471,3499,8131,5316,8135,463,2147,231,4205,9198,5747,6781,4223,---4,3,2,5,4,5,3,3,2,2,3,5,2,5,2,4,2,5,5,3,3,4,
1923,1033,9493,4374,8219,8991,6820,558,4400,8625,9782,4027,5308,4029,8521,7498,9935,6742,2653,742,2151,6388,---4,4,4,2,2,4,4,2,5,4,3,4,5,4,4,4,2,2,4,4,4,5,
5632,3457,7939,6543,6931,37,6567,3243,7983,4529,574,8524,467,6484,1880,3804,3041,7523,4329,4202,7059,9972,---2,3,4,4,5,5,2,5,2,5,2,3,5,2,2,3,3,2,4,4,3,2,
4384,7617,6818,2563,1095,7653,3591,6924,9927,9484,1154,9263,8048,9304,1859,8760,940,3468,1755,3742,2469,---4,5,4,4,2,4,3,3,2,3,5,2,3,5,2,2,4,5,4,5,2,
2241,5954,8836,5796,5994,2957,2153,7818,1508,9933,527,3888,2737,5554,7843,8693,7350,6265,6011,8572,61,---3,5,5,4,5,3,3,4,3,4,5,2,5,3,2,3,3,5,4,2,5,
5698,9379,1861,9222,860,5416,9065,4106,459,2918,8078,4463,5584,2344,8018,7156,1230,4664,2779,9611,5119,---4,2,5,5,5,4,5,3,3,2,3,4,2,2,4,4,2,3,5,2,5,
8130,3265,9090,9003,871,8559,3947,3459,3277,5199,3984,4642,5054,8089,3769,2650,7003,7836,8317,3027,1843,---2,4,4,2,5,4,4,3,3,5,5,2,2,3,5,3,3,2,3,2,3,
2337,8738,8515,5028,5,7880,8906,4204,7598,8655,1392,2595,4467,2773,3077,3672,8132,4156,4330,3486,159,---5,4,2,3,2,3,3,2,2,2,2,3,4,3,3,5,5,5,5,5,2,
7376,457,2596,585,6538,823,5324,3789,5550,1709,7952,5847,341,8525,1399,7890,537,1490,8924,1213,1150,---5,5,2,3,3,2,3,3,5,2,5,3,2,5,2,3,3,2,3,5,4,
8975,4641,8866,9507,4678,9416,4841,2122,45,189,7312,7400,5866,8181,600,7706,3035,8083,9565,8158,1471,---3,5,4,2,2,3,5,4,2,3,2,2,2,2,5,2,5,4,2,3,4,
5248,224,3106,9475,1046,7847,2056,9449,1802,6923,1575,5890,6263,6607,1361,7926,4331,3577,9055,849,4447,---3,2,3,3,4,2,4,5,5,4,4,3,5,3,3,2,2,4,3,3,4,
2145,142,5893,5574,9255,4488,7241,6443,8044,3181,6638,813,8560,6865,5010,4942,1877,6649,4793,4175,5173,---3,3,2,3,4,3,3,4,2,3,3,4,5,4,3,3,4,4,3,5,2,
4481,6786,9347,2694,2569,9610,5144,6819,8110,2610,819,2997,6217,1852,5705,5327,8785,6358,4189,993,2661,872,3689,---5,2,5,5,5,4,2,5,4,5,4,4,2,4,2,4,2,2,5,5,4,2,4,
9441,6850,1828,1191,2985,2224,3916,9458,1744,7217,1473,8147,5492,5781,9302,3961,7593,7673,9468,7486,---4,2,3,2,4,2,3,4,4,5,4,2,3,5,5,5,2,3,3,2,
4288,8577,9250,8195,2887,6057,2603,3540,3533,5166,7887,9456,1907,9396,4469,7830,7202,2296,9012,6669,---2,3,4,4,2,2,5,3,5,3,3,2,3,3,3,2,2,2,2,4,
2464,4737,6660,7877,3592,426,7563,9966,3133,4560,1171,5422,1942,8695,824,2558,3069,2300,8989,3466,---5,2,4,2,4,3,3,4,5,3,3,5,4,2,3,2,4,3,5,3,
3611,801,6245,2627,2788,9846,1832,4905,2251,9804,8301,6589,2371,7254,2489,6540,3439,7644,1149,7139,---3,3,5,2,3,5,2,2,4,5,4,4,4,3,2,3,5,3,5,2,
6849,9506,2243,8465,839,1704,5097,7306,1703,8684,6705,9891,9015,7225,8567,888,1209,9563,3068,5726,---3,4,4,3,5,4,4,5,3,2,3,3,4,3,5,3,2,5,2,2,
2473,2659,4612,4229,9185,9417,1034,3116,6738,110,8719,3120,5426,3860,887,7448,6852,8282,271,8895,---2,3,4,3,2,2,2,5,5,3,4,2,3,3,4,3,5,4,2,3,
4715,3463,3724,8334,4367,5651,5653,5659,3615,6436,3749,2214,6457,8506,9403,4285,1643,5965,1871,6869,6617,5723,7645,5947,8937,5355,2684,---4,4,3,2,2,4,4,5,4,5,2,2,5,3,3,5,2,2,2,4,4,5,5,2,2,3,5,
4100,9356,8467,8345,1307,9244,3998,5407,7976,8877,7090,9146,7739,9539,9341,5969,212,4539,9961,1004,9839,3953,9714,2548,7927,1533,---3,2,3,3,3,3,2,2,4,5,3,5,2,3,4,4,2,4,3,2,3,4,2,3,3,5,
2496,2018,6371,4324,5029,5127,3215,7344,7857,5987,7998,9853,3416,5060,1978,2811,5885,3268,5247,---4,3,4,2,5,2,4,2,4,2,3,3,3,5,5,4,5,2,5,
1088,2912,1156,2148,6181,842,9643,1548,2990,2512,881,9106,8307,8628,6103,2040,2265,2588,2781,---3,4,2,3,3,3,2,5,3,4,2,5,2,4,5,3,4,4,2,
2124,9793,5323,3045,1000,7625,4298,9483,396,7342,560,2976,4611,7380,3893,6714,187,8245,3621,---3,3,3,4,2,4,5,5,5,4,4,2,5,3,2,3,4,4,3,
5570,6129,6355,3046,6919,1352,3427,3047,9362,2830,7362,4657,2802,6643,1461,1928,817,5084,6077,---4,2,2,5,5,3,5,3,2,5,5,5,2,4,4,4,4,2,5,
5121,7675,7109,7270,4296,7785,4955,9163,8622,1295,5268,2137,4919,2200,2164,7194,6619,6396,7302,---2,4,3,2,3,2,5,3,3,4,5,5,2,2,5,2,4,3,4,
8019,6145,8227,2353,3111,6312,1962,4427,2732,5581,14,4621,6385,5075,1433,9785,6170,2268,639,---2,3,2,4,3,3,2,4,2,4,5,2,4,5,2,2,3,5,4,
6978,6211,6859,3242,75,9196,2914,8782,7791,3512,6613,6134,4345,3224,857,7418,2906,5406,6997,---4,5,5,2,3,2,4,2,5,5,4,2,3,5,4,4,3,2,5,
1760,8481,866,3529,9605,5319,2761,1390,6032,7953,594,2328,3062,6423,6072,9849,5980,6717,3550,---2,4,4,3,2,3,2,5,4,2,5,2,4,3,2,5,4,4,4,
3297,6947,3653,6022,4321,1992,2218,4782,3760,5105,9518,1365,7351,4753,2182,4752,4122,6302,8927,---3,3,4,4,4,5,4,5,4,4,5,5,2,2,4,4,2,3,4,
246,6148,950,8966,3505,7529,5419,2924,5425,92,9297,2229,6006,9161,6362,3291,412,5918,53,---5,5,4,4,4,3,4,2,4,3,5,3,3,5,2,2,3,5,3,
5985,4514,571,7175,1387,5387,2701,719,2111,8051,1781,3551,7096,1337,5402,1147,6844,8606,9727,---4,2,5,4,5,2,4,4,3,4,3,5,4,2,3,4,4,3,4,
9888,1115,7396,5051,4305,2024,2857,5003,204,1453,3214,941,3176,5331,4503,7012,8799,94,383,---2,5,3,3,2,2,2,3,2,2,5,2,5,4,2,3,2,3,5,
992,6018,9571,5174,7782,1319,3914,6380,4334,2191,176,9465,221,7075,2646,2807,2233,2907,3146,---2,2,5,2,3,2,3,3,2,2,2,5,5,2,2,2,3,4,3,
5919,5008,4994,667,7509,1767,8200,3049,3143,5502,4144,2225,9339,6773,5336,3738,3803,3905,2431,---5,4,5,2,5,4,5,4,2,3,5,5,5,5,5,5,5,3,4,
9934,2891,6375,8136,5500,8330,6135,526,495,6204,7125,9558,4215,4344,6329,9178,3067,3228,6045,---4,2,5,5,4,3,3,3,2,5,3,4,4,5,4,4,3,4,4,
9376,7553,652,1571,2052,3686,4297,9612,5271,3308,781,4206,3951,9421,7319,4025,4282,363,893,---5,4,2,4,5,3,5,2,5,4,5,3,4,2,4,2,4,2,5,
0,4987,262,4166,2683,9096,5228,3915,1452,2413,6862,1167,688,6994,3796,981,6004,7759,5117,---2,2,4,4,2,3,4,3,3,4,3,3,2,4,5,3,4,4,4,
929,8932,838,8518,7783,5448,7881,3850,5383,3165,5328,2416,6291,1909,4854,2575,9533,7038,7637,---5,5,4,2,2,4,2,4,2,2,3,2,4,5,5,5,3,2,4,
4001,386,8067,2854,3399,5161,8139,7308,333,7470,2639,4465,5746,4276,982,4952,9018,1211,4383,---3,3,2,5,2,5,3,3,3,2,4,2,2,2,5,3,5,4,5,
256,5694,4452,8342,2321,5865,4318,1804,9773,7407,4848,9489,6389,5302,2936,3876,7258,27,3994,2494,1759,---4,4,4,5,2,4,5,5,3,3,2,2,3,4,4,5,5,2,2,5,2,
1728,8609,9698,5507,9998,2630,3585,5802,8237,8206,9393,7187,4116,8437,3286,9144,6556,8766,---5,5,5,2,5,4,2,2,2,4,2,3,3,4,5,2,4,2,
7536,2917,4007,938,8459,8240,2254,2383,9104,7698,6548,7118,5110,5729,351,9724,5470,6645,---5,5,4,2,3,3,2,2,2,3,4,5,4,2,4,3,5,3,
5667,7780,2245,9020,1738,1005,7854,9007,2384,8202,7795,4213,2966,9497,8762,6415,3036,797,---5,2,5,5,4,2,2,3,5,5,5,3,5,5,3,3,2,5,
5780,9953,9412,9833,4522,8985,8463,9009,6162,4980,1081,8150,3671,3865,6591,2026,9790,4415,---4,4,5,5,3,3,4,4,3,4,3,4,5,3,4,3,3,2,
8384,7883,837,649,2506,9291,4844,3341,6958,8783,3148,5299,8309,3832,313,507,1630,1381,---5,5,4,2,5,2,3,2,2,3,5,2,4,5,5,4,2,4,
4050,6177,4107,2852,1285,5889,9736,8329,2347,3053,5867,1007,4448,8402,1219,2219,1496,9885,---3,4,2,5,3,3,4,2,2,4,5,5,4,4,3,4,3,3,
7579,8869,327,3400,5148,106,4939,5260,7473,5358,1839,305,8085,6792,7867,4476,510,933,---3,3,4,3,5,4,3,2,2,3,5,3,2,3,5,5,3,3,
192,7841,1474,9348,9545,1162,7243,6946,9359,7696,1107,6100,4661,8794,4575,4157,9374,7263,---3,3,3,3,5,3,5,5,2,4,4,2,2,5,2,5,4,2,
7809,5475,8454,8145,9117,6698,6028,8143,4721,8434,8179,6932,8094,3898,9691,6426,7070,863,---2,5,5,4,4,5,3,2,5,2,5,2,2,3,4,3,2,2,
2848,5664,7527,7652,7152,7911,1032,905,6635,3404,7853,9360,9970,8405,9753,836,2458,4762,---4,5,5,4,2,3,5,4,4,4,5,5,4,2,4,2,5,3,
9280,2146,6147,4932,5641,8106,1996,9651,5949,4977,5875,6132,3253,6806,2460,9500,9834,4958,---5,2,4,5,5,2,5,5,4,3,4,5,4,3,5,3,5,4,
80,963,6785,5852,9326,6156,8205,9134,2669,944,9488,4595,9300,6229,4022,5180,9182,9653,---4,2,2,2,5,2,5,5,3,2,3,3,2,3,4,3,2,4,
1837,2310,9544,8713,4744,9132,1773,7054,7247,2864,5297,1554,1331,4761,9423,8380,4158,5727,---2,4,2,5,2,3,3,3,3,5,5,2,2,3,4,3,5,5,
4716,9884,6948,6693,6598,5159,7497,9644,4366,1103,1104,2161,7827,1174,7256,8601,9190,4127,---3,2,5,5,5,2,2,3,5,2,2,5,2,5,5,4,4,3,
512,1665,2373,9830,8806,2940,3530,7213,4142,3028,7024,5970,4275,3520,4537,3002,3776,3923,---5,5,5,3,2,4,5,3,5,2,5,2,4,4,5,5,2,3,
2981,7138,3523,389,3974,5640,4010,6252,1647,1456,6609,7737,5178,2239,3676,874,7546,3231,---4,2,3,5,3,2,5,5,2,5,5,2,2,2,5,2,2,5,
4353,2722,4390,4998,6193,6889,7722,7295,8930,465,5298,8770,4150,6940,6687,8444,2986,3807,---4,5,4,3,2,4,5,4,2,5,4,2,5,3,3,2,4,3,
7431,4579,7972,1094,4999,8424,7166,2663,9903,7984,4259,2836,8565,6872,1845,7132,5310,6485,---3,5,4,2,2,5,2,2,4,2,2,5,2,4,3,3,2,4,
9954,6315,8549,2758,2535,8392,1289,2475,760,1679,4945,5650,3891,9780,4757,9112,2877,8031,---4,4,2,3,4,3,3,4,2,3,4,5,5,2,2,3,4,3,
5088,4128,3275,8837,9704,5768,8235,7724,8788,3336,1394,724,7669,1463,5753,3930,7131,7134,---4,2,4,2,2,2,3,4,3,5,5,4,2,2,2,2,3,4,
9666,5275,6063,2791,6569,1835,4719,3407,1329,947,1716,2755,1193,6324,8123,4732,3613,4063,---5,3,4,3,4,4,2,2,2,5,3,4,2,4,4,5,3,3,
2336,417,8834,8804,7200,6344,1036,1412,203,1427,9965,7184,5043,2998,3833,1432,4356,9371,---3,2,5,4,3,5,2,2,5,3,5,4,2,2,5,5,5,4,
288,4802,9461,105,3324,5483,7084,9391,9681,5620,885,6070,7029,916,1754,2075,508,3221,---5,2,3,2,5,3,3,2,3,3,5,3,5,5,5,2,4,5,
4640,9986,6691,1158,9193,2509,7822,2221,5456,7538,7555,269,5966,4824,5460,9583,6421,---3,3,2,2,2,4,5,4,5,3,3,2,2,5,5,2,3,
2048,7777,630,6631,7660,9709,2030,2256,785,7476,8949,8086,663,3608,9053,126,2325,---2,5,3,2,3,3,2,5,4,3,5,2,3,4,3,5,4,
4961,8075,7045,9127,8587,7150,1711,9712,3441,3892,5876,5430,1016,5108,3258,6511,2302,---4,2,2,3,3,4,5,2,4,4,5,5,2,4,4,4,5,
1984,2529,8739,4804,6917,4040,6986,2318,5811,659,8639,2806,9369,3578,7259,7036,3775,---2,3,3,3,3,2,2,5,5,3,4,3,3,5,5,4,5,
1248,9057,2,2948,997,7686,8652,9964,5262,7215,1747,4593,1746,3347,2358,8667,9068,---4,4,3,2,4,4,4,2,3,2,4,5,5,2,5,2,5,
3594,3844,3495,6983,1097,6186,9547,5648,7352,2803,1941,150,4663,8152,8636,6365,5365,---2,4,5,3,2,5,3,2,4,5,2,5,2,4,5,2,2,
5120,5325,2338,7339,9221,230,743,8968,8553,9419,7117,4623,4016,5842,3605,5225,7736,---3,3,3,4,5,2,2,3,3,4,2,4,5,2,3,5,2,
5408,9979,2195,2629,5721,8391,2508,1293,9710,3025,3186,5619,2679,8697,2874,4731,1798,---3,2,2,4,3,3,2,3,2,2,5,5,5,3,3,3,4,
3521,1026,4291,7589,8775,7080,1084,8267,8397,8533,3862,7832,9628,3292,2301,1054,8965,---5,5,5,5,3,4,5,5,5,5,5,4,2,3,4,2,5,
384,9766,1028,8358,5766,232,4619,2000,5112,6046,4278,8313,7800,6425,2102,5085,7390,---3,5,4,2,3,4,3,5,5,2,5,4,4,4,4,4,5,
2307,6340,3656,2378,2668,5453,6061,3600,5265,8946,7299,3316,6805,1935,4311,6235,1322,---2,3,4,3,4,3,3,2,4,2,2,5,3,2,2,5,3,
3938,879,2726,1425,3145,3979,5229,8447,721,2483,6676,8841,7928,9561,3967,1790,6015,---3,4,5,5,5,5,4,2,3,3,3,3,2,2,4,5,4,
1761,8386,5252,2273,4748,8097,9614,2322,2291,2356,5141,4887,9889,5754,6875,8154,8670,---2,2,4,4,4,4,5,3,4,4,3,4,2,4,5,2,3,
7680,3024,2016,198,5953,8104,6284,6890,7632,5389,4302,9808,5428,6839,4057,2172,1076,---4,2,2,4,4,3,2,4,3,5,2,5,5,2,3,3,5,
9537,7330,3782,8615,1001,9322,2028,2829,6158,7087,2642,9598,3637,6455,9660,5532,2942,---3,4,4,3,3,3,4,2,5,2,2,3,3,5,4,3,2,
6369,962,3875,4747,3818,6475,8430,6909,3959,8244,7221,9878,8951,7162,1151,2493,4799,---3,5,4,5,5,3,4,3,2,2,3,5,5,5,3,3,3,
4289,1634,1444,4815,8137,6542,8492,5646,7151,7439,6846,1814,4858,7099,8732,9470,2655,---5,2,2,3,2,2,5,3,2,3,5,4,5,2,3,3,3,
5200,8675,598,9479,4566,3497,7979,8716,685,307,4240,4338,3731,9750,9975,8620,6539,---5,5,2,2,2,4,3,2,2,3,4,2,5,4,3,3,5,
7394,4099,6372,9350,8426,7703,6563,4558,9647,4624,3987,4308,1653,5303,4426,765,8703,---2,2,4,2,3,2,4,3,4,4,3,4,2,2,3,4,4,
4248,2086,5290,433,6718,2368,4038,969,9930,5067,718,8407,2904,9817,4837,5116,1262,9455,6387,7159,2299,764,---2,4,5,2,5,3,5,5,5,2,5,5,3,2,5,2,4,3,2,4,3,3,
7554,2884,1733,1031,8668,2873,7755,1874,8856,7410,9365,2775,6776,4921,4314,7260,4671,---3,2,4,5,4,3,3,5,4,3,2,3,5,2,2,5,3,
5216,9698,803,4964,9996,2690,2062,1133,112,4849,4883,3700,6453,3705,376,9316,2079,---5,5,4,5,2,3,2,5,3,4,5,4,2,4,3,3,5,
160,4674,2426,7461,2822,2538,471,173,5006,418,1972,5205,5142,7991,2490,3066,---5,4,4,2,4,4,2,5,4,5,5,4,5,3,3,3,
8228,6789,1638,8360,8425,8382,9648,5000,4498,7859,8821,9636,4730,8797,1470,9717,---3,2,3,2,3,5,2,3,3,2,5,2,2,2,2,5,
5312,2960,3651,8105,4074,8651,5935,976,946,4019,6550,1993,6313,5647,6173,6078,---2,4,5,3,4,5,2,5,5,2,3,3,3,2,2,4,
7681,4034,6851,2742,3815,7432,9289,5738,3436,9810,373,886,3895,8828,4897,6783,---3,4,4,5,5,4,4,4,5,5,3,3,2,3,5,3,
9600,7937,3973,4647,1673,3593,6892,6574,6128,8531,3632,7385,3928,6169,5243,3933,---5,5,5,2,2,5,2,2,4,3,2,3,5,3,2,3,
4064,289,7619,1764,2406,5505,6125,1966,2481,7378,4758,282,6140,314,478,7999,---4,2,3,2,5,5,3,2,5,5,2,4,5,3,3,4,
3712,4307,1657,5546,5655,7469,7219,9428,2452,9911,5560,25,1530,3549,9822,4853,---5,2,5,5,3,2,5,5,5,2,2,5,3,2,2,5,
6464,3136,4323,9607,8491,6220,8589,8269,3377,9266,6419,6136,1851,2140,8370,5439,---5,5,2,3,4,2,2,2,2,3,5,4,4,2,4,4,
6306,4644,9382,454,4072,2762,8482,2733,6024,4610,7124,3894,966,2905,7007,1128,---5,5,3,2,4,5,5,3,3,2,4,3,5,4,5,5,
7745,8643,3334,5031,6410,3470,5616,8723,5458,4755,7989,3510,1687,4698,380,5904,---5,4,3,2,5,5,4,5,3,3,2,4,2,4,2,3,
7936,8705,6883,4421,7655,490,1071,4928,1745,402,1878,9752,5850,5339,762,8414,---3,2,4,3,5,5,4,5,4,4,5,3,2,5,5,4,
6274,6038,294,7313,3246,541,5936,6577,5926,6870,6167,3448,2038,6335,3677,3141,---5,3,5,4,4,3,4,5,5,4,2,4,2,2,4,2,
5007,7942,7435,9388,2994,8526,1421,3346,5491,6581,9334,5463,1439,7069,5246,1311,---4,2,4,4,3,3,2,4,2,5,2,2,4,3,4,5,
1601,3,296,7753,4650,1101,8557,5042,4532,9718,1239,4024,6905,6491,4948,2799,---5,4,5,2,3,2,5,2,3,3,4,4,5,2,3,3,
6402,8291,8901,5671,3752,6428,9143,8685,8284,6290,73,4570,5855,9852,1853,8069,---5,3,3,4,5,2,2,4,4,4,4,3,2,2,3,4,
4609,6347,3620,9606,6854,1320,4489,8331,1136,9288,6966,169,5466,8443,7197,4030,---5,5,5,4,3,2,4,5,2,4,4,4,5,4,3,2,
9729,5896,3225,4378,8815,5535,6821,4273,808,3241,7601,6979,9037,6221,8530,7123,1118,3679,4705,1512,7658,8303,9083,6014,4095,---2,4,2,3,5,5,3,5,3,2,2,3,4,2,2,3,3,3,3,4,5,2,2,3,5,
7136,6368,2658,9731,6244,1989,4388,1867,1035,7182,6560,6900,5400,217,6047,9151,3389,1534,4287,---3,5,3,3,4,3,2,4,3,3,5,3,3,2,3,4,2,2,5,
5824,9761,5851,6725,1300,9803,5292,9711,7544,7570,9620,6709,5686,3864,5849,5274,6079,6141,8223,---5,2,4,5,5,2,3,4,3,4,3,4,4,5,5,3,5,2,4,
8672,8288,5699,9062,870,6279,4361,5235,6093,3011,6325,1065,3544,5177,7485,2270,---2,2,2,3,5,5,5,3,4,2,4,5,4,2,2,3,
5410,4387,5477,840,7305,4778,9675,6541,4430,3728,7346,8686,8310,3689,7292,8543,---5,3,4,3,5,2,5,3,3,4,4,5,3,4,5,4,
6913,5091,2055,40,5801,3786,6572,78,239,8112,5523,8630,7483,5277,3390,---5,5,3,3,2,4,3,5,4,4,3,5,5,5,2,
3335,9671,5897,266,1335,6382,2001,4886,8441,7704,7321,9819,9436,241,7455,---5,3,5,4,3,4,2,5,2,2,4,2,4,4,2,
3266,4419,4006,3019,9548,3906,1304,3506,9086,3480,7450,2843,6268,5725,3038,---4,4,3,2,5,5,5,5,5,5,5,5,4,3,4,
9665,5346,9603,4709,7336,2440,6253,6704,1553,8850,5913,8025,3816,1246,2213,---2,4,2,3,3,3,4,5,2,4,5,4,2,5,4,
8353,6210,1699,7525,4134,4713,1770,2082,8591,6353,7971,8886,9059,6108,9290,---3,3,3,2,2,5,5,2,2,3,2,2,2,4,4,
8100,6309,4934,7466,909,6830,557,2032,6706,2675,1620,8858,6555,6266,7155,---5,5,4,5,5,3,3,3,3,2,4,3,3,5,5,
9440,6498,9187,1093,2421,2983,2602,2695,2287,2098,3251,4149,1207,9578,3685,---5,5,2,5,2,2,4,4,4,4,3,2,4,4,2,
161,3461,3239,6826,3563,9066,3000,2006,5338,7833,5978,4091,796,2909,6239,---5,5,4,3,3,2,3,3,3,3,5,2,3,5,4,
4224,539,4439,4931,5988,4265,7594,267,9335,2354,6486,8023,6779,3965,4479,---5,3,5,3,5,2,4,3,4,5,2,5,2,4,3,
7561,9602,8681,1445,4553,2314,8290,6658,6771,4117,2551,9016,9404,702,1695,---5,3,3,4,5,3,2,4,2,4,4,5,4,4,3,
9792,1056,633,8489,5482,172,7565,7280,8274,1555,3604,4085,7479,2380,7097,---2,5,3,3,5,2,5,3,5,5,2,2,5,5,4,
3328,4385,8647,9575,136,2345,2257,5963,6029,6286,6831,9745,8727,7161,479,---4,4,3,3,4,5,2,3,2,3,2,4,4,2,2,
8960,5344,4258,6668,5774,3537,5940,8270,3606,1271,4404,4188,7581,414,6175,---5,4,2,4,5,4,3,3,3,2,4,5,4,5,4,
7584,257,6756,7174,5830,4794,714,7373,942,4429,6675,3447,9625,2202,509,---4,2,4,4,4,2,2,3,2,2,4,2,5,4,2,
4996,6278,3722,1259,4270,1424,2072,3538,1491,5720,3492,6682,5499,4861,382,---4,3,2,3,4,5,4,3,3,4,4,5,2,2,5,
5856,9825,4706,5571,101,2439,488,1660,4077,303,6928,5154,9769,6972,4381,---4,2,3,3,4,3,5,4,3,4,4,2,2,2,2,
2691,517,9355,8726,9881,2203,6559,1057,9387,8881,2740,1341,6338,4686,5459,9166,470,6102,1498,5863,1778,8820,9593,---2,4,2,4,5,3,2,4,5,4,3,2,4,5,2,2,5,3,3,2,3,5,2,
3723,5134,3219,7061,2967,1562,2844,5285,4911,7606,8377,7358,3385,7135,3044,5996,5869,624,8689,3828,4859,8189,---5,3,5,4,2,4,4,5,2,5,5,4,3,4,2,2,5,3,3,5,3,3,
8576,5858,1768,1732,902,2438,4743,3304,7946,1932,7725,590,9608,5715,9218,2842,602,---3,2,4,3,3,4,2,3,5,4,3,2,2,4,5,5,2,
7233,163,7430,6887,7528,6337,1227,4140,4811,2872,3636,213,3224,7418,8381,1857,---2,2,2,5,5,2,3,4,3,5,2,5,5,4,4,2,
8891,7556,9637,3366,7399,3274,5005,4145,4277,7962,7515,5258,2590,3498,---3,2,4,4,2,2,2,2,3,2,2,3,2,3,
7044,6888,8844,4402,6920,1805,8880,9576,914,5908,5397,3161,8635,7196,---2,2,5,5,3,3,3,4,2,4,2,3,2,5,
8769,7586,7621,1254,1514,6530,4482,9298,3284,8569,7668,3706,2335,1663,---2,2,2,3,3,5,3,4,4,5,2,4,3,3,
3363,9159,4168,812,5835,1868,6318,4600,3147,2292,1270,7608,4089,2782,---4,2,3,4,2,2,4,5,3,5,2,5,2,5,
2560,5089,2019,2789,5382,1224,3178,8363,4332,2126,7440,2676,2071,601,---5,4,4,5,4,4,4,3,3,4,2,5,2,4,
9505,1830,2472,3838,9741,1358,47,1326,5421,311,5455,3837,3326,8863,---3,3,3,4,2,3,5,5,3,4,2,4,5,3,
1120,1633,9798,3949,5548,5708,5101,1549,8272,9361,7413,3183,1724,3518,---3,4,5,2,5,4,4,4,2,5,3,5,3,5,
8673,5251,7718,712,7209,5096,7901,6856,515,9908,252,2553,2428,5053,---5,3,4,3,4,3,2,4,2,2,4,3,5,4,
7938,4707,581,615,5673,906,5772,9873,2739,8534,4312,9338,2620,442,---5,5,2,2,4,4,2,3,3,2,3,3,2,3,
9473,3842,1572,2599,2282,9323,2194,7982,4495,9042,3958,3099,1418,2430,---2,2,5,3,3,3,2,3,4,2,5,3,5,5,
1952,3168,8163,4337,9962,1585,5741,5901,17,6197,343,5432,5050,9994,---4,3,5,2,2,4,2,2,2,2,4,3,2,4,
448,1488,6213,4170,8747,2188,589,366,6608,9202,6837,2007,7058,3872,---2,3,5,5,4,4,3,3,2,5,2,4,2,3,
5025,1730,6179,3975,6956,4738,2734,3151,6065,1155,565,5238,9084,8597,---3,3,2,3,5,3,4,3,3,2,3,2,4,2,
6336,8707,7110,9137,6828,653,5518,6547,8657,1763,2231,9530,5595,1692,---3,5,4,4,5,3,5,4,4,4,3,4,5,5,
6536,2727,8456,4924,9867,5486,1199,5233,9366,7375,4604,2045,8190,2943,---3,3,2,5,3,5,5,5,3,3,3,2,3,4,
8128,7490,7875,2853,6822,8354,9495,1784,8637,2193,9110,1333,3574,7959,3256,8411,4443,6908,8229,8098,---3,2,2,2,5,2,4,4,5,3,2,4,3,3,2,4,5,2,3,2,
960,3680,6027,2276,5093,6576,6657,2120,4843,7085,6688,1736,8153,83,7828,3413,6583,1529,3194,---3,5,5,2,3,5,3,3,5,5,3,5,2,2,3,5,5,2,3,
7904,5249,8280,9480,6633,3402,3575,1809,7922,3188,8438,2839,8120,3192,9914,3080,6590,5599,---2,5,4,3,3,3,5,5,2,2,4,4,3,5,2,5,4,3,
800,8003,979,561,6345,8986,8605,5744,7569,8579,8755,9813,5206,279,6010,1818,8862,6517,---4,2,3,5,4,2,4,5,4,5,4,3,4,2,4,2,3,4,
7424,1505,2178,389,3206,2177,4010,299,874,3790,8976,2391,8250,8059,4413,7326,3231,---5,5,3,5,5,3,5,5,2,2,3,4,5,5,3,2,5,
0,5153,834,2883,8618,4987,3747,8974,981,451,3662,345,7769,9114,9599,5117,7445,---2,2,3,4,5,2,5,4,3,2,5,3,2,3,5,4,3,
1889,9963,4842,3646,6637,5615,7859,5682,4851,6164,9749,4015,7582,1525,---5,2,2,3,2,4,2,3,4,5,5,5,4,3,
8715,9363,8042,1355,876,3725,9871,3824,5955,8580,2682,8990,1503,---5,4,2,3,4,4,3,4,4,5,3,3,5,
5728,3781,844,7821,9274,8084,9141,8214,4990,7449,4538,8477,5982,---2,4,5,5,3,3,5,2,4,2,2,5,4,
2283,5476,5605,1511,6183,4174,2222,81,6036,9550,3287,6553,4350,---3,3,3,3,2,4,4,4,2,5,5,3,2,
320,9733,199,7144,7689,9226,6161,9267,2484,7066,1083,1469,4735,---3,3,2,2,4,5,3,2,5,4,5,4,2,
8480,8578,325,2886,6034,6254,8432,6965,3634,1876,5301,7676,5503,---2,3,3,2,5,2,3,3,5,3,5,5,2,
6465,8387,6020,8838,2534,9129,2359,8088,6778,9343,3485,3134,7679,---4,5,2,2,4,5,5,5,5,4,4,5,2,
7297,9115,4742,513,2840,7310,3663,8720,977,8568,6777,9275,7004,---2,3,4,4,5,3,4,5,2,4,5,5,2,
1856,5056,3013,9126,7590,4264,8238,7503,3376,3698,8435,2463,8261,---3,3,3,2,3,3,3,3,2,4,4,4,4,
4675,8055,9033,6999,1324,2445,9551,8803,5027,6871,8079,3197,1182,---3,2,4,2,3,5,5,4,5,4,3,5,4,
3809,9763,8741,4102,4551,582,5549,4592,3985,2034,6039,9788,7141,---3,5,2,3,2,2,5,2,5,5,4,4,5,
7674,3813,3721,4301,3854,4176,2673,3826,8694,3386,3963,5149,2783,---5,2,4,3,5,4,3,2,2,5,4,4,3,
641,3779,5681,3166,1198,8592,7729,146,756,469,4281,572,2046,---4,5,2,3,3,2,5,3,4,4,5,4,4,
4194,7019,6052,2181,2519,9282,4978,4724,2804,3319,8772,9567,453,---2,3,4,2,5,4,2,4,3,4,3,2,5,
347,7237,5895,3273,9835,4493,7281,243,5588,5013,9816,7775,3583,---3,3,3,2,4,3,2,2,4,5,4,4,5,
4417,1541,5553,8297,6763,5932,5585,4818,5652,4694,1175,1964,8969,---3,3,3,3,2,3,3,3,5,3,5,5,5,
290,4975,8870,3462,8191,4872,748,300,8047,7878,145,1135,9279,---5,4,5,3,4,5,2,5,4,5,3,2,3,
9155,5540,1577,586,3159,8718,1650,691,4692,9943,9850,2652,778,---5,4,2,4,3,3,4,5,2,5,2,4,3,
6564,3654,616,6121,2795,5580,1938,9364,5751,440,2868,8349,6943,---2,3,4,2,5,5,5,4,3,3,2,3,5,
5186,7300,6653,1610,2572,5122,9774,559,3921,1912,955,3356,3901,---4,2,5,2,2,5,3,4,3,3,4,2,4,
9923,9988,4502,5639,2939,7285,2134,4121,1593,7487,1244,215,821,---3,3,5,2,3,2,4,2,4,5,4,5,5,
931,3396,9893,9094,8007,4105,2794,8839,5102,211,4363,8287,485,---2,3,3,3,2,2,5,4,4,4,2,3,5,
9281,9771,9990,8777,7115,2157,2159,6225,3730,7733,3033,4412,6333,---4,2,2,4,2,3,4,4,5,2,3,2,2,
5539,8389,2348,875,4236,6767,4847,7920,8466,6099,4983,9496,3003,---5,4,4,5,4,3,2,4,4,3,3,3,2,
5126,3980,4946,9454,8944,7026,4915,5332,7320,5210,2875,1308,9183,---4,2,4,3,4,2,3,2,2,3,3,4,2,
9217,2435,5892,6294,9865,3467,5004,5135,6467,534,7846,7089,9152,7235,455,5960,7626,2379,9554,3411,8040,1916,8428,6258,636,---3,3,3,3,3,2,3,4,2,2,5,4,3,3,3,4,3,4,2,3,3,2,5,3,3,
7048,2953,398,5016,3746,4773,7210,4913,1078,2825,7864,191,5447,5047,8656,6866,1497,4699,2526,8551,7915,1388,---5,5,4,4,5,2,4,2,5,2,5,2,3,2,2,5,2,5,2,5,5,4,
34,3897,6532,8485,2119,6300,5834,4695,7322,2253,6317,4049,2003,7412,9757,3383,2073,3802,5596,6570,---2,4,3,4,4,2,3,5,2,3,4,3,4,5,5,3,5,3,2,3,
1729,1762,7555,9546,4684,6509,462,269,1937,7538,4787,5460,3162,7835,9295,3626,---5,2,3,2,2,2,4,2,5,3,4,5,2,5,3,3,
6944,679,776,361,2581,8593,913,4466,6549,6614,1592,8281,3665,1662,693,---4,4,3,2,2,5,5,3,2,5,3,4,5,4,2,
4450,99,1319,7177,4874,8813,7341,6356,7865,9560,5369,3899,1020,---4,5,2,3,3,3,5,2,3,4,2,3,3,
2499,1092,4904,9225,5098,4143,9719,5752,7391,5693,958,5151,---4,4,5,5,2,4,3,3,4,3,3,3,
5675,2797,2963,4628,542,7894,1944,7514,6939,7452,9946,9054,---3,4,4,4,2,5,4,5,2,3,2,5,
3873,4294,873,7179,7021,4090,5522,5975,3609,1882,26,926,---2,2,2,4,3,2,2,5,3,3,5,5,
7520,1700,1189,6566,3211,6444,1840,6002,6328,4058,9723,8058,---4,2,4,4,3,3,2,3,5,2,5,4,
7744,2498,8677,6812,4925,4253,316,8873,9807,1532,6652,5631,---2,4,2,4,5,3,4,4,5,4,3,2,
9827,4870,6727,3785,4935,3405,3598,8632,3160,8729,8922,8955,---2,5,4,3,3,3,2,3,5,5,4,4,
3808,5600,5986,4197,8028,9775,7056,4310,6071,5372,4094,3845,---3,5,2,3,5,3,3,4,2,3,5,3,
9569,1250,4425,6122,5100,6104,3093,5559,7576,5789,7934,7167,---5,3,5,4,3,2,2,5,4,5,5,2,
8448,8289,1795,8964,5558,8746,2827,6478,437,3734,4823,2552,---5,3,2,5,2,5,4,4,3,4,4,4,
5512,5354,555,2702,3216,1905,818,6963,5879,9051,8700,829,---3,3,2,3,3,4,5,3,2,2,3,3,
7844,4807,4552,3751,4335,3474,2419,1236,7574,8663,9220,1183,---3,2,3,3,3,2,2,4,3,3,3,3,
9216,7945,4422,2343,9321,103,6732,6845,8688,4309,1111,8573,---4,2,3,4,2,3,3,5,2,3,2,2,
8608,9092,5062,9041,1641,8714,1515,3118,6417,9604,9596,5770,---5,3,5,3,4,2,3,5,2,4,3,3,
8001,7588,726,5798,201,2039,3125,5910,4457,7803,6332,4789,---5,5,4,4,2,2,5,2,5,3,3,4,
4193,1539,6150,6,3435,972,7002,2097,2867,8090,2716,669,---5,2,4,4,5,4,3,2,4,3,5,4,
3939,4676,9800,6863,2707,2708,9237,5974,4185,5626,1659,8373,---2,4,2,5,4,4,2,4,2,5,5,5,
736,1025,5064,8860,1869,4845,8336,168,9109,7640,4410,8508,---4,5,5,2,4,2,4,3,5,2,2,5,
4130,5828,3205,4199,1870,7377,6867,4181,2678,3546,8315,1279,---4,2,3,5,3,3,2,4,3,3,5,4,
544,1825,795,5608,1513,3370,3312,6224,7633,2258,6003,6395,---4,2,3,4,5,4,2,3,5,5,4,2,
6091,3301,3944,2409,1994,1099,9201,8118,6360,2136,3644,9022,---5,4,4,5,5,5,5,3,4,2,4,4,
9443,7204,9992,1362,8814,9424,850,3445,1080,3226,7771,1214,---3,2,4,2,2,5,4,2,3,2,5,2,
3840,9313,8994,9573,1606,7232,3630,7289,9208,9401,154,6427,---5,3,4,3,3,4,4,3,5,3,2,4,
5026,4164,3525,6728,3882,3023,9585,5586,1844,5719,6008,3327,---3,4,4,4,4,2,5,2,3,5,3,4,
8002,7269,6663,8460,6379,1887,6623,8410,1275,7837,7198,6655,---3,5,2,4,3,5,3,2,3,2,2,2,
9670,7050,4459,1580,7757,1902,7664,4210,8275,2487,8311,8253,---2,5,2,3,2,3,2,4,5,5,4,4,
9122,5412,2790,697,8876,4914,717,8017,9490,1305,8057,5602,---3,4,3,5,2,4,3,5,4,5,3,2,
8807,425,2476,1457,1522,2751,9430,6199,2744,4347,9149,3647,---3,5,2,4,4,4,2,2,4,4,4,5,
4992,7170,1669,1542,7562,1678,2192,9233,3091,9240,1561,3868,8304,935,1705,2479,48,7092,3127,3167,4542,5189,5318,7630,4432,4178,2645,5724,3293,8671,6499,8936,924,8231,1518,6384,4456,632,1658,1021,---5,4,2,2,3,3,2,4,3,4,3,4,2,3,5,4,5,5,4,5,3,3,5,4,5,5,2,5,2,2,4,5,4,4,2,4,2,5,2,2,
9984,8929,6690,6893,4580,4741,2984,6921,3050,7820,3245,3919,6644,7940,5527,1369,8314,9499,6301,4191,---5,5,4,4,2,4,3,3,5,3,4,5,4,5,2,3,3,5,4,2,
8192,2464,6259,6660,8695,9847,5804,3133,3119,4560,2579,1942,6743,3992,2298,2300,3069,3230,9759,---3,5,4,4,2,3,5,5,2,3,2,4,5,5,3,3,4,5,4,
4704,9058,9333,8918,520,8012,4943,4109,3534,3311,8626,3571,6836,7957,3542,9050,4527,7966,6367,---2,2,2,4,5,2,4,5,5,5,3,4,5,5,4,3,4,2,4,
9472,4923,6437,1832,4905,2251,6540,8496,7603,3380,5846,9976,5881,699,8091,---2,4,5,2,2,4,3,5,5,5,5,3,2,3,5,
1956,2918,5449,5930,5995,8941,6990,7597,2121,5604,860,2377,4959,---3,2,5,5,3,2,3,2,2,4,5,3,4,
3361,9521,2826,167,2636,9102,6352,8977,9172,2609,7065,---5,4,3,5,4,4,3,2,4,5,3,
2784,5083,9542,7077,8198,8045,9170,3139,7924,1919,6271,---5,3,5,5,3,5,3,3,3,5,5,
1860,8874,6988,5070,3570,7892,8021,5848,196,6683,2365,---4,4,5,4,4,3,3,4,3,2,3,
8674,1707,2405,2408,5291,4677,9177,4697,9855,9597,7423,---5,5,2,3,4,3,4,3,4,2,3,
4391,5223,1131,2447,1681,915,3156,8502,9887,7516,3103,---4,4,2,3,3,5,3,5,3,3,2,
832,3683,261,6095,5360,2033,4434,403,1367,9017,7357,---2,4,3,2,4,4,5,4,3,4,5,
737,5794,7403,5413,651,6926,5489,4820,1237,7639,6587,---5,4,5,4,4,2,5,4,3,2,4,
2724,2570,3596,3034,5873,309,9879,4728,7642,9306,949,---2,2,4,5,4,5,3,4,4,2,2,
738,9030,3016,4233,4586,975,7794,7893,8186,4234,670,---4,4,3,2,4,5,2,3,4,4,3,
3088,8548,2949,5609,6092,4590,2063,9008,1777,3220,5758,---2,2,4,5,2,5,2,4,5,3,2,
2593,7140,9413,7047,7309,4046,8596,4917,3478,5819,477,---3,4,3,5,2,4,2,3,4,2,4,
9568,2608,1954,1635,1675,2764,3920,3090,9107,9664,4765,---3,5,2,3,5,5,5,3,4,4,3,
6405,5991,7768,9707,6860,621,7761,3539,312,2611,7103,---5,2,2,3,5,5,3,2,2,2,2,
9922,323,3432,5132,2956,9837,2606,5296,9491,757,5015,---4,5,5,4,3,5,2,3,5,4,3,
7239,8008,7274,8523,4531,3434,2295,1820,4458,6334,8277,---3,3,4,4,5,4,5,2,4,3,4,
128,642,8517,1287,10,8469,2392,858,8220,6877,8638,---4,3,2,4,4,4,2,2,5,3,4,
8928,3333,3371,3948,4850,5431,7866,4155,2524,9982,6975,---5,5,4,4,3,3,4,4,3,4,4,
8256,2306,5124,5317,7850,2571,9870,6992,1368,9627,1116,---2,2,2,3,4,4,5,2,4,5,2,
3233,7499,9420,3726,5359,9843,3509,790,727,9211,3999,---2,4,2,3,4,5,2,3,3,2,3,
5001,5645,3086,8341,1566,8736,1061,1579,8108,4014,4401,9394,6715,8252,1597,5311,9026,9669,72,1741,4814,5073,4317,991,8161,7611,8294,3957,2297,5759,---2,5,2,3,3,2,4,5,4,3,5,3,5,3,2,2,3,5,3,3,3,4,5,4,4,5,4,4,5,4,
8332,3729,6679,3232,6440,5806,8501,5578,4021,6209,4162,4803,6470,5450,1995,4561,6357,2012,1256,9452,8816,5371,---5,5,2,3,5,5,2,2,4,3,3,3,3,2,3,3,5,3,5,5,3,3,
2656,2817,6178,6755,3716,3082,3691,332,9261,3310,911,8024,1139,1812,8885,8696,4345,2906,1582,5406,---2,5,3,5,5,5,2,3,3,3,3,5,2,2,5,3,3,3,5,2,
3616,8609,644,3173,3494,2311,8237,1997,6031,7600,9393,5203,7316,8437,9144,8766,---3,5,4,2,2,5,2,3,4,3,2,5,3,4,2,2,
192,7841,945,3112,2991,2256,2376,7314,1107,3252,9399,1108,4123,9374,9471,---3,3,2,2,3,5,2,5,4,4,3,5,2,4,2,
9284,3493,6918,6744,5038,7631,3825,980,3990,6584,794,6460,3174,7550,6399,---5,2,4,2,4,2,2,2,2,4,4,2,2,2,2,
7873,1445,2215,7561,2314,6864,6771,7388,533,3094,8312,1241,5787,4117,9023,---3,4,4,5,3,4,2,4,5,5,3,3,2,4,4,
6912,411,9636,1638,9035,7949,4498,9043,7284,2453,8228,3675,9469,5023,---2,3,2,3,2,5,3,2,5,2,3,3,5,3,
7330,7651,1925,9320,5532,9389,1808,2642,1205,1623,3449,4060,9534,---4,3,5,3,3,3,2,2,3,3,5,5,2,
9856,4641,2850,7433,5066,8907,45,8398,8913,1294,2201,6489,---3,5,5,5,5,4,2,3,5,2,2,3,
7138,4059,6212,8134,461,5777,6418,6995,2196,8762,3835,5629,---2,5,3,4,4,4,4,5,5,3,4,4,
838,1126,9523,6283,8364,6349,1038,4888,5555,2712,3165,8159,---4,4,4,4,5,4,4,4,2,2,2,2,
2433,9474,3398,8993,7978,7629,2328,7518,117,7512,4970,3550,---3,2,3,2,5,5,2,2,5,2,2,4,
4768,4740,328,2410,6704,84,5145,1631,9435,1722,4351,---4,3,5,3,5,3,3,5,2,3,5,
9728,9828,2725,2118,4550,4972,3150,1041,5368,4377,---4,2,3,4,4,3,4,2,2,4,
5185,1499,8036,5002,2127,5649,8786,6390,2041,3643,---4,2,3,2,4,2,5,5,5,3,
610,516,8037,6342,2412,2705,3513,9498,1277,5343,---4,2,5,4,3,3,5,5,5,2,
6273,9699,8940,5841,1379,9844,7958,984,5468,7165,---4,2,5,4,2,4,5,2,3,5,
293,1420,6605,9616,7443,1364,4180,9370,4927,9823,---3,5,5,5,2,4,2,3,3,4,
1472,6438,7656,8585,4460,4525,1493,8009,2809,7381,---4,2,3,4,5,4,2,5,2,4,
8865,1701,424,234,1771,3981,4462,5820,6686,2527,---2,4,3,2,4,3,3,4,2,4,
3072,5313,5761,71,8077,4398,9231,496,3830,2973,---3,3,5,3,2,3,3,3,4,3,
5217,3714,9251,7819,6030,1618,7507,6292,1302,4607,---3,2,2,3,5,5,5,3,2,4,
8646,7240,4119,2417,3859,5462,1143,7192,2586,8604,---3,4,2,3,2,3,4,5,5,4,
7361,131,3397,3757,2866,755,4565,3767,2047,4581,---3,3,2,5,3,3,3,4,2,2,
1312,8771,8325,7494,3753,395,7635,1749,2108,8101,---3,5,4,4,4,5,5,2,3,5,
5024,5123,2308,4555,2542,5713,4791,3288,379,475,---5,3,3,4,2,4,2,5,2,3,
1346,5956,5541,5992,5488,2577,4979,2165,7353,956,---4,2,2,4,4,3,5,3,3,5,
4195,7749,7816,9002,6190,8658,1363,1396,5454,3423,---3,3,4,3,4,5,5,4,4,5,
3172,4071,3369,3627,4974,3503,1713,2009,3130,6109,---5,4,2,5,5,5,2,4,5,2,
5760,3586,6504,8905,811,562,8754,21,7705,5756,---2,2,2,2,4,2,5,4,5,4,
7552,9595,4392,1323,6797,7624,9087,8539,9438,5983,---4,4,3,3,4,2,3,2,5,2,
674,1411,569,6630,7337,3970,1717,8599,7993,2501,---4,4,3,2,5,2,5,3,3,4,
8352,7779,8708,6695,1640,235,8909,6416,612,5305,---2,2,2,5,5,5,2,3,4,3,
9411,7384,1552,3249,1428,6166,4280,8180,2780,7188,---5,5,5,5,5,2,5,3,5,2,
1504,1030,3302,6025,3501,5709,6450,2697,9019,9085,---2,2,5,2,2,4,5,3,4,3,
3265,8130,3107,8484,871,7977,9003,3459,210,5199,3984,1112,3922,1843,4642,1910,2584,3027,7003,5022,---4,2,2,4,5,5,2,3,2,5,5,3,2,3,2,5,5,2,3,2,
2976,6017,5090,899,900,3909,8757,4298,4203,8365,7342,9517,5520,1667,820,862,3704,2878,1535,---2,2,4,4,5,2,4,5,2,4,4,5,5,5,2,5,5,4,2,
3843,3057,741,3590,5137,4518,3817,6546,5785,7855,2800,9905,3794,3942,9897,5113,2522,123,4636,---2,3,5,5,5,2,5,4,4,5,4,4,4,2,5,2,4,2,2,
3611,801,1149,3439,4455,7690,7851,8301,687,3507,9846,7224,6589,2671,7644,3421,3614,7139,---3,3,5,5,2,4,4,4,4,2,5,2,4,5,3,5,3,2,
2944,5345,9378,8197,6408,1983,6058,2699,9004,3085,2927,6868,3477,1049,5304,8148,511,1727,---4,3,5,5,4,3,3,4,4,5,2,4,2,5,4,2,2,5,
4225,5667,3673,6216,6044,1738,4492,334,6415,4563,7573,2966,5497,9497,9007,3036,797,---3,5,3,2,4,4,3,2,3,2,3,5,2,5,3,2,5,
3427,4357,1928,8457,9165,5614,4944,3601,6355,1460,4686,6102,375,9593,5946,6077,---5,3,4,3,4,2,2,2,2,5,5,3,2,2,5,5,
1344,4834,4965,4584,3223,5661,5776,8081,8690,121,4729,1626,5563,6941,3903,---5,3,2,4,4,5,5,3,2,5,3,3,5,3,5,
3918,9637,689,3433,5258,6734,3152,1617,9171,277,9077,8654,7006,4863,---5,4,5,3,3,2,5,5,2,4,5,3,2,3,
7523,5543,9815,6237,9520,2865,9746,6931,5367,9784,4529,1880,3709,---2,3,5,4,2,2,2,5,3,5,5,2,3,
3076,7976,1004,3021,2190,143,7502,3255,9146,6139,4349,3582,---4,4,2,2,3,5,2,2,5,4,5,4,
3073,54,7079,8076,4496,3600,181,3446,6200,6235,2142,---3,2,2,4,3,2,2,3,5,5,5,
484,1223,8168,8631,3855,7609,4409,3741,990,---3,4,3,4,2,3,2,3,5,
9153,8514,2979,4420,4645,9095,3394,1947,8005,---3,4,4,3,4,4,3,2,3,
2209,7970,2248,6697,3213,7475,2933,8822,7929,---3,3,2,2,5,5,4,4,5,
7716,1129,6699,9838,20,4341,1816,2457,1012,---2,2,4,5,3,2,2,3,2,
7493,9418,4364,2093,1714,4947,4601,2044,5637,---2,4,5,4,3,5,3,2,2,
3595,1264,5170,2324,3285,6392,2362,1980,671,---5,3,3,2,4,4,4,3,3,
2080,489,4759,1196,6351,4268,1228,6422,5257,---5,5,3,4,2,5,4,3,4,
865,1986,4293,6791,8871,6514,759,8889,1436,---4,4,4,2,5,2,5,4,3,
5633,8419,2084,7363,4583,8073,8883,6935,4767,---3,5,3,4,2,5,4,4,3,
6594,7427,4132,5961,1260,4146,5490,730,4666,---5,3,5,2,3,2,2,5,2,
1654,1190,3943,9000,2381,752,7477,2870,8318,---2,4,3,2,3,3,5,4,2,
2066,2162,6930,4245,8898,4249,3989,5822,4543,---2,2,4,4,5,2,4,3,3,
4033,9283,69,6445,5487,8020,6137,4986,6907,---5,3,5,2,5,5,2,3,4,
3940,4041,9967,7826,9924,7990,1881,2555,4252,---4,3,5,3,5,4,5,4,2,
1060,4423,4777,9487,222,9909,6041,6620,766,---3,3,4,3,4,3,5,2,2,
4995,3345,6951,7053,1720,1523,4788,4856,9661,---5,2,5,2,3,3,2,5,2,
6275,2564,7242,6413,7055,1968,6276,7133,6815,---3,3,4,2,3,5,2,2,2,
59,7622,8393,3755,8588,8015,3417,4399,4892,---5,3,4,3,2,2,5,4,5,
2081,315,8296,682,2446,4564,3573,2267,1979,---2,2,3,4,4,2,2,3,3,
576,8833,2401,9259,8305,3955,4468,2838,3352,---4,5,5,4,2,4,2,2,5,
9764,5606,2833,2125,7693,5745,4981,4472,2879,---2,5,4,2,3,4,5,2,2,
8706,7304,5392,274,5272,7108,4382,8774,5415,3759,3761,1202,7612,9021,7236,8902,9799,8546,4047,5712,4313,6748,5853,5474,7294,---4,5,4,4,5,4,5,3,3,4,4,4,2,4,4,4,3,3,3,3,3,2,5,4,2,
6019,9091,3991,6810,1583,3360,935,3881,429,7599,816,7604,8246,1212,6261,4929,2115,8140,6739,5077,3670,5237,---2,2,3,3,3,3,3,2,4,5,5,5,3,2,4,3,4,2,4,4,2,2,
5248,5890,1575,9449,1802,107,3106,6769,6322,9683,7926,6263,5656,3577,7034,9055,7324,3805,4447,---3,3,4,5,5,2,3,4,4,3,2,5,3,4,2,3,4,2,4,
8150,6088,9854,4522,9515,3865,8463,9009,8498,6591,4054,3671,1081,2444,6143,7101,9790,4415,---4,4,2,3,2,3,4,4,3,4,2,5,3,2,5,2,3,2,
1409,2923,4868,2917,7558,5729,9642,523,4007,7118,2383,8240,7698,6645,5110,3762,4988,---4,3,5,5,2,2,4,3,4,5,2,3,3,3,4,2,3,
7072,6083,8068,3527,2024,2857,204,1453,9293,4305,1115,383,4073,4632,5051,94,4895,---5,5,2,4,2,2,2,2,2,2,5,5,3,3,3,3,2,
9632,4865,6627,4004,5590,6952,7116,4653,7728,276,4598,1624,2420,1114,4222,3039,---2,2,3,3,3,5,4,4,3,5,2,3,5,3,2,4,
9666,9883,4063,3879,6569,8123,4693,3407,5275,2741,8022,6324,827,2748,3613,415,---5,3,3,5,4,4,4,2,3,5,5,4,5,3,3,2,
8512,7585,9570,6916,7046,8555,3475,8372,5374,6454,3001,4884,250,7643,7102,---2,2,5,4,4,4,4,2,3,4,4,5,4,4,4,
9024,7905,7302,4296,9163,6483,8374,2137,7194,3579,6396,5917,318,1632,---3,5,4,3,3,3,5,5,2,4,3,3,2,2,
9250,707,2981,7367,6057,1354,237,6609,6740,5815,3128,7546,8376,2239,---4,4,4,4,2,4,2,5,3,2,3,2,5,2,
8896,2723,1381,3148,525,6958,8783,1075,313,1208,2649,317,4446,---2,5,4,5,5,2,3,2,5,3,5,4,2,
571,8611,4836,5509,5831,1651,6873,5402,8051,6236,8574,3551,---5,2,3,2,5,2,4,3,4,2,5,5,
528,7811,9190,584,1481,2544,1811,2647,5594,9884,---2,3,4,5,3,5,3,3,3,2,
2945,1636,422,1286,175,3665,6741,1592,8751,4926,---5,4,5,5,4,5,3,3,4,4,
32,2497,8420,7181,2542,8429,1235,6746,4414,---2,5,3,5,2,2,5,4,5,
3488,2186,1100,8724,342,5211,3548,6558,---4,3,4,3,5,2,2,4,
1376,3169,4902,6471,8712,775,8445,2881,---2,3,3,2,5,3,3,3,
4547,7849,3660,6971,24,3642,6267,1052,---5,3,3,3,2,4,5,5,
2466,9700,2189,6000,854,4889,6269,4991,---2,3,5,2,2,3,4,3,
7104,2480,2050,1221,7719,5231,9200,3836,---5,3,4,3,5,4,4,2,
1249,4739,3051,3535,3348,8661,5692,9407,---4,4,5,2,3,5,2,4,
8033,4546,1475,9921,5749,8598,6456,7839,---5,4,2,3,2,3,5,2,
3684,5925,6599,8616,8682,9512,8056,4826,---4,5,3,5,2,4,3,4,
4899,9156,1838,4207,6227,5140,7547,2364,---3,3,2,3,3,5,2,2,
193,1564,8369,4372,889,6650,28,8701,---5,2,4,3,3,4,5,5,
6752,1446,4295,8203,8972,9519,692,791,---5,4,5,3,3,4,5,5,
5568,1090,2614,3661,2674,1590,8504,3710,---4,3,4,3,5,5,3,4,
1666,3018,8399,1906,7253,9910,1495,5945,---5,4,4,2,3,5,5,3,
7464,5678,4751,3667,852,1204,859,9919,---3,4,2,2,4,2,2,4,
8000,3203,7613,1589,8155,957,190,4831,---2,5,2,3,3,4,4,5,
1059,2820,6794,6987,6257,3191,5508,1885,---5,4,2,3,3,3,5,3,
9377,3170,7397,4614,3791,3602,339,7770,---2,4,5,4,3,4,3,3,
9025,6886,2925,2776,2643,8248,8442,1374,---2,5,2,5,2,3,2,3,
1281,1796,1257,6922,2449,6708,506,9243,---4,2,3,2,3,4,5,2,
3467,4110,1296,7831,8864,9851,8998,1581,5557,3254,6467,5960,4042,9685,8278,7897,3674,8032,3555,4840,9969,5883,---2,4,5,4,2,3,4,4,3,2,2,4,4,4,2,2,5,3,4,5,4,3,
3265,8130,3459,388,1222,871,3913,5199,9003,236,4642,8559,3984,6962,3027,89,7003,5916,5054,1843,---4,2,3,3,4,5,2,5,2,3,2,4,5,2,2,3,3,5,2,3,
3382,3236,9655,5607,6664,4396,1482,4907,5612,8367,2641,4263,1141,9590,5065,5471,7164,5533,3263,---5,3,3,3,4,2,2,3,4,5,2,5,5,5,3,5,2,4,4,
6915,8836,7461,9801,2538,6011,2957,3504,7843,2426,8693,2153,3764,9466,891,61,8926,2490,---5,5,2,2,4,4,3,3,2,4,3,3,4,5,2,5,2,3,
6050,2059,1415,9349,5511,2696,587,749,4111,4951,7508,4342,2103,4088,4431,9276,9405,158,---5,3,3,4,4,5,2,2,4,4,2,3,4,4,2,2,5,2,
8897,6876,2533,7073,5192,393,7276,7858,623,7282,4373,822,2459,476,6206,1823,---5,2,4,4,3,5,5,2,4,4,3,3,2,2,2,4,
2148,1576,1516,7786,1548,2990,9106,8307,8628,2862,5495,2040,1156,2781,6110,9311,---3,3,2,2,5,3,5,2,4,2,5,3,2,2,4,4,
2720,7681,802,8099,1297,9289,5738,9751,9869,8401,6851,373,2742,3895,8828,6783,---4,3,5,4,4,4,4,2,5,5,4,3,5,2,3,3,
4640,9986,6691,356,8165,1158,9193,4499,5966,9583,6195,8500,6421,1731,4824,2749,---3,3,2,4,2,2,2,2,2,2,2,4,3,5,5,2,
3089,8465,8711,1704,841,7306,839,8684,3068,5710,1265,6705,888,5404,8908,---4,3,3,4,2,5,5,2,2,2,4,3,3,5,3,
6177,3138,2347,2020,9736,5929,1291,3053,8402,9139,8329,7932,3870,---4,2,2,5,4,4,4,4,4,3,2,4,2,
4096,9697,3812,1957,4680,6414,2703,5361,5939,5172,9591,6233,7453,---2,3,2,4,3,2,5,4,3,3,3,2,3,
3299,166,8584,7402,1899,2573,5009,8659,6295,5944,7291,8348,4714,---5,4,2,5,4,5,2,2,5,2,4,3,5,
2726,1896,4969,3022,721,2483,3006,4151,7928,8126,6622,---5,4,3,5,3,3,5,3,2,4,5,
4519,5585,4328,6763,9868,1201,2546,5652,4694,2648,4411,---5,3,5,2,4,4,4,5,3,4,3,
4417,579,1541,6247,1737,9227,4526,4818,7171,7796,8969,---3,4,3,2,3,2,2,3,3,4,5,
320,3496,2556,9226,7947,7506,9267,9748,8796,2174,---3,3,4,5,4,3,2,3,5,4,
8994,5731,5380,5510,8107,4408,7607,9208,154,8412,---4,2,3,3,5,2,3,5,2,2,
5728,646,1702,2828,7697,7539,7093,6716,5982,---2,3,3,4,4,5,5,2,4,
1889,3054,6477,7086,7250,2958,3926,3132,---5,5,5,2,3,5,4,5,
5057,650,9069,7031,6521,1914,4319,---4,4,5,5,2,2,4,
6561,1544,8490,7763,5882,6270,2035,---5,2,2,4,2,2,5,
7267,1958,6759,2155,1676,3438,57,---3,5,4,3,3,2,2,
450,3387,8207,5808,1359,9145,2587,---3,2,2,3,5,4,4,
3008,5190,8904,9516,8561,4533,5816,---5,2,4,2,3,3,2,
4578,6051,6343,1006,656,1010,9305,---2,3,5,4,3,2,3,
8257,8744,1517,1873,3320,8187,4445,---2,4,2,5,3,4,3,
3969,2375,6735,4441,7578,6223,4541,---3,4,4,4,4,3,3,
2961,7914,3822,7249,308,8308,52,---4,2,3,4,5,5,3,
3079,9,1109,9880,4283,8476,5823,---3,2,5,4,5,5,3,
2520,2950,4839,9039,3409,9971,7000,---5,3,4,2,3,3,4,
868,8102,6378,3372,3603,219,7228,---3,2,5,4,3,2,5,
3373,3374,8653,7793,4535,8216,4061,---3,4,4,4,4,2,2,
1441,549,9864,4304,6184,3189,2230,---3,3,4,3,3,4,2,
7173,3177,46,2959,3029,5782,9981,---5,4,2,2,5,4,5,
3201,5860,1765,6503,6766,1486,4548,---4,3,2,5,4,3,4,
1792,3426,7688,9652,4286,9566,2143,---2,5,3,3,5,3,3,
3692,3821,6832,9301,2327,8984,3487,---5,3,4,2,3,5,2,
7020,9485,6545,2706,8213,9110,2845,6562,6565,4262,809,2349,5169,2226,3129,1087,4169,1740,7374,335,3536,1124,3553,7522,2916,5222,7014,3945,4971,6508,1261,8942,4725,8570,7420,---4,4,4,5,4,2,4,2,5,4,5,3,4,5,4,4,2,4,5,5,2,3,3,4,2,5,5,3,3,5,3,2,3,3,3,
1671,2713,5914,3996,6816,5923,4516,1963,2351,1721,835,6724,4808,9292,2339,6359,5081,4315,2672,3313,9342,7807,---2,5,2,3,3,2,2,4,5,2,3,2,4,2,5,2,4,3,4,3,3,3,
2689,5955,8580,2993,7524,5162,4407,8847,8433,5048,3934,3193,7288,3097,3567,9985,8042,413,---5,4,5,3,4,3,5,2,4,3,5,2,2,3,2,3,2,3,
6656,624,3877,5285,12,2477,5134,8189,592,7061,8377,3385,1562,4859,5981,831,---2,3,5,5,3,3,3,3,3,4,5,3,4,3,2,2,
5696,8098,6373,6545,7490,783,4241,4753,2853,3574,9110,3256,8411,1500,8229,1029,---5,2,2,4,2,4,3,2,2,3,2,2,4,5,3,4,
9090,3947,8809,9386,4075,4109,8317,2928,2450,6836,8918,3769,7836,1066,7966,---4,4,4,4,4,5,3,4,2,5,4,5,2,4,2,
3400,7473,1160,937,106,4092,5480,8338,6163,6792,4476,7579,5148,510,---3,2,5,2,4,5,4,3,3,3,5,3,5,3,
6081,8100,1288,5481,7466,909,2894,5295,557,2675,1620,6266,8858,1406,---2,5,4,2,5,5,5,5,3,2,4,5,3,5,
6497,7510,7717,6406,359,8745,6159,5264,8403,9686,7160,6745,3430,---2,4,4,2,2,2,3,2,2,4,3,2,5,
5922,2691,517,5863,6056,9387,1085,7421,1778,2740,1341,1142,445,---3,2,4,2,5,5,3,3,3,3,2,4,5,
1440,1252,8519,8776,5417,4471,44,6157,2255,5356,1431,8511,---4,4,5,3,4,4,5,4,5,2,4,4,
9859,6982,5958,4327,5807,8337,7315,9236,5818,604,4198,4454,---2,5,3,2,5,3,5,2,2,4,5,2,
1633,780,5353,5548,4141,3949,6281,4696,3183,1724,3518,3391,---4,2,4,5,2,2,5,2,5,3,5,5,
8715,8805,9128,6634,1355,3824,9013,2682,1317,8554,1503,---5,3,4,4,3,4,3,3,2,2,5,
352,1634,8137,5646,7151,1170,5300,1814,4634,6575,6879,---2,2,2,3,2,2,5,4,2,2,5,
8835,8741,4551,4362,5549,3472,9169,1558,1847,9788,---2,2,2,5,5,3,2,5,4,4,
5158,7036,4339,5811,2806,8535,4440,4635,2204,---3,4,5,5,3,3,5,5,2,
9730,1090,8400,2514,1587,4246,7293,---5,3,2,3,4,3,2,
1313,4707,9541,3777,8752,2455,8925,---4,5,5,3,5,3,2,
1217,5827,4613,7720,4239,2105,---4,3,3,4,3,2,
8416,5445,711,6218,2131,7580,---5,4,2,5,4,5,
7842,1122,5735,4898,2835,1655,---2,2,4,2,3,4,
164,683,7762,4718,6642,2585,---3,3,2,5,4,3,
8452,7814,6226,2677,5880,2133,---5,4,3,2,2,2,
2890,654,9073,443,3964,703,---4,5,2,5,5,3,
1697,2372,8406,2360,7355,8221,---5,3,4,3,2,3,
4375,2818,4779,8016,151,3515,---5,4,3,2,2,2,
1605,6026,9235,3481,2651,8124,---5,5,4,3,3,2,
9408,7682,9511,6205,8817,9821,---3,5,4,5,5,3,
2340,4389,907,9592,8378,447,---5,4,3,4,4,3,
420,6571,5740,7348,5046,4700,---3,4,2,2,2,2,
419,1188,524,466,7663,7186,---3,2,5,5,4,3,
3395,7620,6248,2768,9463,2175,---3,2,4,2,2,3,
4865,1794,9862,6151,4745,4620,8982,535,8987,2332,9632,9508,8582,7206,295,4653,3635,4004,5566,5702,9932,8142,5717,4567,1624,9689,4795,7149,114,2420,3960,7033,4222,2425,---2,2,4,3,3,2,3,4,2,2,2,2,2,4,4,4,3,3,4,3,4,5,3,2,3,4,2,4,2,5,5,5,2,3,
3468,5135,1173,534,3096,4571,1316,2469,9927,9776,3633,4147,8887,9152,1859,455,7626,9635,9304,1755,7653,2407,8048,636,---5,4,5,2,4,2,3,2,2,4,4,5,2,3,2,3,3,4,5,4,4,5,3,3,
7723,2700,9486,2964,5663,7328,7201,6187,2096,1342,2370,3272,5711,9175,8798,3296,3048,9977,8812,109,8302,8185,3708,---5,4,4,5,4,2,2,5,2,5,5,2,2,4,5,3,4,3,2,2,2,2,2,
609,4514,1387,8612,5985,2504,2396,7175,2701,719,2111,9118,9727,7096,1337,1147,6844,8606,1781,---3,2,5,3,4,4,2,4,4,4,3,2,4,4,2,4,4,3,3,
1955,4228,9637,689,3433,5258,8654,6703,8472,337,8917,1617,7383,4120,3918,9077,7071,---3,4,4,5,3,3,3,2,4,2,2,5,4,3,5,5,3,
1410,8997,8041,5676,3853,3599,3280,657,2578,3059,4534,9623,2424,6203,3743,894,3871,---2,4,4,2,3,5,2,5,5,5,4,4,2,2,3,4,3,
7952,4002,9795,2596,1121,5847,8525,5550,1709,7376,1490,823,7890,537,6938,3453,1150,---5,2,5,2,5,3,5,5,2,5,2,2,3,3,5,5,4,
6946,9348,2922,1474,9359,7696,4575,6100,4661,1162,6330,1753,8794,5179,4930,4157,7263,---5,3,4,3,2,4,2,2,2,3,3,5,5,4,5,5,2,
4452,6758,5865,6346,9742,7407,4848,2321,7189,5302,2936,3876,3994,1759,6586,4318,6389,---4,2,4,2,5,3,2,2,5,4,4,5,2,2,5,5,3,
2144,4000,7714,3300,5994,4397,9933,3888,2737,5554,7350,6265,5796,527,5954,7818,---2,3,3,4,5,4,4,2,5,3,3,5,4,5,5,4,
6371,3268,8613,5127,5247,3215,7344,3640,5987,2932,3416,5029,8255,5885,4324,9701,---4,2,3,2,5,4,2,2,2,2,3,5,5,5,2,4,
4608,3490,8581,4360,6857,7916,9400,1683,9716,1977,2456,7193,8890,7067,4028,3198,---3,4,4,4,4,4,4,2,2,5,4,4,4,5,3,3,
2086,4038,4359,2090,7159,2130,718,9455,6674,1262,6391,2299,5116,9930,6718,4837,---4,5,2,3,4,2,5,3,4,4,5,3,2,5,5,5,
833,9264,739,8199,6505,6412,3597,9040,5236,2837,1684,1466,767,5534,319,---3,2,3,2,4,5,3,2,4,3,4,4,5,2,4,
483,6054,7795,8202,7854,6320,4113,5667,4213,2966,9497,3036,797,5630,9855,---5,4,5,5,2,2,3,5,3,5,5,2,5,3,4,
8866,9507,2856,4841,2122,189,744,7706,8083,8181,8728,8825,7994,5866,1471,---4,2,4,5,4,3,4,2,4,2,4,2,4,2,4,
6688,7168,4484,5093,6087,5800,6027,83,7828,3413,6583,1529,2276,7774,---3,5,5,3,3,5,5,2,3,5,5,2,2,3,
5376,5379,7206,9862,6151,3754,9932,4173,7634,3635,7732,1750,2554,8603,---2,2,4,4,3,4,4,4,5,3,4,3,3,2,
4964,5347,9316,6796,1133,2062,5519,112,4849,4883,2690,3705,285,3774,---5,2,3,5,5,2,4,3,4,5,3,4,4,2,
448,3872,7715,4230,7340,4170,8747,2188,589,7058,9269,2007,7948,6837,---2,3,2,5,5,5,4,4,3,2,2,4,5,2,
7745,6374,3334,5031,7016,6410,3470,8431,5458,6037,3510,380,6527,---5,3,3,2,4,5,5,5,3,3,4,2,5,
6593,4260,263,5227,2060,7533,2447,1586,51,7734,6319,915,9887,---5,3,4,3,2,5,3,2,3,5,2,5,3,
2529,514,8739,4804,1351,6986,3852,8973,2318,1072,9369,3578,7259,---3,5,3,3,4,2,3,5,5,3,3,5,5,
4001,1602,6307,2854,3399,7470,4276,1211,3607,735,4380,4383,---3,5,2,5,2,2,2,4,2,2,3,5,
8288,870,9062,135,1065,6279,6799,7888,7699,6325,3544,6495,---2,5,3,4,5,5,3,5,2,4,4,4,
4844,8872,649,9291,2386,2061,3341,6481,6578,5299,1630,---3,2,2,2,2,2,2,2,2,2,2,
3745,2531,9384,912,6513,7317,2582,5433,3806,8629,---3,2,3,4,2,3,5,5,2,4,
1572,7429,1766,1418,9323,9042,2710,1404,9674,2430,---5,3,2,5,3,2,4,5,4,5,
1915,9607,1883,1447,8269,8370,2810,1851,5213,5439,---3,3,5,3,2,4,2,4,2,4,
7554,4813,1134,1874,6510,7062,695,2873,4314,---3,2,4,5,2,2,5,3,2,
3875,6502,8951,1251,9878,3959,6231,5278,7903,---4,3,5,4,5,2,5,2,3,
676,4261,7559,7245,9811,3093,5559,7576,5789,---4,3,3,2,3,2,5,4,5,
7779,6246,3270,2467,599,6458,9500,---2,5,4,4,4,5,3,
5920,8449,3208,4847,5209,9245,---4,3,4,2,3,5,
8882,9747,1458,4326,7463,---5,4,2,5,4,
7272,2528,7368,430,3473,---3,4,3,3,3,
672,7081,7417,8239,1929,---2,4,3,2,2,
8753,1970,1413,9278,2223,---4,2,5,3,5,
8160,8385,2580,5109,5742,---4,3,2,5,5,
999,8316,9950,374,3517,---5,2,5,3,5,
6064,8594,3500,1502,7471,---2,2,2,2,4,
8176,680,4658,1437,3343,---3,3,3,2,2,
5736,1841,5452,550,9319,---2,3,4,3,2,
9260,4687,9427,5092,499,---3,2,4,5,3,
6817,1378,6243,2211,8509,---4,4,4,2,2,
9549,1788,3829,878,3005,---2,5,2,4,5,
856,2834,1419,974,367,---4,2,3,3,3,
7176,2089,4306,5662,5168,---2,5,2,5,5,
1945,4643,684,7876,4582,---4,2,2,2,4,
6411,8321,283,5020,7542,---5,2,2,5,3,
4985,273,4774,8230,9702,---3,4,2,3,4,
5937,8138,8210,5418,9654,---4,5,2,4,3,
2104,6666,1051,6964,3247,---2,3,2,3,2,
8169,3331,6787,174,2561,---2,3,3,2,3,
7810,1669,1542,7437,1678,3091,1561,3868,9381,8231,6185,6954,5934,2479,48,7092,9783,56,8671,4542,3649,5189,5318,7630,4432,4178,2382,7896,3293,3167,4196,9708,6384,9587,2110,1705,632,1658,1021,2814,---3,2,2,4,3,3,3,4,5,4,5,3,3,4,5,5,4,5,2,3,5,3,5,4,5,5,5,5,2,5,3,3,4,3,4,5,5,2,2,5,
2816,1667,900,4231,5520,6673,9367,8600,7093,6555,2717,5150,6309,5674,171,7981,820,862,1079,8757,1858,3909,4934,9433,5212,734,3295,5094,8935,5230,2032,3442,7155,7697,9206,119,---4,5,5,5,5,5,5,5,5,3,2,4,5,3,2,4,2,5,3,4,2,2,4,5,2,2,2,3,2,2,3,4,5,4,2,3,
1793,8193,2441,8843,2451,6810,4506,291,804,553,5680,3121,690,3765,7616,7489,6858,8140,8271,6736,3670,5977,2938,4816,5990,2290,1402,---2,5,5,3,5,3,3,2,4,5,3,3,2,5,5,5,5,2,2,5,2,4,3,4,2,4,4,
8961,8326,391,5362,7955,9842,4772,936,8233,2605,9481,3770,9148,1477,2893,3030,8043,6255,754,7028,122,6523,7549,2965,---4,3,3,4,5,2,3,2,3,4,4,2,4,3,5,3,2,2,3,2,2,2,4,2,
910,7823,5654,5276,9758,416,3883,2860,3766,7614,4683,2766,2129,6996,1627,4957,8034,7661,498,7283,5877,4343,1019,---3,3,4,5,4,3,5,2,5,3,4,2,3,2,5,2,4,4,5,5,4,2,4,
7048,2953,398,22,3746,4773,4648,7210,8111,4913,1078,7864,191,5447,4044,8656,1497,4699,2526,6114,7915,1388,1013,---5,5,4,4,5,2,5,4,2,2,5,5,2,3,3,2,2,5,2,3,5,4,2,
5001,5645,18,8341,1566,8736,1061,4014,4401,9394,441,7611,72,1741,9422,3410,4317,6715,8815,3957,2297,2557,---2,5,4,3,3,2,4,3,5,3,3,5,3,3,4,4,5,5,5,4,5,4,
6592,9570,7203,3236,8773,4396,2474,5099,5612,1422,8367,144,8555,4884,9590,5065,3001,250,7643,5374,3263,---4,5,5,3,2,2,4,3,4,2,5,4,4,5,5,3,4,4,4,3,4,
7424,2177,5218,1861,9222,9940,9065,4106,459,8078,4463,2644,8018,7156,3790,4664,5529,3206,4413,8976,5119,---5,3,3,5,5,4,5,3,3,3,4,5,4,4,2,3,2,5,3,3,5,
2368,3318,2086,4038,433,969,9930,5067,9455,9136,6961,7571,2334,6838,4023,2904,764,1661,6718,8407,---3,3,4,5,2,5,5,2,3,3,3,3,3,3,5,3,3,2,5,5,
2848,9360,9378,7652,5669,39,905,8039,9004,3085,7183,7152,7911,6868,3477,5664,2458,1727,511,---4,5,5,4,3,3,4,5,4,5,5,2,3,4,2,5,5,5,2,
9152,1442,2435,5892,2469,3142,6439,7626,455,3468,9927,5135,3026,1859,534,9304,1755,636,---3,2,3,3,2,4,2,3,3,5,2,4,5,2,2,5,4,3,
480,5722,8043,2636,2893,9102,6671,2609,1106,5171,2965,3030,7923,7065,122,8156,3229,---5,3,2,4,5,4,3,5,2,2,2,3,4,3,2,4,5,
9648,5506,6692,6789,5000,3305,4842,6768,8360,7859,9717,4730,3646,8797,8382,8821,---2,2,4,2,3,3,2,4,2,2,5,2,3,2,5,5,
2400,7593,1828,9524,1736,2985,1191,3916,1744,5492,7700,5781,9302,7673,7257,2224,---2,2,3,3,5,4,2,3,4,3,3,5,5,3,2,2,
3106,9475,7926,849,2056,9449,1802,6923,5198,6607,1361,8014,1046,8279,4331,6654,---3,3,2,3,4,5,5,4,3,3,3,5,4,4,2,4,
2625,4034,9476,2742,3815,7432,6256,5738,3895,3436,784,9810,886,9289,4897,6783,---5,4,4,5,5,4,3,4,2,5,3,5,3,4,5,3,
3871,4129,1410,2876,8041,5579,3853,3599,2992,657,2578,4365,4639,3260,3743,---3,5,2,4,4,4,3,5,5,5,5,3,4,4,3,
8962,7035,7557,4966,5767,3623,6219,1070,1521,3572,1848,9556,1435,6993,7231,---4,2,3,2,3,3,5,5,3,2,5,5,4,4,3,
5137,3590,9905,3817,2509,7822,2221,5456,3057,5779,6260,8470,5785,6681,123,---5,5,4,5,4,5,4,5,3,2,5,2,4,5,2,
7512,9474,867,9605,3398,4970,3531,7953,2485,2328,9849,8827,3550,6717,7518,---2,2,3,2,3,2,3,2,2,2,5,5,4,4,2,
4320,9121,8963,2246,5041,6073,3932,1127,9615,5457,5155,8505,4665,4379,8092,---4,4,2,2,2,5,4,2,4,4,4,5,3,5,3,
8673,515,5253,2721,5096,9353,5053,712,5251,9908,2553,532,2428,7901,---5,2,3,5,3,2,4,3,3,2,3,4,5,2,
610,516,6426,6698,9117,3379,6932,4949,5786,3484,1277,8094,863,---4,2,3,5,4,5,2,4,4,5,5,2,2,
3489,66,6603,4371,9195,7667,1043,3541,2969,9721,5498,9071,1011,---2,2,5,4,4,4,2,3,4,2,5,5,5,
5025,1730,6179,6956,2734,3151,6065,1155,9076,8597,7323,8829,1310,---3,3,2,5,4,3,3,2,5,2,5,5,3,
2336,3907,8804,6344,203,9965,7184,9330,9046,1412,8218,9371,---3,5,4,5,5,5,4,4,4,2,2,4,
4224,4931,5988,4662,7594,267,9228,406,8023,1082,6779,3965,---5,3,5,4,4,3,2,5,5,4,2,4,
7744,8544,2498,4925,8873,371,8590,4253,6812,4115,1532,6652,---2,3,4,5,4,5,3,3,4,2,4,3,
4610,454,358,6024,2762,6306,2905,2733,1140,7278,5175,7124,---2,2,4,3,5,5,4,3,4,2,3,4,
2241,8836,2957,1194,9933,2607,5424,7960,6011,8572,61,---3,5,3,2,4,4,3,3,4,2,5,
641,4740,4135,967,2252,1198,84,1722,4251,572,4351,---4,3,3,5,4,3,3,3,5,4,5,
5600,3808,194,8516,8028,5986,6670,9775,7056,932,5372,---5,3,2,4,5,2,2,3,3,4,3,
3,7753,2423,8557,5042,4532,9718,521,4948,5242,3418,---4,2,4,5,2,3,3,2,3,4,3,
9985,134,2689,431,6896,2993,8339,4407,8957,3934,---3,4,5,5,3,3,2,5,5,5,
6945,1829,8870,4872,748,4975,2330,8191,7098,9279,---4,4,5,5,2,4,3,4,5,3,
3072,229,5479,8077,4398,9231,782,3830,1487,2973,---3,4,4,2,3,3,5,4,2,3,
8129,230,8553,7339,8268,4016,5842,7736,8956,7454,---4,2,3,4,5,5,2,2,5,5,
7586,1254,2150,6530,9298,4084,7668,9307,895,---2,3,4,5,4,4,2,4,4,
2176,4071,3369,4974,2640,1269,3130,6109,1982,---3,4,2,5,5,2,5,2,4,
5794,7963,7403,6829,1237,7639,5337,6587,9564,---4,3,5,4,3,2,5,4,3,
7030,6774,9029,7126,3671,3865,3900,6591,---5,4,5,5,5,3,2,4,
1735,3595,7535,2324,3285,1050,666,671,---5,5,5,2,4,3,4,3,
8769,4418,3046,7534,1520,817,4406,8569,---2,4,5,3,3,4,4,5,
7488,6823,424,1771,3981,4712,6686,4606,---3,3,3,4,3,5,2,3,
2624,2765,5101,9361,7413,4271,1549,6782,---5,5,4,5,3,3,4,5,
6564,9958,3654,1960,2763,9364,440,9308,---2,3,3,5,3,4,3,2,
3338,908,5263,5714,4659,5434,8911,6719,---3,2,5,2,2,2,5,3,
2437,9030,4233,975,7794,1385,9657,6970,---3,4,2,5,2,4,2,4,
4706,100,2439,488,4655,6928,278,3993,---3,5,3,5,4,4,2,5,
5543,970,4749,4559,9746,4052,9815,3709,---3,4,5,5,2,3,5,3,
3680,960,8259,7879,7085,9812,3194,7647,---5,3,5,5,5,3,3,2,
4867,268,6269,6000,1177,1789,4991,---5,5,4,2,5,5,3,
3643,7845,5478,4810,4829,2127,5002,---3,3,2,4,5,4,2,
3169,7943,8938,7088,8234,8445,---3,2,5,4,3,3,
7762,1603,9133,1550,8285,---2,2,3,3,3,
6144,698,1053,2895,---3,3,3,2,
2760,9552,9960,3950,---2,4,2,2,
3289,4138,8379,5636,---2,4,3,2,
7386,3946,9509,2517,---2,2,2,2,
2091,9457,7659,6398,---3,4,2,4,
3977,5241,2109,3175,---3,3,4,4,
6804,197,3638,8983,---3,3,4,3,
1450,1787,6534,8439,---2,3,4,2,
9688,2688,4386,6165,---2,3,2,2,
5737,4901,5622,2429,---3,2,2,4,
6656,2947,8583,6927,8471,1688,9501,6819,4005,2951,3628,8494,5163,2099,62,6723,9899,4428,3020,6096,2654,4703,608,8417,6370,355,740,7909,4200,4221,4081,9464,6397,3711,---2,3,4,2,4,4,3,5,5,3,5,4,3,2,2,2,3,5,3,2,2,4,2,5,5,4,2,4,2,2,5,4,3,2,
1537,2179,9860,4103,2955,7951,1815,6596,9329,301,5552,9331,7862,5183,1218,1091,6980,5071,986,3040,6116,111,4336,1393,3443,1917,5887,---2,4,3,2,5,2,2,4,3,5,5,4,4,5,4,2,4,2,3,3,4,4,3,2,3,2,3,
9346,1416,8706,2574,5392,5266,3735,5272,3761,3378,4403,6074,5437,7236,8774,5320,2249,5712,4313,5853,8546,8679,1682,3952,6898,1268,---5,3,4,3,4,2,2,5,4,2,2,4,5,4,3,3,4,3,3,5,3,5,3,5,2,2,
5384,7562,2315,1678,9233,5783,281,4764,5537,3868,4017,4542,8127,464,9047,8671,6499,8936,924,1518,8304,4456,632,890,---3,3,2,3,4,4,3,5,3,4,4,3,5,5,5,2,4,5,4,2,2,2,5,2,
1154,2563,3591,6924,2069,3742,4384,6818,4521,7220,8760,2106,188,4798,7617,9484,1314,8912,5589,3414,7415,9340,---5,4,3,3,5,5,4,4,4,4,2,5,5,5,5,3,2,4,3,3,5,3,
5698,5995,9379,2918,2344,9065,9611,3276,7597,1230,5584,5416,4627,3092,6990,1861,7156,9222,2779,860,8078,---4,3,2,2,2,5,2,5,2,2,2,4,2,5,3,5,4,5,5,5,3,
3499,4097,7426,8131,5316,2471,2187,8135,6188,8717,463,4205,49,2147,643,8692,5269,5657,4223,6781,4255,---3,4,3,5,2,2,4,5,2,5,2,5,2,4,2,4,3,3,4,3,2,
5504,6528,3650,6403,5572,2149,225,104,2206,554,3694,5309,9987,7646,502,4633,1725,7262,7359,---3,5,5,5,2,4,4,4,5,4,4,5,3,2,3,5,4,5,3,
4384,4147,2563,7653,1755,9927,9484,1095,940,9263,8048,9304,1859,2921,2616,3468,8347,2469,---4,5,4,4,4,2,3,2,4,2,3,5,2,5,4,5,5,2,
5492,1473,6850,7673,9441,2985,3916,7593,2224,7217,531,8147,4576,9302,6775,3961,1744,7486,---3,4,2,3,4,4,3,2,2,5,3,2,3,5,5,5,4,2,
9984,8929,2117,6921,9392,7820,6893,7917,2729,8346,8314,7702,2167,8920,9562,9499,6301,4191,---5,5,2,3,5,3,4,5,2,2,3,3,3,4,5,5,4,2,
8211,5249,7650,65,8120,3240,5386,7083,4936,1809,787,7636,2839,3192,3188,9480,5599,---4,5,5,5,3,2,3,5,3,5,3,3,4,5,2,3,3,
8576,5858,1732,2438,3304,7886,7946,1932,7725,590,9608,5715,1973,694,2842,602,---3,2,3,4,3,3,5,4,3,2,2,4,4,5,5,2,
7072,5051,8068,6833,2024,2857,204,1453,7504,4305,383,2516,4632,1115,94,4895,---5,3,2,2,2,2,2,2,5,2,5,5,3,5,3,2,
512,1665,8436,9830,8806,3530,7213,7024,5970,4275,3520,6262,4537,3002,3776,474,---5,5,3,3,2,5,3,5,2,4,4,5,5,5,2,5,
5323,3045,1000,6825,4298,9483,396,7342,560,3893,6459,6714,187,3101,3621,---3,4,2,3,5,5,5,4,4,2,3,3,4,3,3,
3461,2662,6826,9066,3239,2909,5810,2006,7833,5338,4091,5978,8542,6239,---5,5,3,2,4,5,4,3,3,3,2,5,3,4,
7393,8738,2595,8132,3077,2337,3625,8906,8655,1392,4467,3547,4156,159,---3,4,3,5,3,5,5,3,2,2,4,2,5,2,
2307,9380,3656,1322,8946,1935,5265,4754,7299,3316,4311,6340,2378,349,---2,5,4,3,2,2,4,3,2,5,2,3,3,4,
2496,5060,2227,4710,2824,7949,3215,7857,9043,7284,2453,411,5247,---4,5,3,4,2,5,4,4,2,5,2,3,5,
4544,4001,3399,333,7470,1519,4465,5746,4276,2639,1211,4284,4383,---4,3,2,3,2,2,2,2,2,4,4,5,5,
7937,5603,3973,3017,6892,6574,3632,3928,8531,9720,6169,5243,6128,---5,4,5,3,2,2,2,5,3,5,3,2,4,
4931,5988,2087,4265,7594,267,9778,6486,9335,539,3965,9694,4479,---3,5,4,2,4,3,4,2,4,3,4,5,3,
7219,8,5546,9911,7469,846,4307,9428,5655,25,1530,2173,9822,---5,3,5,2,2,3,2,5,3,5,3,2,2,
4419,8614,7080,1833,3506,1429,1304,7450,2843,6268,5725,3038,---4,4,4,2,5,2,5,5,5,4,3,4,
2912,6401,6181,8168,6089,842,9643,8631,7609,4602,3741,990,---4,3,3,3,4,3,2,4,3,3,3,5,
1634,1444,360,8137,5642,8492,6542,7151,4562,5646,1814,2655,---2,2,3,2,2,5,2,2,2,3,4,3,
7874,3,296,8557,1101,2799,4948,9718,4024,6905,8602,701,---5,4,5,5,2,3,3,3,4,5,4,4,
6820,2151,1033,558,6287,4400,4470,567,8219,5308,4029,---4,4,4,2,5,5,5,5,2,5,4,
7745,8643,3334,6119,3470,5616,5458,7989,3510,2583,7605,---5,4,3,2,5,4,3,2,4,3,5,
448,3872,4170,8747,2188,589,7058,6837,7738,9980,223,---2,3,5,4,4,3,2,2,3,2,4,
5667,5284,4037,8202,7854,2966,9497,3036,797,1206,---5,3,2,5,2,5,5,2,5,3,
8674,35,4677,1734,2408,1707,4697,9177,3403,7423,---5,2,3,5,3,5,3,4,5,3,
2432,6498,3251,2695,2602,2098,5683,2421,6488,4149,---5,5,3,4,4,4,2,2,2,2,
5217,9251,7819,5036,1933,6030,1618,6292,1302,4031,---3,2,3,2,5,5,5,3,2,5,
8992,2560,2789,5382,1224,3178,8363,7440,7933,3071,---2,5,5,4,4,4,3,2,5,5,
6464,4323,7754,8491,6220,3248,1974,6136,2140,---5,2,5,4,2,5,3,4,2,
931,3396,9094,8007,903,211,540,4126,8287,---2,3,3,2,2,4,5,5,3,
8802,2248,6697,7970,3213,3763,8822,7929,7551,---5,2,2,3,5,5,4,5,5,
9219,679,9577,9582,913,4466,693,4183,7838,---5,4,5,2,5,3,2,4,2,
6306,3140,454,2539,2733,2094,7124,2905,---5,4,2,4,3,4,4,4,
9153,3394,2979,4645,763,9939,7992,1947,---3,3,4,4,2,5,5,2,
3008,9828,2725,2118,399,5816,3450,5373,---5,2,3,4,2,2,4,2,
3072,5313,7334,8077,4398,3830,2236,7229,---3,3,3,2,3,4,2,3,
1577,3114,7852,8718,1650,691,8725,9943,---2,2,5,3,4,5,2,5,
196,8874,9450,6988,3032,6138,6683,2365,---3,4,4,5,3,4,2,3,
8033,4546,1475,1480,9164,5139,5749,8598,---5,4,2,4,5,3,2,3,
9058,4035,7237,9835,3155,5013,1526,347,---2,4,3,4,3,5,5,3,
8070,2637,8496,4243,3380,9976,5881,4923,---4,4,5,3,5,3,2,4,
3940,4041,8461,9924,1748,6998,1881,2555,---4,3,5,5,2,4,5,4,
4832,4130,5828,7377,7767,3546,2621,1279,---3,4,2,3,2,3,4,4,
384,9766,7692,3471,5234,4278,5112,7390,---3,5,3,3,2,5,5,5,
4614,7591,2184,3791,3602,339,6552,---4,2,5,3,4,3,3,
1220,1544,8490,7980,9075,5882,6270,---3,2,2,4,2,2,2,
54,8076,5839,4496,8117,3446,4477,---2,4,3,3,3,3,3,
8784,1346,5956,5541,7856,5488,8566,---2,4,2,2,5,4,5,
4744,4682,1773,9423,1554,500,8283,---2,4,3,4,2,4,3,
6502,8944,5427,5784,3678,7903,---3,4,5,4,2,3,
9700,9268,5621,854,4889,5403,---3,4,2,2,3,5,
7860,2084,1510,3758,4583,---5,3,4,3,2,
6025,275,8537,3302,227,---2,3,2,5,3,
4104,8056,8178,8682,1423,---5,3,3,2,3,
2160,3587,3532,8379,---2,2,3,3,
344,6184,9877,814,---2,3,2,2,
9952,4589,3645,---2,2,3,
8779,2070,3303,---2,2,3,
6544,2275,5059,---2,2,3,
1793,6404,8193,5384,2441,2058,2315,401,2451,281,2841,4764,2205,804,5288,553,2013,5680,690,3765,9789,7358,8127,7616,7489,4816,9047,890,464,9831,2290,2938,---2,4,5,3,5,2,2,5,5,3,5,5,3,4,4,5,2,3,2,5,5,4,5,5,5,4,5,2,5,2,4,3,
6146,5762,6293,1686,38,5035,9395,438,7997,9668,7365,70,4167,5582,4819,4055,5080,8669,2537,8691,9594,6780,---3,3,3,4,3,4,2,5,4,5,4,4,3,4,2,5,5,5,3,3,2,4,
1923,1033,9493,4374,8219,2589,8991,6820,558,4400,8625,9782,4027,4029,8521,7498,9935,6742,2653,742,8811,6388,---4,4,4,2,2,3,4,4,2,5,4,3,4,4,4,4,2,2,4,4,2,5,
9152,9217,2435,5892,6294,636,7089,5960,9865,7626,3467,3411,6929,6258,2259,534,6467,2379,1916,8040,---3,3,3,3,3,3,4,4,3,3,2,3,4,3,4,2,2,4,2,3,
3200,6629,6897,8520,9609,3431,4300,5197,6749,6801,2738,4596,6933,2316,7401,8761,6710,9937,8830,---2,4,3,4,2,5,3,4,2,5,2,3,3,2,3,5,5,3,4,
5121,8547,7109,7270,4296,7785,4955,7371,8622,9163,7302,1295,5268,4919,2200,2164,7194,7675,6619,---2,4,3,2,3,2,5,5,3,3,4,4,5,2,2,5,2,4,4,
246,6148,950,8966,3505,7529,5419,2924,7037,92,9297,2229,6006,9161,6362,3291,412,8765,5918,---5,5,4,4,4,3,4,2,3,3,5,3,3,5,2,2,3,3,5,
9729,9083,6821,3679,4705,1512,3241,7658,6221,8303,7601,7123,6014,3225,4378,5695,9402,1118,4095,---2,2,3,3,3,4,2,5,2,2,2,3,3,2,3,2,4,3,5,
8656,3746,4773,7303,1388,7915,4044,6114,398,4656,4913,1078,2953,1497,22,4699,2526,191,---2,5,2,4,4,5,3,3,4,5,2,5,5,2,4,5,2,2,
5248,3106,9475,849,2056,9449,1802,6923,8014,6607,1361,6115,1046,6263,4331,603,9055,4447,---3,3,3,3,4,5,5,4,5,3,3,2,4,5,2,4,3,4,
6948,6693,6598,9644,4716,4366,1103,1104,7827,5422,1174,7256,9190,9884,6557,4766,4127,---5,5,5,3,3,5,2,2,2,5,5,5,4,2,4,3,3,
4961,8075,7045,9127,8587,6511,9712,3441,3892,5430,1016,5108,3258,2415,1711,2302,7615,---4,2,2,3,3,4,2,4,4,5,2,4,4,4,5,5,5,
640,6789,5000,8425,4842,9963,4015,9648,8360,7859,8382,8821,4730,3646,1022,9717,---5,2,3,3,2,2,5,2,2,2,5,5,2,3,3,5,
896,1409,4007,523,4868,2917,5729,8459,3762,7118,2383,8240,7698,6645,5110,6463,---5,4,4,3,5,5,2,3,2,5,2,3,3,3,4,2,
9953,2179,9412,8985,4103,9833,2026,3425,1775,4336,6162,4980,1815,5780,5071,1917,---4,4,5,3,2,5,3,4,3,3,3,4,2,4,2,2,
9888,383,7012,5799,2024,2857,5003,204,1453,3214,4305,5331,4503,3176,4667,8799,---2,5,3,5,2,2,3,2,2,5,2,4,2,5,4,2,
4481,6786,2813,2661,2694,993,5705,9610,5327,2610,9347,2997,6217,5144,1852,7005,---5,2,5,4,5,5,2,4,4,5,5,4,2,2,4,2,
80,963,5852,9326,6156,8205,9134,7023,944,9488,4595,9300,6229,4022,1389,5180,---4,2,2,5,2,5,5,2,2,3,3,2,3,4,5,3,
1632,5121,4955,8374,7785,9163,1295,2164,1726,6902,2137,7194,3579,6396,5917,318,---2,2,5,5,2,3,4,5,3,4,5,2,4,3,3,2,
4448,5889,2347,2852,6177,8402,8329,4107,3858,3053,4050,1496,2020,9210,9885,---4,3,2,5,4,4,2,2,2,4,3,3,5,3,3,
4288,6305,7202,8195,2603,6669,5166,7887,9456,1907,3540,4469,7127,2296,9012,---2,3,2,4,5,4,3,3,2,3,3,3,2,2,2,
3521,7589,8775,1084,1866,8267,8172,8397,8533,3862,7832,9628,3292,2301,8965,---5,5,3,5,2,5,5,5,5,5,4,2,3,4,5,
3275,7684,8837,9704,8235,7724,8788,9667,724,7669,1463,5753,3930,7131,7134,---4,3,2,2,3,4,3,5,4,2,2,2,2,3,4,
6084,3461,5244,6826,3563,9066,2006,3000,7833,5978,4091,796,2909,5338,6239,---5,5,4,3,3,2,3,3,3,5,2,3,5,3,4,
4579,1094,7431,8424,4999,9580,9903,7984,4244,8565,6872,7132,5310,6485,---5,2,3,5,2,3,4,2,5,2,4,3,2,4,
6689,9666,5275,4063,3879,8123,3407,6324,4693,8022,827,2748,3102,415,---2,5,3,3,5,4,2,4,4,5,5,3,4,2,
2560,5089,2019,2789,5382,1224,3178,8363,4332,7440,564,601,4080,---5,4,4,5,4,4,4,3,3,2,2,4,5,
7040,9602,8290,8681,2314,6658,1445,6771,2551,9016,3867,702,1695,---3,3,2,3,3,4,4,2,4,5,5,4,3,
1857,3043,7430,4811,7233,7528,1227,6887,3636,213,2872,8381,6526,---2,5,2,3,2,5,3,5,2,5,5,4,2,
9856,6597,9318,7433,8907,1614,8913,882,179,7708,125,2623,---3,3,5,5,4,2,5,5,4,2,5,5,
9666,5275,6569,3407,1531,6324,2741,1353,8123,2748,3613,4063,---5,3,4,2,2,4,5,5,4,3,3,3,
9360,836,7527,6635,7652,7911,7152,9970,8103,2232,9753,4762,---5,2,5,4,4,3,2,4,5,4,4,3,
8545,1028,133,5766,232,4619,2000,8313,7800,6425,5085,7390,---4,4,5,3,4,3,5,4,4,4,4,5,
3838,1830,9505,3784,4906,9741,1326,5455,1358,47,3837,3326,---4,3,3,3,2,2,5,2,3,5,4,5,
2369,9155,5540,586,3159,8718,691,6228,9943,9850,2652,778,---4,5,4,4,3,3,5,3,5,2,4,3,
3297,6947,6022,6241,1992,2218,3760,242,1365,7351,4752,6302,---3,3,4,4,5,4,4,2,5,2,4,3,
7396,7781,2024,2857,204,941,4305,5331,7012,8799,6172,383,---3,2,2,2,2,2,2,4,3,2,3,5,
3809,9763,8741,4551,9767,7756,5549,3985,6039,9788,7141,---3,5,2,2,3,5,5,5,4,4,5,
3876,2321,5865,7407,4848,9489,1042,5176,2936,7258,2494,---5,2,4,3,2,2,2,2,4,5,5,
8448,8289,1795,3734,8746,2827,206,5558,4823,2552,5435,---5,3,2,4,5,4,4,2,4,4,2,
832,3683,261,8362,6095,5360,2033,403,2935,9017,7357,---2,4,3,2,2,4,4,4,4,4,5,
5512,555,622,1905,818,2702,5879,2169,9051,8700,829,---3,2,4,4,5,3,2,2,2,3,3,
6336,1763,5444,8657,5518,8707,9137,6547,8174,2231,1692,---3,4,4,4,5,5,4,4,2,3,5,
9792,1056,7112,9257,172,7565,7280,4085,8489,2380,633,---2,5,2,2,2,5,3,2,3,5,3,
832,3683,261,297,1197,6095,5360,2033,403,9017,7357,---2,4,3,5,4,2,4,4,4,4,5,
5985,4514,1387,5387,2701,719,7248,1781,1337,3087,2111,---4,2,5,2,4,4,4,3,2,4,3,
2272,7584,7174,5830,942,509,6675,8366,2202,4794,---2,4,4,4,2,2,4,3,4,2,
8448,8289,770,1795,8964,2827,6478,6033,437,3734,---5,3,5,2,5,4,4,3,3,4,
4738,4790,3975,8597,1730,2734,565,5238,9084,1055,---3,3,3,2,3,4,3,2,4,4,
3939,6863,8440,2707,2708,9237,5974,9272,1659,8373,---2,5,3,4,4,2,4,3,5,5,
2593,7140,9413,7047,364,7309,4046,8596,6101,5819,---3,4,3,5,4,2,4,2,2,2,
736,1025,5064,8860,4845,1806,168,7640,8508,31,---4,5,5,2,2,4,3,2,5,5,
5412,2790,8875,8876,8017,9490,697,8057,8954,1305,---4,3,4,2,5,4,5,3,4,5,
7844,5078,4807,4335,3474,1236,7574,3109,1183,---3,4,2,3,2,4,3,2,3,
1922,7366,6407,994,6639,435,7735,88,1725,---4,3,3,4,4,3,5,3,4,
8001,7588,129,201,7505,5910,4457,7803,6332,---5,5,3,2,5,2,5,3,3,
9216,2343,7945,6314,1111,6732,6097,9321,8573,---4,4,2,5,2,3,3,2,2,
7392,9030,3016,4233,975,3880,7794,7893,8186,---2,4,3,2,5,4,2,3,4,
9411,1552,3249,8914,7188,6166,664,1428,2780,---5,5,5,2,2,2,2,5,5,
9504,3301,3944,1099,9201,6360,5467,3644,9022,---2,4,4,5,5,4,2,4,4,
736,1025,2821,5064,4845,9109,8860,7902,---4,5,2,5,2,5,2,4,
4481,9347,7446,7462,6358,5144,1852,4189,---5,5,4,4,2,2,4,5,
3813,4039,7670,3854,3826,8694,3963,5149,---2,2,3,5,2,2,4,4,
994,7366,6407,74,6639,435,8212,7735,---4,3,3,5,4,3,4,5,
5760,7076,7238,6504,562,8754,21,7705,---2,2,3,2,2,5,4,5,
4515,5637,9418,4364,1714,4601,186,---5,2,4,5,3,3,4,
8065,230,647,8968,7339,4016,5842,---3,2,2,3,4,5,2,
8000,3203,4838,1589,8155,830,4831,---2,5,4,3,3,3,5,
6727,3785,7405,3598,8729,8922,5562,---4,3,4,2,5,4,2,
3844,2803,1306,731,8636,6365,---4,5,5,2,5,2,
544,1825,9315,1513,4433,6003,---4,2,5,5,2,4,
1827,7813,1199,9366,7375,8190,---4,4,5,3,3,3,
8416,8499,6218,2131,3031,7580,---5,3,5,4,5,5,
7456,738,4586,6646,4234,670,---3,4,4,4,4,3,
0,6960,981,9945,4987,5117,---2,2,3,5,2,4,
1824,7814,7500,6226,2677,2133,---3,4,3,3,2,2,
1271,8270,4688,3703,4188,7581,---2,3,2,3,5,4,
2360,5396,1210,2372,8221,---3,2,5,3,3,
1600,672,1739,8239,7081,---4,2,4,2,4,
4472,5745,4981,4649,9447,---2,4,5,4,4,
3695,1204,5927,---3,2,2,
9324,4933,6719,---3,2,3,
2403,4805,---2,2,
8958,2686,---2,2,
9064,4569,---2,2,
7848,4177,---2,2,
1132,9199,---2,2,
9485,6545,2706,8213,9110,2845,6562,6565,4262,809,2349,5169,2226,3129,1087,4169,1740,7374,335,3536,2916,3553,7522,1124,5222,7014,4971,7020,1261,8942,7154,4725,8570,7420,---4,4,5,4,2,4,2,5,4,5,3,4,5,4,4,2,4,5,5,2,2,3,4,3,5,5,3,4,3,2,2,3,3,3,
1537,2179,9860,4103,2185,2955,7951,8209,1815,9329,301,5552,1588,4361,5183,1218,1091,6980,5071,986,3040,5755,998,111,4336,1393,9331,959,1917,5887,---2,4,3,2,5,5,2,2,2,3,5,5,5,5,5,4,2,4,2,3,3,5,5,4,3,2,4,4,2,3,
6146,9738,5762,4881,6293,1686,4894,8669,9395,438,7997,9920,9668,70,7495,3788,5582,4819,5973,4055,5080,9594,1875,9832,4201,8691,2537,1146,6780,---3,2,3,2,3,4,4,5,2,5,4,2,5,4,3,4,4,2,4,5,5,2,2,2,4,3,3,2,4,
4,3467,5004,4110,1296,2968,7331,5156,7846,1581,7089,2482,9011,5557,3254,4026,5960,4042,9685,7897,3674,2525,8032,8998,8945,9851,1916,---5,2,3,4,5,4,3,2,5,4,4,4,4,3,2,5,4,4,4,2,5,5,3,4,4,3,2,
8962,7557,1801,6155,5909,1435,9116,155,2468,3623,1070,2100,1848,6452,1215,6219,591,5329,9556,6366,9826,6993,3564,5617,3572,7797,7035,---4,3,5,4,4,4,5,4,2,3,5,4,5,2,5,5,2,2,5,4,3,4,3,5,2,4,2,
3972,407,9743,8087,2970,6173,4256,421,7665,8306,4536,6981,3153,6612,5845,9048,6494,6628,1894,614,7912,4074,8687,753,4082,7548,---3,3,4,3,3,2,3,2,3,5,4,3,5,4,2,4,2,5,5,3,4,4,3,3,2,3,
3972,407,9743,4501,8087,4100,2970,5407,4256,753,8306,4536,2114,6981,3153,6612,5845,9048,4325,6628,1894,614,8687,7665,4082,7548,---3,3,4,5,3,3,3,2,3,3,5,4,2,3,5,4,2,4,3,5,5,3,3,3,2,3,
1536,3971,3084,5263,9242,2461,3359,675,2982,1607,8119,3778,5063,9160,1609,5714,8915,8276,2518,9442,4451,7147,494,5587,118,7671,---5,2,2,5,2,4,3,3,5,4,2,3,4,4,4,2,3,5,4,2,5,3,5,3,4,3,
3200,9609,9482,2316,2831,6933,5538,6442,4524,1454,2738,6710,2747,8520,4300,5197,9937,6610,6749,6629,3431,7401,7148,8146,6897,8830,---2,2,2,2,3,3,3,2,4,3,2,5,3,4,3,4,3,2,2,4,5,3,4,4,3,4,
256,7041,5891,137,1804,2321,8342,27,2719,3876,2597,9773,1759,5694,1903,2885,713,4318,5797,5865,7407,4848,2936,3581,---4,2,3,5,5,2,5,2,5,5,2,3,2,4,2,5,2,5,4,4,3,2,4,3,
993,6786,9347,2661,2694,4481,872,6217,9610,8417,8110,5327,8785,2610,819,2997,5705,5144,2329,1852,355,---5,2,5,4,5,5,2,2,4,5,4,4,2,5,4,4,2,2,4,4,4,
4097,2187,5316,2471,231,3720,8135,8717,9198,463,4205,2147,643,5269,5547,5657,5747,4223,6781,8131,4255,---4,4,2,2,2,5,5,5,5,2,5,4,2,3,4,3,3,4,3,5,2,
4288,8577,7202,8195,2887,2603,3540,6669,5166,7887,9456,1907,9012,4469,7830,9250,2296,2937,3533,9396,---2,3,2,4,2,5,3,4,3,3,2,3,2,3,2,4,2,5,5,3,
8320,4384,2563,7653,6924,1095,9484,4147,9927,940,9263,8048,1859,8347,9304,3468,1755,3742,2469,---5,4,4,4,3,2,3,5,2,4,2,3,2,5,5,5,4,5,2,
3265,4642,7459,871,8559,3913,9003,8130,5199,3984,3922,3459,5022,1910,8089,3027,7003,5054,1843,---4,2,5,5,4,2,2,2,5,5,2,3,2,5,3,2,3,2,3,
9185,2659,6852,4229,2473,3116,6738,110,8719,3120,5426,3860,887,7448,1172,9417,271,8282,8895,---2,3,5,3,2,5,5,3,4,2,3,3,4,3,3,2,2,4,3,
2671,801,7139,3611,4455,7690,1149,687,3439,3507,8301,9846,7224,6589,9179,7644,3421,3614,---5,3,2,3,2,4,5,4,5,2,4,5,2,4,5,3,5,3,
5570,6129,3046,6919,1352,3427,3047,9362,2830,1967,7362,4657,2802,6643,1461,817,5084,6077,---4,2,5,5,3,5,3,2,5,3,5,5,2,4,4,4,2,5,
801,6245,2627,2788,9846,5286,1832,4905,2251,9804,8301,2371,7254,2489,6540,7644,1149,7139,---3,5,2,3,5,4,2,2,4,5,4,4,3,2,3,3,5,2,
3905,4994,3803,5157,3143,8200,3049,1767,4144,5008,2225,9339,6773,5336,3738,2431,5502,5919,---3,5,5,5,2,5,4,4,5,4,5,5,5,5,5,4,3,5,
3649,7810,1219,4196,1285,5318,6185,6954,5867,1007,7216,3091,7092,2219,56,3293,2814,---5,3,3,3,3,5,5,3,5,5,5,3,5,4,5,2,5,
8672,8288,5699,9062,870,6279,4361,6093,3011,6325,1065,3544,5177,5755,7485,998,2399,---2,2,2,3,5,5,5,4,2,4,5,4,2,5,2,5,4,
2464,4737,7877,426,7563,493,9966,3133,1171,5422,1942,8695,824,3069,2300,8989,3466,---5,2,2,3,3,2,4,5,3,5,4,2,3,4,3,5,3,
2912,1156,2148,6181,3560,6089,842,9643,1548,2990,2512,881,8307,2862,2040,2265,2588,---4,2,3,3,5,4,3,2,5,3,4,2,2,2,3,4,4,
4353,8770,4998,4390,1799,8444,2986,8930,6193,465,4150,2722,6687,3807,6940,7722,7295,---4,2,3,4,5,2,4,2,2,5,5,5,3,3,3,5,4,
65,4866,5249,3240,5386,7083,4909,8280,7922,787,7636,8438,6904,3188,9914,9480,---5,2,5,2,3,5,3,4,2,3,3,4,3,2,2,3,
7328,3296,2700,7201,3335,5897,266,6187,8812,8302,2096,241,9175,6906,1342,5663,---2,3,4,2,5,5,4,5,2,2,2,4,4,2,5,4,
4385,3938,8447,8841,3979,5229,879,1425,2483,6676,479,3145,120,3967,1790,6015,---4,3,2,3,5,4,4,5,3,3,2,5,3,4,5,4,
6274,3141,5926,3116,5426,3246,541,8624,7313,6738,6870,6167,3448,2038,271,3677,---5,2,5,5,3,4,3,5,4,5,4,2,4,2,2,4,
2048,7777,630,6631,3112,7660,7726,2256,785,7476,8949,8086,663,3608,126,2325,---2,5,3,2,2,3,2,5,4,3,5,2,3,4,5,4,
3648,1986,6329,4293,6375,8136,6135,6791,526,7125,9558,759,4344,8889,6204,6045,---2,4,4,4,5,5,3,2,3,3,4,5,5,4,5,4,
6315,8549,2758,2535,8392,1289,2475,1679,4945,3891,9780,4757,9112,60,2877,8031,---4,2,3,4,3,3,4,3,4,5,2,2,3,2,4,3,
3400,9827,4870,6792,5148,106,5260,4092,2478,1839,7473,6163,7579,4476,510,---3,2,5,3,5,4,2,5,5,5,2,3,3,5,3,
1984,2529,2180,8739,4804,4040,6986,2318,659,2806,9369,3578,7259,7036,3775,---2,3,5,3,3,2,2,5,3,3,3,5,5,4,5,
5985,4514,1147,7175,2111,1387,2701,719,1781,7096,1337,7871,6844,8606,9727,---4,2,4,4,3,5,4,4,3,4,2,5,4,3,4,
3620,6854,9606,1320,7849,3660,9288,6579,6966,4489,169,3642,6267,1052,5466,---5,3,4,2,3,3,4,2,4,4,4,4,5,5,5,
7265,5007,7942,7435,2994,8526,1421,3346,5491,9334,5463,1439,7069,5246,1311,---5,4,2,4,3,3,2,4,2,2,2,4,3,4,5,
6139,3076,5969,7976,9961,1004,8877,3953,3890,2548,7927,9146,4539,1533,9714,---4,4,4,4,3,2,5,4,2,3,3,5,4,5,2,
1153,4772,8326,391,936,8233,754,6255,9842,7028,3030,9481,3770,6523,2605,---4,3,3,3,2,3,3,2,2,2,3,4,2,2,4,
2224,6850,1473,7593,3916,1744,9458,8147,5492,9302,2985,7673,7451,9468,---2,2,4,2,3,4,4,2,3,5,4,3,4,3,
2048,7777,5283,630,6631,2030,785,7476,2325,8086,663,3608,126,8949,---2,5,2,3,2,2,4,3,4,2,3,4,5,5,
4259,7972,8901,9852,5310,8284,6290,2836,6485,2793,9903,6428,1853,7166,---2,4,3,2,2,4,4,5,4,2,4,2,3,2,
1474,5179,1162,2922,6946,4157,7696,4661,3831,1753,6330,9359,8794,4575,---3,4,3,4,5,5,4,2,4,5,3,2,5,2,
9376,7553,652,551,4297,9612,781,4206,9421,3308,7319,4282,3951,893,---5,4,2,2,5,2,5,3,2,4,4,4,4,5,
8481,4675,6999,1324,2445,9551,8803,5027,6871,1272,8079,5980,3197,1182,---4,3,2,3,5,5,4,5,4,3,3,4,5,4,
1120,1633,9798,3949,5548,5708,1549,5101,8272,9361,7413,2198,3183,6782,---3,4,5,2,5,4,4,4,2,5,3,2,5,5,
1120,1633,5708,9798,5353,5548,3949,3183,8272,9361,8319,1724,3518,3391,---3,4,4,5,4,5,2,5,2,5,2,3,5,5,
6369,962,3875,8394,8951,6909,8244,7221,9878,3959,2493,7162,3818,1151,---3,5,4,3,5,3,2,3,5,2,3,5,5,3,
9216,4422,9894,103,2600,7945,6845,8688,1048,1842,4309,4504,8573,---4,3,3,3,2,2,5,2,4,3,3,4,2,
7747,9159,4168,812,1868,6318,4600,3363,2292,1270,7608,4089,2782,---2,2,3,4,2,4,5,4,5,2,5,2,5,
3520,3776,8806,9830,1665,4142,512,3923,3028,6262,3002,6364,2373,---4,2,2,3,5,5,5,3,2,5,5,4,5,
9440,6498,9187,1093,2983,2602,2287,2098,4020,4149,1207,9578,3685,---5,5,2,5,2,4,4,4,2,2,4,4,2,
641,3779,7729,1198,8592,5681,146,2046,4281,572,4989,3166,469,---4,5,5,3,2,2,3,4,5,4,3,3,4,
2016,5953,3024,8104,6890,6284,4302,9808,5428,7680,4057,4857,2172,---2,4,2,3,4,2,2,5,5,4,3,2,3,
5156,3525,6728,3882,3023,9585,1844,7925,5719,6008,4164,2525,3327,---2,4,4,4,2,5,3,2,5,3,4,5,4,
6784,2210,5924,2470,519,2601,7010,8046,6480,9074,3332,1370,3772,---3,5,2,2,2,4,4,4,2,3,2,3,5,
6336,8707,7110,9137,1164,6828,653,8657,1763,2231,9530,5595,1692,---3,5,4,4,2,5,3,4,4,3,4,5,5,
9666,827,9883,8123,3407,5972,4693,8022,6324,5275,2748,3613,4063,---5,5,3,4,2,5,4,5,4,3,3,3,3,
2976,9793,4611,3976,7625,4298,5323,2124,7342,7380,8245,6716,---2,3,5,4,4,5,3,3,4,3,4,2,
9665,9603,2213,2440,3052,3816,7336,7506,9748,5913,8796,2174,---2,2,4,3,2,2,3,3,3,5,5,4,
7618,3,296,1101,8557,5042,4532,9718,4024,6905,2799,4948,---5,4,5,2,5,2,3,3,4,5,3,3,
8128,8354,4443,6822,2193,7251,1333,7959,1784,9115,6908,8637,---3,2,5,5,3,4,4,3,4,3,2,5,
6400,3363,5835,9159,812,3147,1868,6318,2292,4600,4089,2782,---3,4,2,2,4,3,2,4,5,5,2,5,
4961,8587,7045,5638,9127,8075,7150,6511,9712,5876,3892,2302,---4,3,2,2,3,2,4,4,2,5,4,5,
3873,4294,2631,873,7179,7021,4090,5522,3609,1882,26,926,---2,2,5,2,4,3,2,2,3,3,5,5,
4064,289,7619,1764,1966,2481,4990,4758,282,6140,4442,478,---4,2,3,2,2,5,4,2,4,5,2,3,
4096,9697,3812,1957,3820,6414,2703,5361,5939,5172,9591,6233,---2,3,2,4,5,2,5,4,3,3,3,2,
6224,5608,585,6538,5324,3312,7633,341,457,9755,8924,3370,---3,4,3,3,3,2,5,2,5,3,3,4,
5025,4738,6179,3975,6956,1730,2734,3151,6065,1155,8597,1950,---3,3,2,3,5,3,4,3,3,2,2,3,
3328,4385,8647,9575,136,2345,6855,6286,9745,8727,7161,479,---4,4,3,3,4,5,3,3,4,4,2,2,
7520,3458,1189,6566,3211,6444,1840,6002,6328,4058,9723,8058,---4,5,4,4,3,3,2,3,5,2,5,4,
6464,3136,4323,8491,6220,8589,3377,9266,6419,6136,2140,9215,---5,5,2,4,2,2,2,3,5,4,2,3,
7744,1089,2498,8677,6812,4925,316,8873,9807,6652,4253,5631,---2,5,4,2,4,5,4,4,5,3,3,2,
5120,2338,9221,743,5225,9419,7117,5325,5842,3605,4623,8251,---3,3,5,2,5,4,2,3,2,3,4,5,
7030,1961,4522,3671,8463,9009,8150,1081,3865,4415,9790,6591,---5,3,3,5,4,4,4,3,3,2,3,4,
7329,4130,5828,3205,4199,1870,7377,4181,2678,3546,8315,1279,---3,4,2,3,5,3,3,4,3,3,5,4,
4768,4709,328,2410,9676,6253,6704,1553,8850,8025,9435,1246,---4,3,5,3,2,4,5,2,4,4,2,5,
6017,6786,899,2661,2694,9610,2566,2997,3704,2878,1535,---2,2,4,4,5,4,3,4,5,4,2,
4064,5505,1764,2406,6125,8214,1176,9274,6140,4538,7999,---4,5,2,5,3,2,4,3,5,2,4,
320,6085,199,7144,7689,9733,6161,2484,7066,1469,4735,---3,2,2,2,4,3,3,5,4,4,2,
289,8134,5777,461,1966,2481,6995,314,2427,5629,478,---2,4,4,4,2,5,5,3,5,4,3,
6371,3268,5029,8743,5127,7344,5987,3416,4324,5885,8613,---4,2,5,5,2,2,2,3,2,5,3,
7748,950,5425,9161,9297,2229,6006,6148,6362,3505,53,---4,4,4,5,5,3,3,5,2,4,3,
9547,3844,3495,4235,7352,2803,150,4663,8152,8636,6365,---3,4,5,2,4,5,5,2,4,5,2,
2016,5953,8104,6284,4302,3024,5428,7680,9808,4057,3358,---2,4,3,2,2,2,5,4,5,3,2,
8002,7269,8460,6379,1887,6623,953,8410,1275,7198,6655,---3,5,4,3,5,3,3,2,3,2,2,
9281,9990,2920,8777,2157,2159,6225,3730,7733,3033,4412,---4,2,3,4,3,4,4,5,2,3,2,
2724,2570,3596,4528,5873,309,9879,4728,7642,3034,949,---2,2,4,5,4,5,3,4,4,5,2,
9568,2608,1954,1635,1675,2764,3920,3090,9107,2008,4765,---3,5,2,3,5,5,5,3,4,3,3,
6405,5991,7768,9707,6860,621,7761,3539,6809,312,2611,---5,2,2,3,5,5,3,2,4,2,2,
737,5794,7403,4780,6829,5489,4820,1237,7639,6587,9564,---5,4,5,3,4,5,4,3,2,4,3,
8066,2475,8549,6315,9954,9112,4945,5650,760,2877,8031,---5,4,2,4,4,3,4,5,2,4,3,
128,642,8517,1287,10,2978,8469,2392,8220,6877,8638,---4,3,2,4,4,3,4,2,5,3,4,
352,4289,1634,8137,1170,5646,6575,7602,5300,4634,7151,---2,5,2,2,2,3,2,4,5,2,2,
837,649,9291,4844,3341,9101,6481,6578,5299,8309,1630,---4,2,2,3,2,4,2,2,2,4,2,
2658,1035,6047,1867,4011,7182,6900,9151,3389,4287,---3,3,3,4,2,3,3,4,2,5,
2976,4611,3045,4298,5323,7342,560,9522,8245,3101,---2,5,4,5,3,4,4,4,4,3,
4996,4742,7492,2072,3538,1491,2840,6777,6682,5499,---4,4,3,4,3,3,5,5,5,2,
9536,3361,167,2826,2636,9521,6352,8977,9172,2609,---5,5,5,3,4,4,3,2,4,5,
9873,581,615,5673,906,9777,2739,4312,442,2620,---3,2,2,4,4,4,3,3,3,2,
320,8796,9226,7947,8750,7506,9267,9748,2556,2174,---3,5,5,4,3,3,2,3,4,4,
6369,3811,4747,8430,1251,7221,8951,3875,6475,4799,---3,5,5,4,4,3,5,4,3,3,
1707,4677,4697,2405,2408,5291,9177,5465,9597,7423,---5,3,3,2,3,4,4,2,2,3,
293,1420,6605,9616,7443,4180,5493,1364,9370,9823,---3,5,5,5,2,2,3,4,3,4,
3819,5512,555,2702,1905,818,5879,9051,8700,829,---3,3,2,3,4,5,2,2,3,3,
3266,4419,8943,3506,1304,7450,2843,6268,5725,3038,---4,4,5,5,5,5,5,4,3,4,
4568,8646,7240,4119,2417,5462,1143,7192,2586,8604,---2,3,4,2,3,3,4,5,5,4,
4579,1094,2663,8424,6316,7984,8565,6872,7132,5310,---5,2,2,5,4,2,2,4,3,2,
6976,9537,3782,8615,9322,7087,2942,9660,9598,3637,---2,3,4,3,3,2,2,4,3,3,
2724,2570,3596,1102,5873,309,9879,4728,7642,9306,---2,2,4,2,4,5,3,4,4,2,
9604,5062,6417,1641,5770,1515,9041,9596,8714,6174,---4,5,2,4,3,3,3,3,2,2,
9760,610,8037,6342,2412,2705,3513,9498,1277,5343,---5,4,5,4,3,3,5,5,5,2,
8993,9474,3398,2433,3688,4970,7629,117,7978,7518,---2,2,3,3,5,2,5,5,5,2,
4417,1541,8969,6763,5585,4818,5652,4694,8297,5270,---3,3,5,2,3,3,5,3,3,3,
8548,2949,5609,6092,4590,3088,1777,8371,3220,5758,---2,4,5,2,5,2,5,3,3,2,
3136,9607,1447,8269,336,8370,2810,1851,5213,5439,---5,3,3,2,2,4,2,4,2,4,
8426,2796,4558,9647,3987,4308,7703,6041,8703,---3,3,3,4,3,4,2,5,4,
4681,3021,2190,143,7502,3255,6139,4349,3582,---3,2,3,5,2,2,4,5,4,
1120,9798,5353,5548,8272,9361,9234,3518,5708,---3,5,4,5,2,5,3,5,4,
6944,8593,529,2581,6614,1592,8281,1662,6741,---4,5,3,2,5,3,4,4,3,
3520,3530,5970,7213,7122,8436,4537,474,2940,---4,5,2,3,2,3,5,5,4,
5217,9251,7819,1933,1618,6292,1302,7996,4031,---3,2,3,5,5,3,2,3,5,
8646,5513,4119,2417,3859,5462,1143,7192,8604,---3,4,2,3,2,3,4,5,4,
8646,3655,4119,2417,3859,5462,1143,7192,8604,---3,2,2,3,2,3,4,5,4,
8002,7269,8460,9410,6655,8410,1275,7198,6623,---3,5,4,4,2,2,3,2,3,
7844,4807,4335,3474,5363,1236,7574,9220,1183,---3,2,3,2,3,4,3,3,3,
1415,2696,587,7508,4342,2263,4088,9276,9405,---3,5,2,2,3,5,4,2,5,
5378,8008,7274,8523,4531,3434,2295,4458,6334,---5,3,4,4,5,4,5,4,3,
6112,9792,5482,7565,7280,8274,1555,7479,633,---4,2,5,5,3,5,5,5,3,
3755,7622,8299,8588,8015,4399,3417,59,4892,---3,3,5,2,2,4,5,5,5,
4448,1219,2852,4107,9649,4050,1496,9885,---4,3,5,2,2,3,3,3,
8004,5963,684,6029,6831,2257,7876,1945,---3,3,2,2,2,2,2,4,
3488,2250,8724,342,5211,3548,2186,6558,---4,5,3,5,2,2,3,4,
2209,7970,771,2248,6697,3213,7475,2933,---3,3,2,2,2,5,5,4,
1249,3051,3535,9108,8661,3348,5692,9407,---4,5,2,2,5,3,2,4,
4739,3051,3535,3348,8661,3732,5692,9407,---4,5,2,3,5,4,2,4,
3432,2956,9837,2606,5296,6001,9491,757,---5,3,5,2,3,4,5,4,
3105,9283,69,4033,6445,6137,4986,6907,---2,3,5,5,2,2,3,4,
8873,8590,4925,4115,6835,6652,1532,4253,---4,3,5,2,2,3,4,3,
7464,5678,4751,3667,852,9337,859,9919,---3,4,2,2,4,3,2,4,
3940,2555,9924,4041,8461,9967,1881,1339,---4,4,5,3,5,5,5,5,
5568,5442,2614,3661,2674,1590,8504,3710,---4,3,4,3,5,5,3,4,
2624,8646,7240,13,5462,2586,8604,---5,3,4,3,3,5,4,
3873,4294,7179,5522,658,3609,926,---2,2,4,2,5,3,5,
9282,8772,5167,4724,2519,2804,9567,---4,3,5,4,5,3,2,
3809,7141,582,9352,7756,3985,6039,---3,5,2,4,5,5,4,
450,2587,8207,5808,9145,1359,29,---3,4,2,3,4,5,3,
2080,4226,489,1228,6351,6422,4759,---5,5,5,4,2,3,3,
642,8517,10,2392,2523,6877,8638,---3,2,4,2,3,3,4,
1666,3018,6222,8399,1906,9910,5945,---5,4,2,4,2,5,3,
5760,7076,6504,562,8852,21,7705,---2,2,2,2,4,4,5,
1666,8399,7253,9910,1495,5945,4303,---5,4,3,5,5,3,5,
4578,6343,1006,656,1010,5390,9305,---2,5,4,3,2,2,3,
1190,2381,752,6098,7477,1654,8318,---4,3,3,3,5,2,2,
2720,802,8099,1297,9869,8401,9492,---4,5,4,4,5,5,2,
7173,3177,46,2959,3029,4726,9981,---5,4,2,2,5,5,5,
1313,615,5673,906,1680,442,---4,2,4,4,2,3,
9923,9988,215,728,4121,2939,---3,3,5,5,2,3,
6477,2958,7250,3926,3132,637,---5,5,3,4,5,3,
9988,5639,2317,821,2939,7487,---3,2,2,5,3,5,
1220,1544,8490,6326,5882,6270,---3,2,2,5,2,2,
4867,2660,268,6000,1177,6269,---5,4,5,2,5,4,
6848,8452,7814,6226,5880,698,---4,5,4,3,2,3,
2281,8400,2514,1587,4246,7293,---4,2,3,4,3,2,
5816,3008,1117,5190,4533,---2,5,5,2,3,
8905,3586,811,5756,9277,---2,2,4,4,5,
9073,3866,443,3964,703,---2,3,5,5,3,
4899,5778,6227,5140,4207,---3,2,3,5,3,
8800,2409,1994,6091,8118,---3,5,5,5,3,
7232,7289,6427,2541,3630,---4,3,4,2,4,
5633,7363,2262,6935,---3,4,4,4,
2361,4658,1437,3343,---4,3,2,2,
2057,683,2585,---3,3,3,
2760,385,3950,---2,2,2,
5636,7701,---2,2,
4472,3123,---2,2,
5564,3829,---2,2,
921,7659,---2,2,
6361,8708,---2,2,
