9381,7170,1924,1542,6153,6914,1039,7570,5907,1300,9240,1561,5274,2591,9761,1443,3526,8231,9783,810,4652,5934,2479,48,177,253,6198,9271,7967,5189,5824,6725,6726,7623,9673,7095,8162,4432,4178,2645,7896,5851,1658,3167,4065,3810,3460,9708,9711,6384,9715,7544,7290,6141,9983,---5,2,4,3,5,4,3,4,2,3,3,5,5,3,4,3,2,5,4,2,2,2,3,3,4,2,4,5,3,3,2,4,4,4,5,4,2,5,4,2,2,5,5,5,2,5,5,4,2,4,5,3,2,2,3,
7711,9091,6800,6019,2709,3991,8472,4506,1691,7962,2207,3360,816,291,3881,2346,429,7599,7216,7604,2101,8246,4153,2235,6261,4929,7107,2244,8140,3149,8271,1360,337,7379,8917,7383,6703,5990,8934,1617,304,2290,6739,5237,1402,---3,5,5,3,4,2,4,4,5,4,5,3,2,3,5,5,3,4,5,3,3,4,3,2,4,3,2,5,2,2,4,3,2,3,5,4,5,4,3,2,3,5,2,2,2,
2947,8583,6927,8110,1688,819,9501,6819,4005,171,3628,8494,1455,5163,2099,4703,9464,62,1858,6723,9899,4428,3020,6096,3793,9433,4231,734,5285,608,8417,6370,355,740,7909,872,4221,4200,8952,6397,8702,3711,---3,4,5,5,2,2,4,3,3,2,5,5,5,3,3,4,2,4,4,2,3,5,2,3,2,3,4,4,2,2,4,3,5,4,4,4,5,4,5,5,4,5,
1793,8193,5384,2315,401,2451,1685,5783,2841,4764,804,2844,5288,553,2013,4911,5680,3121,690,9789,7358,8127,7616,7489,8843,3723,4816,9047,5977,2938,464,3044,5996,3219,9589,890,281,---3,2,4,3,5,5,3,2,2,5,2,3,2,4,3,4,2,4,4,3,3,3,5,3,2,2,3,2,4,2,2,2,3,3,2,5,5,
7298,9485,6545,2706,8213,9110,8354,6565,809,5169,3256,3129,8128,7490,8229,6469,4169,1740,6562,7374,340,1124,228,8411,1501,2853,7522,2916,7014,5222,6908,4971,7020,8942,3574,8570,7420,---3,5,3,3,3,4,2,5,2,5,5,2,2,5,2,5,2,5,2,4,4,5,5,5,2,3,2,3,3,2,5,5,4,3,2,5,2,
4992,7170,1669,1542,1678,2192,9233,3091,9240,1561,5077,1583,3868,8304,935,1705,6954,2479,48,7092,3127,3167,1212,4542,3649,2115,5189,5318,9783,2382,4432,4178,7630,7896,5724,3293,8671,6499,4196,4456,924,8231,9708,1518,6384,9587,632,1658,1021,2814,2645,---3,2,5,3,5,2,3,3,3,5,5,4,2,5,3,2,5,3,3,5,3,5,2,3,5,5,3,2,4,4,5,4,2,2,5,3,4,3,2,3,4,5,4,4,4,4,2,5,4,3,2,
9217,2435,5892,6294,9865,3467,5004,4110,2448,6929,6467,534,4,7331,8998,1581,7089,5557,9152,7235,5960,7626,2379,9554,2259,7897,3674,8040,8428,8945,6258,3411,5883,636,---4,4,3,2,3,5,4,4,2,3,3,4,4,2,4,3,2,5,5,5,4,3,4,2,5,3,3,5,3,4,2,5,3,2,
4865,1794,5379,9862,6151,4620,535,2332,9632,9508,8582,7206,295,4004,4653,7728,3635,7732,4795,5566,5702,9932,8142,1750,4567,1624,9689,7149,114,2420,3960,7033,2554,2425,---5,3,3,5,4,5,2,5,4,3,4,4,2,3,2,5,4,4,2,2,5,3,3,2,5,2,4,4,5,4,4,4,4,4,
4608,1538,8581,2438,9608,7946,4013,4376,1683,7447,2456,2842,7067,6176,548,8487,7725,904,4018,9400,1977,58,4028,1732,5715,3801,6621,5858,8890,3304,9875,9209,---2,3,3,4,4,2,3,3,3,5,5,2,4,5,5,4,3,2,3,3,4,4,5,2,2,5,2,2,3,5,4,4,
256,5891,137,1804,5011,8342,27,2719,1568,3876,5797,2217,9773,5129,5176,5694,2885,713,8149,1751,7258,1759,4452,4454,6506,1903,4848,2494,2936,4603,3581,---2,3,2,2,2,2,5,3,2,4,4,4,2,2,3,4,2,5,5,5,4,5,2,4,2,5,5,2,4,4,5,
645,2573,6300,19,3350,5911,3227,8348,8479,6949,166,6953,5941,7222,5944,3897,1096,843,2253,4049,2003,4182,4695,9432,4573,3299,7017,7402,1899,6009,7291,---3,5,2,4,5,2,4,3,2,4,3,5,3,4,2,5,2,5,2,4,3,5,4,3,5,4,2,3,4,3,3,
130,9480,3081,5386,4866,1809,787,661,2839,7709,2592,3240,7083,4909,8120,9914,6076,65,329,79,6737,7636,8280,5599,8678,5484,6696,7922,3188,8438,6904,---4,4,4,4,3,2,2,4,3,4,3,5,2,2,4,2,4,3,3,4,5,2,3,3,4,4,2,2,5,4,3,
3972,407,9743,2960,8087,6173,6313,946,4019,6078,5312,3651,6981,1993,8651,976,3153,6612,5845,9048,5647,6494,6628,1894,7912,4074,8687,753,8306,8105,7548,---2,5,4,2,5,2,5,2,3,4,5,3,3,3,2,2,3,5,2,2,3,3,5,2,4,5,2,3,2,3,2,
2816,1667,900,4231,5520,6673,9367,8600,6555,2717,5150,6309,5674,7981,6706,820,8757,1079,3909,4934,5212,862,3295,5094,3437,5230,2032,3442,7155,9206,119,---2,3,2,4,3,5,2,4,4,3,2,5,5,4,2,2,3,2,2,5,2,2,4,5,3,5,5,2,5,4,2,
6146,9738,8691,4881,6293,1686,4894,5035,9395,438,9920,9668,70,7495,3788,5582,4819,5973,4055,5080,4167,8669,2662,9832,2537,1875,4201,1146,4091,6780,---3,3,4,2,2,4,4,2,3,5,5,2,5,2,4,2,5,3,3,4,3,4,3,4,5,4,4,4,4,5,
7554,3843,2567,5131,6546,7062,536,5785,4636,7130,423,9897,8327,7666,7855,9905,9526,2873,6202,3794,4314,1884,741,1382,1874,1134,7410,3942,123,3070,---5,5,4,4,2,2,4,2,3,5,3,5,2,4,4,3,3,2,5,5,3,2,3,4,5,3,3,5,5,5,
4352,1152,1797,8345,6297,4250,1819,2974,928,5531,1578,1969,7090,3998,7739,7743,6080,2633,3063,460,7501,8528,8273,1307,7649,3554,5733,7657,1015,1706,---2,2,4,4,3,3,2,4,5,3,3,4,5,2,4,5,5,3,5,3,5,2,3,5,4,5,2,4,2,5,
2055,3465,2698,8846,5523,6296,7195,5277,4254,546,3786,5801,6572,3117,8112,8630,2743,4490,8842,3390,2632,202,7483,5091,2152,239,3440,40,7935,---4,3,5,4,2,5,5,3,3,2,5,2,4,3,3,4,3,2,4,5,2,2,4,2,4,4,3,5,5,
4358,5896,5645,4378,8815,1566,5535,6821,7601,808,3241,4014,4273,9402,9631,6979,6221,8530,7123,1118,3679,4705,1512,7658,3410,8303,9083,6014,4095,---5,2,2,4,2,5,5,2,3,4,2,3,5,4,5,3,2,4,5,3,2,3,4,5,5,4,3,2,3,
7950,5651,5653,8733,9246,33,3878,9514,7596,6321,6068,6457,9403,6461,2750,5700,6476,1871,4436,6617,6492,5220,8166,8937,5226,5998,5565,9462,8446,---5,2,2,2,5,5,2,5,2,3,3,5,3,3,3,5,3,4,3,2,5,5,2,4,3,2,5,2,3,
3718,5898,1547,8468,7190,7968,1186,3364,677,1064,1068,6189,8368,4530,8888,5049,3935,2500,3768,4691,7898,5087,9056,2785,9826,3564,877,6516,---3,2,4,5,4,5,5,4,3,4,3,3,3,5,5,2,2,4,3,3,5,5,5,3,3,4,2,2,
4483,393,1807,4373,9754,2459,1823,7073,9692,8818,7858,822,446,4032,8897,5188,5192,6876,2533,9150,5628,2158,623,8177,7282,9588,6206,892,---4,3,2,3,2,4,2,2,4,4,3,2,2,5,2,4,4,2,5,4,2,3,3,2,2,2,2,3,
1536,3971,3084,5263,9242,2461,3359,675,2982,1607,4659,8119,5434,3778,5063,9160,1609,5714,5587,8276,2518,9442,4451,7147,494,8915,118,7671,---4,4,4,5,4,2,4,5,2,4,4,3,5,5,4,4,5,2,3,2,4,4,3,5,2,5,5,3,
8320,2563,6924,4384,4571,1316,2469,9927,940,9263,9776,4147,8887,2616,1859,3142,1095,9032,9484,8760,3026,9304,3468,1755,7653,2407,8048,---4,2,3,5,2,3,2,5,3,3,4,2,4,2,2,4,4,3,2,2,5,5,2,5,2,5,3,
896,1409,259,4868,7558,8459,1677,5649,7698,6548,9642,3762,8240,3122,6463,2247,7118,2383,8786,1499,7517,351,5729,2917,6645,5110,2041,---5,5,5,2,3,4,4,5,4,3,2,5,5,2,5,4,4,5,2,2,5,4,4,4,3,4,2,
7172,7687,3464,3342,7957,7834,4527,3756,3375,520,3571,1334,2805,8640,8012,1229,3534,995,9050,6750,6367,9058,4963,3311,1267,3444,9333,---2,5,5,5,3,3,2,4,3,4,3,3,2,2,2,5,2,2,2,5,5,3,5,4,4,4,3,
4611,3976,9483,396,9517,899,3101,2976,3621,8365,7342,560,3893,6714,187,2878,9793,7625,4298,5323,2124,7380,5090,4203,3704,2813,---3,3,2,4,4,4,5,2,3,3,4,4,4,5,5,4,5,4,5,3,2,3,4,3,5,5,
9731,1803,4504,5400,6560,4388,9253,9894,2600,7595,9663,6368,706,1035,1989,1867,8910,1105,3924,4184,217,7136,6882,6244,5732,1534,---2,5,3,2,2,3,4,3,4,2,3,5,2,3,2,2,4,5,4,4,3,3,5,4,2,5,
1537,2179,9860,4103,2185,2955,8209,8082,1815,9412,9329,301,1588,7862,959,1091,6980,5071,3283,3040,2026,111,4336,1393,3443,1917,---5,2,5,4,2,3,5,5,3,5,5,3,4,5,2,5,4,4,2,5,5,2,3,2,4,4,
3200,9482,2316,2831,6933,5538,6442,4524,1454,2738,6710,2747,8520,4300,5197,9937,8146,6749,6629,3431,7401,7148,6610,6897,4596,8830,---5,4,5,4,3,5,2,3,5,4,5,5,3,5,3,4,2,4,5,5,2,2,3,5,5,2,
6592,5099,1422,144,3475,4884,7585,3236,2474,4396,8367,8372,3001,7102,3263,8512,8773,5065,7643,9570,8555,5612,9590,250,5374,---4,3,5,4,3,5,3,2,3,4,2,5,5,2,5,4,4,2,3,2,4,4,5,3,4,
7571,2086,433,5290,6961,6838,6718,2368,4038,969,9930,5067,718,8407,2904,4837,764,1262,9455,3954,3318,7159,2299,5116,1661,---5,5,3,3,5,3,3,3,5,5,4,3,2,5,2,2,4,4,4,4,4,2,4,2,2,
3459,6028,3984,2584,5022,4642,7459,8484,7977,9003,1843,5054,3265,8130,3277,5199,3922,3027,1112,7003,9691,871,210,8559,1910,---2,2,5,2,4,3,4,4,5,4,5,2,2,3,3,2,4,2,2,2,5,3,3,4,4,
2944,7510,6406,6408,3085,6159,8853,1049,8197,7717,8745,8495,6969,7372,5765,8403,2390,6497,3430,359,7913,2667,2927,2163,7160,---5,2,4,5,3,4,4,2,4,5,3,5,3,4,4,3,5,3,5,3,4,3,5,3,2,
7940,6921,7917,7702,4379,6301,5155,2984,3245,9392,5041,8505,9499,2246,8920,9562,3932,4191,8929,4580,1127,6893,6644,2167,8314,---4,2,3,4,2,3,4,3,3,4,4,3,3,3,3,4,2,2,5,2,2,4,5,2,3,
2951,12,5134,7061,2967,1562,8864,3877,9969,4871,2477,5809,7606,5687,8377,831,8278,7135,4840,624,8689,3828,4859,8189,---5,2,2,2,3,4,5,4,2,5,4,2,5,4,4,2,2,4,5,5,2,2,5,4,
9989,2069,7708,1314,179,2106,188,4798,2623,6597,1614,8912,7511,2139,8157,4830,9439,1509,9318,6005,7415,6393,124,125,---2,3,4,3,5,4,4,5,2,3,4,3,3,4,3,4,4,5,2,4,2,3,4,3,
6657,6027,7828,6688,1828,7085,6576,2120,960,2400,8259,7879,1736,7700,83,9812,3413,7774,3680,2276,5093,4843,1529,3194,---4,5,5,5,2,2,3,3,2,3,4,5,3,3,5,4,3,5,2,4,4,3,5,4,
8332,6338,6679,3232,8816,6440,4021,5450,8501,6209,4162,4803,6470,5578,1995,4561,5459,6357,2012,1256,9452,6512,1273,5371,---4,3,2,3,5,5,5,5,4,2,3,2,4,5,2,2,2,3,3,3,5,2,5,4,
6187,2700,9486,2964,5663,7328,7201,7723,2096,1342,2370,3272,980,9175,8798,3296,3452,9977,8812,8302,241,8185,6906,3708,---3,3,5,5,3,3,3,2,4,2,4,3,5,3,4,4,4,2,3,4,3,3,3,3,
6792,5260,8338,6163,8085,1160,7579,5148,8869,7473,2478,1839,305,7867,327,3400,4939,933,4092,106,5358,4476,510,---4,3,5,5,3,4,5,5,4,5,4,3,5,2,2,4,2,4,3,5,3,2,3,
6915,8836,6920,2957,5397,3504,7843,7461,8880,3764,61,2241,9801,8926,891,1508,9576,2153,2538,8693,9466,6011,8572,---4,2,4,4,3,2,5,4,4,2,5,2,5,3,2,5,2,4,5,3,4,5,3,
4237,910,7823,5654,5276,9758,416,2860,3766,7614,68,4683,2766,6996,5207,4957,8034,7661,9070,498,7283,5877,3576,---5,4,3,4,4,5,4,2,3,4,3,5,3,5,3,2,3,3,3,2,3,2,5,
8579,7569,8854,279,4505,8986,1818,8862,800,8113,6447,561,8755,8003,2502,6345,979,9813,5206,7788,5744,372,6517,---5,4,4,2,5,4,5,3,4,2,4,5,5,4,3,3,3,3,4,3,4,3,2,
5001,8341,8736,1061,8108,4401,9394,441,7611,8252,9026,72,9037,9422,1741,4814,4317,991,6715,8294,3957,2297,2557,---4,2,2,4,5,5,4,3,4,4,3,2,2,3,2,3,3,3,3,3,2,5,3,
8962,7557,3591,1801,6155,155,1435,2468,1521,4521,1070,6452,1848,1215,5329,9556,6366,4966,6993,5617,3572,7797,7035,---3,5,3,3,5,4,3,4,3,5,4,2,2,4,2,3,4,3,5,2,2,5,2,
5504,6528,1922,9987,6407,6403,4633,6814,554,7646,1725,7359,3650,5572,5857,5309,88,7262,225,104,9706,6639,502,---5,3,2,3,4,2,5,3,5,2,5,3,2,5,5,4,2,4,5,3,4,2,2,
8961,8326,391,9481,7955,2965,3229,4772,8233,2605,3770,1477,2893,1106,3030,5722,8043,6255,5362,754,122,6523,7549,---4,5,4,4,4,2,4,5,4,3,2,2,5,4,3,4,4,2,2,3,2,3,3,
6791,8330,526,759,3228,6135,8889,6204,3648,1986,4293,8136,2891,9934,7125,9558,6329,9178,6375,4215,4344,3067,5500,---3,3,3,3,5,2,4,5,4,5,4,3,2,4,4,2,5,5,3,3,3,3,2,
5125,3344,2710,3354,4591,7429,2288,1318,6311,3886,1766,1842,6845,4422,3110,9638,9446,3179,6383,8688,2418,1404,4734,---4,2,4,2,4,3,4,2,2,2,3,2,2,4,4,4,2,5,5,4,2,5,5,
4663,3594,5648,2197,150,9624,4891,3495,6186,5943,7352,6983,1097,1226,9547,8013,8152,8665,1779,6772,5365,4727,1941,---3,4,5,4,3,3,2,4,4,5,4,5,4,3,3,3,3,3,2,5,2,2,2,
7424,9222,4106,8078,8976,5529,9379,3206,3622,4664,4413,5698,1861,459,8018,9940,5218,9065,4463,7156,3322,5119,---4,3,3,3,5,3,2,4,3,5,4,4,3,4,5,4,2,4,3,4,4,3,
6531,5522,5507,4116,26,926,3873,4294,5802,6453,1524,2619,2630,5975,1882,5216,9698,873,2284,3700,1783,4090,---5,5,3,2,5,5,4,4,4,3,2,3,5,5,2,3,4,4,5,2,3,5,
7690,8971,3611,3614,801,9179,7851,687,3507,7224,6589,7139,2671,7644,3421,3171,4455,8301,3439,9846,1149,1791,---5,2,3,4,5,4,2,5,2,2,2,4,3,4,2,5,4,2,2,4,5,2,
6149,2952,400,4885,6806,8344,2212,9651,3253,9280,5569,4554,8662,4958,2146,9957,9834,4977,5875,6132,5366,1276,---3,5,4,4,4,4,5,4,3,3,3,2,2,5,2,3,3,3,3,3,4,4,
9985,1159,2183,413,5417,5162,4523,2993,4407,8511,4290,583,2638,7524,3420,3934,1252,5356,6896,4471,2689,3193,---2,5,2,4,2,3,2,3,3,3,2,3,4,3,2,2,3,4,3,3,3,5,
260,4869,776,6701,6160,913,6549,4771,679,6573,693,1976,1743,3665,2770,9299,4183,5264,361,9582,7919,1662,---2,3,3,2,4,5,2,3,3,4,3,4,5,5,5,2,5,5,2,3,2,5,
9356,8467,4501,9244,5407,4256,7976,8877,9146,4539,9539,9341,5969,212,4325,9961,9839,3953,9714,2548,7927,1533,---4,4,2,2,4,3,3,4,2,4,2,3,3,3,5,5,3,3,2,2,5,5,
6402,6290,2836,6428,4259,7972,3752,9903,9143,1853,5310,8901,73,4579,6485,8284,5855,8291,2793,8685,9852,7166,---3,4,3,5,4,3,4,2,3,4,5,3,2,4,3,4,5,5,3,3,4,5,
9346,8706,2574,5392,1682,3735,5272,3378,4403,9021,7236,8774,2249,5712,5853,4190,8546,5266,5437,3952,6898,1268,---2,2,2,3,3,5,4,5,3,4,3,4,3,5,4,4,2,2,5,2,5,3,
2444,8463,6162,5780,3865,4522,9515,9009,8498,1081,7101,9790,6591,9029,6088,8150,3671,3425,4980,7030,4415,6143,---3,5,4,3,2,5,4,3,3,4,3,3,2,4,3,4,4,2,5,5,3,5,
1031,7311,9365,8668,3115,2350,695,4921,9915,4671,4171,2884,1733,5704,7755,4053,2775,1243,7260,1253,5613,6776,---4,2,5,2,5,3,5,2,4,3,5,4,4,5,2,5,5,5,2,2,3,5,
4229,7818,271,1172,7448,5796,3116,5426,3120,2737,5554,7350,6852,9417,9933,6265,8282,9185,2659,5994,110,3860,---5,4,2,2,4,3,2,2,5,3,3,3,3,3,4,4,4,2,3,4,5,5,
1671,6409,6359,2713,3996,5923,5542,1963,2351,9913,573,1855,835,6724,710,9292,4131,1721,5081,4315,3313,8061,---4,3,4,4,3,4,5,4,4,3,5,3,5,5,3,3,4,4,2,3,4,4,
9024,7905,7302,4550,1735,4296,7049,9163,4972,3150,5917,1041,6483,5287,8374,4377,2137,666,7535,1050,318,---2,4,5,3,5,2,2,5,5,5,5,4,2,3,2,4,2,5,4,2,2,
4288,8577,7202,8195,5815,1354,2603,6669,5166,237,9456,1907,3540,4469,7830,7127,2296,9396,7887,9012,9918,---5,4,2,3,3,2,3,3,3,3,4,2,2,5,5,2,2,2,5,4,2,
2656,2817,6178,6755,3716,3691,3082,9261,332,9677,1582,911,8696,9138,1139,1812,3310,8024,1988,9978,8885,---2,5,2,2,4,5,4,5,3,5,3,4,5,5,3,3,5,4,2,4,4,
4448,6177,5867,2852,1285,9736,8329,4107,2347,3053,943,580,9649,3858,1219,2219,8402,1496,2020,9139,9885,---5,5,5,4,5,2,5,3,5,3,3,4,3,2,4,2,2,3,2,3,2,
192,7841,1474,5179,9348,9545,1162,2922,6946,9359,1107,6100,4661,3831,1753,8794,7263,4930,4157,9374,4575,---4,2,5,3,2,3,4,5,5,4,5,3,2,5,5,4,4,3,3,4,5,
7376,9795,2596,1121,457,5847,5324,1709,5550,3789,7952,823,1490,8525,1399,7890,537,6938,7287,1213,1150,---5,2,3,4,5,5,2,3,4,2,2,3,2,5,4,4,5,4,4,2,4,
3616,3585,644,3173,3494,2311,2414,8237,8206,1997,7600,9393,5203,7316,8437,8609,9144,244,6031,8766,7157,---4,4,3,4,2,3,3,2,3,5,4,3,4,5,3,2,4,5,3,5,4,
9888,4257,4667,7012,9574,705,2024,2857,5003,204,1453,3214,4305,5331,7790,4503,8799,5114,1115,94,383,---2,2,4,2,5,4,3,4,2,3,4,4,3,5,3,2,3,4,4,2,3,
1200,2531,4893,121,8081,4584,2103,1708,158,6941,912,6513,7508,8629,4951,5433,5563,3223,5661,3806,7317,---5,3,3,2,5,4,3,3,5,5,5,3,4,4,4,3,5,5,5,2,2,
2848,1584,836,1125,7152,7527,1032,905,7911,3404,7853,9360,9970,8039,8405,5664,7652,2458,4762,9753,5669,---4,5,3,5,5,5,5,3,4,5,3,5,4,2,4,4,5,2,3,5,4,
3521,1026,4291,7589,8775,7080,3292,1429,8267,8172,8397,2301,8533,3862,1833,7832,1084,9628,1866,1054,8965,---4,4,2,3,2,5,5,2,4,5,5,3,2,4,3,4,4,5,5,3,5,
8288,240,3968,3011,8709,9947,6279,5420,1356,8493,1565,1904,9062,1044,8672,5177,4825,2010,2491,7485,2270,---3,3,3,5,2,2,2,5,3,2,5,5,4,4,5,4,5,2,3,2,3,
6820,4374,742,2151,8521,8811,6742,558,6287,4400,8625,4029,6388,9493,9782,1033,8219,5308,2589,9935,8991,---5,3,5,4,5,2,2,2,2,2,3,2,5,5,4,5,5,5,4,4,4,
7556,5258,1291,5005,4120,8472,4228,4506,7962,3870,7711,1955,3918,9637,689,5929,304,4145,4153,7071,3138,3149,8654,8271,1617,8917,7515,7399,3693,7932,---5,5,2,3,5,4,4,4,4,2,3,2,2,2,4,2,3,5,3,2,2,2,4,4,2,5,2,3,4,5,
8480,8432,8578,8699,9572,3941,8617,6034,6254,8208,9617,5138,2387,6965,8676,8027,7676,1629,254,5573,---4,2,4,4,2,5,5,3,5,3,4,3,3,4,5,3,2,5,4,4,
2496,2558,5060,6598,3592,5422,3215,7857,8989,1171,4366,8695,824,3268,1978,2811,2300,9853,7998,5247,---2,4,5,2,2,5,5,4,3,5,2,2,5,5,4,2,4,4,5,4,
993,5410,9347,5477,4481,840,2569,6541,4430,3728,8785,7346,2610,8686,3689,5144,2329,1852,4189,8543,---5,2,2,2,3,5,5,4,3,5,3,5,3,5,3,5,5,5,2,3,
3545,1849,8324,5349,8550,2216,5321,9111,8335,1719,2286,5103,432,4370,9270,7543,9239,2980,7227,8933,---5,5,5,5,3,2,3,4,2,3,5,5,2,4,3,2,4,3,3,2,
1984,2529,8739,4804,6917,5158,4040,6986,2318,5811,659,2806,8535,4440,2180,3578,4635,7036,3775,8639,---2,2,4,4,2,3,5,3,4,3,5,2,2,2,4,2,5,3,5,5,
1057,5922,2691,517,5863,6056,9387,1085,9166,7421,8881,1778,2740,1341,1498,2687,7324,445,1598,9119,---2,3,2,5,5,4,5,3,2,2,3,4,4,5,4,2,3,2,3,3,
8096,6272,36,8742,925,9162,567,3250,6959,3154,6611,1278,4470,8247,5208,2617,7255,5821,9310,2293,---3,4,2,2,3,3,3,2,5,5,4,4,2,3,4,5,5,4,4,4,
3712,3042,3238,2728,2355,5322,9740,7469,3549,7219,2452,4853,2871,5560,1657,1530,9147,7100,4701,5546,---2,5,4,2,3,3,2,5,2,3,4,4,4,4,3,2,5,3,5,4,
4576,1473,6850,7057,3827,9441,7817,2985,6775,3565,2224,7217,9458,8147,5492,531,3961,7673,7419,7486,---4,5,2,3,3,5,2,3,2,2,3,4,5,2,2,2,4,5,5,3,
160,4674,8899,2822,522,7991,418,109,5006,5711,173,2426,5205,5142,471,8793,3066,1972,1949,2490,---3,5,3,5,4,5,4,2,2,3,4,4,4,3,2,3,3,2,4,2,
1352,3427,4357,3046,6919,1928,8457,2634,3047,9165,5614,4944,3601,2802,6355,1460,2830,5084,6077,1461,---4,3,3,4,2,5,4,4,3,3,4,5,2,2,4,3,5,5,3,2,
322,1476,3190,9478,7335,5832,5394,8011,5485,207,4786,326,1398,9912,4466,6215,1403,4444,157,1045,---3,2,5,4,5,4,3,3,3,4,3,4,4,4,2,4,3,4,4,3,
0,4987,262,4166,9096,5228,3915,1452,2413,6862,7759,688,6004,6994,3796,981,9945,2683,5117,1167,---4,4,2,5,4,5,5,5,2,5,2,2,3,5,2,4,4,5,2,4,
5029,5987,4324,7013,5127,233,9701,3182,5391,7344,3640,1234,3619,8756,23,3416,2932,9204,5885,8613,---3,3,4,2,4,5,3,3,3,5,4,5,3,4,3,3,3,4,5,2,
7200,2336,8834,4356,9046,5191,6344,203,1036,9965,417,7184,8804,1427,2998,3833,1432,1412,9371,5043,---5,5,5,4,3,3,4,2,4,3,3,3,3,3,4,4,5,2,2,5,
3075,2754,6807,6430,4038,9768,9772,9136,2334,7615,2882,6086,7496,5592,5340,8541,8423,3441,3954,1780,5116,5501,---2,5,3,5,5,2,5,5,5,4,4,2,2,3,3,4,4,3,4,2,2,4,
8192,4560,2464,6259,6660,9847,4737,3069,5804,3119,2579,3440,9779,8112,1942,6743,3992,2298,3133,3230,9759,---4,5,3,4,3,3,4,2,4,5,3,3,5,3,5,3,4,4,3,3,3,
1088,3152,1156,6734,3433,1548,2990,2512,9106,9171,8628,277,6103,2040,2590,9077,2781,7006,4863,---4,4,3,5,2,4,3,3,4,4,2,2,5,3,2,5,5,2,3,
1456,7138,5667,7780,2245,3835,5640,3676,1005,9007,2384,6418,7795,2196,4213,2966,8762,6415,9020,---3,3,4,2,5,3,2,4,5,5,5,3,4,3,2,3,3,3,5,
272,1410,6203,8041,5579,5676,4365,3599,8080,657,4437,4534,9623,4639,8122,3743,1821,8222,3871,---5,5,4,3,2,3,5,4,3,5,5,5,3,2,4,4,3,5,3,
6145,8227,4427,3111,6312,1962,6385,2353,302,5581,7121,5075,14,4621,1433,9785,6170,2268,639,---5,3,2,3,4,3,5,5,3,3,3,4,4,3,2,3,5,5,3,
5156,3525,7078,2513,2568,3882,9995,3896,1042,2077,9585,2482,1971,1844,7925,5719,2968,4164,2525,---3,3,2,4,3,4,3,3,5,4,5,3,3,3,3,4,5,5,4,
640,1470,5506,6789,8360,8425,4842,8821,9648,5000,5682,7859,8382,1525,4851,4730,8797,3646,9717,---4,5,4,5,2,2,4,2,3,2,2,2,4,5,2,5,3,5,5,
3106,9475,1575,2056,9449,1802,6923,6607,1361,6322,107,7926,8279,4331,3577,6263,3805,849,4447,---2,3,2,3,2,4,2,4,5,5,5,3,3,2,5,5,3,2,4,
4514,571,5509,7175,2111,1387,6236,3697,5906,8051,1781,9727,7096,1337,5402,1147,6844,8606,3551,---3,2,3,5,4,5,4,5,2,4,3,5,5,2,2,2,4,2,2,
841,7845,5478,839,1704,8908,7306,8711,8684,5710,8465,6705,5404,8567,888,1209,3068,4829,1265,---2,2,4,4,5,3,5,3,4,2,2,3,2,4,5,3,4,5,2,
3746,4773,5447,7048,2953,7210,7915,1388,6114,398,4656,4913,1078,7864,1497,4699,7303,2526,191,---2,4,4,3,2,4,3,2,2,5,2,4,2,3,2,3,2,5,5,
7873,8290,1445,7561,2314,6658,9404,6864,9602,6771,4117,3094,2551,9016,1241,1695,7388,702,9023,---2,5,4,2,3,4,2,5,3,3,2,4,5,3,3,4,4,5,5,
833,9264,739,8199,6505,618,7111,6412,3597,9040,1684,2837,5534,5236,756,1466,8730,4670,767,---3,4,5,3,2,4,4,4,2,4,2,5,3,5,3,3,2,4,5,
6721,6082,3995,2565,4937,4394,4491,9998,4618,9938,7918,3286,7577,3065,331,5627,9949,4638,927,---5,5,5,3,4,5,2,3,5,4,4,2,5,4,4,3,2,2,4,
1248,6785,2,9964,2948,997,7686,9057,8652,9068,2669,5262,7215,4593,1746,3347,9653,8667,9182,---4,4,3,5,4,3,2,3,4,3,4,4,4,4,3,4,3,5,5,
2880,4368,6210,9059,2628,708,1991,2135,8591,1968,6353,7971,8564,6133,3158,1303,8660,2266,3861,---4,3,3,5,3,4,4,5,4,3,3,2,2,3,5,2,5,3,5,
4353,2722,4998,4390,1799,8444,2986,7295,8770,5298,6193,465,4150,6889,8930,6687,6940,7722,3807,---4,5,5,3,2,2,4,4,3,2,5,5,4,4,3,2,4,4,2,
5409,9282,8772,2181,2519,453,7019,4194,270,4724,4978,2804,5250,3319,2004,2234,6052,732,9567,---5,2,2,3,4,3,3,2,2,3,4,5,2,4,2,2,2,3,4,
6369,962,3875,4747,6475,3818,3959,8430,6909,1251,8244,7221,9878,8951,8394,7162,4799,2493,1151,---5,3,5,3,3,2,3,2,4,5,3,2,3,5,4,2,5,4,5,
8768,6048,7010,4067,3332,2470,5128,2601,3639,3737,6480,5224,9074,8759,152,5924,1370,3772,5072,---4,4,4,3,4,3,2,3,5,2,5,4,4,5,3,5,3,4,4,
4896,2017,898,678,2023,6472,6665,2507,6764,4242,7824,1138,2815,2366,6327,9690,4763,1822,880,---5,3,2,2,5,2,2,4,5,2,3,2,4,3,4,3,5,5,3,
4064,5505,7619,1764,2406,289,6125,1966,2481,7378,4758,1176,314,2427,6140,282,478,7999,---3,3,3,5,5,4,4,2,2,2,2,2,4,2,4,4,2,4,
3488,1505,2178,3523,389,9479,4010,299,6252,5200,5211,2391,5178,8059,3548,8250,7326,3231,---4,2,5,4,3,5,5,5,2,4,4,2,5,4,5,5,3,2,
8896,4961,2723,1381,9286,9127,2505,3148,525,6958,8783,313,1075,8265,1208,2649,317,4446,---3,3,4,5,4,5,4,3,4,3,5,5,3,4,2,3,5,3,
768,7264,8610,8356,1350,8967,4616,7212,15,1169,436,7349,4136,473,4801,6075,9596,9406,---5,5,5,2,2,4,3,2,3,5,4,5,2,2,4,4,3,5,
9954,2475,8549,2758,2535,8392,1289,6315,4945,5650,3891,9780,4757,9112,8031,60,2877,7103,---2,3,4,4,4,5,5,4,2,5,4,2,3,5,4,5,5,4,
5866,4641,8866,9507,4678,7400,4841,2122,45,7312,8083,8181,600,7706,3035,9565,8158,1471,---5,2,2,5,2,2,5,5,2,2,4,5,5,2,5,5,2,3,
2726,8126,1896,4969,2029,3022,5229,1425,2483,6676,6622,8841,4151,7928,721,4125,3006,6015,---2,5,3,5,2,3,2,4,2,2,2,5,5,3,4,5,4,3,
2720,7681,802,6851,4897,9289,5738,9751,3436,9869,3815,1297,8099,373,2742,3895,8828,6783,---2,4,2,4,5,3,4,5,4,3,2,2,5,3,5,3,3,3,
9537,7330,2942,3782,8615,9320,5532,9322,2028,2829,6158,7087,2642,1001,3637,6455,9660,9598,---5,4,5,5,2,4,2,2,3,4,2,5,3,3,3,2,2,4,
3584,2657,6405,7973,5991,7768,7113,9931,621,3539,8621,7761,2611,2168,6809,3261,5950,312,---2,5,4,2,5,4,3,2,5,3,3,5,3,3,3,4,3,4,
4486,8215,3856,8213,9110,1431,2845,1440,6562,4262,44,2349,1087,8519,335,3536,8411,5222,7014,3945,6508,1261,4725,---3,4,2,3,4,4,4,3,2,2,5,5,3,5,3,5,5,2,3,2,2,3,5,
3809,8835,8741,9767,1962,4551,2732,5549,3472,3985,9763,6039,4592,1558,1847,1433,8019,9788,7141,---4,4,5,3,3,5,2,2,5,5,4,3,5,3,5,2,2,2,5,
6978,6211,6859,3242,75,9196,2914,8782,7791,8885,3691,6997,6134,4345,3512,857,2906,5406,6613,---4,5,4,4,4,2,3,5,4,4,5,5,3,3,4,5,3,5,5,
84,641,7395,4740,4135,324,2252,2220,1198,146,4251,5145,1722,9435,572,2046,4351,---2,3,3,3,5,2,5,3,2,2,4,5,5,4,5,2,2,
2048,7777,2325,630,6631,7660,9709,7726,785,7476,2030,8086,663,3608,9053,126,8949,---2,4,4,5,5,3,3,5,5,5,5,4,2,4,2,5,4,
7321,4886,9671,5897,266,3335,6382,2001,9586,2323,6230,1335,7704,8441,9819,9436,7455,---5,3,3,5,2,3,4,3,4,4,4,5,4,2,2,4,5,
5440,2499,1092,6600,9225,5098,7391,4904,5752,9192,9719,6840,9336,4143,5693,958,9375,---3,5,4,4,2,4,4,4,4,2,4,3,5,5,4,5,4,
7904,5249,1826,5284,8164,4037,3080,6633,3402,5291,4877,1110,3575,3192,5465,6590,1206,---5,2,5,3,4,2,3,2,3,3,5,4,5,4,2,3,3,
2337,8738,2595,5028,3077,4330,4204,8655,1392,4467,2773,3706,8515,4156,8906,3486,9203,---5,4,2,4,3,3,2,2,4,2,5,2,2,3,4,5,5,
9440,6498,9187,8900,1093,2983,9578,5423,2098,6420,2421,4149,1207,4020,2287,2602,3685,---3,5,5,4,5,5,4,4,5,3,2,3,3,4,5,3,2,
9665,5346,9603,3816,1553,2440,2410,7947,5913,6253,4709,7336,9748,3641,8025,1246,2213,---5,5,4,2,3,2,5,2,3,3,5,3,5,2,5,3,2,
6464,3136,4323,8589,9607,8491,6220,8370,8269,3377,9266,6419,6136,1851,2140,9215,5439,---3,3,4,5,5,5,2,4,2,2,5,3,2,4,2,5,3,
512,3520,2373,8806,1665,3530,9830,7213,4142,3776,5970,8436,4537,3028,474,2940,3002,---3,2,4,2,4,2,5,3,3,3,3,2,4,4,5,3,4,
5761,229,7334,5479,7229,5313,71,8077,4398,1487,496,782,3830,9231,2236,2973,2117,---3,2,4,3,4,3,3,5,3,2,4,3,4,3,3,3,2,
1634,1444,1480,8492,5642,9164,1170,6542,7439,360,4562,5139,5300,1814,7151,6846,2655,---5,5,3,4,5,2,4,3,3,2,4,3,5,3,2,2,4,
9889,8386,5252,1761,4748,8097,9614,3262,2322,2291,2356,5141,4887,5754,6875,8154,8670,---2,3,4,4,5,5,4,4,5,4,3,3,5,3,4,3,3,
2692,2310,5297,4744,8713,9132,1837,7054,1773,2864,9423,1554,1331,4761,7247,8380,4158,---4,3,2,5,4,2,2,5,3,5,3,5,5,5,2,4,3,
8263,3368,2313,6666,5195,4812,3247,5196,8184,8575,8980,2104,6964,2714,1051,5182,2271,---2,2,5,2,2,4,3,5,2,5,3,5,3,5,5,4,5,
7394,4099,6372,9350,8426,5303,6563,4558,9647,4624,3987,4308,1653,7703,4426,765,8703,---3,2,2,2,4,5,2,5,2,5,4,2,3,2,4,5,5,
2752,7752,8649,2411,365,9358,3885,9840,8947,7583,5912,8767,826,3419,4348,2462,8383,---4,5,2,3,4,2,4,5,2,2,5,3,5,4,3,5,4,
288,4802,3221,105,5483,3324,9391,9681,916,885,6070,7029,5620,1754,2075,508,9461,---2,5,4,4,3,5,5,5,3,2,2,3,4,2,3,4,4,
33,9403,6436,3749,2214,3463,5947,3724,5965,8334,7645,4367,5651,6869,4933,6617,8506,5723,2684,4285,5653,---5,3,2,5,4,2,5,2,3,2,2,5,2,4,3,2,5,2,4,2,2,
1472,8552,1920,8009,7656,8585,4460,4525,4953,6765,1841,3507,7381,9705,2809,8328,5052,1791,---3,5,3,4,5,2,4,4,2,3,3,2,2,5,3,4,3,2,
6625,8587,7268,8075,2515,6511,9712,3441,2415,3892,5430,1016,5108,1786,1711,3258,2302,---4,5,3,4,3,5,4,3,3,5,4,4,4,5,2,4,3,
4385,3938,3979,8647,136,3145,9575,879,2257,2014,8727,120,7161,479,1790,8447,---4,4,4,3,4,2,4,5,5,4,4,5,5,4,4,5,
7041,9859,4198,5958,7425,4327,3629,5807,8337,7315,9236,6982,5818,9659,604,218,---2,3,4,2,3,5,5,2,3,2,2,5,5,2,2,2,
838,5448,7881,7637,6283,8364,6349,2712,5555,1364,1909,4854,9523,4888,3165,4927,---3,4,5,5,4,4,5,2,3,5,4,4,4,2,2,4,
8482,4644,454,9382,6306,4072,4610,2094,2733,6024,7124,3894,966,2905,7007,1128,---5,3,3,5,3,3,5,3,2,2,2,5,2,4,4,5,
9600,3632,5603,3973,9993,4647,1673,6892,6574,6128,3017,8531,6169,9720,7385,7937,---4,5,5,3,4,4,2,2,5,3,5,3,5,4,2,5,
2147,5316,2471,3720,3499,4255,8717,49,643,2187,5547,5624,1119,7868,6781,4223,---3,4,3,4,5,3,5,2,3,4,2,5,4,4,4,4,
6148,6006,8966,3505,9161,5419,2924,5425,92,9297,53,950,6362,412,5918,2229,---4,3,5,3,2,4,4,2,2,3,4,5,4,2,5,4,
2693,4903,4485,746,5675,1573,2639,7894,4465,4628,9054,4214,9946,6939,542,2279,---4,4,3,2,5,2,2,5,5,4,5,2,5,3,2,4,
9633,7811,964,6757,9190,8840,5033,528,3696,584,2774,922,1595,9884,6557,4766,---5,4,3,4,3,5,2,3,4,3,5,2,2,3,4,2,
4928,8705,6883,4421,7655,490,1071,4720,1745,402,1878,7936,9752,5850,5339,8414,---5,3,3,2,3,3,4,4,3,3,2,2,4,5,5,2,
8673,5251,7718,2721,5096,252,712,5053,6856,515,9908,7209,9353,2553,2428,7901,---2,5,5,5,4,3,5,4,5,5,3,2,3,3,2,3,
5120,2338,9221,1254,743,5225,7117,9419,5325,6530,4623,7586,7668,3605,7736,8251,---3,4,3,3,5,2,5,3,5,5,4,2,5,5,2,3,
5919,4144,3803,5157,1767,8200,3049,3143,5008,2225,6773,5336,3738,9339,3905,2431,---3,4,3,4,5,3,2,5,2,2,2,2,2,3,5,3,
1953,2626,869,4651,4076,9645,7758,6640,1137,1298,7411,696,6042,8540,2685,350,---4,5,3,3,3,5,3,4,3,4,2,2,2,2,3,5,
4224,539,8023,4931,5988,406,7594,267,9228,2354,6486,9335,1082,6779,4662,3965,---4,2,3,2,4,5,2,4,5,2,5,2,4,4,5,5,
7942,3346,7435,9388,1421,8526,5007,2994,5491,6581,9334,5463,1311,7069,5246,1439,---4,2,3,5,2,2,3,4,3,2,3,4,4,3,5,3,
6374,3334,7016,7605,6410,3470,8431,5904,8723,4755,6037,3510,1687,4698,380,6527,---5,4,2,3,2,3,2,5,4,3,5,2,5,3,2,3,
4001,386,8067,3399,5161,8139,7308,333,7470,5746,6307,982,4952,9018,1211,4284,---4,5,3,5,3,3,3,4,5,4,3,2,4,5,2,4,
9667,7684,724,9704,5768,3275,7724,8235,1394,8788,7669,1463,5753,7131,7134,8837,---5,4,3,3,4,3,3,5,5,3,2,2,5,5,3,3,
1856,6532,8485,9126,6300,5834,6317,7886,7503,4049,2003,2073,694,3383,3897,7322,5596,9757,3013,---4,5,3,3,2,4,5,2,3,4,3,4,5,4,5,3,5,3,3,
6050,2059,5511,9349,9687,1415,2696,587,1708,749,4111,9672,7508,4342,2103,4088,9276,9405,---2,3,2,2,3,2,5,5,3,2,3,3,4,5,3,5,4,2,
769,8324,9733,199,2216,7689,5706,6085,7144,5074,2484,9226,4873,7066,1083,1469,4735,---5,5,5,3,2,5,3,4,4,2,4,3,2,2,5,4,3,
8608,353,5058,9092,5989,1169,3164,5770,1831,397,3118,815,9041,9038,9596,1886,165,---5,5,5,5,3,5,4,3,2,2,5,2,3,5,3,2,4,
2658,6047,9925,1898,4011,7182,3389,6097,5330,6900,9431,788,9151,733,4287,---5,3,3,2,5,2,5,4,3,2,5,3,4,5,5,
6432,161,3461,2746,3239,9066,593,5810,2006,5338,7833,5978,6826,8542,6239,---5,2,5,4,3,4,3,2,3,4,5,4,2,4,4,
2690,5347,9316,4964,6796,1133,2062,5519,112,4849,4883,376,3705,285,3774,---2,2,3,2,4,4,5,4,2,4,4,5,2,3,2,
2912,5952,484,1223,8168,842,9643,6401,7609,3855,8631,4409,4602,3741,990,---2,4,2,3,4,2,3,3,5,5,3,2,2,5,2,
7809,8454,8145,6698,9117,4721,8434,6932,7070,6074,3898,8143,6426,8094,863,---5,3,5,4,2,2,2,4,4,4,3,2,2,2,2,
9473,3842,9323,5476,1511,2282,2599,7982,1572,9042,3958,6553,3099,1418,2430,---2,2,2,2,2,5,3,2,2,2,2,4,2,4,4,
4640,6195,9986,6691,1158,9193,269,5966,9583,7538,7555,8500,6421,4824,5460,---4,4,5,5,2,4,2,2,2,5,3,3,5,4,4,
1313,7938,4707,3777,615,5673,906,5772,2739,8534,2455,4312,9338,2620,442,---2,4,3,3,4,4,4,4,3,5,2,2,3,4,4,
3744,9014,4615,1543,5895,9997,1710,2547,2549,1014,9816,4086,5942,987,3583,---4,4,3,2,4,4,5,2,4,4,5,5,5,2,3,
5792,1376,930,4902,2881,8712,8201,775,1965,1998,7408,8919,346,720,1438,---3,3,4,3,3,5,5,4,4,3,4,2,2,3,3,
4417,8969,5585,4328,8297,6763,9868,5932,5553,4818,5652,4694,1175,1964,1541,---5,3,3,3,3,5,4,3,2,4,5,4,3,2,4,
7233,4811,7430,6887,7528,6337,1227,4140,2872,163,3636,213,1857,8381,6526,---3,5,4,3,3,4,3,3,3,5,3,4,5,3,5,
1028,5766,9766,232,4619,2000,7800,5234,6046,4278,8313,5112,6425,5085,7390,---2,5,5,5,2,4,3,4,3,3,3,4,5,4,3,
6944,2945,1636,1286,422,8593,8751,529,6741,6614,1592,8281,175,4926,2581,---2,5,4,4,3,5,5,4,5,2,3,3,5,5,5,
9312,2113,7587,1892,8357,1414,8387,9129,6465,6386,5107,2359,3257,3134,9343,---5,3,3,5,5,2,3,4,4,3,2,3,4,5,3,
6273,7958,8456,9513,2045,8940,5486,1199,5841,9844,9366,7375,4604,7165,8190,---2,4,5,3,2,4,4,3,2,5,4,2,3,3,3,
9474,1003,9033,8055,1324,6871,8079,6999,5027,3529,7512,6717,9551,3197,1182,---4,5,5,5,3,2,2,5,5,5,3,5,3,4,5,
9376,7553,1571,2052,3686,551,4297,363,652,781,4206,3951,5271,7319,893,---5,5,2,5,4,5,5,4,5,4,4,3,3,5,4,
6274,6870,294,7313,3246,9725,5936,6577,5926,6038,6167,3448,541,3677,6335,---2,5,2,4,4,4,2,5,3,2,5,4,3,2,2,
7168,8960,4258,4484,6087,5800,5900,6668,5344,5774,3537,5940,3606,4404,6175,---4,3,2,2,5,4,5,2,5,2,4,3,5,5,5,
6240,4450,99,7177,4874,7341,2254,8813,6356,7865,9560,5369,3899,1020,5514,---3,3,2,5,2,4,3,4,4,2,4,5,4,5,2,
2016,7632,3024,198,5953,6890,5389,4302,9808,1076,7680,6839,4057,2172,3358,---2,3,4,5,2,2,4,4,5,4,4,4,5,4,2,
5632,3457,7523,37,6567,4329,7983,4529,3041,467,9972,1880,6543,3804,6931,---2,2,4,2,4,4,3,5,5,3,4,2,5,3,3,
8032,9120,3555,4,7301,1862,4042,4110,9135,1296,1489,7331,9876,9685,3254,6467,5883,1916,9845,---2,4,2,4,2,2,4,4,4,5,3,2,5,5,2,3,3,3,4,
5667,6054,6044,1738,4492,7854,9007,5630,4563,334,7573,2966,3401,5497,6415,3036,797,3612,---4,3,4,5,4,5,5,5,4,5,4,3,5,2,3,5,2,4,
9250,707,2981,3974,7367,6057,1354,1647,6609,6740,3128,7737,7546,8376,2239,---4,4,3,2,5,4,2,5,4,5,3,4,3,2,4,
320,2786,3496,9224,2556,9226,1644,7506,1009,7442,9267,1301,8796,2174,5567,---5,2,2,4,3,3,3,5,2,2,5,2,5,4,2,
5728,3781,1000,2828,844,7821,8477,9141,8214,7449,9274,6716,4538,4990,---3,2,3,3,4,5,2,5,2,4,5,5,2,5,
2145,4517,5574,7241,6443,8044,4645,142,4175,8560,6638,763,5173,1877,---5,5,2,2,4,5,5,2,3,5,4,2,3,4,
5696,4321,5105,6373,6022,4753,9518,783,3760,4241,8927,1500,2182,1029,---2,5,4,2,2,3,2,4,2,2,3,4,3,3,
9090,4075,3556,8809,9386,3947,2928,2450,1066,3769,8089,2650,7836,8317,---2,3,4,4,3,2,2,5,2,2,2,2,2,4,
5121,8547,7109,7270,4955,7371,8622,5268,4919,2200,2164,6619,6396,7675,---5,5,2,4,4,4,5,4,4,5,2,2,2,2,
7299,6340,3656,2378,1935,3600,5265,8946,2307,3316,349,4311,9380,1322,---3,3,2,5,4,2,2,3,2,4,5,5,3,4,
480,5171,1925,8977,9207,2636,9102,6671,2609,7923,3449,7065,8156,9534,---5,5,5,4,2,4,2,3,3,2,3,2,3,4,
3937,7907,3717,876,8810,8748,3725,9363,5014,9528,7129,9629,8990,1503,---2,5,5,2,4,5,5,5,4,3,5,3,4,5,
4489,3620,6854,9606,9288,169,3660,1320,6579,6966,7849,24,5466,3642,---5,2,4,3,3,5,5,4,5,2,2,5,3,2,
448,3872,7948,4170,8747,2188,589,6608,7058,6837,2007,7738,9980,223,---4,3,2,4,2,4,2,4,3,2,4,4,5,2,
9505,1830,2472,1067,4109,9741,1326,47,5421,3326,311,3837,3838,8863,---5,5,3,3,2,4,5,2,4,3,3,5,4,2,
9804,2371,2788,5286,7624,4905,2251,6540,6797,1832,2627,8792,2489,9595,---4,3,3,3,2,3,2,3,2,5,4,3,5,3,
7520,5376,8603,1700,1189,6566,3211,6444,4173,6002,6328,4058,9723,8058,---4,4,4,4,2,2,2,3,5,5,5,2,4,4,
6081,8100,2312,5481,7466,557,2894,909,1288,2675,1620,6266,8858,1406,---3,4,5,4,5,4,5,3,5,2,3,3,3,2,
737,5794,6587,5413,7403,6829,6926,5489,4820,1237,7639,5337,7963,9564,---3,3,5,5,5,4,4,5,4,2,2,4,3,2,
7492,6278,3722,1259,4270,5720,3538,1491,2072,4996,6682,5499,4861,382,---4,3,5,3,5,4,2,3,4,2,3,5,3,4,
9664,3920,1954,1675,1635,7531,2764,7741,2608,3090,9107,9527,2008,4765,---3,4,2,3,5,5,5,4,2,4,5,3,5,3,
6594,4146,4132,5961,5130,1260,9426,7438,8879,5490,7427,8254,2680,6142,---2,4,3,3,2,2,3,2,2,2,4,3,2,4,
6626,2363,6308,2886,6182,4333,4238,5871,3124,9902,9080,8996,9531,9630,---4,3,4,4,2,4,5,5,5,5,3,3,3,2,
931,3396,9893,9094,903,4105,2794,8007,8839,5102,211,4363,485,8287,---4,4,5,2,4,3,3,5,2,4,2,3,5,5,
944,963,8205,5180,6156,1389,9134,7023,9488,4595,9300,6229,4022,5852,---2,3,5,4,2,5,3,4,4,2,2,5,2,2,
7232,9313,8994,5731,5380,9573,1606,8107,3630,9208,7289,154,6427,8412,---3,4,3,5,5,3,5,2,4,2,3,5,5,3,
544,3312,795,1825,5608,1513,3370,4433,6224,7633,2258,6003,9315,6395,---3,2,5,2,3,3,5,4,5,4,4,2,2,5,
450,3387,3204,1926,8207,5293,1359,5808,7286,8475,9145,2587,1340,29,---2,4,5,4,3,3,3,5,3,5,3,4,2,4,
1056,6112,7112,9257,2380,7565,7280,8274,172,4085,8489,9792,633,6684,---4,2,3,4,2,3,2,5,4,3,3,4,4,4,
4672,3137,8898,3739,9540,5282,5611,2066,8562,3989,4249,4543,5822,4245,---4,5,5,4,5,3,2,5,4,3,5,5,2,4,
5136,4354,1990,5473,4681,3021,143,9168,7409,6482,3255,8988,4349,3582,---3,4,5,3,2,2,4,5,3,3,5,3,3,5,
5348,5061,8680,178,5968,6289,5202,5908,1557,4279,1689,8698,8826,3454,---2,3,3,5,5,2,5,4,5,5,5,5,5,4,
2724,3015,2570,3596,4528,5873,3034,949,9879,4728,9306,8060,7642,309,---5,3,5,5,3,3,2,5,2,4,2,4,5,5,
4096,8422,3812,1957,8262,4680,6414,2703,9936,5361,5939,5076,5172,7453,---3,2,3,5,5,2,3,3,5,3,4,3,3,5,
9615,7702,4379,8092,2846,9121,5155,9392,5041,50,5429,4665,7610,2246,5703,7766,6073,8920,3932,4320,1127,7143,7917,2167,---2,4,2,3,3,4,4,4,4,4,5,4,3,3,2,4,2,3,2,5,2,2,3,2,
5345,6406,2927,8197,3430,39,6408,2699,9004,3085,7183,7160,8148,3477,1049,5304,6868,511,1983,9378,1727,---4,4,5,4,5,2,5,4,4,3,4,2,2,5,2,5,5,3,3,4,2,
4452,6758,5865,6346,491,9742,7407,2321,3994,8052,7189,5302,5176,2936,7258,6586,2494,6389,---2,5,4,5,5,2,3,3,4,5,4,2,3,4,4,4,2,2,
1043,673,5019,2276,5093,3912,923,6576,6688,7667,3413,8153,2969,5498,9467,8115,9721,1011,---2,5,2,4,4,5,5,3,5,3,3,4,5,4,4,4,5,2,
0,5153,834,2883,7445,8618,9945,8974,9114,451,3747,345,7769,981,4987,3662,5117,9599,---4,2,4,5,2,3,4,3,5,4,3,3,2,4,4,4,2,5,
8384,9291,1381,649,2506,7883,3341,8783,6481,6578,5299,8309,3832,313,8778,1630,---4,2,5,2,4,2,2,5,5,2,4,2,3,5,2,5,
3266,4419,8614,1833,9548,3506,9086,7094,1304,7450,2843,6268,5725,3038,1429,---4,2,4,3,2,4,3,3,4,2,5,4,5,5,2,
6849,9506,9891,1317,1703,5097,1451,4155,2622,9015,888,7225,9563,3068,5726,---4,5,3,2,3,5,2,3,3,5,5,3,3,4,2,
6948,6323,6598,5159,9644,4716,4366,1103,1104,2161,7827,7497,7256,8601,4127,---3,5,2,3,4,5,2,3,5,5,4,2,2,2,3,
7072,4736,6083,8068,3078,4073,4299,9293,4723,5526,4632,605,94,4895,---5,5,4,5,4,4,3,4,5,2,2,5,2,5,
5025,1730,4790,3975,5346,4738,2734,3151,8597,5238,1055,9084,1950,565,---4,4,3,2,5,3,4,5,4,3,4,5,4,4,
5282,1179,3516,5902,5999,3282,2771,6518,6201,8473,378,4507,4316,3325,---3,5,3,5,3,2,5,5,4,3,3,3,3,5,
8769,7621,7880,7534,1520,817,2335,3284,7598,4406,8569,1663,159,---3,2,2,4,5,5,2,5,3,4,4,3,5,
6561,1544,7436,8490,7980,591,7763,9075,2100,5909,5882,6270,2035,---5,2,2,4,4,2,5,5,3,3,5,4,3,
9611,2918,2344,2121,5930,5995,3276,1230,4627,3092,2377,860,5449,---3,5,4,2,2,2,3,3,3,5,3,2,3,
2305,8260,8646,5254,7240,845,1102,13,7192,1143,408,2586,8604,---3,2,3,2,2,5,3,5,4,2,4,4,2,
4154,2277,8458,2604,3887,6769,6515,1142,9273,5656,665,7930,7034,---5,3,2,5,2,3,4,2,5,4,4,3,4,
6912,2018,6371,8228,4710,1638,9035,4498,9043,9636,6330,9469,5023,---4,3,5,2,4,4,4,5,2,2,3,5,3,
2176,3172,4071,3369,3627,4974,3503,1713,1269,55,3130,6109,1982,---5,2,5,3,4,4,5,5,2,3,4,3,5,
1120,1633,9798,5708,6281,780,4141,3949,8272,9234,4696,3183,3391,---4,2,2,3,4,4,4,2,5,2,4,5,2,
2560,4080,2019,2789,5382,1224,3178,8363,4332,7440,564,601,3071,---3,3,2,5,3,2,4,5,3,2,4,2,3,
514,6564,616,6121,2795,5580,1938,2868,5751,440,9364,8349,6943,---3,3,4,2,5,5,2,5,4,2,3,3,5,
1760,8993,866,867,9605,3398,4970,7629,7953,6072,7518,2328,3550,---4,2,3,2,2,5,5,4,5,2,3,2,3,
6690,1187,9829,5928,6537,3050,5826,3919,4741,1369,8735,9258,8453,---4,2,4,5,5,5,5,5,5,5,2,4,4,
1952,8163,7529,9994,5901,7037,1585,9962,246,343,5050,3291,8765,---4,4,2,4,5,5,2,4,4,4,2,5,3,
9443,7204,9992,6700,1362,8814,9424,850,3445,1080,3226,7771,1214,---3,2,3,3,4,3,4,3,5,3,5,5,3,
8448,8289,1795,8964,3734,8746,2827,6478,437,5558,4823,2552,5435,---3,2,5,3,3,4,3,5,4,3,3,3,2,
7844,5078,4807,4552,3751,3474,2419,1236,7574,8663,9220,6551,1183,---5,3,2,2,3,5,5,2,3,3,2,2,4,
1250,676,4261,7559,4425,6122,5100,3093,5559,7576,5789,7934,7167,---3,5,3,2,3,5,2,5,5,4,2,3,4,
4457,8001,7588,5910,5798,129,201,4789,726,2039,7803,6332,3125,---4,2,4,3,3,2,4,5,4,4,3,4,3,
9089,1772,449,8808,7628,5164,6606,7153,7954,2486,9079,6299,4093,---2,3,3,4,4,5,3,2,5,5,2,3,4,
2114,3911,5576,5194,7665,4082,7861,4536,1625,2970,3163,3740,3669,---5,2,2,5,5,3,5,3,3,5,5,2,3,
4192,2756,5701,939,1373,625,5854,5764,5903,5884,4797,5214,255,---3,4,5,3,4,5,5,3,4,2,2,2,4,
7266,8771,8101,7494,2855,1386,395,7635,1749,2108,7773,798,7541,---2,4,3,2,2,3,3,4,5,4,3,2,4,
6336,1763,5444,7110,9137,653,5518,8707,8657,6547,2231,5595,1692,---2,5,3,5,2,5,2,4,3,4,5,4,5,
9155,586,1577,778,7852,8718,1650,691,4692,8725,9943,5540,3114,---3,5,3,2,5,5,2,2,4,5,4,3,2,
7361,131,4581,3397,4519,2866,3757,2546,755,3668,4565,3767,2047,---3,5,2,5,2,3,4,2,2,3,3,3,5,
6627,2454,5031,6952,7116,5590,2769,276,4598,6712,1114,4222,3039,---2,2,4,2,5,5,4,5,2,4,5,2,3,
7584,257,6756,5830,4794,714,7373,4429,758,3447,9625,2202,509,---5,2,4,2,2,4,4,5,4,3,2,5,2,
5856,9825,5154,5571,101,1660,4077,303,6928,4706,9769,6972,4381,---3,3,3,2,4,5,5,2,5,3,3,3,2,
7252,116,2530,4108,4973,8781,4272,9105,1652,1785,248,2132,9951,---5,5,4,4,5,2,5,3,4,4,3,4,4,
8675,598,307,9750,6539,8716,685,4338,3731,7979,4566,9975,8620,---5,3,4,3,5,5,4,4,5,2,3,5,4,
7776,4577,9314,3012,5,7825,2711,3672,2171,7872,9373,5438,4511,---3,3,2,2,4,3,3,3,4,5,4,4,3,
3236,3382,5607,6664,5612,1482,4907,4396,7164,8367,2641,4263,1141,9590,9655,5471,5065,5533,3263,---2,2,5,3,4,4,2,4,5,2,2,4,3,5,5,5,2,4,5,
1218,5699,6980,870,998,4361,6093,7951,8209,2399,1588,1065,2185,3544,5530,5755,959,---5,3,4,3,2,4,3,2,5,5,4,3,2,5,3,5,2,
1344,6881,4834,4965,5351,4584,5776,2777,4208,8081,8690,4729,121,1626,5563,6941,3903,---2,5,2,5,2,4,4,3,4,5,5,2,2,5,5,5,2,
8353,6210,1699,7525,4134,6353,4713,9290,8591,9841,6275,8886,667,6108,1770,---5,3,5,4,5,3,5,2,4,3,3,2,5,4,5,
67,9159,4168,1868,4267,812,302,6385,2545,2292,1270,7608,4187,2782,---3,4,3,3,5,2,3,5,4,5,3,5,4,3,
929,8932,8518,5383,3850,7783,5328,2575,2416,6291,9533,4854,3165,7038,---4,2,3,2,3,3,2,5,2,4,5,4,2,5,
8674,483,4677,4113,2408,2250,1707,6449,8202,9855,9597,2405,---2,5,4,4,2,5,2,4,2,5,4,3,
1889,967,6477,2958,5615,7250,6164,7086,3926,3132,7582,9749,---4,4,2,4,2,3,4,3,5,4,3,4,
7488,1099,1701,424,3644,1771,3981,2926,9201,4462,3944,5820,---2,2,5,2,4,3,2,4,2,3,3,2,
7360,9051,7463,555,1458,2702,1905,8882,9747,5879,818,829,---4,2,5,3,2,3,4,2,5,3,5,5,
3008,9828,2725,5190,8710,4910,399,4533,5816,3450,2118,5373,---4,5,2,4,4,5,5,5,5,4,5,3,
6228,2369,9546,4684,6509,596,3159,9044,3162,7835,2652,3626,---2,2,3,4,4,2,4,4,5,3,5,4,
513,4443,6822,7310,3663,977,7251,1333,7959,8568,9115,8637,---5,2,2,5,4,5,2,5,4,2,3,4,
736,1025,2821,5064,4845,8336,168,7730,9109,4410,8860,6111,---4,3,4,4,4,2,4,3,5,5,5,5,
2784,3139,8198,9542,7211,614,8045,9170,7924,7077,5083,6271,---2,2,2,3,4,5,4,5,4,2,3,4,
5600,3808,5986,3845,8028,9775,7056,4310,6071,5372,4094,4197,---5,5,2,5,4,5,5,2,4,3,3,3,
3,296,7753,1101,2799,5042,4532,9718,8557,4024,6905,4948,---2,4,5,4,3,3,4,2,5,5,2,3,
2352,66,6731,9195,8413,9904,5273,505,5436,7965,286,5375,---3,5,4,5,3,2,2,4,3,3,5,3,
8704,8867,2404,1448,619,4940,5933,948,9525,86,5370,2042,---5,2,3,4,4,3,5,5,5,5,2,5,
4193,1539,6150,6,3435,972,669,2097,2867,8090,2716,7002,---4,3,4,3,2,3,2,3,3,2,3,3,
9923,9988,2134,5639,7285,821,4502,1593,4121,2939,1244,7487,---5,5,2,4,4,2,3,5,5,5,4,2,
2240,8243,5056,8261,7590,4679,4264,8238,3376,8435,185,348,---5,3,3,3,5,3,3,2,5,2,3,3,
6584,3493,3174,7631,3825,6918,3990,6744,794,6460,7550,6399,---5,5,4,2,3,3,2,5,2,4,4,4,
5539,8389,2348,875,4236,6767,7920,8466,6099,4983,9496,3003,---5,2,2,2,2,3,3,3,4,5,4,2,
5602,5412,2790,697,8876,717,8017,9490,1305,8057,4914,9122,---5,5,3,4,4,5,4,2,5,2,4,3,
1407,2819,4806,6282,3519,8497,115,9557,6363,634,3195,1951,---4,5,2,5,3,4,5,3,2,5,2,2,
5415,8546,3883,7236,8902,8774,9799,7304,4683,2766,2129,4343,5272,4313,1627,7612,9021,4382,---5,2,2,3,2,4,5,4,5,3,3,2,4,3,4,3,4,5,
6786,2661,2694,6217,9610,3101,9522,2997,5705,3704,8245,5327,2813,2878,1535,---4,2,4,2,5,5,5,4,3,5,4,2,5,4,3,
8576,1569,9218,1732,902,4743,3304,1932,7725,590,3857,7091,1973,2842,602,---4,4,3,2,5,5,5,5,3,4,2,3,3,2,2,
192,7841,5283,3112,7243,2256,945,7314,1107,1108,9399,3252,4123,9374,9471,---4,2,5,5,3,3,3,5,5,2,5,3,3,4,5,
9584,6659,6341,9544,9132,2670,2863,2864,6580,4761,7641,6298,2910,5727,---4,4,4,3,2,4,5,5,3,5,5,5,4,2,
3425,8642,4161,5793,9097,2002,4784,6162,5780,9833,8985,570,9953,3100,---2,2,5,4,3,4,4,4,3,5,5,3,3,2,
1217,1027,7944,5771,7022,4239,3792,4435,5827,2105,9434,252,---3,3,2,3,2,2,2,4,3,4,5,3,
9536,3361,9445,167,2826,9521,6352,8977,9172,4597,9113,1290,---4,2,5,4,3,3,3,4,4,4,3,4,
4993,2306,5317,1639,7084,9870,6707,6901,9627,1116,7870,---5,3,2,5,4,2,5,4,4,5,2,
7716,1129,6090,6699,4605,1245,1012,9173,20,6043,138,---2,3,2,3,5,5,5,4,2,3,4,
5955,8580,8042,8171,3567,8433,5048,7288,3097,9871,8847,---2,4,3,2,2,5,4,3,2,2,5,
2625,4034,9476,7432,6256,9810,8464,784,5938,2516,886,---5,2,4,4,2,2,2,5,5,4,5,
1860,8874,5848,5070,3185,7892,8021,5750,6936,196,2847,---2,4,3,3,5,2,3,3,4,3,2,
3684,5925,6599,8616,8074,4048,9512,5464,4826,1192,6525,---3,3,2,4,4,5,4,3,4,5,2,
35,2865,8264,3403,9520,4424,2962,9784,9177,6237,7423,---3,3,5,5,3,2,5,4,4,2,5,
738,9030,3016,4233,4586,975,7794,7893,8186,4234,670,---5,4,3,5,5,2,3,3,2,3,5,
6727,3785,7405,5870,3598,8503,3160,8729,5562,8955,8922,---2,3,3,2,2,3,5,5,4,2,5,
9216,103,7945,9674,2343,6732,4309,1111,6314,9321,606,---2,5,5,5,2,2,2,5,3,3,5,
8000,1019,4838,2666,957,3203,830,8155,7613,190,4831,---5,3,5,5,2,5,5,5,2,3,5,
7458,3813,3721,4301,3854,2673,3826,5494,7674,5149,2783,---5,4,4,5,5,2,2,5,2,3,4,
3940,9924,4041,8461,9967,7826,1748,7990,1881,2555,4252,---2,3,3,3,5,5,2,5,3,2,2,
832,3683,261,297,8362,1197,6095,2033,2935,9017,7357,---4,4,2,5,5,2,5,4,2,2,5,
6016,5089,1672,5836,5677,9327,1168,2068,3798,1274,8125,---2,4,3,2,3,3,4,2,3,3,5,
98,3429,4746,2988,1330,1395,6974,4599,4860,5469,4478,---3,2,5,4,4,4,2,4,4,5,2,
7329,4130,3205,4199,1870,7377,4181,2678,3546,8315,2621,---4,5,4,4,2,3,3,3,2,4,3,
3233,7499,9420,3726,5359,9843,3509,790,727,9211,3999,---2,4,4,3,2,3,4,3,5,2,4,
96,6722,1283,9383,6013,5575,3340,3357,3568,978,5597,---4,4,4,3,4,5,4,4,3,3,2,
6753,3874,1060,4777,9487,9909,9929,6041,9787,6620,766,---5,2,4,2,2,3,2,5,5,5,3,
3904,4801,8610,2851,4068,8967,15,2154,3083,7212,2861,1325,1169,7349,182,5306,6075,3997,---2,4,5,5,2,4,3,3,2,2,2,4,5,5,5,4,4,3,
7984,4579,1094,4999,8424,2793,7431,9580,9903,8284,5310,4244,6485,6428,2663,7132,7166,1845,---5,4,5,4,4,3,3,3,2,4,5,5,3,5,3,5,5,5,
3232,6338,375,8726,1273,9355,6512,4657,5459,8820,470,6679,9881,5946,2203,2012,6559,---3,3,4,5,5,5,2,2,2,5,3,2,3,5,2,3,3,
9856,2850,1509,7433,5066,8907,8398,8913,1294,7511,2201,6489,2623,---3,3,5,2,4,3,5,4,4,3,4,4,2,
347,7237,5895,3273,9835,4493,7281,5588,5013,5942,8824,7775,3583,---2,5,4,5,2,5,5,3,3,5,5,5,3,
1365,3297,6947,6022,6241,1992,2218,9518,4752,4782,7351,6302,8927,---3,3,4,2,5,4,4,2,2,2,3,4,3,
5921,7266,6694,4009,1386,1292,9634,5551,9907,7444,5561,2941,798,---4,2,2,4,3,4,4,2,4,3,5,2,2,
1185,1483,2500,9254,3623,1064,6219,9229,7567,370,1397,9116,---2,4,4,3,4,4,3,5,3,2,5,3,
5137,9444,4518,3590,9905,3817,2800,3057,6546,6260,5113,2522,---4,4,4,2,3,2,4,5,2,3,5,3,
9955,1317,8038,5255,5160,3306,3795,5685,1494,9158,381,---5,2,3,4,4,4,3,2,2,3,3,
9803,5292,9620,6709,5686,3864,5849,8223,5660,6079,---4,4,3,5,3,4,3,4,5,5,
3456,7970,2248,6697,3213,3278,3763,2933,8822,7929,---2,5,4,5,4,3,4,5,2,5,
610,516,8037,2412,2705,3379,3513,5786,3484,1277,---5,4,2,2,2,4,4,5,3,3,
4899,4008,988,5068,4207,5140,9081,5979,540,4126,---2,3,4,3,5,5,5,5,3,4,
7104,2480,2050,1221,7719,1383,5231,9200,4817,3836,---4,5,2,2,3,2,5,4,2,2,
2562,1155,1225,258,9309,6065,9076,7323,8829,1310,---4,2,3,5,3,2,2,3,5,2,
9153,3394,2979,4420,8005,9095,7018,8514,1947,1893,---4,5,3,2,5,5,5,4,3,3,
7748,7269,9063,6379,8460,8943,953,8410,1275,6623,---5,2,5,2,5,2,2,2,4,4,
7744,2498,8677,316,8590,4925,9807,6812,4253,5631,---2,3,3,5,5,3,5,2,2,2,
9762,2148,881,1576,2862,3560,8307,5495,2588,9311,---5,3,3,4,2,4,5,5,4,3,
5217,9251,1098,7819,1933,6292,1302,7996,8970,4031,---2,3,2,5,5,2,4,3,4,3,
8257,5670,1873,5513,1517,2417,3859,3320,8187,4445,---4,5,5,4,4,5,5,3,4,4,
4515,7493,9418,4364,2093,1714,4947,4601,186,2044,---5,5,2,4,4,2,4,3,5,4,
5760,3586,6504,8905,811,562,8754,21,7705,5756,---3,4,2,4,2,3,2,3,2,3,
4578,6051,6343,3658,9579,1006,1010,4855,9305,1567,---5,3,4,3,5,4,4,2,3,5,
8008,3434,8523,8701,7025,4531,7274,2295,4458,6334,---4,4,4,4,2,4,4,2,4,3,
2487,9670,7050,4459,1580,1902,7664,8275,8311,8253,---5,3,4,3,3,3,2,3,4,2,
7363,2084,1510,8419,8073,4583,3758,8883,7860,4767,---3,4,2,5,2,4,2,5,5,2,
7552,5983,8539,4392,1323,8819,1594,127,9438,9087,---5,4,5,4,4,3,4,3,3,2,
425,2476,1457,1522,9430,6199,2744,4347,9149,3647,---4,5,4,3,5,4,3,3,3,3,
3939,6863,8440,2707,2708,8373,5974,9272,1659,9237,---2,5,2,4,5,2,4,3,2,3,
550,9319,5736,362,9639,5452,9197,7218,6554,5245,---5,3,5,2,5,2,2,3,4,2,
128,642,8517,10,5235,2392,858,8220,6877,8638,---2,4,3,5,3,5,3,5,2,2,
4195,7749,7816,9002,6190,8658,1363,1396,5454,3423,---5,2,2,3,4,2,3,4,2,2,
674,1411,2501,6630,7337,8599,3970,1717,569,7993,---2,5,2,5,5,2,5,2,5,3,
6945,3462,7878,8870,4872,4975,145,2330,8191,9279,---4,2,5,5,2,5,2,5,3,5,
9411,7384,1428,1552,3249,8180,6166,4280,7188,2780,---5,5,3,3,3,4,3,3,3,2,
8064,6280,4266,6827,8396,3412,7478,7191,2043,1258,---2,2,3,2,3,2,2,4,3,5,
1131,4260,4391,5223,1681,3156,8502,9049,7516,3103,---4,4,5,5,5,4,2,5,5,3,
9281,9771,8777,7115,2157,3730,7733,3033,4412,6333,---5,4,2,5,2,4,3,5,2,3,
3234,772,357,934,4617,8683,9836,1357,2393,6364,---4,2,3,4,5,3,4,4,3,2,
3680,2400,6027,1828,1191,1736,7593,6583,3916,7085,7879,1744,7828,9524,5781,9302,7257,7700,3194,7774,---2,3,5,2,4,3,5,4,4,2,5,4,5,3,2,4,5,3,4,5,
2473,2659,4612,4229,9417,1034,3116,5426,271,8624,5554,2038,887,8719,3141,8895,---2,3,4,5,3,5,2,2,2,3,3,2,5,4,3,4,
9248,5377,1723,9989,5862,3978,4475,5805,8995,6005,6393,9439,124,8157,2389,---3,3,5,2,2,3,4,3,3,4,3,4,4,3,2,
9088,5506,7811,6789,584,1481,9619,2544,1811,2453,2647,5594,3675,8382,---5,4,4,5,3,3,2,3,3,2,3,3,2,4,
1157,4307,8,5546,9911,7469,2173,7219,9428,5655,25,1530,3549,9822,---3,3,3,4,3,5,4,3,3,5,4,2,2,5,
2532,6472,7273,3562,2027,7824,2088,4242,7798,2615,5289,2971,6327,2366,---4,2,2,5,5,3,2,2,2,3,2,3,4,3,
8715,8805,9128,8554,1355,876,3725,3824,9013,9982,6634,8990,1503,---3,2,5,5,3,2,5,3,3,5,2,4,5,
3280,8997,7789,9805,8080,657,3059,1492,4534,9623,2424,660,538,---4,2,4,3,3,5,3,2,5,3,4,3,3,
4544,3237,7145,2639,4465,9874,1332,8789,7894,8151,4628,1519,1621,---2,4,4,2,5,3,5,5,5,4,4,2,2,
7044,6888,4402,8844,178,1805,914,5908,3161,8635,7196,---3,4,3,5,5,4,2,4,5,3,4,
8928,3333,3371,3948,4850,5431,7866,4155,2524,2622,6975,---2,2,3,3,3,5,2,3,2,3,5,
7747,487,5388,4590,5232,82,1270,5146,6171,4796,---2,5,2,5,3,5,3,3,2,3,
4003,4133,1384,6700,5868,141,8451,6595,6524,1181,---4,3,5,3,5,4,5,2,4,2,
5057,6818,650,9069,7031,6521,1914,3742,4319,---2,5,3,3,5,3,5,3,4,
9666,8123,1353,3407,6324,2741,1430,5275,4063,---3,3,3,2,2,3,2,2,2,
6593,2210,263,5227,7533,6319,1586,51,7734,---5,5,2,4,2,4,5,3,5,
2870,1190,3943,9000,2381,752,7477,1654,8318,---2,2,3,2,5,5,3,4,3,
2080,4226,5257,4759,1196,6351,1228,6422,489,---3,3,5,5,3,2,5,5,5,
2467,6246,3270,5641,1996,6147,599,6458,9500,---3,3,3,3,4,2,4,4,3,
1698,9958,3654,1960,2763,5971,5556,7764,9308,---5,2,3,5,3,2,5,2,3,
2520,2950,4839,330,9039,3409,9971,2294,7000,---4,5,2,2,2,4,2,4,3,
293,1420,6605,9616,7443,4180,5493,9370,9823,---2,2,2,2,4,3,5,3,2,
8070,4232,2637,8496,4243,3380,9976,5881,4923,---5,2,2,4,5,3,5,5,5,
5472,2273,5763,3365,6214,4139,4685,5259,7063,---3,3,4,3,4,2,2,2,4,
3105,9283,69,4033,231,6445,9198,5747,6907,---2,3,5,4,4,4,4,3,3,
8865,234,6479,7504,6833,4756,5051,6686,2527,---5,4,3,4,3,5,2,5,4,
9952,4739,3051,3535,3348,8661,5690,5692,3645,---4,4,4,4,4,5,5,4,3,
2961,6793,7914,2859,3822,7249,52,308,8859,---3,2,2,4,2,5,4,3,3,
9377,4614,7591,2184,3791,3602,339,6552,7770,---5,5,3,5,3,5,2,4,4,
2956,9837,2606,6001,8050,5427,5784,3678,7903,---3,4,4,5,4,3,5,4,2,
2561,3331,8169,174,1008,851,6787,149,8553,---4,2,2,3,2,5,5,3,5,
3779,7729,5681,1203,469,4281,8217,4989,3166,---3,2,4,3,2,2,2,4,2,
2081,1979,8296,682,2446,4564,3573,315,2267,---5,3,3,2,2,5,5,4,2,
576,8833,2401,9259,8305,3955,4468,2838,3352,---4,4,5,4,2,4,4,4,5,
5568,5442,1590,3661,4878,2674,2614,8504,3710,---3,2,2,3,5,5,2,2,2,
5665,2466,4867,2660,268,2189,6000,1177,6269,---5,2,5,4,5,5,4,3,5,
8299,7622,3755,8588,8015,59,3417,4399,4892,---5,3,3,2,3,5,2,3,2,
5393,7279,7760,1649,8916,951,1656,8666,2495,---4,3,5,5,4,3,2,3,2,
9730,2281,7293,8400,2514,1587,4246,9818,1018,---2,5,2,4,2,3,5,2,3,
1891,1637,4070,5931,5718,1400,8921,3834,1599,---5,3,5,2,3,3,2,3,3,
1793,6404,5384,2441,2058,8843,401,281,2841,4764,2205,5288,4911,5680,3765,6736,7616,4816,9047,5977,464,9831,5869,890,---3,5,4,2,3,2,5,5,2,5,3,2,4,2,4,5,5,3,2,4,2,2,2,5,
8918,7687,520,7957,7834,4527,7966,42,3756,3375,8626,3571,2718,7491,8903,8012,3534,3542,9050,6367,9058,3311,1267,9333,---2,5,4,3,3,2,3,5,4,3,4,3,3,5,2,2,2,5,2,5,3,4,4,3,
7079,6061,1322,2668,5453,1935,3600,5265,8946,3316,6805,6235,2142,181,---3,4,4,4,2,4,2,2,3,4,5,3,4,5,
6390,1499,5185,7845,5478,8711,5002,2127,1265,4918,409,8036,3643,4829,---2,2,2,2,4,3,4,5,2,5,5,3,4,5,
6816,5923,4516,4808,1963,2351,2672,2339,6359,5081,5914,4315,9342,7807,---5,4,2,5,4,4,5,2,4,2,5,3,5,5,
5122,2147,2471,6188,5547,2572,7426,9774,49,8692,3356,6781,3921,4223,---4,3,3,3,2,2,5,3,2,4,3,4,3,4,
5281,5414,4225,6216,3401,1738,6891,4492,334,4563,3673,6585,3612,9791,---5,5,2,3,5,5,5,4,5,4,4,2,4,5,
3072,3330,1123,6149,5451,2319,4977,6196,4885,8662,6519,1276,6847,---5,5,4,3,4,5,3,5,4,2,2,4,3,
4336,2434,6980,6596,301,5552,9331,1588,9860,986,5887,6116,5183,---3,2,4,3,3,2,2,4,5,5,5,4,5,
5474,7108,8774,8546,1202,4047,274,5272,7236,3759,6748,9021,7294,---3,4,4,2,3,5,4,4,3,3,5,4,2,
1956,2821,9734,9863,9532,6925,8941,7730,4959,8860,7902,6111,---2,4,5,4,5,2,5,3,4,5,3,5,
1346,9380,6340,5992,5488,2577,4754,4311,5956,7353,956,349,---5,3,3,3,5,2,4,5,3,3,5,5,
1186,3589,9896,3657,1068,877,7406,4594,789,9078,5087,325,---5,5,3,2,3,2,5,4,2,4,5,2,
6091,3301,3944,2409,1994,1099,9201,8118,6360,2136,3644,9022,---3,4,3,5,3,2,2,2,3,3,4,3,
3168,961,8369,458,3244,365,4337,889,8383,1564,8767,---3,3,2,5,3,4,3,4,4,5,3,
5476,5605,1511,2283,9550,81,6036,2222,3287,6553,4350,---2,5,2,3,2,2,2,5,3,4,2,
3490,7916,4360,6857,684,1683,9716,7447,1977,7193,3198,---4,2,2,4,4,3,3,5,4,3,3,
4036,1958,6759,6636,2155,1676,3438,6901,729,9627,1639,---3,4,4,5,4,5,4,4,5,4,5,
7907,3717,1002,8748,8848,6131,153,5658,7707,1918,2367,---5,5,4,5,2,3,2,3,3,2,3,
6018,7075,1319,3914,4450,4334,2191,99,5174,2807,---3,3,4,3,3,3,3,2,4,2,
8387,4900,2534,8838,3144,2359,8088,6778,8188,3485,---3,4,4,2,4,3,4,3,3,2,
971,3180,8749,6801,6451,4596,8761,7480,4473,---3,4,4,5,2,5,5,2,4,
1058,7332,9477,6154,4940,4274,5267,6811,8095,---2,5,2,4,3,4,5,2,2,
6400,7650,3147,4936,5835,6318,3363,4089,---3,5,3,2,2,2,5,3,
3595,1264,8241,5170,2324,3285,1980,671,---4,2,4,3,5,2,3,5,
9858,5512,394,5707,622,1752,2169,8700,---4,4,4,3,5,4,2,4,
9008,8548,6092,2063,3088,1777,6520,95,---5,4,4,3,2,5,2,4,
32,2497,8420,8429,2542,1235,6746,4414,---4,3,4,3,4,4,5,3,
8611,4836,5831,7468,5837,1651,6873,8574,---3,5,5,4,5,5,2,3,
9921,4546,1475,8033,5749,8598,6456,7839,---5,5,4,5,3,5,2,3,
579,6247,1737,9227,4526,7171,7796,6751,---2,2,5,4,4,5,4,3,
672,7081,1739,4879,1929,1144,7417,8239,---5,3,4,2,4,4,4,2,
9739,3748,3847,8455,4051,3098,6747,1628,---3,3,5,5,5,5,5,4,
7842,7815,1122,2835,5524,1655,4898,668,---4,4,2,3,4,5,2,5,
8129,230,7339,8268,4016,5842,8956,7454,---4,3,2,4,5,3,3,5,
1281,1796,1257,6922,2449,6708,506,9243,---4,4,5,5,5,5,2,2,
9700,4655,9268,5621,854,4889,5403,4991,---4,2,4,4,2,3,2,3,
1985,1315,2095,9744,5843,5398,9502,3007,---4,5,5,2,2,5,5,4,
8258,5795,7271,6473,76,8483,7226,9820,---2,4,5,3,5,2,4,3,
6656,2947,2951,5134,7061,8471,4005,2477,1455,8627,3385,62,831,3020,592,5981,2654,6370,624,8689,8952,8189,---3,3,5,2,2,5,3,4,5,3,4,4,2,2,3,5,3,3,5,2,5,4,
5094,646,8935,5674,1079,3437,5230,1702,7697,7539,6673,7093,9206,119,5150,9367,2717,5982,3295,---5,5,3,5,2,3,5,2,2,5,5,2,4,2,2,2,3,4,4,
7073,4483,2876,4129,9692,8173,2158,1807,2992,8177,2578,3260,9588,4373,4702,9754,892,6206,---2,4,4,4,4,2,3,2,5,2,4,5,2,3,2,2,3,2,
6210,7971,6276,3910,1991,6353,6413,8591,1968,3089,2082,6275,8660,6133,9059,7133,6815,---3,2,3,5,4,3,3,4,3,2,2,3,5,3,5,4,4,
1634,1444,360,8137,5642,8492,6542,4815,7439,6846,1814,5646,7099,8732,4858,9470,2655,---5,5,2,2,5,4,3,2,3,2,3,5,2,2,3,5,4,
2980,8933,8550,9191,5321,715,1484,4626,3054,5103,2237,4370,9270,1719,1849,1380,---3,2,3,4,3,3,5,5,5,5,2,4,3,3,5,4,
4642,7459,388,1222,871,3913,9003,236,8559,6962,3027,1910,89,7003,5916,5054,---3,4,2,5,3,4,4,4,4,4,2,4,2,2,4,2,
7138,3835,6212,8134,5640,3676,461,1456,5777,6995,2196,8762,4059,9020,5629,---3,3,3,5,2,4,4,3,3,3,3,3,4,5,3,
4931,2087,4265,8023,2354,4750,9335,9778,6486,4439,267,539,3965,9694,4479,---2,4,4,3,2,4,2,4,5,5,4,2,5,2,4,
7937,5603,3017,439,9993,6574,3632,3131,8531,3928,7638,1449,9720,7098,5243,---5,5,5,2,4,5,5,3,3,3,4,5,4,5,3,
1371,4868,1321,9642,2923,3762,1677,5649,3122,4179,2041,4988,5948,543,---4,2,4,2,2,5,4,5,2,5,2,5,3,2,
5570,3427,3046,3047,1352,4418,9362,1967,7362,6129,2802,6643,1461,5084,---2,3,4,3,4,4,5,2,3,5,2,5,2,5,
448,7715,4230,7948,2188,589,6608,7340,6837,4118,2007,1563,2238,9269,---4,5,2,2,4,2,4,5,2,3,4,5,3,2,
994,7366,6407,1922,6639,88,3666,435,3604,7735,6680,4633,7646,---2,3,4,2,2,2,2,3,2,4,2,5,2,
9187,8900,3685,9578,8076,5423,4496,6420,3446,4477,54,4637,5839,---5,4,2,4,4,4,5,3,4,2,4,4,4,
2208,4112,3778,675,7812,2982,3084,494,848,7345,3476,2518,6040,---3,4,5,5,4,2,4,2,5,4,2,4,2,
3328,8647,136,2345,2257,5963,6029,6286,6831,9745,8727,7161,8447,---5,3,4,3,5,3,2,2,3,4,4,5,5,
4609,6347,3620,6854,9606,1320,4489,8331,1136,6966,8443,7197,4030,---2,3,2,4,3,4,5,5,3,2,2,4,2,
993,7462,3689,7786,8785,2610,6358,2569,7305,7292,4778,6110,---5,3,3,3,3,3,4,5,3,5,2,4,
7555,269,2221,7822,2509,5456,7538,5779,5460,8470,6681,9583,---3,2,3,4,4,5,5,5,4,5,5,2,
7745,8643,3334,588,3470,5616,5458,7605,3510,825,380,7989,---5,5,4,3,3,4,2,3,2,3,2,4,
6505,6412,8592,9809,756,2837,631,3064,767,8408,5181,4405,---2,4,2,4,3,5,5,4,5,4,2,5,
6259,7877,426,7563,5804,493,9966,9779,2298,3466,5151,---4,5,3,2,4,2,5,5,4,3,5,
3488,1505,1100,2186,716,8724,7326,342,2391,6558,5215,---4,2,3,5,4,3,3,3,2,3,2,
2340,4389,1735,907,1485,7535,8378,9592,1050,666,447,---5,3,5,4,4,4,4,5,2,5,2,
4512,1120,1089,8873,9807,9361,371,6652,8544,5631,---2,4,2,5,5,5,5,2,3,2,
9474,5319,2761,6032,594,3062,6423,7512,9849,6717,---4,2,3,5,5,3,2,3,2,5,
4899,9156,9130,1838,4207,5778,6227,5140,7547,2364,---2,2,4,4,5,5,2,5,4,2,
4355,6468,8970,7180,1327,2772,1604,7996,1098,6303,---5,3,4,2,3,5,2,3,2,5,
6304,5411,6667,6860,1679,1528,60,2398,7103,---5,5,2,5,4,5,5,3,4,
2274,8835,4102,8743,4362,5549,9169,2034,2083,---3,4,4,4,5,2,5,3,5,
870,135,6799,7888,3544,7699,6325,6648,6495,---3,4,3,2,5,2,3,3,3,
3844,6186,4235,5648,2803,1306,731,8636,6365,---5,4,2,5,2,2,5,2,5,
7651,9320,9207,9389,1808,1205,1623,4060,8030,---3,4,2,5,3,4,3,5,3,
4097,8131,5316,8135,6285,1266,5269,4822,4255,---5,5,4,4,4,3,2,3,3,
196,9450,6988,3032,4984,6138,6683,2365,---3,5,5,2,2,5,3,5,
390,5193,8204,9679,3157,6105,9626,2910,---5,4,2,3,4,3,2,4,
2341,4395,1299,20,4341,1816,6843,4668,---3,4,5,2,5,5,3,4,
7712,1413,9099,4940,2223,8753,1970,9278,---3,4,2,3,3,3,5,4,
3811,6502,680,8176,6231,3580,5278,---4,2,3,4,3,5,5,
8065,647,8968,5545,3733,5240,8764,---2,4,2,3,3,4,2,
6752,6729,1446,8300,8203,8972,791,---4,5,3,3,3,4,5,
8516,6795,6670,4211,6168,932,8861,---3,2,2,2,2,3,3,
5957,1479,264,4941,5204,1946,3388,---3,4,2,3,2,5,5,
4434,1109,1367,9880,4283,8476,5823,---5,3,2,2,2,5,5,
2688,4386,8010,1774,180,6165,9688,---4,5,2,3,2,4,2,
9408,7682,1864,6205,8817,7575,9821,---4,4,3,3,5,2,5,
8416,5445,8499,6218,2131,3031,7580,---2,4,4,4,2,4,4,
1408,3524,7045,6118,5638,501,1560,---3,4,3,2,2,5,5,
9025,1130,2925,2643,8248,8442,1374,---2,3,4,4,4,4,2,
7173,3177,46,2959,3029,4726,9981,---3,3,5,5,2,2,3,
4375,2818,427,4779,8016,151,3515,---2,2,3,3,3,3,5,
4962,1545,1611,9549,878,3664,2397,---4,2,3,2,3,5,5,
3201,4548,1765,6503,1486,6766,5860,---2,4,5,4,4,2,4,
2528,3473,7368,430,7272,983,7889,---3,4,3,5,4,2,5,
5101,5548,2765,1549,7413,2198,3518,---5,3,2,4,4,5,5,
7840,6115,9167,1046,4087,9241,603,---4,3,2,4,3,2,4,
1890,8266,6989,8053,2999,6238,575,---5,4,5,3,5,2,4,
868,8102,6378,3372,3603,219,7228,---3,2,4,2,4,2,5,
547,9061,4776,3309,1936,5812,8893,---5,5,4,4,4,4,3,
1349,1670,3687,6602,2897,9238,4124,---2,4,5,3,3,5,5,
9448,4114,3315,3863,7513,4733,5279,---3,2,2,3,3,2,4,
1792,3426,7688,9652,9566,4286,2143,---5,2,5,2,4,5,2,
9764,5606,7693,2125,2833,4981,2879,---4,4,3,5,3,2,5,
354,6120,7434,209,6903,5401,1338,---3,3,4,4,4,3,3,
6914,2435,1924,6294,2259,5135,6929,5907,5892,1173,534,3096,3460,7967,7089,9635,177,810,455,4652,3633,6198,7095,2591,9152,7235,6726,7623,5960,9673,7626,1443,3411,1039,4065,3810,8040,8428,6258,9715,7290,636,9983,---4,4,4,2,5,2,3,2,3,3,4,5,5,3,2,3,4,2,3,2,4,4,4,3,5,5,4,4,4,5,3,3,5,3,2,5,5,3,2,5,2,2,3,
4358,5001,5645,3086,8341,1566,9631,808,8108,4014,6715,8252,1597,5311,9026,6979,72,1741,4814,5073,3410,5535,8161,7611,2297,5759,---5,4,2,3,2,5,5,4,5,3,3,4,2,3,3,3,2,2,3,3,5,5,4,4,5,4,
4608,8581,2438,9608,7946,3212,9357,1683,2456,2842,7067,1693,2053,548,2342,8487,7725,904,9400,58,1732,6733,5715,6621,5858,3304,---2,3,4,4,2,4,2,3,5,2,4,3,3,5,3,4,3,2,3,4,2,5,2,2,2,5,
6973,3724,8334,5651,5653,7199,33,2214,7467,7596,6068,6457,9403,5565,2750,5700,1871,4436,853,6617,3878,1255,8937,4285,9462,5333,---4,2,2,2,2,5,5,4,4,2,3,5,3,5,3,5,4,3,5,2,2,2,4,2,2,3,
896,1409,259,7558,8459,9104,7698,6548,1959,938,8240,8242,6463,2247,7118,2383,8786,7517,5470,351,5729,2917,6645,5110,9724,---5,5,5,3,4,2,4,3,3,2,5,5,5,4,4,5,2,5,4,4,4,4,3,4,4,
6977,331,2565,9031,1226,4491,8013,1616,5201,1779,5943,9624,8538,4891,4727,1757,4638,---5,4,3,3,3,2,3,3,2,2,5,3,4,2,2,2,2,
609,4514,8612,5985,7175,2504,2111,1387,2396,1781,9118,7096,1337,1147,6844,8606,9727,---3,3,2,5,5,3,4,5,4,3,4,5,2,2,4,2,5,
2018,6371,5060,1638,4710,2811,2824,8255,7949,3215,7857,2227,7284,411,7998,5247,---3,5,5,4,4,2,5,5,4,5,4,5,2,5,5,4,
7617,1314,2469,9032,188,1154,8912,7220,5589,3414,7415,8760,2106,9340,4798,2069,---3,3,2,3,4,4,3,2,3,2,2,2,4,3,5,3,
5026,5156,6728,3882,3023,9585,5586,1844,7925,5719,6008,4164,2525,3327,---5,3,4,4,4,5,2,3,3,4,5,5,4,3,
9601,3108,897,6249,205,6959,1278,2049,2293,8247,5208,2617,5821,9310,---5,4,5,3,2,5,4,4,4,3,4,5,4,4,
9600,420,4647,1673,3593,6892,6128,7348,5046,6169,7385,4700,3933,---4,2,4,2,3,2,3,3,2,5,2,5,4,
2529,1351,4040,6986,3852,8973,2318,1072,9369,7259,3775,8639,---2,3,5,3,4,2,4,2,3,2,5,5,
8577,2887,9866,3533,3982,4240,9396,5166,7830,9012,2937,9918,---4,4,3,3,5,5,2,3,5,4,3,2,
9024,1632,7302,5121,4296,7785,9163,1295,6483,6902,3579,1726,---2,4,5,5,2,2,5,4,2,2,5,3,
8256,4993,2306,5124,5317,7850,2571,9870,6992,1368,1116,---5,5,3,2,2,5,5,2,5,5,5,
8224,1221,6550,3307,428,5935,2480,7409,2550,8988,---2,2,5,3,4,5,5,3,2,3,
2272,7584,1284,7174,5830,942,6675,8366,4794,509,---2,5,2,3,2,4,5,2,2,2,
1043,3489,6603,3787,9071,4371,3541,9721,2969,5498,---2,2,4,5,4,3,3,5,5,4,
3553,6562,3267,7014,5222,2226,7154,8213,1240,2681,---2,2,3,3,2,5,3,3,4,5,
3013,9126,7051,2543,3376,3698,8435,1401,2463,5055,---3,3,5,3,5,3,2,3,4,2,
5543,5367,6237,9520,2865,9746,9815,9784,4559,3709,---4,2,2,3,3,4,5,4,3,5,
7297,7492,4742,9265,3538,2840,6777,6682,7004,---2,4,5,3,2,5,3,3,3,
8123,6569,1835,6063,947,2741,1193,5275,3613,---3,5,4,4,4,3,3,2,3,
4001,6307,2854,3819,7470,4276,735,4380,4383,---4,3,2,2,5,3,3,4,2,
9760,8037,6342,1756,2705,3513,9498,156,5343,---5,2,2,2,2,4,5,3,4,
9922,323,4197,5015,5132,9491,757,6071,4094,---5,5,3,4,4,4,4,4,3,
5024,4555,2308,2987,8847,8171,4791,379,---2,2,5,4,5,2,4,3,
5344,8270,4688,4404,1271,4188,7581,414,---5,2,3,5,3,2,5,3,
8548,2949,5609,3088,8371,3220,5082,5758,---4,5,5,2,4,5,5,2,
7874,4260,2447,915,8602,701,9887,---3,4,3,4,3,5,4,
7298,9485,6545,8213,9110,9495,8354,8229,6565,3256,3129,8128,7490,7875,6469,8098,7374,8411,2853,7522,7014,2193,6908,3574,1784,8570,7420,---3,5,3,3,4,3,2,2,5,5,2,2,5,4,5,5,4,5,3,2,3,4,5,2,2,5,2,
6532,645,2573,2073,6300,9757,34,8485,166,6570,5944,3897,2119,5834,843,2253,4049,2003,4182,4695,3802,5596,3299,7402,7412,7291,---5,3,5,4,2,3,4,3,3,2,2,5,4,4,5,2,4,3,5,4,5,5,4,3,3,3,
4554,9280,2146,9834,2212,9957,2952,8106,5366,9651,7214,400,5875,6132,6806,8344,4932,2460,5949,4958,---2,3,2,3,5,3,5,3,4,4,3,4,3,3,4,4,3,2,2,5,
8480,8432,8578,8699,8676,5573,4711,8617,704,6034,6254,1391,8208,5138,6055,9572,8027,7676,5280,---4,2,4,4,5,4,3,5,2,3,5,5,3,3,5,2,3,2,2,
327,7867,933,4935,4476,106,4939,5260,5358,1839,305,8085,8632,510,7451,9468,8869,287,---2,2,4,3,2,5,2,3,3,3,5,3,5,3,3,5,4,3,
33,4715,2214,8937,1643,3724,8334,1871,5651,9403,5653,5355,6457,6617,5659,4285,2750,3615,---5,5,4,4,3,2,2,4,2,3,2,5,5,2,5,2,3,5,
7040,9602,7267,8290,8681,2314,6658,6771,7388,4117,2551,9016,57,3867,9404,702,1695,---5,3,3,5,2,3,4,3,4,2,5,3,4,4,2,5,4,
3873,2619,4294,2631,873,7179,7021,5522,658,5975,3609,1882,26,4090,926,---4,3,4,3,4,3,4,5,5,5,5,2,5,5,5,
9984,5313,2117,7334,71,2729,7820,496,3830,5761,6394,8346,2236,7229,---4,3,2,4,3,2,5,4,4,3,3,4,3,4,
2144,5954,5796,9417,5994,9933,527,3888,2737,5554,4397,7350,6265,7818,---5,3,3,3,4,4,5,4,3,3,2,3,4,4,
2368,4837,2086,4359,2090,8407,2130,718,433,6674,1262,6391,9930,6718,---3,2,5,3,2,5,4,2,3,4,4,5,4,3,
3076,7976,1004,3021,7502,4349,5969,2190,3255,9146,6139,1533,3582,---3,3,5,2,4,3,3,3,5,2,3,5,5,
7619,2406,3561,6125,8527,2481,7378,8084,4758,282,220,4442,478,---3,5,2,4,2,2,2,5,2,4,3,5,2,
640,5000,9963,6637,4015,9648,8360,8821,4730,637,1022,9717,---4,2,4,4,3,3,2,2,5,5,2,5,
7042,8027,5573,8617,9770,4645,3569,5138,9939,763,6250,4517,---3,3,4,5,3,5,3,3,3,2,3,5,
7586,1254,2150,7880,7621,6530,2335,9298,4084,7668,9307,895,---2,3,3,2,2,5,2,3,2,5,2,4,
7873,1445,2215,6864,5618,533,3094,8312,1241,5787,7388,9023,---2,4,3,5,4,2,4,2,3,3,4,5,
7938,581,9777,906,3010,9873,2739,3925,8534,4312,442,---4,5,5,4,3,2,3,5,5,2,4,
3872,6213,4170,8747,366,1488,9202,9559,7738,9980,223,---3,4,4,2,2,2,5,4,4,5,2,
1952,8163,17,9994,5901,5741,1585,6197,5432,4079,9962,---4,4,3,4,5,2,2,4,2,4,4,
4610,454,358,6024,2762,2733,7278,1128,1140,5175,---5,3,3,2,2,2,4,5,3,4,
352,4289,8137,1170,5646,7151,7602,5300,4634,6575,---5,2,2,4,5,2,2,5,3,4,
4832,4130,5828,7377,6867,7767,3546,8315,2621,1279,---5,5,3,3,2,5,2,4,3,4,
9507,744,4841,2122,2856,8083,8728,8825,7994,1471,---5,5,5,5,2,4,5,5,5,3,
806,7239,8008,4458,4531,8277,3355,1820,3434,---2,5,4,4,4,4,3,2,4,
3714,9251,7819,6030,1618,7507,6292,4607,---3,3,5,5,2,3,2,3,
5675,2797,2963,9054,1944,7514,7452,542,---5,4,2,5,5,4,4,2,
2432,6498,3251,2695,2098,5683,2421,6488,---4,5,2,3,5,5,2,4,
6599,4104,8682,1423,9512,8178,8056,4826,---2,4,5,2,4,2,3,4,
582,9352,9788,7756,4592,6039,6490,7900,---3,2,2,3,5,3,2,3,
5536,4385,6500,1257,9100,1069,3773,479,---4,4,4,5,3,3,3,4,
6689,9666,387,3879,3407,415,3102,4063,---3,3,4,5,2,5,4,2,
290,8870,300,1135,748,4975,8047,9279,---4,5,5,5,2,5,5,5,
2598,968,8586,6795,4211,3222,3290,---3,4,3,2,2,3,4,
4768,4709,328,2410,6704,8850,1631,---3,5,2,5,5,4,4,
4066,8650,9131,6446,9713,540,4126,---4,5,5,4,5,3,4,
6295,8584,1899,8659,8343,8348,6942,---5,5,4,4,3,3,3,
9538,6107,5997,6802,4727,5593,4891,---3,3,4,2,2,2,2,
5668,264,4941,9296,7540,4438,4509,---3,2,3,3,2,2,2,
7810,1542,9271,6153,6726,7170,7570,5907,1300,1561,5274,9711,6725,9761,1443,9381,8231,6185,4652,5934,2479,48,177,6198,9783,2591,2110,5824,5189,3526,9673,9803,3810,7437,4432,4178,7896,5851,7290,3167,8162,9708,6141,6384,7544,1658,253,---2,3,5,5,4,2,4,2,3,5,5,2,4,4,3,5,5,4,2,2,3,3,4,4,4,3,2,2,3,2,5,4,5,4,5,4,2,5,2,5,2,4,2,4,3,5,2,
6914,3460,1669,1542,7562,1678,2192,9233,9240,1561,924,7967,5537,1705,2479,48,4017,7095,8671,4542,5189,3868,7623,7630,4432,4178,2645,3167,4065,4456,6384,1518,8304,8936,632,1658,1021,---4,5,5,3,2,5,2,3,3,5,4,3,5,2,3,3,3,4,4,3,3,2,4,2,5,4,2,5,2,3,4,4,5,2,2,5,4,
4865,1794,9862,6151,4745,4620,8982,8987,2332,9632,4004,8582,295,4653,3635,4795,5566,5702,8142,5717,4567,1624,9689,9508,7149,114,2420,3960,7033,2425,---5,3,5,4,2,5,4,2,5,4,3,4,2,2,4,2,2,5,3,4,5,2,4,3,4,5,4,4,4,4,
5635,3718,1547,8468,7190,7968,3364,677,1068,8368,4530,3768,5049,3900,8888,4691,7126,7898,5087,9056,9826,3564,6516,6774,---2,3,4,5,4,5,4,3,3,3,5,3,2,2,5,3,3,5,5,5,3,4,2,3,
9217,2435,5892,6294,9865,3467,534,8347,1442,7846,6439,1581,5557,9152,7235,7626,2379,9554,3411,8428,6258,636,---4,4,3,2,3,5,4,4,3,2,4,3,5,5,5,3,4,2,5,3,2,2,
3400,5480,9827,8869,4870,327,1160,4092,106,4939,5260,5148,1839,7473,8338,6163,937,6792,7579,4476,510,---4,2,2,4,4,2,4,3,5,2,3,5,3,5,5,5,5,4,5,2,3,
1709,457,2596,585,6538,1399,5324,8525,5847,3789,7952,1490,7376,5550,341,7287,537,8924,1213,1150,---3,5,3,4,5,4,2,5,5,2,2,2,5,4,2,4,5,2,2,4,
9985,5730,7524,583,4585,5162,4523,2183,4290,2638,413,6896,2993,7694,4407,2689,3193,3420,9181,3934,---2,5,3,3,3,3,2,2,2,4,4,3,3,4,3,3,5,2,2,2,
2656,2817,6114,1988,4648,1582,911,9677,3746,398,8111,9138,1139,1013,22,3716,9978,4699,2526,---2,5,2,2,4,3,4,5,2,5,2,5,3,2,3,4,4,3,5,
5762,9668,7365,38,4167,9832,5035,70,1686,8691,9395,6293,4819,4055,5582,9594,6780,8669,---5,2,2,3,3,4,2,5,4,4,3,2,5,3,2,2,5,4,
2241,7843,8836,5994,2957,7818,9933,2607,5424,2737,8693,1508,1194,7960,5796,6011,8572,61,---2,5,2,4,4,4,4,3,4,3,3,5,5,5,3,5,3,5,
801,7139,4455,8648,2076,2371,7851,8301,3439,4513,2930,3171,9846,7224,6589,3611,7644,1149,---5,4,4,2,5,3,2,2,2,2,4,5,4,2,2,3,4,5,
9345,3877,4871,5687,12,2477,5134,624,4339,7061,2967,8377,1562,2204,8189,3902,831,---5,4,5,4,2,4,2,5,5,2,3,4,4,3,4,4,2,
9985,4290,7524,134,583,5162,431,6896,2993,8339,4407,413,3193,2689,8957,3934,---2,2,3,4,3,3,2,3,3,3,3,4,5,3,2,2,
6160,4771,260,9686,776,338,6573,1743,5264,2770,9299,1782,1976,6745,7919,6701,---4,3,2,3,3,2,4,5,5,5,2,4,4,5,2,2,
8736,9026,1061,8294,72,1579,8108,4401,18,3957,792,441,6715,991,2557,9669,---2,3,4,3,2,4,5,5,2,2,5,3,3,3,3,3,
1184,1540,1253,1031,5704,7755,2350,7311,2128,1733,7027,9365,4921,2884,7260,4671,---3,3,2,4,5,2,3,2,5,4,2,5,2,4,2,3,
5447,8551,7048,2825,7210,7915,1388,4913,6866,1078,2953,5016,1497,7864,191,---4,4,3,4,4,3,2,4,2,2,2,2,2,3,5,
5125,9638,6311,3179,3886,6383,4912,2418,4734,2902,4591,7545,3354,7707,5342,---4,4,2,5,2,5,3,2,5,4,4,2,2,3,4,
4321,4002,1121,3653,2182,4753,3453,3760,5105,7890,9795,823,4122,6938,---5,3,4,5,3,3,5,2,4,4,2,3,4,4,
7187,2690,803,4964,6796,9996,2062,112,4849,4883,3705,376,9316,2079,---4,2,3,2,4,5,5,2,4,4,2,5,3,3,
4547,6267,1052,9288,7849,3660,5902,6579,169,24,5466,6971,4316,3642,---5,5,3,3,2,5,5,5,5,5,3,5,3,2,
512,1665,2373,8806,9830,4142,7024,4275,3028,6262,3002,3776,3923,---3,4,4,2,5,3,3,5,4,2,4,3,3,
5504,225,3650,9987,2149,104,7262,3694,6403,9205,502,2206,7359,---5,5,2,3,4,3,4,5,2,2,2,5,3,
6432,161,6084,3239,6826,3563,593,3000,7833,5338,796,2746,6239,---5,2,3,3,2,3,3,5,5,4,3,4,4,
6177,2347,2020,1219,5889,651,3053,3858,9139,2036,1496,9210,---5,5,2,4,3,4,3,2,3,5,3,3,
3202,5349,5321,9111,5037,5103,4370,9270,7543,9239,2333,247,---2,5,3,4,2,5,4,3,2,4,5,4,
4452,5905,5865,7407,9489,2494,855,5176,2936,7258,4318,---2,4,4,3,5,2,2,3,4,4,4,
896,523,7558,3366,3274,2923,7698,6548,4277,4988,6463,---5,2,3,4,2,2,4,3,3,5,5,
6112,9792,5482,7565,7280,7097,8274,1555,7479,633,6684,---2,4,2,3,2,2,5,2,4,4,4,
2369,1762,9546,4684,5357,462,6509,4787,596,3162,3626,---2,5,3,4,2,2,4,5,2,5,4,
1601,3,296,7753,4650,8557,4948,9718,1239,4024,6491,---5,2,4,5,2,5,3,2,5,5,2,
3457,7939,4202,7523,467,6543,4529,6931,6484,1880,574,---2,2,3,4,3,5,5,3,3,2,4,
6432,5734,5801,2156,2736,593,5338,6874,2746,3390,---5,3,2,2,4,3,4,4,4,5,
6880,9794,2134,7114,2067,7285,4502,1593,2939,1244,---5,4,2,2,3,4,3,5,5,4,
2437,3016,4233,975,7794,7893,1385,9657,8186,6970,---5,3,5,2,3,3,3,2,2,4,
8481,9474,9033,3529,7891,8055,7512,1850,5980,6717,---4,4,5,5,2,5,3,4,5,5,
6113,5064,4845,1869,8336,168,9109,7640,4410,8508,---5,4,4,4,2,4,5,2,5,2,
2624,8646,3655,4119,5462,1143,7192,2586,8604,---2,3,4,5,4,2,4,4,2,
2277,8458,2604,8175,1648,2199,665,7930,4218,---3,2,5,4,2,4,4,3,2,
1728,3682,4937,4394,6082,4497,9938,3286,6556,---5,5,4,5,5,4,4,2,5,
1883,9607,1915,8269,8370,2810,1851,5213,5439,---4,5,4,2,4,2,4,2,3,
7969,9284,3174,5038,3825,7956,3990,6744,7550,---5,4,4,5,3,4,2,5,4,
8676,3634,6254,8432,6034,1876,6965,5503,5301,---5,5,5,2,3,5,4,5,5,
7396,7781,5003,941,3214,4503,5114,4667,6172,---5,3,2,5,4,2,4,4,5,
1280,4192,1180,5903,9553,5814,5884,1373,255,---5,3,5,4,3,3,2,4,4,
9252,2597,5129,6661,1903,8149,4603,3061,---3,5,2,4,5,5,4,5,
8897,9959,7276,4431,9618,822,2459,5628,---2,3,3,5,4,2,4,2,
6464,4967,6376,5967,5840,3377,6136,9215,---3,4,2,5,2,2,2,5,
1249,4739,3051,3535,8694,3963,5692,9407,---3,4,4,4,3,3,4,2,
4033,7074,9283,69,5487,6137,4986,6907,---4,5,3,5,5,2,4,3,
9282,8772,2280,5167,6067,2804,4956,9567,---2,2,5,5,2,5,3,4,
6049,6626,265,5872,4629,634,3195,1951,---5,4,2,2,4,5,2,2,
7560,4651,4076,9645,6062,7411,7414,8607,---2,3,3,5,2,2,2,5,
8155,4838,102,2792,7472,7802,1019,830,---5,5,5,2,5,2,3,5,
4676,9800,6863,8373,5974,4185,5626,---4,4,5,2,4,2,3,
4235,2508,5619,2679,4731,8636,6365,---2,4,2,2,4,2,5,
3424,6273,9699,8940,5841,984,5468,---5,2,4,4,2,4,5,
6434,5707,9858,1645,3060,8981,1752,---2,3,4,5,4,5,4,
5731,5510,8107,4212,7607,4408,8412,---5,4,2,4,4,2,3,
3906,4006,4902,775,3019,9548,3480,---3,2,3,4,5,2,2,
3,521,5042,9718,2423,5242,3418,---2,4,3,2,4,2,2,
9666,6324,8022,5972,9883,2748,4063,---3,2,4,3,2,3,2,
6663,8460,6655,8410,6623,7837,1887,---2,5,5,2,4,3,5,
8488,6985,9332,8791,4860,5469,4478,---4,2,2,2,4,5,2,
9091,6800,6019,2709,3991,8472,4506,1691,6810,7711,3360,816,291,3881,2346,429,6703,7216,7604,2101,8246,4153,2207,6261,4929,7107,2244,6858,8140,8271,1360,337,7379,8917,3670,7383,5990,8934,2290,6739,5237,1402,---5,5,3,4,2,4,4,5,3,3,3,2,3,5,5,3,5,5,3,3,4,3,5,4,3,2,5,5,2,4,3,2,3,5,2,4,4,3,5,2,2,2,
645,2573,19,3350,5911,3227,8348,8479,6949,166,6953,5941,7222,5944,3652,1096,843,2253,4182,4695,9432,4573,3936,3299,7017,7402,1899,6007,6009,7291,---3,5,4,5,2,4,3,2,4,3,5,3,4,2,5,2,5,2,5,4,3,5,2,4,2,3,4,5,3,3,
4,5004,4110,2448,6929,7331,8998,7089,3254,9851,6467,1862,4042,2259,9685,7897,3674,9437,8032,1296,3555,4453,8945,5883,1916,---4,4,4,2,3,2,4,2,2,3,3,2,4,5,5,3,3,4,2,5,2,5,4,3,3,
2055,3465,2698,1931,8846,6296,7195,5277,4254,546,6435,40,3117,8112,8630,3511,4490,8842,2632,202,2743,2152,3440,7935,---4,3,5,2,4,5,5,3,3,2,4,5,3,3,4,5,2,4,2,2,3,4,3,5,
4248,2334,2086,6961,5290,433,6718,2368,4038,969,9930,8407,2904,9817,4837,764,9455,3954,6387,7159,5116,1661,---2,5,5,5,3,3,3,3,5,5,4,5,2,5,2,4,4,4,3,2,2,2,
9346,1416,2574,5392,5266,3735,5272,3378,4403,9021,7236,8774,5320,2249,5712,4190,8679,1682,5437,3952,6898,1268,---2,4,2,3,2,5,4,5,3,4,3,4,5,3,5,4,4,3,5,2,5,3,
896,1409,259,2917,7558,5729,4007,8240,7118,2383,7536,7698,6548,6645,5110,8459,2247,351,7517,894,6463,---5,5,5,4,3,4,4,5,4,5,4,4,3,3,4,4,4,4,5,4,5,
6368,7136,706,9731,4388,9894,8006,1073,2600,1898,6882,4504,1105,5330,3924,9431,4184,788,5732,1534,7205,---5,3,2,2,3,3,4,4,4,2,5,3,5,3,4,5,4,3,2,5,4,
5698,9379,1861,3622,5416,9065,4106,459,9222,8078,5584,2344,7156,1230,3092,3322,2779,9611,5995,5119,---4,2,3,3,5,4,3,4,3,3,2,4,4,3,5,4,2,3,2,3,
4448,6177,5867,2852,1285,9736,8329,4050,2347,3053,1007,8402,3858,1219,2219,56,2020,9139,9885,---5,5,5,4,5,2,5,3,5,3,2,2,2,4,2,2,2,3,2,
5985,4514,571,7175,2111,1387,2701,719,8051,1781,3551,7096,1337,5402,1147,6844,7871,8606,9727,---5,3,2,5,4,5,3,2,4,3,2,5,2,2,2,4,3,2,5,
7424,2177,5218,3206,4106,459,5698,9940,4463,8976,8018,2644,3790,4664,5529,4413,7156,5119,---4,5,2,4,3,4,4,4,3,5,5,2,3,5,3,4,4,3,
9475,849,6923,1802,107,5198,2056,1361,6322,8014,7926,8279,4331,3577,6607,3805,6654,4447,---3,2,2,4,5,2,3,5,5,5,3,3,2,5,4,3,4,4,
9793,6459,3045,6825,9483,396,3621,2813,560,9522,7380,8245,7625,6714,187,3101,3893,---5,3,4,4,2,4,3,5,4,5,3,4,4,5,5,5,4,
1088,7006,3498,1548,2990,2512,881,9106,8307,277,6103,2265,8891,2588,2781,2590,4863,---4,2,3,4,3,3,3,4,5,2,5,3,2,4,5,2,3,
9648,5506,6692,6789,5000,3305,4842,6768,8360,5682,4851,9717,7859,3646,8382,1525,---3,4,4,5,2,4,4,4,2,2,2,5,2,5,4,5,
9120,8032,2065,7301,9287,4042,4871,9135,1296,1489,9682,9876,9845,3254,5687,9685,---4,2,2,2,3,4,5,4,5,3,5,5,4,2,4,5,
643,5316,2471,3720,2187,8717,463,4205,49,2147,3499,5547,5657,4223,6781,4255,---3,4,3,4,4,5,3,2,2,3,5,2,3,4,4,3,
3265,7459,8484,7977,210,1358,5199,2584,3922,3107,5022,1910,1112,3482,5054,---2,4,4,5,3,5,2,2,4,2,4,4,2,3,2,
4704,9058,1830,520,8012,3311,4109,47,8626,6836,4527,8918,4943,3837,7966,---5,3,5,4,2,4,2,2,4,2,2,2,3,5,3,
8512,7585,9570,6916,7046,4884,8555,3475,8372,5374,6454,3001,250,7643,7102,---4,3,2,5,3,5,4,3,5,4,4,5,3,3,2,
4482,8132,7621,1254,7880,1663,1514,6530,7598,7586,9298,3284,7668,159,2335,---5,2,2,3,2,3,2,5,3,2,3,5,5,5,2,
9410,6148,6006,3505,9161,7198,2924,5425,9297,53,950,6362,8002,5918,2229,---5,4,3,3,2,3,4,2,3,4,5,4,3,5,4,
9264,739,4292,7111,6505,6412,2896,8851,1684,4670,5236,8730,1466,5534,767,---4,5,2,4,2,4,2,3,2,4,5,2,3,3,5,
4387,3433,9675,5005,6734,3152,9106,9171,8628,9077,8310,2781,7006,4863,---4,2,3,3,5,4,4,4,2,5,4,5,2,3,
3745,2531,9384,1708,158,912,6513,7508,7317,2582,4951,5433,3806,8629,---3,3,5,3,5,5,3,4,2,4,4,3,2,4,
6785,963,2948,2358,2669,9326,7215,80,4595,9134,4022,5180,9182,9653,---4,3,4,3,4,2,4,5,2,3,2,4,5,3,
4385,2051,8647,9575,3145,6855,879,7683,120,7161,479,2014,8447,---4,5,3,4,2,4,5,4,5,5,4,4,5,
1925,7923,8361,6507,2636,9102,6671,2609,5171,7065,3449,4827,9534,---5,2,5,2,4,2,3,3,5,2,3,5,4,
6402,8291,8069,5671,3752,73,8685,6290,9143,4570,9852,1853,8901,---3,5,3,3,4,2,3,4,3,2,4,4,3,
6336,8707,7110,6828,1164,653,5518,6547,1763,2231,9530,5595,1692,---2,4,5,3,5,5,2,4,5,5,2,4,5,
4395,6088,9515,2444,8463,9009,8498,4054,6143,7101,9854,3199,---4,3,4,3,5,3,3,4,5,3,5,4,
2144,4000,7714,3300,5994,4397,9933,2737,7350,6265,5796,7818,---5,3,2,4,4,2,4,3,3,4,3,4,
5512,5354,555,2702,829,3216,1905,818,6963,5879,9051,394,---4,5,3,3,5,3,4,5,4,3,2,4,
7072,4736,8068,5526,7910,330,4299,1263,4723,2901,2294,605,---5,5,5,2,4,2,3,3,5,3,4,5,
320,3496,6161,199,7144,2556,9226,3052,8750,1009,8796,---5,2,5,3,4,3,3,3,4,2,5,
6625,7268,8075,3820,7150,9712,2515,5876,3892,1786,2302,---4,3,4,5,4,4,3,5,5,5,3,
4471,1252,8519,8776,5417,1159,5356,6157,2255,1431,8511,---3,3,5,5,2,5,4,2,5,4,3,
8326,936,8043,9842,2893,5362,7028,2965,3030,3770,122,---5,2,4,3,5,2,4,2,3,2,2,
7488,1701,6823,4712,1771,3981,2926,424,4462,5820,4606,---2,5,5,5,3,2,4,2,3,2,5,
9220,7574,4807,4335,3474,5363,1236,5078,7844,1183,3109,---2,3,2,5,5,5,2,3,5,4,5,
2305,8260,5254,7240,845,1102,13,4568,408,4271,6782,---3,2,2,2,5,3,5,2,4,5,4,
1057,4686,1341,8881,8820,9166,6102,375,9593,5946,1498,---2,4,5,3,5,2,5,4,4,5,4,
7553,652,551,3308,9612,781,4206,9421,7319,4297,893,---5,5,5,3,2,4,4,5,5,5,4,
5601,9611,2918,2344,5995,3276,4461,1230,4783,3092,860,---5,3,5,4,2,3,2,3,2,5,2,
9729,6821,4095,7658,6221,1118,3225,9402,5695,6014,3679,---4,2,3,5,2,3,4,4,5,2,2,
2336,3907,8804,6344,203,7184,9330,9046,1412,8218,9371,---5,2,3,4,2,3,5,3,2,2,2,
4781,4171,3115,5613,6510,4813,4053,1243,695,9915,---4,5,5,3,5,4,5,5,5,4,
9505,1830,3784,4906,4109,47,5455,9741,3837,3838,---5,5,5,5,2,2,2,4,5,4,
2560,2019,2789,5382,3178,8363,4332,2126,2676,2071,---3,2,5,3,4,5,3,2,4,3,
3008,2725,5190,8904,9516,399,8561,4533,5816,3450,---4,2,4,5,2,5,5,5,5,4,
4257,705,9797,9574,5799,3214,3702,5114,4667,8799,---2,4,5,5,4,4,5,4,4,3,
4096,9697,3812,7045,5638,2703,5172,9591,6233,1957,---3,4,3,3,2,3,3,4,2,5,
9536,3361,167,4968,2826,6352,9521,9172,7318,7325,---4,2,4,3,3,3,3,4,3,4,
1126,9523,6283,8364,6349,1038,2712,5555,4888,8159,---2,4,4,4,5,3,2,3,2,4,
1633,9798,5353,5708,3949,3183,8272,8319,1724,3391,---2,2,3,3,2,5,5,5,5,2,
8545,1028,133,5766,7303,4619,4044,4656,7800,5085,---4,2,5,5,2,2,5,2,3,4,
2788,6437,2022,1832,4905,2251,6540,8792,8091,---3,4,3,5,3,2,3,3,3,
7360,2209,7970,771,2248,6697,3213,7475,2933,---4,3,5,3,4,5,4,2,5,
9825,4706,100,101,2439,488,9769,303,6928,---3,3,4,4,5,4,3,2,5,
5989,5062,9041,1641,5770,397,6417,1886,165,---3,5,3,2,3,2,4,2,4,
2849,8387,6020,6465,9129,1836,2359,3134,9343,---2,3,2,4,4,3,3,5,3,
8000,5441,5666,3203,2666,7281,8824,1948,4831,---5,4,4,5,5,5,5,4,5,
7169,6310,3214,5331,7790,2394,4667,5114,---4,2,4,5,3,4,4,4,
836,7527,6635,9970,8868,2232,9753,4762,---3,5,2,4,4,2,5,3,
6784,3332,2470,519,2601,8046,9074,3772,---2,4,3,3,3,4,4,4,
161,709,3239,6826,5515,7833,2909,6239,---2,4,3,2,3,5,2,4,
9771,9990,7115,2157,2159,6225,3033,4412,---4,4,5,2,3,4,5,2,
5585,4328,6763,9868,1201,5652,2648,4411,---3,3,5,4,3,5,3,2,
7234,4003,8293,8451,6700,141,6595,793,---5,4,3,5,3,4,2,3,
1506,9189,1192,8074,4048,7829,5464,6525,---2,2,5,4,5,2,3,2,
161,3461,6913,9066,78,6874,6842,---2,5,3,4,5,4,3,
9728,4910,8241,2324,3285,5368,2362,---3,5,4,5,2,3,2,
4900,3144,6604,4247,8188,3485,7679,---4,4,2,4,3,2,3,
7438,8879,9426,686,9303,2680,6937,---2,2,3,2,5,2,4,
9664,1954,1635,774,1927,3209,1675,---3,2,5,2,4,4,3,
3395,6248,4655,2768,4889,5403,4991,---2,5,2,2,3,2,3,
4707,581,8752,9873,2455,8925,9541,---3,5,4,2,2,2,5,
6752,1446,6729,8203,9519,692,6813,---4,3,5,3,4,3,3,
9898,6795,6895,4211,3222,1975,3290,---4,2,4,2,3,4,4,
6276,7242,6413,7055,2564,7133,6815,---3,3,3,4,4,4,4,
3586,5899,3271,8905,811,5756,9277,---4,5,5,4,2,3,3,
128,2978,8517,1287,8469,8220,6877,---2,3,3,2,3,5,2,
1312,8325,7494,3753,7635,7157,2108,---3,4,2,2,4,4,4,
4035,7237,243,3273,4493,3155,347,---4,5,4,5,5,3,2,
8803,3529,1003,2445,9033,4675,8055,---2,5,5,4,5,4,5,
8580,5165,3567,7288,5048,7364,1758,---4,5,2,3,4,2,4,
1827,7813,7082,1199,9366,7375,8190,---5,4,4,3,4,2,3,
2947,8583,6927,8110,1688,819,9501,6819,4005,171,3628,8494,1455,5163,2099,9464,62,319,1858,6723,9899,4428,3020,6096,3793,9433,4231,734,5285,608,8417,6370,355,740,7909,872,4221,4081,8952,6397,8702,3711,---3,4,5,5,2,2,4,3,3,2,5,5,5,3,3,2,4,4,4,2,3,5,2,3,2,3,4,4,2,2,4,3,5,4,4,4,5,5,5,5,4,5,
6592,8555,1422,144,4884,7585,7203,3236,2474,4396,8367,3001,3263,8512,8773,5065,7643,6496,9570,5099,5612,9590,250,5374,---4,4,5,4,5,3,5,2,3,4,2,5,5,4,4,2,3,3,2,3,4,5,3,4,
8032,9217,3555,4,7331,8998,1296,9865,6467,5004,1581,4110,4042,8945,9011,1862,7897,3674,5883,1916,4026,---2,4,2,4,2,4,5,3,3,4,3,4,4,4,3,2,3,3,3,3,4,
3972,6981,1894,3153,7912,6313,8087,4100,9743,753,8306,6612,5845,407,9048,6628,8687,7548,6173,6494,421,---2,3,2,3,4,5,5,4,4,3,2,5,2,5,2,5,2,2,2,3,5,
2304,7201,2370,9977,3048,3452,7723,2700,3296,9486,2096,3272,980,1342,9175,8185,2964,3708,8798,5663,---2,3,4,2,2,4,2,3,4,5,4,3,5,2,3,3,5,3,4,3,
6320,5667,7780,2245,6054,1005,7854,9007,2384,6418,7795,4213,2966,5497,9497,6415,3036,797,5630,---2,4,2,5,3,5,5,5,5,3,4,2,3,2,2,3,5,2,5,
9632,5376,5379,1700,1189,7206,6444,3754,3211,9932,4173,9862,7728,7634,7732,1750,535,6328,2554,---4,4,3,4,2,4,3,4,2,3,5,5,5,5,4,2,2,5,4,
913,6944,1286,6614,7750,679,6549,361,9582,175,8593,529,2581,3665,917,1592,8281,1662,693,---5,2,4,2,2,3,2,2,3,5,5,4,5,5,3,3,3,5,3,
6145,7121,8227,6385,6312,1962,3111,5581,302,2353,1619,5075,2260,14,9785,1433,6170,639,---5,3,3,5,4,3,3,3,3,5,3,4,2,4,3,2,5,3,
6272,8801,8096,36,8742,9162,567,3250,6959,3154,6611,2900,2293,4470,7255,2617,925,8247,---4,2,3,2,2,3,3,2,5,5,4,5,4,2,5,5,3,3,
3232,6209,4162,4803,8501,6470,4561,1256,8332,5450,1995,9452,5806,8816,3729,6357,6440,---3,2,3,2,4,4,2,3,4,5,2,5,5,5,2,3,5,
6305,7202,8195,2981,4010,2603,6252,6669,3523,1907,4469,7127,2296,5178,874,3231,---5,2,3,3,5,3,2,3,4,2,5,2,2,5,4,2,
3459,3265,4642,5475,5022,8559,7459,6028,3277,5199,3922,8179,5054,1910,7003,9691,---2,2,3,3,4,4,4,2,3,2,4,2,2,4,2,5,
6978,6211,3242,75,9196,2914,8782,7791,3224,6997,6134,3512,857,2906,7418,6613,---4,5,4,4,2,3,5,4,4,5,3,4,5,3,2,5,
3938,9575,8841,3979,5229,7928,879,1425,6676,2014,3145,120,9561,3967,1790,6015,---4,4,5,4,2,3,5,4,2,4,2,5,2,3,4,3,
7073,9186,4483,892,8173,2158,1807,8177,9588,6206,404,9754,9692,4702,4373,---2,4,4,3,2,3,2,2,2,2,2,2,4,2,3,
6017,899,900,3909,2566,8757,9517,5520,8600,1667,820,862,3704,2878,1535,---4,4,2,2,5,3,4,3,4,3,2,2,5,4,3,
769,6085,9733,2753,7144,7689,5706,199,1865,5074,2484,4873,7066,1469,4735,---5,4,5,3,4,5,3,3,5,2,4,2,2,4,3,
2048,7777,6631,2376,7660,9709,7726,2991,2256,3112,3252,2325,7476,9053,126,---2,4,5,2,3,3,5,4,3,5,3,4,5,2,5,
5697,8100,6309,4934,7466,909,6830,2032,6706,7155,1620,2894,8858,6555,6266,---5,4,5,5,5,3,4,5,2,5,3,5,3,4,3,
3904,4801,4068,8967,1800,3083,7212,2861,1325,7349,182,5306,6075,3997,5790,---2,4,2,4,5,2,2,2,4,5,5,4,4,3,5,
1185,8962,1483,4966,9254,3623,6219,5767,1070,1521,3572,9556,1435,6993,7231,---2,3,4,3,3,4,3,3,4,3,2,3,3,5,3,
4641,8866,4678,9416,5866,45,8975,7312,7400,8181,600,7706,3035,9565,8158,---2,2,2,4,5,2,3,2,2,5,5,2,5,5,2,
4128,3275,7684,8837,5768,8235,7724,1394,9667,724,7669,1463,8788,3930,7134,---4,3,4,3,4,5,3,5,5,3,2,2,3,2,3,
7227,2980,5321,7543,2286,5103,432,4920,4370,9111,9270,3545,8664,1849,8335,---3,3,3,2,5,5,2,4,4,4,3,5,4,5,2,
3778,675,7812,118,2982,1607,1609,3084,494,4112,7345,722,7347,2518,6040,---5,5,4,5,2,4,5,4,2,4,4,3,5,4,2,
9473,3842,1572,2599,2282,9323,2194,7982,4495,9042,3958,6553,3099,1418,2430,---2,2,2,3,5,2,2,2,2,2,2,4,2,4,4,
8384,2723,1381,4844,7883,3148,525,6958,8783,1075,2649,313,317,4446,837,---4,4,5,2,2,3,4,3,5,3,3,5,5,3,3,
3842,5476,1511,2599,6183,4174,2222,81,9042,6036,9550,3287,6553,3099,2430,---2,2,2,3,3,4,5,2,2,2,2,3,4,2,4,
8482,6306,3140,358,9382,1128,454,2539,2733,6024,4610,7124,3894,2905,---5,3,3,3,5,5,3,2,2,2,5,2,5,4,
5890,1575,9449,107,3106,6769,6322,9683,7926,6263,5656,3577,7034,3805,---2,2,2,5,2,3,5,3,3,5,4,5,4,3,
384,1028,5766,9766,232,4619,3471,2000,7800,5234,4278,5112,5085,7390,---3,2,5,5,5,2,2,4,3,4,3,4,4,3,
1472,1920,6438,7656,8585,4460,4525,4953,6765,1493,8009,2809,5052,7381,---3,3,5,5,2,4,4,2,3,4,4,3,3,2,
3744,9014,4615,1543,9997,1710,2547,8979,2549,1014,9816,4086,987,6431,---4,4,3,2,4,5,2,5,4,4,5,5,2,4,
3067,8136,8330,2891,526,495,1343,9934,9558,6135,4344,4215,5500,7125,---3,3,3,2,3,3,4,4,2,2,3,3,2,4,
2912,1088,6181,6089,842,9643,2990,2512,881,8307,6103,2588,2590,---2,4,2,4,2,3,3,3,3,5,5,4,2,
3616,3494,8237,1997,2414,6031,7600,5203,244,8437,7223,7316,9214,---4,2,2,5,3,3,4,4,5,3,5,5,4,
3611,801,7139,4455,7343,7851,8301,1149,9846,6589,3439,7644,9213,---3,5,4,4,5,2,2,5,4,2,2,4,2,
1729,7555,9546,4684,269,6509,1937,7538,4787,5460,596,9583,3626,---4,3,3,4,2,4,2,5,5,4,2,2,4,
7873,1445,2215,2314,6864,9016,6771,4117,4857,7672,1241,5787,9023,---2,4,3,3,5,3,3,2,2,4,3,3,5,
4996,6278,3722,1259,4270,1424,5720,1491,2072,3492,5499,4861,382,---2,3,5,3,5,2,4,3,4,4,5,3,4,
7232,9313,8994,5380,9573,1606,3630,7289,9208,9401,154,6427,3840,---3,4,3,5,3,5,4,3,2,2,5,5,2,
9600,3632,3235,4647,1673,6892,6574,6128,8531,6169,7385,3353,---4,5,2,4,2,2,5,3,3,5,2,5,
4608,7876,8581,4360,6857,7447,684,1683,9716,1977,2456,1945,---2,4,3,2,4,5,4,3,3,4,5,4,
2176,4071,2472,3369,4908,5421,4974,2640,1269,311,1982,8863,---5,5,3,3,5,4,4,2,2,3,5,2,
8353,4994,1699,7525,4134,4713,1770,9841,7509,8886,667,6108,---5,3,5,4,5,5,5,3,2,2,5,4,
6976,3920,7531,2764,7741,2608,3090,9107,6069,9527,2008,4765,---4,4,5,5,4,2,4,5,2,3,5,3,
4192,9451,2756,5701,939,1373,625,5854,5764,4797,5214,6053,---3,3,4,5,3,4,5,5,3,2,2,3,
3648,1986,9123,4293,6791,8136,8889,6375,759,6329,6204,6045,---4,5,5,4,3,3,4,3,3,5,5,2,
513,9115,9265,7310,3663,8720,977,7251,1333,8568,9275,8637,---5,3,3,5,4,3,5,2,5,2,3,4,
2371,2788,6245,5286,1832,9804,2251,6540,2627,7254,4905,2489,---3,3,5,3,5,4,2,3,4,5,3,5,
9442,3971,9160,3338,4451,9324,5263,4659,5587,9242,5434,---4,4,4,5,3,5,5,4,3,4,5,
6114,4773,5447,7048,1388,8656,6866,1078,5047,7864,4699,---2,4,4,3,2,4,2,2,5,3,3,
7393,8515,5028,3077,8906,8655,1392,9203,3706,3547,4330,---3,2,4,3,4,2,4,5,2,3,3,
8066,2475,8549,6315,9954,9112,4945,5650,760,2877,8031,---4,3,4,4,2,5,2,5,4,5,4,
8673,515,5253,2721,6856,9353,532,5251,9908,2553,7901,---2,5,2,5,5,3,2,5,3,3,3,
3458,6374,6566,7016,8431,1840,6002,6037,8603,6527,---5,5,2,2,2,4,5,5,4,3,
7908,6090,6699,9901,4605,9173,138,6043,1245,2399,---3,2,3,3,5,4,4,3,5,5,
8448,8289,770,1795,8964,2827,6478,6033,437,3734,---3,2,5,5,3,3,5,3,4,3,
1156,7446,7462,7786,1516,2862,6358,5495,2040,6110,---3,5,3,3,3,2,4,5,3,4,
9569,1250,676,7559,4425,6122,5100,6104,7934,7167,---2,3,5,2,3,5,2,3,3,4,
7744,1532,2498,8677,316,8590,4925,4115,6812,4253,---2,5,3,3,5,5,3,3,2,2,
7618,3,296,7753,1101,2799,9718,4024,6905,9695,---2,2,4,5,4,3,2,5,2,4,
8674,35,2405,1734,4424,3403,8264,9177,4697,7423,---2,3,3,3,2,5,5,4,4,5,
7936,8705,6883,4421,490,402,6967,9752,2442,8414,---2,3,3,2,3,3,5,4,5,2,
7680,198,8104,6890,5389,7632,1076,6839,5428,2172,---4,5,3,2,4,3,4,4,3,4,
1094,2663,8424,4999,9580,7984,4244,8565,6872,7132,---5,3,4,4,3,5,5,5,4,5,
7392,9030,3880,4233,4234,975,3016,7794,7893,8186,---4,4,3,5,3,2,3,3,3,2,
3920,2764,8333,4765,2608,3090,9107,5748,9527,7741,---4,5,5,3,2,4,5,4,3,4,
6594,4132,5961,5130,1260,5490,8254,4666,730,6142,---2,3,3,2,2,2,3,4,4,4,
9531,8996,6182,2886,3124,9080,8644,2363,9630,1375,---3,3,2,4,5,3,2,3,2,3,
3457,7523,3243,8524,467,7983,4529,6931,9972,1880,---2,4,3,4,3,3,5,3,4,2,
8577,2887,9646,9396,7830,9012,2937,7005,9918,---4,4,2,2,5,4,3,2,2,
832,3683,261,6095,5360,4434,403,1367,7357,---4,4,2,5,4,5,3,2,5,
7361,131,3397,4876,2866,755,3668,4565,6264,---3,5,5,5,3,2,3,3,3,
3626,4684,6509,9295,4787,596,3162,8507,9546,---4,4,4,4,5,2,5,3,3,
676,4261,7559,7245,9811,3093,5559,7576,5789,---5,3,2,5,3,5,5,4,2,
2080,489,2309,5257,1196,6351,4268,6422,4759,---3,5,2,5,3,2,5,5,5,
8004,136,1257,5963,6029,6831,1776,2257,8727,---4,4,5,3,2,3,5,5,4,
9923,9988,5639,2317,821,215,4121,2939,7487,---5,5,4,4,2,5,5,5,2,
4001,1602,6307,7470,5746,4276,3607,4380,4383,---4,3,3,5,4,3,3,4,2,
7553,4297,652,781,4206,7319,4025,4282,893,---5,5,5,4,4,5,4,3,4,
9922,3432,2956,5132,9837,2606,5296,9491,757,---5,3,3,4,4,4,2,4,4,
4193,6662,6,6150,3435,2097,8090,669,4997,---4,4,3,4,2,3,2,2,2,
5025,1730,6179,6956,5346,3151,8597,5238,1950,---4,4,2,2,5,5,4,3,4,
4459,7050,8311,1580,7757,1902,4210,2487,8253,---3,4,4,3,2,3,2,5,2,
9411,1552,3249,8914,7188,6166,664,1428,2780,---5,3,3,4,3,3,5,3,2,
7716,1129,6699,9838,1012,4341,2457,20,6043,---2,3,3,3,5,5,3,2,3,
8749,6801,4596,8761,7480,4473,8894,9503,---4,5,5,5,2,4,5,3,
1925,8944,5427,3678,5784,4915,9534,7903,---5,2,3,4,5,5,4,2,
6400,3363,5835,3147,6318,4600,4089,8351,---3,5,2,3,2,4,3,4,
6690,4708,9829,3050,4741,4152,1369,8453,---4,2,4,5,5,5,5,4,
961,1564,458,3244,8369,4372,889,28,---3,5,5,3,2,5,4,5,
5187,3365,6214,4139,4685,6798,5763,7063,---3,3,4,2,2,3,4,4,
2720,802,8099,1297,9869,8401,9492,9751,---2,2,5,2,3,5,4,5,
7296,2112,2821,6925,7730,8860,7902,6111,---5,3,4,2,3,5,3,5,
9122,2790,8875,8876,717,697,8057,8954,---3,3,4,4,5,4,2,4,
9961,1642,3890,8877,9714,2548,7927,4539,---5,4,3,4,2,2,5,4,
5760,7076,7238,6504,562,8754,21,7705,---3,2,4,2,3,2,3,2,
766,1060,4777,9909,5782,6041,222,---3,4,2,3,3,5,5,
5604,5449,5930,5803,2377,9532,4959,---2,3,2,3,3,5,4,
2467,6246,3270,8909,7779,6458,9500,---3,3,3,2,4,4,3,
6280,7369,1258,6827,7478,7191,2303,---2,2,5,2,2,4,4,
4417,1541,4423,8969,4818,4694,5270,---5,4,5,3,4,4,4,
1448,1834,5933,948,86,2042,1247,---4,3,5,5,5,5,2,
5319,2761,1390,594,3062,1879,9849,---2,3,2,5,3,3,2,
4836,5509,5831,4487,6873,6236,63,---5,3,5,2,2,4,4,
6405,9707,7761,3539,312,6809,4220,---4,2,5,3,4,3,4,
8355,325,9223,9896,7406,4594,789,---3,2,4,3,5,4,2,
3334,6119,588,3470,7605,2583,825,---4,2,3,3,3,4,3,
1220,1544,7980,9075,6326,5882,6270,---5,2,4,5,2,5,4,
5472,7142,6472,5259,7824,4242,8182,---3,2,2,2,3,2,4,
3073,7079,5839,181,6200,6235,4477,---2,3,4,5,5,3,2,
9666,827,3407,6324,2741,4063,4693,---3,3,2,2,3,2,4,
2946,5511,9672,5644,4431,9618,9687,---2,2,3,4,5,4,3,
9025,6886,2776,2643,8248,8442,1374,---2,3,5,4,4,4,2,
224,3106,7847,9449,1802,6263,4447,---5,2,3,2,4,5,4,
9408,7682,9511,9821,8817,1467,6205,---4,4,4,5,5,5,3,
1953,2626,8295,4651,6640,9848,2685,---4,5,3,3,4,4,3,
4993,2306,5317,9928,9870,2536,1116,---5,3,2,3,2,4,5,
4257,1829,9574,705,3176,8799,---2,2,5,4,2,3,
8320,2563,6924,4384,4571,1316,2469,9927,940,9263,8887,2616,1859,3142,1095,9032,9484,8760,3026,9304,3468,1755,7653,2407,2921,8048,---4,2,3,5,2,3,2,5,3,3,4,2,2,4,4,3,2,2,5,5,2,5,2,5,5,3,
9731,1035,7182,5400,6047,6560,4388,9253,9894,7595,9663,6368,706,1803,1989,1867,8910,1105,3924,4184,217,7136,2658,6244,6381,1534,---2,3,2,2,3,2,3,4,3,2,3,5,2,5,2,2,4,5,4,4,3,3,5,4,4,5,
4483,393,1807,4373,9754,2459,1823,7073,6876,9692,8818,822,6206,4032,8897,5188,476,2533,5628,2158,8177,7282,9588,446,892,---4,3,2,3,2,4,2,2,2,4,4,2,2,5,2,4,2,5,2,3,2,2,2,2,3,
7554,3843,2567,5131,536,8856,5785,4636,7130,423,9897,7410,7855,2873,6202,3794,4314,1884,741,3942,1874,7666,123,3070,---5,5,4,4,4,2,2,3,5,3,5,3,4,2,5,5,3,2,3,5,5,4,5,5,
8963,9615,7702,4379,8092,6301,9121,5155,9392,5041,6073,8505,2246,7766,4665,8920,3932,8929,1127,7143,7917,2167,---4,2,4,2,3,3,4,4,4,4,2,3,3,4,4,3,2,5,2,2,3,2,
8962,1435,2468,7557,4966,5617,1801,5329,3591,1070,6155,6993,9556,7797,4521,1848,6452,9796,155,7035,1215,---3,3,4,5,3,2,3,2,3,4,5,5,3,5,5,2,2,4,4,2,4,
3296,7201,2370,8812,3272,3708,8302,7723,2700,980,9486,2096,241,2964,1342,9175,6424,8185,3452,8798,5663,---4,3,4,3,3,3,4,2,3,5,5,4,3,5,2,3,3,3,4,4,3,
3299,645,166,5596,7402,843,9757,2253,7222,4049,6300,7291,4182,4695,5944,3897,9535,2573,4573,2003,8479,---4,3,3,5,3,5,3,2,4,4,2,3,5,4,2,5,3,5,5,3,2,
8576,9218,1768,1732,2053,902,4743,3304,904,7946,7725,590,6733,9608,5715,7091,9400,548,2842,7067,---4,3,2,2,3,5,5,5,2,2,3,4,5,4,2,3,3,5,2,4,
2368,3318,2086,433,969,9930,5067,8407,9455,6961,7571,6718,6838,4023,2904,764,5116,1661,2334,4837,---3,4,5,3,5,4,3,5,4,5,5,3,3,2,2,4,2,2,5,2,
1314,1509,9318,188,7415,1614,2069,8912,882,179,6005,7511,2623,2106,2139,7708,125,4798,6597,---3,5,2,4,2,4,3,3,2,5,4,3,2,4,4,4,3,5,3,
9024,1632,5268,3579,7270,7302,5121,4296,7785,9163,8622,1295,6483,2164,8374,2137,7194,4955,6396,---2,4,4,5,4,5,5,2,2,5,5,4,2,2,2,2,5,4,2,
5712,8546,7236,8902,8774,1202,7304,274,8706,9021,5392,3761,1682,5437,5272,4313,4047,7612,5853,---5,2,3,2,4,3,4,4,2,4,3,4,3,5,4,3,5,3,4,
272,1410,6203,3853,8041,5579,5676,4365,3599,8080,657,4437,4534,9623,4639,3743,1821,3871,---5,5,4,5,3,2,3,5,4,3,5,5,5,3,2,4,3,3,
1474,5179,9348,9545,1162,2922,6946,9359,7696,6100,4661,3831,1753,8794,7263,4930,4157,4575,---5,3,2,3,4,5,5,4,2,3,2,5,5,4,4,3,3,5,
2082,1699,6275,7525,3910,3089,9290,1991,6413,8591,1968,6353,7971,8660,6133,9059,6210,5502,---2,5,3,4,5,2,2,4,3,4,3,3,2,5,3,5,3,5,
801,1149,4455,7851,1063,7690,8971,8301,9179,2671,687,7139,9846,7224,3439,7644,3421,3614,---5,5,4,2,5,5,2,2,4,3,5,4,4,2,2,4,2,4,
2944,5345,6406,8197,3430,359,6408,6058,2699,3085,2927,5304,8148,7160,1049,6159,1727,1983,---5,4,4,4,5,3,5,2,4,3,5,5,2,2,2,4,2,3,
5249,7650,3363,4936,5386,7083,1809,8211,7636,3080,2839,8120,4089,9914,3240,787,5599,---2,5,5,2,4,2,2,2,2,3,3,4,3,2,5,2,3,
641,7395,4740,2220,1198,8592,5681,146,5145,9974,631,3064,9435,4251,572,2046,4351,---3,3,3,3,2,2,4,2,5,3,5,4,4,4,5,2,2,
4772,8326,391,936,9481,8043,2893,5362,7955,2965,3030,8233,754,122,6523,9148,3770,---5,5,4,2,4,4,5,2,4,2,3,4,3,2,3,4,2,
132,3238,2728,2355,5322,7469,3549,7219,2452,4853,2871,5560,1530,9147,7100,4701,5546,---2,4,2,3,3,5,2,3,4,4,4,4,2,5,3,5,4,
800,8003,8755,561,6345,8986,5744,7569,8579,979,6517,5206,279,6010,1818,8862,9813,---4,4,5,5,3,4,4,4,5,3,2,4,2,5,5,3,3,
8866,9507,4678,7400,4841,2122,189,7312,8083,8181,9565,600,7706,3035,5866,8158,1471,---2,5,2,2,5,5,3,2,4,5,5,5,2,5,5,2,3,
3425,1091,2955,9412,5071,9953,9833,2026,4103,1775,6162,2179,5780,1815,8985,111,1917,---2,5,3,5,4,3,5,5,4,4,4,2,3,3,5,2,4,
6820,4374,742,2151,1033,7498,6287,558,9935,4400,8625,6388,6742,8521,8219,5308,4029,---5,3,5,4,5,4,2,2,4,2,3,5,2,5,5,5,2,
6785,963,2948,4022,9057,2358,2669,9134,4595,1746,3347,9653,1747,7215,5180,9182,---4,3,4,2,3,3,4,3,2,3,4,3,5,4,4,5,
5633,1026,4291,7589,8614,7080,1833,8267,6268,3506,1429,3862,3292,2301,1054,8965,---2,4,2,3,4,5,3,4,4,4,2,4,5,3,3,5,
5346,4709,2440,2410,7947,6253,9103,1553,9748,1950,5913,8025,3816,7336,1246,2213,---5,5,2,5,2,3,4,3,5,4,3,5,2,3,3,2,
913,4869,326,7335,776,361,679,9582,207,3665,4466,5395,6549,4183,1662,693,---5,3,4,5,3,2,3,3,4,5,2,5,2,5,5,3,
8290,7267,4553,2314,6658,9404,9602,6771,8681,4117,2551,9016,57,7388,702,1695,---5,3,3,3,4,2,3,3,2,2,5,3,4,4,5,4,
7936,4928,6883,4421,8705,490,1071,4720,1745,402,1878,9752,762,5339,5850,8414,---2,5,3,2,3,3,4,4,3,3,2,4,3,5,5,2,
2880,7971,708,1991,8564,2135,4368,9059,8660,3861,3158,1303,2628,9882,2266,6133,---4,2,4,4,2,5,3,5,5,5,5,2,3,3,3,3,
512,3520,2373,8806,7122,3530,9830,7213,5970,8436,4537,3028,474,2940,3002,---3,2,4,2,5,2,5,3,3,2,4,4,5,3,4,
5985,4514,5387,7175,2111,1387,2701,719,1781,7096,1337,1147,6844,8606,9727,---5,3,3,5,4,5,3,2,3,5,2,2,4,2,5,
8929,4580,2984,6921,3245,6893,1040,6644,7940,8505,8314,9499,6301,4191,---5,2,3,2,3,4,5,5,4,3,3,3,3,2,
9889,8386,5252,1761,9614,2291,2356,5141,4887,2808,5754,6875,8154,8670,---2,3,4,4,4,4,3,3,5,3,3,4,3,3,
1921,8145,8454,7809,6698,3898,8143,4721,8434,6932,8094,6074,6426,7070,---4,5,3,5,4,3,2,2,2,4,2,4,2,4,
97,7747,487,4168,4267,5388,302,6385,82,1270,9159,7608,4187,2782,---4,2,5,3,5,2,3,5,5,3,4,5,4,3,
7904,5249,1826,5284,4037,3080,6633,3402,1206,3575,3192,1110,6590,799,---5,2,5,3,2,3,2,3,3,5,4,4,3,4,
1028,4278,9766,232,4619,2000,5234,7390,2102,6425,5112,8313,5085,6046,---2,3,5,5,2,4,4,3,3,5,4,3,4,3,
9506,2243,839,1704,841,7306,8684,5710,6705,7225,8567,888,1209,3068,---5,5,4,5,2,5,4,2,3,3,4,5,3,4,
3457,7523,2865,467,7983,9520,1880,6931,9972,9784,4529,7059,6237,---2,4,3,3,3,3,2,3,4,4,5,5,2,
7938,581,615,5673,906,9873,5772,1680,9777,2739,8534,4312,442,---4,5,4,4,4,2,4,4,5,3,5,2,4,
5027,1003,3529,6871,1324,9033,8079,3197,8055,6999,1272,9551,6717,---5,5,5,2,3,5,2,4,5,5,5,3,5,
7394,6372,8426,2796,4558,9647,4624,3987,4308,1653,7703,765,8703,---3,2,4,5,5,2,5,4,2,3,2,5,5,
4802,2075,8388,1639,5483,7084,6707,6901,885,1754,9627,7870,7029,---5,3,5,5,3,4,5,4,2,2,4,2,3,
544,3312,795,9755,1825,5608,1513,3370,6224,7633,2258,6003,6395,---3,2,5,4,2,3,3,5,5,4,4,2,5,
2339,4516,1963,2351,2672,5923,9342,6359,5081,5914,4315,8478,7807,---2,2,4,4,5,4,5,4,2,5,3,4,5,
4869,326,679,776,9577,7335,9582,207,913,4466,693,4183,1662,---3,4,3,3,3,5,3,4,5,2,3,5,5,
9312,6465,8387,1892,8357,1414,2113,7587,6386,5107,310,2359,3257,---5,4,3,5,5,2,3,3,3,2,5,3,4,
6081,1288,7466,909,2894,5295,2312,557,2675,1620,6266,8858,1406,---3,5,5,3,5,2,5,4,2,3,3,3,2,
7136,6368,6882,5732,9894,2600,9216,4504,606,7945,1048,1534,---3,5,5,2,3,4,2,3,5,5,4,5,
5826,1187,4580,2984,9258,3245,3919,6644,5527,7940,4191,8735,---5,2,2,3,4,3,5,5,3,4,2,2,
4672,3137,8898,9540,2066,8562,3989,4249,6930,4543,5822,4245,---4,5,5,5,5,4,3,5,3,5,2,4,
8715,3717,8748,8554,1355,876,3725,3824,2682,8990,1503,---3,5,5,5,3,2,5,3,4,4,5,
5473,2562,7592,1225,258,4878,5136,7409,1590,8988,9309,---3,4,2,3,5,5,3,3,2,3,3,
5120,2338,9221,743,7117,9419,5325,4623,3605,7482,8251,---3,4,3,5,5,3,5,4,5,5,3,
1277,610,516,3627,3503,3379,55,2009,3130,3484,5786,---3,5,4,4,5,4,3,5,4,3,5,
8448,8289,1795,3734,8746,2827,206,5558,4823,2552,5435,---3,2,5,3,4,3,5,3,3,3,2,
9633,964,6757,8840,5033,5037,8623,3696,922,1595,2333,---5,3,4,5,2,2,2,4,2,2,5,
3808,5600,194,932,5372,5986,6670,9775,7056,4310,8028,---5,5,3,3,3,2,2,5,5,2,4,
196,8874,5070,6936,3570,7892,8021,5750,5848,1860,2847,---3,4,3,4,2,2,3,3,3,2,2,
448,2188,7948,589,3950,6608,7058,6837,2007,7738,9980,---4,4,2,2,2,4,3,2,4,4,5,
9155,5540,586,7852,8718,1650,691,4692,9943,9850,778,---3,3,5,5,5,2,2,4,4,3,2,
9888,7072,7012,3078,3527,4305,5526,4632,8068,94,4895,---2,5,2,4,4,3,2,2,5,2,5,
4912,7907,1318,3110,7244,2288,1766,7545,7707,5342,7429,---3,5,2,4,2,4,3,2,3,4,3,
9216,103,9321,6314,2343,6732,4309,7945,1111,8573,606,---2,5,3,3,2,2,2,5,5,2,5,
2659,3141,3116,6738,271,8624,5426,2038,3677,4229,---3,3,2,4,2,3,2,2,2,5,
6747,3748,6727,3785,3405,3598,3160,8729,8922,8955,---5,3,2,3,5,2,5,5,5,2,
5699,1065,6093,1457,1522,9430,6199,2744,4347,2751,---3,3,3,4,3,5,4,3,3,3,
6241,6947,3297,1992,2218,4752,242,1365,7351,6302,---5,4,3,4,4,2,3,3,3,4,
6112,9792,5482,7565,2510,7280,8274,1555,633,6684,---2,4,2,3,2,2,5,2,4,4,
4578,6051,8972,9579,8300,656,1010,791,1567,---5,3,4,5,3,5,4,5,5,
5217,9251,7819,5036,1933,1618,6292,1302,4031,---2,3,5,3,5,2,2,4,3,
3940,9924,4041,8461,9967,1748,6998,1881,2555,---2,3,3,3,5,2,3,3,2,
610,516,2412,3379,4949,5786,3484,1277,863,---5,4,2,4,5,5,3,3,2,
5793,8642,6339,4161,9097,4784,2002,570,3100,---4,2,5,5,3,4,4,3,2,
1056,7112,9257,2380,4176,172,4085,8489,---4,3,4,2,2,4,3,3,
6213,2089,4170,8747,9559,634,3195,1951,---4,3,4,2,4,5,2,2,
1415,2696,587,4342,2263,4088,9276,9405,---2,5,5,5,3,5,4,2,
8261,7590,4264,3376,8435,2037,9126,3013,---3,5,3,5,2,3,3,3,
4033,9283,69,5487,8020,6137,4986,6907,---4,3,5,5,5,2,4,3,
4070,7465,8266,5931,6989,2999,1400,8921,---5,5,4,2,5,5,3,2,
3008,2725,5190,399,4533,5816,3450,1117,---4,2,4,5,5,5,4,5,
4391,1131,2060,1681,51,7734,7516,3103,---5,4,5,5,3,5,5,3,
5889,580,4107,943,2036,3349,1496,9210,---3,4,3,3,5,3,3,3,
5488,1346,5956,5992,8784,2577,7353,956,---5,5,3,3,4,2,3,5,
7137,4003,4133,5868,141,6595,8451,1181,---3,4,3,5,4,2,5,2,
6977,3139,9542,8198,7924,1919,1757,6271,---5,2,3,2,4,5,2,4,
1217,5827,7022,4239,3792,2388,2105,9434,---3,3,2,2,2,4,4,5,
7233,3043,7430,7528,1227,213,8381,6526,---3,2,4,3,3,4,3,5,
8675,598,3497,9750,8620,685,3731,4566,---5,3,3,3,4,4,5,3,
2870,3943,9000,3566,752,7477,1654,8318,---2,3,2,4,5,3,4,3,
737,5794,5413,7403,4780,6829,5489,4820,---3,3,5,5,4,4,5,4,
1654,1190,2381,752,6098,7477,2870,8318,---4,2,5,5,3,3,2,3,
4289,360,5642,6542,7151,1170,5300,6879,---2,2,5,3,2,4,5,5,
6147,9957,1996,400,2996,5366,599,---2,3,4,4,2,4,4,
8308,2961,7914,3822,7249,52,308,---3,3,2,2,5,4,3,
6336,5444,8657,8174,9137,6547,5518,---2,3,3,2,2,4,2,
1217,5827,4613,4239,3792,2105,9434,---3,3,3,2,2,4,5,
4672,5282,5611,7627,8473,3739,5822,---4,3,2,5,3,4,2,
9730,1090,8400,2514,1587,4246,7293,---2,5,4,2,3,5,2,
7680,198,6284,7632,1076,6839,2172,---4,5,2,3,4,4,4,
5676,1231,8080,657,4534,9623,6203,---3,3,3,5,5,3,4,
3813,4301,3854,2673,3826,3386,5149,---4,5,5,2,2,3,3,
3393,6626,6049,265,9902,5871,4629,---3,4,5,2,5,5,4,
9282,8772,4012,4724,2519,2804,9567,---2,2,2,3,4,5,4,
5185,8036,4810,4918,409,3643,5002,---2,3,5,5,5,4,4,
3456,4746,3278,9622,4860,5469,4478,---2,5,3,4,4,5,2,
517,6056,7421,9656,7324,1085,1598,---5,4,2,3,3,3,3,
2561,3331,8169,4976,174,1008,149,---4,2,2,4,3,2,3,
