7296,1911,2562,8982,5637,6668,14,9232,9079,6548,9494,1633,9498,8477,9887,8610,7460,3399,4613,9395,8379,2365,2752,4683,3706,7878,2759,2760,6603,9164,6223,2389,4054,8025,634,1246,1888,1761,3298,7781,7143,7656,6378,3051,3308,7789,2544,8691,372,4726,9335,6776,633,1530,4714,4990,2005,---4,5,9,10,7,9,5,6,7,6,6,2,6,10,3,9,10,2,10,9,3,5,9,6,8,10,4,2,6,5,6,5,2,10,4,7,7,6,4,9,7,8,8,9,3,7,6,6,3,4,6,7,3,10,7,9,7,
2305,6146,3208,9867,3214,9709,656,1432,1177,9272,672,6049,1059,8486,3445,2089,8494,4015,817,3378,436,3511,6945,5812,9277,8639,4419,8135,1335,7374,9400,8483,527,5220,2011,6244,8401,4077,5868,5357,6205,8048,2931,5749,8361,6905,8767,5372,---9,4,4,8,7,3,2,6,4,6,7,3,4,6,4,9,5,10,5,9,10,6,4,8,7,5,7,9,10,8,4,2,5,9,8,6,2,2,5,4,2,10,8,6,2,3,7,6,
2176,7446,9605,9991,1424,5522,5653,7190,4953,9433,925,4766,9925,2720,34,1195,1565,4886,1907,2871,6719,9922,2245,9033,7351,5282,8271,6992,2259,4308,3413,9686,4311,4569,2330,7155,8464,747,723,3572,5237,2680,8148,1402,9023,1405,6526,---2,8,4,7,6,3,9,7,9,2,2,4,5,7,8,8,9,5,7,6,4,4,3,6,2,5,7,4,4,9,8,3,6,6,2,8,7,8,2,6,8,5,4,2,6,5,9,
6532,7216,8456,599,5149,5519,8721,404,8092,797,2590,9375,4385,9051,1316,5029,550,8487,9000,8239,7088,5041,5432,1855,8386,4036,453,2145,5708,6487,6619,989,8032,5473,6626,1124,9831,7145,7271,9453,3183,5872,8309,1897,6779,1790,4479,---9,10,5,7,9,6,6,6,9,4,3,6,8,3,5,6,8,3,6,3,8,4,10,8,2,6,5,2,2,8,7,6,9,9,6,9,5,10,4,3,3,2,2,7,4,4,4,
7426,5509,2568,9738,9099,5902,9745,2323,3226,9243,9122,2852,454,1191,172,815,693,4535,6584,5177,3642,8508,821,833,1218,710,4302,9167,4408,5987,3675,5342,2400,8801,9315,740,5222,4881,9578,6567,4601,---8,7,4,8,3,4,10,3,10,6,7,10,10,2,3,4,4,7,8,10,7,10,8,6,9,10,5,3,2,2,6,9,5,6,8,6,6,9,7,4,10,
8323,7813,2825,778,145,7574,8983,6938,539,7386,4386,923,2596,6822,8748,1779,4538,3517,5055,2242,9286,7763,2006,9560,4698,2139,9568,1553,2152,2281,5487,6897,2674,115,6004,9591,5880,4475,637,5119,---4,7,8,3,5,10,10,9,10,3,5,7,4,5,8,3,4,6,2,6,3,7,6,4,9,7,7,7,9,8,10,4,7,4,7,8,8,8,7,10,
7723,6405,6790,1034,2317,4366,6291,6293,7960,3993,1178,5022,2565,5024,8738,806,5290,3883,556,5213,5173,5562,3141,6476,5578,6987,8524,482,4941,6609,8659,3030,9561,9309,7010,2280,7790,9327,9332,374,---7,10,3,10,7,3,8,2,4,3,8,7,5,7,6,6,10,6,4,6,3,8,8,8,4,9,8,7,10,5,6,7,2,9,8,8,6,5,5,4,
4611,8324,7173,2056,9782,9100,7016,3987,2711,6042,3739,5790,1312,2992,5411,678,6769,6952,2480,5553,6706,8885,1718,3017,2618,6715,8133,1352,4169,9674,4557,7378,7251,9556,2147,996,1000,59,2942,---4,6,8,2,6,9,4,3,6,10,6,6,3,5,2,6,3,3,3,5,6,7,2,4,7,7,3,10,3,3,7,4,8,6,7,8,10,7,4,
1286,8329,2446,5394,3349,2838,9369,6684,543,1315,423,6443,5294,2736,6833,3379,8503,2420,9532,8511,8388,4681,5322,7253,8919,4440,6747,3677,5346,3686,5094,7144,2793,1002,5741,1396,2162,4084,1399,---6,2,3,9,10,8,5,5,2,10,2,7,2,10,5,7,2,7,5,8,4,10,3,6,9,3,2,7,7,3,8,7,5,5,2,6,4,4,6,
9984,9986,1546,5392,7056,8722,6036,5909,6554,9953,6815,8608,8227,6439,4521,6072,9914,5819,394,4288,1350,1505,456,8790,6615,985,1121,1638,4455,7913,4263,1901,9585,8562,6645,6185,3960,5374,---6,4,7,9,9,3,10,7,10,8,4,3,8,7,8,6,6,6,10,2,5,10,2,9,5,5,7,3,6,7,8,8,6,2,4,2,5,7,
6912,8000,1666,1540,647,9608,3081,3982,3737,25,1818,5923,293,8998,7719,2695,4786,8879,4914,6583,9274,3520,8515,3012,9527,7758,8278,6873,3293,3042,114,8041,2215,108,2034,4339,7547,---8,4,2,4,7,9,8,5,5,3,3,2,7,8,6,8,4,10,2,3,6,6,5,6,2,3,5,9,2,8,6,4,2,4,8,2,3,
7936,5312,1667,9863,9864,1549,2584,3843,1687,8216,1689,1564,8478,4260,7772,4268,2350,2481,6962,2102,701,7358,5824,7990,4042,7644,5472,9057,615,3100,1255,1004,2673,6770,4341,7953,1406,---2,6,7,10,5,10,3,4,7,10,10,8,7,8,5,5,7,7,7,6,7,10,2,2,7,9,10,5,3,3,3,4,3,2,3,8,7,
4740,3077,9607,6252,1162,5515,7311,6289,9370,3973,2976,4003,6568,9223,6317,5552,8765,7285,5953,9411,6344,1228,8526,9807,3795,6614,8026,1253,4578,9573,8678,4072,2028,1265,9589,2751,---2,6,10,3,3,6,6,2,10,4,9,5,4,7,9,7,2,3,9,6,2,9,5,6,10,3,3,3,6,3,2,4,7,9,4,7,
4672,6786,8707,4230,9224,7308,3726,784,4625,7954,3715,5593,3736,1572,44,3130,1983,64,4166,5320,841,8792,8228,6106,6621,1247,2912,2794,4846,7919,6642,2936,8185,4349,9342,---7,5,7,4,7,2,7,10,4,6,7,10,9,6,4,4,7,6,8,9,2,6,2,3,6,4,8,5,5,4,3,2,8,5,9,
5252,2369,4747,1422,6163,9748,9751,5273,1050,4763,5922,1829,3697,3880,8364,7469,7982,1585,51,5559,6843,3009,3011,5444,6323,8391,9563,2272,361,6440,2548,249,9978,2043,---6,9,3,5,4,3,10,10,3,4,10,4,7,8,6,3,2,6,9,7,8,2,10,6,8,4,6,9,4,9,8,7,9,4,
2,4995,9093,8327,2825,2955,7823,3728,8338,7427,9620,2709,923,5532,4386,5671,176,8625,8378,1856,7366,5196,2381,7248,1235,7643,6756,6781,2288,7156,3957,9975,5880,4986,4475,4860,5245,8831,---5,3,6,9,8,8,3,5,9,8,10,5,7,5,5,8,6,9,7,9,10,2,10,9,10,5,10,8,8,3,6,5,8,3,8,2,3,3,
3208,3343,5521,8091,2716,5281,6052,4517,4903,668,3760,6238,4662,4686,7359,3264,9141,9287,3790,4559,2510,9047,8153,1274,4446,2154,8615,879,5363,4597,2552,1018,5567,8993,---4,5,9,7,2,3,5,2,6,3,2,7,5,9,4,4,10,10,3,7,9,9,2,2,2,10,3,7,8,3,5,5,8,3,
7171,9942,7430,3083,5132,4749,5265,4243,7188,4893,289,9123,9050,3375,3636,1593,6333,2626,9667,4678,6995,3028,1237,6998,6231,2138,7647,3394,2401,487,4713,9967,2431,---3,4,6,9,3,6,6,4,8,5,4,2,7,6,7,4,5,8,5,4,2,4,4,3,3,5,3,4,10,8,4,7,6,
4362,9612,7181,7317,6679,7450,3867,6725,417,8616,6315,5981,9011,3525,2615,9912,6331,1217,4677,5319,9161,6730,338,6743,2266,349,4959,4961,9579,8684,5745,2803,2168,---8,9,9,4,7,6,9,3,8,5,6,3,9,3,10,3,8,5,9,3,7,5,8,3,3,7,10,5,5,8,4,7,5,
9089,3458,4869,5898,6928,7829,3350,9623,8729,9374,7328,2211,9894,6695,9897,6826,8363,3187,3645,3262,6463,2124,4175,6608,291,5973,600,3678,8103,1651,8696,6141,5205,---6,5,9,3,2,5,8,9,4,5,6,3,2,10,2,3,4,5,7,3,3,3,2,6,4,6,9,6,8,4,7,6,3,
439,3820,8460,1426,7191,6173,4895,8225,5190,3752,5033,3357,2229,9783,7455,2238,8117,3010,6852,7750,7369,9546,7115,3537,7124,3797,4069,7787,2796,4719,7793,1912,7807,---2,10,5,5,10,3,4,3,10,9,2,6,2,8,2,10,7,8,3,10,3,2,5,2,10,6,5,3,6,8,4,9,6,
2688,2052,7303,6760,12,2450,1048,7023,2588,3617,8795,7846,8359,3112,557,5193,6729,5181,3903,9228,3918,5967,5210,1627,4958,1123,8680,745,7403,8941,4029,2237,5496,---10,3,8,7,7,3,2,4,5,5,3,6,4,3,3,4,9,7,2,5,2,2,2,3,6,5,6,2,8,10,3,4,6,
2947,7302,2441,6930,3222,1562,5788,7837,9891,2214,5929,8874,1196,4851,9654,1465,6075,9022,7744,1093,9542,3667,2390,9821,6111,2408,7785,3818,6355,8169,4472,9258,3070,---5,6,3,8,4,2,10,7,3,8,10,8,5,3,7,10,6,10,6,9,2,9,4,7,8,7,10,6,2,5,5,5,2,
8967,8975,5524,5270,1943,793,4636,8737,6363,3109,1063,8988,6445,1842,7357,2500,583,2039,8270,8783,5332,8922,6479,4194,5604,6122,5483,8428,9844,4855,3707,1697,---4,9,3,3,3,8,10,10,9,6,2,10,10,5,8,7,3,9,9,4,7,2,9,8,6,6,5,5,2,8,5,6,
8199,1289,7821,2702,1390,3991,7065,2799,837,37,1963,4152,5791,7743,7746,5189,2374,5064,5389,7764,6745,8538,6365,8928,4581,4843,4974,8943,8688,4723,126,5247,---2,10,7,10,5,6,3,3,9,5,9,3,6,6,5,3,2,5,3,7,5,2,8,4,5,5,10,7,2,2,5,9,
7298,6150,8459,8962,142,4368,9496,3865,8991,676,2087,1833,4191,4907,564,4402,9524,9785,1211,829,2494,5055,9672,971,1486,7763,8668,2268,3295,9568,8037,4454,8557,3323,---3,9,8,3,2,8,6,10,10,6,6,2,8,6,6,4,3,4,9,4,9,2,2,2,7,7,4,5,8,7,7,10,6,3,
1536,9985,5894,6316,402,8342,5667,7077,5126,5676,2239,3758,3887,9779,5944,7481,2879,75,5829,203,3026,8537,7642,1759,4704,9700,7014,9702,8168,8314,2171,---9,10,9,2,6,4,4,3,3,10,10,2,6,4,5,10,3,7,7,5,7,2,9,8,9,7,2,3,4,2,9,
3716,8326,1675,9488,3345,8466,7061,5143,6168,4100,8606,418,296,4149,7362,6727,8136,3149,9940,469,9689,8288,3813,8422,3306,364,8559,3186,7539,757,1015,---6,2,8,10,4,2,3,6,3,2,9,2,8,10,8,6,5,6,10,7,5,10,6,2,5,7,10,8,2,9,9,
8322,268,4877,7533,1040,4630,5911,6296,7836,6304,9252,8102,41,9132,2349,4273,4789,5046,5822,1475,3596,8398,5199,7123,2774,9055,2914,3693,7410,9460,3582,---3,9,10,3,8,3,5,5,9,9,3,10,8,2,2,6,3,2,9,10,4,2,8,3,8,3,4,7,7,4,6,
900,645,6921,2954,4930,8984,4504,6555,7074,4645,679,5804,7726,6320,49,6194,1460,6325,8247,3259,3516,4928,8257,2114,6094,9171,381,6640,4221,7423,---3,3,8,2,8,5,10,2,8,6,2,8,2,4,7,2,9,10,5,8,8,3,2,9,2,7,7,6,7,6,
2817,6794,7054,911,5137,9363,2582,2073,2971,7332,1317,3751,7082,6955,9657,2621,5697,66,2507,9548,8021,5668,3039,6499,3431,3303,1772,3565,5368,1657,---9,4,3,8,8,9,7,9,5,3,6,9,3,2,3,7,4,7,10,4,5,8,9,7,6,6,4,10,10,3,
7553,9091,8581,391,5886,3852,7952,2842,2466,166,2088,7474,4148,2998,8565,7563,1206,6984,5456,8666,5854,3679,7649,7523,228,6508,9969,4085,4602,8446,---6,9,3,5,6,8,9,5,7,4,5,8,2,4,7,2,2,2,8,4,10,5,9,9,6,5,9,9,4,3,
3216,8039,3668,1812,1303,5405,7587,5927,5034,6189,4019,953,4666,7739,7114,8894,3776,6724,9541,3146,4304,1106,7508,6630,2919,8553,9703,5870,8053,121,---6,10,4,9,5,8,6,5,4,9,4,6,8,9,8,4,4,8,8,2,8,8,10,9,9,5,4,2,4,2,
3848,6793,1808,153,7963,1187,7848,8746,2862,8241,1205,2742,5001,2105,3898,1345,4547,6454,9926,7886,2767,986,1245,8290,4331,4972,2165,9078,125,---3,8,6,2,6,3,2,7,5,9,4,6,5,9,3,5,8,5,9,10,9,8,8,6,6,8,2,7,6,
3712,6145,9221,3207,2286,2583,1433,5978,6277,3235,8371,5687,7993,315,5948,3389,6334,703,6099,3225,90,9565,2658,6661,2926,3567,7792,7921,7670,---5,10,9,7,8,2,2,5,5,2,9,8,9,3,8,6,4,6,2,3,4,3,9,10,8,2,3,3,10,
7686,1288,2698,8221,2591,3744,2467,8868,7208,5419,3502,7727,6580,3391,7619,5839,3540,6948,3164,9950,4319,9184,1640,3050,6763,3823,4213,3063,3194,---6,5,2,7,9,9,3,3,7,3,4,8,9,6,4,6,8,7,7,4,8,4,10,7,6,4,4,8,4,
2819,2064,5781,542,7713,1066,1323,4144,5684,3381,6328,1214,1602,5834,7504,6353,6098,3549,9952,5224,3325,4210,8307,8510,4985,764,7677,894,9365,---9,7,3,4,4,6,2,7,3,7,8,7,3,4,6,8,3,5,3,4,8,4,5,7,9,3,8,7,3,
1285,8074,2571,783,9105,7058,2963,4757,8987,9500,8605,6046,3104,7078,9899,7859,4551,2252,8532,3930,2525,6368,7918,4963,8932,5097,2413,1774,4215,---8,2,10,8,8,4,3,6,3,6,7,9,10,3,3,3,10,5,7,8,3,3,5,8,6,10,6,7,6,
6402,6675,533,2206,9762,1831,3888,7348,3126,2496,8672,67,9671,8782,1615,7376,5842,7635,590,3798,4567,3801,3936,7139,8554,3822,4991,9213,9215,---10,4,5,9,6,5,10,6,3,5,8,6,5,6,7,10,6,7,9,7,2,2,2,4,2,2,2,7,5,
7147,1292,7694,515,6297,2460,3229,4767,680,5807,8886,7881,3001,2490,2623,6855,1164,6988,8014,5200,3257,865,3428,2277,3434,9963,7286,1147,---7,2,7,4,10,5,8,9,7,8,8,4,10,6,10,5,2,3,5,6,4,2,9,9,2,3,9,9,
7046,5185,5512,5776,5655,9630,673,3620,4262,6183,7722,3759,4145,577,6979,4936,8013,8143,720,8789,4951,613,2404,5670,9320,2285,9458,3157,---2,4,8,8,5,7,10,7,4,10,5,8,10,5,9,2,3,7,10,7,3,8,7,8,10,6,6,3,
8833,9346,6020,6920,7433,2062,1813,9881,9882,7580,3238,5160,9513,4403,2099,5175,8635,69,3527,8887,5453,464,3547,5598,7355,8170,4342,2684,---6,6,4,8,5,8,10,9,4,7,7,7,7,5,10,7,3,10,3,8,7,9,6,7,3,8,7,8,
7297,3587,9989,6413,9361,8211,6292,24,8093,4512,3233,1314,7718,2990,7478,8123,2208,7299,7622,7497,5068,3027,1259,4207,2675,246,250,7935,---10,10,4,4,8,7,10,4,9,9,10,7,3,4,9,8,2,6,6,8,9,9,7,10,3,6,8,4,
3968,2434,4359,7554,9620,7189,6047,2139,2596,8229,5799,4265,1836,8622,8629,1463,884,1338,447,2242,6216,4354,847,4698,9679,5086,6880,9188,7525,2536,1140,6780,6781,---3,10,10,10,10,4,9,7,4,2,3,8,2,2,2,7,10,2,6,6,5,10,3,9,4,6,6,4,3,3,6,2,8,
6801,4629,7831,4508,2589,9003,1581,5555,5300,2999,4423,3145,3532,6096,7122,9430,8794,2014,2017,4048,6888,4330,363,6120,9331,8959,9237,---9,5,10,3,4,9,2,3,10,7,5,8,5,3,2,10,4,3,7,4,7,5,6,5,2,2,4,
3465,5648,8472,4509,2592,6818,9638,4137,5930,2353,8893,5700,6981,4934,5589,6491,6624,7568,5347,6248,876,6253,6973,3831,4474,6395,7166,---6,4,7,2,9,6,3,2,5,10,5,4,3,2,9,4,6,3,4,4,4,3,9,8,2,3,5,
5396,1435,3612,1186,5542,2346,2095,5814,9529,5435,9918,4931,6597,9032,5492,2385,2642,1491,6742,2653,3808,8166,3439,4464,3060,9464,9980,---10,7,6,2,8,6,5,8,7,8,2,9,9,10,4,3,6,9,4,4,8,7,9,8,10,10,4,
5000,1291,9877,4271,2598,4775,5035,9262,7983,8370,5941,5816,6329,1595,1982,2549,4674,5074,982,9431,3420,1131,1773,4463,3315,3829,6009,---2,9,5,9,2,7,8,6,2,3,9,7,4,5,6,10,3,6,5,8,9,10,7,7,9,5,5,
1410,2059,7437,9743,6558,9764,9261,9903,2867,8372,7224,4287,8544,8644,1349,3768,7891,854,2776,6235,5469,991,2016,3681,234,9841,2294,---5,8,6,5,3,8,9,4,6,2,10,6,9,8,7,5,8,6,2,7,10,9,4,4,4,4,8,
899,4616,1545,6550,7714,1443,5415,426,2091,3374,8368,3635,7734,7363,8516,5957,7751,2979,1751,4956,7013,4967,1132,4790,252,7679,---5,6,6,8,6,8,6,6,8,2,7,7,7,2,9,4,4,6,10,3,9,9,3,7,10,3,
4364,5774,535,3099,5021,7457,5924,9644,178,4659,7861,6712,5311,2627,9740,8785,6488,6374,5606,494,9587,4725,118,4983,2301,7480,---5,10,3,3,9,10,8,5,10,5,10,9,2,9,9,4,10,9,7,4,5,2,9,2,9,5,
6400,9736,2448,2712,9880,9756,2461,2718,5407,432,1928,1845,55,4025,3480,9923,4548,9545,2773,858,6622,3807,4960,4329,5746,3455,---6,3,8,5,7,5,10,2,10,2,3,6,5,10,6,9,3,5,9,6,4,6,5,3,9,6,
643,6412,6872,6419,5275,7583,1058,3493,7462,2475,3629,2358,7096,4299,5976,217,4827,1636,8552,7274,2412,4461,9966,6898,1139,1270,---2,9,10,4,7,4,9,2,3,10,2,4,8,8,3,5,10,6,8,6,2,3,9,3,6,5,
1929,1930,3467,7490,6031,528,2071,6637,3869,6942,1444,5413,2086,5047,6968,321,5954,3469,849,4820,8534,1231,933,5344,3281,1517,---7,7,4,5,6,8,5,9,7,8,3,4,10,10,4,10,6,9,6,9,5,10,6,4,3,8,
4075,5644,8595,1044,5659,1824,163,1957,7975,4534,7361,4727,77,1618,7510,1495,3928,5724,4830,96,3811,8683,3695,8051,4599,7674,---10,9,10,8,3,9,4,4,6,9,3,6,7,9,7,4,3,3,10,2,3,3,3,6,6,7,
9732,5462,3977,3978,4875,657,3858,1305,3356,9378,2609,1331,7092,7989,182,8457,2746,2877,8784,5974,7738,6367,9957,1127,2555,---10,6,9,7,10,4,10,6,2,4,6,7,9,6,10,8,10,7,7,6,9,7,10,7,2,
6529,2690,2182,5129,8450,2831,8593,7956,3868,6943,6274,1716,3778,9547,4301,334,5583,9424,7252,5467,4572,8175,3953,500,9727,---6,10,8,5,5,6,4,3,9,10,4,9,3,4,5,5,7,4,7,8,7,10,2,3,9,
1156,1798,4361,13,8856,9625,9115,4384,2216,1200,9780,2357,7354,2117,455,5192,331,1871,8787,7130,1383,8821,7798,8569,7420,---4,2,5,8,4,10,7,9,7,10,10,3,9,2,6,2,10,9,3,6,6,8,5,7,4,
7942,5258,2959,8004,6298,2079,1184,2310,7340,8761,159,9155,9540,5061,7494,1224,209,6159,1373,9823,5862,4970,7917,1775,2419,---7,7,7,5,3,10,9,4,2,7,3,3,2,9,4,5,3,8,5,8,4,4,8,6,6,
3840,6799,7512,2965,7703,9372,7113,5951,5826,5321,4171,9421,3555,1240,2781,3422,5089,994,9059,9958,8043,7406,244,4590,5269,---2,4,10,6,8,10,9,8,6,7,2,2,8,2,5,8,7,7,4,9,8,5,7,4,6,
1029,2318,3845,1952,8865,7337,5297,2612,9146,1341,4030,3008,1953,4555,4433,5078,5597,6885,3300,4837,878,681,3705,3324,2429,---10,4,2,4,7,5,3,6,4,6,7,3,8,2,5,2,2,3,9,10,9,3,4,8,4,
4609,8070,6800,8986,4640,161,4898,9898,8747,5561,3908,1736,7632,2132,6357,5466,4832,3816,4201,4459,4861,9082,6907,9340,5885,---2,9,8,2,6,6,6,7,8,3,7,3,3,9,4,3,8,3,9,6,5,10,6,4,5,
9729,1284,1541,1548,9360,1047,9113,800,9636,5158,5800,7081,1708,6830,5044,2103,954,4164,6088,5065,7503,5840,8272,738,4854,---7,9,9,4,6,7,2,9,9,5,6,5,3,9,2,5,4,2,9,7,3,6,8,7,2,
6409,7446,8220,2336,5665,1835,5165,8113,5682,6324,5430,7351,7352,2849,4160,3905,6467,9799,7513,4059,8285,863,1905,3067,1917,4351,---7,8,10,8,3,6,9,7,7,6,2,2,2,3,2,2,4,3,10,3,5,2,4,4,4,7,
5760,9345,4620,3088,1940,9054,7463,2994,6452,7390,1471,7360,7105,8901,9800,1103,4434,6228,9180,8286,354,8036,3049,3950,---6,3,10,5,2,4,5,2,3,4,3,7,3,5,2,7,7,9,8,9,3,6,3,3,
1408,3335,2322,1173,2080,1008,3111,4520,7106,8646,5959,722,2519,7262,359,2024,8812,365,1648,5416,626,2811,4988,8445,---4,3,3,6,7,6,6,4,3,9,3,4,9,7,2,3,2,6,3,8,3,6,8,7,
129,6279,9227,1678,5779,8990,8866,5866,9646,9520,6201,708,4298,2508,7636,8024,6881,9314,6506,501,6868,7421,9214,3071,---5,10,4,4,6,10,7,7,8,6,5,7,5,10,8,7,9,3,3,8,8,8,9,10,
3584,4225,9217,2443,4499,7445,4697,9245,1950,804,1962,5931,5301,11,1609,8162,1746,2084,2529,3554,5733,3702,5495,8190,---7,7,7,10,6,5,3,7,2,4,3,2,9,10,3,9,7,7,9,2,6,10,4,9,
6923,409,1819,935,168,5434,8252,7485,4802,2499,7241,3658,2514,1364,6758,1128,4715,4692,4081,1013,8439,3449,9467,3196,---7,2,6,10,9,8,3,3,7,8,10,7,6,7,3,6,10,8,2,6,10,5,5,3,
642,4235,3085,1942,6430,1448,798,1590,9143,2747,4669,3774,1857,8520,9271,9810,7381,4571,9829,8807,4332,5616,9842,639,---3,7,4,5,3,4,2,8,8,5,5,2,7,2,10,5,6,8,4,5,4,7,4,6,
6401,7557,6535,1934,3217,3091,294,1324,3630,3933,5296,9525,3785,4682,3147,9682,4819,3414,89,8442,1652,4346,6908,7422,---3,2,5,9,7,3,2,10,8,7,5,10,8,4,6,10,5,2,2,6,5,4,6,7,
641,4226,9486,2833,530,7443,4116,9621,7453,4394,6577,7219,6456,4665,6078,9281,2901,7383,4318,5221,6929,9452,5876,1276,---7,2,7,10,6,10,9,8,2,2,4,4,4,9,5,5,9,6,9,8,6,7,9,3,
3465,1163,2937,9746,4756,5658,4509,8995,7717,7206,937,6954,8492,4016,2353,4929,6466,5131,713,6859,4947,2425,7002,7151,547,1145,7166,---6,9,4,3,4,3,2,4,2,5,2,10,3,6,10,5,7,3,2,9,2,8,6,10,3,4,5,
1052,8735,9377,6309,5672,7725,9007,6453,7926,3105,9168,8530,2643,1273,1371,4574,8060,875,6258,5622,7799,9081,3964,---8,4,10,9,3,9,3,3,2,9,2,6,5,2,3,3,4,5,5,8,3,4,2,
4486,1160,1803,6414,2197,5797,1320,5161,5823,6976,2882,8404,7901,1374,4577,1379,9189,6513,6259,4345,6312,8956,8063,---5,6,6,9,5,2,2,4,7,8,4,3,5,8,4,2,4,5,9,10,3,7,4,
6916,6791,5769,7259,1811,8341,9647,4899,4649,8108,2863,5308,5442,3653,199,1357,3158,4187,6877,4195,3172,1895,6396,---5,2,7,2,8,3,9,6,4,4,5,5,8,2,8,9,2,2,3,4,7,7,7,
7175,7310,1389,3475,2837,3102,2223,6450,2868,4405,3132,2878,5057,196,7117,6628,230,2029,7150,6256,8950,4088,2682,---6,9,8,8,3,6,10,6,8,5,9,5,2,8,10,6,8,9,5,2,4,9,8,
8835,4614,1674,2587,3483,3241,6573,175,4917,1976,6330,5770,5715,7897,1630,6623,4710,3047,6077,5223,4847,241,511,---9,7,8,4,2,10,8,9,5,5,6,9,2,6,9,8,8,4,8,10,7,7,9,
9861,5315,520,8590,1603,9371,2339,8875,1837,7985,4660,1720,185,8899,7502,8921,6113,2406,749,9584,758,7037,8319,---8,7,9,10,2,5,2,9,4,5,4,8,10,2,7,8,9,4,9,4,9,7,10,
9988,5638,8082,7064,4127,1441,7210,3765,7867,830,3521,3650,7242,1485,5072,1492,8411,4189,5628,5614,2550,5972,980,---10,4,2,5,10,4,2,5,10,5,6,9,5,4,9,8,4,8,9,9,8,2,5,
1473,2568,7697,6931,6937,3367,1579,1454,6703,4916,6971,458,833,1218,8006,1991,7498,9166,4836,1385,6567,877,9071,5493,2299,8574,---3,4,10,4,6,6,2,6,2,2,9,2,6,9,8,4,8,2,7,10,4,9,5,6,3,6,
4738,2184,4506,5914,9376,6050,5284,1821,9651,9275,2495,8898,8774,2892,6114,7907,8042,8045,2547,5751,1400,9726,---6,4,3,8,4,7,4,5,3,10,2,4,5,10,10,7,10,9,5,3,9,4,
7816,7438,9871,5009,1554,7709,8283,3368,6408,8381,987,4831,9954,5092,1041,9832,8687,8872,3442,6521,4859,7678,---7,10,8,2,3,9,4,2,2,4,5,6,2,9,5,10,4,6,5,7,5,9,
2560,1668,3989,3485,9505,6058,696,4270,8880,948,3896,4925,9676,4049,8786,83,7005,6375,6634,3064,9852,9470,---4,8,8,3,7,5,4,9,2,4,10,9,7,4,10,2,10,10,3,3,6,6,
9614,9615,9616,2067,9750,9111,7962,3613,8485,7083,2860,8628,8125,62,1864,588,7629,8269,2896,9637,6391,5114,---7,4,4,3,6,7,7,10,7,3,9,6,3,7,2,9,3,10,6,4,4,6,
1157,1802,3723,796,544,5537,8491,1965,8627,1079,9026,1092,200,460,3151,4181,6746,95,6764,624,9085,8830,---10,6,5,6,10,9,5,10,5,4,2,8,3,8,4,5,8,5,4,10,9,9,
8811,8325,4617,2447,8210,6953,6314,813,5678,2485,9913,3269,78,3922,2906,5852,611,6379,632,1785,6268,6911,---2,10,5,9,7,5,7,5,10,7,8,8,4,2,7,9,5,6,10,10,9,5,
7048,2442,1806,143,2841,120,6557,9643,300,4655,6448,7729,526,968,3665,9102,94,8034,6030,2802,3188,9592,---4,6,10,8,2,8,5,6,10,9,9,2,2,10,3,3,3,2,4,8,2,6,
6530,5507,2438,6922,7692,538,1820,3615,4004,38,3753,5936,8636,5195,7650,212,7900,4834,3691,117,1146,127,---2,6,6,4,8,10,5,7,9,6,10,5,3,2,10,8,10,2,3,6,6,6,
8066,6410,3227,2332,7585,2737,4266,945,9182,7233,8007,8311,7121,5459,604,3166,752,1397,247,5754,2556,5937,---9,9,3,9,10,9,6,3,8,3,9,9,5,9,8,9,7,5,6,5,9,8,
3328,133,3592,9240,1683,279,3992,9117,3750,350,5439,5313,1730,6478,6878,4707,7017,7914,5229,2158,7025,3451,---4,7,8,5,10,5,3,7,8,2,4,5,9,6,10,2,9,10,5,6,7,2,
2952,2057,4107,3983,1945,1954,3242,9387,6705,7223,445,8771,9416,6346,596,6874,3814,5865,3178,7920,8567,4091,---8,5,9,5,9,5,9,4,5,3,3,10,8,2,6,8,10,5,10,7,3,8,
2177,9737,7307,1295,401,5919,5410,7205,7591,8242,8376,4539,1340,5053,4670,8781,3536,2782,1642,8945,9586,5110,---7,2,10,10,10,6,4,10,9,10,2,9,9,8,4,10,8,2,6,8,5,4,
1924,5513,395,3468,8591,1936,9873,8596,7323,7711,1841,1592,7227,5949,76,1744,6737,1363,9685,9562,8539,4853,---4,3,9,2,8,7,8,7,4,6,7,5,10,3,5,10,7,6,7,5,6,9,
1664,8705,1423,8727,5273,6171,2333,5027,5412,4274,2739,9911,7740,3392,3009,8391,844,3789,2778,7389,5362,245,6775,6654,---4,10,3,7,10,3,8,3,8,6,8,7,8,10,2,4,5,9,10,2,4,5,4,2,
4544,8097,7778,9723,7493,7431,8104,492,9004,2989,4878,1213,6160,753,8660,3881,2744,7545,1307,1853,2271,---4,10,4,2,6,3,9,5,8,7,10,8,8,3,10,5,10,2,7,8,6,
7169,2210,8067,7814,9979,6632,4873,7607,4782,304,6802,5427,6964,2283,7575,2650,5531,3292,4826,9118,7834,---3,7,9,3,8,4,3,5,6,10,9,8,8,10,5,4,9,9,6,8,6,
8800,4129,8706,9659,6500,9893,3815,1290,5,3276,3698,6702,4047,274,3220,1877,6980,6319,5468,3421,4031,---5,2,2,9,5,2,3,4,9,10,9,4,8,4,6,9,5,9,5,6,3,
9888,4833,9152,4965,4870,5505,4968,5289,9675,6604,256,3769,1616,8337,1045,2326,6137,8217,1498,881,5157,---9,9,2,7,4,6,10,4,5,8,2,5,10,8,7,8,8,9,5,5,3,
4411,5539,580,1477,7974,9947,7691,6733,2576,9777,5330,2900,2654,2422,7256,6484,346,1339,570,574,223,---5,3,5,4,9,6,2,8,10,9,5,9,5,7,8,7,10,3,3,4,5,
513,5575,3941,8614,193,1020,8523,6540,2893,2478,5711,9009,4430,206,5304,9305,1436,603,2940,3741,2517,---8,10,6,5,4,6,5,5,10,6,8,9,4,7,8,10,8,2,6,8,2,
7552,1376,9915,744,1660,842,845,2120,1583,7825,2258,3603,8437,5590,3704,2394,1311,6460,61,1758,5151,---2,7,9,9,7,5,8,9,8,5,10,9,8,4,7,2,9,7,10,7,4,
1346,1678,9489,3624,7609,60,5698,8519,8652,2891,1612,3919,2256,7889,1624,5853,735,7411,501,6390,1784,895,---2,4,10,8,8,3,8,2,8,4,4,9,9,10,8,9,9,7,8,10,2,7,
9856,3777,9987,9445,9735,5737,1753,299,5900,4813,9839,2320,5720,1906,2577,8726,6841,408,7353,8869,---6,3,4,5,2,10,2,5,2,3,4,5,2,10,2,7,2,2,7,2,
7808,8193,4482,9763,6788,6054,1254,5383,8425,5452,3441,2354,8179,3926,8407,1752,4155,5564,7933,8895,---10,4,8,4,4,5,8,6,6,2,8,9,2,2,8,10,2,7,2,3,
6784,3201,3107,966,73,5514,4685,2415,2032,1215,434,628,4150,7817,5848,468,4282,3860,6813,116,---8,5,8,2,10,5,3,5,2,6,4,7,2,5,3,2,4,3,3,4,
160,8129,3906,2522,5828,9249,1543,425,1354,5015,4141,8432,7870,7895,1941,6842,6939,8925,2430,3775,---3,7,9,4,9,8,2,7,8,8,10,2,6,10,10,3,8,2,9,4,
5793,7949,2372,8280,8207,1933,5038,8141,6064,2769,6741,7582,3800,2681,8250,8475,2076,6013,6366,7839,---10,5,2,7,3,4,8,3,10,3,2,4,8,5,10,10,9,3,6,2,
4801,2146,838,3369,139,3916,9517,5326,7535,5808,7345,6569,691,2356,8022,9065,9241,2850,2620,3165,---9,5,7,4,2,7,2,7,8,4,6,4,10,8,8,8,7,9,7,5,
3872,1890,3131,8580,2054,967,1404,3690,6251,5587,398,8120,6130,7027,1844,1902,6806,1496,6459,5916,---9,7,2,4,9,10,2,10,6,3,6,7,6,7,6,3,7,4,4,5,
6509,1188,8261,5979,5611,9196,1165,5775,9976,8023,8244,9972,6617,1016,9876,8058,3035,2780,1003,254,---3,8,2,4,8,5,2,6,5,6,2,5,7,9,3,10,4,9,8,7,
6850,5563,8260,5543,8857,7849,7306,2315,7757,8177,1347,4724,2366,8855,3044,7451,3839,3709,1694,2279,---9,3,6,7,6,10,4,9,7,4,6,10,7,8,3,10,2,10,2,5,
6082,765,5156,4293,4199,5148,620,770,174,9103,3184,9860,5331,6262,4023,9273,8809,9308,5917,8837,---8,2,4,2,2,2,10,3,6,3,6,6,10,7,3,9,9,7,10,7,
5602,7395,2340,3909,4198,3912,3945,6613,1858,7022,3599,9744,4792,1230,275,3029,3448,6301,382,1151,---9,4,9,6,4,8,7,9,3,9,6,3,10,10,9,7,8,5,7,3,
7488,2113,5286,9473,8673,4652,4778,9803,9900,8658,9136,4114,7060,9045,7414,2808,8116,155,6652,1854,---7,10,2,6,8,3,8,6,9,6,2,4,2,5,4,7,5,8,7,9,
3456,5894,5641,3887,5667,422,2731,5676,5423,1713,9779,2741,8499,3383,5052,9609,5829,2509,1870,6483,5077,748,3692,2416,7030,---8,9,8,6,4,7,8,10,4,2,4,8,9,7,7,9,7,3,7,4,8,8,10,10,7,
6891,6662,1035,7833,4459,3870,4898,1827,5669,9898,3501,1736,1209,2111,5440,328,7119,5466,3548,3170,5867,4337,8827,4094,---2,5,2,7,6,10,6,9,4,7,8,3,6,9,10,4,6,3,9,9,5,5,9,5,
1030,6919,2707,8985,7077,9002,9522,203,4178,4436,9301,5721,5126,805,5603,9191,8942,4344,2939,5757,5118,9813,---6,7,3,8,3,6,6,5,7,9,10,10,3,9,3,9,7,5,2,6,9,10,
257,8546,3907,3430,3782,961,4008,7753,4874,8139,493,6958,3535,2097,9291,5955,921,3068,3235,8350,---8,2,10,3,8,2,5,3,3,4,3,9,7,5,4,6,8,9,2,8,
546,4357,8392,9961,7287,1996,8802,1550,6669,7826,5652,1065,2230,1193,568,7802,6108,2045,6847,---4,5,5,2,8,5,3,5,4,5,9,2,4,8,6,4,9,6,6,
9600,6040,259,2291,777,6125,8751,1459,9297,7698,2243,3348,1878,1783,4120,276,9108,4541,8351,---9,2,5,10,6,2,9,10,2,5,3,4,7,8,2,10,3,7,9,
6553,685,3682,677,2950,6247,2050,9710,2159,8656,1714,4661,6230,4375,4656,429,3260,3197,1663,---10,10,6,8,3,9,6,3,10,8,2,3,5,7,10,5,7,7,9,
3040,6209,6148,1414,8711,5576,6738,532,9982,470,3543,952,2068,4122,7675,124,282,1182,7295,---8,2,2,3,7,10,4,4,9,5,2,5,9,8,7,3,4,3,6,
6944,7283,1988,1925,6246,371,7662,4816,5176,9074,7699,2324,4415,6999,7192,6854,959,4156,1189,---3,9,7,8,6,8,6,8,3,6,5,3,2,10,7,10,6,8,8,
226,4507,1348,7176,7593,5098,4619,7372,7661,4942,7247,4336,5329,3474,3779,8847,731,8732,6685,---10,6,7,7,2,10,4,7,9,2,5,5,3,7,9,4,5,6,2,
9504,9347,1380,1094,7465,4183,7373,9998,3248,3313,6578,594,9653,6678,1001,4154,4635,9757,415,---3,7,4,5,2,8,5,3,2,8,5,7,2,10,5,4,8,6,5,
9701,5475,7589,4358,5127,6856,5993,7851,663,6863,8528,8033,5091,9753,4248,3897,7167,940,767,---3,4,4,2,7,4,7,4,9,8,8,8,4,8,7,7,10,9,9,
9472,4212,3963,581,6438,7617,7466,9067,4780,4957,8944,4448,6131,5204,4217,4379,9945,9999,7997,---3,9,7,5,8,7,3,5,8,5,2,10,6,8,9,2,7,3,6,
6336,9569,7291,6821,705,2856,8649,9773,5912,1677,2792,1042,5139,9652,7733,9720,4283,8989,1342,---4,5,6,6,2,3,7,10,6,9,9,10,2,5,5,7,5,6,5,
352,545,1027,4964,6085,5062,3585,8938,8395,269,1326,1264,5140,1,5497,8458,5883,5340,5002,---9,9,9,8,5,8,2,9,3,6,10,10,2,7,4,4,4,6,9,
1920,1666,1540,647,9608,108,7051,3982,25,9092,4124,7197,4382,1381,2215,5660,3763,3081,9274,3520,8515,3012,5448,6583,7758,3152,222,3045,3042,7653,8041,2667,7916,8304,2034,4339,3578,---2,2,4,7,9,4,6,5,3,2,5,7,4,3,2,8,4,8,6,6,5,6,3,3,3,6,8,5,8,5,4,3,3,10,8,2,2,
4684,4880,4738,7907,1734,1097,4170,5099,3436,109,3261,7152,5169,4618,9076,6838,5751,8923,8637,2669,7519,---10,8,6,7,8,8,3,7,6,6,9,9,8,3,2,10,3,6,8,5,2,
4033,2502,4417,360,5932,8367,5838,1199,8240,1137,7444,446,5654,5623,4525,3195,3581,6686,---4,6,3,8,8,3,6,6,2,7,2,10,7,3,5,10,8,4,
2112,1168,2652,6497,4904,5692,5642,7327,6062,1840,4821,5422,2933,9432,5019,4764,5950,373,---7,9,9,7,2,7,4,4,4,4,4,8,4,4,4,2,3,5,
6917,6886,7830,3720,6441,1367,902,6670,6671,9104,721,5172,3670,8953,5081,7484,7708,5343,---10,6,10,8,6,2,5,2,9,3,5,5,9,10,6,9,5,2,
2240,288,35,7300,8028,74,7371,3376,6674,3859,3125,3600,4151,6936,186,7548,2538,351,---9,7,7,10,3,8,3,6,7,4,6,3,9,8,2,5,6,6,
8448,771,6394,485,8679,4776,9284,1356,1522,2222,3121,1650,1082,7862,3353,7770,8859,5018,---6,5,5,8,8,6,5,6,7,7,4,3,2,6,2,5,4,6,
9665,5090,6627,3364,2812,9510,2887,4969,2186,8238,2188,5550,5841,1780,7182,868,9242,4476,---9,5,10,8,8,3,10,6,10,10,10,9,3,6,7,5,9,4,
674,8196,9878,486,1641,8776,5705,5694,4172,8461,3571,5141,6038,4055,4058,827,4284,6718,---10,5,8,9,2,5,4,2,7,4,7,7,10,4,3,4,10,10,
5568,801,8836,2085,2801,1409,128,5619,4752,9521,5586,2163,5877,5501,2063,572,8029,7039,---6,7,2,10,7,6,2,10,2,4,9,7,4,10,9,5,7,6,
32,3904,8611,1701,7137,7532,8650,3148,4943,1425,658,8949,7222,9144,1977,1167,2141,1727,---7,2,5,2,10,2,2,9,5,8,5,4,2,7,4,9,5,9,
1504,4993,6562,1955,7142,1222,776,5354,4812,2786,302,7603,4046,2263,6041,28,1277,5478,---10,6,10,3,2,10,4,7,7,9,2,5,10,6,8,2,9,7,
1089,8482,5547,4772,3734,8298,1527,2604,9551,3952,8054,5109,463,2487,9348,8335,190,9935,---5,10,8,7,2,4,2,6,3,7,10,6,7,10,5,8,8,8,
4603,6468,4006,3718,5895,4550,8490,7628,8749,943,8753,3951,7704,3129,5179,7261,4945,9349,---5,3,2,7,8,9,8,9,4,10,2,2,7,6,5,4,7,4,
7201,4034,8420,4583,1416,9162,5946,1740,9582,4376,2995,3735,9752,2777,7098,7356,2749,4735,---7,4,10,6,3,2,4,3,10,2,7,3,7,10,3,6,3,2,
1287,4587,6436,4966,5447,7211,3116,1229,718,9554,5012,629,86,3159,5178,5756,93,6869,---6,7,10,10,10,5,7,9,7,3,7,7,5,10,8,2,4,8,
6593,4642,3,7972,3361,3202,71,3211,1538,3437,6480,3346,7668,6485,1584,8345,8121,3231,---7,9,8,8,8,9,8,9,4,10,5,5,9,6,3,7,6,5,
5248,2273,1378,4483,8710,327,106,6124,50,781,5810,4051,2040,7003,5595,9820,4286,191,---8,3,9,10,10,2,5,9,9,10,2,2,10,8,6,10,4,3,
1536,8059,5735,4424,5817,2379,6316,6029,402,5903,4237,3153,2930,1521,5406,5113,2969,7642,5371,4092,5214,---9,3,7,8,8,10,2,7,6,4,7,8,9,5,5,7,2,9,4,5,5,
4115,6817,4259,6340,5612,4139,7820,377,4975,7857,7506,2611,8835,3593,4516,3483,2748,2409,3423,---7,4,4,5,5,2,6,6,6,6,10,2,9,8,10,2,6,7,10,
4927,2595,5732,4933,9692,2091,6925,8317,5490,9107,852,3766,1175,9722,7967,700,5402,1919,---5,3,2,6,5,8,9,3,4,9,2,9,2,8,7,9,9,10,
1696,336,6267,5028,5926,2630,231,8681,8525,5645,2352,3796,6358,6361,3385,6939,2523,3135,---9,5,8,3,7,6,6,8,6,2,3,8,5,5,7,8,10,3,
8896,3330,3078,9576,6547,3597,5570,4657,9683,9204,1909,9239,1849,6778,4668,573,9598,---4,2,10,5,3,2,9,3,6,3,3,3,10,10,5,10,9,
7072,48,6565,7720,8287,6967,367,3408,6963,2996,2967,3512,1236,2303,9116,2142,255,---7,8,3,6,8,6,10,4,5,10,2,3,2,4,5,8,8,
7616,5059,5476,6070,4807,2344,8779,3245,9101,5488,1480,754,2997,8502,9109,8924,6143,---10,4,7,4,10,3,8,10,10,6,5,10,6,6,6,7,9,
1248,3745,4395,2116,9285,2987,8140,9581,9296,9233,9874,3124,1685,6969,8888,7236,2692,---3,2,2,8,8,10,6,4,9,3,5,10,9,10,9,3,7,
7873,5538,8163,4420,4326,5255,9706,5133,750,3890,6067,7924,759,7874,6116,5054,6975,---9,10,6,10,4,2,7,8,8,3,7,2,8,7,10,4,10,
8930,5767,8234,2859,7020,2543,6288,3032,1407,9588,4952,7416,4167,6811,5277,6462,9791,---7,8,5,3,8,4,7,2,9,7,7,10,10,2,4,4,6,
5729,9819,8101,3942,2657,6376,7995,3915,6411,3660,795,8208,123,3401,6650,6203,7909,---4,7,5,4,7,3,7,2,7,7,3,5,4,4,5,10,7,
2304,2049,9570,9256,1769,6731,5388,1487,7440,7217,1394,4531,4468,6682,4063,4765,7805,---9,9,9,2,7,3,4,9,8,8,9,5,6,9,3,9,5,
8897,4,4325,807,4712,42,1067,6575,560,5361,7316,4438,3191,5208,5306,4247,8127,---3,8,2,8,2,6,6,9,5,6,2,2,5,6,7,10,4,
8293,2614,4392,7178,5259,3213,8302,7471,8904,9330,4564,8725,8918,6100,411,4010,21,---2,8,10,6,10,5,5,4,10,7,8,7,4,9,3,8,3,
9920,9506,68,4518,521,3786,977,4050,9715,3700,7221,5239,6744,8281,667,8313,8253,---6,2,4,8,10,10,9,8,9,6,5,3,10,3,5,6,2,
6272,8513,2820,2048,6442,1771,6572,8301,1742,8305,306,4052,1686,3671,4378,1980,8031,---7,2,9,8,4,10,2,4,10,2,10,6,2,10,2,8,5,
1637,999,3304,2505,2634,7500,8430,6127,2200,5107,4755,8910,8694,4919,184,284,2173,---2,4,6,9,3,8,3,10,9,3,5,4,3,8,3,10,4,
5920,7937,1794,4643,7044,9190,5153,6796,1843,3444,3390,5558,1300,2810,9343,6494,1333,---2,10,2,5,8,5,8,7,7,2,4,7,6,10,2,2,5,
8416,7841,2347,9668,5831,9865,4522,2423,1421,5421,4112,3826,6871,1336,6714,156,650,---5,4,2,10,9,6,2,10,9,6,3,2,3,2,10,7,7,
4896,3556,9815,5643,6896,6835,6388,5813,5566,7000,7641,8762,4955,3514,6586,7742,9471,---2,8,4,8,5,4,9,3,4,4,2,6,9,9,10,4,2,
5984,3824,2521,6883,5861,8806,4679,4651,7883,6735,2512,9827,6644,503,8825,7238,8805,---4,9,9,8,9,8,3,5,6,3,9,5,7,7,7,2,5,
6112,5212,6667,2092,1149,9039,3857,2292,9718,5913,8184,9401,7610,7419,5500,4413,6398,---7,9,7,6,6,6,7,8,3,4,8,9,7,6,10,10,2,
9479,8202,2701,3214,5907,916,1177,2586,3228,6049,1059,4902,1587,6205,8767,8132,5832,864,6244,2663,9277,7795,4598,631,---10,6,10,7,3,10,4,7,2,3,4,4,8,2,7,2,10,10,6,9,7,9,3,10,
144,4628,4758,5529,3230,928,3873,418,7596,8884,7362,2166,6233,1887,5734,8422,3306,6635,7539,757,6902,9595,---3,6,10,6,7,6,10,2,10,7,8,5,9,7,8,2,5,2,2,9,2,5,
1472,6786,5142,7565,6549,5526,3736,5534,8358,9518,5043,3128,5436,64,9427,9302,6621,3810,2794,8171,4846,8056,---2,5,3,7,4,10,9,6,3,4,10,2,4,6,2,3,6,8,5,6,5,5,
4576,955,1542,8294,5425,8456,9051,7239,1863,8239,593,7145,4087,4469,5207,6680,5209,410,4251,8714,---8,8,6,10,5,5,3,5,8,3,7,10,5,3,2,5,4,5,10,9,
1635,98,8155,3591,7977,4857,5266,1907,1037,1297,8978,7155,4533,2489,7225,4315,1565,2397,1499,3413,---7,2,8,3,6,10,6,7,4,2,8,8,7,3,5,4,9,2,7,8,
9313,7204,6213,2822,1777,7496,6827,5562,9309,9904,7505,211,5173,792,6970,8929,6204,4184,2021,---5,5,5,8,10,8,2,8,9,5,10,5,3,9,6,9,2,2,2,
4770,2691,9543,8362,5895,5484,558,4978,1539,9140,6165,1879,9080,5017,270,1706,1886,---10,4,5,4,8,6,10,2,8,10,9,5,9,6,5,5,10,
5888,6000,6882,2851,8128,4806,3457,7529,2474,1036,9422,3023,6864,5587,5742,873,7131,---4,10,7,2,8,7,5,5,5,7,7,9,9,3,9,4,9,
1984,1508,4165,871,5961,2951,1484,8717,6862,7911,8467,4425,8568,2557,6270,1823,---7,5,4,4,3,2,5,6,5,9,3,9,3,10,8,3,
6498,8804,7685,4421,1801,5390,2255,6025,7057,6486,7031,376,6649,2511,30,4223,---5,10,9,10,6,7,2,6,4,6,6,4,3,9,7,5,
1728,9761,8355,9412,2053,6726,8360,7215,5130,5295,7347,5557,4664,1210,5391,3018,---3,9,4,4,4,5,7,10,7,3,9,7,7,5,9,10,
3713,2563,1828,3110,4871,3496,8873,1994,3879,8878,8303,7934,9289,2585,8380,2302,---10,2,10,9,7,5,10,9,7,7,7,7,7,4,3,7,
9509,4264,5215,4811,8909,7246,4989,369,8917,9075,3476,8094,5871,4093,1470,7413,---5,10,5,5,8,3,6,5,7,3,9,5,5,5,2,6,
2491,3461,5833,6255,3920,4561,3990,7551,7540,2153,9321,601,1978,233,9406,5494,---8,4,4,4,6,10,5,6,5,2,3,8,7,3,2,3,
7076,7103,6086,7980,5608,5541,7530,6507,7180,1232,5489,8818,8951,5627,1085,9631,---10,5,2,9,3,6,7,6,8,2,8,3,4,2,7,2,
3168,929,4443,6789,7899,1927,1099,690,8079,8594,7892,4695,2106,2651,7996,29,---3,5,3,3,5,4,10,8,8,3,10,3,5,3,7,8,
9017,1580,9138,8623,8592,3634,9044,7349,7638,3161,8589,4889,2735,9994,5789,606,---8,2,10,10,5,2,5,4,10,3,9,4,6,5,10,3,
3616,3424,8194,7939,9029,2312,1353,9995,2181,6782,7382,8823,9049,6687,5918,5471,---6,2,7,6,5,6,7,6,2,3,5,8,7,7,9,7,
5377,2955,997,9734,1825,3297,3756,2734,3728,1715,6721,4473,2265,5307,7068,413,7871,---3,8,7,2,10,2,10,10,5,2,4,2,5,9,9,7,6,
3648,2049,7522,4769,6472,1769,10,9774,2672,3986,3925,9846,5673,6777,122,3932,5904,---3,9,9,2,9,7,8,3,2,9,10,5,9,4,3,9,10,
4994,3875,8905,266,4142,221,1776,2130,788,5591,7162,8284,7146,4542,9853,---7,4,8,7,7,6,7,5,3,8,4,5,3,3,4,
7136,8001,2818,6683,4901,1768,7978,834,2927,7472,7365,8429,9398,3167,965,---5,10,4,10,7,6,8,6,9,7,5,10,5,6,4,
6048,7749,3622,2503,4220,8055,3052,7184,787,8501,9303,4492,5084,4253,9439,---2,10,5,2,6,6,9,9,2,3,5,7,4,6,5,
6240,5536,9379,9828,5093,4588,5358,8739,2262,7735,3962,6117,6364,5309,927,---9,4,9,10,4,5,2,3,4,4,7,6,3,10,5,
7200,6913,8130,3523,2373,6055,5482,972,7042,320,6104,6196,6455,1880,5947,---7,10,8,8,10,8,7,4,6,6,6,10,4,5,10,
5569,7043,3204,2278,2001,5897,5546,5835,6607,6193,2915,1431,8697,4250,6620,---2,5,8,9,6,5,10,3,5,3,10,2,7,2,7,
8096,9691,162,6435,1669,1607,1516,8114,3855,1298,8409,7579,6940,2013,4510,---6,4,6,7,3,6,8,7,4,5,2,7,3,2,6,
2722,6280,3849,914,7598,6221,2440,5458,7923,8883,9129,5615,5049,9403,3487,---10,8,4,10,7,9,5,7,6,4,8,9,9,3,4,
9731,645,2954,779,2060,8984,7074,4645,679,8235,5804,5680,1460,9397,2109,6325,1931,8009,330,4043,9171,4580,358,6640,2805,---10,3,2,3,6,5,8,6,2,3,8,7,9,10,4,10,4,2,2,5,7,7,5,6,4,
4800,4097,8290,4547,9926,3848,6793,2730,6595,7566,7760,8369,6019,9077,6454,8703,2105,3419,3676,1141,1087,---7,4,6,8,9,3,8,9,10,7,5,3,10,9,5,6,9,8,10,3,7,
3264,9847,8742,7249,1095,2472,2154,4971,5830,3825,4870,6356,2325,4729,4824,6836,8277,---4,2,4,5,6,7,10,6,3,10,4,7,8,3,7,7,2,
7904,2787,4998,3142,842,4491,1005,9391,6032,2258,9526,4825,8728,5433,4102,1583,938,---5,7,2,7,5,6,7,5,2,10,2,5,8,4,4,8,2,
2274,1731,612,2925,9001,7627,9772,5538,750,2941,5106,7700,9801,7380,759,7133,6559,---8,7,3,5,2,7,9,10,8,8,5,6,9,4,8,8,8,
3040,5088,9058,4593,6250,8300,6222,9135,6641,9426,8851,532,8154,1098,6538,6655,---8,9,10,8,2,4,8,8,9,5,10,4,2,3,8,7,
2370,6307,5188,3332,6700,6636,7346,3406,7185,7538,6451,660,9385,4100,5050,---8,9,9,8,4,7,8,9,5,8,9,6,4,2,9,
9024,5217,6404,2533,9350,9127,4105,906,888,4306,7640,7705,6442,6186,2526,---8,6,3,2,7,9,3,3,8,6,10,4,4,8,8,
1732,6918,8200,3594,2253,2607,4848,7400,4138,9687,9435,1450,2846,63,---9,10,8,2,2,6,2,5,10,3,6,3,4,6,
100,5702,9960,585,555,684,1261,3631,1617,5011,919,6308,3098,2492,---7,8,7,5,2,7,9,9,7,10,6,2,10,3,
3232,5963,5636,4549,2343,8331,3404,1614,5136,3985,7125,8182,644,2202,---7,6,6,5,7,10,6,9,4,10,3,6,2,7,
7745,1826,3317,6534,6961,7561,4365,2033,2645,3703,8249,8913,9662,2261,---5,3,9,6,2,10,8,2,5,5,2,9,6,9,
3387,5123,6437,8778,6123,6382,189,5203,3606,6585,2074,2267,3805,6590,---2,5,6,6,2,8,3,3,4,6,8,3,2,6,
2944,2433,8291,1733,8230,6056,2986,4012,6765,3699,1332,3864,9437,4197,---8,6,4,5,8,9,4,9,3,9,10,6,7,3,
1601,625,5960,2761,5783,2190,7517,4465,4374,8279,5240,7578,8829,5983,---7,2,5,3,2,8,8,3,3,9,10,7,7,8,
5051,9572,4711,5736,743,6828,711,1071,7318,4324,5146,3247,6044,8122,---9,10,7,6,4,3,10,8,5,9,8,6,7,4,
8320,3363,2756,9413,8296,4732,2378,855,6664,1782,649,5498,9596,4328,---7,10,2,2,3,9,10,4,4,7,10,8,6,6,
6977,8419,8741,2023,4233,8682,6352,1520,2051,329,6265,4383,1084,6431,---2,3,3,3,9,9,10,2,9,8,2,6,8,2,
2977,2754,3462,4680,332,4162,4781,4104,4946,8119,7321,3119,866,4862,---5,7,10,9,10,10,2,10,8,4,6,8,5,5,
8224,3360,7107,5380,8071,2410,9355,9964,3021,687,3092,2807,8468,7231,---10,7,5,10,7,10,8,9,4,4,3,7,3,8,
7397,5607,5706,2311,2066,6959,2104,9266,2355,4788,5485,1656,4532,6541,---4,8,6,2,4,3,9,2,2,3,10,9,6,9,
9344,419,7556,6022,8231,5103,4071,8204,399,9778,8243,662,5263,2717,---7,9,2,6,2,3,4,6,5,7,9,3,4,7,
5964,6536,7884,2636,4398,9295,52,3340,2985,6996,7564,8415,4702,6783,---7,3,7,3,7,8,3,8,4,10,2,2,7,9,
7467,6021,6150,7943,8459,4368,6164,9496,2330,925,4766,9605,2594,1833,4907,4653,3249,4404,1195,2871,9785,1211,6719,971,8271,4311,2264,1402,8464,8037,3176,9705,747,8431,2554,3323,---2,10,9,9,8,8,5,6,2,2,4,4,10,2,6,5,10,6,8,6,4,9,4,2,7,6,8,2,7,7,5,7,8,5,6,3,
8329,9369,1179,543,423,6057,5294,6833,3379,2870,4667,7869,2367,2504,5066,7253,3672,1371,3677,1252,2664,5159,7144,4084,7926,3710,---2,5,8,2,2,4,2,5,7,5,7,10,9,5,8,6,7,3,7,9,8,7,7,4,2,7,
4224,8967,522,1943,4636,3109,9771,1842,4281,7357,2500,3666,5332,569,8922,6492,9181,9694,6887,9194,8428,1876,506,6122,---2,4,6,3,10,6,4,5,6,8,7,6,7,2,2,9,6,8,3,2,5,6,9,6,
1411,6532,167,6663,9290,2539,5708,4909,9519,5872,8721,8754,9453,5076,1334,6903,1850,3114,2590,---5,9,3,6,4,5,2,7,3,2,6,2,3,4,7,2,3,2,3,
2848,2467,2628,1640,3884,9454,5327,9456,9480,851,3540,4565,6647,6424,3643,6909,9950,3391,---5,3,6,10,2,8,8,3,8,3,8,6,8,9,6,9,4,6,
9025,7387,2916,8711,4796,8842,9294,9425,6002,2740,952,6148,7295,1244,4701,862,6495,---7,7,2,7,4,9,3,7,10,10,5,2,6,10,5,5,4,
4352,3139,1670,2790,9319,360,9606,5899,6156,4525,88,3988,5623,8824,5147,8540,---8,3,10,5,6,8,8,10,7,5,7,5,3,2,5,8,
7267,8772,715,7624,8234,3339,6095,5277,3895,8820,949,4663,9588,1788,541,3966,---6,3,8,2,5,9,6,4,3,4,9,5,7,9,2,2,
6273,3900,3969,5320,5417,2254,7599,4276,5045,7898,7771,6012,1534,9717,---6,4,6,9,7,9,7,4,5,5,5,6,3,6,
4043,1892,1861,2886,4305,9415,2479,6384,4817,6994,7477,5626,154,8149,---5,7,8,7,6,3,3,7,4,2,2,6,10,5,
4961,4418,9765,390,4161,8940,1514,1260,9805,8334,525,8146,3673,3452,---5,10,6,9,6,8,4,6,2,2,9,4,4,5,
6754,6084,901,2407,6348,7918,3504,1937,4627,561,8087,3608,8090,9247,---10,2,3,7,9,5,8,3,9,7,10,2,5,3,
3788,1862,6215,9481,7979,9068,1043,1268,9557,4502,7767,1243,8447,---2,4,4,6,4,2,4,3,9,3,4,9,8,
3329,1282,8934,3863,290,5359,8848,4562,3478,3927,1144,7069,7070,---6,4,6,5,7,4,9,10,9,8,4,3,2,
4641,101,9574,9095,9768,3979,562,9838,9552,5554,659,9919,5759,---8,4,7,10,4,5,6,3,6,10,10,3,7,
9921,355,7270,4481,104,5095,5004,5101,9875,9973,2361,2201,2913,---3,3,9,9,3,9,4,6,10,5,5,7,3,
5691,4261,6118,551,8424,2648,5677,8685,2193,4437,6200,9339,5605,---7,9,7,5,2,10,9,2,3,3,2,6,2,
736,4932,5317,4582,4808,6633,1226,5934,7536,3729,6066,6840,3967,---7,3,4,8,9,10,7,3,3,7,3,7,10,
3558,3947,6093,4654,5935,6960,1203,8308,6037,3574,7576,4244,4828,---4,6,8,6,6,3,9,8,8,10,4,7,3,
9474,9507,2789,6982,2025,9389,3569,6418,213,9366,9018,6875,831,---8,7,6,2,9,9,9,5,10,3,8,3,2,
5376,1221,2058,2359,2956,2639,913,2964,2743,5727,1467,1386,8607,---10,7,4,7,9,10,8,7,8,9,5,7,6,
6080,8384,4002,9156,6214,1387,15,2832,4497,4690,9491,92,8702,---10,9,6,4,4,5,6,7,5,5,4,3,7,
8576,9993,4938,5836,7245,9870,333,9968,9041,7796,53,2026,3711,---6,5,5,6,5,9,10,2,5,5,6,4,4,
6016,427,8074,783,5784,8987,6046,2983,9899,5170,4787,5302,6517,2252,9549,2383,8532,2525,6368,1506,8932,5097,7666,7859,4215,---9,9,2,8,10,3,9,3,3,5,4,2,8,5,6,8,7,3,3,6,6,10,9,3,6,
3585,9027,4964,6950,545,4040,4647,7915,2417,7344,2888,5042,1,8601,5883,5180,3239,---2,9,8,7,9,4,3,8,6,9,5,3,7,8,4,8,6,
3393,6178,6179,9030,1697,9769,583,3595,793,6445,2670,6990,5718,3447,9337,5373,1063,---7,2,2,5,6,8,3,9,8,10,6,2,9,4,4,2,2,
1024,9754,5572,3270,7857,3656,2921,80,4209,7506,2611,8105,377,890,9788,8797,---6,6,7,4,6,8,8,8,3,10,2,10,6,7,5,9,
1313,2307,3073,4545,9868,3916,397,2895,9241,8662,3657,8793,4700,1631,---6,8,4,3,3,7,8,7,7,3,6,9,4,10,
2083,2341,3429,7786,5771,238,3568,1873,2293,1227,1691,414,4421,---2,9,8,3,6,9,9,6,2,6,8,5,10,
4480,1476,7654,6503,2249,6154,5517,974,7317,8438,5915,7774,2463,---9,4,2,7,2,10,5,5,4,2,3,4,5,
4705,6406,1703,1418,9447,1903,9872,1969,6227,2775,3005,8927,---10,3,3,5,6,7,5,9,4,5,10,10,
5985,3075,1223,4240,5451,3244,6303,4177,5731,9503,8318,6527,---6,4,8,5,5,6,3,6,8,2,3,3,
58,3459,7475,7279,6034,9747,1525,7128,4921,3162,2973,6522,---10,9,7,2,3,6,2,3,9,3,9,9,
802,782,1327,5395,3508,4718,6294,2296,4020,2875,8188,5599,---10,3,8,7,6,6,7,9,9,4,8,6,
1377,4487,2728,9225,6986,7409,9073,1362,1608,4885,7049,2815,---5,2,8,4,4,9,8,2,6,3,3,6,
7425,9119,5353,3086,1904,2705,8152,4891,3772,4285,8158,7007,---4,8,9,5,3,9,10,10,4,6,5,8,
4515,1220,7516,6795,3662,8719,9042,2387,726,8251,7804,3837,---7,3,7,4,3,3,10,2,10,2,3,6,
1319,6311,9992,3499,4173,3150,5232,9128,3000,8958,3576,264,---3,5,9,2,6,4,7,9,8,2,3,5,
5409,1796,9062,3265,6152,1578,2671,7024,2453,1466,6045,2458,---5,8,8,10,4,9,2,7,6,5,4,10,
1025,7364,2151,392,1770,4300,4623,8310,2167,4249,3770,5787,---8,9,6,9,2,8,5,10,6,10,9,9,
225,7138,5219,3748,1382,103,220,6832,2482,1172,7803,956,---6,5,4,10,4,8,3,6,5,10,8,8,
5314,451,2678,7047,4779,6924,1874,2110,8470,664,4380,7902,---10,6,2,5,2,10,7,10,2,5,3,3,
9185,2179,5445,9484,7339,2476,3054,1999,4208,1456,8089,6003,---10,10,8,8,7,8,3,9,8,5,7,4,
5857,516,198,2632,1482,3533,6734,6866,958,1975,2424,1918,---7,5,6,7,6,4,2,8,6,5,4,9,
8226,6566,7240,393,5610,2289,5171,6710,8599,3224,2428,2399,---4,8,10,9,5,5,9,7,3,2,5,8,
5154,5795,6853,5991,6876,8971,3661,3253,3192,9019,508,7581,---8,7,9,4,3,10,7,6,8,6,7,8,
9088,9089,4869,385,5898,6928,7829,7328,2211,8103,9897,6826,3057,8755,3645,3262,6463,2124,3405,4175,465,291,5205,600,7129,1242,7135,6695,5233,1651,8696,7801,6141,---10,6,9,6,3,2,5,6,3,8,2,3,7,5,7,3,3,3,4,2,6,4,3,9,10,5,10,10,8,4,7,4,6,
1792,2752,654,8691,9494,8222,9887,1569,7460,9260,9395,5696,8379,3136,1761,6223,14,4054,8025,1246,1375,1633,7781,7656,2544,3443,4990,9079,6776,5630,6399,---9,9,7,6,6,7,3,8,10,10,9,6,3,2,6,6,5,2,10,7,5,2,9,8,6,10,9,7,7,10,5,
8839,7314,3991,5791,6690,2723,8996,4005,5815,4152,7743,1088,5064,8010,6745,37,8928,4581,4843,3949,2799,1017,---3,10,6,6,6,8,6,10,2,3,6,10,5,2,5,5,4,5,5,9,3,4,
4130,9347,8488,8966,8712,1001,138,7373,9998,4136,6723,6772,9653,6678,6007,7775,4635,799,---10,7,8,9,5,5,4,5,3,9,8,3,2,10,10,2,8,9,
5345,8770,5186,9860,9345,2666,5579,8286,4434,2994,6452,9054,9974,1719,6327,6618,4186,9438,---9,3,9,6,3,6,2,9,7,2,3,4,2,8,10,2,6,4,
6228,7360,5156,7301,1321,9034,1419,174,3088,1329,5331,5780,504,6393,671,5148,6109,6079,---9,7,4,4,10,9,4,6,5,3,10,9,8,9,4,2,9,6,
8736,6337,7490,5413,4897,2377,1930,5707,8844,4820,1231,1929,2708,4185,8052,826,6031,1372,---7,2,5,4,3,5,7,9,6,9,10,7,9,8,5,10,6,3,
4736,33,7283,3396,6854,3944,6313,6999,4111,2676,9074,371,8692,5625,5016,8665,4156,4415,---6,7,9,3,10,10,2,10,6,4,6,8,4,5,7,8,8,2,
9857,7266,459,7972,9157,6694,5674,3202,4642,6594,1538,3,1973,313,575,4450,3231,---10,5,8,8,7,6,8,9,9,2,4,8,7,3,4,5,5,
2438,4834,4228,6998,2918,5994,8558,1745,1299,9236,8181,278,3615,7647,8892,6773,---6,2,3,3,2,3,8,10,6,4,7,2,7,3,9,4,
2757,6865,4872,5386,1323,7885,4144,3416,3381,7766,4985,4056,5753,8124,6845,894,---5,7,5,6,2,9,7,9,7,10,9,10,7,5,6,7,
3488,8353,3971,485,4776,8586,7756,7853,79,3121,5748,8213,7543,3065,3353,---4,3,4,8,6,10,3,4,5,4,10,10,10,8,2,
3496,8452,8390,5896,9353,490,1995,8303,113,6069,1828,1596,861,7934,2975,---5,3,8,8,6,5,2,7,3,9,10,2,10,7,10,
6785,2518,3761,4458,1095,2224,7281,8306,8180,2325,7126,6836,1915,2613,---5,7,6,7,6,7,4,7,7,8,5,7,7,5,
832,9793,2949,673,613,8402,3470,4815,5330,4979,8245,1690,7645,4095,---10,9,7,10,8,10,8,8,5,5,4,4,6,2,
450,2470,8648,3209,7083,5740,7149,9614,1010,7091,6965,1078,6809,62,---3,4,3,3,3,10,7,7,4,7,2,6,10,7,
4485,9222,5617,1935,1104,3377,5554,659,5398,9848,8218,8383,3384,---6,3,6,2,8,3,10,10,3,9,2,7,5,
3842,8099,8773,4295,9418,1707,7342,6008,8853,2582,984,2073,2974,---2,5,4,3,4,3,7,10,9,7,7,9,4,
930,8003,7908,1350,7652,7690,7947,6434,335,6932,1561,9311,---2,7,5,5,6,3,5,6,6,9,5,10,
9634,2427,9797,4553,7562,8674,5971,3190,6681,3417,8955,---9,7,5,6,2,3,7,10,4,8,2,
3876,4741,4529,8137,7693,2605,2129,1490,5305,8441,635,---5,4,7,7,7,2,3,4,9,3,10,
4038,9254,3882,5003,7664,440,7828,310,9368,9364,1468,---7,8,2,3,5,7,5,5,9,8,2,
2530,147,582,3506,7906,8911,3570,3923,9944,9531,9086,---2,6,10,5,8,2,6,3,2,4,4,
3489,963,5860,3561,7499,3853,9106,2835,5174,836,4637,---7,2,2,3,2,6,10,7,6,2,10,
6512,3610,4935,586,1296,9712,4343,8826,3003,2426,2047,---8,9,5,3,9,2,10,9,4,2,2,
5601,8642,4227,3425,3754,1451,6892,1711,2195,9174,9304,---5,3,4,3,8,2,2,10,9,9,7,
4673,3267,6276,8997,5194,4688,7890,3806,5464,3664,7038,---3,6,3,9,9,5,8,4,5,2,7,
5634,7875,292,4234,5649,8914,9268,6774,6039,7835,1599,---7,5,9,9,7,7,8,2,8,5,3,
5120,7840,9508,5962,6571,7405,4783,9714,4045,9436,714,---5,3,4,7,9,8,2,10,10,8,5,
2656,8517,8849,3337,8011,5325,2830,4977,1747,2454,7959,---9,7,10,10,5,3,4,9,10,9,7,
256,2305,9709,656,3477,1432,7710,672,6945,1059,9125,8486,8744,2089,688,3378,2931,5812,1335,9400,436,6205,8639,5827,8135,9544,3511,7374,6137,2011,5220,4968,874,5868,4077,1646,8048,5357,6905,5372,2800,---2,9,3,2,3,6,7,7,4,4,3,6,3,9,2,9,8,8,10,4,10,2,5,8,9,10,6,8,8,8,9,10,9,5,2,4,10,4,3,6,5,
2976,1280,578,4803,827,1804,2247,3113,4172,6605,6254,9635,5141,9878,8196,443,4284,8765,6718,---9,2,10,2,4,8,2,9,7,6,6,4,7,8,5,3,10,2,10,
1563,6657,226,3779,8613,7176,7593,4619,8847,7195,3380,3446,4888,6266,1135,9244,6685,8732,---9,3,10,9,6,7,2,4,4,9,6,3,6,7,8,7,2,6,
9792,4672,4579,8228,9255,5032,5163,9200,4017,8707,9461,5593,8792,4377,1722,6106,9342,1983,---4,7,10,2,4,4,6,8,10,7,7,10,6,9,4,3,9,7,
4128,5408,6341,6886,721,3948,1111,2700,9357,6670,6671,9104,9201,8850,406,5081,8953,6917,---2,4,5,6,5,2,3,4,7,2,9,3,9,3,3,6,10,10,
1248,3745,1859,2116,1671,9384,6187,8140,9650,9296,9874,9843,790,6552,7888,6206,---3,2,6,8,8,7,5,6,6,9,5,8,8,5,4,6,
9186,9094,1895,8108,8653,5585,1811,9176,85,4216,9178,6396,5341,702,---9,6,7,4,10,6,8,4,3,10,8,7,4,8,
1860,4214,5736,4585,6044,5166,4797,5461,4118,6713,8122,6556,5117,---4,10,6,4,7,7,2,3,5,3,4,10,8,
3458,8363,5481,7275,7052,9359,1310,131,2398,5973,825,7567,510,---5,4,6,7,10,2,2,6,8,6,10,5,6,
5440,9267,5669,6767,883,4910,7695,8563,534,8215,280,9179,---10,9,4,9,8,7,3,10,4,4,3,5,
4000,7272,12,2988,589,3918,237,4312,3956,2934,9048,3037,---3,4,7,7,10,2,6,5,6,8,5,2,
4608,4513,6983,7368,8455,4428,2542,1487,9192,5970,4531,2233,---5,3,7,6,6,3,10,9,4,8,5,5,
9826,6727,7818,141,4079,8176,7093,2038,1271,2090,1493,---7,6,4,4,7,4,8,2,6,7,9,
896,2721,5102,7338,3598,6158,4182,983,3066,5085,---5,4,9,9,2,7,5,7,5,6,
224,4737,1322,8075,2606,3312,307,9934,926,4863,---2,3,9,3,5,10,9,2,8,4,
8547,8339,2917,1606,5966,195,756,1438,605,1278,---4,3,7,7,8,2,6,4,3,10,
1568,4422,8008,3850,1293,7408,7955,4537,3290,5243,---7,5,4,6,6,5,9,5,4,7,
5026,7235,2123,7309,7696,8504,8690,5624,4731,9599,---8,7,10,7,3,4,3,2,3,6,
1250,2436,7944,5580,7948,4526,5714,3764,3320,602,---7,3,5,7,2,4,7,7,7,2,
6561,8292,8808,9553,6834,9043,9014,4218,2170,1567,---2,6,4,5,7,8,4,8,6,8,
262,9892,8838,1766,1739,6028,5998,5686,6199,7515,---5,7,6,2,4,10,2,8,7,2,
416,1926,5227,5071,1489,339,1620,4117,1625,7646,---2,9,4,5,5,7,4,3,9,7,
1122,1412,7973,4648,8400,4246,8183,4441,6332,5726,---5,9,3,4,4,8,2,3,6,9,
1019,4644,1735,1896,6026,3373,4119,5851,5884,2687,---3,5,2,3,9,3,8,6,10,10,
8387,6693,5254,6097,6482,8151,8730,9658,7198,4255,---10,5,6,2,2,6,2,9,6,10,
4188,6732,4272,6545,1588,7160,1114,571,6140,1695,---4,4,7,7,4,6,7,4,6,4,
514,8963,2631,7304,7659,2348,1359,8758,7063,7966,---3,7,10,4,2,10,9,8,3,7,
5056,5250,1155,3251,8393,8106,6515,4500,9946,2282,---9,8,7,5,7,6,3,7,7,6,
7461,3722,7055,9681,7284,6015,1500,8061,990,3647,---2,6,8,6,9,6,8,5,8,2,
1698,260,8709,7623,1449,4573,4370,3193,893,4926,---2,10,4,8,6,5,10,7,3,5,
5122,4613,2562,9232,6548,7320,9335,9248,9250,3365,6060,3631,2492,2365,2760,202,4683,9938,2005,3706,1888,7009,3298,4714,3051,7789,372,4726,1911,633,634,---6,10,9,6,6,9,6,6,7,5,9,9,3,5,2,6,6,10,7,8,7,5,4,7,9,7,3,4,5,3,4,
7812,9235,4629,4508,8794,8098,6182,5300,6709,3145,1993,2999,3532,6096,7122,9430,3033,6345,2017,6888,363,6900,8959,---2,2,5,3,4,7,9,10,6,8,2,7,5,3,2,10,3,3,7,7,6,4,2,
9345,354,9054,8901,3049,3562,4434,7085,8399,7390,2994,1103,1461,1559,6452,3322,1979,8476,9949,8286,---3,3,4,5,3,9,7,3,9,4,2,7,8,9,3,6,2,9,7,9,
7040,1408,4387,6981,2080,3335,5416,489,2519,365,7630,8915,4340,5242,7958,4041,4474,6491,6973,7262,---3,4,10,3,7,3,8,10,9,6,4,3,10,5,2,5,2,4,9,7,
8544,322,7333,1064,9,8330,2059,9932,9261,9038,7891,3219,8372,2294,9720,3961,5469,4287,---9,7,10,4,4,8,8,3,9,3,8,7,2,8,7,10,10,6,
2432,2945,9445,9735,457,7154,2320,5720,1906,1107,7029,1753,2616,6841,5241,4101,---5,6,5,2,4,2,5,2,10,10,8,2,2,2,7,2,
3649,3089,3665,968,6153,526,6672,7729,9816,119,120,9850,6557,2558,3359,---2,10,3,10,8,2,4,2,2,3,8,8,5,2,4,
5121,3370,6585,1810,5203,6708,7289,3096,2905,3387,2044,189,3550,---10,7,6,2,3,7,10,6,3,2,2,3,7,
6816,4610,934,7594,7372,7661,4336,8497,5267,4984,1497,4507,5535,---5,4,8,5,7,9,5,7,5,10,7,6,9,
6432,2659,7528,7755,5036,3408,2967,6103,472,441,4922,255,---4,3,2,8,5,4,2,9,5,3,2,8,
1442,795,7909,7526,9611,6285,9263,3856,3924,3733,2362,123,---10,3,7,3,5,5,2,9,3,2,6,4,
1984,3203,1573,3783,4563,5014,3799,6520,1055,9278,4165,---7,8,3,6,6,10,2,9,6,5,4,
769,6947,9316,2725,3564,6764,2189,3901,180,460,1629,---9,4,4,3,8,4,6,6,7,8,6,
2665,7927,2380,4782,3507,7412,297,9145,1532,5695,---8,8,6,6,9,5,5,4,2,7,
7712,9216,7075,8612,1639,3529,6963,3189,1481,9758,---4,6,7,8,7,8,5,8,6,8,
7269,4391,81,5523,694,6423,4568,7164,4222,---3,3,6,5,4,2,9,8,5,
6978,8522,4503,1069,5679,8080,7220,5794,3263,---5,7,8,4,9,9,7,8,2,
3362,8903,1705,7120,149,598,6761,4219,1053,---2,9,5,9,8,4,3,3,3,
8324,7173,3987,6042,3739,5790,9120,5411,6952,2480,6706,8885,1718,2618,59,1312,1352,9674,7378,2147,9556,4439,7483,2874,2846,6715,996,5477,3943,7016,1000,3411,5115,2942,---6,8,3,10,6,6,7,2,3,3,6,7,2,7,7,3,10,3,4,7,6,10,3,10,4,7,8,6,3,4,10,2,5,4,
5890,9091,3852,2842,4639,2466,2088,8489,8750,7474,4148,3637,1206,325,3274,5456,5854,3679,7649,6508,4467,4085,8446,---2,9,8,5,4,7,5,7,6,8,2,8,2,8,9,8,10,5,9,5,3,9,3,
8784,9732,3638,2118,1127,8457,8266,7894,2609,1267,7092,1717,5974,3545,2746,2555,7388,3978,182,---7,10,3,9,7,8,2,8,6,10,9,10,6,10,10,2,4,7,10,
2784,7523,8581,166,391,9928,7401,7116,9423,7952,9969,3284,8565,2998,6984,5144,6234,8666,---5,9,3,4,5,7,9,4,6,9,9,5,7,4,2,3,8,4,
7961,9638,4934,648,4137,3531,876,6253,4493,5648,6248,786,2164,3831,2297,6395,7449,---6,3,2,4,2,2,4,3,5,4,4,4,4,8,9,3,6,
2368,482,806,5256,6476,3210,3883,556,7790,6639,4596,6293,918,3993,3902,9759,---9,7,6,9,8,6,6,4,6,9,10,2,6,3,9,3,
8641,610,2627,5933,7457,535,4983,621,6925,6712,9587,148,2679,6488,4762,2715,---2,9,9,8,10,3,2,8,9,9,5,4,10,10,4,2,
2560,1668,3013,8817,1452,6058,9676,5806,4925,2456,5650,83,1961,3896,505,3485,---4,8,4,4,6,5,7,8,9,7,10,2,7,10,2,3,
6656,9856,4813,9987,8869,4774,299,5900,1805,9839,6804,4982,7353,1437,9835,607,---8,6,3,4,2,3,5,2,2,4,9,9,7,5,5,8,
5377,1891,6501,1825,2037,3402,3297,2734,5863,6126,6721,7183,413,3605,---3,5,9,10,4,5,2,10,4,2,4,4,7,8,
4771,3334,680,7657,1164,3885,3534,1875,7694,7881,6297,7385,7550,2623,---7,6,7,9,2,4,2,6,7,4,10,8,10,10,
7809,7379,746,845,4110,9137,498,3603,8437,3704,1119,316,5151,---10,2,10,8,10,5,3,9,8,7,2,4,4,
5504,8481,5507,7900,2881,1577,3307,1869,112,4052,9849,212,1820,---5,3,6,10,3,7,9,3,5,6,4,8,5,
9349,8964,7941,4006,9866,7628,3117,623,8598,7704,7131,3358,383,---4,2,3,2,7,9,4,10,8,7,9,5,8,
5664,3332,7335,6537,6023,2828,1709,3406,660,8046,5050,2845,---5,8,6,4,6,5,5,9,6,3,9,5,
4656,677,1032,685,9710,5104,8564,341,9558,2968,5849,3002,---10,8,3,10,3,6,5,2,8,4,10,8,
8675,823,6707,4750,9367,7280,43,163,4534,4599,4727,1533,---4,9,10,8,9,2,6,4,9,6,6,7,
1509,9288,9354,1931,2060,9230,1136,2805,1750,4414,2581,---8,5,9,4,6,7,8,4,3,10,7,
4768,6690,5349,2183,8936,4586,3725,3949,1073,4021,1017,---10,6,7,9,8,3,6,9,6,3,4,
1889,962,6243,9096,4495,7128,675,2806,2840,58,6522,---4,2,4,9,9,3,6,3,5,10,9,
8418,8454,9927,9516,5581,7246,7634,3476,856,8094,1503,---4,7,8,3,9,3,6,9,10,5,8,
9570,7,8841,524,9069,8816,3641,2396,7999,---9,5,5,7,2,7,8,8,7,
2403,1767,7784,1453,4783,6420,9084,8189,6174,---5,9,5,3,2,7,5,2,2,
9963,1164,7694,6297,2460,3229,680,8886,3001,2490,2623,6720,7881,8014,5200,3257,9690,480,4708,2277,7147,6696,242,7286,4607,---3,2,7,10,5,8,7,8,10,6,10,8,4,5,6,4,6,10,2,9,7,3,2,9,2,
5312,3843,9864,18,1667,1687,1689,2331,8478,5152,4260,7772,4268,2481,6962,5824,4810,1881,7644,5472,2660,615,1130,1255,4341,---6,4,5,7,7,7,10,5,7,4,8,5,5,7,7,2,9,2,9,10,6,3,2,3,3,
3968,4354,646,2434,9620,8229,9126,5799,2217,1836,8622,8629,1463,447,5952,2381,5337,6879,8178,1140,3957,4265,6781,8831,---3,10,3,10,10,2,9,3,7,2,2,2,7,6,3,10,10,7,4,6,6,8,8,3,
3840,5089,994,2275,9958,3974,8072,5321,9802,8043,3084,9421,7406,6799,2392,4171,244,7703,1240,5437,5951,---2,7,7,10,9,5,7,7,4,8,8,2,5,4,8,2,7,8,2,6,8,
4733,7760,435,3259,8369,7464,6921,2730,6595,6477,7566,4221,2864,5393,7331,8703,6555,4800,381,7423,---10,5,10,8,3,3,8,9,10,4,7,7,10,5,2,6,2,7,7,6,
1217,3867,4362,3525,295,5319,8684,7450,6743,812,7181,2615,1972,6679,7097,2266,4795,70,5821,---5,9,8,3,4,3,8,6,3,4,9,10,6,7,6,3,2,6,8,
2707,3254,6919,9996,9191,6444,1681,4178,403,4436,9813,6006,4344,8985,5757,8479,---3,9,7,9,9,9,7,7,8,9,10,9,5,8,6,6,
1504,1921,2786,1987,5478,776,5354,7276,7603,5486,1955,5048,6041,28,1086,6848,---10,7,9,5,7,4,7,6,5,4,3,4,8,2,5,6,
6209,386,8035,6102,1414,5576,375,9982,6738,9493,470,3543,282,2908,1182,1109,---2,8,3,10,3,10,10,9,4,4,5,2,4,7,3,5,
9888,4833,4962,4965,4007,4348,9675,6604,1133,8337,2326,5289,7193,1498,4540,8957,---9,9,8,7,9,2,5,8,5,8,8,4,5,5,9,3,
2048,8513,2533,6442,1771,4306,2127,8305,4722,7415,306,1851,6172,638,1791,---8,2,2,4,10,6,7,2,2,6,10,4,9,8,9,
6144,8161,6539,6852,5190,3179,2796,6351,995,7787,3797,9783,4892,3357,7455,---4,9,10,3,10,2,6,8,10,3,6,8,7,6,2,
3741,7658,1020,2893,9009,1436,2250,8619,205,7855,1521,4566,2940,6218,---8,5,6,10,9,8,5,2,10,10,5,4,6,7,
5123,9924,6437,785,617,4076,7278,529,2267,6585,2074,3387,6300,189,---5,4,6,7,8,10,8,6,3,6,8,2,9,3,
5856,9509,4264,5577,2764,8909,7854,975,3528,9075,9463,1470,5215,---4,5,10,8,2,8,4,10,6,3,10,2,5,
706,9819,8069,3942,2929,1576,3660,1659,6582,6650,6203,7004,---4,7,7,4,5,10,7,6,7,5,10,3,
4523,6436,4966,4074,2251,3116,19,629,86,9338,2010,3198,---10,10,10,7,7,7,8,7,5,4,3,10,
7107,8262,8071,9673,2108,7312,3092,8020,5023,9660,7231,---5,2,7,7,4,10,3,10,3,6,8,
195,8339,7779,3273,9134,2531,5843,105,8505,1278,---2,3,9,8,5,6,5,9,6,10,
5318,7142,9035,4812,9725,4407,9497,475,1277,8421,---6,2,9,7,4,6,9,7,9,5,
2727,5480,9580,1290,5356,4845,46,5468,3453,---6,2,3,4,2,3,9,5,5,
4996,1800,4937,5710,240,8488,1721,7514,---6,8,8,3,2,8,5,6,
2883,8845,1395,2484,6360,4090,6525,---7,3,6,5,6,3,3,
3984,1795,9064,7214,2640,2685,9790,---6,3,7,6,6,5,3,
3138,2763,1899,3087,6354,5338,9276,---4,6,6,5,5,6,3,
8609,3076,9798,7721,2732,5010,8403,---5,3,7,7,4,6,5,
1632,5666,6211,6824,1100,3793,3794,---3,7,5,6,4,6,4,
2187,683,430,2198,5528,7161,6750,---7,7,3,4,3,7,7,
5184,7621,2924,4850,5499,7294,3583,---3,4,4,7,5,5,7,
4486,1803,6414,2197,7324,5797,6312,6976,2882,5323,5966,4818,6236,7901,1374,9189,2917,2540,1320,6259,756,7293,8063,---5,6,9,5,10,2,3,8,4,7,8,4,2,5,8,4,7,3,2,9,6,9,4,
6880,6780,7554,9188,7525,4359,6216,4457,9148,9679,2704,2536,9906,884,7189,6295,1338,847,1692,5086,6047,---6,2,10,4,3,10,5,9,2,4,3,3,9,10,4,6,2,3,7,6,9,
1760,544,9026,3723,1157,5367,3464,8109,1802,8491,1965,1949,624,8627,4181,1079,3151,796,9085,3134,95,---5,10,2,5,10,5,8,9,6,5,10,3,10,5,5,4,4,6,9,7,5,
130,2796,5190,7793,3752,5033,9546,7115,3820,4269,3438,7455,1361,5491,7604,8117,9783,7124,4895,3357,7807,---6,6,10,4,9,2,2,5,10,7,10,2,2,6,6,7,8,10,4,6,6,
5955,9957,3430,1127,3356,2858,4875,493,4879,3792,657,2706,1331,5974,7753,1305,7738,5820,5738,6367,---6,10,3,7,2,7,10,3,10,8,4,8,7,6,3,6,9,3,5,7,
7168,321,3619,2086,849,7752,3467,7148,6637,9179,1517,3281,9267,7165,2071,6968,7695,3869,6942,4067,---4,10,7,10,6,3,4,2,9,5,8,3,9,7,5,4,3,7,8,5,
3328,5313,4707,133,3750,7025,7017,5229,6478,653,7473,4658,1683,350,9240,3992,378,5439,6142,5855,---4,5,2,7,8,7,9,5,6,4,5,10,10,2,5,3,10,4,9,4,
5057,6946,196,8950,7175,860,7150,2098,7310,2223,6450,2868,4405,8406,8759,2682,1852,2878,2837,---2,8,8,4,6,8,5,7,9,10,6,8,5,8,6,8,3,5,3,
128,801,8836,2085,1409,7084,9521,2063,2801,5586,9939,2644,5877,9210,7039,5501,8062,2335,---2,7,2,10,6,10,4,9,7,9,3,10,4,6,6,10,2,8,
2352,5926,2630,903,8681,5020,231,8525,1358,6063,336,6035,4915,3796,2523,5645,3135,---3,7,6,7,8,7,6,6,2,6,5,9,3,8,10,2,3,
7553,9795,8676,1318,166,5639,6984,9450,7563,1676,7952,7523,8565,2998,8666,5886,8581,---6,8,9,5,4,6,2,10,2,4,9,9,7,4,4,6,3,
5697,66,6499,3303,2572,7263,6955,1772,6381,4014,911,2582,9657,2073,3403,2783,3039,---4,7,7,6,8,7,2,4,6,8,8,7,3,9,7,5,9,
4674,1773,3236,4775,9930,5035,8973,9262,4271,4760,5074,3829,4822,216,6009,2549,---3,7,5,7,6,8,4,6,9,9,6,5,5,8,5,10,
3041,8706,6500,3815,356,7079,274,6702,6319,5778,5238,6980,7487,3421,4031,---2,2,5,3,9,3,4,4,9,9,3,5,10,6,3,
7648,4395,8931,2692,9285,7207,6985,2987,9581,4080,9233,1685,6969,9789,---5,2,10,7,8,2,5,10,4,5,3,9,10,2,
3168,6017,2978,2651,1057,263,554,8079,8594,7892,4443,7996,29,8542,---3,5,6,3,6,9,6,8,3,10,3,7,8,2,
3553,3426,9219,9609,748,2509,1870,3887,4035,2741,7030,2935,5657,---8,3,6,9,8,3,7,6,4,8,7,7,10,
1570,6340,9446,2791,2409,4115,3509,917,9754,3199,890,3423,---3,5,6,6,7,7,2,4,6,5,7,10,
5627,102,6377,6666,7980,4622,1085,5489,3212,27,7530,7103,---2,2,2,4,9,6,7,8,9,7,7,5,
2785,5403,8205,5390,1938,7031,376,6649,5723,5629,30,4223,---3,4,6,7,6,6,4,3,8,10,7,5,
6403,1188,5802,1003,6509,2958,3663,9972,4478,1016,5979,8670,---7,8,2,8,3,7,4,5,5,9,4,10,
5570,9666,6564,7432,5549,4016,6547,9239,4696,5939,6778,---9,10,9,9,10,6,3,3,10,5,10,
8385,4522,311,2386,1421,3826,5651,3762,9590,2423,156,---2,2,10,10,9,2,5,2,10,10,7,
8611,8708,7269,9144,1355,1167,6257,5523,4053,9016,8655,---5,10,3,7,2,9,4,5,2,5,9,
5474,8771,6705,9416,7625,9387,4107,305,1621,40,1401,---10,10,5,8,9,4,9,8,4,2,7,
769,7355,3463,9257,9739,2189,9121,5453,7827,2075,---9,3,4,2,2,6,6,7,8,5,
6371,9961,4748,7791,7956,3958,5975,6584,9167,1309,---10,2,3,10,3,3,4,8,3,9,
1412,6533,6321,8775,2488,1234,5685,4246,8280,7582,---9,9,8,8,4,5,9,8,7,4,
4208,5445,9185,519,2476,2637,9264,9172,8756,6426,---8,8,10,9,8,3,2,5,5,2,
7968,5249,1413,5418,1974,1765,---5,3,2,4,3,2,
2624,1814,689,3122,2486,1125,---2,2,2,2,4,5,
6315,4362,9612,7181,7317,6679,7194,3867,3525,417,8616,9386,3243,4677,5981,9011,2615,9912,6331,6725,9161,6730,5713,1749,349,4959,9579,5745,2803,2168,---6,8,9,9,4,7,2,9,3,8,5,8,2,9,3,9,10,3,8,3,7,5,4,9,7,10,5,4,7,5,
3343,8593,17,3482,8091,668,6943,6052,4517,4903,2716,3760,4662,2235,5567,1986,9287,3790,4559,9047,4446,5521,2154,9070,5363,4597,2552,1018,7359,---5,4,10,5,7,3,10,5,2,6,2,2,5,2,8,8,10,3,7,9,2,9,10,10,8,3,5,5,4,
1922,8199,1289,7821,2702,1390,7065,2799,837,7234,1963,3632,5791,7746,7747,5189,2374,9293,5389,7764,8538,6365,4581,4974,8943,8688,4723,126,5247,---5,2,10,7,10,5,3,3,9,9,9,4,6,5,5,3,2,5,3,7,2,8,5,10,7,2,2,5,9,
5124,1162,5515,6284,2067,7962,9637,6568,1864,7091,1078,2751,8648,8394,8651,2896,3795,6614,8026,9573,4065,1253,8678,5740,1265,1010,7285,---5,3,6,6,3,7,4,4,2,7,6,7,3,3,6,6,10,3,3,3,5,3,2,10,9,4,3,
2947,7302,2441,5005,273,5788,7837,9891,2214,5929,1197,7470,4851,9654,1465,6075,9022,7744,9542,6355,3031,9821,7785,3818,3667,8169,---5,6,3,10,5,10,7,3,8,10,4,4,3,7,10,6,10,6,2,2,8,7,10,6,9,5,
6412,6419,5275,926,1058,3493,7462,2475,3629,307,7096,6202,3280,2772,5976,217,4827,8552,2412,4461,9966,1139,1270,4347,7806,---9,4,7,8,9,2,3,10,2,9,8,10,2,10,3,5,10,8,2,3,9,6,5,2,5,
1325,5396,1435,2346,9005,5814,9529,5435,9918,2625,4931,6597,9032,2642,1491,3808,3439,4464,6129,3060,8724,9980,---3,10,7,6,2,8,7,8,2,7,9,9,10,6,9,8,9,8,3,10,4,4,
6560,5313,1730,133,3750,3592,970,6478,9117,5520,3992,3328,6132,2158,279,9240,5370,3451,7914,6878,---3,5,9,7,8,8,5,6,7,9,3,4,5,6,5,5,7,2,10,10,
2720,2176,34,1635,229,3591,6473,1741,1102,5522,7155,3572,5653,4953,4569,4533,4626,6526,5237,---7,2,8,7,6,3,4,10,8,3,8,6,9,9,6,7,2,9,8,
547,7206,1958,3465,6954,3531,7961,6061,2353,9746,713,6197,8150,2425,2937,5658,1885,7166,---3,5,5,6,10,2,6,10,10,3,2,10,6,8,4,3,9,5,
9511,9922,9605,9991,9033,7527,8431,8464,7446,7351,152,2713,2330,8961,925,4766,6719,---9,4,4,7,6,8,5,7,8,2,5,4,2,3,2,4,4,
9504,3248,6659,9284,1094,1001,7370,7373,9661,6192,9653,5366,1082,4635,4154,415,---3,2,6,5,5,5,9,5,8,5,2,10,2,8,4,5,
1344,9761,8355,9412,197,6087,8360,5130,7215,3409,5557,4664,6264,5295,1728,---4,9,4,4,7,5,7,7,10,8,7,7,10,3,3,
5410,4292,7591,1340,9514,8781,8945,8242,5110,4887,8376,4539,8572,9021,---4,6,9,9,7,10,8,10,4,6,2,9,3,5,
8514,997,9734,7015,2955,8012,5901,3728,1715,2265,5307,7068,734,7871,---8,7,2,5,8,10,8,5,2,5,9,9,5,6,
7136,834,5060,7365,1768,7978,2927,8050,8916,2873,6683,9149,3167,---5,6,4,5,6,8,9,8,10,5,10,6,6,
2081,9859,4261,551,8424,5355,5677,3118,8685,4437,2648,5145,9339,---9,5,9,5,2,9,9,2,2,3,10,5,6,
7110,9158,2730,9451,6477,7566,7760,8369,435,755,4254,8703,---8,6,9,8,4,7,5,3,10,7,2,6,
2178,8566,999,7500,4524,8910,4755,4310,4919,184,379,1637,---5,4,4,8,7,4,5,9,8,3,2,2,
6498,699,4132,6089,2254,2511,8624,9203,4276,6486,8804,7771,---5,4,7,6,9,9,6,7,4,6,10,5,
5825,3490,1174,6215,3788,2603,9068,1043,1268,4502,7767,3994,---9,2,4,4,2,10,2,4,3,3,4,9,
625,4746,8279,4465,467,214,5783,5240,7290,7517,318,5983,---2,4,9,3,5,8,2,10,10,8,3,8,
1249,9090,6918,969,4138,2253,2607,4848,1494,9687,6043,---6,5,10,3,10,2,6,2,5,3,6,
161,8070,3816,4201,7882,2094,4367,8086,8986,6907,2911,---6,9,3,9,6,8,7,2,2,6,7,
1511,1864,5226,588,9583,9616,4106,2067,1269,9750,3613,---5,2,2,9,3,4,9,3,5,6,10,
7202,8195,1640,3502,2467,9950,3319,8221,5278,6389,---8,3,10,4,3,4,7,7,5,10,
6914,8067,4103,6380,8686,4307,6964,7575,2650,3292,---10,9,9,9,5,7,8,5,4,9,
707,1510,264,2876,4173,3150,5232,7282,3000,6812,---4,8,5,2,6,4,7,9,8,10,
3683,4741,8137,1883,8780,7601,1490,8441,635,636,---5,4,7,9,6,10,4,3,10,9,
6149,6602,1547,6796,7439,1488,1300,1333,3390,---9,2,3,7,3,8,6,5,4,
736,9889,6181,5934,7087,3729,344,5786,---7,7,6,3,3,7,6,4,
4912,8546,3782,1158,4874,6224,6397,766,---5,2,8,5,3,7,5,2,
9156,7847,9491,3817,4690,6899,724,132,---4,2,4,8,5,2,8,2,
6563,869,4236,5646,8880,2126,9852,---2,2,5,6,2,3,6,
2273,1455,9329,6740,1115,444,191,---3,4,4,3,5,2,3,
1474,3279,7541,4634,3772,3674,---6,2,4,4,4,2,
3433,1682,3669,1054,4543,---4,4,5,3,2,
5752,1816,370,1948,2938,---2,3,2,2,2,
4416,6625,9322,6771,5431,---5,3,4,5,3,
9984,2566,1546,7056,8977,8722,6036,5909,6554,9953,6815,8608,8227,134,4263,6072,5819,394,4288,1350,1121,456,6615,985,1505,1638,4455,1901,8562,6645,3960,3833,5374,---6,7,7,9,7,3,10,7,10,8,4,3,8,10,8,6,6,10,2,5,7,2,5,5,10,3,6,8,2,4,5,9,7,
7171,6998,7430,3083,5132,4749,5265,9236,4893,289,3375,1593,8159,6333,9667,4678,6349,3155,1237,9942,2138,7647,2401,2918,487,5994,9967,6995,6773,7188,2174,2431,---3,3,6,9,3,6,6,4,5,4,6,4,8,5,5,4,5,6,4,4,5,3,10,2,8,3,7,2,4,8,4,6,
2,7427,8327,2825,778,8338,4995,2709,923,2462,2464,4386,5671,4650,1083,1856,9286,5196,1235,7386,7643,2674,6004,9591,5880,4475,4860,637,---5,8,9,8,3,9,3,5,7,7,9,5,8,9,6,9,3,2,10,3,5,7,7,8,8,8,2,7,
4759,3216,8039,1812,1303,7587,5927,9265,4019,953,4666,7114,3776,6724,9541,3146,4304,1106,7508,121,6630,2919,8553,9703,1647,8788,8053,3668,---6,6,10,9,5,6,5,2,4,6,8,8,4,8,8,2,8,8,10,2,9,9,5,4,3,6,4,4,
6400,9736,9880,8974,2448,2712,3480,2461,5407,3503,432,1928,2610,1845,55,4025,9923,4548,9545,2773,4061,6622,3807,4960,5746,3455,---6,3,7,6,8,5,6,10,10,3,2,3,10,6,5,10,9,3,5,9,9,4,6,5,9,6,
6801,4629,7831,4508,2589,7588,9003,1581,9394,5555,5300,2999,4423,3145,3532,717,6096,7122,9430,2017,4113,6120,4330,363,8959,9237,---9,5,10,3,4,7,9,2,7,3,10,7,5,8,5,3,3,2,10,7,9,5,5,6,2,4,
2688,7303,9228,2450,3617,3931,4029,2237,1729,8795,4804,8005,5193,5210,1627,4958,1123,6760,745,7023,8680,5496,---10,8,5,3,5,7,3,4,3,3,2,8,4,2,3,6,5,7,2,4,6,6,
515,1292,3229,4767,5807,8886,3257,7229,6855,3016,6988,9037,5200,3001,865,3428,2277,3434,9963,4852,7286,1147,---4,2,8,9,8,8,4,3,5,3,3,10,6,10,2,9,9,2,3,6,9,9,
8715,5415,1443,8516,5957,4967,4616,1545,8933,7751,1132,3374,2979,1751,7734,7013,1700,9207,426,9740,7679,---7,6,8,9,4,9,6,6,7,4,3,2,6,10,7,9,10,5,6,9,3,
192,8705,3618,5027,1664,8727,844,4274,7822,7389,5362,2739,6775,9911,6660,5412,2778,6171,7740,2333,6654,---8,10,7,3,4,7,5,6,2,2,4,8,4,7,8,8,10,3,8,8,2,
8190,7521,3554,5495,9217,5733,4225,6217,1962,11,4333,4499,2084,7445,3702,804,8162,4697,1661,1950,5301,---9,7,2,4,7,6,7,5,3,10,4,6,7,5,10,4,9,3,8,2,9,
3776,7587,6724,9541,6630,8039,5034,6699,9388,6189,7114,5927,1106,1812,9429,9046,953,7739,5405,8894,8053,---4,6,8,8,9,10,4,2,3,9,8,5,8,9,7,4,6,9,8,4,4,
4864,4033,4866,7478,9989,8240,8093,3581,5932,5838,1199,3440,9361,2675,5620,5654,7444,3195,6292,6686,---6,4,10,9,4,2,9,8,8,6,6,4,8,3,4,7,2,10,10,4,
6944,7283,1988,1189,2246,7662,6854,5176,9074,7699,9749,6999,7192,959,2363,4156,6246,8734,1925,---3,9,7,8,6,6,10,3,6,5,5,10,7,6,4,8,6,3,8,
5440,4898,6891,5669,328,9898,5867,7417,3501,9775,1035,3170,4823,7833,5466,8827,6890,2111,---10,6,2,4,4,7,5,4,8,3,2,9,2,7,3,9,3,9,
3714,1041,7493,5009,8104,3881,8872,5102,655,753,7893,8687,4856,7545,3066,4859,1213,2271,---9,5,6,2,9,5,6,9,9,3,2,4,5,2,5,5,8,6,
7360,5760,8484,773,7105,9800,3049,7463,4620,3950,7520,1940,1471,8036,763,9180,7390,8901,---7,6,7,5,3,2,3,5,10,3,7,2,3,6,3,8,4,5,
3136,1792,634,5702,7656,8939,654,6223,2544,3443,4054,7639,7994,8379,9887,3546,7781,---2,9,4,8,8,7,7,6,6,10,2,3,7,3,3,7,9,
3074,7459,8485,7083,4396,6391,2860,7629,8269,9615,450,6091,9614,9111,5114,8125,62,---10,10,7,3,2,4,9,3,10,4,3,9,7,7,6,3,7,
1537,2691,1706,9543,8362,3218,558,2002,1539,9140,6165,1879,1368,270,4978,1886,---6,4,5,5,4,10,10,7,8,10,9,5,7,5,2,10,
6277,7670,5687,3567,7921,7570,3827,886,2583,1433,90,315,157,6334,703,---5,10,8,2,3,7,3,10,2,2,4,3,10,4,6,
577,579,5670,6183,9320,8013,4815,9458,6979,9630,6966,5655,7322,1690,8638,---5,7,8,10,10,3,8,6,9,7,2,5,7,4,9,
640,3300,4837,681,2318,4433,595,2612,4030,5078,9146,8862,2429,1502,1029,---4,9,10,3,4,5,10,6,7,2,4,5,4,9,10,
7106,9539,8646,359,2024,2322,7367,626,2125,1008,722,4988,8445,6014,---3,10,9,2,3,3,7,3,8,6,4,8,7,4,
8896,3330,7748,9576,3597,9997,4657,9683,1909,760,1849,6895,573,9598,---4,2,4,5,2,6,3,6,3,3,10,7,10,9,
6813,3107,8840,2121,5514,3724,4685,2415,2032,468,3860,116,1469,1215,---3,8,2,5,5,5,3,5,2,2,3,4,9,6,
770,9860,4293,4199,7592,7676,620,6082,9308,4147,6262,9273,892,5917,---3,6,2,2,4,9,10,8,7,9,7,9,2,10,
3574,2345,8908,4654,5935,6960,1203,6037,6870,5913,7610,4828,7965,---10,9,10,6,6,3,9,8,6,4,7,3,6,
5248,2273,8834,4483,8214,7964,106,781,4051,2902,2040,9820,191,---8,3,6,10,3,4,5,10,2,8,10,10,3,
5988,9318,3945,6282,9744,1492,3765,3448,3029,4316,830,1151,---10,10,7,10,3,8,5,8,7,2,5,3,
4880,8038,1734,1097,8299,9392,9076,9279,8923,8637,7519,---8,7,8,8,4,10,2,3,6,8,2,
4736,1154,4111,2449,371,8692,9399,5016,8665,7059,4415,---6,10,6,6,8,4,5,7,8,7,2,
4736,5128,2923,4111,371,8692,8665,5016,4121,158,4415,---6,6,5,6,8,4,8,7,2,7,2,
3168,929,3746,9312,8079,7892,5728,5818,2651,7996,29,---3,5,7,5,8,10,6,8,3,7,8,
8200,3594,2253,2607,1360,2225,9231,3539,9435,1450,63,---8,2,2,6,3,7,9,8,6,3,6,
6819,163,4599,9193,43,5197,8016,6707,4534,9367,4727,---5,4,6,7,6,6,6,10,9,9,6,
4130,8488,4937,138,2157,8712,9845,1014,6007,1822,---10,8,8,4,6,5,6,5,10,7,
4164,9729,1284,6088,1129,1708,5840,1204,8633,8186,---2,7,9,9,4,3,6,10,6,5,
5376,9804,1386,5995,4940,2639,8336,2743,1467,8607,---10,10,7,9,6,10,3,8,5,6,
4481,7270,5095,104,5004,5101,8723,5556,6071,2143,---9,9,9,3,4,6,3,2,6,8,
5730,6022,4071,2541,6829,5263,9778,662,399,2269,---9,6,4,4,2,4,7,3,5,5,
2019,6024,4617,6921,6094,8412,8247,1628,381,---4,5,5,8,2,7,5,5,7,
4865,4135,3662,816,2387,2580,8251,7804,---2,3,3,2,2,5,2,3,
8451,2117,6648,9251,8821,8856,9115,4444,---7,2,7,7,8,4,7,4,
5344,704,5954,1444,933,1528,9593,3580,---4,4,6,3,6,2,5,6,
6496,7651,7524,2543,471,9791,---2,3,5,4,4,6,
7724,6722,4764,6226,9695,---5,2,2,4,4,
7872,7127,380,5805,3117,---4,4,3,3,4,
3689,3093,6518,4519,---4,4,4,3,
8344,6697,5594,4842,---3,3,2,4,
4241,7597,3069,2471,---3,4,3,3,
5379,2418,2435,8733,---4,4,2,4,
7448,5925,6110,2007,---2,2,3,3,
4018,1643,909,3326,---2,4,4,4,
8962,4099,7298,142,145,8323,8983,3865,8991,676,2087,2268,4402,9524,4191,829,2494,5055,9672,3295,1486,7763,9817,7386,8668,4575,9568,8557,1779,---3,3,3,2,5,4,10,10,10,6,6,5,4,3,8,4,9,2,2,8,7,7,3,3,4,4,7,6,3,
4738,2184,8713,5529,928,418,296,7596,9651,8884,8118,9376,7362,8774,8136,6233,6370,7907,5734,8422,8042,6635,8045,2547,757,6902,5751,---6,4,5,6,6,2,8,10,3,7,2,4,8,5,5,9,9,7,8,2,10,2,9,5,9,2,3,
6402,6675,533,9173,2206,9762,1831,8672,3126,2496,3936,67,9671,590,1615,7376,5842,8782,4567,3801,732,9696,7139,8554,3822,4991,9215,---10,4,5,7,9,6,5,8,3,5,2,6,5,9,7,10,6,6,2,2,5,8,4,2,2,2,5,
7430,3964,1294,4243,7188,8735,3105,9123,6309,5672,7343,3636,6333,2626,2643,9942,1273,9050,4713,875,5360,5622,7799,9081,8060,---6,2,4,4,8,4,9,2,9,3,6,7,5,8,5,4,2,7,4,5,5,8,3,4,4,
5892,2310,5258,6159,6298,2079,7735,6073,159,9155,9540,5061,7494,1224,209,8761,2959,6364,1373,9823,2662,5862,4970,7917,1775,---5,4,7,8,3,10,4,10,3,3,2,9,4,5,3,7,7,3,5,8,4,4,4,8,6,
7426,2568,9738,4881,9243,9122,2852,6567,821,6326,4535,8508,693,833,1218,454,8521,5987,3929,9315,740,5222,9745,9578,---8,4,8,9,6,7,10,4,8,5,7,10,4,6,9,10,3,2,3,8,6,6,10,7,
129,6279,9227,5779,8990,8866,5030,9646,9520,6201,708,4298,6868,8024,6881,9314,1513,5866,7421,7636,1148,6506,9214,3071,---5,10,4,6,10,7,2,8,6,5,7,5,8,7,9,3,10,7,8,8,5,3,9,10,
2819,2064,5781,3998,7713,7856,5684,2872,1214,1602,5834,7504,6353,6098,6328,9952,5224,3325,8307,8510,764,7677,9365,---9,7,3,5,4,8,3,3,7,3,4,6,8,3,8,3,4,8,5,7,3,8,3,
3085,1942,6425,798,1448,1590,9271,2747,4669,3774,1857,8520,9810,5717,4571,7264,7381,9829,8807,4332,5616,9842,639,---4,5,10,2,4,8,10,5,5,2,7,2,5,7,8,8,6,4,5,4,7,4,6,
3328,133,3592,9482,6027,3992,279,9240,9117,3750,1081,5439,5313,1730,6478,6878,4707,7017,7914,5229,7025,3451,---4,7,8,5,10,3,5,5,7,8,7,4,5,9,6,10,2,9,10,5,7,2,
8962,6212,6021,4454,2087,9704,5001,8557,3295,592,8241,4402,9524,1205,9078,9705,9785,4191,7298,125,8991,---3,6,10,10,6,9,5,6,8,6,9,4,3,4,7,7,4,8,3,6,10,
6113,4355,9861,2406,337,2339,8921,5719,749,8590,9584,7985,1603,4660,7502,758,8899,1720,185,9371,8319,---9,5,8,4,4,2,8,9,9,10,4,5,2,4,7,9,2,8,10,5,10,
6529,8450,710,2182,4748,9099,428,6274,4302,815,3953,1330,1716,2516,5902,7956,500,3226,5467,3868,---6,5,10,8,3,3,7,4,5,4,2,2,9,10,4,3,3,10,8,9,
3776,4304,2919,7587,1106,9541,6630,9703,7114,5927,3922,4560,2290,8039,3668,8053,1812,57,953,6724,---4,8,9,6,8,8,9,4,8,5,2,5,6,10,4,4,9,4,6,8,
9299,8643,5221,6929,7443,4394,9452,9486,4318,6577,7219,5876,2901,7383,5400,4665,4116,1276,6078,9621,---9,9,8,6,10,2,7,7,9,4,4,9,9,6,2,9,9,3,5,8,
1952,2017,7435,4048,4629,3145,298,9003,3532,6096,7122,5300,9237,9430,548,363,4508,2589,2014,8959,---4,7,6,4,5,8,6,9,5,3,2,10,4,10,3,6,3,4,3,2,
2587,8068,4614,4710,5223,6077,1674,6059,6573,4847,5770,4917,3047,1976,175,2748,3773,1630,6623,---4,10,7,8,10,8,8,4,8,7,9,5,4,5,9,6,3,9,8,
1184,4032,9155,8004,5061,2310,6159,1775,5258,7340,7917,4527,5905,7942,2419,8761,159,4970,9823,---9,10,3,5,9,4,8,6,7,2,8,8,6,7,6,7,3,4,8,
6656,9856,9987,8869,3777,5737,299,5900,4813,9839,2320,3551,6804,4982,695,7353,607,3327,9445,---8,6,4,2,3,10,5,2,3,4,5,9,9,9,10,7,8,4,5,
9954,5092,5009,1192,8872,7438,1393,7816,3442,5716,7893,1041,6521,987,7709,7678,3368,---2,9,2,3,6,10,5,7,5,8,2,5,7,5,9,9,2,
5057,7715,6628,230,7850,2029,7310,7117,6256,3475,4405,8950,1389,4088,9177,3132,3102,---2,9,6,8,3,9,9,10,2,8,5,4,8,9,7,9,6,
3169,4667,5159,9377,875,8530,9007,9168,6258,819,6453,7926,1273,3386,1371,1052,---3,7,7,10,5,6,3,2,5,5,3,2,2,8,3,8,
1473,7426,1579,4836,5222,8006,3367,9931,9166,2575,7697,5493,665,9071,6703,2299,---3,8,2,7,6,8,6,2,2,5,10,6,8,5,2,3,
1984,2816,4165,2951,4425,7434,871,1484,8717,9425,4202,8568,7387,2557,862,1823,---7,4,4,2,9,2,4,5,6,7,8,3,7,10,5,3,
3556,7626,5643,7742,6896,6835,6388,5813,9815,7000,7641,6586,4955,9981,8766,9471,---8,4,8,4,5,4,9,3,4,4,2,10,9,3,8,2,
6912,3042,7547,7719,9449,2444,4914,8879,114,7957,6583,25,1818,3695,9274,---8,8,3,6,4,9,2,10,6,8,3,3,3,3,6,
2595,5284,5099,5732,5490,9107,1302,1175,473,5402,1919,700,8317,7006,7967,---3,4,7,2,4,9,7,2,6,9,10,9,3,10,7,
3075,8291,4197,8230,6056,4012,6765,3699,5236,3742,3864,9437,5246,1733,---4,4,3,8,9,9,3,9,2,4,6,7,5,5,
8960,2528,6459,8580,1446,2054,6251,398,6130,7027,6806,8120,3131,5916,---3,2,4,4,7,9,6,6,6,7,7,7,2,5,
3712,4193,2658,8371,2118,810,2638,7792,1267,1717,5978,7388,6099,---5,7,9,9,9,5,4,3,10,10,5,4,2,
5089,2402,2275,9958,8072,3275,9421,2321,244,5269,9372,3422,2965,---7,5,10,9,7,5,2,5,7,6,10,8,6,
3496,1091,8390,5896,490,8015,113,4211,6069,1596,861,7934,2975,---5,10,8,8,5,4,3,10,9,2,10,7,10,
2849,5282,7940,2245,9799,1835,8285,1424,1905,497,4886,6263,1405,---3,5,2,3,3,6,5,6,4,10,5,4,5,
5088,9058,6949,9352,6538,9135,6641,9426,8851,2042,6250,6655,---9,10,5,3,8,8,9,5,10,2,2,7,
8930,3206,8234,2859,7020,5551,6288,9588,4952,4858,5277,9791,---7,9,5,3,8,7,7,7,7,8,4,6,
4261,6118,551,8424,3497,8685,597,6200,5874,4437,2648,5605,---9,7,5,2,5,2,8,2,9,3,10,2,
8740,6311,264,3499,8396,4173,9992,5232,3576,3000,7768,8958,---9,5,5,2,8,6,9,7,3,8,7,2,
2432,5377,3297,3402,2795,6721,4473,8088,8473,2265,413,---5,3,2,5,10,4,2,9,10,5,7,
1601,9393,9098,8279,2190,4465,4374,5783,5240,7578,7132,---7,10,8,9,8,3,3,2,10,7,10,
9893,2727,8232,5609,1290,3276,5480,437,9659,5468,3421,---2,6,3,6,4,10,2,10,9,5,6,
8548,4741,8137,2605,4529,1490,8441,3876,635,5150,7071,---2,4,7,2,7,4,3,5,10,10,3,
1504,1921,2786,1955,7876,5478,776,3530,4751,6041,5354,---10,7,9,3,5,7,4,4,4,8,7,
8656,2950,232,5225,3152,6579,4375,3260,4382,1663,---8,3,4,8,6,9,7,7,4,9,
1089,8482,4772,5864,5547,7330,463,8275,8054,1527,---5,10,7,2,8,5,7,2,10,2,
2491,3524,3461,6631,2153,4561,6805,5833,601,233,---8,10,4,3,2,10,9,4,8,3,
5569,5218,2915,8870,2278,5897,7043,8697,347,6620,---2,10,10,8,9,5,5,7,8,7,
6275,8742,4971,7249,8306,2613,6166,4824,8223,---6,4,6,5,7,5,2,7,5,
7619,4073,8876,3502,3823,2814,8221,9950,---4,7,5,4,4,3,7,4,
5634,7875,3654,7981,7407,8914,7835,---7,5,5,7,6,7,5,
1755,618,3506,3923,9944,9531,5663,---3,2,5,3,2,4,5,
1387,2668,5893,6214,5335,---5,4,5,4,4,
408,2577,9165,9742,7783,---2,2,5,3,4,
8008,7408,1684,9477,7534,---4,5,5,3,3,
8992,2818,5750,7495,---2,4,2,3,
99,499,462,7142,---4,3,3,2,
1600,505,5253,4999,---3,2,2,4,
2035,2046,9502,---3,3,2,
6001,7203,5982,---2,2,2,
1112,4592,7394,---2,3,2,
9479,1417,8202,9867,2701,3214,527,656,5907,2089,1177,3228,672,6049,1059,8361,8494,4015,3378,3511,9272,9400,6205,2677,8135,5832,1335,7374,8401,2011,6244,2663,5868,5749,3445,4598,631,6905,8767,---10,6,6,8,10,7,5,2,3,9,4,2,7,3,4,2,5,10,9,6,6,4,2,2,9,10,10,8,2,8,6,9,5,6,4,3,10,3,7,
4740,3077,9223,6252,5515,7311,6289,9370,3973,2976,4003,9607,6317,5552,3250,7285,8765,2751,5953,9411,6344,1228,8526,9807,3795,859,1253,4578,9573,8678,4072,2028,1265,9589,---2,6,7,3,6,6,2,10,4,9,5,10,9,7,6,3,2,7,9,6,2,9,5,6,10,10,3,6,3,2,4,7,9,4,
8967,8975,5524,5270,1943,793,4636,8737,6363,3109,1063,8988,6445,814,7357,583,2039,8270,8783,2770,5332,8922,6479,4194,5604,6122,5483,8428,9844,4855,3707,1697,---4,9,3,3,3,8,10,10,9,6,2,10,10,2,8,3,9,9,4,8,7,2,9,8,6,6,5,5,2,8,5,6,
1920,1666,1540,647,9608,3081,3982,25,1818,4124,5155,7916,2215,8879,4914,3763,6583,9274,3520,8515,3012,9527,7758,3042,8041,7719,108,8304,2034,4339,3321,---2,2,4,7,9,8,5,3,3,5,3,3,2,10,2,4,3,6,6,5,6,2,3,8,4,6,4,10,8,2,8,
2817,7300,6794,7054,911,5137,9363,6936,2971,35,5668,1317,3751,7082,6955,6190,9657,2621,2507,8138,7371,9548,8021,7332,351,3303,3565,---9,10,4,3,8,8,9,8,5,7,8,6,9,3,2,6,3,7,10,6,3,4,5,3,6,6,10,
7046,577,5512,5655,9630,3620,4262,6183,7722,3759,4145,565,5185,6979,4936,8013,8143,720,8789,4951,2404,5670,9320,2285,8049,9458,3157,---2,5,8,5,7,7,4,10,5,8,10,6,4,9,2,3,7,10,7,3,7,8,10,6,8,6,3,
5396,3612,1186,5542,2346,2095,5814,3060,5435,9918,4931,9032,5198,2385,2642,1491,6742,9529,2653,3808,8166,6762,4464,5492,9464,9980,---10,6,2,8,6,5,8,10,8,2,9,10,2,3,6,9,4,7,4,8,7,4,8,4,10,4,
9963,1164,7694,6297,2460,3229,680,4594,5807,8886,3257,2490,2623,6720,3144,7881,8014,5200,3001,865,4708,2277,3434,7147,242,7286,---3,2,7,10,5,8,7,8,8,8,4,6,10,8,10,4,5,6,10,2,2,9,2,7,2,9,
7424,8705,5252,8727,5273,6171,2333,5027,5412,2854,6440,4274,2739,1664,3392,3009,8391,7389,361,5362,2548,245,6775,2043,6654,---5,10,6,7,10,3,8,3,8,3,9,6,8,4,10,2,4,2,4,4,8,5,4,4,2,
2819,5386,7179,2064,9365,542,9130,1323,4144,3381,6328,8124,1214,1602,2757,5834,6353,5753,7677,8307,4985,764,3325,894,5781,---9,6,8,7,3,4,4,2,7,7,8,5,7,3,5,4,8,7,8,5,9,3,8,7,3,
6016,427,8074,783,5784,8987,6046,2597,9899,5170,4787,5302,2252,9549,2383,9808,8532,2525,6368,1506,8932,5097,7666,4215,---9,9,2,8,10,3,9,4,3,5,4,2,5,6,8,6,7,3,3,6,6,10,9,6,
3840,3084,6799,7512,7406,7703,7113,6516,5951,5826,5321,4171,9421,3555,1240,2781,5089,994,9059,9958,8043,4590,244,1781,---2,8,4,10,5,8,9,6,8,6,7,2,2,8,2,5,7,7,4,9,8,4,7,6,
129,6279,9227,1678,5647,8990,9646,9520,9655,6201,6506,4298,2508,7636,735,6881,9314,5866,501,6868,7421,9214,3071,---5,10,4,4,6,10,8,6,8,5,3,5,10,8,9,9,3,7,8,8,8,9,10,
800,6689,1708,1284,1541,5158,9729,6088,5065,1047,1548,6830,7503,8272,5800,5044,5291,4854,2103,9113,954,---9,5,3,9,9,5,7,9,7,7,4,9,3,8,6,2,4,2,5,2,4,
4544,2721,7778,1307,7493,8097,492,7431,9004,2989,4878,1853,6160,4179,8660,5339,2744,7545,9723,1213,---4,4,4,7,6,10,5,3,8,7,10,8,8,7,10,4,10,2,2,8,
8544,7333,322,3481,854,9063,1064,234,2059,9932,9261,7891,8372,2294,3961,7224,2867,6235,5469,4287,---9,10,7,7,6,6,4,4,8,3,9,8,2,8,10,10,6,7,10,6,
9504,3938,9347,1380,1094,7465,4183,7373,9998,3313,6578,9653,6678,1001,4409,4154,4635,9757,415,---3,5,7,4,5,2,8,5,3,8,5,2,10,5,9,4,8,6,5,
1347,3044,2213,5543,7849,3914,2315,7757,8177,4724,7306,8855,8857,2279,7451,3709,2366,3839,---6,3,3,7,10,6,9,7,4,10,4,8,6,5,10,10,7,2,
865,515,7286,8167,3434,9963,6988,5807,5200,8465,4852,8886,3257,3001,2490,1147,3229,2277,---2,4,9,7,2,3,3,8,6,6,6,8,4,10,6,9,8,9,
9600,3903,259,777,7403,6125,557,9297,7698,3348,1878,1048,6458,314,2588,4541,8351,---9,2,5,6,8,2,3,2,5,4,7,2,8,2,5,7,9,
8897,4,807,4712,2364,42,1067,6575,560,5361,7316,3191,5208,5306,495,4247,8127,---3,8,8,2,10,6,6,9,5,6,2,5,6,7,6,10,4,
7152,5169,1097,4170,5099,3436,109,8462,3261,4880,1809,9076,6838,8923,8637,2669,7519,---9,8,8,3,7,6,6,5,9,8,5,2,10,6,8,5,2,
5920,7937,1794,4643,7044,9190,5153,3090,1843,3444,1333,5558,1300,2810,4699,6494,9343,---2,10,2,5,8,5,8,9,7,2,5,7,6,10,4,2,2,
8416,7841,7243,2423,5831,9865,650,3767,1421,5421,4112,3826,6871,1336,2347,6714,156,---5,4,9,10,9,6,7,7,9,6,3,2,3,2,2,10,7,
8288,6307,4100,1797,8326,5143,3406,7185,3186,6451,660,1015,1848,3332,5050,8606,---10,9,2,5,2,6,9,5,8,9,6,9,9,8,9,9,
9220,1798,455,5192,331,1200,2216,8787,2357,7798,8569,8856,9625,7354,9115,5287,---3,2,6,2,10,10,7,3,3,5,7,4,10,9,7,5,
3233,7971,7299,7622,7718,6505,4207,24,2675,6292,7478,2968,5849,250,8093,7935,---10,5,6,6,3,9,10,4,3,10,9,4,10,8,9,4,
6128,8930,1604,5767,6284,8394,4167,7020,6288,4952,3032,7416,9791,6811,6462,1407,---4,7,2,8,6,3,10,8,7,7,2,10,6,2,4,9,
800,5840,738,9636,1284,9729,6088,7081,1047,1708,5773,7503,9360,5800,5879,4164,---9,6,7,9,9,7,9,5,7,3,9,3,6,6,8,2,
5984,8560,2521,6883,5861,7238,4679,7883,6735,3824,9827,6644,503,8825,6688,8805,---4,5,9,8,9,2,3,6,3,9,5,7,7,7,9,5,
352,3585,4964,325,5062,1,3274,5002,1326,545,7032,5497,8458,5883,8938,8255,---9,2,8,8,8,7,9,9,10,9,4,4,4,4,9,4,
4772,3734,3687,2604,8298,3659,8335,9551,3952,5109,463,2487,9348,1527,9935,190,---7,2,8,6,4,2,8,3,7,6,7,10,5,2,8,8,
160,8129,3906,5828,9249,425,1354,4141,8432,5747,7870,1941,6842,2522,2430,1279,---3,7,9,9,8,7,8,10,2,7,6,10,3,4,9,10,
4899,3653,9094,199,4649,6791,8108,1357,9647,4432,8341,3158,5769,4187,1439,---6,2,6,8,4,2,4,9,9,9,3,2,7,2,3,
6660,2886,9415,5992,9911,813,7822,4817,8210,8149,9913,2980,154,6268,2778,---8,7,3,8,7,5,2,4,7,5,8,10,10,9,10,
928,3873,5734,8559,3306,6635,7341,4628,1743,7539,8884,6233,5529,9595,3230,---6,10,8,10,5,2,4,6,2,2,7,9,6,5,7,
8896,3330,3078,9576,3721,3597,9997,4657,9204,1909,8541,4668,573,9598,---4,2,10,5,6,2,6,3,3,3,3,5,10,9,
4738,4322,7907,2166,8042,6635,7596,8045,6902,7218,2547,4758,8118,5751,---6,4,7,5,10,2,10,9,2,9,5,10,2,3,
7520,7105,8036,7463,9800,4620,3950,751,4913,1940,5760,9180,7390,1471,---7,3,6,5,2,10,3,2,10,2,6,8,4,3,
7168,321,2086,3281,3467,7148,6637,1517,6968,2071,9336,2140,3869,849,---4,10,10,3,4,2,9,8,4,5,8,5,7,6,
2489,451,484,7047,4779,6924,5461,8470,791,664,4857,8155,4380,2110,---3,6,9,5,2,10,3,2,2,5,10,8,3,10,
3556,6281,5643,7742,6896,6835,6388,5813,7000,7641,6586,4955,7454,9471,---8,6,8,4,5,4,9,3,4,2,10,9,7,2,
336,2523,5028,2630,8681,8525,2352,9909,6358,3385,6361,8570,6267,3135,---5,10,3,6,8,6,3,5,5,7,5,10,8,3,
2977,866,3462,4680,4162,4781,4816,1201,4946,2324,4104,8119,9487,4862,---5,5,10,9,10,2,8,5,8,3,10,4,7,5,
3360,8224,7107,5380,8468,4809,2410,9355,9964,3021,687,2100,3092,7231,---7,10,5,10,3,10,10,8,9,4,4,9,3,8,
1058,3493,7462,433,6419,2475,6412,4461,9966,8552,7507,1270,7096,4827,---9,2,3,7,4,10,9,3,9,8,9,5,8,10,
8897,4325,807,42,1067,6575,560,9459,4438,4247,5208,5306,8700,---3,2,8,6,6,9,5,3,2,10,6,7,9,
7136,834,7365,1768,7978,5070,2927,7472,9398,965,6683,9052,3167,---5,6,5,6,8,5,9,7,5,4,10,8,6,
8580,136,5916,6251,398,6130,7027,1844,1902,6806,8120,6459,2236,---4,8,5,6,6,6,7,6,3,7,7,4,5,
736,8354,5317,4582,4808,6633,1226,5934,7536,3729,9523,6840,3967,---7,6,4,8,9,10,7,3,3,7,6,7,10,
2370,5188,3332,9159,1193,6700,7538,3406,7346,6612,660,5050,---8,9,8,4,8,4,8,9,8,2,6,9,
9732,7894,3398,8266,8784,4435,3638,3545,2746,2118,3978,182,---10,8,6,2,7,2,3,10,10,9,7,10,
3008,4555,6885,1574,7337,9003,7122,9237,8410,363,3324,2589,---3,2,3,4,5,9,2,4,3,6,8,4,
0,6113,8899,749,8590,1603,4660,5719,1720,9371,477,8319,---8,9,2,9,10,2,4,9,8,5,10,10,
5088,4038,3882,5003,5230,9135,7664,9368,9426,440,1468,9087,---9,7,2,3,4,8,5,9,5,7,2,3,
4229,9196,1165,5775,9876,8023,6617,7066,3035,2780,254,8261,---6,5,2,6,3,6,7,7,4,9,7,2,
969,9994,7255,1580,2735,8592,8030,9017,3161,6043,5789,606,---3,5,5,2,6,5,3,8,3,6,10,3,
8448,8366,7370,1356,5018,9661,1522,6772,4494,6394,1082,---6,6,9,6,6,8,7,3,10,5,2,
8208,123,7909,2657,6376,3401,6285,4400,3856,4949,795,---5,4,7,7,3,4,5,9,9,10,3,
5314,451,8470,4779,6924,9131,8815,2678,664,4380,7902,---10,6,2,2,10,10,5,2,5,3,3,
4034,8420,4583,5037,9582,2995,9559,4376,2777,7098,4735,---4,10,6,3,10,7,9,2,10,3,2,
1296,3610,4935,3851,9712,6512,2426,8826,3003,5661,2047,---9,9,5,8,2,8,2,9,4,5,2,
1186,8166,5542,7531,2095,2385,5492,1807,3612,2653,---2,7,8,5,5,3,4,3,6,4,
7136,834,5060,1768,2287,8050,2196,2873,6683,3167,---5,6,4,6,3,8,6,5,10,6,
4741,8137,7693,9326,2129,1490,8469,8441,5305,635,---4,7,7,6,3,4,10,3,9,10,
1122,7973,4648,6861,8400,8183,4441,9402,6332,5726,---5,3,4,3,4,2,3,6,6,9,
801,8836,1409,2063,9939,2644,3861,9210,8062,8191,---7,2,6,9,3,10,9,6,2,2,
7205,8945,9737,9356,9586,401,8242,5110,4670,4447,---10,8,2,7,5,10,10,4,4,9,
2336,2849,8356,9799,1905,6324,922,8285,4351,---8,3,9,3,4,6,7,5,7,
1025,9442,2599,392,1770,4300,4623,3770,5787,---8,9,4,9,2,8,5,9,9,
3362,8903,1705,1964,7120,149,598,4604,1053,---2,9,5,2,9,8,4,6,3,
4528,1810,6708,3096,2905,2044,6749,3550,---3,2,7,6,3,2,5,7,
1892,9415,6384,7477,1142,5881,5626,---7,3,7,2,2,4,6,
7526,9611,1006,3924,3733,218,---3,5,2,3,2,2,
4168,1682,9619,3669,4543,---2,4,4,5,2,
6977,7158,8769,6431,---2,3,3,2,
5984,3563,140,6735,---4,2,2,3,
6761,4219,8246,6151,---3,3,3,2,
1644,5226,9908,9583,---4,2,2,3,
689,5202,6972,1814,---2,2,3,2,
5480,1049,9580,476,---2,3,3,4,
9040,9770,---2,2,
7296,1911,2562,8982,5637,6668,14,9232,9079,6548,9494,1633,9498,8477,9887,8610,7460,3399,4613,9395,8379,9020,2365,2752,4683,3706,7878,2759,2760,6603,9164,6223,2389,4054,8025,634,1246,1888,1761,7781,7143,7656,6378,3308,7789,2544,8691,372,4726,9335,6776,633,1530,4714,4990,2005,---4,5,9,10,7,9,5,6,7,6,6,2,6,10,3,9,10,2,10,9,3,5,5,9,6,8,10,4,2,6,5,6,5,2,10,4,7,7,6,9,7,8,8,3,7,6,6,3,4,6,7,3,10,7,9,7,
2176,7446,9605,9991,1424,5522,7190,4953,9433,8220,925,4766,9925,2720,34,6310,1195,5682,8113,4886,7351,6719,9922,2245,9033,5282,8271,6992,2259,4308,4569,2330,4059,7513,8464,8431,723,3572,5237,1402,1405,6526,---2,8,4,7,6,3,7,9,2,10,2,4,5,7,8,6,8,7,7,5,2,4,4,3,6,5,7,4,4,9,6,2,3,10,7,5,2,6,8,2,5,9,
7216,8456,599,5149,5519,404,8092,797,9375,4385,9051,1316,5029,550,9000,8239,7088,5041,5432,1855,4036,453,2145,6487,6619,989,8032,5473,6626,1124,9831,7145,362,7271,3183,8309,1897,6779,1790,4479,---10,5,7,9,6,6,9,4,6,8,3,5,6,8,6,3,8,4,10,8,6,5,2,8,7,6,9,9,6,9,5,10,3,4,3,2,7,4,4,4,
8324,7173,2056,9782,9100,3987,2711,6042,3739,5790,1312,5411,678,6952,2480,6706,8885,1718,2618,6715,9120,8133,1352,4169,9674,4557,207,7378,7251,9556,1000,2874,2147,996,3943,7016,59,5115,2942,---6,8,2,6,9,3,6,10,6,6,3,2,6,3,3,6,7,2,7,7,7,3,10,3,3,7,10,4,8,6,10,10,7,8,3,4,7,5,4,
2305,6146,9867,3214,527,656,5907,1432,1177,9272,672,6049,1059,3445,2089,8494,4015,3378,1335,9400,9277,8767,8135,5832,3511,7374,8401,2011,6244,8297,5868,6205,8048,5749,4598,8361,6905,631,---9,4,8,7,5,2,3,6,4,6,7,3,4,4,9,5,10,9,10,4,7,7,9,10,6,8,2,8,6,2,5,2,10,6,3,2,3,10,
7426,5509,2568,9738,9099,5902,4881,3226,9243,9122,2852,710,6567,172,815,821,4535,5177,3642,8508,693,833,1218,454,4302,9315,3675,5725,5342,2400,8801,5987,740,5222,9745,9578,1191,4601,---8,7,4,8,3,4,9,10,6,7,10,10,4,3,4,8,7,10,7,10,4,6,9,10,5,8,6,7,9,5,6,2,6,6,10,7,2,10,
1920,1666,9092,647,9608,3081,7051,3982,25,1540,4124,7197,1381,2215,5660,3763,6583,9274,3520,7916,8515,3012,5446,5448,7758,222,7653,3042,3045,8041,2667,108,8304,2034,4339,3578,---2,2,2,7,9,8,6,5,3,4,5,7,3,2,8,4,3,6,6,3,5,6,8,3,3,8,5,8,5,4,3,4,10,8,2,2,
9984,9986,394,5392,8722,6036,5909,6554,6815,8608,8227,2853,4263,6185,9914,5819,1546,4288,7056,1505,456,8790,6615,985,9953,1638,4455,7913,6439,1901,9585,8562,6645,4521,3960,5374,---6,4,10,9,3,10,7,10,4,3,8,9,8,2,6,6,7,2,9,10,2,9,5,5,8,3,6,7,7,8,6,2,4,8,5,7,
7723,6405,6790,5256,1034,2317,9873,6291,6293,7960,3993,6639,5022,7711,8738,806,5290,3883,556,6476,8763,5949,3902,76,8524,7010,9759,482,2280,2565,7790,9327,9332,374,---7,10,3,9,10,7,8,8,2,4,3,9,7,6,6,6,10,6,4,8,4,3,9,5,8,8,3,7,8,5,6,5,5,4,
2796,908,1426,7191,3357,7455,8225,7750,3752,5033,6173,2229,439,4895,2238,8117,3010,7115,6852,5190,8460,9546,9783,3537,3797,4069,7787,3820,4719,7793,1912,7369,7807,---6,2,5,10,6,2,3,10,9,2,3,2,2,4,10,7,8,5,3,10,5,2,8,2,6,5,3,10,8,4,9,3,6,
8967,522,8975,1943,793,4636,8737,7843,3109,1063,8988,583,6445,1842,7357,2500,1697,4855,8270,8783,5332,8922,6479,9694,6122,5483,8428,9844,6363,2039,3707,---4,6,9,3,8,10,10,6,6,2,10,3,10,5,8,7,6,8,9,4,7,2,9,8,6,5,5,2,9,9,5,
2817,6794,7054,911,5137,9363,2582,2073,2971,7332,3751,7082,6955,9657,2621,5697,66,2507,9548,8021,5668,3039,6499,3431,8040,3303,1772,3565,5368,1657,---9,4,3,8,8,9,7,9,5,3,9,3,2,3,7,4,7,10,4,5,8,9,7,6,4,6,4,10,10,3,
3243,4362,9612,7317,6679,7194,3867,3525,417,8616,9386,6315,4677,303,9011,2615,9912,6331,6725,9161,6730,5713,5981,4959,9579,5745,2803,349,2168,---2,8,9,4,7,2,9,3,8,5,8,6,9,6,9,10,3,8,3,7,5,4,3,10,5,4,7,7,5,
1285,8074,2571,783,9105,7058,2963,4757,9500,8605,6046,3104,7078,9899,7859,4551,2252,8532,2134,3930,2525,6368,7918,4963,8932,5097,2413,1774,4215,---8,2,10,8,8,4,3,6,6,7,9,10,3,3,3,10,5,7,7,8,3,3,5,8,6,10,6,7,6,
6402,6675,533,2206,9762,1831,3888,7348,3126,2496,8672,67,9671,8782,1615,5842,7635,590,3798,4567,3801,3936,7139,8554,8173,3822,4991,9213,9215,---10,4,5,9,6,5,10,6,3,5,8,6,5,6,7,6,7,9,7,2,2,2,4,2,4,2,2,7,5,
2176,7943,2704,5522,4569,9433,2720,2594,1195,9013,2871,9925,34,8271,6992,2259,4308,4311,4953,1402,3176,747,723,3572,5237,2554,6526,---2,9,3,3,6,2,7,10,8,7,6,5,8,7,4,4,9,6,9,2,5,8,2,6,8,6,9,
5124,1162,9615,9616,2067,9750,9111,7962,3613,9637,6568,2860,8628,8125,2751,1864,8651,588,8269,7629,2896,6614,8026,8954,4065,1253,5114,---5,3,4,4,3,6,7,7,10,4,4,9,6,3,7,2,6,9,10,3,6,3,3,2,5,3,6,
6016,427,3848,6793,783,7963,6046,1187,9899,5302,2105,1345,4547,2742,4215,2252,9549,8532,2525,6368,8290,8932,5097,4331,1655,6454,---9,9,3,8,8,6,9,3,3,2,9,5,8,6,6,5,6,7,3,3,6,6,10,6,9,5,
7046,5512,5776,8084,5655,9630,673,3620,4262,6183,7722,3759,4145,832,577,8143,8402,8789,9947,2654,613,5670,2285,4979,3157,---2,8,8,6,5,7,10,7,4,10,5,8,10,10,5,7,10,7,6,5,8,8,6,5,3,
9490,6675,2206,1831,3888,7348,3126,2496,8672,67,9671,8782,1615,7376,5842,7635,590,3798,4567,3801,3936,7139,3822,9213,9215,---2,4,9,5,10,6,3,5,8,6,5,6,7,10,6,7,9,7,2,2,2,4,2,7,5,
6145,6277,3207,921,8350,3235,4008,9134,2097,7993,5948,961,3907,3273,8139,8505,9565,2531,872,105,2286,9291,7670,3068,---10,5,7,8,8,2,5,5,5,9,8,2,10,8,4,6,3,6,4,9,8,4,10,9,
1156,4361,13,8856,9625,9115,4384,2216,1200,9780,2357,7354,2117,455,6601,331,1871,8787,7130,1383,8821,7798,8569,7420,---4,5,8,4,10,7,9,7,10,10,3,9,2,6,2,10,9,3,6,6,8,5,7,4,
1408,3335,2322,1173,2080,1648,3111,4520,5690,7106,8646,5959,722,2519,359,2024,8812,365,1008,5416,626,2811,4988,8445,---4,3,3,6,7,3,6,4,10,3,9,3,4,9,2,3,2,6,6,8,3,6,8,7,
642,4235,3085,1942,6430,1448,798,1590,9143,2747,4669,3774,1857,9271,9810,7381,4571,8807,4332,5616,9842,1272,639,---3,7,4,5,3,4,2,8,8,5,5,2,7,10,5,6,8,5,4,7,4,3,6,
8322,3596,4877,1040,661,5911,6296,7836,6304,9252,41,9132,2349,5046,1475,268,8398,5199,7123,2774,9055,3693,9460,---3,4,10,8,5,5,5,9,9,3,8,2,2,2,10,9,2,8,3,8,3,7,4,
3848,6793,1808,7963,1187,7848,1834,6454,2105,1345,4547,2742,9926,2767,986,3419,1245,8290,4331,4972,9077,8746,---3,8,6,6,3,2,3,5,9,5,8,6,9,9,8,8,8,6,6,8,9,7,
9984,2566,1546,7056,8977,5909,6554,6815,8608,4263,6072,5819,1505,6615,985,1121,4455,1392,8562,6645,3960,3833,---6,7,7,9,7,7,10,4,3,8,6,6,10,5,5,7,6,7,2,4,5,9,
9544,688,8048,5827,5220,8486,8744,874,3511,5868,4077,7374,2800,5457,436,3477,1335,1432,656,9400,7710,---10,2,10,8,9,6,3,9,6,5,2,8,5,4,10,3,10,6,2,4,7,
9952,7713,1602,2819,5224,8510,5834,1214,2064,6353,6098,8307,5684,9365,6328,5945,7677,764,3325,7504,5781,---3,4,3,9,4,7,4,7,7,8,3,5,3,3,8,10,8,3,8,6,3,
4050,9506,667,8439,4518,6758,977,521,3658,6923,5239,4081,2514,4692,7701,7241,3700,9467,8313,8253,7221,---8,2,5,10,8,3,9,10,7,7,3,2,6,8,6,10,6,5,6,2,5,
6640,7074,8235,4580,4645,779,9288,5804,2954,1931,2060,8846,1136,9731,1460,2805,8009,8984,6325,4414,2581,---6,8,3,7,6,3,5,8,2,4,6,8,8,10,9,4,2,5,10,10,7,
1472,4846,6786,5526,8358,5990,64,2794,8171,7565,9518,3736,5043,6549,9302,8056,3810,5142,5436,6621,5534,---2,5,5,10,3,10,6,5,6,7,4,9,10,4,3,5,8,3,4,6,6,
5440,3170,1035,5669,5867,328,9898,6891,3501,6767,280,883,534,8215,8827,7833,5466,4898,6076,2111,---10,9,2,4,5,4,7,2,8,9,3,8,4,4,9,7,3,6,8,9,
6304,2914,1475,9252,5046,8102,9132,7533,2349,1040,4273,7410,7123,5822,4630,9816,4877,8634,3582,4789,---9,4,10,3,2,10,2,3,2,8,6,7,3,9,3,2,10,3,6,3,
7557,294,6535,3785,4682,3147,1324,3630,2726,5296,3217,9682,3091,1652,9525,4819,89,8442,3933,7422,---2,2,5,8,4,6,10,8,6,5,7,10,3,5,10,5,2,6,7,7,
5715,8835,4516,4259,3270,5223,7820,175,4847,7857,7506,2611,4180,4917,3483,2748,8797,1630,4710,---2,9,10,4,4,10,6,9,7,6,10,2,5,5,2,6,9,9,8,
2112,1168,4764,9756,4329,5642,4267,6062,1840,2448,3455,2933,1845,2718,858,5019,5692,5950,373,---7,9,2,5,3,4,4,4,4,8,6,4,6,2,6,4,7,3,5,
2016,1954,8644,4805,3814,2952,2057,3178,1410,9764,7920,596,8567,3983,1945,4091,445,6558,6346,---4,5,8,5,10,8,5,10,5,8,7,6,3,5,9,8,3,3,2,
7169,2210,8067,7575,7814,839,6632,4873,2283,4782,304,6802,5427,7607,4826,9979,3292,7834,9118,---3,7,9,5,3,6,4,3,10,6,10,9,8,5,6,8,9,6,8,
9824,3649,9102,3089,968,6153,2442,300,526,4655,7729,2802,3188,1806,119,120,2841,9850,3359,---2,2,3,10,10,8,6,10,2,9,2,8,2,10,3,8,2,8,4,
1744,7227,1924,9798,6737,4744,5513,395,8591,1936,1841,5010,8403,8596,9685,1592,8539,9562,7323,---10,10,4,7,7,10,3,9,8,7,7,6,5,7,7,5,6,5,4,
5409,4482,4155,6788,6054,9062,5383,6152,8425,6287,7024,3441,2354,3926,1752,1466,2671,5564,8895,---5,8,2,4,5,8,6,4,6,10,7,8,9,2,10,5,2,7,3,
7022,1858,7395,2340,3909,4198,3912,3945,6018,1230,3599,9744,275,6613,4792,3029,6301,382,1151,---9,3,4,9,6,4,8,7,3,10,6,3,9,9,10,7,5,7,3,
4448,7617,6438,581,4957,7466,9067,4780,9472,9999,8752,6131,4212,9945,4217,4379,5204,8944,7997,---10,7,8,5,5,3,5,8,3,3,2,6,9,7,9,2,8,2,6,
5472,5824,3843,4260,1667,7772,3100,1004,2350,6544,2481,6770,4268,7644,4341,8216,1689,1564,---10,2,4,8,7,5,3,4,7,7,7,2,5,9,3,10,10,8,
4576,4449,4251,1542,8294,1863,8456,9051,4087,5425,4469,593,5207,6680,5209,410,955,8714,---8,3,10,6,10,8,5,3,5,5,3,7,2,5,4,5,8,9,
5440,3170,5867,5669,6891,328,9898,1035,4898,3501,6767,7119,883,9663,7833,5466,8827,2111,---10,9,5,4,2,4,7,2,6,8,9,6,8,5,7,3,9,9,
705,4283,2437,9569,2792,8649,1677,9773,2856,1042,5139,9652,7733,5912,7291,8989,1342,6821,---2,5,10,5,9,7,9,10,3,10,2,5,5,6,6,6,5,6,
4928,6320,2114,7331,645,8257,679,6921,6094,9097,49,9171,7726,8247,4504,381,7423,---3,4,9,2,3,2,2,8,2,3,7,7,2,5,10,7,6,
8552,4299,1636,3493,2358,2412,7274,4363,6412,9966,5976,6898,643,1270,6872,4827,7583,---8,8,6,2,4,2,6,10,9,9,3,3,2,5,10,10,4,
7169,2210,8067,7814,7607,5260,6914,8686,304,5427,6964,2283,7575,2650,3292,4826,9118,---3,7,9,3,5,5,10,5,10,8,8,10,5,4,9,6,8,
263,1057,5447,1287,4587,1229,718,9554,5012,6869,7702,3159,5178,5756,93,8542,2978,---9,6,10,6,7,9,7,3,7,8,6,10,8,2,4,2,6,
2240,288,7300,2497,8028,297,74,4151,3376,6674,3859,7412,3125,7927,186,7548,2538,---9,7,10,7,3,5,8,9,6,7,4,5,6,8,2,5,6,
3777,9987,9445,9735,5737,299,4813,9839,2320,1906,6804,8726,6841,5720,1753,7353,188,---3,4,5,2,10,5,3,4,5,10,9,7,2,2,2,7,8,
4603,6468,9349,4550,8753,5179,8490,5895,7628,8749,7261,3951,4945,3718,3129,943,509,---5,3,4,9,2,5,8,8,9,4,4,2,7,7,6,10,8,
1664,8705,5027,5412,9911,844,3789,2333,3392,4274,1423,8727,2778,6171,7740,7773,6654,---4,10,3,8,7,5,9,8,10,6,3,7,10,3,8,5,2,
9954,5092,4357,8392,1065,7287,1996,1393,2230,3479,6521,1193,6108,2045,7678,3368,---2,9,5,5,2,8,5,5,4,8,7,8,9,6,9,2,
9184,3744,6948,7686,7208,3050,5419,4213,3063,8868,3194,8443,3164,2698,5278,2591,---4,9,7,6,7,7,3,4,8,3,4,10,7,2,5,9,
3328,5313,4707,133,3750,7473,7017,5229,7025,4658,1683,6142,9970,378,350,5439,---4,5,2,7,8,5,9,5,7,10,10,9,10,10,2,4,
1568,7873,8163,4420,4422,4326,9706,3180,5133,3890,7955,7924,6116,6067,5054,6975,---7,9,6,10,5,4,7,3,8,3,9,2,10,7,4,10,
1637,5958,999,3304,2505,2634,7500,8430,6127,2200,5107,8910,8694,184,6351,2173,---2,9,4,6,9,3,8,3,10,9,3,4,3,3,8,4,
6850,7451,8260,9801,7849,7627,7757,7700,7133,612,9716,9001,7380,5563,3044,1694,---9,10,6,9,10,7,7,6,8,3,4,2,4,3,3,2,
5729,6203,8101,3942,2929,6376,7995,3915,6411,3660,7761,6582,3401,6650,9819,7004,---4,10,5,4,5,3,7,2,7,7,7,7,4,5,7,3,
9665,5090,3364,9510,2887,4969,2186,2188,5550,2161,1780,7182,868,9242,4476,---9,5,8,3,10,6,10,10,9,3,6,7,5,9,4,
9600,9577,6125,557,9297,7698,3348,1878,777,1048,6458,3903,2588,4541,8351,---9,7,2,3,2,5,4,7,6,2,8,2,5,7,9,
5345,8770,1445,9191,9002,5579,1681,9522,3254,1719,4186,6618,9438,805,---9,3,2,9,6,2,7,6,9,8,6,2,4,9,
7616,5059,4807,1480,8924,754,3245,5488,9101,9234,2997,3227,2332,3166,---10,4,10,5,7,10,10,6,10,9,6,3,9,9,
9313,6213,2822,7496,7851,6856,9904,7505,211,792,6970,6587,6204,4184,---5,5,8,8,4,4,5,10,5,9,6,5,2,2,
5089,994,2275,2308,9958,2321,8072,4171,9421,6799,1240,244,2392,5437,---7,7,10,4,9,5,7,2,2,4,2,7,8,6,
4392,5259,7752,4010,8587,8302,7165,7471,3619,8725,8918,411,7178,21,---10,10,3,8,8,5,7,4,7,7,4,3,6,3,
2944,2433,8291,1733,8230,6056,2986,4012,6765,3699,1332,9879,3864,4197,---8,6,4,5,8,9,4,9,3,9,10,8,6,3,
1344,9761,9153,9412,197,6087,8360,5130,7215,6264,5557,4664,5295,1728,---4,9,3,4,7,5,7,7,10,10,7,7,3,3,
8096,162,7579,8423,1607,1516,8114,3855,1298,8409,9691,6940,2013,4510,---6,6,7,6,6,8,7,4,5,2,4,3,2,6,
9344,419,7556,6022,5103,4554,4071,8204,399,9778,8243,662,8231,5263,---7,9,2,6,3,5,4,6,5,7,9,3,2,4,
6624,5347,3078,3721,5930,2061,7568,2353,5589,3465,4668,4509,7166,---6,4,10,6,5,6,3,10,9,6,5,2,5,
2304,8944,581,7334,9256,4531,1487,7440,1394,6131,4468,6682,4063,---9,2,5,9,2,5,9,8,9,6,6,9,3,
1345,8290,6019,4097,936,4972,2767,1808,2742,7963,3676,1245,1087,---5,6,10,4,7,8,9,6,6,6,10,8,7,
2539,389,167,9290,6663,4909,9519,8754,1411,5076,1334,6903,1850,---5,10,3,4,6,7,3,2,5,4,7,2,3,
9920,68,549,3786,977,4050,9715,3700,7221,5239,6744,8281,667,---6,4,6,10,9,8,9,6,5,3,10,3,5,
6977,2051,8741,2023,4233,8682,8449,1520,329,6265,4383,1084,6431,---2,9,3,3,9,9,9,2,8,2,6,8,2,
1862,6215,3788,7979,9068,1043,1268,9557,4502,7767,4057,1243,8447,---4,4,2,4,2,4,3,9,3,4,10,9,8,
3648,2049,6472,5673,9774,5904,3986,3925,9846,1769,6777,7931,3932,---3,9,9,9,3,10,9,10,5,7,4,2,9,
5979,1188,8073,1003,6509,1016,9972,9976,8244,8058,3035,254,5611,---4,8,7,8,3,9,5,5,2,10,4,7,8,
33,5625,3396,6854,3944,6313,4013,2676,371,7283,6999,8665,4415,---7,5,3,10,10,2,3,4,8,9,10,8,2,
8896,5570,7432,2411,6547,5549,9666,9683,1909,9239,5939,573,---4,9,9,7,3,10,10,6,3,3,5,10,
224,2465,5275,2117,331,1139,307,8821,8856,9115,4444,926,---2,4,7,2,10,6,9,8,4,7,4,8,
7745,3074,2033,6534,6961,4396,5837,4365,8913,3317,3703,9662,---5,10,2,6,2,2,8,8,9,9,5,6,
9186,9094,1895,9176,5585,1811,85,4216,9178,6396,5341,8095,---9,6,7,4,6,8,3,10,8,7,4,6,
6784,7939,2181,966,1353,9995,434,628,7382,8823,4294,6782,---8,6,2,2,7,6,4,7,5,8,9,3,
3616,3424,8194,9029,2312,7212,7382,8823,9049,6687,5918,5471,---6,2,7,5,6,2,5,8,7,7,9,7,
3558,3278,5935,6960,1203,8308,4654,3574,7576,4244,4828,6037,---4,10,6,3,9,8,6,10,4,7,3,8,
5123,6437,8778,6123,6382,3805,3606,6585,7546,2267,2074,6590,---5,6,6,2,8,2,4,6,4,3,8,6,
2722,135,2440,3849,5458,5615,6280,914,8883,7923,5049,3487,---10,8,5,4,7,9,8,10,4,6,9,4,
7745,9890,6534,6961,7562,8674,4365,8913,3317,3417,9662,---5,5,6,2,2,3,8,9,9,8,6,
2656,8517,2854,488,3337,5325,4977,5362,2739,245,7389,---9,7,3,9,10,3,9,4,8,5,2,
6724,9046,5034,9388,6189,8053,4278,7739,5405,8894,9429,---8,4,4,3,9,4,2,9,8,4,7,
3617,1123,4804,8005,1729,8680,9228,2237,1627,4029,8382,---5,5,2,8,3,6,5,4,3,3,2,
1892,1861,9415,905,4817,2479,4305,7477,5626,154,8149,---7,8,3,8,4,3,6,2,6,10,5,
7329,8642,4227,5601,3425,3754,1451,6892,2195,9174,9304,---5,3,4,5,3,8,2,2,9,9,7,
7109,7335,6537,6023,2828,1709,8046,3761,660,2845,---8,6,4,6,5,5,3,6,6,5,
97,5541,6086,5606,6507,9644,5774,5489,494,5311,---3,6,2,7,6,5,10,8,4,2,
5700,1958,6248,3531,173,4493,786,2164,7961,7449,---4,5,4,2,7,5,4,4,6,6,
4292,7591,1340,8781,1212,4887,8376,4539,8572,9021,---6,9,9,10,10,6,2,9,3,5,
3232,5963,5636,4549,2343,8331,2445,1614,3985,7125,---7,6,6,5,7,10,6,9,10,3,
3329,290,1282,5359,8848,692,3478,3927,7069,7070,---6,7,4,4,9,7,9,8,3,2,
7938,5828,1543,5015,8432,7895,2522,8925,7870,3775,---8,9,2,8,2,10,4,2,6,4,
1296,4935,586,1967,6512,4343,3610,3003,2426,2047,---9,5,3,6,8,10,9,4,2,2,
8454,9927,5581,7246,3024,7634,3476,856,8094,1503,---7,8,9,3,8,6,9,10,5,8,
7201,1416,1724,9162,1740,2995,3735,9752,7356,4735,---7,3,3,2,3,7,3,7,6,2,
2757,4872,5386,939,7885,6865,4056,7766,3416,6845,---5,5,6,7,9,7,10,10,9,6,
2311,5706,5607,6541,6959,5008,1656,9266,4532,2104,---2,6,8,9,3,5,9,2,6,9,
5634,292,4234,1762,5649,9268,6774,6039,7835,1599,---7,9,9,7,7,8,2,8,5,3,
3424,7939,2181,1353,9995,2686,7382,8823,9049,6782,---2,6,2,7,6,9,5,8,7,3,
5857,516,198,2632,1482,4720,6866,1975,2424,1918,---7,5,6,7,6,5,8,5,4,9,
5504,2881,5507,6759,7900,3307,1869,1577,9849,1820,---5,3,6,3,10,9,3,7,4,5,
1188,1003,6509,2958,9972,7797,1016,5979,4478,---8,8,3,7,5,5,9,4,5,
4188,6732,3310,4272,6545,1114,571,6140,1695,---4,4,5,7,7,7,4,6,4,
8546,7558,3782,4008,4874,6958,4912,8350,766,---2,2,8,5,3,9,5,8,2,
4196,6140,6732,4272,6545,1114,571,4188,---3,6,4,7,7,7,4,4,
7872,8964,7941,1256,9866,3117,8598,383,---4,2,3,8,7,4,8,8,
6594,9157,4450,5674,459,7266,7028,1973,---2,7,5,8,8,5,6,7,
7040,6981,2823,7630,4474,6491,8893,---3,3,5,4,2,4,5,
3138,2763,1899,6354,5080,5338,9276,---4,6,6,5,7,6,3,
4896,6896,1233,5813,8762,5566,---2,5,6,3,6,4,
4944,3929,3327,4813,9839,---4,3,4,3,4,
7968,5249,5418,6115,1413,---5,3,4,5,2,
5720,6841,4716,1753,---2,2,4,2,
760,4657,3819,7748,---3,3,2,4,
6875,5910,9366,831,---3,3,3,2,
1739,7515,4470,1766,---4,2,3,2,
1496,6459,1404,357,---4,4,2,3,
7304,6219,7659,7063,---4,3,2,3,
8440,3161,3634,---3,3,2,
1704,2435,---2,2,
