2816,1667,900,8583,6927,5520,6673,8600,819,2717,5150,734,6819,5674,171,3628,7981,8110,1455,2099,820,8757,1079,1858,3909,4428,6096,9464,355,9433,5212,862,4703,8417,9899,740,7909,5094,8935,4200,3437,3442,9206,119,8952,3793,4221,8702,---4,5,5,4,2,5,5,5,4,2,4,2,5,3,2,5,4,4,2,2,2,4,3,2,2,5,2,4,4,5,2,5,4,5,3,2,4,3,2,2,3,4,2,3,5,4,2,4,
7170,1924,1542,4652,6914,1039,5907,534,9240,1561,2591,9761,1443,8231,810,455,5292,2479,48,177,6198,7095,7967,5824,5189,6726,7623,9673,7626,4432,2645,9776,7896,5135,1658,3167,4065,3810,3460,9711,6384,9715,7544,7290,636,6141,9983,---4,3,2,5,5,4,4,2,4,3,3,2,4,4,3,3,3,4,5,5,4,3,2,5,3,4,3,4,3,5,2,4,5,4,2,5,5,4,4,4,4,2,3,4,3,2,5,
9091,6800,6019,2709,3991,4506,1691,7711,3360,816,291,3881,2346,429,7599,304,689,7604,2101,8246,4153,2235,6261,4929,7107,2244,3149,8654,8271,1360,337,7379,3918,7383,6703,8934,2207,3693,5237,1402,8917,---2,5,2,4,3,3,4,4,3,5,2,2,4,4,5,4,5,5,4,3,5,2,4,3,3,5,2,3,2,4,2,3,5,4,2,3,2,3,2,4,2,
7298,9485,6545,2706,8213,9110,2845,8098,6565,4262,809,2349,5169,2226,3256,3129,1087,7490,228,4169,1740,7374,335,340,1124,8411,1501,8229,3553,7522,2916,7014,4971,7020,8942,4725,3574,8570,7420,---3,4,4,5,4,2,4,2,5,4,5,3,4,5,2,4,4,2,3,2,4,5,5,3,3,4,5,3,3,4,2,5,3,4,2,3,3,3,3,
6532,645,2573,19,3350,5911,3227,6300,8479,4770,6949,166,6953,5941,7222,5944,3897,9535,3652,2119,1096,843,2253,4049,4182,4695,9432,5596,4573,3936,3299,7017,7402,6007,6009,7291,---3,5,5,2,2,4,4,2,4,3,2,4,3,2,2,2,4,4,5,4,2,5,3,3,5,5,2,2,5,3,5,2,5,2,3,4,
4992,7810,1669,1542,9271,6153,7437,1678,2192,3091,1561,3868,9381,935,3526,1705,6954,5934,2479,48,7092,3127,3167,4542,3649,5189,5318,9783,7630,4432,4178,7896,5724,3293,8671,8162,4196,8231,9708,253,6384,2110,632,1658,1021,2814,---5,3,2,2,2,4,4,3,2,3,3,4,5,3,4,5,3,3,4,5,5,4,5,3,5,3,5,4,4,5,5,5,5,2,2,4,3,4,3,3,4,4,5,2,2,5,
4608,1538,2053,9608,7946,3212,9357,2456,9875,7447,4376,7067,1693,8581,6176,548,2342,8487,4013,904,4018,7091,9400,1977,58,4028,6857,6733,5715,3801,6621,8890,1683,9209,4360,---3,2,5,2,5,4,3,4,5,5,4,5,3,4,3,2,2,2,5,2,2,2,4,5,3,3,4,4,4,5,5,4,2,4,4,
4865,1794,5379,9862,6151,4620,535,2332,9632,9508,7206,295,4653,7728,3635,7732,4004,5566,5702,9932,8142,5717,1750,2425,1624,9689,4795,7149,114,2420,3960,7033,2554,4222,---2,2,2,4,3,2,4,2,2,2,4,4,4,3,3,4,3,4,3,4,5,3,3,3,3,4,2,4,2,5,5,5,3,2,
9729,4358,5001,5645,8341,4378,1566,5535,1061,808,8108,4014,9394,6715,1597,5311,9026,6979,72,1741,9037,3410,9631,4317,1118,3679,8161,7611,7658,8815,3957,2297,5759,---2,4,2,5,3,3,3,5,4,3,4,3,3,5,2,2,3,3,3,3,4,4,4,5,3,3,4,5,5,5,4,5,4,
6404,5384,2441,2058,8843,401,3219,2841,281,4764,2205,5288,2844,4911,5680,3765,7358,8127,7616,2315,3723,4816,9047,5977,464,3044,9831,5996,5783,8689,9589,890,---4,3,5,2,3,5,5,5,3,5,3,4,4,2,3,5,4,5,5,2,5,4,5,4,5,2,2,2,4,3,2,2,
1537,2179,9860,4103,4361,2955,7951,8082,1815,9329,301,5552,3443,1588,7862,2185,959,1218,1091,6980,5071,3283,3040,5755,998,111,4336,1393,9331,5183,1917,5887,---2,4,3,2,5,5,2,5,2,3,5,5,3,5,4,5,4,4,2,4,2,3,3,5,5,4,3,2,4,5,2,3,
2055,3465,2698,1931,8846,3992,2579,6296,7195,5277,4254,9759,546,6435,3786,3117,3119,8112,8630,3511,7483,8842,4490,202,2743,5091,2152,239,3440,40,7935,---3,5,3,4,3,5,2,2,2,5,5,4,5,5,4,5,2,4,5,5,5,4,5,3,2,5,4,4,3,3,2,
1643,3724,8334,5651,5653,3615,5659,7199,33,4715,2214,7467,7596,4285,6068,6457,9403,6973,2750,5700,1871,5333,6617,5947,3878,1255,8937,5355,5565,9462,---2,3,2,4,4,4,5,4,3,4,2,4,3,5,2,5,3,3,3,2,2,2,4,2,4,5,2,3,4,3,
6146,5035,9738,5762,4881,6293,1686,4894,4167,8669,9395,438,7997,9920,9668,70,7495,3788,5582,4819,5973,4055,5080,9594,9832,4201,8691,2537,1146,6780,---3,4,2,3,2,3,4,4,3,5,2,5,4,2,5,4,3,4,4,2,4,5,5,2,2,4,3,3,2,4,
9989,2069,7708,1314,8995,5805,7220,2106,1723,188,4798,2623,6597,1614,8912,2389,7511,2139,8157,4830,9439,1509,9318,124,6005,7415,6393,9340,125,---5,5,2,2,5,2,4,5,2,5,5,5,3,2,4,2,3,3,3,3,5,4,5,2,3,5,3,3,5,
4352,1152,1797,8345,6297,4250,5531,2974,928,1307,1706,1969,7090,3998,7739,7743,6080,2633,3063,460,7501,8528,8273,7649,3554,5733,7657,1015,1578,---3,2,4,3,5,2,4,3,4,3,5,4,3,2,2,5,5,5,3,5,5,5,4,5,2,4,5,2,3,
7172,7687,3464,3342,7957,7834,2718,42,3756,3375,1267,1334,9333,8640,7491,8903,1229,3534,4943,995,3542,9050,6750,6367,4963,3571,3444,2805,---2,3,2,3,5,3,3,4,5,3,3,3,2,3,5,5,3,5,4,5,4,3,3,4,4,4,4,2,
4,3467,5004,4110,1296,7831,2968,7331,5156,8998,1581,7089,2482,9011,5557,3254,4026,6467,5960,4042,9685,7897,3674,2525,8032,9851,1916,---5,2,3,4,5,4,4,3,2,4,4,4,4,4,3,2,5,2,4,4,4,2,5,5,3,3,2,
1536,3971,3084,5263,9242,2461,3359,675,2982,1607,4659,8119,5434,3778,5063,9160,1609,5714,5587,8276,2518,9442,4451,494,8915,118,7671,---5,2,2,5,2,4,3,3,5,4,2,2,2,3,4,4,4,2,3,5,4,2,5,5,3,4,3,
2689,1159,6157,7694,2183,413,5162,4523,2993,4407,8511,4290,583,2638,2255,9985,7524,3420,9181,3934,5730,1252,4585,5356,6896,4471,3193,---5,4,4,4,2,3,3,4,3,5,4,5,4,5,5,3,4,4,3,5,4,4,2,2,3,4,2,
6272,9601,3846,897,925,8096,36,8742,6959,3250,8247,2617,5821,9162,205,3154,6611,2900,7255,5208,3108,9310,8801,2049,6249,2293,1278,---5,3,4,4,3,2,3,3,5,4,3,5,3,2,5,2,5,4,2,4,2,5,4,5,5,4,3,
9984,8963,6921,7820,6893,7702,4379,6301,9121,5155,9392,5041,4665,9499,2246,8505,8920,9562,3932,4191,8929,1127,7917,6073,2167,8314,---5,2,3,3,4,3,5,4,4,4,5,2,3,5,2,5,4,5,4,2,5,2,5,5,3,3,
5125,3344,6036,3886,2710,3354,4591,7429,7707,1318,6311,2222,1766,9674,9550,81,3287,5476,9638,9446,1511,3179,6383,2418,1404,4734,---5,2,2,4,4,4,5,3,3,2,4,4,2,4,5,4,5,3,2,4,3,3,5,3,5,3,
4483,393,1807,4373,9754,2459,1823,4129,9692,8818,2992,2876,446,4032,8897,5188,476,4702,9186,2533,8173,2158,8177,7282,9588,892,---5,5,5,3,2,2,4,5,2,3,5,4,5,2,5,5,2,4,4,4,5,4,4,4,3,2,
9346,1416,8706,2574,5392,5266,3735,5272,3761,3378,4403,6074,5437,7236,8774,5320,2249,5712,4313,5853,8546,8679,1682,3952,6898,1268,---5,3,4,3,4,2,2,5,4,2,2,4,5,4,3,3,4,3,3,5,3,5,3,5,2,2,
3075,2754,5592,7571,6807,6430,9768,5290,9772,2334,6838,2882,6086,7496,969,5067,2904,5340,8541,8423,3954,1780,3318,7159,5116,5501,---4,2,5,3,2,3,2,5,3,3,3,5,2,5,5,2,3,3,3,5,2,2,3,4,2,4,
4869,9478,913,5394,5395,1045,157,7335,4786,693,9912,322,1476,1398,326,6215,5832,8011,207,4183,4444,5485,9582,4466,3190,1403,---5,2,5,2,2,5,4,3,2,2,2,4,4,4,4,3,2,3,4,4,5,2,2,3,2,5,
898,6665,7824,4242,4763,4896,678,2088,5289,2615,2366,2507,6472,6327,9690,2017,2532,2023,7273,3562,2027,6764,880,1138,7798,2815,---4,4,3,3,4,5,4,3,4,3,4,5,5,4,5,4,5,4,3,4,3,2,3,5,2,2,
3200,9609,9482,2316,2831,6933,5538,6442,4524,1454,2738,6710,2747,8520,4300,5197,9937,6610,6749,6629,3431,7401,7148,8146,6897,8830,---2,2,2,2,3,3,3,2,4,3,2,5,3,4,3,4,3,2,2,4,5,3,4,4,3,4,
1048,788,4504,7205,9894,2600,7595,1073,9663,6368,706,8006,1105,5330,3924,9431,4184,217,733,606,7136,6882,5732,1898,1534,---4,3,4,3,3,2,4,3,4,5,4,3,3,3,5,5,4,2,2,5,3,4,2,3,2,
5635,3718,1547,7190,7968,3364,677,1068,6189,8368,4530,8888,3900,9078,3657,3768,4691,7898,5087,9056,7406,4594,6516,1397,6774,---5,2,2,4,2,4,2,3,5,5,4,2,2,3,5,5,2,3,5,4,2,2,3,5,4,
4237,7823,5654,5276,9758,416,3883,2860,3766,68,2766,8824,6996,5207,1627,4957,8034,7661,9070,498,7283,5877,4343,3576,1019,---2,3,4,5,4,3,5,2,5,4,2,2,2,2,5,2,4,4,4,5,5,4,2,2,4,
3332,263,5128,152,3737,2210,5924,2470,2601,519,6319,1586,3639,3772,8768,8759,6480,1370,7010,4067,5224,5227,7533,8046,9074,---2,4,2,2,3,5,2,2,4,2,2,2,2,5,5,4,2,3,4,4,5,3,5,4,3,
7667,4371,5273,2969,923,6688,673,5019,6576,1011,66,3912,6731,3413,8153,2276,5093,9195,2352,1043,9721,5498,9467,8115,5375,---4,4,2,4,2,3,4,5,5,5,2,2,4,5,2,2,3,4,3,2,2,5,2,4,2,
4481,9347,2694,7305,6541,3728,5144,2329,4778,2610,7346,6217,8543,1852,840,5705,4430,5327,2661,993,2569,5477,3689,7292,---5,5,5,5,3,4,2,4,2,5,4,2,4,4,3,2,3,4,4,5,5,4,4,5,
6187,2700,9486,2964,5663,7328,7201,7723,2096,1342,2370,3272,980,9175,6744,3296,3174,3452,8812,8302,3825,8185,3708,7550,---5,4,4,5,4,2,2,5,2,5,5,2,2,4,2,3,2,3,2,2,2,2,2,2,
9349,1415,2696,912,8081,7317,3223,5661,6941,158,4893,1200,8629,5433,5563,9276,9405,587,7508,4951,3806,4342,4088,121,---4,3,5,4,3,3,4,5,3,2,4,5,4,5,5,2,5,2,2,4,2,3,4,5,
8961,8326,391,5362,7955,2965,3229,4772,936,8233,2605,3770,1477,2893,1106,3030,5722,480,8043,6255,754,122,6523,7549,---4,3,3,4,5,2,5,3,2,3,4,2,3,5,2,3,3,5,2,2,3,2,2,4,
3712,9740,2452,3874,3238,2728,5546,2355,9911,5560,9787,7100,9929,5322,2871,4307,9428,3549,6753,3042,7219,4853,1657,1530,---5,4,5,4,3,3,5,4,2,2,2,3,2,5,2,2,5,2,2,3,5,5,5,3,
9358,9645,5912,2462,8607,3244,3885,8947,826,7583,8383,2752,961,7752,8649,458,3419,2411,4076,365,9840,7411,8767,4348,---4,2,3,2,3,2,4,2,4,5,3,2,2,2,4,5,5,3,5,3,5,2,4,3,
4100,9356,8467,4501,8345,2970,1307,9244,3998,5407,4256,753,8877,7090,4536,7739,9539,212,5845,4082,4325,614,9961,9839,3953,9714,6612,9341,---3,2,3,5,3,3,3,3,2,2,3,3,5,3,4,2,3,2,2,2,3,3,3,3,4,2,4,4,
2563,9484,1173,3096,8347,4384,4571,1316,2469,1095,940,9263,9776,3633,4147,8887,1859,9927,3468,9304,1755,7653,2407,8048,---4,3,5,4,5,4,2,3,2,2,4,2,4,4,5,2,2,2,5,5,4,4,5,3,
3716,2953,398,911,22,3746,4773,1582,9138,1078,191,6178,1988,9677,8024,1497,4699,2526,2656,1388,1139,1013,9978,---5,5,4,3,4,5,2,5,2,5,2,3,2,5,5,2,5,2,2,4,2,2,4,
9355,8332,6338,8726,6679,9881,2203,6559,3232,6440,4021,8501,4162,5578,5459,6357,470,2012,9452,6512,8820,1273,5371,---2,5,4,4,2,5,3,2,3,5,4,2,3,2,2,5,5,3,5,5,5,2,3,
9605,6032,7953,6423,2328,8481,3529,6072,1850,6717,3398,5319,2761,594,7891,7512,5980,3550,1760,866,4970,3062,9849,---2,4,2,3,2,4,3,2,4,4,3,3,2,5,4,2,4,4,2,4,2,4,5,
256,137,1804,2321,8342,2494,3994,27,3876,9773,5302,5694,713,4318,1759,4452,9489,5865,7407,4848,6389,2936,3581,---4,5,5,2,5,5,2,2,5,3,4,4,2,5,2,4,2,4,3,2,3,4,3,
2944,7510,5765,6406,6408,6159,8853,1049,8197,7717,8495,6969,7372,8403,2390,6497,3430,359,7913,2667,2927,2163,7160,---4,4,3,2,4,3,4,5,5,4,3,5,3,2,2,2,5,2,5,2,2,2,3,
5641,400,4885,6806,8344,8106,9651,3253,5949,9280,4932,8395,1996,3415,4958,2146,3557,9834,4977,5875,6132,5366,6519,---5,3,5,3,5,2,5,4,4,5,5,4,5,5,4,2,5,5,3,4,5,3,2,
8199,6412,8851,1684,2837,8730,5534,4405,1466,5181,4670,319,4292,7111,2896,9040,739,6505,618,5236,9974,631,767,---2,5,5,4,3,2,2,3,4,4,3,4,2,3,3,2,3,4,3,4,3,2,5,
6664,144,4884,3236,4263,4907,4396,8367,9655,3001,3263,6592,8773,5065,7643,5471,9570,8555,5612,9590,250,5374,---4,4,5,3,5,3,2,5,3,4,4,4,2,3,4,5,5,4,4,5,4,3,
2627,3611,2076,801,7851,687,7224,6589,2371,4513,8648,9804,7644,3421,7139,2788,4455,8301,3439,2930,9846,1149,---2,3,2,3,4,4,2,4,4,2,3,5,3,5,2,3,2,4,5,3,5,5,
6528,5504,9987,6407,6403,4633,554,435,7646,7735,1725,7359,3650,5572,7366,5309,7262,225,994,104,6639,502,---5,3,3,3,5,5,4,3,2,5,4,3,5,2,3,5,5,4,4,4,4,3,
7424,2177,9222,4106,8078,8976,5529,9379,4664,1861,459,3790,5584,8018,9940,1230,5218,9065,4463,7156,2644,5119,---5,3,5,3,3,3,2,2,3,5,3,2,2,4,4,2,3,5,4,4,5,5,
1671,6409,2713,3996,6816,4131,1963,2351,1721,573,1855,835,6724,710,4808,9292,5923,6359,5081,4315,3313,8061,---2,5,5,3,3,2,4,5,2,2,5,3,2,5,4,2,2,2,4,3,3,3,
1410,3853,3599,272,657,2578,9623,3743,1821,8222,3871,1959,5676,8242,4639,8122,6203,3260,5579,3280,8080,8041,---2,3,5,4,5,5,4,3,3,4,3,5,2,5,4,5,2,4,4,2,3,4,
5893,4488,142,5138,9255,9770,6443,813,5173,7992,4793,5573,5574,7241,4175,1877,8027,2145,8044,5010,6638,8560,---2,3,3,5,4,5,4,4,2,5,3,2,3,3,5,4,2,3,2,3,3,5,
4097,7426,643,3720,2187,8717,5269,5657,4255,2471,3499,8131,5316,8135,463,2147,231,4205,9198,5747,6781,4223,---4,3,2,5,4,5,3,3,2,2,3,5,2,5,2,4,2,5,5,3,3,4,
6538,7952,537,1399,2596,1709,5550,585,5306,1213,457,823,5324,3789,8525,7376,1490,341,5847,8924,7287,1150,---3,5,3,2,2,2,5,3,4,5,5,2,3,3,5,5,2,2,3,3,2,4,
1923,1033,9493,4374,8219,8991,6820,558,4400,8625,9782,4027,5308,4029,8521,7498,9935,6742,2653,742,2151,6388,---4,4,4,2,2,4,4,2,5,4,3,4,5,4,4,4,2,2,4,4,4,5,
5632,3457,7939,6543,6931,37,6567,3243,7983,4529,574,8524,467,6484,1880,3804,3041,7523,4329,4202,7059,9972,---2,3,4,4,5,5,2,5,2,5,2,3,5,2,2,3,3,2,4,4,3,2,
6656,2947,8583,6927,1688,1562,9501,4005,2951,8494,5163,2099,3385,62,3020,8377,2654,5285,608,6370,740,5869,8689,4859,6397,3711,---2,3,4,2,4,4,3,5,3,4,3,2,3,2,3,5,2,5,2,5,2,5,3,3,3,2,
2464,4737,7998,6660,7877,3592,3466,3069,9966,3133,4560,1171,5422,1942,8695,824,1978,2300,8989,2558,9853,---5,2,3,4,2,4,3,4,4,5,3,3,5,4,2,3,5,3,5,2,3,
5185,9104,8459,8036,2917,5729,938,4007,7698,7118,2383,8240,5649,8786,6645,5110,2041,1499,9724,5470,351,---4,2,3,3,5,2,2,4,3,5,2,3,2,5,3,4,5,2,3,5,4,
2241,5954,8836,5796,5994,2957,2153,7818,1508,9933,527,3888,2737,5554,7843,8693,7350,6265,6011,8572,61,---3,5,5,4,5,3,3,4,3,4,5,2,5,3,2,3,3,5,4,2,5,
7797,6561,7035,5617,9032,1801,5589,6155,7436,1070,591,5329,7763,2100,5909,4521,1848,155,3591,6366,2035,---4,5,2,5,2,5,3,4,4,5,2,2,4,4,4,4,5,4,3,4,5,
3843,423,3942,2567,1382,9897,8327,6546,4518,7855,9905,3794,123,3817,5785,6202,4636,1884,7130,3070,741,---2,5,2,4,3,5,2,4,2,5,4,4,2,5,4,5,2,5,2,3,5,
8130,3265,9090,9003,871,8559,3947,3459,3277,5199,3984,4642,5054,8089,3769,2650,7003,7836,8317,3027,1843,---2,4,4,2,5,4,4,3,3,5,5,2,2,3,5,3,3,2,3,2,3,
3616,8609,5507,644,3173,3494,3585,8237,1997,8206,6031,7600,9393,7187,7316,8437,3286,9144,4116,5802,8766,---3,5,2,4,2,2,2,2,3,4,4,3,2,3,3,4,5,2,3,2,2,
800,8113,8579,8854,2502,561,6345,8003,7788,6447,5744,7569,8755,372,9813,5206,279,4505,8986,1818,6517,---4,4,5,5,4,5,4,2,4,4,5,4,4,3,3,4,2,5,2,2,4,
2592,65,4866,8678,6696,3081,5386,7083,5484,4909,79,4936,6737,787,7636,661,329,3240,6076,7709,130,---5,5,2,3,2,3,3,5,3,3,2,3,2,3,3,4,3,2,2,4,5,
8975,4641,8866,9507,4678,9416,4841,2122,45,8398,189,7312,7400,8181,600,2201,7706,3035,9565,8158,1471,---3,5,4,2,2,3,5,4,2,3,3,2,2,2,5,2,2,5,2,3,4,
5248,224,3106,9475,1046,7847,2056,9449,1802,6923,1575,5890,6263,6607,1361,7926,4331,3577,9055,849,4447,---3,2,3,3,4,2,4,5,5,4,4,3,5,3,3,2,2,4,3,3,4,
260,776,6573,6160,8593,6549,6944,4771,679,6701,693,1976,1743,338,9299,9686,913,361,2770,7919,4466,1782,1662,---5,3,2,2,5,2,4,5,4,3,2,5,4,4,4,4,5,2,3,4,3,2,4,
7041,5891,9097,8337,3100,2719,1568,5793,5797,137,5818,8258,2885,5958,713,2002,1751,570,4454,4198,6506,1903,---2,3,2,3,5,5,3,4,4,5,2,2,5,3,2,2,4,5,2,5,3,2,
1728,6721,6082,5627,2630,4937,4618,7918,9949,9938,1524,9998,7577,4152,3065,3995,6556,4394,4638,927,---5,3,4,4,4,2,5,4,2,5,3,5,2,2,5,3,4,2,5,4,
9441,6850,1828,1191,2985,2224,3916,9458,1744,7217,1473,8147,5492,5781,9302,3961,7593,7673,9468,7486,---4,2,3,2,4,2,3,4,4,5,4,2,3,5,5,5,2,3,3,2,
5728,6714,3621,9141,1000,6825,9483,396,7821,844,8477,8084,187,8214,7449,9274,6459,4538,5982,3893,---2,3,3,5,2,3,5,5,5,5,5,3,4,2,2,3,3,2,4,2,
8896,8384,2723,7268,1381,6625,4844,7883,3148,525,6958,8783,1075,2515,2649,1208,313,507,4446,837,---2,5,5,2,4,5,3,5,5,5,2,3,2,5,5,3,5,4,2,4,
6849,9506,2243,8465,839,1704,5097,7306,1703,8684,6705,9891,9015,7225,8567,888,1209,9563,3068,5726,---3,4,4,3,5,4,4,5,3,2,3,3,4,3,5,3,2,5,2,2,
2473,2659,4612,4229,9185,9417,1034,3116,6738,110,8719,3120,5426,3860,887,7448,6852,8282,271,8895,---2,3,4,3,2,2,2,5,5,3,4,2,3,3,4,3,5,4,2,3,
992,2233,6018,7075,5174,7782,5833,3146,3914,4334,2191,176,5521,9571,6380,2646,2807,9465,2907,221,---2,3,2,2,2,3,5,3,3,2,2,2,5,5,3,2,2,5,4,5,
1088,2912,1156,2148,6181,842,9643,1548,2990,2512,881,9106,8307,8628,6103,2040,2265,2588,2781,---3,4,2,3,3,3,2,5,3,4,2,5,2,4,5,3,4,4,2,
3972,421,1894,3153,9224,8087,1644,8687,7912,8306,1301,6981,407,9048,6628,9743,7548,6494,5567,---3,2,5,5,3,3,5,3,4,5,4,3,3,4,5,4,3,2,3,
2848,9360,9378,7652,5669,39,905,8039,9004,3085,7183,7152,7911,6868,3477,5664,2458,1727,511,---4,5,5,4,3,3,4,5,4,5,5,2,3,4,2,5,5,5,2,
5570,6129,6355,3046,6919,1352,3427,3047,9362,2830,7362,4657,2802,6643,1461,1928,817,5084,6077,---4,2,2,5,5,3,5,3,2,5,5,5,2,4,4,4,4,2,5,
641,3779,4740,2252,2220,1198,8592,5681,146,756,3166,5145,3064,84,1722,1631,572,2046,4351,---4,5,3,4,3,3,2,2,3,4,3,3,4,3,3,5,4,4,5,
8019,6145,8227,2353,3111,6312,1962,4427,2732,5581,14,4621,6385,5075,1433,9785,6170,2268,639,---2,3,2,4,3,3,2,4,2,4,5,2,4,5,2,2,3,5,4,
5121,8547,7109,7270,4296,7785,4955,7371,8622,9163,7302,1295,5268,4919,2200,2164,7194,7675,6619,---2,4,3,2,3,2,5,5,3,3,4,4,5,2,2,5,2,4,4,
6978,6211,6859,3242,75,9196,2914,8782,7791,3512,6613,6134,4345,3224,857,7418,2906,5406,6997,---4,5,5,2,3,2,4,2,5,5,4,2,3,5,4,4,3,2,5,
3297,6947,3653,6022,4321,1992,2218,4782,3760,5105,9518,1365,7351,4753,2182,4752,4122,6302,8927,---3,3,4,4,4,5,4,5,4,4,5,5,2,2,4,4,2,3,4,
246,6148,950,8966,3505,7529,5419,2924,5425,92,9297,2229,6006,9161,6362,3291,412,5918,53,---5,5,4,4,4,3,4,2,4,3,5,3,3,5,2,2,3,5,3,
2720,7681,4034,6851,2742,3815,9289,5738,3895,3436,802,9869,9810,373,886,9751,8828,4897,6783,---4,3,4,4,5,5,4,4,2,5,5,5,5,3,3,2,3,5,3,
3776,1665,3234,7812,357,8806,8683,9836,9830,4142,7345,3923,3028,934,6040,2393,3002,6364,2373,---2,5,4,2,4,2,5,2,3,5,4,3,2,5,2,3,5,4,5,
7543,2980,5349,715,2216,5321,247,8335,2286,5103,432,4370,9111,9270,3545,9239,1849,7227,8933,---4,2,2,3,2,2,2,3,5,3,5,2,3,5,3,4,4,4,2,
8480,5280,8578,8676,2886,4711,4238,6034,6254,8432,3634,1876,5301,704,6308,8699,7676,9630,5503,---2,5,3,5,2,3,2,5,2,3,5,3,5,4,4,4,5,5,2,
5985,4514,571,7175,1387,5387,2701,719,2111,8051,1781,3551,7096,1337,5402,1147,6844,8606,9727,---4,2,5,4,5,2,4,4,3,4,3,5,4,2,3,4,4,3,4,
9888,1115,7396,5051,4305,2024,2857,5003,204,1453,3214,941,3176,5331,4503,7012,8799,94,383,---2,5,3,3,2,2,2,3,2,2,5,2,5,4,2,3,2,3,5,
5919,5008,4994,667,7509,1767,8200,3049,3143,5502,4144,2225,9339,6773,5336,3738,3803,3905,2431,---5,4,5,2,5,4,5,4,2,3,5,5,5,5,5,5,5,3,4,
9312,2849,7587,6020,1414,8387,6465,9129,1836,8357,6386,5107,2359,1892,9343,3257,3485,3134,2113,---5,5,3,2,4,5,4,5,2,3,5,3,5,4,4,3,4,5,5,
9934,2891,6375,8136,5500,8330,6135,526,495,6204,7125,9558,4215,4344,6329,9178,3067,3228,6045,---4,2,5,5,4,3,3,3,2,5,3,4,4,5,4,4,3,4,4,
9376,7553,652,1571,2052,3686,4297,9612,5271,3308,781,4206,3951,9421,7319,4025,4282,363,893,---5,4,2,4,5,3,5,2,5,4,5,3,4,2,4,2,4,2,5,
0,4987,262,4166,2683,9096,5228,3915,1452,2413,6862,1167,688,6994,3796,981,6004,7759,5117,---2,2,4,4,2,3,4,3,3,4,3,3,2,4,5,3,4,4,4,
929,8932,838,8518,7783,5448,7881,3850,5383,3165,5328,2416,6291,1909,4854,2575,9533,7038,7637,---5,5,4,2,2,4,2,4,2,2,3,2,4,5,5,5,3,2,4,
4001,386,8067,2854,3399,5161,8139,7308,333,7470,2639,4465,5746,4276,982,4952,9018,1211,4383,---3,3,2,5,2,5,3,3,3,2,4,2,2,2,5,3,5,4,5,
6690,1187,4708,8453,4580,2984,3050,5826,3919,9829,3245,6644,7940,5527,8735,1369,9499,9258,4741,---4,4,2,2,2,3,5,4,5,2,4,4,5,2,3,3,5,4,4,
160,4674,2822,522,471,109,173,5006,5711,418,1972,5205,5142,7991,8793,3066,1949,8798,---5,4,4,2,2,2,5,4,2,5,5,4,5,3,3,3,5,5,
5667,7780,2245,9020,1738,1005,7854,9007,2384,8202,7795,4213,2966,9497,8762,6415,3036,797,---5,2,5,5,4,2,2,3,5,5,5,3,5,5,3,3,2,5,
5780,9953,9412,9833,4522,8985,8463,9009,6162,4980,1081,8150,3671,3865,6591,2026,9790,4415,---4,4,5,5,3,3,4,4,3,4,3,4,5,3,4,3,3,2,
7904,5249,8280,1809,3080,6633,3402,2839,9480,7922,8120,3188,1110,3575,3192,9914,6590,5599,---2,5,4,5,5,3,3,4,3,2,3,2,2,5,5,2,4,3,
4288,237,7202,9250,8195,6057,2603,6669,5166,7887,9456,1907,3540,4469,707,5815,2296,9012,---2,2,2,4,4,2,5,4,3,3,2,3,3,3,4,2,2,2,
4050,6177,4107,2852,1285,5889,9736,8329,2347,3053,5867,1007,4448,8402,1219,2219,1496,9885,---3,4,2,5,3,3,4,2,2,4,5,5,4,4,3,4,3,3,
4164,3525,7078,5905,2568,3882,9995,9585,2513,1971,1844,7925,7031,3896,5719,1914,2077,4319,---4,4,3,3,3,4,2,5,2,4,3,2,5,2,5,2,5,4,
7579,8869,327,3400,5148,106,4939,5260,7473,5358,1839,305,8085,6792,7867,4476,510,933,---3,3,4,3,5,4,3,2,2,3,5,3,2,3,5,5,3,3,
192,7841,1474,9348,9545,1162,7243,6946,9359,7696,1107,6100,4661,8794,4575,4157,9374,7263,---3,3,3,3,5,3,5,5,2,4,4,2,2,5,2,5,4,2,
80,963,6785,5852,9326,6156,8205,9134,2669,944,9488,4595,9300,6229,4022,5180,9182,9653,---4,2,2,2,5,2,5,5,3,2,3,3,2,3,4,3,2,4,
1837,2310,9544,8713,4744,9132,1773,7054,7247,2864,5297,1554,1331,4761,9423,8380,4158,5727,---2,4,2,5,2,3,3,3,3,5,5,2,2,3,4,3,5,5,
4716,9884,6948,6693,6598,5159,7497,9644,4366,1103,1104,2161,7827,1174,7256,8601,9190,4127,---3,2,5,5,5,2,2,3,5,2,2,5,2,5,5,4,4,3,
2981,7138,3523,389,3974,5640,4010,6252,1647,1456,6609,7737,5178,2239,3676,874,7546,3231,---4,2,3,5,3,2,5,5,2,5,5,2,2,2,5,2,2,5,
4353,2722,4390,4998,6193,6889,7722,7295,8930,465,5298,8770,4150,6940,6687,8444,2986,3807,---4,5,4,3,2,4,5,4,2,5,4,2,5,3,3,2,4,3,
7431,4579,7972,1094,4999,8424,7166,2663,9903,7984,4259,2836,8565,6872,1845,7132,5310,6485,---3,5,4,2,2,5,2,2,4,2,2,5,2,4,3,3,2,4,
9954,6315,8549,2758,2535,8392,1289,2475,760,1679,4945,5650,3891,9780,4757,9112,2877,8031,---4,4,2,3,4,3,3,4,2,3,4,5,5,2,2,3,4,3,
3938,4151,2726,1425,3145,3979,5229,721,2483,6676,6622,8841,7928,9561,3967,4125,1790,6015,---3,3,5,5,5,5,4,3,3,3,5,3,2,2,4,2,5,4,
5088,4128,3275,8837,9704,5768,8235,7724,8788,3336,1394,724,7669,1463,5753,3930,7131,7134,---4,2,4,2,2,2,3,4,3,5,5,4,2,2,2,2,3,4,
5348,5989,8680,4402,178,1805,5968,6289,5202,1557,4279,397,1689,8826,7196,8698,3454,5061,---2,5,3,5,5,3,5,2,2,2,4,4,3,5,5,5,2,5,
9666,5275,6063,2791,6569,1835,4719,3407,1329,947,1716,2755,1193,6324,8123,4732,3613,4063,---5,3,4,3,4,4,2,2,2,5,3,4,2,4,4,5,3,3,
2181,5409,9282,6052,453,5250,2004,7019,3319,270,4978,4724,2519,2804,2234,732,4194,9567,---2,4,4,4,5,2,4,3,4,3,2,4,5,3,2,2,2,2,
2336,417,8834,8804,7200,6344,1036,1412,203,1427,9965,7184,5043,2998,3833,1432,4356,9371,---3,2,5,4,3,5,2,2,5,3,5,4,2,2,5,5,5,4,
288,4802,9461,105,3324,5483,7084,9391,9681,5620,885,6070,7029,916,1754,2075,508,3221,---5,2,3,2,5,3,3,2,3,3,5,3,5,5,5,2,4,5,
4992,1793,8193,8843,2451,6810,291,804,935,553,3121,690,2101,3127,7489,2244,6858,8140,6739,3670,5977,5724,1402,6499,5990,2290,2938,---5,2,5,3,5,3,2,4,3,5,3,2,4,4,5,5,5,2,4,2,4,5,4,4,2,4,3,
7950,8733,9246,33,9514,7596,6321,6068,6457,9403,6461,2750,6476,5836,1871,4436,6617,6492,5220,8166,8937,5226,5998,8125,4080,8446,---3,2,4,3,2,3,2,2,5,3,5,3,4,5,2,3,4,3,2,4,2,4,4,3,5,4,
4359,4248,2086,5290,433,6718,2368,4038,969,9930,718,8407,2904,9817,4837,5116,1262,9455,6387,7159,2299,764,---2,2,4,5,2,5,3,5,5,5,5,5,3,2,5,2,4,3,2,4,3,3,
3904,4801,8610,2851,4068,8967,1800,2154,3083,7212,1325,2861,7349,182,7287,5306,6075,3997,5790,---5,2,2,5,3,2,5,5,2,5,5,2,3,2,2,4,2,5,4,
7809,5475,8454,8145,9117,6698,4190,8143,4721,8434,8179,6932,8094,6074,3898,6426,7070,863,---2,5,5,4,4,5,2,2,5,2,5,2,2,4,3,3,2,2,
640,8228,6789,8360,8425,4842,8382,9648,5000,4498,7859,8821,9636,4730,3646,1470,9717,---5,3,2,2,3,2,5,2,3,3,2,5,2,2,3,2,5,
7554,2884,1733,1031,8668,2873,7755,1874,8856,7410,9365,2775,6776,4921,4314,7260,4671,---3,2,4,5,4,3,3,5,4,3,2,3,5,2,2,5,3,
4640,9986,6691,1158,9193,2509,7822,2221,5456,7538,7555,269,5966,4824,5460,9583,6421,---3,3,2,2,2,4,5,4,5,3,3,2,2,5,5,2,3,
8715,8805,9128,5955,6634,1355,876,8042,3725,3824,9363,9013,2682,9871,8554,8990,1503,---5,3,4,4,4,3,4,2,4,4,4,3,3,3,2,3,5,
5216,9698,803,4964,9996,2690,2062,1133,112,4849,4883,3700,6453,3705,376,9316,2079,---5,5,4,5,2,3,2,5,3,4,5,4,2,4,3,3,5,
1632,9024,3579,5917,4550,1735,4972,3150,7535,1041,6483,8374,4377,1050,7905,666,318,---2,3,4,3,4,5,3,4,5,2,3,5,4,3,5,4,2,
2048,7777,630,6631,7660,9709,2030,2256,785,7476,8949,8086,663,3608,9053,126,2325,---2,5,3,2,3,3,2,5,4,3,5,2,3,4,3,5,4,
7393,8738,2595,8132,3077,2337,7880,8906,4204,7598,8655,1392,4467,5028,3547,4156,159,---3,4,3,5,3,5,3,3,2,2,2,2,4,3,2,5,2,
6048,2277,8458,2199,2604,8175,5072,6769,6515,4218,9273,5656,665,4154,7324,7034,9119,---4,3,2,4,3,4,5,4,2,5,4,3,2,3,4,2,2,
1616,3844,5201,3495,1097,6186,9547,5648,7352,6983,1941,150,4663,8152,8665,3594,5365,---5,4,5,5,2,5,3,2,4,3,2,5,2,4,2,2,2,
1984,2529,8739,4804,6917,4040,6986,2318,5811,659,8639,2806,9369,3578,7259,7036,3775,---2,3,3,3,3,2,2,5,5,3,4,3,3,5,5,4,5,
1248,9057,2,2948,997,7686,8652,9964,5262,7215,1747,4593,1746,3347,2358,8667,9068,---4,4,3,2,4,4,4,2,3,2,4,5,5,2,5,2,5,
5120,5325,2338,7339,9221,230,743,8968,8553,9419,7117,4623,4016,5842,3605,5225,7736,---3,3,3,4,5,2,2,3,3,4,2,4,5,2,3,5,2,
5408,9979,2195,2629,5721,8391,2508,1293,9710,3025,3186,5619,2679,8697,2874,4731,1798,---3,2,2,4,3,3,2,3,2,2,5,5,5,3,3,3,4,
3521,1026,4291,7589,8775,7080,1084,8267,8397,8533,3862,7832,9628,3292,2301,1054,8965,---5,5,5,5,3,4,5,5,5,5,5,4,2,3,4,2,5,
384,9766,1028,8358,5766,232,4619,2000,5112,6046,4278,8313,7800,6425,2102,5085,7390,---3,5,4,2,3,4,3,5,5,2,5,4,4,4,4,4,5,
2307,6340,3656,2378,2668,5453,6061,3600,5265,8946,7299,3316,6805,1935,4311,6235,1322,---2,3,4,3,4,3,3,2,4,2,2,5,3,2,2,5,3,
1761,8386,5252,2273,4748,8097,9614,2322,2291,2356,5141,4887,9889,5754,6875,8154,8670,---2,2,4,4,4,4,5,3,4,4,3,4,2,4,5,2,3,
7488,3301,1701,6823,424,5820,234,1099,3981,4462,3944,4606,6360,1771,3644,6686,2527,---3,4,4,3,3,4,2,5,3,3,4,3,4,4,4,2,4,
7680,3024,2016,198,5953,8104,6284,6890,7632,5389,4302,9808,5428,6839,4057,2172,1076,---4,2,2,4,4,3,2,4,3,5,2,5,5,2,3,3,5,
1856,8485,3013,7590,4264,5834,7051,7503,3376,3698,8435,2073,9126,1401,2543,8261,2463,---3,4,3,3,3,3,4,3,2,4,4,5,2,5,2,4,4,
9537,7330,3782,8615,1001,9322,2028,2829,6158,7087,2642,9598,3637,6455,9660,5532,2942,---3,4,4,3,3,3,4,2,5,2,2,3,3,5,4,3,2,
6369,962,3875,4747,3818,6475,8430,6909,3959,8244,7221,9878,8951,7162,1151,2493,4799,---3,5,4,5,5,3,4,3,2,2,3,5,5,5,3,3,3,
4289,1634,1444,4815,8137,6542,8492,5646,7151,7439,6846,1814,4858,7099,8732,9470,2655,---5,2,2,3,2,2,5,3,2,3,5,4,5,2,3,3,3,
5200,8675,598,9479,4566,3497,7979,8716,685,307,4240,4338,3731,9750,9975,8620,6539,---5,5,2,2,2,4,3,2,2,3,4,2,5,4,3,3,5,
7394,4099,6372,9350,8426,7703,6563,4558,9647,4624,3987,4308,1653,5303,4426,765,8703,---2,2,4,2,3,2,4,3,4,4,3,4,2,2,3,4,4,
2496,2018,6371,4324,5029,5127,3215,7344,7857,5987,7998,9853,3416,5060,1978,2811,5885,3268,5247,---4,3,4,2,5,2,4,2,4,2,3,3,3,5,5,4,5,2,5,
3937,3717,3110,1002,7244,2288,3344,9446,8848,6131,1918,2902,7545,153,5658,9629,5342,2367,---3,3,2,2,3,5,2,4,5,4,3,4,5,4,5,3,5,3,
9761,5851,9253,1803,9803,5292,6381,8910,7570,9620,6709,5686,3864,5849,5274,6079,5660,8223,---2,4,5,3,2,3,4,2,4,3,4,4,5,5,3,5,5,4,
2976,9793,5090,4611,4203,7625,4298,5323,2124,8365,7342,899,7380,8245,3704,2878,---2,3,4,5,2,4,5,3,3,4,4,4,3,4,5,4,
8288,8672,3011,8709,9062,6279,1065,6093,5699,5235,870,4825,3544,5177,7485,2270,---2,2,2,2,3,5,5,4,2,3,5,4,4,2,2,3,
5312,2960,3651,8105,4074,8651,5935,976,946,4019,6550,1993,6313,5647,6173,6078,---2,4,5,3,4,5,2,5,5,2,3,3,3,2,2,4,
4064,289,7619,1764,2406,5505,6125,1966,2481,7378,4758,282,6140,314,478,7999,---4,2,3,2,5,5,3,2,5,5,2,4,5,3,3,4,
6464,3136,4323,9607,8491,6220,8589,8269,3377,9266,6419,6136,1851,2140,8370,5439,---5,5,2,3,4,2,2,2,2,3,5,4,4,2,4,4,
6306,4644,9382,454,4072,2762,8482,2733,6024,4610,7124,3894,966,2905,7007,1128,---5,5,3,2,4,5,5,3,3,2,4,3,5,4,5,5,
7745,3334,5031,7016,6410,3470,8723,5458,4755,6037,3510,1687,4698,380,5904,6527,---5,3,2,4,5,5,5,3,3,3,4,2,4,2,3,5,
7936,8705,6883,4421,7655,490,1071,4928,1745,402,1878,9752,5850,5339,762,8414,---3,2,4,3,5,5,4,5,4,4,5,3,2,5,5,4,
5007,7942,7435,9388,2994,8526,1421,3346,5491,6581,9334,5463,1439,7069,5246,1311,---4,2,4,4,3,3,2,4,2,5,2,2,4,3,4,5,
1601,3,296,7753,4650,1101,8557,5042,4532,9718,1239,4024,6905,6491,4948,2799,---5,4,5,2,3,2,5,2,3,3,4,4,5,2,3,3,
6402,8291,8901,5671,3752,6428,9143,8685,8284,6290,73,4570,5855,9852,1853,8069,---5,3,3,4,5,2,2,4,4,4,4,3,2,2,3,4,
4609,6347,3620,9606,6854,1320,4489,8331,1136,9288,6966,169,5466,8443,7197,4030,---5,5,5,4,3,2,4,5,2,4,4,4,5,4,3,2,
9731,1035,7182,5400,6047,6560,4388,7205,7595,9649,9151,7136,706,1989,8006,1867,2658,217,6368,6882,6244,4287,6900,9663,1534,---3,3,3,3,3,5,2,3,4,2,4,3,4,3,3,4,3,2,5,4,4,5,3,4,2,
9729,5896,3225,4378,8815,5535,6821,4273,808,3241,7601,6979,9037,6221,8530,7123,1118,3679,4705,1512,7658,8303,9083,6014,4095,---2,4,2,3,5,5,3,5,3,2,2,3,4,2,2,3,3,3,3,4,5,2,2,3,5,
8706,7304,5392,274,5272,7108,4382,8774,5415,3759,3761,1202,7612,9021,7236,8902,9799,8546,4047,5712,4313,6748,5853,5474,7294,---4,5,4,4,5,4,5,3,3,4,4,4,2,4,4,4,3,3,3,3,3,2,5,4,2,
960,3680,9524,6027,1828,5093,6657,2120,4843,7085,6688,1736,83,7828,5781,7257,6583,1529,3194,1191,3413,---3,5,3,5,3,3,3,3,5,5,3,5,2,3,5,2,5,2,3,2,5,
5440,674,1092,9192,8599,7993,4143,4904,1717,9719,9336,569,7391,5693,9375,---2,4,4,4,3,3,4,5,5,3,5,3,4,3,4,
3335,9671,5897,266,1335,6382,2001,4886,8441,7704,7321,9819,9436,241,7455,---5,3,5,4,3,4,2,5,2,2,4,2,4,4,2,
6432,6913,3619,2746,5801,4960,6572,78,2736,593,1234,8756,6874,6842,3390,---4,5,5,3,2,4,3,5,5,5,3,5,5,3,2,
769,6085,2753,1865,4873,199,7628,6606,5074,2484,2486,7689,4735,1469,9733,---3,2,4,2,3,2,5,3,3,5,5,4,2,4,3,
9665,5346,9603,4709,7336,2440,6253,6704,1553,8850,5913,8025,3816,1246,2213,---2,4,2,3,3,3,4,5,2,4,5,4,2,5,4,
3812,1957,8422,4680,6414,2703,9936,5361,5939,5172,8262,9591,6233,5076,7453,---2,4,5,3,2,5,5,4,3,3,5,3,2,2,3,
8353,6210,1699,7525,4134,4713,1770,2082,8591,6353,7971,8886,9059,6108,9290,---3,3,3,2,2,5,5,2,2,3,2,2,2,4,4,
8100,6309,4934,7466,909,6830,557,2032,6706,2675,1620,8858,6555,6266,7155,---5,5,4,5,5,3,3,3,3,2,4,3,3,5,5,
4539,3076,7976,3255,1004,2190,4349,5969,2548,7502,7927,9146,6139,1533,3582,---4,4,4,2,2,3,5,4,3,2,3,5,4,5,4,
9440,6498,9187,1093,2421,2983,2602,2695,2287,2098,3251,4149,1207,9578,3685,---5,5,2,5,2,2,4,4,4,4,3,2,4,4,2,
4224,539,4439,4931,5988,4265,7594,267,9335,2354,6486,8023,6779,3965,4479,---5,3,5,3,5,2,4,3,4,5,2,5,2,4,3,
7561,9602,8681,1445,4553,2314,8290,6658,6771,4117,2551,9016,9404,702,1695,---5,3,3,4,5,3,2,4,2,4,4,5,4,4,3,
9792,1056,633,8489,5482,172,7565,7280,8274,1555,3604,4085,7479,2380,7097,---2,5,3,3,5,2,5,3,5,5,2,2,5,5,4,
3328,4385,8647,9575,136,2345,2257,5963,6029,6286,6831,9745,8727,7161,479,---4,4,3,3,4,5,2,3,2,3,2,4,4,2,2,
8960,5344,4258,6668,5774,3537,5940,8270,3606,1271,4404,4188,7581,414,6175,---5,4,2,4,5,4,3,3,3,2,4,5,4,5,4,
5792,2881,930,4902,7408,8712,8201,775,1965,1998,720,1376,8919,346,1438,---2,3,2,3,5,5,4,3,4,4,3,2,3,5,5,
7584,257,6756,7174,5830,4794,714,7373,942,4429,6675,3447,9625,2202,509,---4,2,4,4,4,2,2,3,2,2,4,2,5,4,2,
4996,6278,3722,1259,4270,1424,2072,3538,1491,5720,3492,6682,5499,4861,382,---4,3,2,3,4,5,4,3,3,4,4,5,2,2,5,
5856,9825,4706,5571,101,2439,488,1660,4077,303,6928,5154,9769,6972,4381,---4,2,3,3,4,3,5,4,3,4,4,2,2,2,2,
9472,4923,6437,1832,4905,2251,6540,8496,7603,3380,5846,9976,5881,699,8091,---2,4,5,2,2,4,3,5,5,5,5,3,2,3,5,
2691,517,9355,8726,9881,2203,6559,1057,5922,9387,8881,2740,1341,4686,5459,9166,470,1498,5863,1778,8820,1142,---2,4,2,4,5,3,2,4,3,5,4,3,2,5,2,2,5,3,2,3,5,4,
6178,6755,8696,8551,2953,7210,7915,332,9261,3310,8024,4913,3691,1812,8885,5016,1497,2906,3082,---3,5,3,5,5,4,5,3,3,3,5,2,2,2,5,4,2,3,5,
480,5171,1925,9320,8361,9207,9389,9102,6671,2609,1106,7923,3449,7065,5722,8156,3229,9534,---5,2,5,3,4,2,3,4,3,5,2,4,5,3,3,4,5,2,
8576,5858,1768,1732,902,2438,4743,3304,7946,1932,7725,590,9608,5715,9218,2842,602,---3,2,4,3,3,4,2,3,5,4,3,2,2,4,5,5,2,
8075,8587,6511,9712,3441,3075,3892,1780,5430,8541,1016,5108,3258,2415,1711,2302,7615,---2,3,4,2,4,4,4,2,5,3,2,4,4,4,5,5,5,
1729,1762,7555,269,3626,4684,5357,462,9295,1937,4787,596,6509,5460,3162,7835,9546,---5,2,3,2,3,2,5,4,3,5,4,5,2,5,2,5,2,
7233,163,7430,6887,7528,6337,1227,4140,4811,2872,3636,213,3224,7418,8381,1857,---2,2,2,5,5,2,3,4,3,5,2,5,5,4,4,2,
5569,1123,2212,6149,5761,2952,4554,5451,2319,6196,8662,3415,71,1276,6847,---2,3,2,5,5,2,4,5,2,4,4,5,3,5,5,
4544,4485,4903,746,5675,333,1519,7894,4628,542,4214,9946,6939,9054,1573,---4,2,3,5,3,3,2,5,4,2,4,2,2,5,4,
3504,6915,7044,7461,9576,9801,2538,8880,6920,5397,2490,891,9466,8926,---3,5,2,2,4,2,4,3,3,2,3,2,5,2,
8891,7556,9637,3366,7399,3274,5005,4145,4277,7962,7515,5258,2590,3498,---3,2,4,4,2,2,2,2,3,2,2,3,2,3,
2784,3139,7077,8198,1226,7211,8013,8045,9170,1779,7924,5943,5083,6271,---5,3,5,3,3,4,5,5,3,4,3,4,3,5,
7520,8603,1700,1189,6566,3754,3211,6444,4173,6002,6328,4058,9723,8058,---4,2,2,4,4,4,3,3,4,3,5,2,5,4,
2560,5089,2019,2789,5382,1224,3178,8363,4332,2126,7440,2676,2071,601,---5,4,4,5,4,4,4,3,3,4,2,5,2,4,
9505,1830,2472,3838,9741,1358,47,1326,5421,311,5455,3837,3326,8863,---3,3,3,4,2,3,5,5,3,4,2,4,5,3,
9600,7937,3973,4647,3593,6169,6892,6574,6128,8531,7348,1673,7385,3933,---5,5,5,2,5,3,2,2,4,3,2,2,3,3,
8673,5251,7718,712,7209,5096,7901,6856,515,9908,252,2553,2428,5053,---5,3,4,3,4,3,2,4,2,2,4,3,5,4,
7938,4707,581,615,5673,906,5772,9873,2739,8534,4312,9338,2620,442,---5,5,2,2,4,4,2,3,3,2,3,3,2,3,
9473,3842,1572,2599,2282,9323,2194,7982,4495,9042,3958,3099,1418,2430,---2,2,5,3,3,3,2,3,4,2,5,3,5,5,
1952,3168,8163,4337,9962,1585,5741,5901,17,6197,343,5432,5050,9994,---4,3,5,2,2,4,2,2,2,2,4,3,2,4,
448,1488,6213,4170,8747,2188,589,366,6608,9202,6837,2007,7058,3872,---2,3,5,5,4,4,3,3,2,5,2,4,2,3,
5025,1730,6179,3975,6956,4738,2734,3151,6065,1155,565,5238,9084,8597,---3,3,2,3,5,3,4,3,3,2,3,2,4,2,
1120,1633,9798,3949,5548,5708,1549,5101,8272,9361,7413,2198,3183,6782,---3,4,5,2,5,4,4,4,2,5,3,2,5,5,
6336,8707,7110,9137,6828,653,5518,6547,8657,1763,2231,9530,5595,1692,---3,5,4,4,5,3,5,4,4,4,3,4,5,5,
6536,2727,8456,4924,9867,5486,1199,5233,9366,7375,4604,2045,8190,2943,---3,3,2,5,3,5,5,5,3,3,3,2,3,4,
4993,2306,8388,5317,1639,9928,9870,6992,2536,6707,6901,9627,1116,7870,---4,2,5,3,3,3,5,2,2,5,5,5,2,5,
9217,6914,2435,5892,6294,9865,5135,6929,6467,534,3460,7967,7095,9152,7235,455,7626,2379,3411,4065,8040,8428,6258,636,---3,5,3,3,3,3,4,4,2,2,4,2,3,3,3,3,3,4,3,5,3,5,3,3,
5698,5995,9379,2918,2344,9065,9611,3276,7597,1230,5584,5416,4627,3092,6990,1861,7156,9222,2779,860,8078,---4,3,2,2,2,5,2,5,2,2,2,4,2,5,3,5,4,5,5,5,3,
8128,7490,7875,2853,6822,8354,9495,1784,8637,2193,9110,1333,3574,7959,3256,8411,4443,6908,8229,8098,---3,2,2,2,5,2,4,4,5,3,2,4,3,3,2,4,5,2,3,2,
8864,831,8278,4871,5687,5981,592,9969,9682,3828,3877,7606,2967,8377,1562,4859,3385,5285,---2,2,2,2,2,2,3,4,2,5,5,5,2,5,4,3,3,5,
3809,9763,8741,582,4551,1962,6039,2732,5549,3472,3985,8019,4592,1847,1433,9788,7141,---3,5,2,2,2,2,4,2,5,3,5,2,2,4,2,4,5,
0,5153,834,2883,8618,4987,3747,8974,981,451,3662,345,7769,9114,9599,5117,7445,---2,2,3,4,5,2,5,4,3,2,5,3,2,3,5,4,3,
8769,7586,7621,7880,1514,4204,6530,4482,9298,3284,7598,8569,7668,3706,2335,1663,---2,2,2,3,3,2,5,3,4,4,2,5,2,4,3,3,
7747,9159,4168,812,1868,6318,4600,3363,2292,1270,7608,4089,2782,---2,2,3,4,2,4,5,4,5,2,5,2,5,
7297,9115,4742,513,2840,7310,3663,8720,977,8568,6777,9275,7004,---2,3,4,4,5,3,4,5,2,4,5,5,2,
4450,99,1319,7177,4874,8813,7341,6356,7865,9560,5369,3899,1020,---4,5,2,3,3,3,5,2,3,4,2,3,3,
9633,964,6757,8840,5033,5037,8623,3696,9619,2774,922,1595,2333,---4,3,5,4,4,3,3,2,2,5,2,2,4,
4675,8055,9033,6999,1324,2445,9551,8803,5027,6871,8079,3197,1182,---3,2,4,2,3,5,5,4,5,4,3,5,4,
1860,8874,6988,5070,5848,3570,7892,8021,5750,6936,196,6683,2847,---4,4,5,4,4,4,3,3,2,3,3,2,2,
7674,3813,3721,4301,3854,4176,2673,3826,8694,3386,3963,5149,2783,---5,2,4,3,5,4,3,2,2,5,4,4,3,
8001,726,5798,6401,8168,201,3125,5910,2039,4602,7803,6332,4789,---5,4,4,3,3,2,5,2,2,3,3,3,4,
806,7239,8008,3434,8523,5393,4531,8277,7274,2295,3355,1820,4458,---5,3,3,4,4,4,5,4,4,5,4,2,4,
4417,1541,5553,8297,6763,5932,5585,4818,5652,4694,1175,1964,8969,---3,3,3,3,2,3,3,3,5,3,5,5,5,
290,4975,8870,3462,8191,4872,748,300,8047,7878,145,1135,9279,---5,4,5,3,4,5,2,5,4,5,3,2,3,
9155,5540,1577,586,3159,8718,1650,691,4692,9943,9850,2652,778,---5,4,2,4,3,3,4,5,2,5,2,4,3,
5872,2819,4806,6282,3519,115,8497,1407,9557,9559,634,3195,1951,---3,2,3,4,4,3,5,5,5,4,3,4,4,
5186,7300,6653,1610,2572,5122,9774,559,3921,1912,955,3356,3901,---4,2,5,2,2,5,3,4,3,3,4,2,4,
9923,9988,4502,5639,2939,7285,2134,4121,1593,7487,1244,215,821,---3,3,5,2,3,2,4,2,4,5,4,5,5,
931,3396,9893,9094,8007,4105,2794,8839,5102,211,4363,8287,485,---2,3,3,3,2,2,5,4,4,4,2,3,5,
9281,9771,9990,8777,7115,2157,2159,6225,3730,7733,3033,4412,6333,---4,2,2,4,2,3,4,4,5,2,3,2,2,
5539,8389,2348,875,4236,6767,4847,7920,8466,6099,4983,9496,3003,---5,4,4,5,4,3,2,4,4,3,3,3,2,
5126,3980,4946,9454,8944,7026,4915,5332,7320,5210,2875,1308,9183,---4,2,4,3,4,2,3,2,2,3,3,4,2,
9826,2468,7557,4966,6993,3768,3564,8962,1070,5617,6452,2100,1848,9556,2500,7035,9116,7898,6366,1215,---3,2,3,2,4,5,3,4,5,5,2,4,5,5,3,2,5,3,4,5,
3427,4357,1928,8457,2634,9165,2830,4944,3601,6355,1460,5614,6102,375,9593,5946,6077,---5,3,4,3,4,4,5,2,2,2,5,2,3,2,2,5,5,
6274,3141,5926,3116,5426,3246,541,8624,7313,6738,6870,6167,3448,2038,271,3677,---5,2,5,5,3,4,3,5,4,5,4,2,4,2,2,4,
2305,9286,8646,7240,8265,845,13,4568,2505,408,2586,8604,---3,5,3,4,4,2,3,2,4,3,5,4,
3873,4294,873,7179,7021,4090,5522,5975,3609,1882,26,926,---2,2,2,4,3,2,2,5,3,3,5,5,
1920,1063,8552,9705,7690,6765,8328,7381,4953,5245,3614,1791,---5,3,2,2,4,5,2,4,3,3,3,4,
9827,4870,6727,3785,4935,3405,3598,8632,3160,8729,8922,8955,---2,5,4,3,3,3,2,3,5,5,4,4,
5979,9156,988,8010,5068,1838,6227,5140,9081,180,7547,2364,---3,3,5,3,2,2,3,5,5,4,2,2,
3808,5600,5986,4197,8028,9775,7056,4310,6071,5372,4094,3845,---3,5,2,3,5,3,3,4,2,3,5,3,
3137,8898,7627,9540,5611,5282,5902,2066,8473,3739,4316,5822,---3,5,3,2,4,3,4,2,5,4,5,3,
9569,1250,4425,6122,5100,6104,3093,5559,7576,5789,7934,7167,---5,3,5,4,3,2,2,5,4,5,5,2,
8448,8289,1795,8964,5558,8746,2827,6478,437,3734,4823,2552,---5,3,2,5,2,5,4,4,3,4,4,4,
5512,5354,555,2702,3216,1905,818,6963,5879,9051,8700,829,---3,3,2,3,3,4,5,3,2,2,3,3,
7844,4807,4552,3751,4335,3474,2419,1236,7574,8663,9220,1183,---3,2,3,3,3,2,2,4,3,3,3,3,
3073,54,7079,8076,5839,4496,181,3446,4477,6200,4637,2142,---3,2,2,4,3,3,2,3,3,5,5,5,
9216,7945,4422,2343,9321,103,6732,6845,8688,4309,1111,8573,---4,2,3,4,2,3,3,5,2,3,2,2,
7744,8544,2498,4925,8873,371,8590,4253,6812,4115,1532,6652,---2,3,4,5,4,5,3,3,4,2,4,3,
6049,6626,4420,8005,9095,265,7018,8514,9902,5871,4629,1893,---2,4,3,3,4,2,3,4,2,5,3,4,
4193,1539,6150,6,3435,972,7002,2097,2867,8090,2716,669,---5,2,4,4,5,4,3,2,4,3,5,4,
3939,4676,9800,6863,2707,2708,9237,5974,4185,5626,1659,8373,---2,4,2,5,4,4,2,4,2,5,5,5,
736,1025,5064,8860,1869,4845,8336,168,9109,7640,4410,8508,---4,5,5,2,4,2,4,3,5,2,2,5,
4130,5828,3205,4199,1870,7377,6867,4181,2678,3546,8315,1279,---4,2,3,5,3,3,2,4,3,3,5,4,
4192,9451,2756,5701,939,1373,625,5214,5764,4797,5854,6053,---5,2,3,3,3,5,2,4,3,2,2,4,
544,1825,795,5608,1513,3370,3312,6224,7633,2258,6003,6395,---4,2,3,4,5,4,2,3,5,5,4,2,
9443,7204,9992,1362,8814,9424,850,3445,1080,3226,7771,1214,---3,2,4,2,2,5,4,2,3,2,5,2,
3840,9313,8994,9573,1606,7232,3630,7289,9208,9401,154,6427,---5,3,4,3,3,4,4,3,5,3,2,4,
8002,7269,6663,8460,6379,1887,6623,8410,1275,7837,7198,6655,---3,5,2,4,3,5,3,2,3,2,2,2,
9670,7050,4459,1580,7757,1902,7664,4210,8275,2487,8311,8253,---2,5,2,3,2,3,2,4,5,5,4,4,
9122,5412,2790,697,8876,4914,717,8017,9490,1305,8057,5602,---3,4,3,5,2,4,3,5,4,5,3,2,
8807,425,2476,1457,1522,2751,9430,6199,2744,4347,9149,3647,---3,5,2,4,4,4,2,2,4,4,4,5,
3169,7943,8234,6471,9678,6685,7088,597,6647,2521,2492,8445,---3,2,3,2,5,2,4,4,2,4,2,3,
4704,9058,9333,8918,520,8012,4943,4109,3534,3311,8626,3571,6836,7957,3542,9050,4527,7966,6367,---2,2,2,4,5,2,4,5,5,5,3,4,5,5,4,3,4,2,4,
9088,2544,5506,6692,6789,5000,3305,2453,6768,1811,9717,5594,3675,8797,8382,8821,---3,5,2,4,2,3,3,2,4,3,5,3,3,2,5,5,
512,1665,8436,9830,8806,2940,3530,7213,7024,5970,4275,3520,4537,3002,3776,474,---5,5,3,3,2,4,5,3,5,2,4,4,5,5,2,5,
6209,5570,4803,6470,3729,1256,5450,1995,5806,1967,8816,4561,2802,6643,5084,---3,4,3,3,5,5,2,3,5,3,3,3,2,4,2,
7266,5347,9316,2855,4009,1386,6796,1133,2062,5519,112,798,7773,285,3774,---4,2,3,3,2,4,5,5,2,4,3,4,2,4,2,
1376,2881,3266,4419,4006,8712,3019,9548,3906,1304,3480,2843,5725,3038,---2,3,4,4,3,5,2,5,5,5,5,5,3,4,
6432,6084,2746,5244,6826,3563,593,2006,3000,7833,5978,796,2909,5338,---4,5,3,4,3,3,5,3,3,3,5,3,5,3,
3008,9828,2725,2118,5287,7049,4972,3150,399,1041,4533,5816,3450,5190,---5,2,3,4,4,5,3,4,2,2,3,2,4,2,
3488,1505,2178,4010,299,1100,8724,7326,2391,5211,3548,6558,3231,---4,5,3,5,5,4,3,2,4,2,2,4,5,
5473,4354,9168,1990,7592,4681,3021,143,5136,6482,1819,---3,4,4,5,2,3,2,5,2,2,4,
2405,2408,1707,4677,6320,4113,4697,9177,9855,9597,7423,---2,3,5,3,2,3,3,4,4,2,3,
3155,7237,5895,3273,9835,4493,243,5013,9816,347,3583,---3,3,3,2,4,3,2,5,4,3,5,
4391,5223,1131,2447,1681,915,3156,8502,9887,7516,3103,---4,4,2,3,3,5,3,5,3,3,2,
832,3683,261,6095,5360,2033,4434,403,1367,9017,7357,---2,4,3,2,4,4,5,4,3,4,5,
737,5794,7403,5413,651,6926,5489,4820,1237,7639,6587,---5,4,5,4,4,2,5,4,3,2,4,
3140,1654,3943,9000,2539,2381,2094,752,7477,2870,8318,---4,2,3,2,4,3,4,3,5,4,2,
2724,2570,3596,3034,5873,309,9879,4728,7642,9306,949,---2,2,4,5,4,5,3,4,4,2,2,
738,9030,3016,4233,4586,975,7794,7893,8186,4234,670,---4,4,3,2,4,5,2,3,4,4,3,
2593,7140,9413,7047,7309,4046,8596,4917,3478,5819,477,---3,4,3,5,2,4,2,3,4,2,4,
3684,5925,6599,8616,8074,4048,9512,5464,4826,1192,6525,---4,5,3,5,5,4,4,3,4,3,4,
9568,2608,1954,1635,1675,2764,3920,3090,9107,9664,4765,---3,5,2,3,5,5,5,3,4,4,3,
6405,5991,7768,9707,6860,621,7761,3539,312,2611,7103,---5,2,2,3,5,5,3,2,2,2,2,
9922,323,3432,5132,2956,9837,2606,5296,9491,757,5015,---4,5,5,4,3,5,2,3,5,4,3,
128,642,8517,1287,10,8469,2392,858,8220,6877,8638,---4,3,2,4,4,4,2,2,5,3,4,
8928,3333,3371,3948,4850,5431,7866,4155,2524,9982,6975,---5,5,4,4,3,3,4,4,3,4,4,
3233,7499,9420,3726,5359,9843,3509,790,727,9211,3999,---2,4,2,3,4,5,2,3,3,2,3,
5001,5645,3086,8341,1566,8736,1061,1579,8108,4014,4401,9394,6715,8252,1597,5311,9026,9669,72,1741,4814,5073,4317,991,8161,7611,8294,3957,2297,5759,---2,5,2,3,3,2,4,5,4,3,5,3,5,3,2,2,3,5,3,3,3,4,5,4,4,5,4,4,5,4,
4715,3463,3724,8334,4367,5651,5653,5659,3615,6436,3749,2214,6457,8506,9403,4285,1643,5965,1871,6869,6617,5723,7645,5947,8937,5355,2684,---4,4,3,2,2,4,4,5,4,5,2,2,5,3,3,5,2,2,2,4,4,5,5,2,2,3,5,
2048,646,4231,2828,7697,2325,9367,8600,1702,7476,7093,1079,5212,9053,734,3295,5094,8935,7660,9709,5230,3442,7539,9206,119,---2,3,5,4,4,4,5,5,3,3,5,3,2,3,2,2,3,2,3,3,2,4,5,2,3,
2848,5664,7527,7652,7152,7911,1032,905,6635,3404,7853,9360,9970,8405,9753,836,2458,4762,---4,5,5,4,2,3,5,4,4,4,5,5,4,2,4,2,5,3,
6465,8387,4900,8838,2534,3144,9129,4247,6604,2359,8088,6778,9343,8188,3485,3134,7679,---4,5,3,2,4,2,5,2,5,5,5,5,4,3,4,5,2,
9963,8360,4842,1525,6637,5615,9648,5000,5682,7859,6164,7582,4851,4015,3646,9749,---2,2,2,3,2,4,2,3,3,2,5,4,4,5,3,5,
2785,3935,4517,8617,5898,6493,8208,5138,2387,254,7992,8027,9770,1629,5573,---5,2,5,4,3,4,4,5,4,4,5,2,5,5,2,
192,7841,945,3112,2991,2256,2376,7314,1107,3252,9399,1108,4123,9374,9471,---3,3,2,2,3,5,2,5,4,4,3,5,2,4,2,
7873,1445,2215,7561,2314,6864,6771,7388,533,3094,8312,1241,5787,4117,9023,---3,4,4,5,3,4,2,4,5,5,3,3,2,4,4,
869,7560,4651,4076,9645,6062,6640,1298,7411,7758,7414,8540,2685,---4,2,3,5,2,3,4,2,2,3,3,4,5,
6304,7168,5411,2535,8392,6667,5900,2168,1528,60,5800,2398,---4,5,5,4,3,2,4,5,4,2,5,4,
7138,4059,6212,8134,461,5777,6418,6995,2196,8762,3835,5629,---2,5,3,4,4,4,4,5,5,3,4,4,
838,1126,9523,6283,8364,6349,1038,4888,5555,2712,3165,8159,---4,4,4,4,5,4,4,4,2,2,2,2,
1185,1483,9254,4966,5767,3623,6219,1521,3572,1435,7231,---3,3,3,2,3,3,5,3,2,4,3,
4844,8872,649,9291,2386,2061,3341,6481,6578,5299,1630,---3,2,2,2,2,2,2,2,2,2,2,
320,2786,3496,2556,7947,7506,9267,9748,8796,2174,---3,4,3,4,4,3,2,3,5,4,
450,3204,1926,5293,6801,8761,7480,9145,1340,9503,---3,4,3,3,5,5,3,4,5,5,
4868,7558,1321,9642,3122,1677,3762,4179,1371,543,---5,2,2,4,2,4,2,2,5,5,
610,516,2412,2705,3379,4949,3513,5786,3484,1277,---4,2,3,3,5,4,5,4,5,5,
293,1420,6605,9616,7443,1364,4180,9370,4927,9823,---3,5,5,5,2,4,2,3,3,4,
5217,9251,8970,7819,1933,6292,1302,7996,1098,4031,---3,2,4,3,5,3,2,3,4,5,
7104,2480,2050,7719,1383,5231,9200,4817,9103,3836,---5,3,4,5,2,4,4,5,4,2,
7361,131,3397,3757,2866,755,4565,3767,2047,4581,---3,3,2,5,3,3,3,4,2,2,
1312,8771,8325,7494,3753,395,7635,1749,2108,8101,---3,5,4,4,4,5,5,2,3,5,
5024,5123,2308,4555,2542,5713,4791,3288,379,475,---5,3,3,4,2,4,2,5,2,3,
1346,5956,5541,5992,5488,2577,4979,2165,7353,956,---4,2,2,4,4,3,5,3,3,5,
5921,9634,6694,1292,5551,9907,7444,8182,5561,2941,---3,4,4,5,2,4,4,5,3,2,
4195,7749,7816,9002,6190,8658,1363,1396,5454,3423,---3,3,4,3,4,5,5,4,4,5,
3172,4071,3369,3627,4974,3503,1713,2009,3130,6109,---5,4,2,5,5,5,2,4,5,2,
5760,3586,6504,8905,811,562,8754,21,7705,5756,---2,2,2,2,4,2,5,4,5,4,
1956,2821,9734,9863,5930,6925,8941,7730,9532,7902,---3,2,3,3,5,4,2,4,4,4,
8548,2949,5609,6092,4590,3088,1777,8371,3220,5758,---2,4,5,2,5,2,5,3,3,2,
7552,9595,2022,4392,1323,6797,9087,8539,9438,5983,---4,4,2,3,3,4,3,2,5,2,
8000,5441,5666,3203,4838,2666,8155,1948,830,4831,---2,2,5,5,4,2,3,3,3,5,
9411,7384,1552,3249,1428,6166,4280,8180,2780,7188,---5,5,5,5,5,2,5,3,5,2,
1504,1030,3302,6025,3501,5709,6450,2697,9019,9085,---2,2,5,2,2,4,5,3,4,3,
6532,645,7322,6300,9757,8479,34,6570,6317,7222,3383,3897,9535,2119,843,2253,4049,2003,4182,4695,9432,3802,5596,4573,7412,---3,5,2,2,5,4,2,3,4,2,3,4,4,4,5,3,3,4,5,5,2,3,2,5,5,
5384,7562,2315,1678,9233,5783,281,4764,5537,3868,4017,4542,8127,464,9047,8671,6499,8936,924,1518,8304,4456,632,890,---3,3,2,3,4,4,3,5,3,4,4,3,5,5,5,2,4,5,4,2,2,2,5,2,
3265,8130,3107,8484,871,7977,9003,3459,210,5199,3984,1112,3922,1843,4642,1910,2584,3027,7003,5022,---4,2,2,4,5,5,2,3,2,5,5,3,2,3,2,5,5,2,3,2,
4225,5667,3673,6216,6044,1738,4492,334,6415,4563,7573,2966,5497,9497,9007,3036,797,---3,5,3,2,4,4,3,2,3,2,3,5,2,5,3,2,5,
7072,6083,8068,3527,2024,4073,9293,1453,4305,1115,5526,2857,4632,5051,94,4895,---5,5,2,4,2,3,2,2,2,5,4,2,3,3,3,2,
1344,4834,4965,4584,3223,5661,5776,8081,8690,121,4729,1626,5563,6941,3903,---5,3,2,4,4,5,5,3,2,5,3,3,5,3,5,
3918,9637,689,3433,5258,6734,3152,1617,9171,277,9077,8654,7006,4863,---5,4,5,3,3,2,5,5,2,4,5,3,2,3,
6912,411,9636,1638,9035,7949,4498,9043,7284,2453,8228,3675,9469,5023,---2,3,2,3,2,5,3,2,5,2,3,3,5,3,
6689,9666,387,415,3879,827,3407,6324,4693,8022,5275,2748,3102,4063,---2,5,4,2,5,5,2,4,4,5,3,3,4,3,
7523,5543,9815,6237,9520,2865,9746,6931,5367,9784,4529,1880,3709,---2,3,5,4,2,2,2,5,3,5,5,2,3,
3248,7754,8491,6220,6702,7727,9072,1426,1974,5528,8026,2140,---5,5,4,2,3,4,4,5,3,4,3,2,
9536,3361,167,2826,2636,9521,6352,8977,9172,2609,---5,5,5,3,4,4,3,2,4,5,
7872,6050,5,9672,749,4111,2103,3672,4431,---4,5,2,3,2,4,4,5,2,
422,1286,175,3665,6741,6614,1592,8281,2581,---5,5,4,5,3,5,3,4,2,
7716,1129,6699,9838,20,4341,1816,2457,1012,---2,2,4,5,3,2,2,3,2,
7493,9418,4364,2093,1714,4947,4601,2044,5637,---2,4,5,4,3,5,3,2,2,
3595,1264,5170,2324,3285,6392,2362,1980,671,---5,3,3,2,4,4,4,3,3,
97,6171,487,4267,5388,5232,82,4187,95,---3,4,3,2,2,4,2,3,4,
4578,6343,6729,9579,1006,656,1010,9305,1567,---2,5,3,3,4,3,2,3,3,
2080,489,4759,1196,6351,4268,1228,6422,5257,---5,5,3,4,2,5,4,3,4,
865,1986,4293,6791,8871,6514,759,8889,1436,---4,4,4,2,5,2,5,4,3,
5633,8419,2084,7363,4583,8073,8883,6935,4767,---3,5,3,4,2,5,4,4,3,
6594,7427,4132,5961,1260,4146,5490,730,4666,---5,3,5,2,3,2,2,5,2,
4033,9283,69,6445,5487,8020,6137,4986,6907,---5,3,5,2,5,5,2,3,4,
3940,4041,9967,7826,9924,7990,1881,2555,4252,---4,3,5,3,5,4,5,4,2,
1060,4423,4777,9487,222,9909,6041,6620,766,---3,3,4,3,4,3,5,2,2,
4995,3345,6951,7053,1720,1523,4788,4856,9661,---5,2,5,2,3,3,2,5,2,
6275,2564,7242,6413,7055,1968,6276,7133,6815,---3,3,4,2,3,5,2,2,2,
59,7622,8393,3755,8588,8015,3417,4399,4892,---5,3,4,3,2,2,5,4,5,
2081,315,8296,682,2446,4564,3573,2267,1979,---2,2,3,4,4,2,2,3,3,
8802,2248,6697,7970,3213,3763,8822,7929,7551,---5,2,2,3,5,5,4,5,5,
576,8833,2401,9259,8305,3955,4468,2838,3352,---4,5,5,4,2,4,2,2,5,
9764,5606,2833,2125,7693,5745,4981,4472,2879,---2,5,4,2,3,4,5,2,2,
7048,2953,398,22,3746,4773,4648,7210,8111,4913,1078,7864,191,5447,4044,8656,1497,4699,2526,6114,7915,1388,1013,---5,5,4,4,5,2,5,4,2,2,5,5,2,3,3,2,2,5,2,3,5,4,2,
608,5285,8494,12,2477,5134,9501,624,8627,7061,1688,8377,1562,3711,2654,8189,62,7135,---2,5,4,3,3,3,3,3,2,4,4,5,4,2,2,3,2,4,
9120,8032,2180,7301,9287,4040,4042,1984,9135,1296,1489,9876,9845,3254,7831,7897,3775,9685,---3,3,5,2,5,2,4,2,2,5,4,5,2,2,4,2,5,4,
8150,6088,9854,4522,9515,3865,8463,9009,8498,6591,4054,3671,1081,2444,6143,7101,9790,4415,---4,4,2,3,2,3,4,4,3,4,2,5,3,2,5,2,3,2,
6977,4491,2565,9031,4618,331,1616,5201,6186,5648,4727,8665,8538,5627,1757,4638,---5,2,5,4,5,5,5,5,5,2,5,2,3,4,4,5,
9632,4865,6627,4004,5590,6952,7116,4653,7728,276,4598,1624,2420,1114,4222,3039,---2,2,3,3,3,5,4,4,3,5,2,3,5,3,2,4,
3089,3910,839,1704,841,7306,1265,8908,5710,8711,8465,6705,5404,888,3068,---4,5,5,4,2,5,4,3,2,3,3,3,5,3,2,
9920,3461,2662,3239,9832,9066,4881,5810,1875,4894,438,5978,4091,1146,8542,---2,5,5,4,2,2,2,4,2,4,5,5,2,2,3,
8512,7585,9570,6916,7046,8555,3475,8372,5374,6454,3001,4884,250,7643,7102,---2,2,5,4,4,4,4,2,3,4,4,5,4,4,4,
1027,7944,7209,5771,712,7022,3792,6856,4435,2388,2428,9434,252,---3,3,4,5,3,4,2,4,5,4,5,5,4,
571,8611,4836,5509,5831,1651,6873,5402,8051,6236,8574,3551,---5,2,3,2,5,2,4,3,4,2,5,5,
9531,8996,6182,8676,4238,4333,3124,9080,6308,2363,9630,1375,---5,3,5,5,2,5,4,4,4,2,5,5,
324,8550,9191,1484,4626,5145,1719,1380,4740,2237,1631,---5,2,3,5,3,3,2,2,3,4,5,
7745,8643,6119,588,5616,5458,7989,3510,2583,825,7605,---5,4,2,2,4,3,2,4,3,3,5,
4993,4036,1958,6759,1676,2155,6636,3438,6707,729,7870,---4,4,5,4,3,3,2,2,5,2,5,
9345,5158,4339,5811,2806,8535,4440,4635,2204,3902,---4,3,5,5,3,3,5,5,2,5,
3072,5313,5761,71,8077,4398,9231,496,3830,2973,---3,3,5,3,2,3,3,3,4,3,
3456,6985,3278,3445,9622,8791,3226,4860,5469,4478,---4,5,3,2,3,3,2,5,4,2,
8993,9474,3398,2433,3688,4970,7629,117,7978,7518,---2,2,3,3,5,2,5,5,5,2,
9984,2117,7334,2729,7820,7229,7354,6394,2236,8346,---5,2,3,2,3,3,3,3,2,2,
32,2497,8420,7181,2542,8429,1235,6746,4414,---2,5,3,5,2,2,5,4,5,
4003,1384,6700,971,3180,6451,4473,6524,---3,2,3,4,5,3,3,2,
1251,6502,5427,3678,6231,5784,5278,7903,---4,3,5,2,5,4,2,3,
4547,7849,3660,6971,24,3642,6267,1052,---5,3,3,3,2,4,5,5,
1889,3054,6477,7086,7250,2958,3926,3132,---5,5,5,2,3,5,4,5,
6564,9958,3654,1960,2763,9364,440,9308,---2,3,3,5,3,4,3,2,
8516,6795,6670,4211,3222,932,3290,8861,---4,3,2,4,4,4,5,4,
1249,4739,3051,3535,3348,8661,5692,9407,---4,4,5,2,3,5,2,4,
2466,4867,9700,2189,6000,854,6269,4991,---2,5,3,5,2,2,4,3,
8033,4546,1475,9921,5749,8598,6456,7839,---5,4,2,3,2,3,5,2,
4070,7465,8266,5931,6989,8053,2999,1400,---3,3,2,2,3,3,3,5,
6752,1446,4295,8203,8972,9519,692,791,---5,4,5,3,3,4,5,5,
2594,9604,5062,1641,8714,1515,6417,6174,---2,4,5,4,2,3,2,2,
5568,1090,2614,3661,2674,1590,8504,3710,---4,3,4,3,5,5,3,4,
1666,3018,8399,1906,7253,9910,1495,5945,---5,4,4,2,3,5,5,3,
4066,903,4008,8650,9131,9713,540,4126,---2,2,5,4,4,2,5,5,
7464,5678,4751,3667,852,1204,859,9919,---3,4,2,2,4,2,2,4,
1059,2820,6794,6987,6257,3191,5508,1885,---5,4,2,3,3,3,5,3,
9377,3170,7397,4614,3791,3602,339,7770,---2,4,5,4,3,4,3,3,
9025,6886,2925,2776,2643,8248,8442,1374,---2,5,2,5,2,3,2,3,
4481,6786,9347,2694,2569,9610,5144,6819,8110,2610,819,2997,6217,1852,5705,5327,8785,6358,4189,993,2661,872,3689,---5,2,5,5,5,4,2,5,4,5,4,4,2,4,2,4,2,2,5,5,4,2,4,
393,1807,4373,2459,1823,7073,476,7282,822,6206,4032,8897,5188,5192,6876,2533,7276,8173,623,8818,9588,446,---5,5,3,2,4,4,2,4,3,2,2,5,5,3,2,4,5,5,4,3,3,5,
4384,7617,6818,2563,7653,3468,3591,6924,940,9484,1154,9263,8048,9304,1859,3414,8760,1095,1755,3742,2469,---4,5,4,4,4,5,3,3,4,3,5,2,3,5,2,3,2,2,4,5,2,
3265,8130,3459,388,1222,871,3913,5199,9003,236,4642,8559,3984,6962,3027,89,7003,5916,5054,1843,---4,2,3,3,4,5,2,5,2,3,2,4,5,2,2,3,3,5,2,3,
3382,3236,9655,5607,6664,4396,1482,4907,5612,8367,2641,4263,1141,9590,5065,5471,7164,5533,3263,---5,3,3,3,4,2,2,3,4,5,2,5,5,5,3,5,2,4,4,
7331,1442,7235,4,8998,3142,6439,8428,2379,5004,3026,7846,7089,6258,2435,8945,1916,9554,---3,2,3,5,4,4,2,5,4,3,5,5,4,3,3,4,2,2,
2689,5955,8580,2993,7524,5162,4407,8847,8433,5048,3934,3193,7288,3097,3567,9985,8042,413,---5,4,5,3,4,3,5,2,4,3,5,2,2,3,2,3,2,3,
8192,6259,6660,2055,2152,9847,5804,8846,3119,4560,6296,2579,6743,3992,2298,5277,3230,9759,---3,4,4,3,4,3,5,3,2,3,2,2,5,5,3,5,5,4,
3106,9475,7926,9449,1802,6923,5198,9683,1361,6322,107,1046,8279,3577,3805,6654,---3,3,2,5,5,4,3,3,3,4,2,4,4,4,2,4,
4640,9986,6691,356,8165,1158,9193,4499,5966,9583,6195,8500,6421,1731,4824,2749,---3,3,2,4,2,2,2,2,2,2,2,4,3,5,5,2,
5137,3590,9905,3817,2509,7822,2221,5456,3057,5779,6260,8470,5785,6681,123,---5,5,4,5,4,5,4,5,3,2,5,2,4,5,2,
5922,2691,5863,6056,9387,1085,7421,1778,1142,9273,4154,3887,445,1598,2687,---3,2,2,5,5,3,3,3,4,4,3,5,5,2,2,
9090,4075,3556,8809,1066,3947,2928,2450,6836,8918,9386,3769,7836,8317,7966,---4,4,3,4,4,4,4,2,5,4,4,5,2,3,2,
8866,9507,2856,4841,2122,189,744,7706,8083,8181,8728,8825,7994,5866,1471,---4,2,4,5,4,3,4,2,4,2,4,2,4,2,4,
7554,9526,1382,8327,5131,7410,1134,4813,7666,1874,7062,536,2873,4314,---3,2,3,2,3,3,4,2,4,5,2,4,3,2,
6177,3138,2347,2020,9736,5929,1291,3053,8402,9139,8329,7932,3870,---4,2,2,5,4,4,4,4,4,3,2,4,2,
7219,8,5546,9911,7469,846,4307,9428,5655,25,1530,2173,9822,---5,3,5,2,2,3,2,5,3,5,3,2,2,
9089,449,2753,1865,1772,6606,5164,7153,5074,2486,9079,6299,7628,---3,5,4,2,2,3,4,3,3,5,3,3,5,
3299,166,8584,7402,1899,2573,5009,8659,6295,5944,7291,8348,4714,---5,4,2,5,4,5,2,2,5,2,4,3,5,
8224,3651,2550,3307,428,5935,976,7409,946,6550,8988,1221,---2,5,5,4,3,2,5,4,5,3,5,3,
5185,1499,8036,7845,5478,5002,2127,5649,6390,2041,3643,4829,---4,2,3,3,2,2,4,2,5,5,3,5,
6091,3301,3944,2409,1994,1099,9201,8118,6360,2136,3644,9022,---5,4,4,5,5,5,5,3,4,2,4,4,
9856,9318,7433,5066,8907,1294,8913,6489,7708,125,2623,---3,5,5,5,4,2,5,3,2,5,5,
7937,5603,3973,9993,6574,3632,3928,8531,3017,9720,5243,---5,4,5,4,2,2,5,3,3,5,2,
4417,579,1541,6247,1737,9227,4526,4818,7171,7796,8969,---3,4,3,2,3,2,2,3,3,4,5,
7715,4230,7340,589,7058,6837,4118,2007,1563,2238,9269,---2,5,5,3,2,2,5,4,5,5,2,
4096,9697,3524,5638,6118,3820,2703,9591,6233,1786,---2,3,5,2,2,5,5,3,2,2,
8994,5731,5380,5510,8107,4408,7607,9208,154,8412,---4,2,3,3,5,2,3,5,2,2,
8288,870,135,1065,6799,7888,7699,6325,6648,6495,---2,5,4,5,3,5,2,4,2,4,
8674,3403,1734,4424,1707,8264,2962,35,9177,7423,---5,5,5,4,5,2,3,2,4,3,
7393,9307,5825,3625,9203,4084,7482,3547,895,---3,4,2,5,3,4,4,2,4,
8646,5513,4119,2417,3859,5462,1143,7192,8604,---3,4,2,3,2,3,4,5,4,
9153,3394,2979,4645,763,9939,7992,1947,---3,3,4,4,2,5,5,2,
6600,426,7563,493,9779,6840,958,---3,3,3,2,3,3,3,
2562,1225,8829,9076,7323,9309,1310,---2,3,5,5,5,3,3,
2209,771,7475,2933,7286,8475,3387,---3,2,5,4,4,5,2,
8352,7779,6246,3270,8909,2467,599,---2,2,5,4,2,4,4,
8257,8744,1517,1873,3320,8187,4445,---2,4,2,5,3,4,3,
2950,330,9039,3409,2901,2294,2520,---3,2,2,3,2,3,5,
1220,1544,8490,7980,9075,5882,6270,---3,2,2,4,2,2,2,
3969,2375,6735,4441,7578,6223,4541,---3,4,4,4,4,3,3,
2961,7914,3822,7249,308,8308,52,---4,2,3,4,5,5,3,
868,8102,6378,9260,499,3603,4687,---3,2,5,3,3,3,2,
3079,9,1109,9880,4283,8476,5823,---3,2,5,4,5,5,3,
774,1927,3209,7370,5679,214,3323,---5,3,2,5,4,5,5,
3373,3374,8653,7793,4535,8216,4061,---3,4,4,4,4,2,2,
1441,549,9864,4304,6184,3189,2230,---3,3,4,3,3,4,2,
7173,3177,46,2959,3029,5782,9981,---5,4,2,2,5,4,5,
1792,3426,7688,9652,4286,9566,2143,---2,5,3,3,5,3,3,
3692,3821,6832,9301,2327,8984,3487,---5,3,4,2,3,5,2,
4992,1669,1542,1678,2192,9233,3091,1561,1583,3868,935,1705,6954,2479,48,7092,3127,3167,1212,4542,3649,2115,5189,5318,7630,4432,4178,2382,5724,3293,8671,4196,8231,6384,9587,632,1658,1021,2814,5077,---5,2,2,3,2,4,3,3,3,4,3,5,3,4,5,5,4,5,2,3,5,4,3,5,4,5,5,5,5,2,2,3,4,4,3,5,2,2,5,4,
7020,9485,6545,2706,8213,9110,2845,6562,6565,4262,809,2349,5169,2226,3129,1087,4169,1740,7374,335,3536,1124,3553,7522,2916,5222,7014,3945,4971,6508,1261,8942,4725,8570,7420,---4,4,4,5,4,2,4,2,5,4,5,3,4,5,4,4,2,4,5,5,2,3,3,4,2,5,5,3,3,5,3,2,3,3,3,
1671,2713,5914,3996,6816,5923,4516,1963,2351,1721,835,6724,4808,9292,2339,6359,5081,4315,2672,3313,9342,7807,---2,5,2,3,3,2,2,4,5,2,3,2,4,2,5,2,4,3,4,3,3,3,
4576,9441,6850,8147,1473,7817,6775,3916,7593,531,2224,7217,3827,5492,9302,2985,3961,7419,7486,---3,4,2,2,4,5,5,3,2,3,2,5,3,3,5,4,5,2,2,
2944,5345,9378,8197,6408,1983,6058,2699,9004,3085,2927,6868,3477,1049,5304,8148,511,1727,---4,3,5,5,4,3,3,4,4,5,2,4,2,5,4,2,2,5,
7952,4002,9795,2596,1121,5847,8525,5550,1709,7376,1490,823,7890,537,6938,3453,1150,---5,2,5,2,5,3,5,5,2,5,2,2,3,3,5,5,4,
5696,8098,6373,6545,7490,783,4241,4753,2853,3574,9110,3256,8411,1500,8229,1029,---5,2,2,4,2,4,3,2,2,3,2,2,4,5,3,4,
7044,6888,8844,4402,6920,1805,8880,9576,914,5908,5397,3161,8635,7196,---2,2,5,5,3,3,3,4,2,4,2,3,2,5,
3400,7473,1160,937,106,4092,5480,8338,6163,6792,4476,7579,5148,510,---3,2,5,2,4,5,4,3,3,3,5,3,5,3,
6081,8100,1288,5481,7466,909,2894,5295,557,2675,1620,6266,8858,1406,---2,5,4,2,5,5,5,5,3,2,4,5,3,5,
2283,5476,5605,1511,6183,4174,2222,81,6036,9550,3287,6553,4350,---3,3,3,3,2,4,4,4,2,5,5,3,2,
1440,1252,8519,8776,5417,4471,44,6157,2255,5356,1431,8511,---4,4,5,3,4,4,5,4,5,2,4,4,
4419,8614,7080,1833,3506,1429,1304,7450,2843,6268,5725,3038,---4,4,4,2,5,2,5,5,5,4,3,4,
2625,4034,9476,3815,7432,6256,3436,5938,784,9810,886,4897,---5,4,4,5,4,3,5,3,3,5,3,5,
3619,9701,5127,3640,9204,3416,2932,6874,8255,5885,8613,---5,4,2,2,2,3,2,5,5,5,3,
5699,998,4361,6090,6093,9173,138,5530,5755,1245,2399,---2,5,5,3,4,5,3,3,5,2,4,
1616,9538,6186,5648,5201,6772,2197,8665,9624,5593,4891,---5,4,5,2,5,3,5,2,5,3,2,
352,1634,8137,5646,7151,1170,5300,1814,4634,6575,6879,---2,2,2,3,2,2,5,4,2,2,5,
7651,8030,1925,9320,9389,1808,1205,1623,3449,4060,9534,---3,5,5,3,3,2,3,3,5,5,2,
939,2704,4369,7678,2166,8795,2908,1373,5854,---3,3,5,2,4,3,3,5,2,
2066,2162,6930,4245,8898,4249,3989,5822,4543,---2,2,4,4,5,2,4,3,3,
4132,5130,8254,1260,7438,9426,686,6142,---5,5,3,3,5,3,4,2,
8451,4133,5868,6700,141,6595,1181,---5,4,5,3,2,2,3,
9730,1090,8400,2514,1587,4246,7293,---5,3,2,3,4,3,2,
1313,4707,9541,3777,8752,2455,8925,---4,5,5,3,5,3,2,
3682,2414,5203,244,7223,9214,---2,3,5,2,5,3,
8416,5445,711,6218,2131,7580,---5,4,2,5,4,5,
2095,9744,5843,5398,9502,3007,---2,3,2,2,3,4,
7842,1122,5735,4898,2835,1655,---2,2,4,2,3,4,
164,683,7762,4718,6642,2585,---3,3,2,5,4,3,
8452,7814,6226,2677,5880,2133,---5,4,3,2,2,2,
2890,654,9073,443,3964,703,---4,5,2,5,5,3,
1697,2372,8406,2360,7355,8221,---5,3,4,3,2,3,
4375,2818,4779,8016,151,3515,---5,4,3,2,2,2,
1605,6026,9235,3481,2651,8124,---5,5,4,3,3,2,
2208,4101,848,3476,9786,6522,---3,4,5,5,3,3,
9408,7682,9511,6205,8817,9821,---3,5,4,5,5,3,
2340,4389,907,9592,8378,447,---5,4,3,4,4,3,
419,1188,524,466,7663,7186,---3,2,5,5,4,3,
3395,7620,6248,2768,9463,2175,---3,2,4,2,2,3,
4865,1794,9862,6151,4745,4620,8982,535,8987,2332,9632,9508,8582,7206,295,4653,3635,4004,5566,5702,9932,8142,5717,4567,1624,9689,4795,7149,114,2420,3960,7033,4222,2425,---2,2,4,3,3,2,3,4,2,2,2,2,2,4,4,4,3,3,4,3,4,5,3,2,3,4,2,4,2,5,5,5,2,3,
2816,5163,8583,3597,6927,171,1688,9501,9899,3628,8494,1455,9264,2099,62,833,6723,4428,3793,2654,4703,8417,355,740,7909,4200,3437,4081,8952,4221,8702,3711,---4,3,4,3,2,2,4,3,3,5,4,2,2,2,2,3,2,5,4,2,4,5,4,2,4,2,3,5,5,2,4,2,
7810,1669,6153,7437,1678,3091,1300,3526,1705,6954,5934,7216,7092,9271,56,4542,3649,6725,5318,9783,7630,3293,9381,8162,4196,9708,253,2110,6185,1021,2814,---3,2,4,4,3,3,5,4,5,3,3,5,5,2,5,3,5,5,5,4,4,2,5,4,3,3,3,4,5,2,5,
9280,2146,6147,4932,9957,5641,9834,1996,7214,8106,400,4977,9651,2996,3253,6806,5875,6132,2460,5949,4958,---5,2,4,5,5,5,5,5,2,2,3,3,5,4,4,3,4,5,5,4,4,
8736,18,1061,5001,3410,5645,4014,1741,9422,4401,9394,3957,2297,792,441,6715,4317,2557,1566,8341,---2,4,4,2,4,5,3,3,4,5,3,4,5,5,3,5,5,4,3,3,
7968,1186,5635,3364,3718,9896,3657,1547,1068,877,7406,4530,4594,4691,6516,789,9078,5049,5087,---2,2,5,4,2,5,5,2,3,3,2,4,2,2,3,3,3,5,5,
609,4514,1387,8612,5985,2504,2396,7175,2701,719,2111,9118,9727,7096,1337,1147,6844,8606,1781,---3,2,5,3,4,4,2,4,4,4,3,2,4,4,2,4,4,3,3,
9888,4257,5003,7012,5799,2024,2857,8799,204,3214,705,4305,5331,4503,3176,5114,4667,383,---2,4,3,3,5,2,2,2,2,5,4,2,4,2,5,4,4,5,
1955,4228,9637,689,3433,5258,8654,6703,8472,337,8917,1617,7383,4120,3918,9077,7071,---3,4,4,5,3,3,3,2,4,2,2,5,4,3,5,5,3,
4452,6758,5865,6346,9742,7407,4848,2321,7189,5302,2936,3876,3994,1759,6586,4318,6389,---4,2,4,2,5,3,2,2,5,4,4,5,2,2,5,5,3,
2144,4000,7714,3300,5994,4397,9933,3888,2737,5554,7350,6265,5796,527,5954,7818,---2,3,3,4,5,4,4,2,5,3,3,5,4,5,5,4,
5410,4387,5477,840,7305,4778,9675,6541,4430,3728,7346,8686,8310,3689,7292,8543,---5,3,4,3,5,2,5,3,3,4,4,5,3,4,5,4,
2352,66,6731,6576,9195,8413,9904,1043,9721,5273,8153,5498,5436,7965,286,5375,---3,2,4,5,4,5,2,2,2,2,2,5,3,5,3,2,
4608,3490,8581,4360,6857,7916,9400,1683,9716,1977,2456,7193,8890,7067,4028,3198,---3,4,4,4,4,4,4,2,2,5,4,4,4,5,3,3,
3174,6918,3708,7723,2700,7631,3825,980,3990,9175,6744,5663,6460,7550,6399,---2,4,2,5,4,2,2,2,2,4,2,4,2,2,2,
8155,102,4838,2792,2666,3883,7661,910,1019,7472,4343,8824,7802,1627,830,---3,4,4,4,2,5,4,3,4,5,2,2,5,5,3,
9250,707,2981,7367,6057,1354,237,6609,6740,5815,3128,7546,8376,2239,---4,4,4,4,2,4,2,5,3,2,3,2,5,2,
1104,6693,9190,584,4716,4366,1103,528,1174,2647,9884,6557,4766,---2,5,4,5,3,5,2,2,5,3,2,4,3,
320,9733,199,7144,7689,9226,6161,9267,2484,7066,1083,1469,4735,---3,3,2,2,4,5,3,2,5,4,5,4,2,
6593,4260,263,5227,2060,7533,2447,1586,51,7734,6319,915,9887,---5,3,4,3,2,5,3,2,3,5,2,5,3,
9666,5275,1353,8123,3407,6324,2741,1430,1531,4284,3613,4063,---5,3,5,4,2,4,5,3,2,5,3,3,
2499,1092,4904,9225,5098,4143,9719,5752,7391,5693,958,5151,---4,4,5,5,2,4,3,3,4,3,3,3,
2912,6401,6181,8168,6089,842,9643,8631,7609,4602,3741,990,---4,3,3,3,4,3,2,4,3,3,3,5,
7904,1826,8164,1110,3080,6633,3402,4877,1206,3575,5465,6590,---2,2,3,2,5,3,3,4,3,5,2,4,
4768,4709,328,2410,9676,6253,6704,1553,8850,8025,9435,1246,---4,3,5,3,2,4,5,2,4,4,2,5,
2726,1896,4969,3022,721,2483,3006,4151,7928,8126,6622,---5,4,3,5,3,3,5,3,2,4,5,
8256,2306,5124,5317,7850,2571,9870,6992,1368,9627,1116,---2,2,2,3,4,4,5,2,4,5,2,
2945,836,7527,6635,1636,9970,8103,2232,9753,4926,---5,2,5,4,4,4,5,4,4,4,
3745,2531,9384,912,6513,7317,2582,5433,3806,8629,---3,2,3,4,2,3,5,5,2,4,
5217,3714,9251,7819,6030,1618,7507,6292,1302,4607,---3,2,2,3,5,5,5,3,2,4,
1915,9607,1883,1447,8269,8370,2810,1851,5213,5439,---3,3,5,3,2,4,2,4,2,4,
674,1411,569,6630,7337,3970,1717,8599,7993,2501,---4,4,3,2,5,2,5,3,3,4,
8835,8741,4102,4551,4362,5549,9169,2034,9788,---2,2,3,2,5,5,2,5,4,
676,4261,7559,7245,9811,3093,5559,7576,5789,---4,3,3,2,3,2,5,4,5,
1408,2502,3500,6064,8113,8594,501,4505,---3,4,2,2,4,2,5,5,
6468,8970,7180,2772,9303,6937,7996,1098,---4,4,3,4,4,2,3,4,
644,3173,2311,9228,7157,406,1082,---4,2,5,2,5,5,4,
4323,4967,6376,5967,5840,3377,9215,---2,2,4,3,4,2,3,
450,2587,8207,5808,9145,1359,29,---3,4,2,3,4,5,3,
420,6571,5740,7348,5046,4700,---3,4,2,2,2,2,
5920,8449,3208,4847,5209,9245,---4,3,4,2,3,5,
5536,1776,6500,1281,1257,---5,3,5,4,3,
8882,9747,1458,4326,7463,---5,4,2,5,4,
7272,2528,7368,430,3473,---3,4,3,3,3,
672,7081,7417,8239,1929,---2,4,3,2,2,
8753,1970,1413,9278,2223,---4,2,5,3,5,
8160,8385,2580,5109,5742,---4,3,2,5,5,
999,8316,9950,374,3517,---5,2,5,3,5,
8176,680,4658,1437,3343,---3,3,3,2,2,
867,8827,4717,3531,2485,---3,5,4,3,2,
5736,1841,5452,550,9319,---2,3,4,3,2,
6817,1378,6243,2211,8509,---4,4,4,2,2,
9549,1788,3829,878,3005,---2,5,2,4,5,
856,2834,1419,974,367,---4,2,3,3,3,
7176,2089,4306,5662,5168,---2,5,2,5,5,
6411,8321,283,5020,7542,---5,2,2,5,3,
4104,8056,8178,8682,1423,---5,3,3,2,3,
4985,273,4774,8230,9702,---3,4,2,3,4,
5937,8138,8210,5418,9654,---4,5,2,4,3,
2104,6666,1051,6964,3247,---2,3,2,3,2,
8169,3331,6787,174,2561,---2,3,3,2,3,
8961,8326,391,5362,7955,9842,4772,936,8233,2605,9481,3770,9148,1477,2893,3030,8043,6255,754,7028,122,6523,7549,2965,---4,3,3,4,5,2,3,2,3,4,4,2,4,3,5,3,2,2,3,2,2,2,4,2,
7041,5891,4454,5958,4327,604,713,1903,9097,8337,2002,7315,6982,1751,137,6506,5818,5797,3100,4198,2719,---2,3,2,3,2,4,2,2,2,3,2,5,5,4,5,3,2,4,5,5,5,
6592,9570,7203,3236,8773,4396,2474,5099,5612,1422,8367,144,8555,4884,9590,5065,3001,250,7643,5374,3263,---4,5,5,3,2,2,4,3,4,2,5,4,4,5,5,3,4,4,4,3,4,
2145,142,5893,5574,9255,4488,7241,6443,8044,3181,6638,813,8560,6865,5010,4942,1877,6649,4793,4175,5173,---3,3,2,3,4,3,3,4,2,3,3,4,5,4,3,3,4,4,3,5,2,
2368,3318,2086,4038,433,969,9930,5067,9455,9136,6961,7571,2334,6838,4023,2904,764,1661,6718,8407,---3,3,4,5,2,5,5,2,3,3,3,3,3,3,5,3,3,2,5,5,
801,6245,2627,2788,9846,5286,1832,4905,2251,9804,8301,2371,7254,2489,6540,7644,1149,7139,---3,5,2,3,5,4,2,2,4,5,4,4,3,2,3,3,5,2,
800,8003,979,561,6345,8986,8605,5744,7569,8579,8755,9813,5206,279,6010,1818,8862,6517,---4,2,3,5,4,2,4,5,4,5,4,3,4,2,4,2,3,4,
6017,5090,899,862,3909,2566,4203,8365,9517,5520,1667,820,8757,3704,900,2878,1535,---2,4,4,5,2,3,2,4,5,5,5,2,4,5,5,4,2,
6849,9506,9891,1317,8038,1703,5097,3371,9982,4155,4850,2622,9015,7866,9563,381,5726,---3,4,3,2,4,3,4,4,4,4,3,2,4,4,5,3,2,
8545,6114,1028,133,7303,4044,4619,1388,191,398,4656,1078,3746,4699,5085,2526,4773,---4,3,4,5,4,3,3,4,2,4,5,5,5,5,4,2,2,
896,1409,4007,523,4868,2917,5729,8459,3762,7118,2383,8240,7698,6645,5110,6463,---5,4,4,3,5,5,2,3,2,5,2,3,3,3,4,2,
2086,4038,4359,2090,7159,2130,718,9455,6674,1262,6391,2299,5116,9930,6718,4837,---4,5,2,3,4,2,5,3,4,4,5,3,2,5,5,5,
4161,8642,9412,3425,9833,2026,4980,4784,6162,5780,8985,5793,570,9953,---4,3,5,4,5,3,4,4,3,4,3,4,5,4,
6948,6323,6598,5159,8808,7497,9644,2161,7954,7827,7256,8601,4093,4127,---5,2,5,2,4,2,3,5,2,2,5,4,3,3,
9440,6498,9187,8900,1093,2983,9578,2287,4020,4149,1207,6420,5423,3685,---5,5,2,3,5,2,4,4,2,2,4,2,2,2,
3873,5507,873,5802,5975,2284,4090,5522,6531,4116,1783,1882,2619,26,---2,2,2,2,5,3,2,2,4,3,3,3,2,5,
1632,5121,8374,7905,9163,1295,1726,6902,2137,7194,3579,6396,5917,318,---2,2,5,5,3,4,3,4,5,2,4,3,3,2,
8673,515,5253,2721,5096,9353,5053,712,5251,9908,2553,532,2428,7901,---5,2,3,5,3,2,4,3,3,2,3,4,5,2,
7840,5248,6923,2056,1802,4331,8014,6607,849,4447,6115,1046,603,9055,---3,3,4,4,5,2,5,3,3,4,2,4,4,3,
5989,8680,5770,178,397,5968,9041,5202,1557,4279,8826,9596,165,---5,3,3,5,4,5,3,2,2,4,5,3,3,
6400,5835,9159,4936,3147,812,6318,3363,2292,4600,4089,220,2782,---3,2,2,3,3,4,4,4,5,5,2,2,5,
9611,5604,2918,2344,2377,5995,3276,7597,6990,2121,1956,860,4959,---2,4,2,2,3,3,5,2,3,2,3,5,4,
3489,66,6603,4371,9195,7667,1043,3541,2969,9721,5498,9071,1011,---2,2,5,4,4,4,2,3,4,2,5,5,5,
5156,3525,6728,3882,3023,9585,1844,7925,5719,6008,4164,2525,3327,---2,4,4,4,2,5,3,2,5,3,4,5,4,
2336,3907,8804,6344,203,9965,7184,9330,9046,1412,8218,9371,---3,5,4,5,5,5,4,4,4,2,2,4,
4610,454,358,6024,2762,6306,2905,2733,1140,7278,5175,7124,---2,2,4,3,5,5,4,3,4,2,3,4,
2241,8836,2957,1194,9933,2607,5424,7960,6011,8572,61,---3,5,3,2,4,4,3,3,4,2,5,
2273,5259,8097,4139,4748,2322,3262,7063,9889,6875,8670,---4,2,4,2,4,3,5,3,2,5,3,
9547,3844,3495,4235,7352,2803,150,4663,8152,8636,6365,---3,4,5,2,4,5,5,2,4,5,2,
3,7753,2423,8557,5042,4532,9718,521,4948,5242,3418,---4,2,4,5,2,3,3,2,3,4,3,
8962,2468,7557,6993,9229,7567,1521,370,8468,9116,---4,2,3,4,5,5,3,4,3,5,
9985,134,2689,431,6896,2993,8339,4407,8957,3934,---3,4,5,5,3,3,2,5,5,5,
610,516,8037,6342,2412,2705,3513,9498,1277,5343,---4,2,5,4,3,3,5,5,5,2,
1954,7531,2764,7741,2608,3090,9107,9527,2008,4765,---2,3,5,4,5,3,4,4,3,3,
8129,230,8553,7339,8268,4016,5842,7736,8956,7454,---4,2,3,4,5,5,2,2,5,5,
464,5809,5384,2448,6929,2259,890,2013,7358,---5,2,3,2,4,4,2,2,4,
8770,4712,6889,3658,2926,6193,5298,4855,4606,---2,5,4,3,5,2,4,3,3,
2176,4071,3369,4974,2640,1269,3130,6109,1982,---3,4,2,5,5,2,5,2,4,
5794,7963,7403,6829,1237,7639,5337,6587,9564,---4,3,5,4,3,2,5,4,3,
8001,7588,129,201,7505,5910,4457,7803,6332,---5,5,3,2,5,2,5,3,3,
2341,1129,1299,1012,4341,1816,20,6843,4668,---5,2,3,2,2,2,3,4,3,
6912,4710,9035,3831,1753,6330,9469,5023,---2,4,2,4,5,3,5,3,
7074,7493,231,2093,9198,5624,7868,1119,---2,2,2,4,5,2,3,4,
8576,8204,1932,590,9679,1973,9626,602,---3,3,4,2,4,4,4,2,
3338,908,5263,5714,4659,5434,8911,6719,---3,2,5,2,2,2,5,3,
2437,9030,4233,975,7794,1385,9657,6970,---3,4,2,5,2,4,2,4,
4706,100,2439,488,4655,6928,278,3993,---3,5,3,5,4,4,2,5,
5543,970,4749,4559,9746,4052,9815,3709,---3,4,5,5,2,3,5,3,
3680,960,8259,7879,7085,9812,3194,7647,---5,3,5,5,5,3,3,2,
5057,650,9069,7031,6521,1914,4319,---4,4,5,5,2,2,4,
8389,6479,7504,6833,6099,4756,9496,---4,2,5,2,3,3,3,
9858,5354,5707,3216,6963,1752,394,---5,3,3,3,3,3,4,
3586,5899,9861,3271,8905,811,9277,---2,4,5,4,2,4,5,
1879,1390,6032,8340,3062,6423,7995,---3,5,4,3,4,3,3,
2720,802,8099,1297,9869,8401,9492,---4,5,4,4,5,5,2,
7492,6251,3538,1591,4996,6682,2618,---3,4,3,4,4,5,3,
6880,9794,7114,2067,7285,1593,1244,---3,2,5,4,2,4,4,
9700,9268,5621,854,4889,5403,---3,4,2,2,3,5,
1577,3114,7852,4625,1650,8725,---2,2,5,4,4,2,
5665,4867,2660,268,1177,6269,---2,5,4,5,5,4,
7762,1603,9133,1550,8285,---2,2,3,3,3,
6144,698,1053,2895,---3,3,3,2,
2760,9552,9960,3950,---2,4,2,2,
3289,4138,8379,5636,---2,4,3,2,
7386,3946,9509,2517,---2,2,2,2,
2091,9457,7659,6398,---3,4,2,4,
3977,5241,2109,3175,---3,3,4,4,
6804,197,3638,8983,---3,3,4,3,
1450,1787,6534,8439,---2,3,4,2,
9688,2688,4386,6165,---2,3,2,2,
5737,4901,5622,2429,---3,2,2,4,
1537,2179,9860,4103,2955,7951,1815,6596,9329,301,5552,9331,7862,5183,1218,1091,6980,5071,986,3040,6116,111,4336,1393,3443,1917,5887,---2,4,3,2,5,2,2,4,3,5,5,4,4,5,4,2,4,2,3,3,4,4,3,2,3,2,3,
4237,7823,5654,5276,9758,416,3883,2860,3766,7614,4683,2766,2129,6996,1627,4957,8034,7661,498,7283,5877,4343,1019,---2,3,4,5,4,3,5,2,5,3,4,2,3,2,5,2,4,4,5,5,4,2,4,
8199,6412,1684,2837,8730,5534,2220,4405,1466,5181,4670,319,9809,739,8408,7395,618,5236,9974,631,3064,767,---2,5,4,3,2,2,3,3,4,4,3,4,2,3,3,3,3,4,3,2,4,5,
7048,2953,398,5016,3746,4773,7210,4913,1078,2825,7864,191,5447,5047,8656,6866,1497,4699,2526,8551,7915,1388,---5,5,4,4,5,2,4,2,5,2,5,2,3,2,2,5,2,5,2,5,5,4,
3499,4097,7426,8131,5316,2471,2187,8135,6188,8717,463,4205,49,2147,643,8692,5269,5657,4223,6781,4255,---3,4,3,5,2,2,4,5,2,5,2,5,2,4,2,4,3,3,4,3,2,
2784,4256,614,3139,7077,9542,4082,8045,753,9170,7924,5845,4536,6612,1306,5083,731,2970,6271,---5,3,3,3,5,5,2,5,3,3,3,2,4,4,5,3,2,3,5,
3843,3057,741,3590,5137,4518,3817,6546,5785,7855,2800,9905,3794,3942,9897,5113,2522,123,4636,---2,3,5,5,5,2,5,4,4,5,4,4,4,2,5,2,4,2,2,
5504,6528,3650,6403,5572,2149,225,104,2206,554,3694,5309,9987,7646,502,4633,1725,7262,7359,---3,5,5,5,2,4,4,4,5,4,4,5,3,2,3,5,4,5,3,
5264,4771,260,9686,8403,8745,338,6701,7919,6160,2770,9299,1782,6745,1976,6573,1743,7717,---2,5,5,4,2,2,4,3,4,2,3,4,2,2,5,2,4,4,
2671,801,7139,3611,4455,7690,1149,687,3439,3507,8301,9846,7224,6589,9179,7644,3421,3614,---5,3,2,3,2,4,5,4,5,2,4,5,2,4,5,3,5,3,
8384,7883,837,649,2506,9291,4844,3341,6958,8783,3148,5299,8309,3832,313,507,1630,1381,---5,5,4,2,5,2,3,2,2,3,5,2,4,5,5,4,2,4,
2976,5323,3045,1000,2124,4298,9483,396,7342,560,8245,4611,3893,6714,187,3101,3621,---2,3,4,2,3,5,5,5,4,4,4,5,2,3,4,3,3,
4674,9671,1335,418,6382,2001,9586,3764,4886,8441,7704,7321,2426,9819,9436,3066,7455,---4,3,3,5,4,2,2,4,5,2,2,4,4,2,4,3,2,
4385,3938,8447,8841,3979,5229,879,1425,2483,6676,479,3145,120,3967,1790,6015,---4,3,2,3,5,4,4,5,3,3,2,5,3,4,5,4,
483,6054,7795,8202,7854,6320,4113,5667,4213,2966,9497,3036,797,5630,9855,---5,4,5,5,2,2,3,5,3,5,5,2,5,3,4,
4608,7876,8581,4360,6857,684,2456,1683,9716,1977,9400,1945,8890,7067,7193,---3,2,4,4,4,2,4,2,2,5,4,4,4,5,4,
3265,4642,7459,871,6028,9003,3459,8130,5199,3984,3027,7003,5475,9691,8179,---4,2,5,5,3,2,3,2,5,5,2,3,5,4,5,
3204,6629,6801,7401,2316,4596,8207,9937,4300,6933,7480,8761,1340,8749,8894,---4,4,5,3,2,3,2,3,3,3,3,5,5,4,5,
3296,7201,3010,3708,7723,8812,2700,2096,980,3925,9175,6424,3452,5663,---3,2,5,2,5,2,4,2,2,2,4,3,3,4,
2307,9380,3656,1322,8946,1935,5265,4754,7299,3316,4311,6340,2378,349,---2,5,4,3,2,2,4,3,2,5,2,3,3,4,
641,3779,5681,3166,1198,8592,7729,146,756,469,4281,572,2046,---4,5,2,3,3,2,5,3,4,4,5,4,4,
1634,1444,360,8137,5642,8492,6542,7151,4562,5646,1814,2655,---2,2,3,2,2,5,2,2,2,3,4,3,
9868,5553,4328,8297,6763,5932,1201,5585,5652,4694,1175,1964,---4,3,5,3,2,3,4,3,5,3,5,5,
6945,3462,7878,8870,4872,748,4975,145,1829,2330,9279,8191,---4,3,5,5,5,2,4,3,4,3,3,4,
7874,3,296,8557,1101,2799,4948,9718,4024,6905,8602,701,---5,4,5,5,2,3,3,3,4,5,4,4,
6820,2151,1033,558,6287,4400,4470,567,8219,5308,4029,---4,4,4,2,5,5,5,5,2,5,4,
6368,706,580,7205,8006,6882,943,9649,5732,9210,1534,---5,4,5,3,3,4,2,2,2,3,2,
2884,1733,5704,7311,2388,9365,4921,9434,4239,7260,4671,---2,4,3,3,4,2,2,5,3,5,3,
3876,2321,5865,7407,4848,9489,1042,5176,2936,7258,2494,---5,2,4,3,2,2,2,2,4,5,5,
9366,8456,9513,1199,5486,2045,7958,7375,4604,7165,8190,---3,2,4,5,5,2,5,3,3,5,3,
448,3872,4170,8747,2188,589,7058,6837,7738,9980,223,---2,3,5,4,4,3,2,2,3,2,4,
5926,1335,3246,7313,2323,6230,8441,6584,7321,9436,---5,3,4,4,4,4,2,4,4,4,
8711,3260,8908,1265,4437,4918,409,8122,5404,8222,---3,4,3,4,4,3,2,5,5,4,
1035,9925,4011,733,1073,5330,788,9431,3389,4287,---3,2,2,2,3,3,3,5,2,5,
2432,6498,3251,2695,2602,2098,5683,2421,6488,4149,---5,5,3,4,4,4,2,2,2,2,
7584,4833,7174,8366,509,6675,942,2202,4794,5757,---4,4,4,3,2,4,2,4,2,5,
8992,2560,2789,5382,1224,3178,8363,7440,7933,3071,---2,5,5,4,4,4,3,2,5,5,
1157,8,7469,846,4307,9428,2005,9911,4148,2173,---2,3,2,3,2,5,4,2,3,2,
961,458,3244,365,8369,889,8767,1564,8383,---2,5,2,3,4,3,4,2,3,
4897,4034,3815,6793,2859,3436,9810,886,8859,---5,4,5,5,5,5,5,3,5,
9824,8163,7208,9994,5741,4079,17,6197,5432,---2,5,4,4,2,2,2,2,3,
836,7527,6635,5903,9970,9753,4762,5884,255,---2,5,4,4,4,4,3,5,4,
196,8874,6988,3032,3570,5848,6138,6683,2365,---3,4,5,3,4,4,4,2,3,
8320,9318,1095,882,179,7708,125,2623,---5,5,2,5,4,2,5,5,
3488,2250,8724,342,5211,3548,2186,6558,---4,5,3,5,2,2,3,4,
5895,7661,910,7281,5588,8824,1019,7775,---3,4,3,2,4,2,4,4,
8033,4546,1475,1480,9164,5139,5749,8598,---5,4,2,4,5,3,2,3,
7750,529,917,6614,1592,8281,1662,2581,---5,3,3,5,3,4,4,2,
8070,2637,8496,4243,3380,9976,5881,4923,---4,4,5,3,5,3,2,4,
3940,4041,8461,9924,1748,6998,1881,2555,---4,3,5,5,2,4,5,4,
4832,4130,5828,7377,7767,3546,2621,1279,---3,4,2,3,2,3,4,4,
9284,3174,5038,3825,7956,6744,6460,7550,---5,2,4,2,4,2,2,2,
384,9766,7692,3471,5234,4278,5112,7390,---3,5,3,3,2,5,5,5,
3458,6566,2285,1840,6002,8058,4058,---5,4,5,2,3,4,2,
3015,2570,4528,949,9879,3034,8060,---3,2,5,2,3,5,3,
4614,7591,2184,3791,3602,339,6552,---4,2,5,3,4,3,3,
8784,1346,5956,5541,7856,5488,8566,---2,4,2,2,5,4,5,
2520,2950,4839,9039,3409,9971,7000,---5,3,4,2,3,3,4,
868,8102,6378,3372,3603,219,7228,---3,2,5,4,3,2,5,
4744,4682,1773,9423,1554,500,8283,---2,4,3,4,2,4,3,
7552,2022,4392,8819,1594,5983,127,---4,2,3,4,3,2,2,
8065,647,8968,4016,5842,3733,---3,2,3,5,2,3,
7943,8938,1834,7088,8234,1247,---2,5,4,4,3,4,
7860,2084,1510,3758,4583,---5,3,4,3,2,
8904,8561,2319,9516,6847,---4,3,2,2,5,
9282,6067,8772,9567,5167,---4,4,3,2,5,
96,8305,5575,5597,2401,---3,2,2,4,5,
4899,5778,6227,5140,4207,---3,2,3,5,3,
7120,3113,9130,8395,3557,---3,2,2,4,5,
6025,275,8537,3302,227,---2,3,2,5,3,
2160,3587,3532,8379,---2,2,3,3,
344,6184,9877,814,---2,3,2,2,
6520,5146,4796,---3,2,2,
9952,4589,3645,---2,2,3,
8779,2070,3303,---2,2,3,
6544,2275,5059,---2,2,3,
1328,7691,6814,---2,3,2,
1793,6404,8193,2441,2058,8843,401,2451,2841,4764,2205,804,5288,553,5680,690,3765,9789,7616,7489,6858,4816,5977,6736,9831,9589,2938,---2,4,5,5,2,3,5,5,5,5,3,4,4,5,3,2,5,5,5,5,5,4,4,5,2,2,3,
9485,6545,2706,8213,2845,6562,6565,4262,2349,5169,2226,1087,1740,335,3536,1240,1124,3553,2916,7014,5222,4971,7020,1261,8942,7154,4725,---4,4,5,4,4,2,5,4,3,4,5,4,4,5,2,5,3,3,2,5,5,3,4,3,2,2,3,
6146,5762,6293,1686,38,5035,9395,438,7997,9668,7365,70,4167,5582,4819,4055,5080,8669,2537,8691,9594,6780,---3,3,3,4,3,4,2,5,4,5,4,4,3,4,2,5,5,5,3,3,2,4,
1923,1033,9493,4374,8219,2589,8991,6820,558,4400,8625,9782,4027,4029,8521,7498,9935,6742,2653,742,8811,6388,---4,4,4,2,2,3,4,4,2,5,4,3,4,4,4,4,2,2,4,4,2,5,
7424,2177,5218,1861,9222,9940,9065,4106,459,8078,4463,2644,8018,7156,3790,4664,5529,3206,4413,8976,5119,---5,3,3,5,5,4,5,3,3,3,4,5,4,4,2,3,2,5,3,3,5,
3871,3280,1410,6203,3853,8041,5579,5676,4365,3599,8080,657,2578,4534,9623,8122,4639,3260,1821,8222,3743,---3,2,2,2,3,4,4,2,3,5,3,5,5,4,4,5,4,4,3,4,3,
801,7139,2788,9846,4455,8648,7644,7851,8301,7343,1149,4513,687,3439,2930,3421,7224,6589,3611,2076,9213,---3,2,3,5,2,3,3,4,4,2,5,2,4,5,3,5,2,4,3,2,2,
1200,2059,5511,9349,1415,2696,587,749,4893,3223,5661,7508,4342,4951,4088,2103,9276,9405,158,---5,3,4,4,3,5,2,2,4,4,5,2,3,4,4,4,2,5,2,
9729,9083,6821,3679,4705,1512,3241,7658,6221,8303,7601,7123,6014,3225,4378,5695,9402,1118,4095,---2,2,3,3,3,4,2,5,2,2,2,3,3,2,3,2,4,3,5,
2208,7347,3778,4451,7812,118,1607,9160,1609,3084,494,848,7345,722,3971,3476,2518,6040,---3,2,3,5,2,4,4,4,4,2,5,5,4,4,2,5,4,2,
8211,5249,7650,65,8120,3240,5386,7083,4936,1809,787,7636,2839,3192,3188,9480,5599,---4,5,5,5,3,2,3,5,3,5,3,3,4,5,2,3,3,
2912,1156,2148,6181,3560,6089,842,9643,1548,2990,2512,881,8307,2862,2040,2265,2588,---4,2,3,3,5,4,3,2,5,3,4,2,2,2,3,4,4,
7362,6129,4657,3046,3047,1352,6919,4418,7534,5570,817,9362,2830,2802,5084,6077,1461,---5,2,5,5,3,3,5,4,3,4,4,2,5,2,2,5,4,
1665,3234,7812,357,9830,8683,9836,1357,7345,3923,3028,772,934,6040,2393,6364,2373,---5,4,2,4,3,5,2,5,4,3,2,2,5,2,3,4,5,
65,4866,5249,3240,5386,7083,4909,8280,7922,787,7636,8438,6904,3188,9914,9480,---5,2,5,2,3,5,3,4,2,3,3,4,3,2,2,3,
2400,7593,1828,9524,1736,2985,1191,3916,1744,5492,7700,5781,9302,7673,7257,2224,---2,2,3,3,5,4,2,3,4,3,3,5,5,3,2,2,
4481,6786,2813,2661,2694,993,5705,9610,5327,2610,9347,2997,6217,5144,1852,7005,---5,2,5,4,5,5,2,4,4,5,5,4,2,2,4,2,
9888,7012,4305,3176,2857,5003,204,1453,7790,2024,5331,3214,4503,2394,8799,383,---2,3,2,5,2,3,2,2,5,2,4,5,2,4,2,5,
80,963,5852,9326,6156,8205,9134,7023,944,9488,4595,9300,6229,4022,1389,5180,---4,2,2,5,2,5,5,2,2,3,3,2,3,4,5,3,
5472,7824,2532,6472,5289,3562,2027,6764,7273,2615,2088,4242,7798,6327,2971,2366,---3,3,5,5,4,4,3,2,3,3,3,3,2,4,5,4,
6946,9348,9545,2922,1474,9359,7696,4575,6100,4661,1162,1753,8794,5179,4157,7263,---5,3,5,4,3,2,4,2,2,2,3,5,5,4,5,2,
4131,6724,9606,710,1671,1320,6409,5542,573,3313,9913,4489,5081,8061,1855,---2,2,4,5,2,2,5,4,2,3,5,4,4,3,5,
8547,7109,7270,4265,4955,7371,8622,9778,5268,9694,4919,2200,2164,7675,6619,---4,3,2,2,5,5,3,4,5,5,2,2,5,4,4,
1952,8966,412,5419,2924,5901,7037,1585,246,9161,3291,92,8765,5918,7529,---4,4,3,4,2,2,3,4,5,5,2,3,3,5,3,
5729,4868,2917,7558,4007,9642,2923,3762,7118,2383,7698,4179,6645,5110,4988,---2,5,5,2,4,4,3,2,5,2,3,2,3,4,3,
4514,571,4836,5509,5831,3697,5906,8051,1781,1337,6873,5402,2111,6236,3551,---2,5,3,2,5,4,2,4,3,2,4,3,3,2,5,
1984,2529,8739,4804,1351,4040,6986,8973,2318,659,8639,9369,3578,7259,3775,---2,3,3,3,4,2,2,5,5,3,4,3,5,5,5,
5200,8675,598,9479,8620,9750,6539,8716,685,307,4240,3731,4566,8250,8059,---5,5,2,2,3,4,5,2,2,3,4,5,2,5,5,
3521,7589,8775,1084,1866,8267,8172,8397,8533,3862,7832,9628,3292,2301,8965,---5,5,3,5,2,5,5,5,5,5,4,2,3,4,5,
3275,7684,8837,9704,8235,7724,8788,9667,724,7669,1463,5753,3930,7131,7134,---4,3,2,2,3,4,3,5,4,2,2,2,2,3,4,
6944,4869,679,776,9577,9582,8593,913,4466,693,4183,361,1662,7838,6549,---4,5,4,3,5,2,5,5,3,2,4,2,4,2,2,
7968,5635,3364,7190,3718,1547,1068,7406,4594,9078,6774,7126,3900,9029,---2,5,4,4,2,2,3,2,2,3,4,5,2,5,
3728,5477,7305,7786,6541,6734,3152,7346,9171,4430,6110,7292,4778,7006,---4,4,5,2,3,2,5,4,2,3,4,5,2,2,
704,5280,8578,6308,2886,6055,4711,4238,1391,8480,8676,8699,7676,9630,---4,5,3,4,2,4,3,2,5,2,5,4,5,5,
5376,5379,7206,9862,6151,3754,9932,4173,7634,3635,7732,1750,2554,8603,---2,2,4,4,3,4,4,4,5,3,4,3,3,2,
6625,2723,7268,1381,9127,3148,525,7150,8783,2515,313,1208,2649,---5,5,2,4,3,5,5,4,3,5,5,3,5,
5728,3781,844,7821,9274,8084,9141,8214,4990,7449,4538,8477,5982,---2,4,5,5,3,3,5,2,4,2,2,5,4,
7745,6374,3334,5031,7016,6410,3470,8431,5458,6037,3510,380,6527,---5,3,3,2,4,5,5,5,3,3,4,2,5,
5120,6530,2150,1254,743,1514,9419,7586,5325,9298,7668,3284,1663,---3,5,4,3,2,3,4,2,3,4,2,4,3,
7040,9602,8290,8681,2314,6658,1445,6771,2551,9016,3867,702,1695,---3,3,2,3,3,4,4,2,4,5,5,4,3,
1856,5056,3013,9126,7590,4264,8238,7503,3376,3698,8435,2463,8261,---3,3,3,2,3,3,3,3,2,4,4,4,4,
1857,3043,7430,4811,7233,7528,1227,6887,3636,213,2872,8381,6526,---2,5,2,3,2,5,3,5,2,5,5,4,2,
9666,827,9883,8123,3407,5972,4693,8022,6324,5275,2748,3613,4063,---5,5,3,4,2,5,4,5,4,3,3,3,3,
2976,9793,4611,3976,7625,4298,5323,2124,7342,7380,8245,6716,---2,3,5,4,4,5,3,3,4,3,4,2,
7747,9159,4168,812,1868,6318,2545,67,2292,1270,7608,2782,---2,2,3,4,2,4,3,2,5,2,5,5,
3838,1830,9505,3784,4906,9741,1326,5455,1358,47,3837,3326,---4,3,3,3,2,2,5,2,3,5,4,5,
2369,9155,5540,586,3159,8718,691,6228,9943,9850,2652,778,---4,5,4,4,3,3,5,3,5,2,4,3,
4001,1602,2854,3399,7470,2639,4465,5746,4276,3607,1211,4383,---3,5,5,2,2,4,2,2,2,2,4,5,
7030,1961,4522,3671,8463,9009,8150,1081,3865,4415,9790,6591,---5,3,3,5,4,4,4,3,3,2,3,4,
3297,6947,6022,6241,1992,2218,3760,242,1365,7351,4752,6302,---3,3,4,4,5,4,4,2,5,2,4,3,
7396,7781,2024,2857,204,941,4305,5331,7012,8799,6172,383,---3,2,2,2,2,2,2,4,3,2,3,5,
3809,9763,8741,4551,9767,7756,5549,3985,6039,9788,7141,---3,5,2,2,3,5,5,5,4,4,5,
8448,8289,1795,3734,8746,2827,206,5558,4823,2552,5435,---5,3,2,4,5,4,4,2,4,4,2,
832,3683,261,8362,6095,5360,2033,403,2935,9017,7357,---2,4,3,2,2,4,4,4,4,4,5,
5512,555,622,1905,818,2702,5879,2169,9051,8700,829,---3,2,4,4,5,3,2,2,2,3,3,
4836,5509,4487,63,5831,8051,6873,5402,571,6236,3551,---3,2,5,5,5,4,4,3,5,2,5,
6336,1763,5444,8657,5518,8707,9137,6547,8174,2231,1692,---3,4,4,4,5,5,4,4,2,3,5,
832,3683,261,297,1197,6095,5360,2033,403,9017,7357,---2,4,3,5,4,2,4,4,4,4,5,
5985,4514,1387,5387,2701,719,7248,1781,1337,3087,2111,---4,2,5,2,4,4,4,3,2,4,3,
9728,9828,2725,2118,4550,4972,3150,1041,5368,4377,---4,2,3,4,4,3,4,2,2,4,
513,4742,8810,7310,3663,9265,2840,6777,9275,7004,---4,4,3,3,4,4,5,5,5,2,
8576,1569,9218,902,4743,1768,1932,590,3857,602,---3,5,5,3,2,4,4,2,5,2,
4097,2147,8135,2471,6285,49,8131,5269,4822,4223,---4,4,5,2,5,2,5,3,4,4,
8448,8289,770,1795,8964,2827,6478,6033,437,3734,---5,3,5,2,5,4,4,3,3,4,
3939,6863,8440,2707,2708,9237,5974,9272,1659,8373,---2,5,3,4,4,2,4,3,5,5,
2593,7140,9413,7047,364,7309,4046,8596,6101,5819,---3,4,3,5,4,2,4,2,2,2,
736,1025,5064,8860,4845,1806,168,7640,8508,31,---4,5,5,2,2,4,3,2,5,5,
5412,2790,8875,8876,8017,9490,697,8057,8954,1305,---4,3,4,2,5,4,5,3,4,5,
7554,4813,1134,1874,6510,7062,695,2873,4314,---3,2,4,5,2,2,5,3,2,
1920,1063,8328,9705,8971,8552,5052,5245,1791,---5,3,2,2,4,2,5,3,4,
9216,2343,7945,6314,1111,6732,6097,9321,8573,---4,4,2,5,2,3,3,2,2,
5378,8008,7274,8523,4531,3434,2295,4458,6334,---5,3,4,4,5,4,5,4,3,
7392,9030,3016,4233,975,3880,7794,7893,8186,---2,4,3,2,5,4,2,3,4,
9411,1552,3249,8914,7188,6166,664,1428,2780,---5,5,5,2,2,2,2,5,5,
3137,5314,4507,7627,5282,5902,8473,3739,4316,---3,4,3,3,3,4,5,4,5,
9504,3301,3944,1099,9201,6360,5467,3644,9022,---2,4,4,5,5,4,2,4,4,
5089,4080,1224,5836,7440,1672,564,601,---4,5,4,5,2,3,2,4,
2272,257,5830,714,4429,758,9625,2202,---2,2,4,2,2,4,5,4,
3748,6727,3785,3405,3598,3160,8922,6747,---4,4,3,3,2,5,4,5,
4481,9347,7446,7462,6358,5144,1852,4189,---5,5,4,4,2,2,4,5,
9058,4035,7237,9835,3155,5013,1526,347,---2,4,3,4,3,5,5,3,
8611,4836,5831,7468,5837,1651,6873,8574,---2,3,5,4,4,2,4,5,
3813,4039,7670,3854,3826,8694,3963,5149,---2,2,3,5,2,2,4,4,
994,7366,6407,74,6639,435,8212,7735,---4,3,3,5,4,3,4,5,
1056,9792,7112,2380,172,9205,8489,4085,---5,2,2,5,2,2,3,2,
5760,7076,7238,6504,562,8754,21,7705,---2,2,3,2,2,5,4,5,
320,3496,9224,1644,1009,7442,9267,---3,3,3,5,5,2,2,
7267,1958,6759,2155,1676,3438,57,---3,5,4,3,3,2,2,
4515,5637,9418,4364,1714,4601,186,---5,2,4,5,3,3,4,
7716,6699,9838,2457,7908,6043,1245,---2,4,5,3,3,3,2,
1832,4905,2251,6540,1493,8792,8091,---2,2,4,3,2,4,5,
6502,6001,8050,5427,5784,3678,7903,---3,4,4,5,4,2,3,
7779,6246,3270,2467,599,6458,9500,---2,5,4,4,4,5,3,
6727,3785,7405,3598,8729,8922,5562,---4,3,4,2,5,4,2,
6976,9537,8615,7531,6069,9527,2942,---2,3,3,3,4,4,2,
1190,2381,752,6098,7477,1654,8318,---4,3,3,3,5,2,2,
6305,8195,874,7887,1907,7127,---3,4,2,3,3,2,
7269,6379,8943,953,8410,6623,---5,3,5,3,2,3,
544,1825,9315,1513,4433,6003,---4,2,5,5,2,4,
1827,7813,1199,9366,7375,8190,---4,4,5,3,3,3,
2242,1157,8,9806,846,2173,---4,2,3,2,3,2,
8416,8499,6218,2131,3031,7580,---5,3,5,4,5,5,
7456,738,4586,6646,4234,670,---3,4,4,4,4,3,
0,6960,981,9945,4987,5117,---2,2,3,5,2,4,
1824,7814,7500,6226,2677,2133,---3,4,3,3,2,2,
1271,8270,4688,3703,4188,7581,---2,3,2,3,5,4,
6809,9707,4220,3539,7761,---4,3,4,2,3,
3352,8833,2838,6766,1765,---5,5,2,4,2,
6064,8594,3500,1502,7471,---2,2,2,2,4,
7672,4857,6890,6284,2172,---5,2,4,2,3,
2360,5396,1210,2372,8221,---3,2,5,3,3,
1600,672,1739,8239,7081,---4,2,4,2,4,
6112,8274,1555,5482,2510,---4,5,5,5,4,
5360,4434,4875,3543,1367,---4,5,2,5,3,
9260,4687,9427,5092,499,---3,2,4,5,3,
4472,5745,4981,4649,9447,---2,4,5,4,4,
4217,5692,9108,3348,3535,---3,2,2,3,2,
3695,1204,5927,---3,2,2,
2403,4805,---2,2,
8958,2686,---2,2,
9064,4569,---2,2,
7848,4177,---2,2,
1132,9199,---2,2,
7298,9485,6545,2706,8213,9110,8098,8229,809,2349,5169,3256,3129,8128,7490,6469,4169,1740,7374,6565,2916,228,8411,1501,2853,7522,1124,7014,2193,6908,4971,7020,8942,3574,340,8570,7420,---3,4,4,5,4,2,2,3,5,3,4,2,4,3,2,5,2,4,5,5,2,3,4,5,2,4,3,5,3,2,3,4,2,3,3,3,3,
6914,3460,5135,5907,534,1924,2591,9635,1316,810,455,4652,177,6198,7095,7967,4571,5824,6726,7623,9673,7626,8887,1443,1039,4065,3810,2407,9711,6258,9715,7544,7290,636,6141,9983,---5,4,4,4,2,3,3,4,3,3,3,5,5,4,3,2,2,5,4,3,4,3,2,4,4,5,4,5,4,3,2,3,4,3,2,5,
6656,2947,8583,6927,8471,1688,9501,6819,4005,2951,3628,8494,5163,2099,62,6723,9899,4428,3020,6096,2654,4703,608,8417,6370,355,740,7909,4200,4221,4081,9464,6397,3711,---2,3,4,2,4,4,3,5,5,3,5,4,3,2,2,2,3,5,3,2,2,4,2,5,5,4,2,4,2,2,5,4,3,2,
1537,2179,9860,4103,2185,2955,7951,8209,1815,9329,301,5552,1588,4361,5183,1218,1091,6980,5071,986,3040,5755,998,111,4336,1393,9331,959,1917,5887,---2,4,3,2,5,5,2,2,2,3,5,5,5,5,5,4,2,4,2,3,3,5,5,4,3,2,4,4,2,3,
2055,3465,2698,1931,8846,6296,7195,5277,4254,546,6435,3786,3117,8630,3511,7483,8842,4490,2632,202,2743,5091,2152,239,3440,7935,---3,5,3,4,3,2,2,5,5,5,5,4,5,5,5,5,4,5,2,3,2,5,4,4,3,2,
1536,3971,3084,5263,9242,2461,3359,675,2982,1607,8119,3778,5063,9160,1609,5714,8915,8276,2518,9442,4451,7147,494,5587,118,7671,---5,2,2,5,2,4,3,3,5,4,2,3,4,4,4,2,3,5,4,2,5,3,5,3,4,3,
5125,3344,6036,2222,2710,3354,4591,7707,1318,6311,3886,4912,9674,7244,9550,81,3287,9638,9446,3179,6383,2418,1404,4734,---5,2,2,4,4,4,5,3,2,4,4,2,4,3,5,4,5,2,4,3,5,3,5,3,
1537,2179,4103,2955,8082,1815,6980,1775,1393,7862,1091,9412,5071,3283,3040,9833,2026,111,4336,9329,3443,4980,1917,---2,4,2,5,5,2,4,3,2,4,2,5,2,3,3,5,3,4,3,3,3,4,2,
898,6665,3339,7824,4242,4763,4896,678,2088,2615,6327,2366,6472,2507,9690,2017,2532,2023,7273,6764,880,1138,2815,---4,4,4,3,3,4,5,4,3,3,4,4,5,5,5,4,5,4,3,2,3,5,2,
2817,3716,3082,911,1812,6178,9261,1582,9138,8885,1988,332,9677,8024,2906,2656,6755,3691,3310,1139,8696,9978,---5,5,5,3,2,3,3,5,2,5,2,3,5,5,3,2,5,2,3,2,3,4,
3712,9740,2452,5655,2728,5546,4701,2355,2871,5560,7100,5322,9911,4307,9428,3549,9822,7219,3042,4853,1657,1530,---5,4,5,3,3,5,4,4,2,2,3,5,2,2,5,2,2,5,3,5,5,3,
4097,2187,5316,2471,231,3720,8135,8717,9198,463,4205,2147,643,5269,5547,5657,5747,4223,6781,8131,4255,---4,4,2,2,2,5,5,5,5,2,5,4,2,3,4,3,3,4,3,5,2,
1568,7041,8258,5891,4454,5958,5793,604,4161,9097,8337,2002,570,1751,2217,5818,5797,3100,4198,2719,---3,2,2,3,2,3,4,4,4,2,3,2,5,4,2,2,4,5,5,5,
9185,2659,6852,4229,2473,3116,6738,110,8719,3120,5426,3860,887,7448,1172,9417,271,8282,8895,---2,3,5,3,2,5,5,3,4,2,3,3,4,3,3,2,2,4,3,
7429,1318,9638,6311,9674,3179,1842,3886,6383,1766,2418,2710,4591,3354,7707,1404,4734,5125,---3,2,2,4,4,3,3,4,5,2,3,4,5,4,3,5,3,5,
5919,5008,4994,667,7509,1767,8200,3049,5502,4144,2225,9339,6773,9841,5336,3803,3905,2431,---5,4,5,2,5,4,5,4,3,5,5,5,5,5,5,5,3,4,
9312,2113,8387,6020,8357,1414,6465,9129,7587,6386,5107,310,2359,3257,1892,3485,3134,9343,---5,5,5,2,3,4,4,5,3,5,3,5,5,3,4,4,5,4,
5500,6375,8136,3228,8330,2891,9934,495,7125,9558,4215,4344,6135,526,3067,6204,9178,1343,---4,5,5,4,3,2,4,2,3,4,4,5,3,3,3,5,4,2,
3905,4994,3803,5157,3143,8200,3049,1767,4144,5008,2225,9339,6773,5336,3738,2431,5502,5919,---3,5,5,5,2,5,4,4,5,4,5,5,5,5,5,4,3,5,
640,8228,6789,5000,8425,4842,8382,9648,8360,7859,8821,1470,9636,4730,3646,1022,9717,---5,3,2,3,3,2,5,2,2,2,5,2,2,2,3,3,5,
5762,2083,9668,9395,70,4362,5582,7997,9169,8691,6293,4819,4055,5080,9594,6780,8669,---3,3,5,2,4,5,4,4,2,3,3,2,5,5,2,4,5,
4353,8770,4998,4390,1799,8444,2986,8930,6193,465,4150,2722,6687,3807,6940,7722,7295,---4,2,3,4,5,2,4,2,2,5,5,5,3,3,3,5,4,
7328,3296,2700,7201,3335,5897,266,6187,8812,8302,2096,241,9175,6906,1342,5663,---2,3,4,2,5,5,4,5,2,2,2,4,4,2,5,4,
7072,5051,8068,6833,2024,2857,204,1453,7504,4305,383,2516,4632,1115,94,4895,---5,3,2,2,2,2,2,2,5,2,5,5,3,5,3,2,
160,418,8899,2822,7991,109,5006,5711,173,4674,5205,5142,471,3066,1949,8798,---5,5,3,4,3,2,4,2,5,4,4,5,2,3,5,5,
2048,7777,630,6631,3112,7660,7726,2256,785,7476,8949,8086,663,3608,126,2325,---2,5,3,2,2,3,2,5,4,3,5,2,3,4,5,4,
512,1665,8436,9830,8806,3530,7213,7024,5970,4275,3520,6262,4537,3002,3776,474,---5,5,3,3,2,5,3,5,2,4,4,5,5,5,2,5,
3648,1986,6329,4293,6375,8136,6135,6791,526,7125,9558,759,4344,8889,6204,6045,---2,4,4,4,5,5,3,2,3,3,4,5,5,4,5,4,
2785,9770,9572,5573,8617,5898,6493,8208,5138,2387,7992,8027,1629,254,3935,---5,5,2,2,4,3,4,4,5,4,5,2,5,4,2,
4050,6177,4107,2020,5889,8329,2347,3053,4448,8402,1219,1496,2852,3858,9885,---3,4,2,5,3,2,2,4,4,4,3,3,5,2,3,
3400,9827,4870,6792,5148,106,5260,4092,2478,1839,7473,6163,7579,4476,510,---3,2,5,3,5,4,2,5,5,5,2,3,3,5,3,
4064,289,7619,1764,2406,5505,6125,1966,7378,4758,1176,282,6140,314,7999,---4,2,3,2,5,5,3,2,5,2,4,4,5,3,4,
5985,4514,1147,7175,2111,1387,2701,719,1781,7096,1337,7871,6844,8606,9727,---4,2,4,4,3,5,4,4,3,4,2,5,4,3,4,
7431,4579,1094,4999,8424,2663,9903,7984,2836,8565,6872,4244,7132,5310,6485,---3,5,2,2,5,2,4,2,5,2,4,5,3,2,4,
2529,8739,4804,6917,6986,3852,8973,2318,659,5811,2806,9369,3578,7259,8639,---3,3,3,3,2,3,5,5,3,5,3,3,5,5,4,
3620,6854,9606,1320,7849,3660,9288,6579,6966,4489,169,3642,6267,1052,5466,---5,3,4,2,3,3,4,2,4,4,4,4,5,5,5,
7265,5007,7942,7435,2994,8526,1421,3346,5491,9334,5463,1439,7069,5246,1311,---5,4,2,4,3,3,2,4,2,2,2,4,3,4,5,
6139,3076,5969,7976,9961,1004,8877,3953,3890,2548,7927,9146,4539,1533,9714,---4,4,4,4,3,2,5,4,2,3,3,5,4,5,2,
4224,539,4931,5988,4662,6486,7594,267,9335,406,8023,1082,6779,3965,4479,---5,3,3,5,4,2,4,3,4,5,5,4,2,4,3,
1153,4772,8326,391,936,8233,754,6255,9842,7028,3030,9481,3770,6523,2605,---4,3,3,3,2,3,3,2,2,2,3,4,2,2,4,
2224,6850,1473,7593,3916,1744,9458,8147,5492,9302,2985,7673,7451,9468,---2,2,4,2,3,4,4,2,3,5,4,3,4,3,
9089,8324,5349,2216,7689,7628,5103,2484,2486,9239,3545,7066,7227,6085,---3,4,2,2,4,5,3,5,5,4,3,4,4,2,
2048,7777,5283,630,6631,2030,785,7476,2325,8086,663,3608,126,8949,---2,5,2,3,2,2,4,3,4,2,3,4,5,5,
4251,324,2252,4740,1198,4351,4626,84,5145,1722,9435,572,2237,1631,---5,5,4,3,3,5,3,3,3,3,2,4,4,5,
4259,7972,8901,9852,5310,8284,6290,2836,6485,2793,9903,6428,1853,7166,---2,4,3,2,2,4,4,5,4,2,4,2,3,2,
7168,8960,4258,6087,6668,5344,5774,3537,4404,8270,3606,5940,4188,6175,---5,5,2,3,4,4,5,4,4,3,3,3,5,4,
4224,539,4931,5988,2087,4265,7594,267,9335,6486,8023,6779,3965,4479,---5,3,3,5,4,2,4,3,4,2,5,2,4,3,
9376,7553,652,551,4297,9612,781,4206,9421,3308,7319,4282,3951,893,---5,4,2,2,5,2,5,3,2,4,4,4,4,5,
9888,705,7012,9574,5799,3176,5003,204,3214,4305,4503,5114,4667,383,---2,4,3,3,5,5,3,2,5,2,2,4,4,5,
8481,4675,6999,1324,2445,9551,8803,5027,6871,1272,8079,5980,3197,1182,---4,3,2,3,5,5,4,5,4,3,3,4,5,4,
3328,4385,8004,9575,136,2345,2257,5963,6029,6286,6831,9745,8727,479,---4,4,3,3,4,5,2,3,2,3,2,4,4,2,
448,3872,7715,4230,7340,4170,8747,2188,589,7058,9269,2007,7948,6837,---2,3,2,5,5,5,4,4,3,2,2,4,5,2,
6369,962,3875,8394,8951,6909,8244,7221,9878,3959,2493,7162,3818,1151,---3,5,4,3,5,3,2,3,5,2,3,5,5,3,
2785,4517,2145,1064,5898,6493,8560,5138,4175,7992,8027,9770,5573,---5,5,3,2,3,4,5,5,5,5,2,5,2,
8715,9363,8042,1355,876,3725,9871,3824,5955,7129,2682,8990,1503,---5,4,2,3,4,4,3,4,4,3,3,3,5,
8896,2723,1381,3148,525,6958,8783,1075,313,1208,2649,317,4446,---2,5,4,5,5,2,3,2,5,3,5,4,2,
7297,9115,6822,513,3663,8720,977,7251,7959,8568,4443,9275,8637,---2,3,5,4,4,5,2,4,3,4,5,5,5,
1761,8386,5252,4748,9614,2291,2356,5141,4887,2808,5754,8154,8670,---2,2,4,4,5,4,4,3,4,4,4,2,3,
6784,2210,5924,2470,519,2601,7010,8046,6480,9074,3332,1370,3772,---3,5,2,2,2,4,4,4,2,3,2,3,5,
6336,8707,7110,9137,1164,6828,653,8657,1763,2231,9530,5595,1692,---3,5,4,4,2,5,3,4,4,3,4,5,5,
3195,1951,4806,9557,6282,8497,115,3519,9559,2819,634,6363,1407,---4,4,3,5,4,5,3,4,4,2,3,3,5,
3461,6826,9066,2909,1234,6842,8756,2006,7833,5338,5978,6239,---5,3,2,5,3,3,5,3,3,3,5,4,
7618,3,296,1101,8557,5042,4532,9718,4024,6905,2799,4948,---5,4,5,2,5,2,3,3,4,5,3,3,
4641,2850,9416,5066,45,8398,8975,2201,600,6489,7706,8158,---5,5,3,5,2,3,3,2,5,3,2,3,
769,6085,199,7689,5706,9733,5074,2484,4873,7066,1469,4735,---3,2,2,4,4,3,3,5,3,4,4,2,
8224,258,3651,1221,6550,3307,5935,976,7409,946,2550,8988,---2,4,5,3,3,4,2,5,4,5,5,5,
3873,4294,2631,873,7179,7021,4090,5522,3609,1882,26,926,---2,2,5,2,4,3,2,2,3,3,5,5,
4064,289,1764,461,1966,2481,7378,314,2427,6140,478,7999,---4,2,2,4,2,5,5,3,5,5,3,4,
6224,5608,585,6538,5324,3312,7633,341,457,9755,8924,3370,---3,4,3,3,3,2,5,2,5,3,3,4,
3328,4385,8647,9575,136,2345,6855,6286,9745,8727,7161,479,---4,4,3,3,4,5,3,3,4,4,2,2,
1762,7555,9546,4684,269,462,6509,4787,5460,1975,3162,9295,---2,3,2,2,2,4,2,4,5,4,2,3,
5120,2338,9221,743,5225,9419,7117,5325,5842,3605,4623,8251,---3,3,5,2,5,4,2,3,2,3,4,5,
6308,8676,2886,6182,4333,4238,8996,9080,8644,2363,9630,1375,---4,5,2,5,5,2,3,4,4,2,5,5,
162,3299,166,8584,4714,1899,2573,5009,5944,7291,8348,7402,---2,5,4,2,5,4,5,2,2,4,3,5,
7329,4130,5828,3205,4199,1870,7377,4181,2678,3546,8315,1279,---3,4,2,3,5,3,3,4,3,3,5,4,
2976,6017,5090,899,4203,8365,7342,9522,5323,2813,1535,---2,2,4,4,2,4,4,4,3,5,2,
5569,3330,6149,5761,5451,2319,6196,3415,71,1276,6847,---2,2,5,5,5,2,4,5,3,5,5,
6944,2945,1636,8593,361,8751,3665,4926,1592,1662,6549,---4,5,4,5,2,4,5,4,3,4,2,
2784,5083,9542,7077,8198,8045,9170,3139,7924,1919,6271,---5,3,5,5,3,5,3,3,3,5,5,
6753,3874,2728,4777,5322,2796,9909,9929,6041,9787,7100,---2,4,3,4,5,3,3,2,5,2,3,
5600,3808,194,8516,8028,5986,6670,9775,7056,932,5372,---5,3,2,4,5,2,2,3,3,4,3,
5120,5325,6530,1254,743,9419,7586,4623,9298,7668,3037,---3,3,5,3,2,4,2,4,4,2,2,
2016,5953,8104,6284,4302,3024,5428,7680,9808,4057,3358,---2,4,3,2,2,2,5,4,5,3,2,
9281,9990,2920,8777,2157,2159,6225,3730,7733,3033,4412,---4,2,3,4,3,4,4,5,2,3,2,
737,5794,7403,4780,6829,5489,4820,1237,7639,6587,9564,---5,4,5,3,4,5,4,3,2,4,3,
8066,2475,8549,6315,9954,9112,4945,5650,760,2877,8031,---5,4,2,4,4,3,4,5,2,4,3,
128,642,8517,1287,10,2978,8469,2392,8220,6877,8638,---4,3,2,4,4,3,4,2,5,3,4,
352,4289,1634,8137,1170,5646,6575,7602,5300,4634,7151,---2,5,2,2,2,3,2,4,5,2,2,
837,649,9291,4844,3341,9101,6481,6578,5299,8309,1630,---4,2,2,3,2,4,2,2,2,4,2,
8835,8741,4551,4362,5549,3472,9169,1558,1847,9788,---2,2,2,5,5,3,2,5,4,4,
320,8796,9226,7947,8750,7506,9267,9748,2556,2174,---3,5,5,4,3,3,2,3,4,4,
293,1420,6605,9616,7443,4180,5493,1364,9370,9823,---3,5,5,5,2,2,3,4,3,4,
8865,1701,424,234,1771,3981,4462,5820,6686,2527,---2,4,3,2,4,3,3,4,2,4,
3819,5512,555,2702,1905,818,5879,9051,8700,829,---3,3,2,3,4,5,2,2,3,3,
5217,9251,7819,5036,1933,6030,1618,6292,1302,4031,---3,2,3,2,5,5,5,3,2,5,
4579,1094,2663,8424,6316,7984,8565,6872,7132,5310,---5,2,2,5,4,2,2,4,3,2,
3393,6049,265,9902,5871,5872,4629,634,3195,1951,---3,2,2,2,5,3,3,3,4,4,
2724,2570,3596,1102,5873,309,9879,4728,7642,9306,---2,2,4,2,4,5,3,4,4,2,
3920,1954,2764,7741,2608,3090,9107,5748,2008,4765,---5,2,5,4,5,3,4,5,3,3,
4417,1541,8969,6763,5585,4818,5652,4694,8297,5270,---3,3,5,2,3,3,5,3,3,3,
7552,9595,4392,1323,6797,7624,9087,8539,9438,5983,---4,4,3,3,4,2,3,2,5,2,
3496,2556,9226,7947,3052,7506,9748,8796,2174,---3,4,5,4,2,3,3,5,4,
4675,9033,1003,2445,9551,8803,5027,8055,3197,---3,4,3,5,5,4,5,2,5,
8448,7105,1795,8289,8746,206,5558,4823,2552,---5,5,2,3,5,4,2,4,4,
7744,1089,2498,6812,4925,8544,8873,6652,4253,---2,5,4,4,5,3,4,3,3,
3520,3530,5970,7213,7122,8436,4537,474,2940,---4,5,2,3,2,3,5,5,4,
8646,3655,4119,2417,3859,5462,1143,7192,8604,---3,2,2,3,2,3,4,5,4,
1346,5956,7720,5992,5488,2577,4979,2165,7353,---4,2,4,4,4,3,5,3,3,
8002,7269,8460,9410,6655,8410,1275,7198,6623,---3,5,4,4,2,2,3,2,3,
7844,4807,4335,3474,5363,1236,7574,9220,1183,---3,2,3,2,3,4,3,3,3,
1415,2696,587,7508,4342,2263,4088,9276,9405,---3,5,2,2,3,5,4,2,5,
3755,7622,8299,8588,8015,4399,3417,59,4892,---3,3,5,2,2,4,5,5,5,
4003,1384,2635,3180,971,6451,4473,6524,---3,2,5,5,4,3,3,2,
3008,9828,2725,2118,399,5816,3450,5373,---5,2,3,4,2,2,4,2,
6369,3811,8951,1251,7221,6231,3875,5278,---3,5,5,4,3,5,4,2,
9120,7301,9287,4871,2065,9682,9845,5687,---3,2,5,2,4,2,2,2,
1889,4135,6477,7086,7250,2958,3926,3132,---5,3,5,2,3,5,4,5,
736,1025,6113,5064,1869,4845,7640,8508,---4,5,3,5,4,2,2,5,
4739,3051,3535,3348,8661,3732,5692,9407,---4,5,2,3,5,4,2,4,
4391,1131,1681,3156,8502,9049,5223,3103,---4,2,3,3,5,4,4,2,
3105,9283,69,4033,6445,6137,4986,6907,---2,3,5,5,2,2,3,4,
2849,6020,6465,9129,1836,3451,3134,9343,---5,2,4,5,2,5,5,4,
5888,2594,9604,5062,8714,1515,6417,6174,---2,2,4,5,2,3,2,2,
7464,5678,4751,3667,852,9337,859,9919,---3,4,2,2,4,3,2,4,
3940,2555,9924,4041,8461,9967,1881,1339,---4,4,5,3,5,5,5,5,
8548,2949,5609,3088,8371,3220,5082,5758,---2,4,5,2,3,3,4,2,
5568,5442,2614,3661,2674,1590,8504,3710,---4,3,4,3,5,5,3,4,
4096,5638,3820,2703,5876,9591,1786,---2,2,5,5,5,3,2,
3873,4294,7179,5522,658,3609,926,---2,2,4,2,5,3,5,
3809,7141,582,9352,7756,3985,6039,---3,5,2,4,5,5,4,
8352,7779,6246,3270,8909,2467,5305,---2,2,5,4,2,4,3,
4578,6051,6343,1006,656,1010,9305,---2,3,5,4,3,2,3,
2080,4226,489,1228,6351,6422,4759,---5,5,5,4,2,3,3,
8000,3203,4838,1589,8155,830,4831,---2,5,4,3,3,3,5,
642,8517,10,2392,2523,6877,8638,---3,2,4,2,3,3,4,
1666,3018,6222,8399,1906,9910,5945,---5,4,2,4,2,5,3,
54,8076,5839,4496,8117,3446,4477,---2,4,3,3,3,3,3,
8266,5931,6989,8053,2999,1400,575,---2,2,3,3,3,5,2,
1735,907,1485,7535,9592,8378,666,---5,3,3,5,4,4,4,
5760,7076,6504,562,8852,21,7705,---2,2,2,2,4,4,5,
1666,8399,7253,9910,1495,5945,4303,---5,4,3,5,5,3,5,
4578,6343,1006,656,1010,5390,9305,---2,5,4,3,2,2,3,
7173,3177,46,2959,3029,4726,9981,---5,4,2,2,5,5,5,
3643,7845,5478,4810,4829,2127,5002,---3,3,2,4,5,4,2,
3595,1264,8241,6392,2362,671,---5,3,4,4,4,3,
8584,1899,8659,6295,8348,6942,---2,4,2,5,3,2,
6477,2958,7250,3926,3132,637,---5,5,3,4,5,3,
290,8871,300,8047,8114,1436,---5,5,5,4,4,3,
9988,5639,2317,821,2939,7487,---3,2,2,5,3,5,
1220,1544,8490,6326,5882,6270,---3,2,2,5,2,2,
6752,1446,8300,8203,8972,791,---5,4,3,3,3,5,
6848,8452,7814,6226,5880,698,---4,5,4,3,2,3,
2281,8400,2514,1587,4246,7293,---4,2,3,4,3,2,
6604,4247,8188,2262,6935,---5,2,3,4,4,
5816,3008,1117,5190,4533,---2,5,5,2,3,
8504,2674,3710,1590,4878,---3,5,4,5,3,
9073,3866,443,3964,703,---2,3,5,5,3,
8800,2409,1994,6091,8118,---3,5,5,5,3,
4176,4163,5149,3854,3813,---4,3,4,5,2,
8248,1130,2643,2925,1374,---3,4,2,2,3,
7232,7289,6427,2541,3630,---4,3,4,2,4,
8657,6547,1763,9137,5143,---4,4,4,4,5,
8248,2643,1374,9999,---3,2,3,2,
2361,4658,1437,3343,---4,3,2,2,
5951,2195,9710,9979,---2,2,2,2,
2760,385,3950,---2,2,2,
5636,7701,---2,2,
4472,3123,---2,2,
5564,3829,---2,2,
921,7659,---2,2,
