7168,4225,2306,7427,6662,903,4493,6031,4888,3603,6804,5550,2710,8855,7576,8218,2607,8354,539,8868,8742,935,1962,556,5490,6062,4783,2097,8626,4916,7006,1335,1681,7228,1191,2878,8258,6855,9216,9290,9335,5843,5144,6997,8534,7223,8029,3678,6631,4796,3175,1003,1133,5872,1394,7412,7669,8438,3575,253,5374,---12,8,9,4,5,6,8,12,13,10,11,13,15,9,9,11,10,6,14,9,2,2,6,10,10,9,12,7,11,15,11,11,7,9,12,13,13,8,11,13,8,14,10,6,10,13,3,4,13,15,8,9,10,10,11,3,9,12,3,4,2,
8579,9348,4358,1161,5899,5004,1165,5391,9731,8978,9107,405,6678,9112,1924,26,2331,2333,9758,7071,304,8996,1574,4140,3826,3759,9904,2865,5684,4022,1719,698,3387,6337,3652,6689,4685,9869,208,8281,2575,2654,7776,7777,1892,1640,8681,6636,4718,2031,2672,9329,5106,8835,4462,2940,2045,---6,15,14,4,8,2,14,7,11,13,14,3,15,13,6,13,9,6,7,10,13,13,13,11,9,14,3,7,13,13,10,5,4,14,7,5,5,10,13,13,4,4,9,3,4,9,13,4,12,9,15,12,8,14,14,15,12,
512,3107,517,3165,7306,8589,5265,7188,1429,8856,8475,5148,7069,8091,5033,4807,8108,7087,5683,5433,4789,3128,5561,1722,59,65,9666,8005,6983,1096,204,716,2765,8654,3256,851,1366,9175,8665,4059,3676,4189,8928,5985,9186,996,3304,4075,2669,8048,370,3061,4987,2172,3582,---10,12,15,3,2,7,13,7,9,14,13,6,10,5,2,3,7,11,8,14,9,5,9,7,4,6,8,5,12,12,12,8,14,8,6,10,6,6,13,13,10,13,2,11,14,5,5,5,7,15,3,3,2,7,8,
8450,4233,8975,3223,7323,7709,9760,6820,2472,5959,5164,8494,2863,3248,1331,3764,3637,3255,2873,7997,6240,6724,6342,71,4940,8788,1750,1064,2319,6748,8032,3428,8679,8042,9963,6511,4848,9585,8307,9854,5113,9466,508,894,---14,13,14,12,7,15,4,12,10,10,6,4,15,3,11,12,4,12,5,3,9,13,5,15,14,6,5,5,3,3,9,4,8,13,10,11,8,12,14,3,6,15,14,11,
7041,3074,790,2438,3393,6287,1040,5393,786,5140,8085,9494,7704,155,3228,6469,3364,2343,3880,6057,6698,5040,3761,8882,7094,4064,9782,7883,4300,7373,462,9933,8312,4757,5464,476,9311,7904,3693,3955,4215,504,7930,4373,---4,5,8,14,2,9,14,10,3,10,9,2,11,6,7,12,11,9,5,8,5,11,6,10,2,6,4,9,5,3,5,6,7,14,12,4,6,15,13,14,9,2,5,5,
7809,773,4486,844,649,6285,2574,8336,5336,4245,6680,4763,9676,6433,4742,4393,6066,5129,2121,6712,8249,9530,1083,9533,5443,4676,4044,5962,3019,9804,3405,8659,9913,9688,7312,2020,5638,4971,7537,1778,9459,1016,635,---12,11,12,7,5,7,15,4,6,10,6,6,5,11,13,3,6,6,3,3,12,7,6,3,10,7,4,7,8,8,10,5,12,3,11,6,5,5,4,3,2,6,9,
8576,9088,8199,3981,6673,4882,9747,3758,7705,3375,3100,2973,1567,6570,6958,4655,7472,7350,3639,5816,63,9654,6214,8521,8266,1975,5199,6993,4564,9048,5337,6351,2652,4959,3683,7012,6760,1385,2195,8054,8057,9598,6805,---12,5,3,6,11,12,14,8,14,8,15,11,2,10,14,10,9,15,7,7,7,8,15,4,13,11,2,2,6,14,5,10,13,6,10,12,3,11,8,15,12,13,11,
2,3078,1673,1290,910,6509,4774,2194,8851,7193,4125,8862,8735,929,6307,166,1576,3634,4400,946,3251,7049,8507,5948,4030,2115,1988,3400,2511,3536,1617,9938,3667,8206,5335,2653,6757,5735,745,6802,7664,3537,---4,11,15,4,13,5,10,15,6,15,6,3,11,5,2,11,7,2,9,15,6,14,12,6,3,10,8,8,8,9,12,11,12,2,13,9,7,4,4,15,10,13,
8704,8578,5763,3342,8463,1680,536,3352,414,3231,7456,2210,5800,9131,6189,5806,8369,7354,8635,8508,1855,4673,2116,9030,1608,7244,3728,6224,7566,343,2649,4314,9948,3295,9057,5224,622,627,4469,1273,7546,9214,---6,3,2,15,2,4,11,11,7,12,14,11,3,15,7,5,14,13,9,10,7,9,3,10,7,10,13,5,9,5,8,12,5,11,4,9,15,10,11,5,12,15,
1154,4617,2700,9346,472,3737,4121,6682,2075,6815,293,5038,5424,1714,7219,3509,5049,6590,9919,9664,1345,4470,1104,5975,8152,2522,1760,489,873,8938,4203,8429,8306,9590,6647,1656,1145,1402,2811,7658,---5,10,2,4,6,6,4,12,2,13,10,7,9,8,12,13,2,13,5,13,9,2,3,15,11,7,10,5,12,7,11,4,12,2,13,3,12,5,3,11,
9984,513,4995,2308,3212,5976,1688,402,9363,7062,5655,3736,666,4379,7843,2475,6065,9138,7477,4667,189,3775,843,4045,591,1051,2133,6742,1111,2904,9679,7268,3173,9958,3305,7663,7544,9467,4799,---2,7,11,3,8,15,3,7,13,5,4,2,10,10,14,7,11,2,9,6,2,15,6,11,13,7,10,2,14,3,11,13,6,11,8,9,7,7,13,
2304,7042,2691,4796,6918,903,5420,6662,5015,780,1394,1681,7340,6804,6038,7191,5144,2607,1824,539,8868,134,935,7339,6956,8818,6447,52,9781,7223,4411,7228,573,3390,191,9920,9707,6855,202,8855,4493,9297,853,7260,1629,7006,8162,7868,5355,236,5613,2710,5872,6514,9075,2878,8438,8575,---3,9,3,15,8,6,14,5,15,7,11,7,2,11,9,7,10,10,7,14,9,10,2,12,11,5,8,5,14,13,11,9,10,11,14,10,8,8,6,9,8,7,6,7,2,11,14,15,6,6,12,15,10,14,5,13,12,5,
8196,9605,3718,8329,4781,8464,8977,2067,8836,411,9630,7840,6694,9895,8877,6703,9137,1182,3126,3901,7359,5827,1221,2637,4303,2647,5857,8419,7525,2534,380,7790,9449,3064,2297,8511,4220,---10,7,5,4,12,3,12,12,8,7,13,10,2,10,3,15,12,13,14,8,13,14,3,10,6,5,13,14,3,9,3,11,6,3,13,2,2,
8968,7689,1041,3858,9621,7449,9369,9372,287,5664,3234,8485,2609,1196,2094,9905,2999,7609,4767,3903,7878,3020,8142,6355,762,1252,2150,2408,1447,8693,6006,6649,9210,703,4990,5375,---4,5,11,11,6,3,7,14,14,9,11,8,4,6,3,12,9,14,7,10,7,14,6,2,4,2,15,13,14,3,11,4,13,13,2,14,
9858,132,389,6919,3594,8066,6929,1556,923,8278,7712,6049,8101,1703,7722,5035,434,7220,7733,3511,6389,2977,1609,3409,3668,982,1112,2916,9438,3556,7270,5865,5104,9717,9719,5882,---13,8,15,10,14,12,2,5,14,11,8,14,6,2,3,14,8,14,5,10,12,13,9,8,4,4,4,7,7,15,10,8,3,7,14,7,
5376,1670,8969,2829,6798,6161,1043,6676,1175,1434,162,2214,7854,4271,1459,3132,576,2376,2891,9550,7122,6158,7929,7898,6238,8291,7441,3048,4843,1389,6127,3441,6132,6776,4857,6399,---10,3,7,10,12,12,11,9,12,9,13,5,7,12,8,12,13,5,10,12,11,7,14,10,5,6,3,4,9,5,4,11,15,9,13,4,
6534,9735,9225,8663,9231,4568,660,9862,4647,424,8233,6061,2781,7469,8759,5945,2874,4923,1344,3012,459,3279,8784,9554,723,6073,9944,5725,7760,9826,3427,4836,1773,7285,7293,3326,---9,8,9,2,13,9,7,7,10,11,7,3,3,8,14,3,7,5,5,13,11,6,12,15,15,12,4,9,3,14,6,11,12,2,10,4,
4618,5911,3224,7341,7598,6959,5168,305,7093,5002,1343,6464,4289,4420,7750,585,7757,7374,3797,7640,5465,9308,7774,5343,9696,2273,8676,5095,7784,6250,4587,5997,2034,1139,2677,5112,---14,8,15,9,15,14,2,3,10,14,5,4,12,10,7,13,14,14,10,2,6,11,11,4,3,7,3,4,6,2,6,5,2,11,6,3,
8640,4484,7,2824,1004,8714,8726,5231,2204,1181,9255,1961,1963,9908,5823,8128,6726,865,8776,5710,4048,7903,1888,2768,7011,2276,7913,8556,9197,5871,631,121,9628,2302,4479,---2,2,11,5,12,15,11,7,12,13,12,3,8,5,12,4,5,11,9,9,4,14,8,12,10,3,8,5,5,12,14,12,8,15,8,
5761,2820,3077,393,6538,9237,1302,6423,4891,289,7974,2780,42,6702,7856,9009,179,5685,1590,8381,8156,3533,1746,6869,2266,6108,3938,3429,5094,233,9298,7919,7925,3709,---11,3,15,8,14,5,14,7,5,5,5,12,13,10,11,5,2,15,10,2,2,9,5,2,3,6,15,6,13,15,7,4,13,9,
3331,6917,648,8204,8976,2714,5534,4895,1186,9307,3037,1460,2207,828,6090,327,74,5324,9295,339,3031,4698,4943,6621,2144,7483,4964,5327,1521,221,5627,4860,5245,895,---9,6,2,15,8,9,14,9,11,10,12,9,2,14,2,14,5,9,3,2,14,9,13,9,14,9,11,3,5,10,15,7,5,6,
9729,6148,1942,6790,2823,5515,4239,2192,5397,7318,1431,7067,9504,3618,8364,2608,5810,7097,7485,9289,1738,2638,5967,2526,1506,5093,998,9200,6129,2037,3704,255,7679,---8,7,4,6,11,7,14,15,12,12,10,14,8,14,11,11,15,8,15,3,10,10,10,4,12,8,8,12,8,5,9,10,8,
2944,1664,9478,4104,9610,2699,5645,110,3480,6683,6941,5744,5154,9258,5045,6970,1468,4797,7358,8757,6082,6083,3577,4707,7273,4077,8558,5821,6896,3134,8566,7161,3966,---7,8,9,15,8,11,12,9,7,14,12,9,11,3,5,14,4,13,12,14,8,11,9,15,9,14,13,2,9,9,9,13,4,
6786,4106,5132,911,3477,1562,1322,6045,6306,5667,4017,1065,7594,5681,8244,5689,5044,4029,2110,3263,2754,1741,1241,220,2015,6243,5743,8433,4979,6648,3452,1149,---9,7,5,3,6,3,2,12,8,6,2,11,10,3,7,14,12,6,12,8,15,4,6,8,13,3,12,15,2,3,8,10,
3841,8834,8326,5130,9996,2449,1178,4637,7711,805,4529,5548,3613,7217,1463,5223,4286,2193,1585,1356,5965,8783,6096,5330,5211,9694,9315,4753,6251,7020,4720,7797,---13,11,10,3,5,7,7,6,2,14,12,9,4,3,10,12,5,12,12,9,14,13,14,3,9,15,11,8,7,10,9,2,
6998,4748,7190,7578,2460,9376,5409,937,5812,6837,438,7864,6580,4544,8647,9032,719,4177,2169,5463,4824,4575,1250,9955,9575,5736,6503,2920,247,1784,2937,3323,---15,9,13,2,6,6,9,7,5,8,8,10,7,5,14,7,4,11,4,15,4,15,7,14,11,13,15,3,3,2,9,9,
1417,8458,7308,7447,3621,1063,5596,4906,3378,9146,4033,8771,5447,2508,5839,83,84,8743,7515,2396,9693,8798,1119,9570,1257,9323,1260,3696,2156,8822,7419,1406,---6,3,9,7,11,12,10,6,5,10,13,10,3,9,13,3,3,13,5,15,14,7,14,11,7,9,10,2,6,10,10,15,
8583,1032,5527,4877,8079,9240,2967,6552,9246,4131,1317,5672,5162,5934,50,8246,7735,1336,8011,1743,1872,3930,8413,4261,7650,3051,5102,7407,9712,6513,5492,1013,---15,14,9,14,2,5,7,8,7,14,8,8,4,4,6,5,10,4,7,11,8,4,5,15,11,6,7,13,2,13,14,5,
2689,9347,2882,2446,9111,4123,5538,1315,3906,8117,9660,1600,321,5186,3143,7756,6541,4176,5329,3801,9310,9183,9957,4540,2283,4078,6003,9077,9334,4343,2171,---2,9,3,2,6,5,10,10,6,6,9,2,11,10,12,6,10,11,3,15,9,14,13,9,12,5,15,10,8,4,5,
4357,3336,2569,7562,6924,5390,3475,5188,794,8859,9629,1307,4262,7593,6557,7729,9014,190,9410,1611,836,9931,1486,9168,3726,2397,866,4454,6637,8696,2683,---14,9,14,6,2,13,13,4,4,9,7,8,14,6,14,14,5,8,13,4,13,7,9,10,12,10,10,5,14,12,4,
7830,156,157,9510,7975,3497,4266,9263,9178,3635,6336,837,8520,2122,2125,7503,4820,8408,2138,1630,8292,1509,8678,2663,7150,8689,2930,2803,3833,5756,6527,---14,3,3,3,15,3,12,5,9,11,15,5,4,10,2,7,3,10,10,2,10,15,2,2,2,3,2,14,10,12,10,
51,5378,2564,6,4746,3339,1164,9108,2326,2327,6576,7430,8177,3112,5545,5676,1710,7600,9011,2228,2617,8459,2885,3158,8289,7778,5347,8804,2801,1787,---9,12,4,8,5,15,15,8,15,10,3,5,6,9,7,14,12,4,12,3,5,11,9,14,14,15,6,11,4,15,
0,138,9360,8465,1685,2583,4633,8988,7728,2353,5940,6071,6201,3003,1342,885,9536,2371,1992,9034,6228,347,9443,2022,4206,2799,4465,4981,1021,5630,---10,5,11,7,10,14,12,15,11,10,2,6,15,4,12,10,5,14,9,10,10,14,11,11,8,2,5,3,12,6,
6531,2439,7178,5520,3345,7570,3358,8864,298,7852,5677,9775,9525,8120,9401,1597,8254,9028,200,3785,4556,5331,7767,2650,5482,4334,979,2933,1018,9725,---9,5,12,5,8,3,4,13,12,7,5,13,4,13,5,6,14,10,6,4,5,13,4,9,8,9,12,12,5,4,
4615,3721,2188,275,1300,8793,4890,6692,5798,1319,7725,2222,687,8116,6582,4413,7734,8588,6091,4312,5593,1245,4731,4332,2797,2671,1266,7315,9236,4347,---7,8,12,8,6,4,11,2,10,12,11,2,9,14,8,12,7,14,10,7,12,7,14,15,14,6,10,2,9,10,
6272,3208,2827,9238,5539,4934,3366,3367,5289,3882,428,9774,3123,4917,4537,7488,3237,3723,2758,8774,4688,4690,479,6112,4875,2286,9972,8310,9207,383,---5,7,4,3,15,5,14,12,14,6,3,7,15,10,3,15,13,2,2,11,13,9,12,9,5,2,9,12,3,2,
2966,1030,4143,6027,4751,5264,2450,4118,5956,5019,2980,9253,2087,7209,9261,9902,9007,7860,4920,9793,8900,8905,3915,6608,1753,9051,8047,4593,5244,---6,10,5,2,8,14,7,4,11,3,4,8,7,4,10,10,6,5,12,4,2,11,13,3,15,15,8,2,11,
9991,2320,5013,8344,7706,7965,5022,7717,2985,7088,3767,570,6972,9542,3656,3665,722,2388,8151,4188,6110,6754,739,6247,5225,3794,3054,8946,3063,---4,2,8,13,6,10,2,4,15,6,4,13,3,10,3,6,3,8,5,7,6,11,14,7,9,6,3,5,5,
5632,1643,8328,9687,5516,6417,2179,7833,2847,3106,2468,37,5670,7465,6317,8371,4660,1472,7236,5189,4835,5719,8288,2659,7019,493,4849,3570,3191,---5,12,13,7,6,9,6,13,11,9,12,10,12,6,8,4,12,4,3,6,5,9,11,5,13,15,7,5,2,
9476,6022,2698,8337,3860,4759,9368,7556,6298,6562,5979,2734,5807,9526,3014,4431,3923,3032,2265,7247,3677,608,3681,9060,8806,9839,7792,8062,8191,---6,9,2,2,4,13,7,6,4,3,13,10,11,13,15,11,6,15,8,10,13,12,6,14,12,5,15,11,11,
7949,8339,5780,8341,407,8985,1690,2247,1830,9927,8886,6455,7480,4926,2887,9101,7888,7523,8797,2783,1121,611,5860,1125,7742,6775,8954,9595,5887,---13,15,9,15,4,6,14,7,14,14,3,7,7,3,7,7,14,3,6,3,6,4,2,7,10,9,7,12,14,
7044,9094,7047,4440,3091,7708,8226,1316,7335,9387,7216,5172,1076,4924,701,1474,9925,1098,3147,6604,8914,3288,5082,7132,355,1831,7660,5750,3111,---14,5,14,3,8,2,4,13,10,2,15,2,7,5,12,12,11,2,15,6,5,10,4,7,12,12,3,12,9,
6661,1927,1935,6675,3349,7446,1817,2072,6809,4004,4401,2875,1212,9156,7496,8525,5712,4689,978,2007,804,2011,3047,7271,7535,8694,2680,3710,4351,---2,9,3,10,11,8,14,2,11,15,2,7,12,15,9,3,10,4,8,3,15,9,12,7,14,7,12,12,11,
7940,6405,3720,524,8002,9366,5273,4772,9894,5417,8624,8241,1462,9026,6156,6861,8740,7176,9081,4825,9054,4071,9325,1776,7153,6644,3576,3961,6782,---5,14,13,7,2,15,14,2,3,11,13,11,11,13,8,13,12,11,15,14,15,9,14,3,14,5,2,3,10,
3206,9871,5648,5017,7195,3103,6050,2260,8105,1581,8883,8121,4925,8769,4548,7842,8658,3028,2141,357,9825,8290,9828,5349,9961,8939,492,6007,4948,---15,8,4,10,6,7,3,5,15,4,9,15,6,12,4,15,14,5,4,13,5,10,11,4,15,4,4,8,10,
5507,5639,7568,538,4636,5541,3627,1587,9783,440,4155,3133,8510,66,246,4554,1869,6606,2383,1877,1244,9616,8687,2545,6515,6261,4342,7804,8702,---4,3,9,8,8,3,13,13,15,2,13,6,12,9,10,15,7,14,12,14,6,2,3,10,10,15,15,11,5,
6016,9092,5126,2540,3287,1296,4497,1044,9116,3741,2345,1969,8762,6715,8385,4297,75,8141,1745,6612,7381,9815,859,5341,8544,227,869,2919,3436,---7,9,5,5,6,11,11,6,9,14,8,10,9,11,15,15,4,15,5,5,13,6,9,12,14,4,13,6,7,
6145,1922,4228,6790,8711,1035,6044,6690,7844,1415,3763,1465,8638,9540,7877,9803,6222,8789,5080,3296,4449,998,8298,4977,9844,2037,9593,6913,5757,8574,3327,---6,2,11,6,12,15,11,15,15,12,5,6,2,12,3,8,5,2,11,10,15,8,9,10,6,5,10,14,7,11,6,
7171,1637,6424,7320,6299,6177,4002,8869,4903,694,9656,4285,318,4423,6345,4433,3544,2142,3807,5472,7137,6372,485,7121,9833,5740,1012,7807,---8,9,15,6,4,10,15,12,15,9,11,9,2,5,12,2,5,8,7,12,9,4,11,13,3,11,7,4,
9728,1921,6920,3468,2580,5402,925,624,2083,38,9383,5293,6453,6718,835,838,8139,2128,849,4060,6752,6242,2407,7144,3564,7023,4464,---3,13,4,3,12,4,10,8,13,4,4,2,5,13,4,8,12,14,12,15,10,8,4,15,10,2,7,
898,6406,5898,1934,8724,5528,4382,5282,9635,7077,6443,8237,5686,9143,5824,9409,6602,2509,5966,2385,9564,7134,3025,2279,9065,6894,6390,---14,10,12,5,8,7,12,2,8,12,2,15,5,12,7,7,3,5,7,15,7,3,4,10,14,7,9,
3136,7938,6536,9602,9875,164,371,5815,4026,4288,130,8631,8270,8786,6100,5070,1622,7648,2787,5267,6887,9321,7024,7283,1526,7508,9082,---8,7,12,7,3,13,4,5,5,7,14,9,13,6,9,10,13,7,13,3,5,8,4,8,9,8,15,
1665,7811,5518,7058,2454,6435,4773,1323,4909,9141,5560,699,188,9789,3780,9674,9166,1490,7124,4437,7905,5096,8942,2800,2417,7794,629,---14,5,8,11,12,10,13,6,9,15,14,10,5,8,2,10,4,11,4,15,9,2,10,6,12,3,10,
3969,5894,6152,8586,1804,6670,3089,3606,5665,7330,8355,4516,1575,1965,4015,6196,704,9121,9037,8146,4702,7264,9069,1267,5877,1655,---3,2,10,6,10,9,15,10,11,14,9,5,8,8,3,5,7,5,15,13,4,10,9,12,12,15,
644,9230,3601,530,3356,8738,8613,4134,679,4764,4523,431,58,4160,2631,2760,977,8410,997,1553,488,6763,8940,3182,1647,7538,---8,10,10,12,7,15,2,3,8,4,5,12,6,13,7,5,7,11,9,6,13,6,6,2,5,14,
778,1420,2845,5546,9545,7865,9018,3004,2749,4159,7110,5065,4565,3803,3549,6624,9451,5101,5488,7921,4978,3446,7799,2427,7550,5589,---9,15,6,8,12,7,6,9,11,13,14,2,12,2,6,2,9,8,14,12,13,8,13,11,15,4,
4482,1678,2191,5138,7710,6853,9634,3762,9539,197,7754,973,2896,1912,7126,602,6946,8285,4963,2795,2673,3059,5749,4728,9337,2687,---12,13,3,6,3,8,15,5,11,6,2,13,11,14,5,8,5,10,2,3,5,12,11,2,2,4,
7691,8466,4115,2708,789,5143,3095,4915,7197,6304,2466,4595,3384,1843,5953,6667,2636,2124,4818,8157,2275,5732,6374,7277,1523,4602,---15,13,5,10,8,12,6,15,5,4,8,6,4,13,8,12,6,12,10,2,10,6,4,12,10,7,
7939,8964,1414,1672,7310,6927,20,2841,9243,7324,4253,3623,565,568,3257,2746,8893,9284,6472,7378,9049,5210,7922,7284,6009,6396,---13,8,6,3,7,14,14,11,11,8,8,12,9,8,5,15,2,3,3,10,2,4,14,2,14,8,
2048,3586,3,4105,3980,143,9244,6823,7467,2357,56,5818,7748,1095,7240,6860,78,6995,231,1391,3824,3186,7923,5237,7039,---8,14,7,13,5,5,5,2,15,8,11,12,2,6,15,9,4,10,6,12,3,7,8,9,10,
2182,9740,5954,4880,6296,4892,9886,2463,7846,2219,6188,1453,1085,5314,5957,908,5706,141,6740,4316,3293,3560,7914,5746,5880,---3,14,8,11,7,10,7,15,3,13,9,12,4,3,8,7,10,10,6,3,11,6,2,9,9,
9985,2577,3219,423,1968,9271,7225,4282,2235,3318,3271,5577,9079,4438,9188,5306,737,5090,2404,1525,6262,2935,1401,3454,9343,---11,6,15,15,6,11,9,13,8,11,4,3,2,3,9,13,15,13,3,15,2,12,14,8,7,
2058,707,7065,9500,2206,7460,8357,3881,6578,9784,5437,7871,8641,8899,6341,6857,2892,5462,8668,3421,2085,9056,5358,9721,3779,---15,6,7,8,4,10,2,12,5,11,2,14,14,4,14,5,15,11,10,6,4,6,7,13,4,
3725,7828,3221,5788,1442,9512,6185,7085,1074,315,578,4936,7253,9179,6495,8672,8675,7652,4329,9067,7661,1006,3453,9768,4349,---15,8,8,11,11,8,2,12,2,6,6,12,6,14,15,2,6,8,6,8,13,10,10,11,15,
7943,3598,912,7699,7702,5783,9249,2724,2469,4012,7092,2485,2484,3005,4287,1986,1864,1097,855,731,6371,363,1977,6770,1532,---3,13,7,9,7,5,7,15,12,10,11,9,8,2,5,5,8,2,9,4,7,5,11,9,14,
4997,2311,2440,7459,8330,6681,2723,1449,7850,6316,1456,3644,7500,207,7251,9950,1639,6504,3818,7402,755,7924,41,4394,8190,---2,15,3,4,5,12,2,12,12,6,7,14,2,7,8,5,15,3,7,9,5,15,12,11,13,
7305,906,3603,5914,4507,1948,8218,4275,4916,8118,1335,8123,8262,1607,5961,1610,7371,2300,7641,6874,863,5601,8297,1515,2668,6897,5490,2934,6012,---10,10,10,9,3,4,11,3,15,6,11,12,15,7,14,13,8,5,11,11,7,8,12,12,4,9,10,8,6,
8876,7050,8461,4526,4889,9633,1573,5287,3884,430,8500,693,7738,3913,1355,7631,4304,8913,6745,5981,5742,8943,5238,5502,---4,7,11,10,3,2,6,11,5,8,14,12,7,14,4,14,14,9,8,9,12,12,4,10,
6912,396,7445,9752,4252,2334,2476,7282,2099,3638,1723,8903,12,3274,6092,6707,7125,1878,1755,4838,2418,5622,6265,7061,---10,6,2,2,12,10,5,6,13,4,9,10,9,7,2,13,7,6,13,6,15,4,13,9,
8580,3973,264,9625,3742,1568,6561,548,6573,8051,2869,8763,6338,582,4641,461,3151,3108,4570,864,8548,2025,3187,3707,---7,8,12,4,10,2,5,2,15,7,2,13,3,13,9,8,5,14,3,9,13,2,9,15,
9218,3971,5901,5778,3220,8858,8991,5026,3751,3753,8109,8622,4912,5941,7752,3664,5718,92,861,3280,3684,1392,4081,5111,---8,12,11,15,13,6,2,15,8,4,12,15,12,3,4,10,14,14,15,5,13,15,3,2,
896,5767,9227,8973,6032,4113,8215,4510,671,554,5574,1616,1238,5497,5081,6241,3946,6252,2543,5873,1911,7673,3581,1662,---7,3,11,15,5,14,6,4,12,12,14,6,9,11,3,15,8,13,5,13,5,14,14,11,
1282,2091,662,523,4365,6034,2798,7958,6553,6824,4779,3118,7604,9016,1086,1224,3027,8918,7511,6875,5346,5480,8686,8821,---3,12,3,2,12,9,3,10,9,12,2,9,14,5,4,7,8,14,6,8,6,12,6,6,
6665,1162,2444,7583,4771,8872,5814,1593,6079,5056,3138,9029,3018,3410,2644,5848,2017,7906,6628,7013,4586,3183,2548,7541,---9,11,6,8,10,2,10,3,3,12,4,11,15,12,11,3,2,9,3,7,6,10,2,14,
5128,8971,7454,942,6322,3252,9653,1466,4542,1729,8657,6484,4185,4445,222,5984,6881,2917,358,7148,1908,1338,1404,2301,---15,14,3,8,14,10,7,6,9,2,12,11,8,12,5,15,13,11,8,11,5,12,8,5,
258,5398,5000,6926,145,1558,4954,4391,6955,8878,8239,7368,4921,2877,8133,456,9678,1754,4962,1255,7021,4862,2041,382,---7,13,14,7,6,13,3,12,13,5,14,4,13,3,11,5,9,6,13,13,3,6,9,7,
7059,4374,7448,6297,3098,3355,4257,1009,7853,2351,947,2101,1467,1471,4163,581,710,9288,2386,471,3802,8795,9457,2173,---6,15,2,8,10,15,8,4,3,11,9,4,4,10,6,15,14,10,4,8,11,2,11,4,
1159,4625,2706,29,4640,2209,4211,4020,5431,2493,3396,2766,4434,2648,857,8666,4986,9951,6625,7530,115,3962,9471,---14,7,6,7,10,9,15,9,6,4,3,13,12,6,11,2,8,12,6,10,2,8,2,
1156,3861,8228,3877,5294,1713,182,3131,3516,6976,6978,8907,9684,4061,8997,8673,4323,8552,3178,2670,2032,8311,381,---14,11,7,15,9,9,7,8,6,10,12,6,10,3,8,13,9,8,2,10,3,2,15,
3294,6923,1806,6054,5927,6187,1842,6324,6750,6462,7616,8522,8781,6350,6872,3420,7262,7718,5481,9584,887,3449,6655,---2,9,10,11,13,9,12,8,9,5,11,5,14,12,2,14,15,2,2,5,14,14,5,
9999,7185,5011,2325,4001,5411,4260,689,8502,7991,6074,1724,8765,8653,2254,463,1489,9302,3929,1378,2280,9837,4092,---7,2,9,9,13,7,4,3,7,6,9,7,12,3,7,13,12,3,12,13,14,3,4,
6150,1931,3473,4514,5931,7468,1582,48,9531,9151,328,3145,5581,5197,2130,8275,8414,7420,8043,8044,7634,2290,8572,---9,7,7,4,3,14,13,8,9,6,6,7,2,13,11,14,15,3,3,3,6,14,6,
5513,8904,3394,1297,4419,6063,5960,7601,7605,2102,8632,3388,2498,2243,709,6600,460,5980,1000,8809,5737,4735,127,---9,10,6,15,11,12,3,2,12,14,6,8,4,14,7,8,6,6,13,9,14,2,14,
4234,3088,2323,9109,2969,9114,8741,6964,6841,6586,4674,8263,4172,6478,2515,3417,3290,3553,9446,2152,369,6521,1022,---10,3,5,10,7,9,4,9,3,7,13,13,14,13,12,11,10,9,15,13,8,13,15,
9861,2317,3086,7056,7969,2339,5416,9769,7723,8767,7744,9287,3273,2634,205,468,9742,1758,1889,9322,5483,3310,4082,---3,12,9,15,12,11,11,8,7,5,13,4,5,11,15,11,14,6,10,3,14,11,14,
7680,522,3595,1677,279,2972,3485,3269,7340,5747,4792,442,5950,2495,8768,4930,4677,6235,4572,4317,2931,7286,254,---5,3,12,10,8,3,7,11,2,9,6,11,5,9,4,2,4,6,13,10,5,2,13,
3072,2305,2135,8853,9506,36,6182,2984,9006,5296,6709,822,572,5069,2127,5205,9943,104,2542,2928,2553,3194,---4,11,14,4,15,7,10,12,6,13,7,3,2,2,2,15,7,11,9,15,7,6,
4864,901,4361,3216,8343,4894,3744,4443,6564,4534,5944,6843,5174,8392,587,1998,975,7248,4694,1367,1359,2165,---12,5,9,12,9,2,9,11,3,11,7,15,11,9,2,5,11,8,14,12,11,6,
3201,7429,7189,1686,5407,801,5156,8243,3253,9142,4919,1596,1333,5570,6362,8027,2012,8670,3682,8814,6128,3451,---7,8,6,5,11,2,7,3,7,12,6,14,3,15,8,8,15,9,8,7,2,14,
2951,4251,2211,2218,2055,9900,1078,184,569,6205,5313,4553,5837,8015,9808,852,341,5207,5949,753,6427,8700,---14,3,15,12,7,12,2,11,10,15,14,11,15,13,5,11,8,10,8,10,14,2,
6402,9606,6286,6799,4632,1563,5031,3507,5159,1473,6979,9163,9936,595,7892,2393,8026,4709,2027,8560,2035,884,---14,4,2,10,11,13,7,6,7,8,4,8,5,4,9,9,9,10,9,8,13,12,
4619,7961,8986,1309,4506,7839,3371,1071,3124,2870,4166,7367,9928,4301,4302,3357,6485,7779,1010,8181,4087,3964,---6,6,10,10,9,9,12,7,15,7,12,5,15,2,5,15,11,11,5,11,2,10,
392,1675,2701,5903,528,5782,540,8096,4392,8745,5555,1863,5576,4813,6093,3282,4179,1621,4965,9319,628,9849,---6,7,4,8,2,4,3,10,4,6,13,13,5,13,4,5,13,2,4,7,13,9,
6017,7426,1028,9739,6797,658,4627,6850,3609,283,8222,3619,1829,2726,6056,8386,9159,2903,7771,3563,374,5890,---12,14,7,4,5,14,14,8,15,5,5,7,8,5,14,7,10,9,8,9,10,7,
6403,8708,4745,3348,8089,6558,7076,7592,809,8879,2953,6723,9161,5326,7119,6481,1752,4175,7389,6756,3317,2299,---11,9,8,11,5,9,15,2,11,15,9,14,3,14,13,2,10,14,12,7,12,14,
4736,5250,6026,9995,8597,663,920,5659,802,6822,7591,9910,6219,5840,9053,3808,8680,2029,7795,7798,2040,9083,---14,9,15,13,15,2,3,2,2,4,3,15,15,6,3,12,14,7,7,4,4,5,
9857,7686,5531,8095,7970,9767,8873,8775,1583,2224,448,3653,6215,1751,348,2399,9824,9701,4582,7403,5359,4596,---4,6,2,13,8,14,2,4,12,10,10,7,6,13,14,4,13,5,3,10,6,6,
5762,1930,7820,13,8594,4499,8980,5399,171,313,2126,5583,7761,2264,8409,5725,3427,3307,1773,4079,7793,6773,5623,2046,---5,10,2,10,3,14,12,14,15,5,8,14,15,9,6,9,6,3,12,8,4,5,5,15,
4353,7266,4356,4068,6854,2024,3688,1689,4290,9390,3247,8656,4056,3795,6069,758,4585,9528,3492,5242,1375,---4,6,10,6,3,7,9,12,12,8,7,15,12,7,6,10,12,7,2,12,13,
9392,3330,9705,3846,8819,4040,905,7051,1100,6157,1614,5805,1552,8178,9257,3060,2089,9577,1881,4091,3805,---6,5,3,12,4,15,5,7,7,4,4,12,15,13,9,13,5,11,6,3,9,
6816,33,2050,2525,9764,133,2049,9992,4532,2514,3490,2001,5298,7859,2004,6005,72,5977,5626,6844,3197,---11,7,15,8,13,6,5,5,6,15,14,5,10,10,12,7,11,9,5,6,13,
4927,833,9154,6755,2854,9254,2599,1321,5642,8075,7005,7186,4643,2100,4949,7670,1529,9823,21,4138,1279,---3,14,9,4,14,8,9,14,8,14,5,15,6,10,3,11,8,8,8,13,13,
8707,8517,3046,7464,3526,2263,4716,3149,5454,4752,2705,3442,403,1813,2231,2107,9753,9851,8124,3869,821,---4,9,5,3,7,3,8,11,3,8,5,8,11,11,9,5,13,5,3,13,3,
32,3264,5923,7332,1190,4935,5544,3244,6183,3340,720,4099,7937,5334,7959,7416,4473,4199,6556,9380,447,---15,6,10,6,3,7,7,15,2,9,4,2,4,15,6,9,6,7,13,2,7,
4281,1283,1092,6023,6281,8010,7276,3855,9361,7267,8217,7582,342,4569,7352,8313,475,8092,8125,2782,9845,---15,5,13,6,6,12,2,12,14,9,12,15,6,12,3,4,5,15,11,10,12,
3105,9640,8998,8145,8584,7659,1068,6125,4911,7768,5064,787,212,6677,2838,8823,408,5530,6847,151,1439,---7,8,15,13,12,14,9,10,15,2,2,5,6,4,7,2,5,14,13,15,4,
5728,6721,8227,3172,1381,9095,7388,619,7149,3438,7982,1395,6283,1270,1984,9097,6040,4313,7514,4380,5822,---14,3,5,14,9,10,9,2,2,6,6,13,3,14,8,15,2,11,14,2,7,
7113,2923,9252,1222,5608,6825,2538,8555,2258,3211,1487,9170,7433,5291,2153,4600,2777,7258,9426,5500,1631,---10,14,10,8,3,7,14,7,15,13,9,15,12,7,4,13,7,11,4,13,8,
8611,3267,8932,5125,4614,5734,4169,1866,9516,6829,4301,4205,3155,9493,3209,4867,4730,9903,730,1374,3925,---15,5,2,2,15,8,7,10,7,13,2,13,3,3,7,13,7,4,8,9,5,
3584,8706,6949,2355,6635,1229,7749,8397,3633,4051,9076,4023,2230,1833,4953,9559,9709,8083,8446,5605,---14,13,8,14,6,10,13,10,11,5,3,2,10,11,15,11,7,3,5,8,
4354,8259,1764,2614,1511,3990,2057,6343,1228,1437,9393,4594,5363,9652,502,599,890,9551,2717,510,---5,2,9,14,3,8,9,12,8,5,8,7,5,11,13,9,6,15,8,11,
5856,7552,4227,1285,6151,5769,3053,2002,9853,8720,7346,6867,1941,1239,6053,9819,5532,6397,4222,2613,---9,5,4,11,4,4,13,2,4,8,5,13,4,7,5,9,13,2,14,2,
9856,7394,2852,3885,9959,1735,5308,7498,2855,9420,2114,6254,7215,8532,7861,6327,4280,9444,7066,6364,---10,12,8,7,15,9,13,15,13,13,4,14,12,8,8,4,10,5,9,10,
928,9872,867,3461,3377,9377,4362,1387,2092,8335,4240,337,7145,8022,2551,5366,2298,7580,6458,734,---10,12,9,7,12,13,7,10,9,3,7,13,9,2,13,13,9,8,7,7,
3872,7040,963,6501,3462,2759,9033,4972,7789,4014,3440,6194,2995,4755,3894,950,9338,6747,8412,261,---13,8,2,2,10,9,5,10,4,2,12,11,14,7,8,12,11,15,10,4,
8000,3298,3715,6373,4359,9384,9897,490,4855,4687,5853,5047,7894,1929,2489,3226,5519,3386,478,5695,---7,11,10,14,2,9,14,7,12,10,10,7,6,15,10,4,10,8,3,13,
4208,5643,9892,2790,3817,8203,7564,2285,6382,1903,8176,529,3411,4244,7510,824,1200,5563,9340,9342,---7,3,8,10,15,10,12,12,9,2,12,8,2,13,15,3,13,5,12,7,
6656,2401,2626,4291,9860,9382,8006,8785,1692,6922,1720,7091,4821,3094,1687,1208,1660,2557,5054,3455,---14,5,15,15,3,11,14,8,10,12,3,9,2,6,2,8,12,10,3,2,
1249,1243,1348,4966,7690,2667,2925,3344,3181,3856,3448,6386,308,5014,409,5368,5784,9552,4315,7994,---10,7,4,9,13,5,6,9,3,2,14,5,12,3,10,13,6,3,11,8,
5152,4865,1828,1126,7814,3914,6412,3686,5636,3823,1361,4918,5909,4790,6935,5988,9946,7533,6268,3750,---3,15,6,7,14,3,4,9,4,15,7,2,10,4,7,9,4,13,6,2,
3968,8389,2309,6439,8009,5771,4717,7214,7911,7000,2897,9427,6046,5225,4103,634,3313,1084,7123,6110,351,---7,15,7,10,15,3,3,6,10,14,2,12,4,9,4,2,15,8,5,6,4,
9344,3578,8162,1953,806,8295,9751,210,6973,2289,6290,9075,757,9549,3895,4541,4122,5647,6237,9022,3583,---11,7,14,9,6,10,15,6,12,5,8,5,11,11,11,4,4,3,2,4,3,
2241,5602,3747,7366,8110,6440,1705,2090,503,8749,4366,3945,6736,4968,7411,3214,8087,984,2266,1114,---9,10,13,15,5,12,4,13,11,2,11,15,2,2,12,6,3,8,3,11,
3200,3888,3813,4785,7721,6471,3503,4016,497,3922,3699,7478,8119,1592,3513,6137,2684,8826,7486,---14,9,6,14,9,2,10,8,13,9,10,4,7,7,6,3,9,6,12,
5410,8931,965,2281,170,6892,2521,4973,8304,7682,5859,9876,6581,4598,8889,9785,8442,1852,2965,---10,7,3,4,15,7,12,2,4,5,15,8,8,10,15,11,2,9,4,
656,2658,7491,7783,9000,713,8961,2315,623,353,6352,4468,4149,3830,457,922,7867,2748,511,---15,14,7,6,9,3,12,6,12,12,10,13,14,3,11,10,15,9,7,
9296,4035,5797,8817,1480,2665,6475,8721,8526,4976,6737,6483,3444,4137,9816,7674,8380,6554,4901,---15,14,9,15,6,13,5,2,5,12,7,11,14,15,10,12,8,14,9,
1120,1027,2506,8004,4551,6609,4042,7435,3245,718,9232,8497,7475,2164,55,8036,2010,5276,9469,---9,8,6,7,13,6,6,6,6,13,12,7,4,4,8,13,4,8,11,
1056,4993,2747,6821,4680,427,7115,8524,744,814,5597,881,306,3605,3177,4410,1695,250,5215,---4,9,4,14,8,4,7,7,2,11,7,13,2,15,10,6,5,13,3,
3632,6179,5023,5607,8937,924,4046,111,1520,6097,1116,563,2581,3991,3130,2715,4668,1054,8671,---7,8,10,6,12,7,11,8,15,7,2,14,7,14,13,13,11,7,8,
9440,4065,2946,2883,4682,7372,2322,6546,3760,6898,7348,6646,2743,6616,6713,9968,7869,1950,3871,---13,11,10,11,7,5,8,4,8,10,7,2,5,13,8,3,6,6,6,
2197,388,5222,3944,8777,8951,7212,9485,7001,3504,2728,6741,6103,5892,6421,9788,4573,8126,4021,---6,15,8,10,5,13,3,4,5,11,13,3,2,2,10,7,7,4,13,
1920,6817,2220,146,4327,76,6223,7303,876,7565,6479,4881,4050,5075,3956,1846,3316,7547,8874,---4,2,9,8,13,10,9,7,3,7,8,9,12,5,9,13,8,3,2,
2912,2592,962,1539,2277,7782,3240,6249,5259,366,6480,9568,2098,5731,6356,3159,2616,4218,5087,---15,8,13,13,5,12,10,7,4,3,7,15,14,5,4,9,2,10,7,
1123,453,8550,9863,1896,2859,2347,9966,8080,8922,4547,6901,4278,6584,2054,5915,956,2429,9407,---15,9,15,2,12,5,15,6,10,14,9,4,8,9,8,4,2,3,7,
640,2818,5252,3337,531,5274,4892,8348,8103,5673,2219,7726,5565,1094,4937,7250,4316,3293,3868,1894,3560,7542,1789,---15,2,8,5,3,4,10,7,13,11,13,4,9,5,14,2,3,11,3,2,6,11,15,
2180,4518,72,1484,1706,332,750,3920,8625,500,3262,6806,8535,6104,4505,5658,8827,5309,4414,---3,15,11,3,15,3,4,4,11,15,3,2,7,4,13,11,12,9,9,
6688,418,7227,2596,6437,3754,2730,2459,589,206,2735,7139,415,4132,2271,6076,8234,2879,---3,9,15,11,7,11,15,2,10,11,15,14,5,10,10,8,10,8,
8225,9608,2817,1352,5820,2282,5053,3121,4180,8725,4913,4311,5688,9017,9052,317,6014,2079,---7,9,11,5,12,4,6,15,4,7,15,7,12,4,2,11,8,6,
3009,1412,5055,6771,4808,3081,8268,6990,1693,9873,8722,4851,7802,9211,9562,9722,6654,7688,---5,4,7,10,13,3,3,3,2,13,10,10,11,4,11,10,12,6,
2496,1633,6178,1476,7589,2791,2537,970,9954,3085,2065,384,6072,888,5193,1272,1978,5278,---11,11,2,9,4,12,5,5,12,7,15,12,3,7,15,2,5,6,
5536,6466,571,5540,7942,4998,9215,7213,7118,8881,9939,8564,3959,8568,7866,7291,8444,5663,---3,5,9,14,11,7,3,9,2,13,11,4,11,10,14,12,2,8,
9217,8099,4931,1707,1959,458,6891,5392,6595,3422,8598,697,889,8890,4859,9822,6878,2527,---5,15,3,11,13,8,4,12,7,6,9,9,8,3,13,11,11,13,
1952,2256,1314,8420,7813,5919,1353,6379,365,7342,7887,5808,9843,9012,533,3439,2718,4191,---13,3,11,12,7,6,6,15,9,9,13,8,4,6,14,7,6,2,
8163,7237,3398,871,562,1294,9519,3793,9458,3363,7380,9262,6899,8504,8692,8316,62,8197,---6,4,15,7,7,2,14,13,10,5,13,6,7,2,7,8,14,11,
4097,5027,6597,7014,8614,73,4651,9359,1138,655,4741,4876,4517,4308,1819,1917,1886,2539,---3,11,8,7,14,8,3,6,11,14,10,7,15,11,7,5,4,15,
3648,6344,6693,1479,4488,4778,6603,9772,3185,2802,9203,5078,311,5785,4817,2876,1821,345,---8,7,2,10,11,11,2,3,8,11,8,10,8,5,2,11,10,2,
35,2949,5318,3975,4904,2633,8202,1324,1357,4559,1360,1256,5842,8596,2697,1786,5404,670,---14,9,11,10,8,4,2,11,3,4,3,5,14,14,8,10,3,11,
3650,8739,2628,1926,8754,9673,7786,6199,5325,8561,1586,1955,2516,3017,3065,2363,1258,7678,---5,5,14,8,13,2,4,13,11,8,13,7,10,7,2,8,14,9,
8704,8578,3342,5263,1303,2585,7456,6945,6189,5806,8369,7354,8635,8508,831,2369,6084,1608,7881,3918,7759,6224,6610,7566,343,2778,1115,7390,3295,9057,5224,1005,8053,7546,5755,---6,3,15,5,15,3,14,4,7,5,14,13,9,10,10,4,3,7,9,8,6,5,4,9,5,8,14,11,11,4,9,15,12,12,14,
4224,1922,8711,7572,6044,8224,3235,7205,2215,303,3763,8248,9019,5698,1862,6989,803,5080,4449,3301,5100,3565,8688,5757,8574,---9,2,12,15,11,14,8,8,3,4,5,7,11,5,5,15,7,11,15,12,15,7,11,7,11,
6275,8805,9799,9484,6090,3031,8652,8366,6159,8073,2237,3730,1386,3636,2901,6697,8729,828,1117,1822,4895,---7,9,12,8,2,14,14,7,7,9,15,12,9,13,8,3,11,14,2,12,9,
3264,4929,8683,2212,8773,6183,4652,2378,1579,1836,549,3630,1423,1424,120,3703,7512,5924,9212,447,---6,5,13,6,13,2,7,13,11,7,2,13,13,6,7,6,11,11,2,7,
32,8097,8645,6577,7946,9741,9198,9149,336,7377,6962,8787,4692,5910,5271,5145,2016,8925,4473,---15,15,3,8,12,7,10,2,8,11,9,10,5,9,3,5,10,7,6,
1632,4496,6306,4932,4869,9126,5832,6796,586,4364,3312,9744,1555,5557,553,5499,9930,9566,---6,8,8,9,14,2,2,3,5,4,3,11,14,14,12,14,15,13,
1744,5831,5640,3657,4458,620,8269,8750,5453,3056,4205,5906,1332,1966,9558,4874,765,5886,---13,12,3,6,5,5,14,2,4,10,13,4,11,10,12,2,6,6,
768,96,2245,8616,265,1271,9234,7181,9874,7155,4665,1337,6555,2588,1213,8990,2685,---13,10,9,9,8,4,7,10,8,9,10,11,7,2,12,15,3,
3552,9025,2690,3608,807,2954,939,9743,2579,4273,7698,1427,3989,5943,6232,3391,917,---2,14,12,6,6,8,9,9,7,5,10,7,8,10,10,10,3,
8930,3651,9102,1105,1736,6729,6764,1485,5614,5741,3120,8136,172,6645,9399,892,8917,---10,10,13,10,11,13,10,9,15,3,2,6,7,10,8,6,15,
6657,8034,4644,2725,3334,4833,6313,426,7696,3602,5459,9328,5240,8537,4571,6716,9759,---3,10,13,12,12,12,2,7,12,7,6,13,13,5,4,4,15,
7553,1835,612,5479,5032,9836,1514,4459,1740,8430,4107,5201,5522,590,3115,9675,1535,---7,4,8,10,7,6,3,6,7,10,13,2,6,8,3,10,2,
2624,3776,8994,7621,9511,1448,2186,4563,7815,4942,6641,3891,9326,9914,9041,126,159,---5,8,10,3,8,7,3,10,11,13,5,6,7,9,12,7,2,
1057,8322,1251,6856,7979,226,5646,1810,435,5339,1205,566,2839,6530,3515,6141,7007,---13,8,11,11,8,7,3,9,4,8,4,14,2,10,2,3,3,
4800,5889,8130,5099,5861,8359,5233,2507,4268,3309,8541,417,8407,1517,988,7901,6783,---8,15,15,5,10,15,11,9,2,8,13,9,12,7,2,7,9,
6883,7620,2693,8168,1577,1002,5739,5134,3055,3912,466,4142,2294,6487,6436,9756,7231,---12,14,15,14,2,12,11,7,7,12,11,3,8,15,3,10,6,
3714,899,9669,4230,1148,5802,4588,557,605,9779,7029,8919,2360,3897,4378,8538,9309,---14,4,11,11,12,12,11,3,6,13,12,10,7,3,6,12,4,
5765,8825,7912,6411,3213,3599,4887,8660,1109,9367,9172,8186,3519,7653,8154,3166,4671,---4,15,5,9,10,9,14,15,8,6,9,7,8,9,5,2,4,
800,2435,6116,7238,8902,5322,1227,9117,286,6526,9465,2200,8356,4634,797,94,8927,---4,12,5,9,12,5,3,7,11,8,5,10,13,9,14,3,7,
193,6115,5700,2918,385,9800,8489,1923,6407,2451,9063,4195,3188,3125,4041,2236,9567,---9,13,2,12,11,8,10,4,12,10,3,13,15,12,9,3,5,
784,7654,2183,7880,8076,5194,651,3692,9965,4623,8400,7442,9268,792,2139,6300,234,---6,4,11,7,8,11,6,5,12,4,13,7,2,6,7,7,2,
4768,3675,6404,6393,9960,5356,364,850,974,9456,5458,7636,1559,5572,9050,2203,5117,---10,7,14,2,9,7,7,8,9,2,6,10,5,13,12,7,5,
8866,3587,9572,4006,7622,3303,7703,7849,5323,6732,1859,8169,9879,60,5085,3486,4165,---6,4,12,9,2,11,8,15,2,4,14,6,10,15,13,8,6,
4357,3336,2569,6924,5390,904,8213,794,2461,7585,2979,1444,7729,190,5188,5451,2898,7509,6614,6360,7899,2397,866,2023,1726,4982,2554,---14,9,14,2,13,13,8,4,7,3,2,3,14,8,4,9,7,10,5,6,9,10,10,2,14,3,9,
3842,1925,2958,5959,4762,3361,5169,2472,3015,8621,7473,1331,3255,6724,71,6611,3284,2520,6498,3428,6506,1388,4080,5113,---6,9,10,10,9,14,14,10,8,2,9,11,12,13,15,3,8,12,8,4,6,15,6,6,
5184,5916,4037,5510,5319,8233,2727,7884,2129,3943,7285,6070,7801,3642,5083,1276,1905,9941,---14,15,12,15,5,7,13,9,9,7,2,8,13,4,15,6,9,7,
8037,4008,1001,9132,6605,2095,9299,596,1494,919,6488,4697,2198,239,2524,1790,---11,14,14,10,4,6,15,15,8,14,11,15,3,6,15,7,
6560,7617,7458,6308,8374,8838,9638,7017,9291,972,5204,4950,312,9242,1534,31,---2,13,2,5,7,8,2,6,9,14,13,7,10,11,3,14,
2368,5441,5187,9479,5994,2349,7183,1048,1379,7764,3768,5913,4539,3580,6173,8365,---5,2,14,14,9,5,6,7,9,15,13,13,7,2,12,3,
1152,2722,3076,3781,1702,9929,3114,1834,7177,8194,8398,9935,81,5012,5257,1661,---9,14,8,11,15,14,15,11,4,12,6,10,4,9,9,12,
6368,4162,7907,5412,8325,4872,7036,8842,6444,1712,7953,5603,2486,5752,4795,6620,---11,10,13,4,9,5,3,8,5,11,12,12,9,14,15,10,
7360,8482,7204,3045,3911,6153,9195,9388,7117,2830,8207,6832,1874,2772,6914,8255,---13,9,7,8,8,4,8,6,14,5,8,3,5,12,7,8,
642,7619,4390,8305,9576,4907,5634,1774,4173,752,7281,1428,2009,3951,7548,1023,---3,3,10,9,7,8,4,4,11,6,9,2,2,15,11,10,
6496,3426,433,8488,1641,2442,1870,2767,2769,9330,3379,9591,9176,5787,4156,1757,---5,8,8,4,11,15,12,13,11,8,13,8,12,7,2,15,
3168,3883,7973,968,8650,7147,1644,5844,1879,6392,6777,5946,7551,5021,8766,543,---15,15,8,3,4,7,8,8,2,4,10,10,5,6,6,5,
6497,5474,515,2340,8134,8839,7628,2990,6863,6353,2770,7732,9877,5879,9272,2329,---14,8,12,10,4,4,9,14,2,3,2,6,12,5,2,11,
4386,1603,2405,7983,9008,5496,5554,1491,9206,7289,2744,4441,3611,5084,6685,9439,---4,3,15,9,11,4,13,2,13,2,6,11,2,11,6,5,
1441,9123,3972,8417,6632,7116,7434,9452,1898,4815,5192,4659,2911,3434,9480,8959,---6,4,6,2,12,5,13,15,8,9,11,5,2,3,11,14,
1217,1899,6596,6309,5449,3530,7275,3597,9391,4212,6774,7033,4804,9637,6812,6591,---7,5,15,9,13,10,15,3,10,10,14,6,11,6,14,12,
4183,2053,615,1946,1225,1767,268,2030,6895,5178,1269,278,8279,858,4732,5277,---6,9,13,8,12,11,9,12,9,9,7,6,7,8,13,15,
5568,3722,4622,913,4500,667,3106,37,6317,1472,7999,7232,9031,7890,4835,9305,6366,8288,225,2659,6117,3570,1909,---7,11,13,10,9,7,9,10,8,4,9,14,12,9,5,5,7,11,14,5,4,5,14,
514,1667,3206,6024,9353,6146,6295,7325,8105,7211,3501,9527,4413,4548,8658,2260,7393,5349,3432,5226,8939,3625,3796,---5,3,15,9,10,11,6,13,15,6,11,13,12,4,14,5,8,4,10,14,4,14,6,
1699,420,618,7334,9128,7209,5098,5835,338,6318,6608,2450,1803,7502,2966,9657,9306,5019,5244,1194,9599,---5,2,6,10,6,4,3,8,11,9,3,7,13,5,6,8,9,3,11,2,2,
4032,804,1927,1039,9898,1935,2488,8690,1812,3349,9846,6839,2328,3300,5370,2011,6492,1711,8318,6335,---9,15,9,3,2,3,12,14,12,11,15,6,8,4,14,9,8,4,3,7,
7137,9762,6303,9989,4423,2664,725,4487,3724,8530,8752,7121,3890,3445,4903,1087,9852,2849,5503,---9,11,6,5,5,2,15,9,7,15,9,13,4,11,15,9,7,15,13,
5346,4355,4758,3786,8107,877,7933,2994,3939,1748,5141,6838,2295,7353,5469,6334,---6,9,10,14,12,3,6,5,4,7,14,15,2,2,12,9,
1728,7618,747,69,3846,5320,4744,2987,269,3215,2288,8017,7363,4557,2395,1884,---10,6,4,6,12,14,11,5,7,9,5,12,8,4,7,11,
4546,100,550,9896,5484,8844,2957,8431,9488,9682,2483,1305,1658,4036,9619,---3,6,2,12,13,15,3,8,8,15,7,3,12,7,9,
8800,3233,4387,2372,8549,8649,4747,3437,46,9560,7956,5600,7960,1498,1887,---14,4,6,11,15,10,5,2,15,9,15,12,6,13,4,
9091,3044,1510,9703,7400,6633,235,7532,776,6549,2552,1211,5535,2590,1791,---9,9,4,11,6,10,9,10,8,3,4,2,5,14,5,
9248,4451,7876,4421,9798,6954,6967,8908,1650,2062,3631,594,5239,2108,5310,---12,15,13,6,9,3,9,4,10,10,9,8,15,13,13,
4320,992,4994,7461,167,6208,4969,2807,4846,5142,6025,9087,1340,1982,8383,---7,9,7,8,13,9,3,13,15,2,4,4,4,8,12,
4704,290,259,8840,5884,6346,5644,2733,8910,9615,4530,6019,5147,4956,6494,---11,5,10,8,12,8,11,13,14,13,14,7,4,9,3,
1602,5438,3845,2310,711,3816,3500,3470,7440,2835,5364,1214,186,7068,2974,---3,3,13,11,12,10,14,8,8,9,15,2,4,4,10,
7106,147,1478,4428,8970,9099,6700,1075,2932,5342,2712,9658,1578,3774,181,---10,9,7,12,11,2,13,12,2,6,3,13,8,15,12,
2176,8257,9169,7428,9285,4007,5704,5874,4336,4721,5586,7256,4826,7387,6909,---8,9,11,7,9,14,4,6,6,9,4,9,7,2,12,
8160,7297,6626,7524,5302,8007,4009,4298,7207,5922,4416,3281,7632,3958,5726,---9,7,3,9,14,5,12,9,2,13,13,8,4,12,14,
4515,4996,1893,3974,2470,4424,9993,9834,3557,2606,3954,5619,2651,4124,5119,---4,2,13,8,2,9,3,14,14,7,3,3,10,6,12,
2305,1060,5925,673,2504,6780,1170,2510,9453,6288,5042,6291,5525,3194,796,8147,---11,10,15,6,11,4,13,5,8,6,4,5,15,6,9,11,
4386,7579,484,9990,4102,3591,8071,2630,9134,7259,2851,8238,8695,3291,3711,---4,14,13,15,9,10,5,12,13,2,14,14,11,7,3,
8896,1763,3140,6085,9350,5353,2927,1268,2805,3863,2104,217,9338,6767,4828,---14,12,14,12,8,14,5,4,5,5,6,12,11,8,3,
3970,5383,4072,6270,398,7408,5912,4498,8020,9870,3319,9592,5790,2462,---3,5,13,2,9,10,4,4,8,3,5,11,6,12,
480,8514,6020,8967,1674,1358,4447,1045,406,825,5721,8794,3867,4991,---14,2,7,8,10,8,13,6,10,14,7,2,11,11,
9474,6467,2788,4678,9062,8327,8012,3465,3276,9998,2223,2036,9385,4703,---5,13,4,6,12,7,12,12,8,2,3,14,5,5,
6592,2594,4100,2312,682,7575,5584,9105,2739,2455,6039,344,7481,9604,---14,12,7,2,14,9,11,12,11,9,7,8,9,14,
3937,7138,9988,229,4648,3596,770,5072,4403,1488,1715,8376,3934,2373,---12,6,9,9,13,6,14,5,12,2,10,12,14,7,
9313,6947,7908,4485,7337,2346,5616,82,4819,8884,597,6422,1207,3419,---4,5,3,14,10,7,11,7,10,6,8,13,8,4,
512,1669,7306,8589,4879,1937,1429,8856,8475,5148,7069,3107,5033,6983,8108,7087,4789,3256,1722,3135,65,9666,8005,4807,1096,1868,2765,8654,7629,851,1366,9175,8665,3418,4059,3165,8799,8928,5985,9186,996,3304,8682,4075,7917,4189,8048,370,9171,6523,1788,---10,15,2,7,11,4,9,14,13,6,10,12,2,12,7,11,9,6,7,7,6,8,5,3,12,4,14,8,4,10,6,6,13,5,13,3,13,2,11,14,5,5,13,5,14,13,15,3,6,2,11,
6913,6790,6145,7318,9623,6811,6044,9504,6180,3484,9844,3645,8638,3521,2501,9803,8789,7097,7844,6107,1506,6077,244,2037,1399,3327,8188,8574,9855,---14,6,6,12,8,14,11,8,8,13,6,15,2,6,5,8,2,8,15,8,12,11,13,5,7,6,9,11,13,
3841,8834,2193,7314,3862,4637,7711,8480,3113,9514,1585,2751,5952,1605,1356,6349,847,8783,5211,9317,5223,6251,5232,3829,---13,11,12,14,15,6,2,7,11,4,12,4,15,3,9,11,14,13,9,11,12,7,12,12,
960,3745,1059,3396,5509,4096,2209,3936,7530,4434,5678,1981,5649,2706,4211,6890,3525,4535,2648,2493,6559,---7,9,14,3,2,15,9,12,10,12,10,10,11,6,15,8,7,14,6,4,14,
7581,7201,1571,517,3676,1034,4987,4011,2415,4144,9411,1940,3061,4461,3128,5433,2267,2172,3466,397,---8,3,4,15,10,10,2,8,12,15,15,15,3,12,5,14,14,7,7,15,
6080,5249,8963,5253,5473,9344,7627,2764,6674,9746,2103,8472,5061,7260,3390,325,---11,8,2,2,4,11,4,5,6,10,2,11,2,7,11,15,
4128,1537,8643,2117,6729,8136,9,6135,6220,4013,3506,4512,3828,6679,3963,9399,---2,14,2,5,13,6,8,9,9,15,6,6,6,3,2,8,
1088,1058,6500,6372,6055,9224,2732,5452,845,9269,3831,6233,826,9724,4002,---5,9,14,4,5,5,11,9,13,14,13,12,9,11,15,
2755,4198,6312,9801,6314,8685,1839,4980,9046,6068,506,5290,8830,---7,9,3,8,9,5,13,2,2,11,4,8,3,
7131,7300,3102,2571,5708,4621,368,958,3866,9275,8220,6813,8478,---11,13,6,7,13,13,12,4,7,4,13,5,3,
6211,2796,9482,4235,2604,2541,559,6384,4145,8245,3321,3258,3038,---3,2,10,9,8,5,13,2,2,13,11,8,12,
7872,1264,4803,3397,7882,432,3857,9907,1142,3799,5567,2492,7391,---9,2,13,7,3,8,11,6,3,12,9,13,12,
4193,8746,6416,7344,1363,3732,6999,7832,2201,5050,2109,574,3743,---3,11,7,8,7,7,8,7,7,3,10,2,11,
4192,4705,482,6952,9421,4238,6512,5362,7316,6263,632,3156,4058,---11,10,7,3,6,2,7,11,4,6,2,3,2,
9216,5897,8460,7053,1041,2609,4630,6168,8857,5664,2598,1191,5550,9905,827,8183,1252,9189,2150,17,2408,2929,9335,253,5374,---11,4,3,12,11,4,2,5,6,9,15,12,13,12,6,10,2,11,15,3,13,3,8,4,2,
2696,7819,8463,3728,3352,2202,7462,7720,4010,9131,8368,6131,8506,4673,9030,7244,9948,1380,2536,622,5800,627,4469,3837,---10,7,2,13,11,11,11,7,7,15,13,14,11,9,10,10,5,14,5,15,3,10,11,7,
3078,9356,910,5135,2194,4246,7193,8735,929,166,936,5948,3137,3536,9938,213,6623,7398,5735,1512,2410,1648,5883,---11,13,13,12,15,13,15,11,5,11,14,6,15,9,11,7,4,3,4,6,7,4,14,
7970,9701,614,6215,8456,1062,4426,7403,2828,5549,2221,2612,373,9110,1751,7686,6651,348,7229,2399,---8,5,9,6,6,15,12,10,11,9,9,9,8,8,13,6,4,14,2,4,
6739,4802,6120,9257,7626,6059,6157,1881,3805,905,4040,8178,4089,4340,1623,3992,4601,3002,3060,5439,---8,5,5,9,3,9,4,6,9,5,15,13,14,3,4,15,13,5,13,11,
7296,5890,2756,1829,9222,9159,9544,2761,3242,3563,1762,209,2963,374,2903,1368,3609,2074,5885,---7,7,7,8,14,10,9,8,12,9,12,15,5,10,9,3,15,10,8,
3776,2560,4130,8451,9119,3847,4563,159,7635,6641,9491,759,8987,7075,1310,2143,---8,15,5,10,7,10,10,2,12,5,14,15,12,5,15,9,
3840,9569,7906,2402,4164,4586,1202,4430,16,3474,6873,3292,6880,4,7583,---6,11,9,2,7,6,9,14,9,10,8,12,8,10,8,
7105,5734,7489,4840,1802,203,9553,2864,7944,3925,9352,4383,6013,3189,---2,8,11,9,9,3,11,12,7,5,10,9,2,10,
8416,7329,2082,1477,9256,9001,3148,4109,7790,1501,8464,4501,123,7421,---2,11,7,7,2,5,11,9,11,14,3,10,9,12,
8832,6593,7111,5992,5001,6731,2413,8591,5745,1716,9144,2943,---4,11,4,11,2,6,12,2,10,10,6,3,
1377,8515,774,8423,2061,5236,9278,5592,700,1533,3902,2591,---9,2,3,12,5,5,12,4,8,12,11,10,
9221,518,9223,1938,8084,3223,9760,9379,6820,2472,71,2863,3248,1331,3764,3637,3255,7997,832,6724,5959,7499,4940,8404,1496,3428,1636,8042,9963,4848,5113,9854,---13,6,14,4,7,12,4,10,12,10,15,15,3,11,12,4,12,3,13,13,10,14,14,2,11,4,7,13,10,8,6,3,
6273,7171,2573,1426,6424,6299,5024,6177,4002,6835,694,9656,2105,1012,6345,7886,4433,7807,1637,5472,6372,485,9833,2154,4724,8831,4223,---8,8,13,7,15,4,9,10,15,10,9,11,6,7,12,14,2,4,9,12,4,11,3,15,2,9,15,
8481,4194,1157,1505,1226,6539,13,7761,8594,4499,5762,5813,3798,5623,2840,8409,5594,1146,6773,---5,9,7,3,8,12,10,15,3,14,5,10,7,5,8,6,8,13,5,
5120,321,3906,6939,674,6551,8140,4749,6420,118,4343,1600,9561,6842,2171,4540,7493,---12,11,6,5,8,10,12,5,8,12,4,2,11,6,5,9,14,
1409,2235,9188,4438,907,6380,158,2513,9970,6419,7989,6262,6363,5694,6565,---3,8,9,3,13,4,11,15,11,12,5,2,11,13,13,
2002,9947,165,3622,8072,5421,1262,3567,7346,5524,1239,5485,4827,5532,990,---2,14,6,3,10,12,10,4,5,3,7,14,15,13,5,
1858,4395,1853,2503,9481,6759,6476,6237,5234,756,757,3066,5466,6973,---5,3,5,5,14,11,13,2,7,4,11,6,6,12,
8227,4455,6216,8585,7978,119,1452,1805,525,6643,8503,6395,---5,3,2,8,3,4,10,6,6,9,4,5,
4452,9414,4711,5804,6931,372,926,4216,819,5564,7070,---8,4,11,5,9,10,3,8,10,7,5,
5920,4197,3494,6284,1230,6801,378,9364,5942,3322,7645,---8,4,5,11,5,7,8,9,2,5,6,
2914,1411,2888,8362,3566,7453,1233,2678,8921,6845,7135,---11,9,9,9,9,10,8,3,11,6,11,
1861,7206,7015,1772,2445,8114,9651,6686,9499,9596,1502,---11,4,11,5,5,10,6,9,2,9,8,
5638,5129,6285,2574,8336,5905,4245,9676,9804,6433,4742,6311,4393,4650,4908,9395,8457,8249,2620,9533,5443,4676,844,5450,4044,8659,5336,6109,7312,6640,7537,1778,9459,635,---5,6,7,15,4,6,10,5,8,11,13,10,3,5,14,10,10,12,15,3,10,7,7,6,4,5,6,7,11,3,4,3,2,9,
4611,4358,109,8978,9107,6678,9112,6689,931,9766,4140,3759,5684,5391,3383,698,3270,1719,4685,3727,2398,7776,7777,7140,8681,1901,2672,9329,5106,8835,---15,14,4,13,14,15,13,5,14,10,11,14,13,7,3,5,10,10,5,6,8,9,3,4,13,3,15,12,8,14,
130,132,389,6919,2313,9858,6929,3610,8278,7712,6049,8101,7220,7733,5562,3573,7501,8270,982,1112,2916,9438,2018,1507,3556,9064,8174,9717,6015,---14,8,15,10,4,13,2,7,11,8,14,6,14,5,12,14,13,13,4,4,7,7,15,15,15,2,8,7,4,
5002,652,1933,5779,5911,1180,2589,7341,305,1343,6464,4289,7374,7640,9308,7774,9696,8676,6246,230,6250,7918,5361,2034,3835,---14,2,15,4,8,15,15,9,3,5,4,12,14,2,11,11,3,3,2,15,2,6,4,2,4,
3721,8588,275,9236,4890,6176,1319,6569,7725,6579,4332,7734,1725,1604,6091,3663,4947,1245,8542,5220,4076,2797,---8,14,8,9,11,4,12,7,11,2,15,7,2,9,10,15,14,7,11,14,10,14,
2656,7265,5090,6147,2404,4133,3271,7274,7595,1091,3471,1968,2577,4722,3219,3318,1401,4282,737,9985,9405,---15,14,13,9,3,11,4,2,13,15,5,6,6,12,15,11,14,13,15,11,5,
6432,9296,5797,4976,6567,1480,297,6483,5486,5360,8721,5970,1683,4137,9463,7674,7739,7048,4901,---14,15,9,12,12,6,10,11,2,7,2,4,13,15,11,12,2,8,9,
4897,5124,9980,1642,5540,7118,4112,8881,8444,2359,1657,7866,571,7932,7497,7615,---7,14,5,12,14,2,4,13,2,2,7,14,9,7,12,14,
4512,1221,4584,3241,5386,4331,4303,7025,8917,5993,7561,4127,892,3658,7743,---6,3,2,9,11,15,6,11,15,7,3,15,6,11,12,
7184,3811,8166,6762,7675,3505,6133,1113,9247,8415,---10,6,4,5,8,5,4,9,3,5,
160,1301,3687,4938,6155,8593,3700,4597,7834,7221,---5,10,7,9,5,3,6,2,8,5,
8553,2252,8848,1841,277,4120,6588,6589,5208,9205,---9,3,3,7,8,3,8,9,9,7,
3968,4103,3879,9880,624,838,6439,5293,177,5810,6195,6453,1595,6718,3905,835,8646,8009,9427,1110,4060,5218,9383,4464,634,---7,4,2,11,8,8,10,2,10,15,11,5,12,13,3,4,13,15,12,5,15,14,4,7,2,
9218,4616,5901,7310,20,2841,9243,6428,672,1826,565,3257,2746,8764,8893,53,2119,6472,9574,1392,754,6009,---8,6,11,7,14,11,11,5,15,10,9,5,15,6,2,15,7,3,10,15,9,14,
6562,7395,9476,8806,2086,444,2698,6381,4431,1904,8337,3923,9839,3032,8019,883,4348,6429,8191,---3,3,6,12,13,10,2,9,11,14,2,6,5,15,5,10,7,7,11,
9568,5633,2181,7782,263,3240,6249,5259,6480,2098,4147,9140,2006,6753,1880,4218,5494,2277,---15,7,9,12,10,10,7,4,7,14,10,13,14,13,10,10,7,5,
3744,6843,4694,294,4534,5705,7818,587,5292,1998,8399,3216,276,2262,1433,1359,6524,---9,15,14,15,11,9,6,2,15,5,13,12,7,5,2,11,12,
608,9353,9060,1797,6022,3432,1481,3014,2255,9368,7827,3860,9975,8920,6415,637,6751,---12,10,14,9,9,10,2,15,15,7,15,4,8,9,4,8,6,
4674,8741,1628,4234,5978,7928,9114,8751,3402,4209,309,9109,6586,3290,1850,1022,2549,---13,4,3,10,15,14,9,9,10,12,3,10,7,10,15,15,11,
7170,9412,1029,7624,3337,9962,1131,6060,7726,531,7800,5252,5274,3868,5565,2431,---6,8,5,9,5,15,7,13,4,3,8,8,4,3,9,15,
2754,7594,6409,4138,7851,9823,5261,5681,1140,5270,6648,2682,5115,8732,7005,5151,---15,10,13,13,12,8,13,3,10,2,3,2,12,11,5,12,
4514,4710,3330,7051,1676,7634,7630,9618,3473,5650,8499,7829,2199,9436,9151,---4,6,5,7,9,6,4,9,7,11,5,7,9,11,6,
1219,3717,492,1581,5648,8883,661,8021,6007,5272,5017,7642,1275,2430,6149,---11,7,4,4,4,9,15,12,8,6,10,12,9,5,10,
2241,6434,99,6502,2090,5707,8749,8110,5777,3875,2296,1114,6908,4543,---9,10,14,5,13,11,2,5,2,3,7,11,6,2,
7259,3524,2630,944,7507,7444,5206,948,7707,1277,862,3711,---2,11,12,4,3,4,10,11,11,11,11,3,
8352,8897,3459,3593,2955,1620,9911,955,4446,---7,4,8,2,6,6,8,9,2,
9862,9735,9225,2570,9231,660,3739,6534,8233,6061,7469,8759,5945,4923,1344,3012,4293,198,459,7760,9554,723,8663,4568,6884,2394,8784,9826,4836,4069,7285,760,7293,---7,8,9,12,13,7,3,9,7,3,8,14,3,5,5,13,2,12,11,3,15,15,2,9,3,13,12,14,11,12,2,3,10,
4484,396,9628,9255,3369,6707,9908,8628,8128,8903,8776,2316,4048,1618,7125,1878,1634,7913,9579,8556,9197,1263,7282,5622,507,---2,6,8,12,9,13,5,13,4,10,9,7,4,8,7,6,14,8,3,5,5,9,6,4,5,
7150,156,157,7713,9510,7975,3497,4266,9263,6326,6717,9924,837,8520,7503,9178,8292,3814,8678,6122,1134,2930,3833,7034,---2,3,3,6,3,15,3,12,5,9,5,15,5,4,7,9,10,8,2,7,15,2,10,5,
9734,4487,3724,8340,7320,8869,4903,684,5167,1847,4285,318,4423,7121,3544,2142,3807,9952,7137,5740,6638,5241,7807,---12,9,7,13,6,12,15,7,6,8,9,2,5,13,5,8,7,11,9,11,5,3,4,
3681,6562,9251,7556,2225,9848,8426,2734,5807,7792,7247,7602,8630,4759,8056,2265,6298,5979,3677,8062,3679,---6,3,12,6,6,14,5,10,11,15,10,9,6,13,3,8,4,13,13,11,12,
9284,4577,8964,1414,3623,8296,174,4253,4272,1672,7378,7284,9710,568,7257,3482,9243,6396,5210,1151,---3,14,8,6,12,9,10,8,10,3,10,2,4,8,5,3,11,8,4,3,
5936,2274,6691,5732,486,5953,7691,2466,7277,2448,8466,2708,1237,3095,3384,4602,4818,3548,5722,---13,3,13,6,14,8,15,8,12,11,13,10,11,6,4,7,10,10,5,
4354,8259,1764,6343,2057,1511,1228,3789,5551,3698,4019,502,3689,1049,4699,1308,2717,510,---5,2,9,12,9,3,8,14,4,4,3,13,5,4,3,9,8,11,
7904,7041,2786,155,2438,6698,4939,7373,462,786,1011,3380,7957,9494,6260,2939,1339,8085,---15,4,4,6,14,5,9,3,5,3,14,14,6,2,6,13,13,9,
5536,6466,2660,4998,7942,8881,8211,3820,5048,9939,3540,4085,8568,964,7291,8252,9215,---3,5,12,7,11,13,8,10,10,11,3,2,10,13,12,11,3,
9344,1953,9475,8295,6568,329,3895,4524,9549,5647,2289,6674,3443,9751,346,3035,5855,---11,9,7,10,9,4,11,8,11,3,5,6,14,15,3,14,5,
257,6754,2342,7717,9542,6247,9642,6571,3949,3311,3794,5013,8151,3767,5999,4295,---13,11,6,4,10,7,7,14,12,9,6,8,5,4,15,4,
612,3590,6630,5479,5032,1129,1482,9836,8430,5522,7763,5621,1740,5591,1514,6398,---8,15,3,10,7,8,8,6,10,6,13,8,7,4,3,12,
4581,8931,6629,3496,7522,3275,6892,4973,9785,9842,8331,2521,4793,1852,965,---6,7,14,15,7,15,7,2,11,7,8,12,10,9,3,
8086,5863,7084,423,499,7951,2935,8469,6710,9271,7225,5306,1565,1525,9343,---13,4,2,15,5,15,12,8,15,11,9,13,11,15,7,
8353,9606,5159,7528,9074,6799,8560,4632,178,3574,2393,4408,2713,1473,1599,---13,4,7,3,12,10,8,11,7,14,9,3,8,8,2,
4704,290,6019,4956,6346,1067,2733,5935,11,6002,3222,4666,9403,5884,986,---11,5,7,9,8,2,13,8,12,7,15,10,11,12,4,
2693,6792,2076,1002,5739,4142,9648,8200,7063,8168,9402,5434,9756,6490,7231,---15,13,6,12,11,3,5,12,10,14,4,9,10,6,6,
3584,5345,292,7749,9709,3982,8397,3278,1229,4181,9559,2479,5661,7294,---14,5,14,13,7,14,10,3,10,3,11,14,2,10,
9632,8513,6465,4434,1038,5552,2648,2706,270,8791,6200,857,3962,2493,---8,7,11,12,12,8,6,6,2,13,4,11,8,4,
1412,5062,8268,3534,6064,9873,8722,1171,4886,9529,9211,2268,1311,---4,2,3,3,4,13,10,12,9,11,4,9,10,
3682,9142,3976,5131,9004,8243,980,1717,5878,5850,8251,8670,---8,12,5,8,5,3,11,5,3,9,3,9,
8192,6059,1895,552,7626,6231,6957,6292,1623,6936,3002,1403,---2,9,10,4,3,3,12,9,4,3,5,5,
3280,354,5478,519,3753,5867,272,7120,4472,5918,---5,9,7,10,4,5,10,3,5,2,
3008,2179,1798,4681,3467,3849,214,9687,7355,3804,---3,6,5,8,3,8,8,7,6,6,
5268,1685,2583,4633,30,546,7728,5940,6071,6201,3003,1342,885,9536,2371,9034,4683,6228,347,9443,2022,4206,2799,4981,3320,6267,1021,2686,---10,10,14,12,11,9,11,2,6,15,4,12,10,5,14,10,15,10,14,11,11,8,2,3,6,4,12,10,
9088,5384,6673,1939,2973,6958,4655,689,5816,5307,1724,8895,6214,8653,463,9048,5011,9182,4959,9835,9747,8057,63,9084,---5,14,11,9,11,14,10,3,7,13,7,2,15,3,13,14,9,13,6,8,14,12,7,12,
1668,389,6919,2318,1556,9503,6049,7722,5035,7855,434,2227,7220,5046,6389,2977,3409,982,483,3556,7270,5104,9717,5882,---3,15,10,10,5,12,14,3,14,12,8,5,14,5,12,13,8,4,2,15,10,3,7,7,
2058,653,6808,9500,2206,7460,4653,1073,9784,5437,7871,8899,6341,6857,5462,8668,3421,9056,5358,501,4599,2168,9721,---15,10,13,8,4,10,10,5,11,2,14,4,14,5,11,10,6,6,7,9,8,5,13,
4609,7178,2147,8484,9401,5482,8254,7852,5677,9775,8120,3358,6531,9940,8981,7767,9028,356,9725,9534,9525,---13,12,14,13,5,8,14,7,5,13,13,4,9,13,7,4,10,7,4,2,4,
3137,5155,3876,3078,5735,8803,5948,2194,910,5135,3536,9425,9938,8947,6623,4151,8735,5883,3772,929,---15,13,7,11,4,2,6,15,13,12,9,2,11,4,4,13,11,14,12,5,
4912,5026,5316,9218,6886,7310,7752,140,2157,8622,5901,1392,4610,1765,3220,53,5718,2746,4405,---12,15,5,8,3,7,4,6,10,15,11,15,6,5,13,15,14,15,10,
8384,6304,4915,2275,7197,9085,6667,2636,1523,4115,8347,789,5143,413,1843,9978,2779,8157,5471,---4,4,15,10,5,7,12,6,10,5,2,8,12,6,13,2,3,2,14,
9411,54,966,3676,1034,517,2415,4144,4562,1571,1493,4566,3128,5433,2172,7101,8926,3061,---15,2,7,10,10,15,12,15,2,4,13,8,5,14,7,9,7,3,
4290,2819,6854,3688,4585,7788,9133,3247,8656,2024,3795,4056,4279,9528,3994,3163,7519,---12,15,3,9,12,4,14,7,15,7,7,12,10,7,2,11,13,
3392,9451,2731,4136,2427,7799,7180,5101,5488,6376,4565,9303,7865,1883,2749,---6,9,12,8,11,13,2,8,14,7,12,15,7,12,11,
7650,7331,1638,1032,2967,8850,8079,9712,6513,4242,7735,2071,9371,1336,991,---11,2,11,14,7,15,2,2,13,3,10,4,2,4,2,
7874,6822,1254,8597,7798,2029,7795,350,6165,9910,663,5657,9053,446,8351,---10,4,11,15,4,7,7,11,4,15,2,8,3,8,10,
9442,6887,6536,2477,9602,6385,1970,7283,1364,1622,5815,1464,7508,285,---7,5,12,10,7,14,7,8,3,13,5,13,8,2,
192,5729,5346,7747,523,7527,2091,3118,3027,7604,1589,4951,6875,638,---10,12,6,9,2,11,12,9,8,14,14,8,8,3,
7202,5412,8790,6620,3810,5693,5235,2486,3769,7036,6269,4162,---8,4,9,10,9,11,12,9,2,3,11,10,
8613,8422,5477,3182,1647,8081,7603,6746,8410,6206,7365,---2,9,8,2,5,5,5,6,11,11,4,
3787,3152,3153,4914,5139,6142,9918,---2,3,3,4,4,2,2,
4432,1991,4402,5680,5809,1298,8952,---5,7,7,3,4,4,7,
450,2491,6733,2321,2389,4729,5275,---6,3,6,4,6,4,3,
8512,714,2578,1844,3702,8891,8860,---6,3,7,5,3,6,7,
5761,3077,393,6538,532,9237,1302,6423,664,1626,289,7974,42,3755,7856,179,5685,1590,8381,3533,1746,2266,6108,9437,3938,3429,5094,875,7919,7925,3709,---11,15,8,14,14,5,14,7,8,10,5,5,13,15,11,2,15,10,2,9,5,3,6,9,15,6,13,12,4,13,9,
6661,9607,5389,6675,6809,2072,1817,4004,4401,2875,1212,9156,7496,8525,5712,978,2007,2000,4283,5604,3047,7271,7535,19,8694,3710,4351,---2,14,3,10,11,2,14,15,2,7,12,15,9,3,10,8,3,7,10,11,12,7,14,2,7,12,11,
7,8714,4114,8726,5435,5871,2204,1181,1963,2096,1329,5819,5823,8640,6726,726,1888,865,7011,2276,1004,5231,2302,4479,---11,15,12,11,14,12,12,13,8,3,13,10,12,2,5,12,8,11,10,3,12,7,15,8,
9984,6791,3212,402,9363,22,5655,666,4379,1756,2475,6065,9138,3775,843,7245,2133,5340,7268,9958,7663,1654,7544,---2,12,8,7,13,9,4,10,10,15,7,11,2,15,6,2,10,2,13,11,9,3,7,
6624,732,3484,2889,1420,7921,5065,9587,7637,3446,1399,2426,3803,3004,3549,6302,---2,12,13,5,15,12,2,13,7,8,7,13,2,9,6,9,
4482,9539,197,1384,973,751,4728,4018,4963,788,1747,1912,6946,7126,3261,2687,---12,11,6,7,13,15,2,13,2,13,13,14,5,5,9,4,
8064,6496,2769,8488,6446,879,433,9330,3379,1080,9591,9176,4156,1757,7422,437,---7,5,11,4,2,3,8,8,13,6,8,12,2,15,3,8,
3744,4864,6276,5350,5191,3848,1367,7248,5585,4534,8343,5944,6564,9883,8392,---9,12,8,6,5,10,12,8,15,11,9,7,3,2,9,
418,3299,7812,6437,102,2271,8523,4814,2735,206,2596,7227,6076,5662,2879,---9,2,8,7,11,10,15,2,15,11,11,15,8,12,8,
1953,4395,2886,2289,1799,4524,7569,9201,5234,2645,4794,5855,---9,3,5,5,7,8,8,6,7,12,8,5,
769,6472,1771,9517,8944,1684,565,2841,3257,8893,6879,---6,3,5,9,9,9,9,11,5,2,10,
2881,5446,5481,3659,1679,6320,3891,6324,2582,6872,---5,7,2,8,2,5,6,8,8,2,
3044,2111,4174,6549,9750,4442,3547,9021,5535,---9,4,4,3,5,4,3,7,5,
1031,108,1709,495,3792,1179,---4,4,3,4,3,5,
961,4866,3909,2059,6448,8436,---2,3,5,6,4,2,
6279,9448,5612,4467,218,1210,---6,4,4,3,3,6,
5317,9039,8948,2234,8623,7226,---2,6,2,4,2,5,
7104,1666,5091,2601,8813,3771,---6,4,4,6,2,6,
8933,4520,3850,3953,8602,5631,---3,2,3,6,6,5,
8704,8578,5763,6028,3342,1680,2116,414,7456,6945,9127,1855,6189,5806,4784,8369,7354,8635,831,2369,6084,1608,7881,8909,7566,343,2649,1115,8122,7390,3295,9057,5224,1273,7546,5755,9214,---6,3,2,14,15,4,3,7,14,4,8,7,7,5,15,14,13,9,10,4,3,7,9,10,9,5,8,14,10,11,11,4,9,5,12,14,15,
3200,1161,2575,4718,2331,7071,9904,8996,1574,4785,8875,304,2865,7478,1592,6337,4022,6730,208,2654,1892,4201,491,1902,3826,6137,8826,2045,---14,4,4,12,9,10,3,13,13,14,12,13,7,4,7,14,13,2,13,4,4,10,3,7,9,3,6,12,
9094,7047,5385,9738,4440,7708,8226,1316,7335,9387,7216,8627,5172,1076,4924,5569,1474,9925,1098,3147,6604,9294,8914,3288,7132,1831,7660,---5,14,13,7,3,2,4,13,10,2,15,9,2,7,5,11,12,11,2,15,6,13,5,10,7,12,3,
2966,8454,6027,4751,4118,8047,5019,2980,7209,5674,9647,4920,2745,1803,8900,8905,5835,6608,9657,1753,5098,9199,4593,5244,---6,11,2,8,4,8,3,4,4,9,3,12,6,13,2,11,8,3,8,15,3,4,2,11,
7504,7906,1094,7846,1202,3560,5706,1453,6319,4880,5880,5746,4586,6740,6296,6882,1947,4316,3293,2366,7583,---15,9,5,3,9,6,10,12,11,11,9,9,6,6,7,7,11,3,11,6,8,
6016,8385,386,2563,9092,9541,5126,1745,4297,9116,75,2540,1969,7026,6612,7381,2345,8762,1436,5341,869,---7,15,9,6,9,15,5,5,15,9,4,5,10,3,5,13,8,9,6,12,13,
6336,6868,8837,2663,156,2122,3207,9263,2930,3635,4820,7830,2803,8408,1509,2138,5727,5756,7838,6527,---15,13,15,2,3,10,14,5,2,11,3,14,14,10,15,10,7,12,9,10,
5472,6177,4002,7171,6372,1637,8390,4433,4552,7807,6424,3666,5876,694,9304,1012,6299,9656,485,---12,10,15,8,4,9,9,2,10,4,15,13,2,9,2,7,4,11,11,
3091,8066,2595,7044,70,3111,5865,3594,1703,2860,9719,1199,7107,5750,3511,355,5082,923,701,---8,12,6,14,13,9,8,14,2,6,14,14,8,12,10,12,4,14,12,
8176,451,2790,7304,5801,5643,7564,2285,6382,4208,529,3411,4244,1365,7510,824,1200,9340,7796,---12,14,10,8,7,3,12,12,9,7,8,2,13,12,15,3,13,12,5,
4554,6261,4155,4636,8510,6921,7052,6515,6124,7022,2383,7568,1587,6606,8687,7804,3133,8702,3007,---15,15,13,8,12,9,7,10,10,7,12,9,13,14,3,11,6,5,13,
3200,4016,4785,7721,6471,2908,6953,7406,3503,3888,497,3922,3699,4933,8119,7064,3513,2684,3813,---14,8,14,9,2,8,15,10,10,9,13,9,10,2,7,3,6,9,6,
4281,7267,1092,1283,8041,8010,8217,6734,7474,5491,5236,9845,6281,7352,8313,475,4670,2591,---15,9,13,5,10,12,12,3,8,14,5,12,6,3,4,5,15,10,
8719,3586,3,1095,4105,78,1391,9244,3186,2357,3382,1519,56,2842,143,7823,---15,14,7,6,13,4,12,5,7,8,15,4,11,14,5,11,
6816,5506,1671,9992,5298,2050,5517,3406,2001,2514,7859,4532,6005,5977,2004,3413,---11,4,13,5,10,15,14,10,5,15,10,6,7,9,12,9,
1952,1314,7714,7813,4775,9354,6379,365,7342,7887,2256,9843,9012,8187,2718,6463,---13,11,13,7,3,7,15,9,9,13,3,4,6,14,6,12,
7267,342,6119,6281,8010,3855,9361,1283,3701,5974,4281,7352,4569,2330,7582,1407,---9,6,12,6,12,12,14,5,9,3,15,3,12,3,15,10,
6560,4066,9827,6308,4950,8838,7017,972,4337,5204,7765,8374,312,1534,5983,---2,9,8,5,7,8,6,14,4,13,6,7,10,3,8,
4899,2948,2614,1383,3789,4463,3990,3698,6934,599,890,1308,1437,510,---9,5,14,11,14,6,8,4,8,9,6,9,5,11,
4320,992,6025,2862,8815,4341,4969,24,8383,1053,1982,9087,---7,9,4,7,4,12,3,12,12,3,8,4,
6883,6436,3527,1577,5134,3055,466,2740,2294,9737,9044,2523,---12,3,4,2,7,7,11,3,8,2,7,5,
4192,4705,482,1124,5995,1376,5362,3156,6263,4058,7963,9023,---11,10,7,5,6,11,11,3,6,2,6,12,
5696,5892,5222,9778,7731,6421,6328,3674,4573,8126,6741,---5,2,8,5,5,10,6,9,7,4,3,
5152,4480,3011,5636,3914,6935,6863,6548,9047,2340,9691,---3,11,7,4,3,7,2,8,3,10,6,
4512,1184,4422,4806,6764,1195,172,1485,6191,1105,892,---6,8,3,7,10,4,7,9,9,10,6,
260,6153,2830,8207,6230,5176,7204,27,6652,---3,4,5,8,6,9,7,5,8,
2246,616,4556,333,2964,7513,---6,3,5,5,3,2,
5714,1503,8950,3502,4111,---3,5,4,2,5,
2576,4346,5388,7518,5295,---2,3,3,3,5,
2646,3332,6174,742,981,---5,2,3,3,5,
7848,326,5709,5774,1206,---5,4,3,2,5,
5505,3969,4233,2319,3223,7323,7709,9760,6820,2472,5959,5164,2863,3248,1331,3764,3637,3255,2873,7484,7997,704,6240,6724,6342,71,4940,1064,3428,8975,6748,8032,9956,8679,8042,9963,4848,9713,8307,5113,9466,508,9854,---9,3,13,3,12,7,15,4,12,10,10,6,15,3,11,12,4,12,5,15,3,7,9,13,5,15,14,5,4,14,3,9,11,8,13,10,8,6,14,6,15,14,3,
512,3107,517,7306,8589,5265,1429,8727,8856,8475,5148,7455,5283,5033,8091,3165,6451,4789,3256,5561,65,4807,204,2765,3128,851,1366,9175,4059,3676,4189,9186,996,3304,4075,4987,2172,---10,12,15,2,7,13,9,10,14,13,6,3,7,2,5,3,3,9,6,9,6,3,12,14,5,10,6,6,13,10,13,14,5,5,5,2,7,
4748,2937,7190,2460,47,5812,6837,438,7864,6580,6460,4544,708,8647,719,4177,6998,5463,4824,4575,1250,9955,6503,2920,9575,5736,247,1784,2169,3323,1405,---9,9,13,6,8,5,8,8,10,7,4,5,4,14,4,11,15,15,4,15,7,14,15,3,11,13,3,2,4,9,5,
6786,5132,911,1562,6045,7328,6306,5667,9126,553,1322,4017,8244,8030,5044,2110,5557,4932,4364,1741,1241,220,9566,6243,2406,4719,3312,4979,1065,1149,---9,5,3,3,12,7,8,6,2,12,2,2,7,15,12,12,14,9,4,4,6,8,13,3,8,9,3,2,11,10,
7940,6405,7176,524,9026,273,9366,4825,3096,675,4772,5417,8624,8241,1462,8002,6156,6861,3791,8740,4071,3720,9325,1776,7153,6644,3576,9081,6782,---5,14,11,7,13,11,15,14,10,3,2,11,13,11,11,2,8,13,12,12,9,13,14,3,14,5,2,15,10,
9729,2823,5515,4239,5395,5397,7318,1431,5791,9504,6107,8364,2608,5810,6077,3521,2638,5967,3800,3023,1506,9623,5093,9200,6129,8188,7679,---8,11,7,14,3,12,12,10,12,8,8,11,11,15,11,6,10,10,15,4,12,8,8,12,8,9,8,
898,6406,5898,1934,3983,5266,8724,4382,5282,9635,6443,8237,5824,9409,6602,2509,5966,2385,9817,9564,7134,3025,2279,9065,6894,6390,9594,---14,10,12,5,9,8,8,12,2,8,2,15,7,7,3,5,7,15,14,7,3,4,10,14,7,9,4,
7050,4526,4889,6042,9633,1573,5287,3884,626,430,8500,7738,3654,3913,7631,4304,8913,6745,5981,5742,8943,9202,5238,5502,---7,10,3,5,2,6,11,5,3,8,14,7,12,14,14,14,9,8,9,12,12,13,4,10,
5251,7940,6405,3720,9995,524,9366,8740,5417,8624,8241,1462,7356,6156,6861,7176,4825,4325,9325,7153,6782,3576,3961,6910,---14,5,14,13,13,7,15,12,11,13,11,11,13,8,13,11,14,10,14,14,10,2,3,4,
5507,5639,9616,538,5541,3627,1838,1587,9783,440,4155,8510,66,4811,1869,1877,1244,7142,8687,2545,246,8702,3199,---4,3,2,8,3,13,3,13,15,2,13,12,9,11,7,14,6,12,3,10,10,5,11,
8580,3973,264,2704,9625,4126,1568,6561,548,6573,1458,3187,2869,8763,6338,4641,3151,8669,864,8548,8051,3707,3742,---7,8,12,3,4,4,2,5,2,15,14,9,2,13,3,9,5,14,9,13,7,15,10,
5000,6926,145,5398,5669,4391,6955,8878,8239,7368,3641,2877,8133,8135,456,9678,4954,5595,7021,382,2041,4862,---14,7,6,13,7,12,13,5,14,4,15,3,11,11,5,9,3,15,3,7,9,6,
7969,7723,2339,8516,9861,1889,5416,6793,2634,5483,205,3086,2317,4082,468,3310,3716,9287,6639,1758,8767,---12,7,11,15,3,10,11,3,11,14,15,9,12,14,11,11,8,4,12,6,5,
4160,2528,977,4523,644,997,4134,2631,2760,6763,7538,9230,3182,3601,530,1553,3765,58,3874,3999,---13,7,7,5,8,9,3,7,5,6,14,10,2,10,12,6,13,6,7,12,
5761,9538,1835,1284,9509,9009,233,9675,590,4107,3115,6869,4243,6702,1302,6423,2820,4891,8381,1535,---11,14,4,10,8,5,15,10,8,13,3,2,8,10,14,7,3,5,2,2,
4927,4643,3492,4356,4353,2024,9390,3247,3795,2003,6069,758,1689,4056,2073,5242,9979,4068,8127,---3,6,2,10,4,7,8,7,7,5,6,10,12,12,4,12,8,6,9,
1378,6787,9302,6545,1724,5543,8653,3929,9999,7185,5011,2325,8502,7991,689,463,4092,349,---13,8,3,10,7,3,3,12,7,2,9,9,7,6,3,13,4,15,
4097,643,6597,4876,73,4741,4651,9359,5005,655,2335,1138,5027,4308,4213,1819,1886,2539,---3,6,8,7,8,10,3,6,10,14,9,11,11,11,3,7,4,15,
5952,3841,6251,1605,5223,9514,8783,1356,7343,5232,2193,1585,4214,9317,2555,9727,---15,13,7,3,12,4,13,9,6,12,12,12,3,11,13,10,
4546,4827,165,3622,2123,8844,7346,1262,5421,2002,5716,1239,281,9947,5532,8447,---3,15,6,3,12,15,5,10,12,2,5,7,15,14,13,14,
8320,1603,3940,2405,5066,5213,9008,5496,5554,1491,9206,2744,4441,5084,6685,9439,---4,3,2,15,2,5,11,4,13,2,13,6,11,11,6,5,
9640,1700,8998,8584,1193,7659,1068,6125,173,3408,7768,787,212,151,408,5530,---8,8,15,12,6,14,9,10,5,8,2,5,6,15,5,14,
8931,9785,8230,2281,6892,4973,2531,8304,2610,5859,6581,4598,8889,2521,5269,---7,11,10,4,7,2,11,4,13,15,8,10,15,12,5,
353,2658,3109,9089,9000,713,2315,2926,656,7950,4468,4149,3830,457,922,---12,14,13,13,9,3,6,2,15,10,13,14,3,11,10,
3680,8449,9418,4230,3596,5802,4588,3246,9779,7029,8919,2360,3897,1148,605,---12,11,12,11,6,12,11,6,13,12,10,7,3,12,6,
9249,2019,4263,363,4555,4012,3598,7311,912,2484,2485,855,731,1532,3005,---7,2,2,5,6,10,13,12,7,8,9,9,4,14,2,
5821,5154,7684,2374,583,9258,6082,4077,5744,7358,8566,3480,6970,3514,3966,---2,11,14,9,14,3,8,14,9,12,9,7,14,4,4,
4800,5889,8130,2507,3620,5861,5099,4590,5233,5203,8407,3705,988,7901,6783,---8,15,15,9,10,10,5,3,11,2,12,12,2,7,9,
7488,6272,1794,4934,2758,5930,2827,8428,2286,9972,9207,4537,6112,6078,479,---15,5,14,5,2,10,4,4,2,9,3,3,9,3,12,
3390,4677,5427,7114,5772,1615,7260,2931,5950,279,2972,522,254,5061,---11,4,12,12,4,4,7,5,5,8,3,3,13,2,
4288,4448,7938,2787,5267,4005,9321,3977,9875,6100,1526,8631,7162,---7,7,7,13,3,13,8,10,3,9,9,9,11,
8192,7586,995,6120,7626,6987,6059,4340,1623,3002,1403,3370,---2,3,7,5,3,3,9,3,4,5,5,7,
5089,6693,9772,3185,2802,9203,2900,1014,9911,5078,766,---7,2,3,8,11,8,2,5,8,10,3,
2753,1259,7373,462,5393,8085,534,7930,155,5173,---2,9,3,5,10,9,9,5,6,3,
8560,4418,9606,5159,2530,2416,2713,89,---8,7,4,7,8,3,8,7,
4130,6499,2482,8634,9884,159,---5,4,2,5,6,2,
7745,8755,6459,2982,1879,---2,4,5,2,2,
945,3899,3039,8391,---2,4,4,3,
9267,9683,2148,5606,---4,2,2,3,
7608,2962,740,3354,---3,3,4,3,
7362,2703,3757,7167,---3,3,2,2,
2251,3995,2382,7127,---4,2,2,3,
6704,841,9867,8345,---4,3,2,4,
5217,3351,2812,6833,---3,3,3,3,
7809,773,4486,844,649,6285,8336,4245,6680,4763,5660,1437,4393,810,6066,2121,6712,8249,9530,1083,4044,5962,3019,9804,3405,8659,9913,9688,9690,2020,4971,7537,1778,5363,1016,635,---12,11,12,7,5,7,4,10,6,6,5,5,3,11,6,3,3,12,7,6,4,7,8,8,10,5,12,3,2,6,5,4,3,5,6,9,
3841,8326,5130,9996,4753,1178,4637,7711,805,4529,5548,3613,7217,1330,1463,4286,2193,1585,1356,5965,8783,6096,5330,5211,1373,9694,9315,2449,6251,7020,7797,2679,---13,10,3,5,8,7,6,2,14,12,9,4,3,13,10,5,12,12,9,14,13,14,3,9,13,15,11,7,7,10,2,14,
9346,4617,2700,4750,18,4121,6682,2075,6815,293,5038,1714,7219,6590,9919,9664,9590,1104,5975,8152,3673,2522,489,7658,4203,8429,873,4470,6647,1402,8938,---4,10,2,6,5,4,12,2,13,10,7,8,12,13,5,13,2,3,15,11,9,7,5,11,11,4,12,2,13,5,7,
0,138,9360,8465,1685,2583,4633,8988,2629,4465,7728,2353,5940,6071,6201,3003,1342,9536,2371,6725,1992,6228,347,9443,4206,2799,6001,4981,1021,5630,---10,5,11,7,10,14,12,15,3,5,11,10,2,6,15,4,12,5,14,2,9,10,14,11,8,2,2,3,12,6,
2439,5520,3345,7570,2964,8864,7457,298,7852,9525,8120,9401,1597,8254,200,3785,4556,5331,5209,2650,5482,979,2933,1018,3324,---5,5,8,3,3,13,15,12,7,4,13,5,6,14,6,4,5,13,12,9,8,12,12,5,6,
6798,563,1175,1434,4271,162,6179,2214,7854,943,1459,2376,1354,2891,6097,7122,86,6238,3048,4843,1389,6127,6132,---12,14,12,9,12,13,8,5,7,3,8,5,3,10,7,11,3,5,4,9,5,4,15,
1156,3861,3877,5294,1713,182,3131,3516,6976,6978,3523,8907,9684,3162,4061,8997,4323,8552,2670,2032,1651,8311,381,---14,11,15,9,9,7,8,6,10,12,2,6,10,12,3,8,9,8,10,3,11,2,15,
6148,6790,1415,1035,5397,1942,1431,6044,2608,7730,1465,7485,2037,9540,7877,1738,1885,3296,998,4977,8574,4350,---7,6,12,15,12,4,10,11,11,4,6,15,5,12,3,10,7,10,8,10,11,4,
930,1931,3473,328,3145,6474,8043,8044,5197,5581,496,2290,2130,8275,4514,7468,7634,9531,8572,8414,9151,---12,7,7,6,7,12,3,3,13,2,3,14,11,14,4,14,6,9,6,15,6,
2701,8096,9378,4965,8582,5576,8745,1675,4813,6093,4179,392,3282,5555,628,1621,6329,9849,5903,540,4392,---4,10,3,4,11,5,6,7,13,4,13,6,5,13,13,2,4,9,8,3,4,
9152,6849,7716,3300,978,1927,1817,8525,1935,5712,4401,8690,1812,3349,7446,6839,2680,804,5370,2011,---13,14,9,4,8,9,14,3,3,10,2,14,12,11,8,6,12,15,14,9,
6754,739,5830,9991,3656,4188,6988,3794,3054,2320,2985,3665,2388,9398,3063,8344,570,6972,5022,---11,14,5,4,3,7,10,6,3,2,15,6,8,5,5,13,13,3,2,
8357,3779,6020,6341,8641,3881,2892,5358,3555,7313,6578,707,406,825,7065,7962,8668,3421,2085,---2,4,7,14,14,12,15,7,6,14,5,6,10,14,7,13,10,6,4,
6976,8673,6370,8997,5256,3178,8332,6978,381,2032,8552,9684,3861,182,8311,3131,3516,4061,3877,---10,13,12,8,13,2,4,12,15,3,8,10,11,7,2,8,6,3,15,
6752,7600,5059,2885,38,5347,3112,5545,8139,1036,6893,1710,2128,9011,2580,2326,2327,3339,3158,---10,4,4,9,4,6,9,7,12,8,11,12,14,12,12,15,10,15,14,
5313,2211,5949,2951,4553,9900,5837,8015,9808,3561,852,341,1078,4631,569,6427,8700,6205,2825,---14,15,8,14,11,12,15,13,5,5,11,8,2,14,10,14,2,15,13,
7682,9876,6918,2281,170,6514,8304,2546,4852,6581,4598,953,8889,8442,191,52,573,2965,---5,8,8,4,15,14,4,11,9,8,10,5,15,2,14,5,10,4,
1278,6949,1833,6635,1229,2355,3633,819,9076,3806,2230,4023,4953,4051,8251,5605,8446,9791,---13,8,11,6,10,14,11,10,3,8,10,2,15,5,3,8,5,9,
4098,5252,1029,7170,3337,1131,2818,7726,1789,7624,2643,531,4937,5274,2431,3868,5565,7263,---15,8,5,6,5,7,2,4,15,9,13,3,14,4,15,3,9,8,
7904,7041,9311,9494,2438,6698,7373,9614,4270,1040,5393,462,9782,504,155,3228,7934,8085,---15,4,6,2,14,5,3,15,12,14,10,5,4,2,6,7,11,9,
4864,5666,6843,6564,901,6726,587,5871,7248,5944,4114,8726,1367,3160,5231,4798,5823,---12,7,15,3,5,5,2,12,8,7,12,11,12,10,7,15,12,
571,5124,7463,6828,3820,7118,975,8881,8211,3540,375,5540,7866,4443,8444,4894,7615,---9,14,4,12,10,2,11,13,8,3,14,14,14,11,2,2,14,
3233,1887,4387,8228,2565,3437,46,8997,2611,7956,3877,182,7960,1498,763,4061,8549,---4,4,6,7,5,2,15,8,10,15,15,7,6,13,14,3,15,
3009,4219,1412,9873,4808,3081,8393,8268,6990,593,8722,6771,4851,7802,9211,9562,1311,---5,6,4,13,13,3,10,3,3,13,10,10,10,11,4,11,10,
3394,8904,7601,6600,5513,460,2498,5980,6063,1000,8501,8632,9626,3388,9773,1297,---6,10,2,8,9,6,4,6,12,13,9,6,7,8,6,15,
8769,6050,9828,8290,9961,2956,7842,4925,4948,2837,2902,8121,7195,3028,2141,3103,---12,3,11,10,15,10,15,6,10,5,14,15,6,5,4,7,
7629,5985,8665,8928,1937,8682,7917,7087,8753,9171,9015,8953,3418,1722,3135,---4,11,13,2,4,13,14,11,4,6,11,12,5,7,7,
1203,7185,4232,1724,9835,2861,6958,9999,689,1939,463,8653,5307,9084,63,---11,2,8,7,8,13,14,7,3,9,13,3,13,12,7,
5152,5636,6054,7814,1289,394,6187,6412,8781,5907,4918,6935,3914,3294,6655,---3,4,11,14,14,10,9,4,14,11,2,7,3,2,5,
2859,2054,1896,5834,2347,9966,8080,1123,9859,6901,4278,6584,8922,5915,8378,---5,8,12,10,15,6,10,15,6,4,8,9,14,4,5,
4355,4758,3786,8107,5932,877,2994,1748,5141,6838,7353,6840,2681,5469,2295,---9,10,14,12,4,3,5,7,14,15,2,11,13,12,2,
3970,5383,4072,3083,6270,398,7408,791,4498,9870,3319,7002,5790,---3,5,13,6,2,9,10,3,4,3,5,9,6,
8129,867,9638,4362,9291,2092,7599,9242,1387,5468,734,---2,9,2,7,9,9,3,11,10,6,7,
9632,6625,3907,3396,2209,7530,3021,7027,4986,29,---8,6,10,3,9,10,3,2,8,7,
5920,7299,3494,5991,6801,9364,5942,3322,3708,7645,---8,10,5,2,7,9,2,5,6,6,
5856,100,550,4871,6397,8720,49,1941,8957,2613,---9,6,2,7,2,8,7,4,3,2,
3520,6789,8839,2770,7732,3190,5879,9272,---6,6,4,2,6,7,5,2,
160,6155,9765,3687,7977,1451,3700,7221,---5,5,6,7,3,5,6,5,
2561,8497,6889,4042,3245,6609,9213,---4,7,2,6,6,6,4,
5504,4432,429,5680,1298,8952,5501,---6,5,6,3,4,7,4,
8227,6859,525,6994,2806,4380,---5,2,6,2,3,2,
8166,2362,2069,5006,3505,---4,4,3,2,5,
4408,25,9434,5654,1599,---3,5,5,2,2,
5833,8667,8861,---2,3,2,
1457,3347,8603,---3,2,2,
9984,513,4995,2308,6791,3212,3736,402,9363,7062,5655,1688,666,4379,8094,7843,2475,1454,6065,9138,7477,4667,189,3775,843,4045,9679,2133,6742,1111,2904,7268,9958,3305,7663,7544,9467,---2,7,11,3,12,8,2,7,13,5,4,3,10,10,15,14,7,6,11,2,9,6,2,15,6,11,11,10,2,14,3,13,11,8,9,7,7,
9984,513,4995,2308,128,3212,5976,1688,402,9363,5655,3736,666,4379,7843,2475,9138,7477,4667,189,3775,3010,843,4045,591,1051,2133,1111,2904,7268,3173,9958,7663,7544,9467,4799,---2,7,11,3,12,8,15,3,7,13,4,2,10,10,14,7,2,9,6,2,15,14,6,11,13,7,10,14,3,13,6,11,9,7,7,13,
8836,9605,3718,8329,4781,8464,8977,1182,7840,2082,6694,9895,8877,6703,9137,9630,3126,3901,8511,8373,5827,1221,2637,8416,5857,8419,7525,2534,9449,7790,2297,7359,4220,2815,---8,7,5,4,12,3,12,13,10,7,2,10,3,15,12,13,14,8,2,12,14,3,10,2,13,14,3,9,6,11,13,13,2,8,
8196,9605,3718,8329,8977,2067,8836,411,1182,6694,9895,8877,6831,9630,3126,8888,3901,7359,5827,1221,2637,4303,2647,6703,5857,8419,2534,4220,9449,3064,380,---10,7,5,4,12,12,8,7,13,2,10,3,12,13,14,11,8,13,14,3,10,6,5,15,13,14,9,2,6,3,3,
7830,156,7838,9510,7975,3497,4266,9263,3635,180,6336,837,2122,2125,7503,4820,8408,2138,1630,1509,8292,5221,8678,2663,7150,8689,2930,2803,3833,5756,6527,---14,3,9,3,15,3,12,5,11,5,15,5,10,2,7,3,10,10,2,15,10,8,2,2,2,3,2,14,10,12,10,
7305,906,3603,8218,1948,5914,4275,4916,8118,1335,8262,1607,5961,1610,7371,7762,8531,7641,6874,863,5601,8297,1515,2668,6897,5490,6012,2934,2300,---10,10,10,11,4,9,3,15,6,11,15,7,14,13,8,13,2,11,11,7,8,12,12,4,9,10,6,8,5,
898,6406,5898,1934,3983,8724,4382,2975,5282,9635,6443,9143,5824,6602,2509,5966,3025,2905,9564,7134,2279,9065,6894,6390,9594,---14,10,12,5,9,8,12,7,2,8,2,12,7,3,5,7,4,8,7,3,10,14,7,9,4,
1420,5016,2845,5546,7865,9018,2749,4159,7110,9545,7180,4565,9786,6624,6376,9451,5101,5488,7921,4978,3446,7799,2427,7550,5589,---15,14,6,8,7,6,11,13,14,12,2,12,7,2,7,9,8,14,12,13,8,13,11,15,4,
5632,1643,9220,8328,5719,5516,6417,2179,7833,2847,2468,5670,7465,8371,4660,7355,139,5189,9687,3804,7019,493,4849,3191,---5,12,13,13,9,6,9,6,13,11,12,12,6,4,12,6,15,6,7,6,13,15,7,2,
896,5767,9227,8973,6032,4113,8215,4510,671,554,5574,1616,4435,1238,5497,5081,6234,6241,2543,5873,1911,7673,3581,1662,---7,3,11,15,5,14,6,4,12,12,14,6,15,9,11,3,14,15,5,13,5,14,14,11,
3841,8834,2193,7314,3862,4637,7711,8480,3113,9514,1585,2751,5952,4549,1356,6349,847,8783,5211,733,9317,5223,6251,3829,---13,11,12,14,15,6,2,7,11,4,12,4,15,8,9,11,14,13,9,5,11,12,7,12,
6661,6675,1817,2072,6809,8346,6942,4004,4401,2875,1212,9156,8525,5712,978,2007,3810,7271,3047,8694,6269,4351,---2,10,14,2,11,9,15,15,2,7,12,15,3,10,8,3,9,7,12,7,11,11,
1156,6289,3861,3877,5294,1713,182,3131,3516,6976,6978,8907,9684,3162,4061,4323,8552,7916,2670,2032,8311,381,---14,3,11,15,9,9,7,8,6,10,12,6,10,12,3,9,8,9,10,3,2,15,
7943,855,3598,912,7699,7702,9249,2724,4012,2484,2485,1977,4287,1986,1864,1097,983,731,363,6770,2623,1532,---3,9,13,7,9,7,7,15,10,8,9,11,5,5,8,2,2,4,5,9,12,14,
5513,8904,2498,1297,2243,6063,5960,7601,7605,2102,3394,4419,709,6600,460,79,5980,4701,8809,5737,4735,127,---9,10,4,15,14,12,3,2,12,14,6,11,7,8,6,3,6,15,9,14,2,14,
2048,5237,3586,3,231,7240,7467,6860,6823,78,143,3824,3186,6995,2357,7923,5818,9563,9244,954,7039,---8,9,14,7,6,15,15,9,2,4,5,3,7,10,8,8,12,4,5,12,10,
9408,7905,7266,7811,3780,3247,1665,2024,4909,5518,9901,2800,7794,7058,3795,7124,629,5560,1490,9789,1375,---5,9,6,5,2,7,14,7,9,8,3,6,3,11,7,4,10,14,11,8,13,
5931,4514,7043,6150,9457,3145,8043,5581,9618,7853,48,3473,7634,8275,7420,8499,7224,8795,8572,9151,---3,4,2,9,11,7,3,2,9,3,8,7,6,14,3,5,2,2,6,6,
6305,4482,8707,197,4728,4716,9005,973,4752,2705,3762,9539,5749,5138,1912,602,4963,8124,3869,3059,---9,12,4,6,2,8,9,13,8,5,5,11,11,6,14,8,2,3,13,12,
6439,7706,196,8389,9542,6387,5225,5771,8946,7214,7088,2897,722,9427,6110,634,7965,7123,5013,---10,6,9,15,10,14,9,3,5,6,6,2,3,12,6,2,10,5,8,
1120,2506,8004,4551,6609,4042,7435,3245,718,9469,9232,8497,1027,5460,55,8036,2010,5276,7261,---9,6,7,13,6,6,6,6,13,11,12,7,8,12,8,13,4,8,4,
6016,2563,9092,9541,5126,1969,4297,9116,75,2540,2352,1745,771,6612,7381,8762,1436,5341,869,---7,6,9,15,5,10,15,9,4,5,9,5,12,5,13,9,6,12,13,
6403,6916,7687,2953,7076,809,5326,8879,6481,9161,6723,3348,3317,2299,1752,8089,4175,7389,6558,---11,8,13,9,15,11,14,15,2,3,14,11,12,14,10,5,14,12,9,
1920,6817,2220,146,4327,76,7303,876,7565,6479,3025,4050,5075,3956,1846,8216,3316,7547,2078,---4,2,9,8,13,10,7,3,7,8,4,12,5,9,13,2,8,3,6,
1633,6178,1476,7589,2791,2537,970,9954,2065,6072,5193,2711,1272,1497,1978,3263,4029,5278,5689,---11,2,9,4,12,5,5,12,15,3,15,3,2,7,5,8,6,6,14,
3841,8834,5211,9317,5223,5548,6251,1356,8783,4720,2193,3829,4637,1585,940,7711,3613,6525,805,---13,11,9,11,12,9,7,9,13,9,12,12,6,12,10,2,4,11,14,
3232,9249,5783,6371,8229,744,363,4012,3598,912,7092,2485,855,1977,2484,731,1532,2469,---6,7,5,7,8,2,5,10,13,7,11,9,9,11,8,4,14,12,
1352,3168,8725,7697,9608,8650,3883,1644,4913,5844,6014,6392,5946,543,2817,1825,8766,7551,---5,15,7,6,9,4,15,8,15,8,8,4,10,5,11,11,6,5,
6368,4162,5603,2180,8325,4518,2486,4872,8842,6444,1712,7953,7907,3542,4505,1530,4795,7036,---11,10,12,3,9,15,9,5,8,5,11,12,13,2,13,14,15,3,
3371,4867,4166,7367,9928,3209,1866,4619,4301,7822,8611,3731,6485,7961,4506,1309,1374,7839,---12,13,12,5,15,7,10,6,2,7,15,12,11,6,9,10,9,9,
5600,96,6470,8744,8649,4747,9234,7181,8616,9874,7155,4665,9560,1337,2588,1213,768,---12,10,8,12,10,5,7,10,9,8,9,10,9,11,2,12,13,
8737,2466,6691,5732,486,2274,599,7691,7277,2448,43,8466,4595,2708,3095,3384,4602,---4,8,13,6,14,3,9,15,12,11,15,13,6,10,6,4,7,
7744,1889,1538,5483,9861,9287,5416,9769,2634,8231,2317,9742,4082,468,3273,1758,8767,---13,10,3,14,3,4,11,8,11,5,12,14,14,11,5,6,5,
6883,6436,2693,3912,5739,4142,9358,3055,8200,498,5134,8168,6487,7620,9756,1002,7231,---12,3,15,12,11,3,3,7,12,8,7,14,15,14,10,12,6,
928,7748,3461,6823,3980,78,143,337,3186,2447,8533,56,2298,1519,7580,5237,---10,2,7,2,5,4,5,13,7,6,4,11,9,4,8,9,
4035,6737,3656,2985,9098,3063,3054,8817,739,3665,4695,9816,8344,6554,570,5022,---14,7,3,15,9,5,3,15,14,6,8,10,13,14,13,2,
3632,6160,5607,8937,924,4046,111,1520,1116,2581,3991,3130,2715,4668,1054,2517,---7,7,6,12,7,11,8,15,2,7,14,13,13,11,7,15,
6497,5474,515,2340,8839,3179,7628,2990,8271,2770,7732,9877,5879,9272,2329,6863,---14,8,12,10,4,14,9,14,5,2,6,12,5,2,11,2,
2701,8096,1675,9319,392,540,1863,6093,4813,528,4392,3282,4179,5782,795,4476,---4,10,7,7,6,3,13,4,13,2,4,5,13,4,9,15,
6496,3426,7558,3399,8488,1641,2442,1870,2767,9330,3379,9591,9176,5787,4156,1757,---5,8,15,14,4,11,15,12,13,8,13,8,12,7,2,15,
8000,7106,3715,6373,9384,9897,490,6930,4687,8562,147,7894,1929,3386,478,5695,---7,10,10,14,9,14,7,8,10,13,9,6,15,8,3,13,
9824,448,3653,4582,8775,8873,9767,5359,9424,9811,4596,1751,9857,2224,1583,8095,---13,10,7,3,4,2,14,6,8,14,6,13,4,10,12,13,
4880,6882,7846,5880,4586,5746,1453,7504,6296,1202,6740,2421,2136,3018,2366,---11,7,3,9,6,9,12,15,7,9,6,6,9,15,6,
6688,6437,418,2459,4132,8261,4550,8234,2730,589,7139,7227,6076,3754,415,---3,7,9,2,10,11,12,10,15,10,14,15,8,11,5,
9856,7394,9942,2855,5308,7498,9420,2114,6254,7215,8532,4310,6327,4280,6364,---10,12,12,13,13,15,13,4,14,12,8,3,4,10,10,
358,5128,7452,8971,942,4445,8208,1908,4542,4185,1466,1338,1404,2301,222,---8,15,6,14,8,12,7,5,9,8,6,12,8,5,5,
5398,8133,456,382,258,9678,2877,8662,6926,1558,1613,2041,1754,4954,4862,---13,11,5,7,7,9,3,5,7,13,4,9,6,3,6,
7873,642,7619,8305,9576,4907,5634,4173,3951,752,7281,1428,5272,3006,1023,---14,3,3,9,7,8,4,11,15,6,9,2,6,13,10,
3776,4130,6499,6641,8987,7815,302,9041,2952,4563,759,9119,7075,1310,159,---8,5,4,5,12,11,11,12,14,10,15,7,5,15,2,
1217,1899,6596,6309,390,5449,3530,7275,3597,9391,4212,5300,7033,4804,6591,---7,5,15,9,8,13,10,15,3,10,10,9,6,11,12,
642,7619,9893,4390,8305,9576,4907,1774,3951,752,7281,1428,3415,7548,1023,---3,3,2,10,9,7,8,4,15,6,9,2,7,11,10,
8321,147,1478,4428,1578,9099,6700,1075,2932,5342,2712,9658,4187,8970,3774,---13,9,7,12,8,2,13,12,2,6,3,13,14,11,15,
6732,1859,9572,4165,7622,3303,7849,5323,9879,8169,7703,8059,60,8599,3486,---4,14,12,6,2,11,15,2,10,6,8,12,15,15,8,
7074,7303,76,8874,876,7565,6479,4881,146,2220,3316,1846,474,6223,---12,7,10,2,3,7,8,9,8,9,8,13,2,9,
8930,3651,8136,6729,6764,5741,9102,1485,3120,1105,1042,9399,187,---10,10,6,13,10,3,13,9,2,10,7,8,3,
3331,6917,7979,5646,1810,1205,2839,8474,6141,7326,7007,---9,6,8,3,9,4,2,5,3,11,3,
2755,4198,9801,5290,7986,4980,9046,6068,316,6314,8830,---7,9,8,8,7,2,2,11,7,9,3,
6048,3392,6376,7180,5101,1231,4136,7865,---6,6,7,2,8,4,8,7,
802,5659,1540,5414,7591,5840,7795,9083,---2,2,5,2,3,6,7,5,
8064,3084,7309,879,433,9330,4156,7422,---7,5,8,3,8,8,2,3,
5322,2156,9465,8058,7515,9117,223,---5,6,5,5,5,7,5,
8736,5473,8963,5253,6985,7627,2103,---7,4,2,2,6,4,2,
5345,6212,9609,3278,4181,5661,---5,5,2,3,3,2,
9158,7689,6186,8460,17,8857,---3,5,6,3,3,6,
4737,108,1709,7182,495,1179,---5,4,3,2,4,5,
4656,945,3531,3039,---4,2,4,4,
9832,7947,877,---2,3,3,
5792,4910,---2,2,
6123,3819,---2,2,
9381,2270,---2,2,
7715,3878,---2,2,
9088,8576,8199,3981,6673,4882,9747,6805,7705,3375,3100,2973,1567,6570,6958,4655,7472,7350,1975,5816,63,9654,6214,8521,8266,3639,3758,5199,6993,4564,9048,5337,6351,2652,4959,3683,7012,6760,107,2195,8054,8057,9598,---5,12,3,6,11,12,14,11,14,8,15,11,2,10,14,10,9,15,11,7,7,8,15,4,13,7,8,2,2,6,14,5,10,13,6,10,12,3,14,8,15,12,13,
8450,4233,3842,2958,8975,3223,4762,9760,4848,6820,2472,5959,8494,2863,3248,1331,3764,3637,3255,8032,6724,6342,71,4940,6611,3284,1750,249,6748,6240,6498,3428,8042,9963,6511,8788,9585,8307,9854,5113,9466,894,---14,13,6,10,14,12,9,4,8,12,10,10,4,15,3,11,12,4,12,9,13,5,15,14,3,8,5,8,3,9,8,4,13,10,11,6,12,14,3,6,15,11,
1154,5055,2700,472,3737,4121,6682,1693,6815,293,5038,5424,1714,7219,3509,5049,6590,9919,9664,1345,2370,8152,9722,1760,873,8938,8429,8306,9590,6647,1656,1145,1402,2811,7658,6654,---5,7,2,6,6,4,12,2,13,10,7,9,8,12,13,2,13,5,13,9,14,11,10,10,12,7,4,12,2,13,3,12,5,3,11,12,
6534,9735,9225,1293,7469,660,3012,9862,4647,424,8233,6061,5725,8759,6073,2874,4923,1344,5945,459,3279,8784,9554,723,8663,9944,5583,2781,7760,9826,3427,4836,1773,7285,7293,3326,---9,8,9,11,8,7,13,7,10,11,7,3,9,14,12,7,5,5,3,11,6,12,15,15,2,4,14,3,3,14,6,11,12,2,10,4,
5376,8969,2829,6798,6161,1043,6676,1175,1434,162,2214,7854,4271,1459,576,2376,2891,9550,7122,6158,7929,7898,6238,8291,7441,3048,4843,1389,6127,3441,6132,6776,4857,1531,6399,---10,7,10,12,12,11,9,12,9,13,5,7,12,8,13,5,10,12,11,7,14,10,5,6,3,4,9,5,4,11,15,9,13,14,4,
9088,8576,8199,3981,4882,2195,6805,3375,3100,2973,1056,814,4655,7472,9654,4410,5183,8521,8266,6351,6993,4564,9048,5337,5597,3683,7012,6760,1385,9747,8054,8057,250,9598,---5,12,3,6,12,8,11,8,15,11,4,11,10,9,8,6,14,4,13,10,2,6,14,5,7,10,12,3,11,14,15,12,13,13,
7041,2438,9782,6287,1040,5393,786,5140,8085,9494,7704,155,3228,3364,2343,6057,6698,3761,8882,3380,7094,3393,6469,9933,462,7373,9311,7904,3693,3955,4215,504,4734,4373,---4,14,4,9,14,10,3,10,9,2,11,6,7,11,9,8,5,6,10,14,2,2,12,6,5,3,6,15,13,14,9,2,2,5,
8066,132,389,6919,3594,9858,6929,1556,923,8278,7712,6049,1703,7722,7220,7733,3511,7107,2977,1609,3668,982,1112,2916,2907,9438,3556,7270,5865,5104,9717,9719,5882,---12,8,15,10,14,13,2,5,14,11,8,14,2,3,14,5,10,8,13,9,4,4,4,7,13,7,15,10,8,3,7,14,7,
512,7306,8589,7188,1429,8856,8475,5148,3107,39,5033,3165,5683,4789,3256,59,65,4807,716,2765,851,1366,9175,4059,4189,9186,996,3304,4075,2669,3582,---10,2,7,7,9,14,13,6,12,3,2,3,8,9,6,4,6,3,8,14,10,6,6,13,13,14,5,5,5,7,8,
4357,3336,2569,7562,1419,6924,3726,3475,5188,794,1307,6557,8859,4262,7593,9629,7729,9014,190,9410,1611,836,9931,1486,9168,2397,866,4454,6637,8696,2683,---14,9,14,6,8,2,12,13,4,4,8,14,9,14,6,7,14,5,8,13,4,13,7,9,10,10,10,5,14,12,4,
9492,8969,2829,6798,6161,6676,1175,1670,2214,7854,4271,1459,3132,2376,2891,9550,7122,6158,7898,6238,8291,7441,1389,6127,3441,6132,6776,7929,6399,---4,7,10,12,12,9,12,3,5,7,12,8,12,5,10,12,11,7,10,5,6,3,5,4,11,15,9,14,4,
4748,2937,7190,7578,2460,5409,937,5812,438,6580,4544,8647,9032,1250,4177,6998,5463,4824,4575,994,9955,9575,5736,6503,2920,247,1784,2169,3323,---9,9,13,2,6,9,7,5,8,7,5,14,7,7,11,15,15,4,15,4,14,11,13,15,3,3,2,4,9,
1030,3564,4751,5264,2966,5402,5019,925,2980,9253,2087,7209,9261,9902,9007,7860,4920,5956,8905,3915,6608,1753,9051,6242,2407,9580,7023,5244,---10,10,8,14,6,4,3,10,4,8,7,4,10,10,6,5,12,11,11,13,3,15,15,8,4,2,2,11,
5761,2820,3077,6538,1302,6423,4891,1570,9509,7974,8156,6702,7856,9009,179,5685,8381,9538,590,1746,9299,6869,2780,3429,233,9298,7919,1535,---11,3,15,14,14,7,5,2,8,5,2,10,11,5,2,15,2,14,8,5,15,2,12,6,15,7,4,2,
1417,8458,7447,3621,1063,8743,4906,3378,9146,4033,8771,5447,2508,5839,83,84,2396,8798,1119,9570,1257,9323,1260,3696,8822,891,5596,1406,---6,3,7,11,12,13,6,5,10,13,10,3,9,13,3,3,15,7,14,11,7,9,10,2,10,5,10,15,
6016,5126,2540,9815,1296,4497,1044,9116,3741,2345,5547,1969,8762,6715,8385,4297,75,8141,1745,7381,3287,859,5341,8544,227,869,2919,3436,---7,5,5,6,11,11,6,9,14,8,10,10,9,11,15,15,4,15,5,13,6,9,12,14,4,13,6,7,
1685,2583,4633,30,546,1450,7728,5940,6071,6201,3003,1342,4981,9536,2371,9034,6228,347,9443,2022,4206,2799,885,3320,1021,2686,---10,14,12,11,9,3,11,2,6,15,4,12,3,5,14,10,10,14,11,11,8,2,10,6,12,10,
3584,8706,7430,8459,1164,9709,8083,6949,2801,1833,3633,51,2230,7749,2355,8397,4051,9559,4953,5605,6635,3821,8177,9076,8446,---14,13,5,11,15,7,3,8,4,11,11,9,10,13,14,10,5,11,15,8,6,8,6,3,5,
9985,6147,3471,2577,3219,3351,3624,7595,1968,4282,9405,3271,5577,2656,5217,5090,2404,7265,1525,3318,9079,1401,737,3454,9343,---11,9,5,6,15,3,12,13,6,13,5,4,3,15,3,13,3,14,15,11,2,14,15,8,7,
3884,8461,4526,4889,9633,1573,5287,8876,430,8500,693,7738,3913,1355,7631,4304,8913,1236,6745,5981,5742,8943,5238,5502,---5,11,10,3,2,6,11,4,8,14,12,7,14,4,14,14,9,2,8,9,12,12,4,10,
5120,2689,9347,4749,2446,9561,6939,5538,1315,4540,1600,321,3906,3143,7756,8140,3801,9183,5186,4078,1137,9077,4343,2171,---12,2,9,5,2,11,5,10,10,9,2,11,6,12,6,12,15,14,10,5,10,10,4,5,
4997,2311,2440,7459,8330,6681,2723,1449,7850,5127,6316,7500,207,7251,9950,1639,6504,3818,7402,755,7924,41,4394,8190,---2,15,3,4,5,12,2,12,12,11,6,2,7,8,5,15,3,7,9,5,15,12,11,13,
5762,1930,7820,13,8594,4499,8980,5399,171,313,6075,2126,5583,7761,2264,5725,3427,3307,1773,4079,7793,5623,2046,---5,10,2,10,3,14,12,14,15,5,7,8,14,15,9,9,6,3,12,8,4,5,15,
9478,4104,9610,2699,5645,3480,6683,6941,5154,9258,5045,6970,4797,7358,6082,6083,6225,4707,7273,8558,8566,7161,3966,---9,15,8,11,12,7,14,12,11,3,5,14,13,12,8,11,8,15,9,13,9,13,4,
9218,5901,7310,5778,3220,8991,5026,8109,8622,4912,53,4405,2746,2621,5941,5316,7752,5718,3684,1765,6886,1392,5111,---8,11,7,15,13,2,15,12,15,12,15,10,15,4,3,5,4,14,13,5,3,15,2,
6912,396,2316,7445,9752,4252,2476,6707,3638,8903,12,3274,6092,7125,1878,1755,1634,4838,1775,7282,5622,6265,7061,---10,6,7,2,2,12,5,13,4,10,9,7,2,7,6,13,14,6,15,6,4,13,9,
1665,7811,781,7058,2454,6435,4773,1323,4909,9141,5560,699,188,3780,9674,9166,4437,5096,8942,2800,2417,7794,629,---14,5,7,11,12,10,13,6,9,15,14,10,5,2,10,4,15,2,10,6,12,3,10,
8971,7454,942,4445,6322,3252,9653,1338,4542,1729,3407,8657,6484,4185,1466,222,5984,6881,2917,358,7148,1908,1404,---14,3,8,12,14,10,7,12,9,2,12,12,11,8,6,5,15,13,11,8,11,5,8,
4224,1415,1035,6044,8733,2215,303,7730,1465,7485,9540,7877,1862,6989,3296,3301,998,5100,3565,8688,4977,8574,---9,12,15,11,15,3,4,4,6,15,12,3,5,15,10,12,8,15,7,11,10,11,
9734,4487,1288,3724,8340,7320,8869,4903,684,1847,4285,318,4423,7121,3544,2142,3807,9952,7137,5740,6638,5241,---12,9,11,7,13,6,12,15,7,8,9,2,5,13,5,8,7,11,9,11,5,3,
7940,6405,7176,524,9366,5273,8740,9894,5417,8624,8241,1462,8002,6156,6861,6136,4825,9054,9325,3576,9081,6782,---5,14,11,7,15,14,12,3,11,13,11,11,2,8,13,9,14,15,14,2,15,10,
6665,1162,2444,7583,4771,168,5814,6079,5056,3138,9029,3018,2644,5848,2017,7906,6628,7013,4586,3183,2548,7541,---9,11,6,8,10,12,10,3,12,4,11,15,11,3,2,9,3,7,6,10,2,14,
7232,5568,3106,2659,6117,1472,9031,8288,3722,5691,3570,4622,6317,913,7890,4500,1909,9305,667,6366,7999,---14,7,9,5,4,4,12,11,11,3,5,13,8,10,9,9,14,5,7,7,9,
7392,7393,514,1667,4548,5349,3206,6024,8105,8939,3501,4413,7211,8658,2260,6146,9527,3796,3625,6295,7325,---6,8,5,3,4,4,15,9,15,4,11,12,6,14,5,11,13,6,14,6,13,
6336,8292,837,9510,2663,156,2122,1509,8678,2125,9263,8689,2930,3635,4820,7830,2138,6527,5756,1630,645,---15,10,5,3,2,3,10,15,2,2,5,3,2,11,3,14,10,10,12,2,3,
9739,6017,7426,2051,1028,1829,2726,9159,8386,3563,5890,6797,4627,6056,658,3619,283,3609,7771,8222,6850,---4,12,14,6,7,8,5,10,7,9,7,5,14,14,14,7,5,15,8,5,8,
6697,1822,6275,8805,9799,8652,1386,9484,1117,6159,6090,1521,3636,1781,3031,8366,895,828,2237,5534,4895,---3,12,7,9,12,14,9,8,2,7,2,5,13,11,14,7,6,14,15,14,9,
5835,8900,7334,9830,7209,5098,1803,6027,7502,9647,6608,4593,2450,2966,4920,9657,5019,5244,618,9599,---8,2,10,15,4,3,13,2,5,3,3,2,7,6,12,8,3,11,6,2,
6958,8502,689,3638,1724,9835,8653,63,463,7185,5011,2325,9302,7991,9752,6265,9999,4092,8765,9279,---14,7,3,4,7,8,3,7,13,2,9,9,3,6,2,13,7,4,12,5,
4354,8259,1764,2614,8728,6343,2057,1511,1228,5363,5551,9393,4594,4019,9652,502,3689,1437,9551,2717,---5,2,9,14,12,12,9,3,8,5,4,8,7,3,11,13,5,5,15,8,
7840,4781,2082,8419,7525,2534,5857,8329,2637,7790,6703,8464,9137,8723,1182,3126,2297,2815,9630,8511,---10,12,7,14,3,9,13,4,10,11,15,3,12,9,13,14,13,8,13,2,
1699,420,618,7334,9128,7209,7082,1803,2450,6318,6608,338,7502,2966,9657,9306,5019,5244,1194,9599,---5,2,6,10,6,4,3,13,7,9,3,11,5,6,8,9,3,11,2,2,
8195,5250,5659,7798,6822,7591,8680,6026,6219,802,5840,9995,7795,8597,9910,663,2040,9083,9053,6910,---11,9,2,4,4,3,14,15,15,2,6,13,7,15,15,2,4,5,3,4,
2081,6050,9828,357,9825,8105,492,1581,9871,5648,8658,8883,4948,8021,8769,6007,5017,3103,3028,661,---3,3,11,13,5,15,4,4,8,4,14,9,10,12,12,8,10,7,5,15,
4347,6692,4731,5798,4615,7080,3721,6091,2188,2797,2222,687,1266,7315,1300,6582,8116,2671,1245,9236,---10,2,14,10,7,15,8,10,12,14,2,9,10,2,6,8,14,6,7,9,
8096,1863,5576,5782,5903,5555,4392,8745,6093,1675,2701,4813,392,3282,4179,1621,9319,9849,219,540,---10,13,5,4,8,13,4,6,4,7,4,13,6,5,13,2,7,9,7,3,
4449,6690,8483,4228,7205,8507,8711,8298,5698,6222,7664,3537,3235,5080,1617,8248,803,9019,5757,---15,15,7,11,8,12,12,9,5,5,10,13,8,11,12,7,7,11,7,
6721,5602,3172,5381,7366,9095,4968,9097,8087,7149,7982,1705,1395,3214,1270,503,6040,4313,7388,---3,10,14,10,15,10,2,15,3,2,6,4,13,6,14,11,2,11,9,
6016,2563,9092,869,5126,1745,4297,9116,75,2540,1969,7026,8403,6612,7381,8762,1436,5341,9541,---7,6,9,13,5,5,15,9,4,5,10,3,3,5,13,9,6,12,15,
928,9872,867,3461,3377,9377,4362,1387,2092,8335,4240,337,8022,2551,3001,2298,7580,6458,734,---10,12,9,7,12,13,7,10,9,3,7,13,2,13,11,9,8,7,7,
7251,2723,4997,2311,2440,7500,7402,7850,6316,207,6383,755,7924,8190,41,1639,4394,3818,9950,---8,2,2,15,3,2,9,12,6,7,3,5,15,13,12,15,11,7,5,
1953,1858,6973,4296,4524,4395,6476,210,6237,2289,5234,757,9549,3895,3066,4122,1853,3583,---9,5,12,14,8,3,13,6,2,5,7,11,11,11,6,4,5,3,
5472,6273,4002,7171,6372,485,9224,2154,5452,7886,8792,4433,4724,694,6424,1012,826,4223,---12,8,15,8,4,11,5,15,9,14,11,2,2,9,15,7,9,15,
6656,2626,4291,4359,6922,5853,8785,5519,3094,5047,1720,2489,9658,575,1692,2557,5054,3455,---14,15,15,2,12,10,8,10,6,7,3,10,13,5,10,10,3,2,
3363,7380,8197,3398,871,9458,9262,9519,3793,562,8163,8692,1294,8504,5908,8316,62,7237,---5,13,11,15,7,10,6,14,13,7,6,7,2,2,5,8,14,4,
8096,9378,4965,8582,5555,5576,540,1675,2701,4813,3282,4179,628,1621,8745,9849,5903,9404,---10,3,4,11,13,5,3,7,4,13,5,13,13,2,6,9,8,12,
5184,5916,4037,5510,5319,8233,2727,7884,8912,1905,3943,7285,6070,7801,3642,5083,1276,9941,---14,15,12,15,5,7,13,9,3,9,7,2,8,13,4,15,6,7,
9542,7717,2342,6247,5225,6218,6571,3949,5999,8946,5013,3767,3794,7706,3311,6110,8389,---10,4,6,7,9,7,14,12,15,5,8,4,6,6,9,6,15,
6657,8034,2725,3334,4833,6313,426,7696,3602,5459,8309,9328,5240,8537,4571,6716,9759,---3,10,12,12,12,2,7,12,7,6,14,13,13,5,4,4,15,
4795,2180,4518,1706,332,750,8625,7907,4180,6806,3479,4505,5658,8827,9052,5309,4414,---15,3,15,15,3,4,11,13,4,2,10,13,11,12,2,9,9,
160,8555,9252,2694,3687,5608,7433,4938,6155,5291,2923,8593,9426,4597,7113,7834,1487,---5,7,10,13,7,3,12,9,5,7,14,3,4,2,10,8,9,
1057,8322,1251,6856,2249,7979,226,5646,1810,435,5339,1205,566,2839,3515,6141,7007,---13,8,11,11,6,8,7,3,9,4,8,4,14,2,2,3,3,
6723,7076,7592,2953,4175,4745,8708,7119,5326,6756,3317,8089,1956,8879,2299,7389,6558,---14,15,2,9,14,8,9,13,14,7,12,5,11,15,14,12,9,
2593,7653,6411,5765,7912,9367,3213,3599,8660,4887,8825,8154,4671,9172,8186,3166,3519,---2,9,9,4,5,6,10,9,15,14,15,5,4,9,7,2,8,
3650,1955,2628,1926,8754,9673,7786,6199,5325,8561,1586,8739,7895,3065,2363,3017,7678,---5,7,14,8,13,2,4,13,11,8,13,5,9,2,8,7,9,
1474,355,7044,9925,9094,1831,4924,1098,3147,6604,7132,3288,5172,7047,1316,8636,1076,---12,12,14,11,5,12,5,2,15,6,7,10,2,14,13,12,7,
8719,3586,3,1095,4105,78,1391,9244,3186,2357,3382,9865,56,2842,143,7823,---15,14,7,6,13,4,12,5,7,8,15,14,11,14,5,11,
5856,7552,4227,1285,6151,5769,1239,9853,8720,49,6867,1941,567,6397,4222,2613,---9,5,4,11,4,4,7,4,8,7,13,4,13,2,14,2,
4577,9284,1414,3623,8296,174,4272,1672,7284,5110,8964,7257,3482,6396,5210,1151,---14,3,6,12,9,10,10,3,2,12,8,5,3,8,4,3,
388,2213,5222,2728,8777,6103,7212,9485,3504,3944,2197,8951,7001,9788,8126,4021,---15,10,8,13,5,2,3,4,11,10,6,13,5,7,4,13,
1987,5797,6737,1480,4137,6475,8817,8526,9296,8721,4035,3444,2665,9816,6554,8380,---8,9,7,6,15,5,15,5,15,2,14,14,13,10,14,8,
4897,5124,7497,5540,7213,7118,4112,8881,8564,3959,7992,1657,7866,571,8444,7615,---7,14,12,14,9,2,4,13,4,11,10,7,14,9,2,14,
3714,899,9669,4230,3834,5802,557,605,1148,9779,7029,2360,3897,4378,8538,9309,---14,4,11,11,14,12,3,6,12,13,12,7,3,6,12,4,
4212,1899,8612,9637,5449,3530,7275,3597,9391,4804,6774,7033,6596,6591,6812,6309,---10,5,14,6,13,10,15,3,10,11,14,6,15,12,14,9,
8064,6496,2769,8488,6446,879,2960,433,9330,3379,1080,9591,9176,4156,1757,7422,---7,5,11,4,2,3,14,8,8,13,6,8,12,2,15,3,
8866,3587,9572,4165,9879,8169,5323,6732,60,1859,4006,7849,7703,7740,5085,3486,---6,4,12,6,10,6,2,4,15,14,9,15,8,5,13,8,
4032,4451,3300,4421,9798,6954,8908,1711,2488,9846,4119,2328,6492,5310,6335,---9,15,4,6,9,3,4,4,12,15,15,8,8,13,7,
6304,5088,2275,5732,6374,2636,6667,2124,4595,4978,4915,789,5143,413,8157,---4,4,10,6,4,6,12,12,6,13,15,8,12,6,2,
8800,3233,4387,2372,8549,6470,8649,4747,46,4384,7956,5600,9560,1498,2588,---14,4,6,11,15,8,10,5,15,4,15,12,9,13,2,
8707,197,4716,4752,2705,3442,4963,1813,856,1912,602,9851,8124,3869,5749,---4,6,8,8,5,8,2,11,7,14,8,5,3,13,11,
1699,420,7334,9128,5098,5835,7502,2450,1803,6318,9657,9306,618,3838,9599,---5,2,10,6,3,8,5,7,13,9,8,9,6,4,2,
2368,5441,1379,9479,5994,8365,2349,3768,5187,7764,1910,1048,5913,3580,6173,---5,2,9,14,9,3,5,13,14,15,12,7,13,2,12,
9249,6371,2469,4842,363,4012,9123,2484,2485,5783,1977,731,1532,1898,2911,---7,7,12,6,5,10,4,8,9,5,11,4,14,8,2,
3168,7745,3395,7973,968,8650,3883,1644,5844,1879,6392,6459,5021,8766,543,---15,2,15,8,3,4,15,8,8,2,4,5,6,6,5,
8163,7237,871,1294,9519,3793,9458,3363,7380,9262,4150,8504,8316,118,8197,---6,4,7,2,14,13,10,5,13,6,13,2,8,12,11,
9856,7394,2852,1733,9959,5308,2855,9420,3885,6254,7215,8532,6327,4280,6364,---10,12,8,11,15,13,13,13,7,14,12,8,4,10,10,
4897,5124,5701,9980,1642,5540,7118,4112,8444,2359,1657,7866,571,7932,7615,---7,14,14,5,12,14,2,4,2,2,7,14,9,7,14,
3648,6693,1479,4488,4778,6603,9772,3185,2802,9203,6870,5078,345,2876,1821,---8,2,10,11,11,2,3,8,11,8,10,10,2,11,10,
3611,4386,7579,9990,4102,8071,3591,2630,9134,7259,2851,8238,8695,2490,3291,---2,4,14,15,9,5,10,12,13,2,14,14,11,10,7,
4768,3675,6404,9960,5356,4715,364,5458,974,850,7636,5572,9050,2203,5117,---10,7,14,9,7,2,7,6,9,8,10,13,12,7,5,
1409,6363,9188,6565,907,2513,9970,6419,1652,5694,6262,4438,2235,158,7989,---3,11,9,13,13,15,11,12,10,13,2,3,8,11,5,
3424,4097,5027,6597,7014,73,4651,9359,655,4741,4308,1819,1917,1886,2539,---14,3,11,8,7,8,3,6,14,10,11,7,5,4,15,
5184,2129,5510,2566,2727,5916,3943,1905,6070,7801,3642,5083,1276,5319,4037,---14,9,15,13,13,15,7,9,8,13,4,15,6,5,12,
72,1484,1706,332,1422,5309,3920,8625,4414,500,750,8535,6104,2525,3262,---11,3,15,3,15,9,4,11,9,15,4,7,4,8,3,
407,1125,9515,5860,7742,7888,4926,8886,6455,8985,1690,9595,6775,2783,---4,7,12,2,10,14,3,3,7,6,14,12,9,3,
6560,7617,7458,6308,4950,8838,7017,972,5204,8374,312,31,1534,6271,---2,13,2,5,7,8,6,14,13,7,10,14,3,13,
8416,2082,1477,9256,9001,4109,7790,2637,8464,4501,1591,8329,123,1501,---2,7,7,2,5,9,11,10,3,10,7,4,9,14,
9632,8513,6465,4434,1038,2648,2706,6625,270,6200,7027,785,2493,---8,7,11,12,12,6,6,6,2,4,2,12,4,
385,2604,9482,4235,2796,2541,559,6384,4145,8245,8489,4248,3258,---11,8,10,9,2,5,13,2,2,13,10,12,8,
3680,4230,4588,5802,8012,605,9779,7029,8919,2360,3897,1148,2365,---12,11,11,12,12,6,13,12,10,7,3,12,9,
5835,7334,1803,7209,5098,6027,7502,9647,2450,9657,5051,618,9599,---8,10,13,4,3,2,5,3,7,8,12,6,2,
9856,2114,9444,1735,5308,7751,7394,2855,7861,6327,4280,7066,6364,---10,4,5,9,13,11,12,13,8,4,10,9,10,
644,8613,8422,2631,1996,3182,1647,8081,7603,3765,6746,8410,997,---8,2,9,7,13,2,5,5,5,13,6,11,9,
642,7619,4390,7281,9576,4907,1774,752,8305,1428,1653,7548,1023,---3,3,10,9,7,8,4,6,9,2,12,11,10,
7073,6115,5700,9063,9800,4041,6407,385,2451,4195,3125,8489,2236,---6,13,2,3,8,9,12,11,10,13,12,10,3,
4704,8833,290,6019,5884,6346,1067,5935,11,6002,986,4956,4666,---11,12,5,7,12,8,2,8,12,7,4,9,10,
3371,7779,4166,4619,4302,3887,1010,2870,7961,8986,3964,7839,---12,11,12,6,5,8,5,7,6,10,10,9,
2785,7650,7331,1638,7735,8079,9712,4242,2071,1336,9371,991,---2,11,2,11,10,2,2,3,4,4,2,2,
8192,1281,6059,1895,552,1623,6292,6231,6936,3002,1403,---2,9,9,10,4,4,9,3,3,5,5,
3970,5383,4264,3083,9870,7408,4498,5790,3319,7002,6270,---3,5,11,6,3,10,4,6,5,9,2,
8417,9123,1441,5192,3434,7116,9480,4659,5692,1898,2911,---2,4,6,11,3,5,11,5,4,8,2,
4198,6312,9801,5290,8685,5171,6068,9046,506,6314,8830,---9,3,8,8,5,11,11,2,4,9,3,
1216,7878,5830,3656,6988,3054,3665,6355,3063,5022,---9,7,5,3,10,3,6,2,5,2,
9474,2788,8327,9385,3276,9998,2223,7529,4703,---5,4,7,5,8,2,3,9,5,
4320,1985,992,6025,2862,8815,4969,1053,9087,---7,7,9,4,7,4,3,3,4,
17,4457,8460,2609,4630,7689,8857,827,---3,2,3,4,2,5,6,6,
513,6742,3305,2475,1454,7062,5403,189,---7,2,8,7,6,5,7,2,
9313,7908,2346,82,8884,597,1207,5786,---4,3,7,7,6,8,8,3,
9249,2019,4263,363,912,8150,3005,4555,---7,2,2,5,7,7,2,6,
4513,7654,7880,234,651,4623,2139,6300,---7,4,7,2,6,4,7,7,
3780,5096,5450,7787,5905,7794,188,---2,2,6,7,6,3,5,
6830,8271,2770,7732,5879,9272,6863,---3,5,2,6,5,2,2,
482,1124,4658,3156,6263,4058,7963,---7,5,4,3,6,2,6,
3008,2179,9687,3467,7095,7355,3804,---3,6,7,3,2,6,6,
2401,9860,8334,4821,1687,1720,---5,3,3,2,2,3,
8613,8081,7603,8629,6746,7365,---2,5,5,6,6,4,
9448,5514,5612,1654,1210,5340,---4,4,4,3,6,2,
5284,3332,981,6174,2646,---5,2,5,3,5,
6312,506,3661,9046,8685,---3,4,3,2,5,
6064,9532,3534,5062,---4,2,3,2,
8873,9417,4582,8775,---2,4,3,4,
376,9099,2932,---2,2,2,
4097,2562,4651,---3,2,3,
1481,5301,---2,2,
3437,8655,---2,2,
961,2822,---2,2,
