9381,7170,1924,1542,6153,6914,1039,7570,5907,9240,1561,5274,2591,9761,1443,6726,8231,9783,810,4652,5934,2479,48,177,253,6198,9271,7967,5824,5189,3526,7623,9673,7095,8162,4432,4178,2645,7896,5851,7290,3167,4065,3810,3460,9708,9711,6384,9715,7544,1658,6141,9983,---2,2,2,4,4,4,4,5,5,5,3,3,2,4,3,2,5,2,4,4,3,4,3,3,3,4,3,5,3,2,3,4,3,5,2,2,4,2,5,2,4,3,2,5,2,4,4,5,5,5,4,4,5,
5163,8583,6927,2947,171,1688,819,9501,6819,4005,4081,9899,3628,8110,1455,2099,734,9464,62,1858,6723,3020,4428,6096,3793,9433,2654,4703,608,8417,6370,355,740,7909,872,6397,4200,8494,8952,4221,8702,3711,---4,5,4,3,5,2,2,2,2,3,4,4,2,2,2,5,3,5,5,4,4,2,5,4,3,4,3,4,4,3,4,2,5,5,4,5,5,3,5,3,2,2,
6019,6800,9091,2709,7599,3991,8472,4506,1691,2207,3360,816,291,3881,2346,429,6703,304,7604,2101,8246,4153,7711,5237,4929,7107,2244,8140,3149,8271,1360,337,7379,8917,7383,5990,8934,2290,6739,6261,1402,---3,5,2,3,2,2,4,4,2,2,3,4,4,4,4,3,4,2,3,3,4,4,4,3,3,4,4,3,4,5,5,4,2,5,2,5,5,2,5,3,2,
7298,6508,9485,6545,2706,8213,9110,8215,2845,1440,6562,6565,4262,809,44,2349,5169,3256,3129,1087,7490,4169,1740,7374,335,340,2916,8411,8229,1124,5222,7014,3945,4971,7020,8942,4725,3574,---4,5,5,2,2,4,2,5,4,5,5,4,4,3,3,4,5,3,5,4,4,3,2,3,2,5,5,2,4,2,2,2,3,2,3,4,5,2,
4608,1538,8581,2438,9608,7946,4013,4376,1683,7447,2456,2842,7067,2053,58,548,8487,7725,904,4018,7091,9400,1977,8890,4028,6176,1732,6733,5715,3801,6621,5858,3304,9875,9716,9209,---2,3,3,4,2,4,5,5,3,4,5,3,5,5,2,3,4,2,4,4,4,3,2,3,5,3,5,4,3,5,2,2,4,4,5,4,
4992,1669,1542,1678,2192,9233,3091,9240,1561,1583,924,8304,5318,935,1705,6954,2479,48,7092,3127,4542,3649,2115,5189,3868,7630,4432,4178,2645,5724,3293,8671,6499,4196,4456,1518,6384,9587,2382,632,1021,2814,5077,---5,2,4,4,5,5,5,5,3,4,4,3,5,3,4,2,4,3,5,4,2,5,5,2,3,2,2,4,2,3,2,4,4,5,5,2,5,5,3,3,2,4,5,
4865,1794,5379,9862,6151,4620,535,2332,9632,4004,7206,295,4653,7728,3635,7732,4795,5566,5702,9932,8142,1750,4567,1624,9689,9508,7149,114,2420,3960,7033,2554,2425,---4,3,5,2,5,2,2,4,5,3,4,4,5,5,2,4,2,4,5,4,3,4,2,4,3,4,2,5,4,5,3,4,4,
6146,5035,9738,5762,8691,4881,6293,1686,4894,4167,9395,438,9920,9668,70,7495,3788,5582,4819,5973,4055,5080,8669,2662,9832,2537,1875,4201,1146,6780,9594,---2,4,4,5,2,4,3,5,5,2,2,2,2,2,5,4,4,5,3,3,5,3,4,3,5,5,3,2,2,3,5,
4866,9480,3081,5386,130,1809,787,661,2839,7709,2592,6696,7083,4909,8120,9914,6076,65,329,79,6737,7636,8280,5599,8678,5484,3240,7922,3188,8438,6904,---3,4,4,4,5,5,4,3,2,2,5,5,3,2,4,3,2,2,4,2,4,4,3,2,3,5,4,4,4,5,2,
6404,5384,2441,2058,8843,401,3219,2841,281,4764,2205,5288,2844,5680,9789,8127,7616,2315,3723,464,9047,5977,2013,4816,3044,9831,5996,5783,9589,890,---5,3,5,3,3,5,2,5,4,4,4,4,3,2,2,4,4,2,5,3,3,5,4,4,4,3,5,2,2,2,
3972,8087,5647,2960,407,6173,6313,946,4019,6078,5312,3651,6981,1993,8651,976,3153,5845,9048,9743,6494,6628,1894,7912,4074,8687,753,8306,8105,7548,---4,5,2,2,3,5,3,5,3,4,3,4,4,5,2,5,5,5,3,4,2,2,4,3,2,2,2,4,2,4,
9217,2435,5892,534,9865,4110,5135,2448,6929,6467,6294,7331,1581,7089,5557,9152,7235,455,5960,7626,2379,9554,3411,3555,636,8428,6258,2259,1916,---4,3,4,5,5,2,5,4,2,4,2,3,5,4,5,4,2,3,4,3,5,4,3,2,3,5,2,5,4,
1152,4352,1797,8345,6297,4250,5531,2974,928,1307,1706,1969,7090,3998,7739,7743,6080,2633,3063,460,7501,8528,8273,7649,3554,5733,7657,1015,1578,---5,2,3,2,4,3,4,2,2,2,2,5,2,5,4,3,3,4,5,3,5,4,2,2,2,4,3,3,3,
9729,4358,5001,5645,8341,4378,1566,5535,808,8108,4014,7611,1597,5311,9026,6979,72,1741,3410,9631,1118,3679,8161,6715,7658,8815,2297,5759,---5,5,5,4,4,2,2,3,2,3,3,2,3,5,4,2,2,2,3,2,3,5,3,4,5,4,4,5,
6973,7950,5651,5653,7199,33,3878,9514,7467,7596,6068,6457,9403,5565,2750,5700,6476,1871,4436,5333,6617,6492,8166,1255,8937,5226,6461,9462,---2,5,4,5,3,4,2,3,3,2,5,2,3,3,2,3,2,4,2,2,4,4,2,2,2,5,3,3,
645,2573,19,3350,6300,8479,6949,166,6953,5941,7222,5944,3897,9535,843,2253,4049,2003,4182,4695,9432,5596,4573,3299,7017,7402,6009,7291,---5,3,5,5,2,4,2,4,4,3,2,2,5,2,5,3,2,5,3,3,2,2,3,5,3,2,4,2,
256,5891,6661,5129,1804,5011,8342,27,2719,1568,3876,2597,9773,137,1759,5694,2885,713,8149,1751,5797,4454,6506,1903,4848,3061,4603,3581,---5,3,4,4,3,4,2,4,3,4,2,4,4,4,2,2,2,3,3,3,4,5,3,4,2,5,5,2,
1536,3971,3084,5263,9242,2461,3359,675,2982,5063,4659,8119,5434,3778,1607,9160,1609,5714,8915,8276,2518,9442,4451,7147,494,5587,118,7671,---5,4,2,2,3,5,4,2,2,4,3,3,5,2,2,5,2,5,5,5,5,3,5,2,5,4,3,2,
2816,5163,900,4231,5520,6673,1667,171,9367,8600,2717,5150,5674,9899,7981,820,862,1079,8757,1858,3909,6096,3793,9433,5212,734,3295,5094,8935,3437,5230,3442,9206,119,9464,4221,8702,---5,4,2,2,5,3,5,5,2,2,5,5,2,4,2,5,2,2,2,4,3,4,3,4,3,3,4,4,4,2,5,3,4,2,5,3,2,
6660,2055,3465,8842,8846,6296,2579,3992,5277,9759,546,40,3119,8112,8630,2743,7483,202,4490,3786,4560,5091,2152,239,3440,7935,---3,5,3,5,5,4,4,4,4,2,5,2,2,5,2,3,2,5,2,4,2,4,3,5,2,2,
9731,1035,7182,788,5400,6047,6560,4388,7205,7595,9663,7136,706,1989,8006,2658,1105,5330,3924,9431,4184,217,6368,6882,5732,1534,---2,5,4,2,3,4,5,5,3,3,4,5,4,2,5,3,5,3,2,2,2,3,3,4,2,4,
896,1409,4868,7558,8459,9104,5649,7698,6548,4007,938,8240,3762,6463,2247,7118,2383,7517,5470,351,5729,2917,6645,5110,2041,9724,---3,2,4,3,2,3,4,2,5,3,3,5,2,4,3,5,5,2,5,4,4,4,2,5,5,3,
3718,1547,789,7190,7968,1186,3364,677,9896,1068,8368,4530,3768,5049,3657,8888,4691,7898,5087,9056,9826,877,7406,4594,6516,9078,---3,4,3,3,5,3,5,5,5,5,3,5,2,2,2,2,5,3,3,2,2,5,5,3,2,3,
1537,2179,9860,4103,2185,2955,7951,8209,8082,1815,9329,301,1588,7862,959,1218,1091,6980,5071,3283,3040,111,4336,1393,3443,1917,---5,5,5,5,2,2,4,3,5,2,3,5,3,4,2,2,2,5,3,4,5,5,5,4,3,5,
7687,520,7957,7834,4527,2718,42,3756,3375,3464,8626,3571,7491,8903,8012,3534,3542,9050,6367,9058,995,3311,1267,3444,9333,---3,2,2,2,4,4,2,2,2,3,4,2,5,4,5,2,3,4,4,2,4,4,5,4,2,
6592,5099,1422,144,3475,4884,7585,3236,2474,4396,8367,8372,3001,7102,3263,8512,8773,5065,7643,9570,8555,5612,9590,250,5374,---4,2,5,4,3,2,2,2,4,2,3,5,3,5,5,2,3,4,2,3,3,5,2,3,2,
8706,1416,2574,5392,5266,3735,5272,3761,3378,4403,9021,7236,8774,5320,2249,5712,5853,4190,8546,8679,1682,5437,3952,6898,1268,---2,4,3,5,3,4,4,3,4,3,2,5,4,3,3,3,4,2,3,2,3,3,3,3,5,
6657,6027,7828,5781,1828,1191,7593,7085,2120,9524,6583,960,8259,7879,1736,3916,1744,83,9812,9302,7257,3680,1529,3194,---5,5,4,3,4,5,4,3,3,3,5,3,2,5,3,4,2,4,3,5,4,2,5,2,
7940,6921,7917,7702,9499,6301,5155,2984,3245,9392,5041,8505,2246,8920,9562,3932,4191,8929,4580,1127,6893,6644,2167,8314,---4,2,5,2,2,4,4,2,5,5,3,4,5,3,4,4,3,3,3,5,3,3,2,4,
8332,6338,3729,6679,3232,6512,6440,8501,5578,4021,6209,4162,4803,6470,5450,1995,4561,6357,2012,1256,9452,8816,1273,5371,---5,3,2,5,5,2,4,2,5,3,4,3,3,5,2,3,5,5,5,5,3,4,3,2,
8962,7557,1801,6155,7436,5909,155,1435,2468,4521,1070,6452,1848,2100,1215,591,5329,9556,6366,6993,5617,3572,7797,7035,---5,2,5,4,4,3,4,5,2,5,2,4,5,2,4,5,3,3,2,3,5,3,2,3,
3075,2754,7571,6807,2334,4038,9768,5290,9772,6838,7615,2882,6086,7496,5067,5592,5340,8541,3954,1780,3318,7159,5116,5501,---3,2,4,5,5,2,3,5,4,4,2,5,2,5,5,5,5,3,4,3,4,2,5,2,
6187,2700,9486,2964,5663,7328,7201,7723,2096,8185,1342,2370,3272,980,9175,8798,3296,3048,3708,8812,8302,9977,6906,3452,---3,4,5,3,4,2,5,3,3,4,2,2,4,4,3,3,2,2,3,5,2,3,3,2,
6272,897,925,8096,36,8742,6959,3250,8247,2617,5821,9162,205,3154,6611,2900,7255,5208,3108,9310,8801,6249,2293,1278,---4,2,2,2,5,4,3,5,5,4,2,2,2,5,2,4,4,2,3,2,2,3,2,3,
2944,2390,6406,6408,3085,6159,8853,1049,8197,7717,8495,6969,7372,5765,8403,7510,6497,3430,359,7913,2667,2927,2163,7160,---2,2,2,3,3,2,3,5,2,3,4,5,4,2,2,4,5,5,3,4,5,2,5,3,
1923,1033,9493,4374,8219,2589,8991,6820,558,4400,8625,9782,4027,5308,4029,8521,7498,9935,6742,2653,742,2151,8811,6388,---3,4,4,2,3,3,3,2,5,5,4,3,3,3,4,3,2,5,3,2,4,2,2,5,
6915,8836,6920,2957,5397,8880,7843,7461,3504,3764,61,2241,9801,8926,6011,1508,9576,2153,2538,8693,9466,891,8572,---3,3,4,2,2,3,5,3,2,3,4,5,2,2,4,2,4,2,3,2,4,3,4,
4237,910,7823,5654,5276,9758,416,3883,2860,3766,7614,68,4683,2766,2129,6996,1627,4957,8034,7661,7283,5877,4343,---4,5,3,5,3,5,5,5,2,2,2,2,5,4,2,5,3,3,2,3,5,2,2,
9985,1159,6157,2183,413,5162,4523,2993,4407,8511,4290,583,2638,2255,7524,3420,3934,1252,5356,6896,4471,2689,3193,---5,3,4,5,3,5,2,3,2,4,3,2,2,2,4,3,2,5,3,4,2,3,3,
4893,9349,1415,2696,912,8081,7317,3223,6941,158,1708,5661,1200,8629,5433,5563,9405,587,7508,4951,3806,4088,121,---5,4,2,4,4,2,3,4,4,5,2,5,4,3,2,2,2,4,5,2,5,3,4,
7424,2177,9222,4106,8078,8976,5529,9379,3206,4664,4413,5698,1861,459,3790,8018,9940,5218,9065,4463,7156,2644,5119,---5,2,3,3,4,5,4,3,5,3,4,3,5,5,2,3,3,2,5,4,3,3,3,
6538,7952,537,6938,2596,585,1709,5550,823,1213,9795,457,5324,3789,8525,7376,7890,5847,8924,1121,1490,1399,1150,---3,2,3,2,2,2,5,2,3,5,5,2,3,5,4,5,3,5,5,3,5,5,5,
1540,1031,7311,9365,1184,7260,3115,2350,4921,4671,4171,2884,1733,5704,7755,2128,4053,2775,1243,8668,1253,5613,6776,---5,2,5,5,3,2,4,4,4,4,3,3,2,5,3,5,2,5,5,4,2,4,2,
7554,3843,2567,5131,536,8856,4636,7130,423,9897,7410,7855,2873,6202,1874,4314,1884,741,3942,3794,7666,3070,---3,4,2,4,3,5,3,5,3,2,3,2,3,5,2,3,5,3,4,3,4,2,
9345,2967,12,5134,7061,8471,1562,2204,3877,2477,8627,7606,3385,3902,831,592,8377,5981,7135,624,3828,8189,---4,4,3,2,5,3,5,5,2,2,5,2,3,2,3,3,5,5,2,4,4,3,
393,1807,4373,2459,1823,7073,476,8818,822,6206,4032,8897,5188,5192,6876,2533,7276,8173,623,7282,9588,446,---4,3,3,2,5,4,5,4,4,2,2,3,3,4,5,4,2,3,3,5,3,4,
4229,7818,271,1172,7448,5796,3116,5554,3120,2737,5426,7350,6852,9417,9933,3860,8282,9185,2659,5994,110,6265,---5,5,5,2,2,2,4,2,5,5,2,4,4,4,5,4,3,3,4,2,5,2,
3459,3984,2584,5022,4642,7459,8484,7977,9003,1843,5054,3265,8130,5199,210,3027,1112,7003,871,3922,8559,1910,---4,4,2,3,2,2,3,2,5,2,4,5,5,3,2,5,4,4,2,5,3,4,
8579,7569,8854,279,4505,8986,1818,800,8113,6447,561,8755,8003,2502,6345,979,9813,5206,7788,5744,372,6517,---5,2,3,4,3,2,4,2,4,2,3,2,5,5,3,3,3,5,3,4,2,5,
5504,6528,1922,9987,6407,6403,4633,554,435,7262,5309,7359,3650,5572,7366,7646,225,1725,104,9706,6639,502,---2,2,2,3,5,2,5,2,5,5,3,3,5,3,3,3,3,5,2,3,3,4,
8961,8326,391,9481,7955,2965,4772,936,8233,2605,3770,9148,1477,2893,3030,8043,6255,5362,754,122,6523,7549,---2,3,5,3,5,4,3,4,5,5,5,4,2,4,2,3,5,4,2,4,3,4,
1671,6409,6359,2713,3996,4131,5542,1963,2351,1721,573,1855,835,6724,710,9292,5923,9913,5081,4315,3313,8061,---4,5,2,3,3,2,5,2,3,3,5,2,3,3,4,4,5,2,2,5,5,5,
4288,8577,7202,8195,5815,6057,1354,2603,707,6669,5166,237,9456,1907,3540,4469,7830,9012,2296,9396,9250,---4,2,5,5,4,4,3,4,3,5,4,4,2,4,4,4,2,4,4,4,4,
9539,4325,5969,7976,9961,9356,8877,1533,9839,3953,9714,8467,2548,4501,7927,212,9146,4539,9244,9341,5407,---4,2,5,4,4,3,5,4,4,5,2,2,5,5,4,3,4,5,2,4,4,
6402,8291,7972,8901,3752,73,2793,8685,9903,8284,6290,4259,2836,6485,6428,9143,7166,9852,1853,5310,5855,---3,2,4,2,4,4,4,2,3,5,3,2,3,4,4,3,5,2,3,5,2,
4384,6439,1442,2563,7653,3142,1095,940,9927,9484,7846,8048,9304,3026,1859,8347,6924,2616,3468,1755,---2,5,5,4,3,3,4,3,3,4,4,2,3,5,5,3,2,4,3,4,
7305,4481,5410,9347,5477,840,3689,4778,6541,4430,3728,7292,7346,2610,8686,2569,5144,2329,1852,8543,---2,5,4,5,4,5,3,3,5,2,5,4,3,3,2,4,2,5,2,3,
5728,9793,6459,3621,1000,7625,9483,396,7821,844,560,3781,7380,9141,6825,7449,6714,187,8477,3893,---5,2,2,2,4,2,3,2,3,5,2,3,2,2,3,2,2,3,5,2,
305,7579,8869,327,6792,4476,106,4939,5260,7473,5358,1839,3400,6163,8085,7867,4092,5148,510,933,---5,2,4,2,5,2,4,4,3,2,4,5,4,5,3,2,3,4,3,4,
5780,9953,8150,3425,9833,4522,9515,8985,3671,8463,9009,6162,4980,7030,3865,1081,4415,7101,9790,6591,---2,4,5,5,2,2,3,5,4,2,5,4,2,2,4,2,2,2,4,5,
9804,801,2627,2788,7851,4455,1832,4905,2251,6540,1149,3439,2371,8301,9846,2489,3611,7644,6589,7139,---3,2,5,4,2,3,3,3,5,2,3,3,5,2,2,5,5,3,5,2,
5264,4771,260,679,776,338,6701,9582,7919,6160,913,2770,9299,6549,1782,1976,6573,1743,1662,693,---5,4,2,3,2,3,3,5,3,4,2,4,4,2,5,4,5,5,5,5,
263,6593,2210,4067,5924,2470,519,5128,2601,5227,7533,8046,6319,5224,9074,8759,3332,1370,3772,7010,---4,3,4,2,4,4,5,3,4,4,5,3,4,5,3,4,5,4,5,5,
192,7841,6946,9348,9545,2922,7243,1107,1474,9359,4575,6100,4661,1162,1753,8794,5179,4157,9374,7263,---5,4,3,5,4,3,5,3,2,3,2,2,5,5,2,4,5,3,4,3,
4576,1473,6850,7057,3827,9441,7817,2985,6775,3565,2224,7217,9458,8147,5492,531,3961,7673,7419,7486,---5,4,2,2,3,2,2,2,4,2,3,2,3,5,4,2,5,4,2,5,
7776,7872,9314,8515,3012,5,4577,4330,2337,8655,1392,7825,5438,2773,3672,5028,2171,9373,3486,4511,---4,4,3,2,5,2,3,2,2,3,2,3,2,3,3,4,2,2,2,3,
5664,2848,7527,836,5669,7152,7911,1032,905,1584,8039,3404,7853,9360,9970,8405,9753,7652,4762,2458,---2,2,4,3,5,4,4,4,4,3,3,3,4,5,4,5,3,5,4,4,
992,3914,6018,9571,5174,7782,1319,5833,3146,6380,4334,2191,176,9465,7075,2646,2807,2233,2907,221,---3,3,4,2,4,2,2,2,2,3,4,5,5,4,4,5,5,4,2,2,
6145,9763,8741,3111,9767,6312,1962,4551,2732,8227,3472,3985,8019,9785,1847,1433,6170,5075,639,---2,5,3,5,2,5,4,3,2,4,3,4,2,3,3,4,5,4,5,
2980,8933,8550,5103,5321,715,1380,1719,3054,8335,432,4370,9270,3545,1849,7227,9191,2237,4626,---3,4,4,4,5,4,5,4,4,5,2,2,4,5,3,2,5,2,5,
6114,8551,4773,5447,7048,2953,7210,7915,1388,3746,398,4913,5016,1078,7864,1497,4699,2526,191,---2,5,3,5,5,3,3,5,3,5,5,2,3,2,2,3,4,3,4,
3712,4307,132,3238,2728,5546,9911,7469,5560,7219,2452,4853,2871,5322,1657,1530,7100,3549,9428,---4,3,2,2,2,2,5,3,4,2,3,3,4,3,4,4,5,2,5,
2145,7042,8027,4645,8617,6250,1629,8208,8560,5138,9939,2387,4175,5573,763,7676,9770,254,4517,---2,4,2,5,4,2,2,3,4,3,5,5,3,3,3,3,2,3,2,
5985,4514,1147,571,7175,1387,2701,719,8051,1781,3551,9727,7096,1337,5402,7871,6844,8606,2111,---2,4,3,2,5,4,3,2,3,3,4,2,2,4,5,2,3,2,5,
3648,1986,6329,4293,6375,8136,3228,8330,6135,6791,526,9934,9558,759,4344,8889,3067,6204,7125,---5,3,3,4,4,3,4,3,2,4,5,4,5,3,4,2,2,4,4,
3521,1026,4291,7589,8775,7080,1084,1866,8267,8172,8397,8533,3862,7832,9628,3292,2301,1054,8965,---5,2,4,5,4,5,2,5,5,4,3,2,2,2,4,3,3,4,2,
0,4987,4166,262,2683,9096,1452,3915,5228,2413,6862,1167,688,6994,3796,981,6004,7759,5117,---5,5,4,4,5,2,3,4,2,5,4,4,2,2,3,2,3,5,5,
2336,417,8834,1412,9046,4356,7200,6344,203,1036,9965,7184,5043,2998,3833,1432,8804,9371,1427,---5,2,4,3,3,5,4,2,5,3,3,5,5,5,2,4,4,3,2,
2896,9264,739,4292,8199,6505,618,7111,6412,9040,8851,1684,2837,5534,5236,8730,1466,4670,767,---3,3,3,3,5,3,2,4,2,5,2,4,4,5,3,3,3,2,5,
4353,8930,4390,6193,6940,1799,6889,2986,7295,2722,465,5298,4998,8770,4150,3807,8444,7722,6687,---5,5,3,4,2,4,3,2,2,5,2,2,5,5,5,5,2,3,5,
4387,3918,9637,3433,5258,1548,6734,3152,9106,9171,8628,277,9077,8654,7071,2781,7006,4863,---5,5,5,3,5,4,4,5,3,2,3,4,2,5,5,3,4,5,
4129,1410,6203,2876,2992,8041,5676,4365,3853,8080,657,2578,4534,9623,3599,3871,3260,3743,---2,5,3,5,5,2,3,5,5,2,2,2,2,3,2,5,5,2,
5667,7795,6054,6449,8202,7854,6415,6320,4113,483,4213,2966,5497,9497,9007,3036,797,5630,---4,5,3,5,4,4,5,5,4,5,4,2,2,5,5,4,5,5,
6768,6692,5000,3305,4842,1525,6637,5615,9648,8360,5682,7859,6164,9717,4851,3646,7582,9749,---2,5,3,2,4,2,3,2,3,3,4,5,4,5,3,2,3,3,
1632,9024,3579,7302,7905,4296,9163,8622,1295,6483,2164,8374,2137,7194,4955,6396,5917,318,---4,3,2,4,3,5,2,5,4,2,4,2,5,3,2,5,4,2,
2384,7138,3835,6212,2245,8134,5640,9020,461,1005,1456,6995,2196,7780,8762,4059,3676,5629,---2,3,4,4,5,4,4,4,3,4,5,2,5,5,3,4,2,2,
4064,5505,7619,1764,2406,289,6125,1966,2481,7378,4758,1176,282,2427,6140,314,478,7999,---4,2,5,2,3,3,4,4,4,4,4,3,5,3,4,2,2,5,
1984,2529,8739,4804,6917,5158,4040,6986,2318,7259,659,5811,2806,2180,3578,3775,7036,8639,---2,4,4,5,3,2,3,4,5,5,3,5,5,3,2,5,3,3,
4164,3525,2513,2568,3882,9995,3896,3023,9585,2482,1971,1844,7925,5719,2968,5156,2525,3327,---4,5,3,4,5,4,3,5,2,4,5,5,5,3,4,2,3,3,
3904,4801,8610,2851,4068,8967,1800,2154,3083,7212,2861,1325,7349,182,5306,6075,3997,5790,---2,2,5,5,4,2,4,5,5,4,4,5,4,4,2,4,5,2,
6978,6211,3242,75,9196,2914,8782,7791,3224,6997,6134,4345,3512,857,2906,7418,5406,6613,---4,3,2,2,4,5,5,4,2,4,2,5,5,3,2,2,2,5,
6849,9506,9891,1703,1704,5097,7306,1451,8684,6705,839,8567,9015,888,7225,9563,3068,5726,---4,4,5,3,2,2,4,3,3,5,2,5,3,4,3,2,4,5,
8384,8896,2723,1381,4844,7883,3148,525,6958,8783,1075,2649,1208,313,507,317,4446,837,---2,3,5,2,2,5,5,5,4,4,5,5,5,3,5,3,3,2,
4452,6758,9489,5865,6346,9742,7407,2321,7258,6389,5302,2494,2936,5176,6586,3994,4318,7189,---3,3,4,5,5,2,2,3,5,4,5,2,3,2,3,2,4,3,
3520,1665,3530,2373,9830,8806,7213,4142,3028,3776,5970,4275,8436,512,4537,474,2940,3002,---2,4,2,3,5,2,2,5,4,4,4,4,5,2,5,4,4,4,
6369,962,3875,4747,6475,8394,8951,8430,6909,3818,8244,7221,9878,3959,7162,1151,2493,4799,---2,5,4,2,4,2,5,3,2,5,5,4,2,3,5,2,2,5,
2692,1837,2310,9544,8713,9132,1773,7054,9423,2864,5297,1554,1331,4761,7247,8380,4158,5727,---5,5,5,5,2,4,4,4,2,4,2,5,5,2,4,3,5,3,
6688,673,1043,923,2276,5093,2969,3912,7667,6576,8115,3413,9721,8153,5498,5019,9467,1011,---4,2,2,4,5,5,5,2,3,5,5,5,2,3,2,4,4,5,
9376,7553,1571,2052,3686,551,4297,363,652,781,4206,3951,9421,3308,5271,4282,7319,893,---3,5,5,4,5,4,2,4,2,3,5,3,5,2,3,2,2,3,
4128,9667,7684,1463,9704,3275,7724,8235,5768,1394,8788,7669,5753,724,3930,7131,7134,8837,---5,4,3,5,2,2,3,5,5,4,3,5,2,3,3,2,5,3,
3463,3724,8334,4367,5651,5653,5659,6436,3749,2214,8506,9403,4285,5965,6869,6617,5723,7645,5947,8937,5355,2684,---3,2,5,3,4,5,3,5,2,4,3,3,2,2,3,4,4,3,4,2,3,2,
2976,5090,899,4298,4203,2124,8365,7342,3101,9522,4611,8245,5323,3704,2813,2878,1535,---5,4,4,4,3,4,4,4,3,3,5,2,4,3,4,3,5,
6629,6897,7401,3431,4300,8749,5197,6801,2738,4596,6933,6710,7480,8761,9937,2316,8830,---3,3,3,3,3,3,4,2,3,4,4,2,5,4,3,2,3,
3106,9475,9167,1361,2056,1575,1802,6923,6607,849,4087,1046,6263,4331,9241,9449,4447,---5,5,5,5,2,2,5,5,5,2,5,2,3,5,5,2,2,
6785,963,2948,4022,9134,3347,80,2669,9326,7215,4595,1746,1747,9653,2358,5180,9182,---2,2,3,2,2,3,4,2,4,3,2,2,2,3,3,2,3,
2048,7777,630,6631,2030,7660,9709,7726,785,7476,8949,8086,663,3608,9053,126,2325,---2,4,3,2,3,4,4,5,3,5,4,5,4,5,3,4,3,
7321,4886,9671,5897,266,3335,6382,2001,9586,2323,6230,1335,7704,8441,9819,9436,7455,---2,2,3,5,4,3,3,2,3,5,4,2,5,5,4,2,2,
3873,2619,4294,873,5802,1783,2284,6531,5522,5507,4116,5975,1524,4090,26,1882,926,---4,5,4,3,2,5,3,2,4,2,5,2,2,5,5,3,3,
2726,1425,1896,4969,5229,3022,2029,8841,2483,6676,6622,4151,7928,721,4125,3006,6015,---3,2,2,3,5,5,4,5,2,4,4,4,4,3,4,3,5,
1057,5922,2691,517,5863,6056,9387,1085,9166,7421,8881,1778,2740,1341,1498,445,1598,---2,5,5,3,5,4,5,3,4,3,5,4,3,4,5,5,4,
5866,8866,9507,4678,7400,4841,2122,9565,7312,8083,8181,600,7706,3035,189,8158,1471,---3,3,5,2,3,3,2,4,5,2,5,4,3,3,4,4,4,
1365,6241,6947,2182,6022,4321,1992,2218,9518,4752,5105,4782,7351,4753,3760,6302,8927,---3,3,5,5,4,5,2,4,4,4,5,2,2,4,2,3,5,
5632,3041,7939,37,7059,3457,4329,7523,467,6543,4529,6931,9972,1880,7983,3804,6567,---3,4,2,2,2,4,3,2,4,5,3,2,4,5,5,5,3,
7936,8705,6883,4421,7655,490,4928,1071,4720,1745,402,1878,9752,5850,5339,762,8414,---3,4,5,2,5,3,3,5,2,2,3,3,4,3,3,4,3,
6464,3136,4323,9607,9215,8491,6220,8589,8269,3377,9266,6419,6136,1851,2140,8370,5439,---2,3,4,4,5,3,4,5,3,2,4,4,4,3,4,4,2,
1953,2626,869,7560,4651,4076,9645,7758,6640,1137,1298,7411,696,6042,8540,2685,350,---5,5,4,2,4,3,5,2,3,5,2,5,3,5,2,5,5,
4812,8263,3368,2313,6666,5195,5196,3247,8184,8575,6964,2104,8980,2714,1051,5182,2271,---3,2,3,5,2,4,3,5,3,3,3,4,5,5,3,2,3,
7394,4099,6372,9350,8426,7703,6563,4558,9647,4624,3987,4308,1653,5303,4426,765,8703,---5,4,5,3,5,3,3,2,4,2,4,2,5,3,5,2,3,
288,4802,7029,105,5483,3324,9391,9681,5620,3221,6070,885,916,1754,2075,508,9461,---4,3,4,2,2,2,4,5,3,2,2,5,4,4,3,4,4,
4448,6177,2219,2020,1285,1219,5867,9736,8329,2347,3053,1007,8402,9139,2852,9885,---3,3,2,3,5,5,2,3,3,2,3,2,2,5,4,3,
4640,9986,7555,1158,9193,2509,5966,2221,5456,7538,6691,269,6421,4824,5460,9583,---4,5,2,2,2,2,5,5,5,5,2,2,2,5,2,4,
9600,7937,5603,6128,4647,1673,3017,6892,6574,3632,8531,6169,9993,9720,7385,3973,---4,5,4,3,5,4,5,5,5,2,3,5,2,2,3,5,
7873,8290,1445,7561,2314,6658,9602,6771,4117,3094,2551,9016,5787,7388,702,1695,---4,3,5,4,5,5,2,2,2,2,2,2,4,2,5,2,
5440,674,1092,2501,4904,7337,9719,7993,4143,9192,1717,8599,9336,569,9375,7391,---5,4,3,5,5,4,3,3,3,5,3,5,2,5,4,4,
4610,4644,454,9382,6306,6024,8482,2733,2094,4072,7124,3894,2905,966,1128,7007,---4,4,4,3,5,3,3,2,2,4,2,3,4,2,5,4,
4289,1634,1444,7151,360,8137,8492,5646,7439,1170,5300,6542,1814,6575,6846,2655,---4,2,5,4,2,2,5,5,3,4,5,5,5,4,4,4,
6148,6006,9297,3505,9161,5419,2924,92,5425,8966,53,950,6362,412,5918,2229,---2,4,5,5,4,5,5,2,5,3,5,3,5,3,3,2,
7680,3024,2016,198,5953,6284,6890,7632,5389,4302,9808,1076,6839,4057,2172,3358,---4,2,3,2,4,5,4,3,4,3,2,3,2,4,3,2,
4224,267,6486,4662,7594,9335,6779,2354,4931,406,8023,5988,1082,539,3965,4479,---3,3,4,5,3,3,2,5,4,4,2,5,3,5,3,4,
9889,8386,5252,1761,4748,8097,9614,2322,2291,2356,5141,4887,5754,6875,8154,8670,---2,2,5,2,4,2,4,3,3,2,4,5,2,4,2,5,
3905,5008,9339,5157,3143,8200,3049,1767,4144,2225,2431,6773,5336,3738,3803,5919,---3,4,2,3,5,2,3,2,3,5,5,2,4,5,3,2,
6210,9059,6276,1991,6413,2564,8591,1968,6353,6275,8660,6133,7971,7055,7133,6815,---5,5,4,3,5,4,5,2,5,4,3,5,5,4,5,5,
5921,7266,6694,2855,4009,1386,1292,9634,5551,9907,7444,7541,5561,7773,798,2941,---4,5,2,4,4,3,3,4,2,4,2,3,3,4,3,4,
7942,3346,7435,9388,1421,8526,5007,2994,5491,6581,9334,5463,1439,7069,5246,1311,---5,2,2,3,4,3,3,3,3,4,5,5,3,4,5,2,
9217,4,9865,3467,5004,4110,3555,1296,6929,7331,8998,1581,7089,5557,3254,6467,1862,5960,4042,2259,9685,7897,3674,8032,9851,8945,5883,1916,---4,5,5,4,2,2,2,2,2,3,3,5,4,5,4,4,4,4,3,5,3,3,3,3,3,3,4,4,
160,4674,7461,2822,6920,522,471,173,418,8880,9576,1949,1972,5397,7991,3066,8793,2426,2490,5205,---3,2,3,4,4,5,2,5,3,3,4,2,5,2,2,5,4,5,3,3,
2368,4837,2086,6961,969,9930,5067,9455,433,4023,8407,2904,2299,764,1661,6718,---4,5,4,2,3,3,5,2,4,2,4,3,5,3,5,5,
3231,2178,3523,389,3974,4010,299,6252,874,1647,5200,7546,5211,5178,2239,---5,4,3,3,5,4,2,4,5,4,4,5,2,3,5,
704,5280,6308,2886,6182,6055,4333,6254,1391,8432,6034,4238,8676,9531,9630,---3,4,3,4,4,3,5,2,4,2,5,3,5,2,5,
4482,8132,7621,1254,7880,1663,1514,6530,7586,7598,9298,3284,7668,2335,159,---5,5,5,4,4,4,2,4,2,5,2,2,4,5,2,
4418,3427,3046,6129,1352,3047,7362,7534,1520,817,9362,1461,4406,2802,5084,---5,3,4,5,4,3,3,3,2,2,5,2,5,2,4,
2690,5347,9316,4964,6796,1133,2062,5519,112,4849,4883,376,3705,285,3774,---5,4,3,5,5,4,4,4,5,3,5,3,5,3,5,
6625,8075,7268,8587,7150,6511,9712,2515,5108,1016,3892,3258,1711,1786,2302,---2,5,2,2,2,5,2,4,3,5,4,3,5,3,4,
3008,9828,2725,2118,5287,7049,4972,3150,399,1041,4533,5816,3450,5190,5373,---5,3,3,2,3,2,4,2,2,4,3,4,2,5,5,
8673,515,5253,2721,712,9353,5053,6856,5251,9908,5096,7209,2553,2428,7901,---4,5,2,4,4,2,4,5,3,2,4,5,2,5,2,
7233,4811,7430,6887,7528,6337,1227,4140,163,3636,213,2872,1857,8381,6526,---3,5,4,4,2,5,5,3,3,2,2,2,4,3,4,
3620,6854,9606,9288,169,3660,1320,6579,7849,6966,4489,5466,6267,1052,3642,---5,3,3,2,2,2,3,4,5,5,3,4,5,3,2,
5761,229,7334,71,8077,5313,7229,782,9231,496,4398,3830,1487,2236,2973,---4,3,2,3,2,2,3,3,5,3,4,3,5,2,2,
1028,2102,9766,232,4619,5766,2000,7800,5234,6046,4278,5112,8313,5085,7390,---4,4,5,4,4,3,2,2,4,2,5,4,3,2,3,
5593,1226,5943,9538,5997,8013,1616,5201,6802,6772,2197,4727,9624,8665,4891,---4,3,5,2,4,5,5,2,4,5,5,4,4,3,3,
6112,172,1056,7112,9257,5482,2380,7565,7280,8274,1555,4085,8489,9792,633,---2,2,5,2,2,2,4,3,3,5,3,3,2,4,3,
6081,8100,1288,5481,7466,909,2894,5295,2312,557,2675,1620,6266,8858,1406,---3,4,4,5,2,2,4,3,3,4,5,2,2,3,3,
4417,9868,1541,5585,4328,8969,6763,5932,5553,4818,5652,4694,1175,1964,8297,---2,3,4,3,3,4,2,5,2,3,2,3,4,2,2,
5281,5414,4225,6216,3401,6044,6891,4492,334,4563,7573,3673,6585,3612,9791,---3,2,3,3,4,2,4,5,5,3,5,4,5,3,5,
4992,1793,8193,5384,2441,2451,281,6810,4764,291,804,553,3121,690,3765,3127,7489,6858,8140,6736,6739,3670,9047,5724,890,464,6499,5990,8934,2290,2938,---5,4,4,3,5,4,4,3,4,4,4,2,2,4,5,4,5,4,3,5,5,3,3,3,2,3,4,5,5,2,5,
2145,5893,5574,9255,4488,7241,8044,813,142,3181,8560,6865,5010,4942,4793,6638,4175,---2,3,3,3,3,3,4,2,2,2,4,3,2,2,4,3,3,
2496,5987,3268,2824,8255,3215,7344,2227,3416,4324,1978,2811,9853,5247,---5,5,5,4,3,2,3,2,2,2,3,2,3,3,
6432,161,3461,3239,6874,9066,78,593,2006,7833,2746,6913,6826,6239,---3,2,5,3,3,4,4,2,4,4,2,3,4,2,
9088,528,7811,6693,9190,584,1481,2544,1811,2453,1174,2647,5594,9884,---4,5,5,5,3,3,5,2,4,5,3,3,4,2,
320,1009,6085,199,7144,5706,6161,9226,9267,2484,7066,1083,1469,9733,---4,4,4,5,2,2,5,2,5,3,5,3,5,4,
5408,9979,1798,8391,2508,9710,5619,3025,2195,2679,6968,8697,2874,4731,---2,2,4,3,2,3,2,4,5,3,5,2,2,5,
2625,9476,2024,6256,204,5938,8464,1453,784,9810,2516,2857,1115,383,---5,2,4,5,3,4,4,4,4,5,2,2,5,3,
2720,7681,802,8099,1297,9289,5738,9751,9869,8401,373,2742,3895,6783,---2,4,4,3,2,3,5,5,5,2,5,3,4,3,
1920,8552,6438,7656,8009,4460,6765,8585,4525,8328,1472,7381,4953,2809,---5,4,2,3,2,4,2,2,5,5,4,3,5,2,
931,3396,9893,9094,8007,4105,2794,4363,8839,5102,211,903,485,8287,---2,2,4,2,4,5,2,2,2,3,2,2,3,3,
5856,9825,5154,5571,101,2439,488,9769,4706,4077,6928,303,1660,4381,---5,2,5,5,2,2,2,2,2,2,4,4,3,3,
3842,5476,1511,6183,9550,2599,2222,81,9042,6036,4174,3287,6553,3099,---5,3,5,5,3,4,2,5,3,2,3,4,2,3,
448,7715,4230,7948,7340,589,7058,6837,4118,2007,1563,2188,2238,9269,---5,3,5,2,3,4,5,4,5,3,4,3,4,3,
4096,8422,3812,1957,8262,4680,6414,2703,9936,5361,5939,5076,5172,7453,---4,2,5,2,4,2,3,2,2,2,5,2,5,3,
8736,9026,6715,9669,8294,72,1579,8108,4814,2557,4401,18,8341,3957,441,7611,8252,1061,991,---5,4,4,4,5,2,2,3,2,5,4,5,4,2,3,2,3,4,5,
5345,9378,8197,39,6408,2699,9004,3085,2927,7183,6868,3477,1049,5304,8148,511,1983,1727,---3,5,2,5,3,5,4,3,2,3,3,3,5,5,2,3,5,5,
4579,1094,6485,2663,8424,7166,7431,9580,4999,9903,7984,4244,1845,6872,7132,5310,8565,---5,5,4,2,2,5,5,2,5,3,4,5,2,2,2,5,5,
0,5153,834,3747,7445,451,8618,8974,9114,2883,3662,9945,7769,981,4987,5117,9599,---5,4,4,3,3,3,3,2,2,3,2,2,3,2,5,5,4,
8715,8805,9128,8554,1355,876,3725,3824,9013,2682,6634,8990,1503,---5,3,5,3,3,3,5,5,3,4,4,5,4,
9856,1509,9318,7433,5066,8907,1294,8913,7511,6489,7708,125,2623,---4,3,5,5,4,2,4,2,3,5,3,4,4,
2307,9380,3656,1322,1935,5265,8946,7299,3316,4311,6340,2378,349,---4,3,5,2,4,2,2,2,4,3,2,2,5,
6627,4598,6374,5031,6952,7116,8431,7016,276,6037,5590,6527,3039,---3,3,2,2,3,5,4,3,3,3,5,4,3,
2560,2019,2789,5382,1224,3178,8363,4332,2126,7440,2676,2071,601,---3,5,4,5,2,4,3,2,2,5,2,2,2,
9187,8900,3685,9578,8076,5423,4496,3446,6420,54,2287,4637,1093,---5,3,4,4,5,5,5,4,3,3,3,4,4,
6690,1187,8453,5928,6537,3050,5826,3919,4741,1369,8735,9258,9829,---4,3,2,3,3,2,5,2,3,2,4,4,2,
8448,8289,1795,8964,3734,8746,2827,6478,437,5558,4823,2552,5435,---5,3,2,3,4,4,2,2,4,4,3,4,4,
4001,8067,3399,8139,333,7470,5746,4276,982,9018,1211,4284,4383,---5,5,3,2,5,5,5,2,5,2,3,3,4,
9089,1772,449,8808,7628,5164,6606,7153,7954,2486,9079,6299,4093,---2,4,4,3,4,4,3,2,5,4,5,3,3,
9313,8994,5731,5380,5510,1606,8107,7607,9208,7289,154,6427,8412,---2,5,4,3,5,3,3,2,2,5,3,3,5,
544,1825,795,7633,6224,1513,9755,3312,5608,2258,6003,6395,3370,---5,2,5,4,4,3,2,3,3,5,5,5,2,
1856,3013,9126,7590,7051,7503,3376,3698,8435,1401,5055,8261,2463,---2,3,2,3,2,3,2,3,5,3,5,2,5,
129,7588,5910,5798,8001,4457,4789,726,2039,201,7803,6332,3125,---2,3,5,5,2,3,5,5,2,3,3,5,5,
6336,1763,5444,7110,9137,653,5518,8707,8657,6547,2231,5595,1692,---2,4,2,4,4,4,5,5,3,5,4,5,2,
9923,9988,2134,5639,7487,4121,821,4502,215,1593,2939,1244,7285,---4,3,5,3,5,5,2,2,3,5,3,2,2,
4996,6278,3722,1259,4270,1424,5720,1491,2072,3492,5499,4861,382,---5,5,5,4,4,2,2,3,2,3,4,5,5,
7584,257,6756,758,5830,714,7373,4429,2202,3447,9625,4794,509,---5,5,3,4,2,3,4,5,5,4,4,4,5,
9281,9771,9990,8777,7115,2157,2159,6225,3730,7733,3033,4412,6333,---5,5,5,5,4,2,2,2,4,3,4,4,3,
7252,116,2530,4108,4973,8781,4272,9105,2132,1785,248,1652,9951,---3,3,3,3,3,5,4,5,3,5,5,2,4,
8675,598,307,9750,6539,8716,685,4338,3731,7979,4566,9975,8620,---3,2,5,4,4,3,5,5,5,2,5,3,4,
9537,7330,2942,3782,1001,9322,2028,6158,2642,3637,6455,9660,9598,---5,2,4,3,3,4,2,3,4,2,4,2,3,
274,5392,5474,7236,8902,8774,7304,6748,8546,8706,4047,5712,1202,7108,5272,4313,3759,7612,9021,7294,---4,5,3,5,4,4,2,4,3,2,3,3,5,3,4,2,5,4,2,4,
4907,3236,3382,5607,6664,5065,1482,4263,4396,8367,9655,2641,1141,9590,5612,5471,7164,5533,3263,---3,2,5,2,5,4,5,3,2,3,5,2,3,2,5,3,5,5,5,
2464,4737,6660,8192,3592,8695,3069,4560,8989,2579,1942,9847,3992,3119,2300,3133,2558,9759,---5,3,3,4,4,3,4,2,3,4,4,4,4,2,3,5,2,2,
9761,5851,6725,1300,9803,5292,7570,9620,6709,5686,3864,5849,5274,8223,5660,6079,---4,2,4,4,4,5,5,3,2,5,5,5,3,2,5,3,
8680,4402,1805,5968,178,5908,1557,4279,3161,8826,8635,7196,---3,4,3,4,2,5,2,4,4,3,3,4,
9762,1156,5495,2990,2512,881,8307,2862,6103,2040,2148,2588,---5,3,3,3,3,2,4,5,3,2,5,4,
5411,8549,1289,6315,1679,4945,3891,9780,4757,60,2877,2398,---5,3,3,2,5,5,5,4,3,5,3,2,
610,516,6426,6698,9117,3379,6932,5786,3484,1277,8094,863,---4,2,4,3,5,3,3,3,5,5,3,5,
1952,8163,9962,5901,8765,1585,246,343,5050,3291,9994,7037,---5,4,3,2,4,5,2,2,4,5,5,2,
6944,2945,1636,1286,175,8593,6741,6614,1592,8281,4926,2581,---5,3,5,2,4,3,3,3,3,3,4,5,
736,1025,2821,5064,4845,8336,168,7730,9109,4410,8860,6111,---4,4,4,2,4,4,5,2,5,5,5,2,
1830,2472,5421,9741,1326,4109,3838,311,47,3837,3326,8863,---2,4,2,4,3,5,3,4,4,2,4,5,
2147,5316,2471,8135,2187,8717,49,4822,5547,4255,6781,4223,---3,5,4,4,2,4,5,2,3,4,4,5,
2176,3172,4071,3369,3627,4974,3503,1713,1269,55,3130,6109,---4,2,3,5,2,5,4,2,4,4,5,2,
9569,1250,676,4261,7559,4425,7576,3093,5559,6104,5789,7934,---3,3,5,5,3,5,3,2,5,3,4,2,
9664,2608,1954,1635,1675,2764,7741,3920,3090,9107,2008,4765,---2,2,3,2,4,3,5,4,3,5,5,4,
737,5794,5413,7403,6829,6926,5489,4820,1237,7639,6587,9564,---4,4,4,4,2,2,4,4,2,5,2,2,
7844,4807,4552,3751,3474,2419,1236,7574,8663,9220,6551,1183,---3,3,5,4,3,5,4,3,3,2,4,2,
9366,8456,9513,1199,5486,2045,9844,7958,7375,4604,7165,8190,---2,3,5,3,4,3,5,2,5,5,5,3,
838,5448,7881,7637,1420,6605,7443,1364,1909,9370,4927,9823,---3,3,4,4,5,5,5,3,5,2,5,2,
450,3387,1926,5293,8207,5808,1359,7286,8475,9145,2587,29,---5,3,2,3,2,2,4,3,4,3,2,5,
3911,5576,5194,7665,4082,7861,4536,1625,2970,3163,3740,3669,---2,5,2,3,3,4,5,4,5,2,3,2,
2352,66,9195,6731,7965,9904,5273,505,5436,8413,286,5375,---3,2,5,4,5,3,3,3,5,2,2,3,
2724,3015,2570,3596,4528,5873,309,9879,4728,3034,8060,949,---4,3,2,2,4,5,4,3,3,5,3,3,
5540,1577,778,7852,8718,1650,691,4692,8725,9943,9850,586,---4,2,2,4,2,3,3,5,3,2,2,4,
3,296,521,2423,8557,5042,4532,9718,7753,4024,4948,3418,---3,4,4,2,4,4,4,5,4,2,2,4,
1762,3626,4684,5357,462,6509,4787,596,9044,3162,7835,9546,---4,2,5,2,3,2,4,4,4,3,5,4,
7458,3813,3721,4301,3854,2673,3826,5494,7674,3386,5149,2783,---3,3,2,4,3,3,5,4,4,5,2,2,
5025,1730,4790,3975,4738,2734,3151,565,5238,1055,9084,8597,---2,5,4,2,2,5,3,5,3,4,4,2,
6594,7427,4132,5961,5130,1260,4146,5490,6142,730,4666,8254,---4,2,5,2,3,3,5,3,3,4,3,3,
3174,6918,3825,3493,7631,6584,3990,6744,794,6460,7550,6399,---5,5,4,2,5,3,2,3,2,2,4,5,
6091,3301,9201,3944,2409,1994,1099,2136,8118,6360,3644,9022,---3,2,5,5,2,4,4,3,4,5,3,2,
5539,8389,2348,875,4236,6767,7920,8466,6099,4983,9496,3003,---4,3,4,2,5,5,5,2,2,5,2,3,
5602,5412,2790,8876,4914,717,8017,9490,697,8057,1305,9122,---2,3,3,5,4,5,4,4,2,3,2,5,
1248,9057,2,9964,2948,997,7686,8652,9068,2669,5262,7215,4593,1746,3347,2358,8667,---3,5,5,5,3,4,3,2,5,2,3,3,3,2,3,3,5,
192,7841,2376,3112,7243,2991,2256,945,7314,1107,1108,9399,3252,4123,9374,9471,---5,4,5,2,5,2,3,3,5,3,4,5,5,3,4,2,
324,1380,1484,4626,1198,4740,84,5145,1722,9435,572,2237,2046,4351,---5,5,2,5,3,3,4,5,3,5,5,2,3,4,
2018,6371,8228,4710,1638,2824,7949,4498,9043,7284,9636,411,2227,---4,5,2,4,5,4,2,4,5,5,2,2,2,
2912,6401,6181,8168,842,9643,8631,7609,4602,3741,990,---4,4,2,3,3,2,4,4,4,4,4,
3616,3494,1997,2414,6031,7600,5203,7316,7223,244,9214,---5,4,5,3,5,4,3,2,3,4,2,
9536,3361,8977,2826,167,2636,9102,9521,2609,7065,8156,---4,3,3,5,5,3,3,2,4,4,2,
2408,8674,2405,8264,1707,4677,4424,4697,9177,9597,7423,---5,4,4,2,3,2,3,4,3,4,2,
5024,8171,2308,8433,8580,2987,8847,5048,7288,3097,3567,---2,4,5,3,2,3,5,3,2,2,4,
5120,2338,9221,743,7117,9419,5325,4623,3605,7482,8251,---5,3,4,3,3,4,4,5,3,2,4,
9280,2146,6147,6806,5641,1996,400,5875,5366,599,9957,---3,2,2,3,3,3,2,5,5,3,3,
8960,5344,4258,5800,5774,5940,8270,3606,4404,4188,6175,---3,2,4,2,3,3,2,2,2,3,4,
3808,5600,194,932,5372,6670,9775,6168,8516,8028,8861,---5,3,4,3,3,5,5,3,5,3,2,
5512,555,2702,1905,818,622,5879,2169,9051,8700,829,---2,4,2,2,2,4,2,3,2,2,3,
7239,8008,7274,8523,4531,8277,4458,2295,3355,1820,3434,---3,5,5,3,3,2,5,4,2,4,4,
641,7395,5681,2220,7729,146,3779,469,9974,4281,3166,---3,5,3,2,4,2,4,2,4,3,2,
3939,4676,9800,6863,2707,2708,9237,5974,4185,5626,8373,---2,5,3,5,4,2,4,5,2,4,4,
7361,131,3397,4519,4581,3757,2546,2866,4565,3767,2047,---4,3,3,4,2,5,3,2,4,5,4,
738,9030,3016,4233,4586,975,7794,7893,8186,4234,670,---5,3,3,3,3,3,3,4,4,2,3,
4260,4391,1131,2447,1681,915,3156,8502,3103,7516,9887,---3,2,2,2,3,2,3,2,3,3,4,
1275,7269,9063,6379,8460,8943,6655,953,8410,1887,6623,---3,2,5,2,2,4,5,3,4,3,5,
832,3683,261,8362,6095,5360,2033,403,2935,9017,7357,---2,5,3,5,5,2,4,4,2,5,4,
128,642,8517,1287,10,8469,2392,858,8220,6877,8638,---3,3,3,5,5,4,5,2,2,2,2,
425,2476,1457,1522,9430,6199,2744,3647,4347,9149,2751,---3,5,2,5,5,3,2,3,5,2,4,
7745,8643,3334,588,3470,5616,5458,7605,3510,825,7989,---3,5,2,3,3,4,2,2,3,4,2,
2168,6405,5991,7768,9707,621,7761,3539,312,6809,2611,---3,4,4,3,4,2,5,4,3,3,3,
6016,5089,1672,5836,5677,9327,1168,2068,3798,1274,8125,---5,5,3,4,5,3,4,2,4,5,4,
7329,4130,3205,4199,1870,7377,4181,2678,3546,8315,2621,---3,3,2,4,5,2,5,4,2,2,3,
6945,3462,8870,7878,4872,748,4975,145,2330,8191,9279,---4,5,3,3,3,4,2,3,3,5,3,
8256,4993,2306,5124,5317,7850,2571,9870,6992,1368,1116,---3,3,3,4,4,5,2,4,3,4,4,
3233,7499,9420,3726,5359,9843,3509,790,727,9211,3999,---3,3,3,4,4,4,4,5,4,3,3,
5892,3468,5135,1173,534,3096,4571,1316,9927,4652,9776,3633,4147,6198,8887,9152,1859,455,9673,7626,9635,9304,1755,3810,2407,636,---4,3,5,3,5,5,5,5,3,4,4,5,5,4,3,4,5,3,3,3,2,3,4,5,2,3,
4358,5896,5645,3086,4378,8815,1566,5535,4273,808,3241,4014,7601,9631,1597,5311,6979,8161,3410,4705,1512,8530,8303,9083,5759,---5,2,4,2,2,4,2,3,2,2,4,3,2,2,3,5,2,3,3,4,3,5,4,5,5,
5698,9379,1861,3622,5416,9065,4106,5995,9222,1230,5584,2344,7156,8078,4664,3092,3322,2779,9611,459,5119,---3,3,5,2,4,5,3,2,3,2,2,4,3,4,3,4,5,3,4,5,3,
34,6532,645,2119,5834,5596,6570,843,2253,4049,2003,7412,2073,4182,4695,3897,3802,6300,9757,8485,---3,5,5,4,2,2,5,5,3,2,5,5,3,3,3,5,3,2,5,3,
1057,6338,470,1273,9355,9166,1341,8881,5459,8820,8726,375,9881,1498,2203,2012,5946,6559,---2,3,4,3,2,4,4,5,4,4,3,5,4,5,4,5,3,4,
8576,1569,9218,1732,2438,902,4743,3304,1932,7725,590,3857,7091,1973,5858,602,2842,---4,3,2,5,4,2,5,4,3,2,3,5,4,5,2,4,3,
3488,1505,2186,1100,8724,7326,342,2391,5211,3548,6558,---4,3,4,3,4,5,2,4,2,5,2,
2432,6498,2983,2602,2287,5683,2098,3251,2421,6488,4149,---5,2,2,3,3,3,3,2,5,4,2,
1126,838,5555,6283,8364,6349,1038,2712,9523,4888,8159,---2,3,2,3,5,4,2,3,3,5,3,
9859,4198,6982,4327,3629,5807,8337,7315,5958,5818,---2,2,2,4,4,3,2,4,5,5,
5569,1123,6149,5451,2319,6196,8662,6519,1276,6847,---3,5,2,4,3,4,3,3,2,5,
3076,4681,3021,7502,143,2190,3255,6139,4349,3582,---2,2,4,2,4,5,3,5,4,3,
3844,3495,6186,9547,5648,7352,2803,150,4663,8152,---4,4,2,3,3,3,4,4,2,5,
7488,1701,6823,424,1771,3981,4462,2926,5820,4606,---2,5,3,3,3,5,2,5,5,4,
4709,2440,2410,6253,6704,1553,8850,5913,8025,1246,---2,2,2,4,2,3,5,5,5,5,
2305,8646,7240,845,13,408,1143,7192,2586,8604,---3,3,4,4,5,4,4,3,5,5,
1313,7938,615,5673,906,1680,2739,8534,4312,442,---3,5,2,4,5,3,5,3,2,2,
1376,2881,8712,6092,1998,2063,9008,1777,8919,1438,---5,2,2,3,5,2,2,5,2,5,
5755,998,4361,6090,1245,9173,5530,4605,138,2399,---5,4,3,4,2,5,4,4,4,5,
6595,6700,850,8814,141,1362,8451,1080,4003,1214,---2,3,4,2,2,3,2,4,4,2,
7744,2498,8677,316,8590,4253,6812,4115,1532,4925,---3,3,4,3,3,5,3,4,2,5,
3809,7141,582,9352,9788,7756,4592,6039,6490,7900,---3,4,5,4,2,5,2,4,5,5,
1760,2433,9605,3398,8993,7629,7953,6072,2328,3550,---2,4,2,5,4,5,3,5,5,2,
4736,2950,330,4299,3409,4723,2901,2294,2520,605,---2,5,5,2,2,3,5,5,3,4,
9153,8514,2979,4420,1893,9095,7018,3394,1947,8005,---4,2,4,2,5,4,2,2,2,2,
1312,8771,8325,7494,3753,395,7635,1749,2108,8101,---2,3,2,3,5,5,4,2,2,5,
4195,7749,7816,9002,5454,8658,1363,1396,6190,3423,---5,5,3,4,4,5,4,3,2,5,
5760,3586,6504,8905,811,8754,562,21,7705,5756,---2,5,5,2,5,3,5,2,5,4,
8352,8708,6695,1640,235,6416,612,374,5305,9950,---2,2,5,5,4,3,5,4,2,4,
3940,4041,8461,9967,7826,7990,1881,9924,2555,4252,---2,5,4,5,4,5,3,3,2,5,
4515,7493,9418,4364,2093,1714,4947,4601,186,2044,---3,5,3,5,4,5,5,3,3,4,
3684,5925,6599,9512,8682,1423,8616,8178,8056,4826,---3,2,3,4,5,4,2,5,2,3,
2487,9670,7050,4459,1580,1902,7664,8275,8311,8253,---5,2,3,4,5,5,2,4,5,3,
3234,772,357,934,4617,8683,9836,1357,2393,6364,---2,3,3,4,4,5,2,3,3,4,
9411,7384,1428,1552,3249,8180,6166,4280,7188,2780,---4,2,3,3,4,4,4,2,4,5,
1504,1030,3302,6025,3501,5709,6450,2697,9019,9085,---5,5,2,4,5,2,2,3,2,5,
4193,1539,6,6150,3435,972,2097,2867,7002,669,---4,4,5,2,3,4,4,4,4,2,
7298,9485,6545,2706,8213,9110,6469,6562,6565,809,2349,1501,5169,3256,3129,8128,7490,228,4169,1740,7374,340,1124,8411,8229,2853,7522,2916,5222,7014,6908,4971,7020,8942,3574,8570,7420,---4,5,2,2,4,2,3,5,4,3,4,2,5,3,5,5,4,3,3,2,3,5,2,2,4,3,4,5,2,2,4,2,3,4,2,4,2,
9729,4358,5645,4378,1566,9631,6821,9037,808,4014,9394,9402,5535,6979,1741,9422,6221,3410,4317,1118,3679,7658,8815,2297,6014,4095,---5,5,4,2,2,2,2,5,2,3,3,4,3,2,2,3,4,3,4,3,5,5,4,4,4,3,
4481,5410,355,2569,2661,2694,3689,872,6217,9610,4428,8110,5327,993,8785,2610,9347,5705,5144,1852,4189,---5,4,2,4,2,3,3,4,4,2,5,2,5,3,3,3,5,3,2,2,4,
3265,4642,4075,871,8559,9003,3947,3459,3277,5199,2928,3027,7459,1910,8089,3769,2650,7003,7836,8317,5054,---5,2,5,2,3,5,5,4,5,3,5,5,2,4,5,2,5,4,4,5,4,
2337,8738,8515,5028,3077,8906,4204,8655,1392,2595,4467,2773,3706,4156,4330,3486,9203,---2,3,2,4,5,3,3,3,2,5,5,3,5,5,2,2,4,
1344,1200,4834,4965,4584,4893,5776,8081,8690,121,4729,1626,5563,6941,3903,---3,4,3,2,2,5,2,2,5,4,2,3,2,4,5,
1185,8962,6219,4966,9254,3623,1483,5767,1070,1521,3572,9556,1435,6993,7231,---3,5,3,3,4,4,2,3,2,2,3,3,5,3,3,
9488,963,5180,6156,1389,9134,8205,944,4595,9300,6229,4022,7023,5852,---4,2,2,5,2,2,2,5,2,5,3,2,3,2,
322,4869,326,679,7335,9582,207,913,4466,5395,693,4183,9912,---5,5,5,3,4,5,3,2,4,4,5,2,3,
5376,5379,1700,1189,3754,3211,6444,4173,7634,7732,1750,6328,2554,---4,5,4,2,5,3,4,5,3,4,4,4,4,
9633,7811,964,6757,584,5033,3696,8840,9619,2647,922,1595,---5,5,5,3,3,3,5,2,2,3,4,3,
9925,1073,1898,4011,3389,6097,5330,788,9431,6900,733,4287,---2,4,2,3,5,2,3,2,2,2,4,3,
320,2786,9224,2556,1644,7506,1009,7442,9267,1301,8796,2174,---4,5,3,4,2,3,4,2,5,4,4,3,
9186,4483,892,8173,2158,8177,404,9588,9754,9692,4702,---5,5,4,3,3,5,2,3,4,4,5,
8547,7109,2087,4265,7371,9778,4439,7675,9694,4479,---2,2,2,5,3,2,4,4,2,4,
426,7563,5804,493,9779,6259,6743,2298,3230,---4,4,4,4,2,4,4,2,2,
5057,6818,650,9069,7031,6521,1914,3742,4319,---4,4,3,4,4,3,3,2,2,
6561,1544,8490,7980,7763,5882,9075,6270,2035,---2,5,2,4,5,2,2,4,4,
8339,134,8810,431,9363,5014,9528,7129,8957,---2,5,4,4,4,2,2,5,4,
4899,988,5068,4207,6227,5140,9081,5979,2364,---4,2,3,3,5,5,4,5,4,
4900,3144,6604,4247,8088,6778,8188,3485,7679,---3,2,3,2,5,4,2,3,3,
6564,3654,9958,1960,2763,9364,440,9308,8349,---2,5,4,5,2,2,3,3,2,
5217,9251,7819,1933,6030,1618,6292,1302,4031,---5,5,2,3,5,3,4,3,5,
2209,7970,2248,6697,3213,3763,2933,8822,7929,---4,2,3,5,4,3,5,2,4,
2562,7592,1225,258,9309,9076,7323,8829,1310,---4,3,3,4,5,5,3,2,3,
1654,1190,3943,9000,2381,752,7477,2870,8318,---5,2,4,3,2,5,3,4,3,
6727,3785,7405,3598,3160,8729,8922,8955,5562,---3,2,2,4,4,3,2,3,3,
2784,3139,9542,8198,7211,9170,7924,1919,6271,---5,4,4,2,2,4,4,5,5,
2080,4226,489,4759,1196,6351,1228,6422,5257,---3,2,3,3,5,4,2,3,4,
4033,9283,69,3105,6445,5487,6137,4986,6907,---4,3,3,4,4,3,5,2,3,
8070,4232,2637,8496,4243,3380,9976,5881,4923,---5,4,4,5,5,2,3,2,4,
32,2497,8420,7181,2542,8429,1235,6746,4414,---4,3,4,4,4,4,5,2,2,
2081,1979,8296,682,2446,4564,3573,315,2267,---4,2,3,2,5,5,3,3,2,
576,2401,8833,9259,8305,3955,4468,2838,3352,---3,2,2,3,2,2,3,2,2,
1985,4098,1315,3298,2095,9744,5398,9502,3007,---2,5,3,2,2,5,3,2,2,
5543,9815,6237,9520,2865,9746,5367,9784,3709,---5,4,3,5,2,2,5,5,3,
4035,7237,243,3273,9835,4493,3155,5013,347,---2,5,5,3,3,4,4,2,3,
9377,3170,7397,4614,2184,3791,3602,339,7770,---4,3,3,5,2,2,2,2,3,
5219,773,2759,2797,2963,3317,1944,7514,7452,---4,2,2,3,2,4,5,3,3,
1649,7279,7760,5393,8916,951,1656,8666,2495,---2,2,2,4,4,2,2,2,3,
8963,6921,7917,7702,4379,8092,6301,9121,5155,9392,5041,6073,8505,2246,4665,8920,9615,3932,8929,7143,1127,6893,2167,8314,---4,2,5,2,4,3,4,3,4,5,3,5,4,5,3,3,4,4,3,4,5,3,2,4,
3843,741,4518,423,2567,1884,3817,7855,2800,9905,6546,6260,3942,9897,5785,6202,123,4636,3070,---4,3,3,3,2,5,2,2,4,4,4,2,4,2,3,5,3,3,2,
3280,3853,8997,8041,5676,9805,3599,8080,657,3059,1492,4534,9623,2424,660,538,6203,3871,---5,5,5,2,3,3,2,2,2,5,3,2,3,2,3,3,3,5,
739,4405,6505,6412,8592,9809,1466,1684,2837,9974,631,3064,756,8730,8408,5181,5534,767,---3,2,3,2,4,3,3,4,4,4,4,2,5,3,4,5,5,5,
6816,5923,4516,1671,4808,1963,2351,2672,3313,2339,5081,2713,5914,4315,6359,9342,7807,---3,5,4,4,2,2,3,3,5,5,2,3,4,5,2,4,3,
5506,6789,5000,8425,4842,2453,9648,8360,7859,8821,1470,4730,3646,8797,8382,9717,---5,3,3,4,4,5,3,3,5,4,5,4,2,5,5,5,
8384,2723,1381,649,2506,7883,3341,6958,8783,9291,5299,8309,313,3832,2649,1630,---2,5,2,4,5,5,3,4,4,2,2,5,3,4,5,5,
5780,5793,8642,4161,9097,6162,3425,4784,2002,4980,9833,8985,570,9953,3100,---2,2,2,4,3,4,5,4,3,2,2,5,3,4,2,
9584,6659,2692,6341,9544,9132,2670,2863,2864,6580,4761,7641,6298,8380,5727,---4,5,5,3,5,4,2,4,4,3,2,2,4,3,3,
7650,3363,4936,5835,6318,1809,3147,8120,2839,4600,4089,5599,---3,4,5,2,2,5,3,4,2,4,5,2,
2659,3141,5926,3116,6738,3246,271,8624,7313,5426,2038,3677,---4,4,3,4,5,3,5,4,3,2,5,3,
7187,5216,9698,803,4964,9996,4849,4883,3700,6453,376,2079,---5,5,3,3,5,4,3,5,2,5,3,2,
3073,54,7079,8076,5839,4496,181,3446,6200,6235,4477,2142,---4,3,3,5,3,5,2,4,3,5,2,3,
1321,9642,1677,5649,3122,4179,2041,1371,5948,543,---5,4,3,4,4,4,5,2,2,5,
3595,8241,5170,2324,3285,2362,1980,671,---3,5,5,3,3,2,4,3,
8257,5670,5513,1517,1873,3320,8187,4445,---4,5,3,2,4,5,2,3,
7363,2084,8419,8073,4583,3758,8883,4767,---4,5,4,4,4,4,2,2,
4578,6343,3658,9579,1006,1010,9305,1567,---5,5,3,4,5,2,5,3,
1735,907,1485,7535,8378,9592,1050,666,---5,3,3,4,2,5,2,3,
5488,1346,5956,5992,8784,2577,7353,956,---3,5,4,4,2,2,2,5,
7464,5678,4751,3667,852,9337,859,9919,---3,2,5,2,2,5,3,4,
2466,4867,2660,268,2189,6000,1177,6269,---5,4,2,4,2,5,3,2,
8033,4546,1475,9921,5749,8598,6456,7839,---5,4,2,2,4,2,5,4,
579,6247,1737,9227,4526,7171,7796,6751,---3,4,4,2,3,4,2,4,
7622,3755,8588,8015,4399,3417,59,4892,---4,2,5,4,2,4,4,2,
8129,230,7339,8268,4016,5842,8956,7454,---5,4,4,5,4,5,2,5,
9700,4655,9268,5621,854,4889,5403,4991,---2,3,5,5,4,4,2,2,
912,6050,2059,9349,1415,2696,587,1708,749,4893,1200,4951,7508,3806,4342,2103,4088,4111,9276,9405,158,---4,2,4,4,2,4,4,2,4,5,4,2,5,5,5,5,3,5,3,2,5,
3265,4642,3459,388,1222,871,3913,7003,9003,236,8559,6962,7459,1910,89,3027,5199,5916,5054,---5,2,4,4,4,2,3,4,5,5,3,4,2,4,3,5,3,5,4,
272,2917,1959,938,5579,8242,7118,2383,9104,8786,5110,4639,9724,1821,5470,351,---5,4,5,3,4,2,5,5,3,3,5,5,3,3,5,4,
6178,4773,4648,332,9261,1388,6114,3310,8111,4913,1078,2953,8024,1497,4699,191,---5,3,5,4,3,3,2,4,2,2,2,3,2,3,4,4,
7904,5249,65,3080,2839,4909,9480,7922,8120,3188,1206,3575,3192,1809,6590,5599,---3,4,2,3,2,2,4,4,4,4,2,3,2,5,2,2,
3106,6923,1575,9475,9449,1802,107,5890,1361,6322,9683,7926,6263,3577,3805,4447,---5,5,2,5,2,5,4,3,5,2,5,4,3,2,3,2,
8480,8578,8676,3941,6254,8432,6034,2387,6965,9572,8699,7676,1629,254,5503,---2,5,5,4,2,2,5,5,4,5,5,3,2,3,2,
8100,6309,4934,7466,909,2894,2032,6706,7155,1620,6830,6266,6555,8858,---4,2,3,2,2,4,4,5,4,2,4,2,2,3,
4608,3490,8581,4360,7916,7447,684,1683,9716,6857,2456,1977,7193,3198,---2,3,3,4,3,4,3,3,5,2,5,2,5,3,
4092,633,5480,937,7565,5148,7280,1160,8338,6163,7479,7097,6684,---3,3,4,2,3,4,3,3,5,5,4,2,2,
4837,2086,4359,2090,2130,1262,9455,433,6674,718,6391,9930,6718,---5,4,4,2,3,3,2,4,3,4,2,3,5,
4609,8331,3620,9606,6854,1320,4489,6347,1136,6966,8443,7197,4030,---5,5,5,3,3,3,3,3,3,5,5,4,3,
2976,4611,1702,646,3976,4298,5323,2124,7697,7539,7093,5982,---5,5,5,5,5,4,4,4,3,3,2,4,
6088,9515,2444,8463,9009,8498,4054,6143,7101,9854,3199,---2,3,3,2,5,4,3,2,2,5,2,
1953,2626,6280,7369,1258,6827,6640,7478,7191,2043,2685,---5,5,5,3,2,2,3,5,3,4,5,
8066,2475,8549,4945,6315,9954,9112,5650,760,2877,8031,---3,5,3,5,2,5,3,2,3,3,3,
5633,7589,8614,7080,1833,3506,3292,1429,7450,6268,---3,5,3,5,4,3,3,2,3,4,
7330,7651,9320,9389,1808,2642,1205,1623,5532,---2,5,3,3,2,4,5,3,5,
4512,8544,1089,8873,9361,371,6652,---3,2,5,3,4,5,4,
1860,8874,6988,5848,196,6683,2365,---4,5,4,4,4,3,4,
9282,8772,5167,2804,2519,4724,9567,---4,2,4,4,2,4,5,
4192,939,5903,5884,1373,5854,255,---3,4,4,3,3,3,3,
3811,6502,680,8176,6231,3580,5278,---3,5,2,5,4,3,2,
1060,4777,9487,9909,6041,6620,766,---3,3,2,2,4,2,5,
2467,3270,6246,8909,7779,6458,9500,---5,5,4,3,5,4,5,
5319,2761,1390,6032,594,3062,9849,---3,5,2,5,3,3,4,
5536,6500,8232,9100,1069,2869,3773,---2,3,2,2,4,2,2,
1217,5827,4613,4239,3792,2105,9434,---3,3,3,4,4,5,3,
3331,8169,1008,851,6787,149,8553,---4,3,3,3,3,4,4,
5763,3365,6214,4139,4685,6798,7063,---4,2,2,3,5,3,4,
3169,7943,8938,6471,8445,7088,8234,---5,3,5,4,4,2,2,
2688,4386,8010,1774,180,6165,9688,---4,2,4,2,3,5,3,
672,7081,4879,1929,1144,7417,8239,---5,3,5,4,4,4,5,
8308,2961,7914,3822,7249,52,308,---5,4,3,2,2,3,2,
7552,8539,4392,8819,1594,127,5983,---3,2,4,2,4,5,3,
9764,5606,7693,2833,4981,4472,2879,---5,2,5,3,5,2,2,
7173,3177,46,2959,3029,4726,9981,---4,4,5,4,3,3,4,
8416,2131,5445,711,6218,8499,7580,---3,2,4,4,4,4,5,
9025,1130,2925,2643,8248,8442,1374,---3,2,3,4,5,5,2,
868,8102,6378,3372,3603,219,7228,---2,2,4,3,3,4,4,
4962,1545,1611,9549,878,3664,2397,---4,5,5,5,4,3,4,
5101,5548,2765,1549,7413,2198,3518,---3,4,5,4,3,4,2,
547,9061,4776,3309,1936,5812,8893,---3,5,2,4,4,4,2,
1792,3426,7688,9652,9566,4286,2143,---3,2,4,5,4,3,3,
9408,7682,9511,6205,8817,1467,9821,---5,5,3,3,4,4,5,
7906,1608,41,3528,6354,8950,8857,---2,2,3,4,4,3,3,
8320,4384,2563,2469,1095,9032,9484,940,6924,9927,9263,8048,9304,1859,5589,2616,3468,1755,8760,---5,2,4,5,4,4,4,3,2,3,4,2,3,5,3,4,3,4,4,
9506,8465,839,1704,8908,7306,8684,841,6705,5710,5404,8567,888,7225,3068,1209,---4,3,2,2,5,4,3,2,5,3,3,5,4,3,4,2,
6560,6244,706,7595,4388,9253,1867,1803,6381,8910,9731,3924,5400,217,1989,9663,---5,2,4,3,5,3,4,2,4,2,2,2,3,3,2,4,
7040,9602,7267,8290,8681,2314,6658,6771,4117,2551,9016,57,3867,9404,702,1695,---5,2,3,3,3,5,5,2,2,2,2,5,5,2,5,2,
4448,5889,1219,2852,1285,5867,2219,943,4107,3858,1496,580,9885,---3,3,5,4,5,2,2,5,4,4,5,4,3,
9531,8644,6182,2886,4333,4238,3124,8996,9080,6308,2363,9630,1375,---2,4,4,4,5,3,2,3,3,3,5,5,4,
7492,4742,4270,2072,3538,1491,2840,6777,4996,5499,6682,382,---2,2,4,2,4,3,5,2,5,4,5,5,
9984,5313,2117,7334,2729,7820,7229,3830,6394,2236,8346,---4,2,2,2,4,3,3,3,2,2,3,
2272,7584,1284,5830,7174,942,6675,8366,4794,509,---2,5,4,2,4,3,5,5,4,5,
1883,9607,1447,8269,336,8370,2810,1915,5213,5439,---3,4,2,3,2,4,5,5,4,2,
5601,5995,2918,2344,9611,3276,4461,4783,3092,860,---2,2,4,4,4,4,4,3,4,3,
2727,6536,9867,7375,5233,9366,1199,4924,8190,2943,---4,4,4,5,4,2,3,3,3,2,
6273,9699,8940,5841,9844,7958,984,5468,7165,---3,4,5,3,5,2,4,3,5,
4450,99,1319,4874,8813,7341,5369,2191,---4,5,2,3,3,4,2,5,
8548,2949,5609,6092,3088,1777,5758,95,---4,5,5,3,5,5,2,4,
1313,4707,9541,3777,8752,2455,8925,---3,5,4,2,5,2,2,
4739,3051,3535,3348,8661,5692,---2,4,5,5,2,3,
8865,6479,7504,6833,4756,5051,---3,2,2,4,4,3,
686,8879,9426,7438,9303,2680,---4,5,2,2,2,4,
3432,2956,9837,2606,5296,6001,---5,5,5,4,2,4,
164,7762,3374,8653,6642,2585,---5,3,5,2,4,2,
6930,2162,4245,4249,4543,3989,---2,2,4,4,2,3,
8065,647,5545,3733,5240,8764,---4,4,3,2,5,2,
8452,7814,6226,2133,5880,1053,---3,2,3,2,5,5,
1824,7500,9073,3866,443,3964,---3,4,4,3,2,2,
1666,3018,8399,1906,9910,5945,---4,3,4,5,2,3,
3079,9,9880,4283,8476,5823,---5,5,2,3,2,4,
8450,9285,6534,5517,5104,8249,---5,3,3,2,2,5,
420,6571,5740,7348,5046,4700,---2,3,2,5,3,2,
6752,1446,6729,8203,9519,692,---5,2,5,4,4,3,
2818,4779,8016,4375,3515,151,---2,3,4,2,4,3,
4995,9157,5106,5044,9368,3455,---3,2,4,5,5,3,
1605,6026,9235,3481,2651,8124,---5,3,4,4,5,5,
1349,1670,3687,6602,9238,4124,---4,3,4,2,2,2,
1188,8807,524,466,7663,7186,---5,3,5,3,2,2,
8486,3373,7793,4535,8216,4061,---4,2,2,5,5,5,
2372,3869,8758,2360,1210,8221,---4,3,3,5,4,3,
2947,2951,3723,3219,2841,2844,4005,4911,3385,9789,62,3020,2013,7135,6370,3044,9831,5996,5869,8689,9589,4859,6397,---3,5,5,2,5,3,3,3,3,2,5,2,4,2,4,4,3,5,5,4,2,5,5,
7616,5680,2315,5537,5384,4017,7562,5783,9789,4816,8936,464,9589,9047,281,890,4764,2013,7358,8127,---4,2,2,4,3,4,2,2,2,4,4,3,2,3,4,2,4,4,4,4,
3545,715,2980,8933,8550,5321,9111,8335,1719,2286,5103,432,4370,9270,7543,9239,1849,7227,5349,---5,4,3,4,4,5,3,5,4,4,4,2,2,4,2,2,3,2,4,
3712,7219,3042,132,2728,5322,9740,3549,2355,2452,4853,2871,5560,1657,1530,9147,7100,4701,5546,---4,2,3,2,2,3,3,2,3,3,3,4,4,4,4,4,5,2,2,
3648,526,6375,8136,6204,8330,2891,9934,495,5500,7125,9558,4215,4344,6329,9178,3067,3228,6135,---5,5,4,3,4,3,5,4,3,2,4,5,4,4,3,3,2,4,2,
7175,5985,4514,8612,609,2504,2396,1387,1781,8606,9727,7096,1337,1147,6844,9118,2111,---5,2,4,4,5,4,5,4,3,2,2,2,4,3,3,5,5,
4704,9058,520,8012,3534,3311,8626,3571,6836,9333,8918,9050,4527,4943,7966,6367,---5,2,2,5,2,4,4,2,4,2,3,4,4,5,4,4,
7873,1445,2215,7561,2314,6864,4117,3094,2551,8312,1241,5787,7388,702,9023,---4,5,2,4,5,2,2,2,2,3,2,4,2,5,2,
5440,2499,1092,9192,9225,4143,4904,5752,9719,9336,7391,5693,958,9375,---5,4,3,5,2,3,5,4,3,2,4,3,4,4,
6177,3138,1291,2020,9736,8329,2347,3053,1007,8402,9139,5929,7932,3870,---3,5,3,3,3,3,2,3,2,2,5,4,5,2,
1218,6980,959,2185,301,7951,5552,8209,9331,1588,9860,986,5183,5887,---2,5,2,2,5,4,5,3,2,3,5,5,2,5,
3873,4294,2631,873,7179,7021,4090,5522,658,3609,26,1882,926,---4,4,5,3,3,2,5,4,4,3,5,3,3,
7219,8,5546,5655,7469,2173,4307,9428,9911,25,1530,3549,9822,---2,4,2,2,3,2,3,5,5,5,4,2,3,
7232,9313,8994,5380,9573,1606,3630,7289,9208,9401,154,6427,3840,---5,2,5,3,3,3,4,5,2,2,3,3,2,
6597,9318,5066,1509,1614,179,7511,2139,7708,125,4830,2623,---5,5,4,3,3,3,3,5,3,4,2,4,
5728,3781,1000,844,7821,8214,7449,9274,6716,8477,4990,4538,---5,3,4,5,3,4,2,5,3,5,3,2,
3806,3745,2531,9384,912,6513,8629,2582,4951,5433,158,7317,---5,4,4,5,4,4,3,5,2,2,5,3,
2144,4000,7714,3300,5994,4397,9933,2737,5796,7350,6265,7818,---5,4,5,3,2,3,5,5,2,4,2,5,
994,7366,6407,1922,6639,88,3666,435,7735,6680,4633,7646,---3,3,5,2,3,2,3,5,4,2,5,3,
4001,1602,6307,2854,3399,7470,5746,4276,3607,1211,4380,4383,---5,4,4,4,3,5,5,2,5,3,3,4,
6306,454,358,6024,2762,2733,7278,1128,4610,1140,5175,7124,---5,4,3,3,5,2,2,5,4,3,3,2,
5635,7030,4522,6774,8150,9029,7126,4415,3900,9790,6591,---4,2,2,5,5,3,2,2,4,4,5,
4935,2985,2224,9458,5492,8632,7673,7451,9468,287,---2,2,3,3,4,3,4,5,4,2,
8835,8741,9169,4362,5549,3472,3985,9763,1558,1847,---3,3,5,5,5,3,4,5,2,3,
2529,1351,6986,3852,8973,2318,1072,9369,7259,8639,---4,3,4,2,3,5,3,5,5,3,
4813,4171,3115,4781,6510,5613,4053,1243,695,9915,---5,3,4,4,3,4,2,5,4,3,
449,4716,1772,1103,1104,2161,7954,6323,4093,---4,2,4,2,4,2,5,5,3,
1043,3489,6603,9071,4371,3541,9721,2969,5498,---2,4,4,2,4,2,2,5,2,
971,2635,3180,8749,6801,6451,8761,7480,4473,---5,5,3,3,2,3,4,5,3,
4097,8131,8135,6285,1266,5269,4822,---5,5,4,3,4,5,2,
867,3398,4970,3531,7953,8827,7518,---3,5,4,5,3,4,3,
8944,5784,5427,3678,7903,---4,3,4,2,3,
8992,2580,5109,5742,7933,---5,5,3,4,3,
7368,2528,7272,430,3473,---2,4,2,2,2,
6144,698,8212,74,2895,---3,2,5,2,3,
6064,8594,3500,1502,7471,---4,5,3,5,2,
9260,9427,5092,499,4687,---3,3,5,4,5,
8884,6651,828,6126,8513,---3,3,4,5,5,
6817,1378,6243,2211,8509,---4,5,2,3,3,
4810,3643,8036,5002,4918,---3,3,3,2,4,
5737,1596,4901,5622,2429,---3,2,2,3,5,
6411,8321,283,5020,7542,---5,2,3,3,4,
7386,3946,9509,5030,2517,---4,5,4,3,4,
5937,5418,8210,8138,9654,---2,2,5,4,5,
8400,1090,1587,2514,7293,---2,2,2,2,3,
6544,6433,2931,8404,2275,---4,2,3,5,4,
5524,1122,2835,668,1655,---4,2,4,3,4,
3098,9739,3196,4051,3847,---4,4,2,4,3,
5920,8449,3208,5209,4847,---2,2,2,3,2,
7810,1542,6153,6726,7437,1678,5907,1561,3868,2591,7170,1443,9381,8231,1705,5934,2479,48,9271,3167,2110,5189,3526,9783,4432,4178,7896,8671,8162,9708,253,6384,4542,6185,632,1658,1021,---5,4,4,2,2,4,5,3,3,2,2,3,2,5,4,3,4,3,3,3,5,2,3,2,2,4,5,4,2,4,3,5,2,2,3,4,2,
9442,3971,7812,2982,7345,9160,4451,3084,3778,494,5263,4112,6040,8915,675,2518,7671,2461,9242,5587,3359,---3,4,4,2,2,5,5,2,2,5,2,4,3,5,2,5,2,5,3,4,4,
8576,5858,2342,1732,2053,2438,3304,7946,1693,3212,7725,590,6733,9357,9608,5715,7091,548,2842,904,6621,---4,2,4,5,5,4,4,4,3,2,2,3,4,4,2,3,4,3,3,4,2,
4288,8577,7202,8195,5815,2887,2603,3540,6669,5166,237,9456,1907,9396,4469,7830,9012,2296,2937,7887,9918,---4,2,5,5,4,4,4,4,5,4,4,2,4,4,4,2,4,4,4,5,3,
1632,5121,5268,3579,7270,7302,4296,7785,9163,8622,1295,6483,2164,2137,7194,4955,6396,---4,2,5,2,3,4,5,3,2,5,4,2,4,5,3,2,5,
6145,8227,2353,3111,6312,9767,1962,4551,2732,5581,14,7121,5075,9785,1433,6170,639,---2,4,3,5,5,2,4,3,2,3,2,5,4,3,4,5,5,
2241,61,7843,1508,1194,6011,2957,9933,5424,2737,5796,8693,7960,8836,2607,8572,7818,---5,4,5,2,3,4,2,5,2,5,2,2,5,3,4,4,5,
6944,913,3665,361,679,2581,9582,693,8593,529,917,6614,1592,8281,1662,6549,---5,2,5,4,3,5,5,5,3,4,2,3,3,3,5,2,
3265,4642,3459,7459,7003,5475,6028,5199,3922,8559,5022,1910,9691,5054,8179,---5,2,4,2,4,3,4,3,5,3,3,4,2,4,4,
5667,5284,4037,6054,3402,7854,9007,2966,1110,9497,6415,3036,797,5630,---4,3,2,3,2,4,5,2,5,5,5,4,5,5,
5447,7048,2825,7210,7915,1388,8656,6866,5047,1078,2953,7864,1497,191,---5,5,4,3,5,3,4,2,5,2,3,2,3,4,
5026,4164,6728,3882,3023,9585,5586,1844,7925,5719,6008,5156,2525,3327,---5,4,2,5,5,2,5,5,5,3,4,2,3,3,
640,8360,9963,6637,4015,9648,5000,6164,9717,7582,5615,1022,9749,---2,3,4,3,5,3,3,4,5,3,2,2,3,
4321,4002,9795,3653,2182,4753,6938,3760,5105,7890,1121,4122,3453,---5,3,5,5,5,4,2,2,5,3,3,2,2,
6017,5090,899,4203,6786,7342,8365,9517,2997,3704,2878,1535,---3,4,4,3,2,4,4,4,2,3,3,5,
9345,6917,5158,2204,4339,5811,2806,8535,4440,4635,7036,3902,---4,3,2,5,3,5,5,3,2,2,3,2,
736,6113,1025,5064,4845,1869,8336,168,9109,7640,4410,8508,---4,3,4,2,4,2,4,5,5,4,5,4,
4481,9347,7462,2569,7786,2610,6358,5144,1852,4189,6110,---5,5,2,4,5,3,4,2,2,4,3,
1440,1252,8519,8776,5417,44,6157,2255,5356,1431,8511,---5,5,3,3,4,3,4,2,3,4,4,
6976,7531,2764,7741,2608,3090,9107,6069,9527,2008,4765,---2,2,3,5,2,3,5,4,5,5,4,
5378,8008,4458,8523,8701,7025,4531,7274,2295,3434,6334,---5,5,5,3,5,4,3,5,4,4,5,
1952,8163,1585,9962,5741,5901,17,6197,5432,5050,9994,---5,4,5,3,3,2,4,4,2,4,5,
896,1409,523,4868,7558,3274,2923,3762,7698,4988,---3,2,5,4,3,3,5,2,2,4,
8646,5513,1143,2417,3859,5462,4119,7192,8604,4445,---3,3,4,3,5,3,4,3,5,3,
5504,225,9987,2149,104,3694,6403,9205,2206,7359,---2,3,3,5,2,4,2,2,3,3,
290,8870,8191,4872,300,1135,748,8047,4975,9279,---3,3,5,3,3,5,4,5,2,3,
7586,1254,2150,6530,9298,4084,7668,9307,895,---2,4,2,4,2,5,4,2,3,
293,1420,6605,9616,7443,4180,5493,9370,9823,---3,5,5,5,5,2,5,2,2,
2305,8260,5254,7240,13,4271,408,4568,845,---3,2,3,4,5,4,4,5,4,
4130,5828,7377,6867,7767,3546,8315,2621,1279,---3,4,2,5,4,2,2,3,3,
8577,9866,3533,3982,4240,9396,7830,9012,---2,2,5,3,3,4,2,4,
6437,2022,1832,4905,2251,6540,8792,8091,---3,2,3,3,5,2,2,5,
7393,3077,5825,3625,8906,4467,9203,3547,---3,5,4,2,3,5,4,3,
7137,8451,4133,5868,141,6595,4003,1181,---3,2,5,3,2,2,4,2,
2437,3016,1385,975,7794,4233,9657,6970,---4,3,2,3,3,3,4,3,
2148,1576,1516,2862,7446,5495,9311,---5,4,3,5,3,3,3,
5184,5510,4212,7607,4408,8532,---2,5,2,2,2,2,
5927,7186,419,1204,3695,---3,2,5,3,4,
7762,1603,8285,1550,9133,---3,4,4,2,5,
2228,9802,1507,7060,---3,4,2,4,
5688,7713,786,8958,---2,2,3,3,
9091,6800,8472,6019,2709,3991,7711,4506,6703,2207,3360,7216,1691,3881,2346,429,7599,304,7604,2101,8246,4153,2235,816,6261,4929,7107,2244,3149,8271,1360,337,7379,8917,7383,8934,1617,6739,5237,1402,---2,5,4,3,3,2,4,4,4,2,3,4,2,4,4,3,2,2,3,3,4,4,2,4,3,3,4,4,4,5,5,4,2,5,2,5,5,5,3,2,
4865,1794,5379,9862,6151,4620,535,8987,2332,9632,4004,8582,7206,295,4653,3635,4795,5566,5702,9932,8142,5717,1750,4567,1624,9689,9508,7149,114,2420,3960,7033,2425,---4,3,5,2,5,2,2,3,4,5,3,5,4,4,5,2,2,4,5,4,3,5,4,2,4,3,4,2,5,4,5,3,4,
7298,9485,6545,2706,8213,9110,1440,6562,8229,4262,44,2349,5169,2226,1087,7490,1740,335,8411,3553,2916,5222,7014,3945,4971,7154,---4,5,2,2,4,2,5,5,4,4,3,4,5,2,4,4,2,2,2,4,5,2,2,3,2,4,
6244,9731,4504,5400,6560,4388,7205,9894,2600,7595,9663,6368,706,1989,8006,1867,1105,3924,4184,217,7136,6882,5732,1534,---2,2,4,3,5,5,3,4,5,3,4,3,4,2,5,4,5,2,2,3,5,4,2,4,
896,5729,259,2917,7558,4007,7536,8459,7118,2383,8240,6463,7698,6548,6645,5110,894,1409,7517,2247,351,---3,4,5,4,3,3,3,2,5,5,5,4,2,5,2,5,5,2,2,3,4,
2368,764,4038,433,2334,969,5290,5067,9455,4248,3954,6387,6718,7159,2904,9817,2086,5116,9930,8407,4837,---4,3,2,4,5,3,5,5,2,5,4,2,5,2,3,3,4,5,3,4,5,
8096,6272,36,8742,3846,8801,567,9162,7255,3154,925,3250,6611,2900,2293,4470,8247,2617,6959,5821,1278,---2,4,5,4,3,2,3,2,4,5,2,5,2,4,2,3,5,4,3,2,3,
8306,4100,421,1894,753,407,3972,8687,9048,7665,4082,6612,5845,8087,4536,6628,2970,7548,6494,6981,---4,5,5,4,2,3,4,2,3,3,3,5,5,5,5,2,5,4,2,4,
2689,4290,5955,7524,8433,3420,5162,4523,8042,2638,2183,6896,2993,583,4407,3193,9871,9985,413,3934,---3,3,5,4,3,3,5,2,2,2,5,4,3,2,2,3,3,5,3,2,
5415,8546,3883,7236,8902,8774,9799,7304,4683,4237,2766,4957,2129,4343,5272,4313,1627,7612,9021,4382,---4,3,5,5,4,4,4,2,5,4,4,3,2,2,4,2,3,4,2,5,
4032,7073,4373,8897,5192,5628,7858,7276,8818,623,1807,7282,6206,822,446,5188,2459,6876,9150,1823,---2,4,3,3,4,4,4,2,4,3,3,5,2,4,4,3,2,5,4,5,
5659,33,6617,4715,2214,7199,8937,1643,3724,8334,1871,5333,5651,5653,5355,6457,9403,4285,2750,3615,---3,4,4,4,4,3,2,2,2,5,4,2,4,5,3,2,3,2,2,3,
8654,7556,9637,3433,5258,1548,6734,3152,4145,9171,8628,277,9077,4120,3918,7071,7006,4863,---5,2,5,3,5,4,4,5,2,2,3,4,2,5,5,5,4,5,
9827,4870,7473,1160,4092,6792,4939,5260,2478,1839,3400,8338,6163,4476,7579,5148,106,510,---3,2,2,3,3,5,4,3,3,5,4,5,5,2,2,4,4,3,
6946,9348,9545,2922,1474,9359,7696,4575,6100,4661,1162,3831,1753,8794,5179,4930,4157,7263,---3,5,4,3,2,3,3,2,2,5,5,4,2,4,5,5,3,3,
801,2627,2788,6245,5286,1832,4905,2251,9804,8301,2371,7254,9846,2489,6540,7644,1149,7139,---2,5,4,4,5,3,3,5,3,2,5,5,2,5,2,3,3,2,
2400,6027,1828,1191,1736,7593,6583,3916,1744,2120,7828,7700,5781,9302,7257,9524,7774,---3,5,4,5,3,4,5,4,2,3,4,4,3,5,4,3,2,
2304,7201,2370,3272,2700,109,9486,5711,2964,5205,9175,8185,1949,8798,5663,---4,5,2,4,4,3,5,4,3,3,3,4,2,3,4,
5570,6470,3046,3047,1352,5450,9362,1967,6129,2802,6643,1461,5084,1256,4561,---3,5,4,3,4,2,5,2,5,2,3,2,4,5,5,
8512,7585,9570,6916,7046,8555,3475,8372,5374,6454,3001,4884,250,7643,7102,---2,2,3,5,2,3,3,5,2,5,3,2,3,2,5,
9600,7937,3235,6128,4647,1673,3593,6892,6574,3632,8531,7348,7385,6169,3933,---4,5,2,3,5,4,3,5,5,2,3,5,3,5,5,
5987,4324,5029,5127,2824,5247,3215,7344,2227,3416,3268,2811,5885,8255,---5,2,5,3,4,3,2,3,2,2,5,2,5,3,
3776,1665,2373,9830,8806,7213,4142,7024,4275,3028,512,3002,6262,3923,---4,4,3,5,2,2,5,5,4,4,2,4,2,3,
7939,3457,7523,4202,467,6543,4529,6931,6484,1880,9972,7983,7059,574,---2,4,2,2,4,5,3,2,5,5,4,5,2,2,
6402,8901,8069,5671,3752,73,8685,6290,8291,9143,4570,9852,1853,5855,---3,2,5,5,4,4,2,3,2,3,5,2,3,2,
2560,4080,2019,2789,5382,1224,3178,8363,4332,7440,564,601,3071,---3,4,5,4,5,2,4,3,2,5,3,2,4,
800,8003,8579,6345,1818,7569,979,6517,279,6010,8605,8862,9813,---2,5,5,3,4,2,3,5,4,4,5,5,3,
3523,2981,3974,4010,6252,1647,6609,7737,5178,3231,7546,2239,---3,3,5,4,4,4,3,5,3,5,5,5,
6267,9288,7849,3660,6579,4547,169,24,5466,6971,1052,3642,---5,2,5,2,4,2,2,5,4,3,3,2,
320,2786,3496,2556,8750,7506,9267,1301,8796,2174,5567,---4,5,5,4,3,3,5,4,4,3,4,
4096,9697,3812,1957,8262,6414,2703,5939,5172,9591,6233,---4,5,5,2,4,3,2,5,5,2,4,
2336,3907,1412,6344,203,7184,9330,9046,8804,8218,9371,---5,2,3,2,5,5,4,3,4,5,3,
4064,7619,2406,6125,8527,8084,4758,4442,6140,282,---4,5,3,4,2,2,4,4,4,5,
2625,4034,9476,7432,6256,5938,8464,784,9810,886,---5,5,2,4,5,4,4,4,5,5,
9220,3109,4807,4335,3474,1236,7574,5078,7844,1183,---2,3,3,5,3,4,3,3,3,2,
5344,4258,8270,4404,3606,1271,4188,7581,414,6175,---2,4,2,2,2,3,3,2,4,4,
674,1411,2501,6630,7337,7993,1717,8599,569,3970,---4,2,5,2,4,3,3,5,5,2,
2464,7877,3466,9966,3133,9779,1942,9847,3069,---5,4,4,2,5,2,4,4,4,
2176,4071,3369,4908,4974,2640,1269,6109,1982,---4,3,5,3,5,2,4,2,3,
35,2865,4424,3403,9520,8264,2962,9784,6237,---3,2,3,5,5,2,3,5,3,
3714,9251,7819,6030,1618,7507,6292,1302,4607,---3,5,2,5,3,2,4,3,4,
3008,5190,8904,9516,399,8561,4533,5816,3450,---5,5,3,2,2,2,3,4,2,
4419,8614,7080,1833,8397,1429,7094,5725,---3,3,5,4,3,2,2,2,
836,7527,6635,9970,9753,2232,8868,4762,---3,4,4,4,3,2,4,4,
9284,3174,5038,3825,7956,3990,6744,7550,---2,5,2,4,5,2,3,4,
4323,7754,8491,6220,3248,1974,2140,---4,5,3,4,4,4,4,
9664,1954,1635,774,1927,3209,1675,---2,3,2,4,4,5,4,
3395,6248,4655,2768,4889,5403,4991,---5,3,3,5,4,2,2,
1827,7813,7082,7375,9366,1199,8190,---5,2,2,5,2,3,3,
3586,5899,3271,8905,811,5756,9277,---5,3,3,2,5,4,4,
7296,2112,2821,7730,8860,7902,6111,---5,4,4,2,5,2,2,
1346,5956,7720,5488,2577,4979,2165,---5,4,2,3,2,5,2,
7840,6115,9167,1046,4087,9241,603,---3,2,5,2,5,5,4,
7874,2447,915,8602,701,9887,---5,2,2,2,2,4,
2890,654,9073,443,3964,703,---2,3,4,2,2,4,
4472,4649,3123,9447,---2,3,3,2,
9737,7355,8221,1697,---4,3,3,4,
4890,3692,3487,---2,2,3,
6760,8322,1309,---2,2,2,
344,3337,578,---2,2,2,
1712,5915,8421,---2,2,2,
9064,7481,4569,---2,2,2,
856,2834,1419,---2,3,3,
3175,6501,5239,---3,2,2,
497,1434,2523,---2,3,3,
6656,2947,8583,6927,8110,1688,9501,6819,4005,171,3628,8494,1455,2099,4703,62,1858,6723,3020,4428,3793,9433,2654,5285,608,8417,6370,355,740,7909,4200,8952,6397,3711,---5,3,5,4,2,2,2,2,3,5,2,3,2,5,4,5,4,4,2,5,3,4,3,4,4,3,4,2,5,5,5,5,5,2,
6660,2055,3465,2698,8846,3992,2579,6296,7195,5277,546,40,8112,8630,2743,202,7483,8842,4490,3786,4560,5091,2152,239,3440,7935,---3,5,3,5,5,4,4,4,2,4,5,2,5,2,3,5,2,5,2,4,2,4,3,5,2,2,
3075,2754,7571,6807,6430,9768,9772,2334,6838,7615,2882,6086,7496,5067,5592,5340,8541,8423,3954,1780,3318,7159,5116,5501,---3,2,4,5,4,3,4,5,4,2,5,2,5,5,5,5,3,2,4,3,4,2,5,2,
5099,1422,144,4884,7203,3236,2474,4396,8367,3001,3263,6592,8773,5065,7643,6496,9570,8555,5612,9590,250,5374,---2,5,4,2,2,2,4,2,3,3,5,4,3,4,2,3,3,3,5,2,3,2,
3265,4642,7459,8484,210,7977,5199,8130,3107,8559,3984,1112,3922,1843,5054,1910,2584,3482,7003,5022,---5,2,2,3,2,2,3,5,5,3,4,4,5,2,4,4,2,5,4,3,
6593,7010,4067,5924,2470,519,5128,2601,5227,2210,8046,7533,6480,5224,9074,8759,152,3332,1370,3772,---3,5,2,4,4,5,3,4,4,4,3,5,4,5,3,4,2,5,4,5,
5985,4514,1147,7175,1387,3697,5906,8051,1781,3551,9727,7096,1337,5402,571,6844,8606,2111,---2,4,3,5,4,4,4,3,3,4,2,2,4,5,2,3,2,5,
4819,5762,9668,7365,70,4167,5035,5582,8691,9395,6293,1686,4055,5080,9594,38,6780,8669,---3,5,2,2,5,2,4,5,2,2,3,5,5,3,5,4,3,4,
4772,8326,391,936,9481,8043,9842,2893,5362,7955,7028,2965,3030,8233,754,3770,6523,122,---3,3,5,4,3,3,3,4,4,5,2,4,2,5,2,5,3,4,
7138,3835,6212,2245,8134,1005,2384,5777,6418,6995,2196,7780,8762,4059,9020,5629,---3,4,4,5,4,4,2,2,3,2,5,5,3,4,4,2,
9600,7937,5603,3973,3017,6892,6574,3632,3928,8531,9993,9720,6169,7385,5243,6128,---4,5,4,5,5,5,5,2,5,3,2,2,5,3,2,3,
7680,3024,2016,198,5953,8104,5428,6890,7632,5389,4302,9808,1076,6839,4057,2172,---4,2,3,2,4,4,5,4,3,4,3,2,3,2,4,3,
9601,36,897,6249,9310,205,6959,6611,2049,2293,8247,5208,2617,5821,1278,3108,---4,5,2,3,2,2,3,2,4,2,5,2,4,2,3,3,
9024,7905,4550,7302,4296,9163,6483,8374,4377,2137,7194,3579,5917,318,1632,---3,3,5,4,5,2,2,2,3,5,3,2,4,2,4,
1185,8962,6155,4966,1801,1483,7797,6993,9556,1397,1848,7035,9116,1215,---3,5,4,3,5,2,2,3,3,2,5,3,2,4,
4288,6305,7202,8195,874,2603,6669,7887,9456,1907,3540,4469,7127,2296,---4,5,5,5,5,4,5,5,2,4,4,4,2,4,
4608,7876,8581,4360,6857,7447,684,1683,9716,1977,2456,1945,8890,4028,---2,2,3,4,2,4,3,3,5,2,5,4,3,5,
5057,3525,7078,2568,650,9995,2513,1042,1971,7031,3896,6521,1914,4319,---4,5,2,4,3,4,3,3,5,4,3,3,3,2,
8866,4678,9416,5866,8975,7312,7400,8181,9565,600,7706,3035,189,8158,---3,2,5,3,2,5,3,5,4,4,3,3,4,4,
2980,5103,5321,7543,2286,8335,432,4920,4370,9270,9111,8664,3545,7227,---3,4,5,2,4,5,2,2,2,4,3,2,5,2,
1632,9024,8374,7302,4296,7785,9163,1295,6483,318,6902,2137,3579,1726,---4,3,2,4,5,3,2,4,2,2,2,5,2,5,
801,1149,7139,4455,7343,7851,8301,6589,3439,9846,3611,7644,9213,---2,3,2,3,3,2,2,5,3,2,5,3,2,
5969,7976,9961,1004,9714,8877,3953,3890,2548,7927,9146,4539,1533,---5,4,4,3,2,5,5,3,5,4,4,5,4,
6336,8707,7110,6828,6547,653,5518,9137,1763,2231,9530,5595,1692,---2,5,4,2,5,4,5,4,4,4,5,5,2,
5866,8866,9507,4841,2122,7994,8083,8181,8825,7706,189,1471,---3,3,5,3,2,2,2,5,2,3,4,4,
8482,3140,454,9382,6306,1128,2539,2733,6024,4610,7124,2905,---3,2,4,3,5,5,4,2,3,4,2,4,
1729,7555,3626,4684,269,6509,1937,7538,4787,5460,3162,9546,---5,2,2,5,2,2,5,5,4,2,3,4,
1856,3013,9126,7590,7051,7886,7503,3376,8435,694,8261,5055,---2,3,2,3,2,3,3,2,5,4,2,5,
737,5794,7963,7403,6829,5489,4820,1237,7639,5337,6587,9564,---4,4,3,4,2,4,4,2,5,3,2,2,
2945,1636,1286,422,8751,6741,6614,1592,8281,175,4926,2581,---3,5,2,4,3,3,3,3,3,4,4,5,
1250,676,4261,7559,4425,7245,9811,3093,5559,7576,5789,7934,---3,5,5,3,5,5,4,2,5,3,4,2,
4528,2724,2570,3596,3034,5873,309,9879,4728,7642,9306,949,---4,4,2,2,5,5,4,3,3,2,2,3,
5922,2691,5863,6056,9387,1085,7421,2740,9656,445,1598,2687,---5,5,5,4,5,3,3,3,4,5,4,4,
3649,5867,4196,1285,6954,2219,1007,4050,56,9885,2814,---5,2,5,5,2,2,2,5,3,3,4,
4387,9675,6734,3152,9106,9171,8628,8310,2781,7006,4863,---5,4,4,5,3,2,3,5,3,4,5,
5411,8549,2535,8392,6315,1679,4945,3891,60,2877,2398,---5,3,2,4,2,5,5,5,5,3,2,
7361,131,4581,3757,2866,755,3668,4565,3767,2047,3397,---4,3,2,5,2,5,5,4,5,4,3,
352,4289,1634,8137,5646,6575,1170,5300,1814,4634,7151,---4,4,2,2,5,4,4,5,5,3,4,
1953,2626,8295,6280,1258,6827,6640,7478,7191,9848,2685,---5,5,2,5,2,2,3,5,3,5,5,
4801,8610,8967,1800,7212,9406,7349,473,6075,5790,---2,5,2,4,4,4,4,2,4,2,
9489,5865,7407,5905,4318,855,5176,2936,7258,2494,---4,5,2,4,4,4,2,3,5,2,
8448,8289,770,1795,8964,2827,6478,6033,437,3734,---5,3,2,2,3,2,2,2,4,4,
7745,3334,6119,588,3470,5458,7605,3510,2583,825,---3,2,4,3,3,2,2,3,2,4,
9670,7050,4459,1580,7757,1902,4210,8275,2487,8253,---2,3,4,5,2,5,3,4,5,3,
2369,3626,4684,6509,596,9044,6228,3162,7835,---3,2,5,2,4,4,4,3,5,
4704,1830,1067,4109,1326,47,5455,3837,3326,---5,2,5,5,3,4,4,2,4,
450,3204,8207,5808,1359,9145,2587,1340,29,---5,4,2,2,4,3,2,2,5,
4391,5223,1131,1681,3156,8502,9049,7516,3103,---2,5,2,3,3,2,3,3,3,
6727,3785,7405,5870,3598,8503,8729,5562,8922,---3,2,2,4,4,3,3,3,2,
7392,9030,3880,4233,975,3016,7794,7893,8186,---3,3,4,3,3,3,3,4,4,
7936,8705,4421,490,402,6967,9752,2442,8414,---3,4,2,3,3,2,4,3,3,
2080,489,2309,5257,4268,6351,1196,6422,4759,---3,3,4,4,5,4,5,3,3,
3940,4041,8461,9924,9967,1748,6998,1881,2555,---2,5,4,3,5,2,3,3,2,
9411,1552,3249,8914,7188,6166,664,1428,2780,---4,3,4,5,4,4,5,3,5,
7744,8544,371,8590,9807,4115,4925,5631,---3,2,5,3,4,4,5,2,
3626,4684,6509,9295,4787,3162,8507,9546,---2,5,2,3,4,3,2,4,
9442,3338,5587,2269,4659,5434,5263,9242,---3,4,4,2,3,5,2,3,
2209,7970,771,2248,6697,3213,7475,2933,---4,2,4,3,5,4,5,5,
4578,6051,9579,1006,656,1010,9305,1567,---5,5,4,5,3,2,5,3,
4768,4709,328,2410,6253,6704,8850,8025,---3,2,2,2,4,2,5,5,
7363,2084,1510,4583,8073,3758,8883,7860,---4,5,2,4,4,4,2,4,
9377,4614,7591,2184,3791,3602,339,6552,---4,5,2,2,2,2,2,3,
9122,2790,8875,8876,717,697,8057,8954,---5,3,5,5,5,2,3,2,
9729,6821,6221,3225,9402,5695,6014,4095,---5,2,4,4,4,2,4,3,
5760,7076,7238,6504,8754,562,21,7705,---2,3,3,5,3,5,2,5,
7269,6663,8460,6623,8410,6655,7837,1887,---2,5,2,5,4,5,3,3,
9504,3301,3944,1099,9201,6360,5467,3644,---4,2,5,4,5,5,3,3,
7361,131,3397,4876,2866,4565,6264,---4,3,3,4,2,4,3,
4417,1541,4423,8969,4818,4694,5270,---2,4,2,4,3,3,2,
2764,8333,2608,3090,9107,5748,7741,---3,2,2,3,5,3,5,
8008,3434,4531,2262,6935,4458,---5,4,3,3,2,5,
1220,1544,8490,6326,5882,6270,---5,5,2,5,2,4,
1666,8399,7253,9910,1495,5945,---4,4,2,2,3,3,
544,1825,9315,1513,4433,795,---5,2,2,3,4,5,
4744,1554,500,1773,9423,---4,5,3,4,2,
672,7081,1600,1739,8239,---5,3,3,5,5,
8160,8385,2580,5109,5742,---3,4,5,3,4,
3289,8138,8379,5937,---3,4,2,2,
6433,2275,7974,8415,---2,4,3,2,
6544,4393,2931,9703,---4,2,3,4,
8316,8708,3517,---3,2,2,
3692,3821,9301,---2,3,3,
3848,275,---2,2,
1216,2403,---2,2,
9696,6529,---2,2,
8350,8823,---2,2,
1664,7964,---2,2,
1939,1148,---2,2,
4992,7170,1669,1542,1678,2192,9233,3091,9240,1561,1583,924,5318,935,1705,2479,48,7092,3127,3167,1212,4542,2115,5189,3868,7630,4432,4178,2645,5724,3293,8671,6499,8231,1518,6384,9587,2382,632,1658,1021,5077,---5,2,2,4,4,5,5,5,5,3,4,4,5,3,4,4,3,5,4,3,2,2,5,2,3,2,2,4,2,3,2,4,4,5,2,5,5,3,3,4,2,5,
6914,2435,1924,1039,5907,534,3460,7967,1443,1316,810,455,4652,177,6198,7095,2591,4571,5824,6726,7623,9673,7626,8887,9635,3411,5135,4065,3810,2407,8040,9711,6258,9715,7544,7290,636,6141,9983,---4,3,2,4,5,5,2,5,3,5,4,3,4,3,4,5,2,5,3,2,4,3,3,3,2,3,5,2,5,2,5,4,2,5,5,4,3,4,5,
3724,8334,5651,5653,5659,7199,33,3878,7467,7596,4285,6068,6457,9403,5565,2750,5700,1871,4436,5333,6617,2214,1255,8937,5355,6973,9462,853,---2,5,4,5,3,3,4,2,3,2,2,5,2,3,3,2,3,4,2,2,4,4,2,2,3,2,3,3,
4865,1794,5379,9862,6151,4620,276,535,9632,4004,7206,4653,7728,3635,7732,5566,9932,7116,1750,1624,9689,3039,7149,2420,3960,2554,4222,---4,3,5,2,5,2,3,2,5,3,4,5,5,2,4,4,4,5,4,4,3,3,2,4,5,4,3,
6146,9738,8691,4881,6293,1686,4894,9395,438,9920,9668,70,7495,3788,5582,4819,5973,5080,8669,2662,9832,2537,1875,4201,1146,4091,6780,---2,4,2,4,3,5,5,2,2,2,2,5,4,4,5,3,3,3,4,3,5,5,3,2,2,3,3,
1152,4352,1797,6297,4250,5531,2974,928,1307,1706,1969,7739,7743,6080,2633,3063,460,7501,8528,8273,7649,3554,5733,1819,7657,1015,1578,---5,2,3,4,3,4,2,2,2,2,5,4,3,3,4,5,3,5,4,2,2,2,4,3,3,3,3,
9731,1035,7182,788,5400,6047,6560,4388,7595,9663,6368,706,1989,2658,1105,5330,3924,9431,4184,217,7136,6882,5732,6900,9151,1534,---2,5,4,2,3,4,5,5,3,4,3,4,2,3,5,3,2,2,2,3,5,4,2,2,3,4,
4358,5001,5645,3086,8341,1566,9631,808,8108,4014,7611,8252,1597,5311,9026,6979,72,1741,4814,5073,3410,5535,8161,6715,2297,5759,---5,5,4,2,4,2,2,2,3,3,2,3,3,5,4,2,2,2,2,4,3,3,3,4,4,5,
9346,1416,8706,2574,5392,1682,3735,5272,3378,4403,9021,7236,8774,5320,2249,5712,5853,4190,8546,8679,5266,5437,3952,6898,1268,---2,4,2,3,5,3,4,4,4,3,2,5,4,3,3,3,4,2,3,2,3,3,3,3,5,
9356,8467,4501,8345,5531,9244,3998,5407,4256,1307,1969,7090,7739,6080,9539,460,7501,8273,212,4325,9839,3953,3063,9341,---3,2,5,2,4,2,5,4,4,2,5,2,4,3,4,3,5,2,3,2,4,5,5,4,
6657,6027,7828,5781,1828,7593,7085,2120,9524,6583,960,8259,7879,1736,3916,1744,83,9812,9302,7257,3680,4843,1529,3194,---5,5,4,3,4,4,3,3,3,5,3,2,5,3,4,2,4,3,5,4,2,4,5,2,
8962,7557,3591,1801,6155,7436,5909,155,2468,4521,1070,6452,1848,2100,1215,591,5329,9556,6366,6993,5617,3572,7797,7035,---5,2,4,5,4,4,3,4,2,5,2,4,5,2,4,5,3,3,2,3,5,3,2,3,
4237,910,7823,5654,5276,9758,416,3883,2860,3766,7614,68,4683,2766,6996,1627,4957,8034,7661,498,7283,5877,4343,---4,5,3,5,3,5,5,5,2,2,2,2,5,4,5,3,3,2,3,2,5,2,2,
2944,2390,6406,6408,6159,8853,1049,8197,7717,8745,8495,6969,7372,5765,8403,7510,6497,3430,359,7913,2667,2163,7160,---2,2,2,3,2,3,5,2,3,2,4,5,4,2,2,4,5,5,3,4,5,5,3,
9218,2053,2438,4743,904,7946,2842,7067,548,902,7725,9608,7091,9400,4028,1732,6733,5715,6621,5858,1768,3304,---2,5,4,5,4,4,3,5,3,2,2,2,4,3,5,5,4,3,2,2,4,4,
2944,7510,6406,6408,3085,6159,8853,1049,8197,7717,6058,8495,7372,8403,2390,6497,3430,359,7913,2927,2163,7160,---2,4,2,3,3,2,3,5,2,3,3,4,4,2,2,5,5,3,4,2,5,3,
4262,1440,7298,4486,5222,6562,44,6508,2349,335,7014,6545,3945,9485,4725,9110,8215,8411,8213,2845,1087,---4,5,4,4,2,5,3,5,4,2,2,2,3,5,5,2,5,2,4,4,4,
8736,9026,6715,1061,8294,72,5001,18,8108,1741,2557,4401,9394,3957,8341,441,792,2297,7611,4317,991,---5,4,4,4,5,2,5,5,3,2,5,4,3,2,4,3,3,4,2,4,5,
4027,6820,6742,742,2151,8521,7498,558,9935,4400,8625,1923,6388,4374,1033,8219,6287,5308,4029,2653,---3,2,3,4,2,3,2,5,5,5,4,3,5,2,4,3,5,3,4,2,
6593,2210,4067,3332,2470,263,519,2601,5227,9074,8046,7533,5128,1586,8759,5924,1370,6319,3772,7010,---3,4,2,5,4,4,5,4,4,3,3,5,3,3,4,4,4,4,5,5,
992,6018,9571,2646,7782,1319,5833,3914,2807,6380,4334,2191,176,5521,3146,5174,2233,9465,2907,221,---3,4,2,5,2,2,2,3,5,3,4,5,5,5,2,4,4,4,2,2,
8962,7035,2468,7557,4966,5617,1801,6452,6155,1070,1848,6993,9556,7797,5329,9796,155,6366,1215,---5,3,2,2,3,5,5,4,4,2,5,3,3,2,3,3,4,2,4,
1184,4671,3115,1540,1733,1031,4171,5613,2350,2128,1253,7755,7027,4053,2775,4921,1243,7260,9365,---3,4,4,5,2,2,3,4,4,5,2,3,4,2,5,4,5,2,5,
2145,7042,8027,4645,8617,6250,1629,8208,3569,5138,9939,8560,2387,4175,5573,763,9770,254,4517,---2,4,2,5,4,2,2,3,4,3,5,4,5,3,3,3,2,3,2,
9403,5723,4933,2214,3463,3724,5965,8334,4367,4285,5651,6869,6617,8506,5947,2684,7645,3749,5653,---3,4,4,4,3,2,2,5,3,2,4,3,4,3,4,2,3,2,5,
8211,4866,5835,3240,3363,5386,3147,7083,4936,1809,787,7636,2839,8120,4089,7650,329,5599,---3,3,2,4,4,4,3,3,5,5,4,4,2,4,5,3,4,2,
5667,7795,6054,6449,8202,7854,6415,6320,4113,483,4213,2966,9497,9007,3036,797,5630,9855,---4,5,3,5,4,4,5,5,4,5,4,2,5,5,4,5,5,3,
5667,6054,3612,1738,4492,3036,334,6415,4563,7573,2966,5497,9497,9007,6044,797,5630,7854,---4,3,3,5,5,4,5,5,3,5,2,2,5,5,2,5,5,4,
9376,7553,652,1571,781,3686,551,3308,363,9612,9421,4206,3951,4297,7319,2052,4282,893,---3,5,2,5,3,5,4,2,4,4,5,5,3,2,2,4,2,3,
6369,3875,4747,6475,8394,8951,8430,6909,3818,1251,7221,9878,3959,7162,1151,2493,4799,---2,4,2,4,2,5,3,2,5,5,4,2,3,5,2,2,5,
0,5153,834,451,8974,9599,8618,3747,3662,2883,981,7769,345,9114,4987,5117,7445,---5,4,4,3,2,4,3,3,2,3,2,3,5,2,5,5,3,
3577,3106,9475,7926,9449,1802,6923,8014,9167,1361,107,4087,1046,6263,9241,4447,---2,5,5,4,2,5,5,3,5,5,4,5,2,3,5,2,
2726,8126,1896,4969,5229,3022,1425,2483,6676,6622,8841,4151,7928,721,3006,6015,---3,4,2,3,5,5,2,2,4,4,5,4,4,3,3,5,
9986,6691,269,1158,9193,2221,7822,9583,5456,7538,7555,5460,5966,4824,2509,6421,---5,2,2,2,2,5,2,4,5,5,2,2,5,5,2,2,
6690,1187,4580,8453,2984,3050,3245,3919,4741,6644,7940,5527,5826,1369,9258,8735,---4,3,3,2,2,2,5,2,3,3,4,5,5,2,4,4,
4224,267,6486,4662,7594,9335,9228,6779,2354,4931,406,8023,5988,1082,539,3965,---3,3,4,5,3,3,4,2,5,4,4,2,5,3,5,3,
3075,6838,9768,969,5067,7571,9136,7496,2904,1780,3318,5592,764,8541,2334,---3,4,3,3,5,4,5,5,3,3,4,5,3,3,5,
8578,8676,3941,6254,8432,9617,6034,2387,6965,9572,8699,7676,1629,254,5503,---5,5,4,2,2,4,5,5,4,5,5,3,2,3,2,
4418,3046,6129,1352,3047,7362,7534,1520,817,9362,1461,4406,8569,2802,5084,---5,4,5,4,3,3,3,2,2,5,2,5,5,2,4,
1634,1444,360,8137,5642,8492,5646,7151,1170,5300,6542,1814,7439,6846,2655,---2,5,2,2,4,5,5,4,4,5,5,5,3,4,4,
6210,6275,6276,1991,6413,8591,1968,6353,2082,9059,8660,6133,7971,7133,6815,---5,4,4,3,5,5,2,5,2,5,3,5,5,5,5,
9602,7267,8290,8681,2314,6658,4553,6771,4117,2551,9016,57,9404,702,1695,---2,3,3,3,5,5,5,2,2,2,2,5,2,5,2,
5985,4514,1387,7175,5387,2701,719,1781,9727,7096,1337,1147,6844,8606,2111,---2,4,4,5,5,3,2,3,2,2,4,3,3,2,5,
8673,5251,7718,2721,5096,7209,712,7901,6856,515,9908,9353,2553,2428,5053,---4,3,4,4,4,5,4,2,5,5,2,2,2,5,4,
9506,2243,839,1704,841,7306,8684,5710,8465,6705,8567,888,7225,3068,1209,---4,5,2,2,2,4,3,3,3,5,5,4,3,4,2,
1028,4278,9766,232,4619,5766,2000,5234,6046,2102,8313,7800,6425,5085,7390,---4,5,5,4,4,3,2,4,2,4,3,2,4,2,3,
5120,2338,1254,743,5225,9419,5325,6530,4623,9298,7586,7668,3605,8251,---5,3,4,3,2,4,4,4,5,2,2,4,3,4,
2336,417,1412,5191,6344,203,1036,9965,7184,8804,1427,1432,4356,9371,---5,2,3,3,2,5,3,3,5,4,2,4,5,3,
9889,8386,5252,1761,9614,2291,2356,5141,4887,2808,5754,6875,8154,8670,---2,2,5,2,4,3,2,4,5,4,2,4,2,5,
384,1028,9766,5766,232,4619,2000,5112,5234,4278,7800,8313,5085,7390,---2,4,5,3,4,4,2,4,4,5,2,3,2,3,
3648,1986,6329,4293,6791,8136,6375,526,7125,759,8889,6204,6045,6135,---5,3,3,4,4,3,4,5,4,3,2,4,3,2,
5313,229,5479,7229,71,8077,4398,1487,496,782,3830,5761,9231,2973,---2,3,3,3,3,2,4,5,3,3,3,4,5,2,
5856,9825,5154,5571,101,6972,488,9769,4077,303,6928,4706,1660,4381,---5,2,5,5,2,2,2,2,2,4,4,2,3,3,
246,8966,412,5419,2924,7037,3505,950,7529,3291,92,8765,5918,---2,3,3,5,5,2,5,3,5,5,2,4,3,
6625,8587,7268,8075,7150,6511,9712,2515,5876,3892,1786,1711,2302,---2,2,2,5,2,5,2,4,4,4,3,5,4,
9889,8386,5252,8097,4748,9614,2322,2291,2356,3262,8154,6875,8670,---2,2,5,2,4,4,3,3,2,3,2,4,5,
7394,6372,8426,2796,4558,9647,4624,3987,4308,1653,7703,765,8703,---5,5,5,4,2,4,2,4,2,5,3,2,3,
3520,512,8806,3530,5970,7213,7122,4275,8436,4537,474,2940,3002,---2,2,2,2,4,2,3,4,5,5,4,4,4,
3842,5476,1511,6183,2599,2222,9042,6036,4174,3287,6553,3099,2430,---5,3,5,5,4,2,3,2,3,4,2,3,3,
8673,515,5253,2721,6856,9353,5053,5096,5251,532,2553,9908,7901,---4,5,2,4,5,2,4,4,3,4,2,2,2,
1472,1920,6438,7656,8009,4460,6765,8585,4525,7381,2809,4953,1493,---4,5,2,3,2,4,2,2,5,3,2,5,5,
2976,4611,3045,4298,5323,2124,7342,2813,560,9522,8245,3101,---5,5,4,4,4,4,4,4,2,3,2,3,
5952,6401,5798,8168,3125,726,8631,7609,4602,3741,990,4789,---2,4,5,3,5,5,4,4,4,4,4,5,
5411,8549,2758,1289,6315,1679,4945,9780,4757,60,2877,2398,---5,3,4,3,2,5,5,4,3,5,3,2,
8769,4482,8132,7621,7880,1663,1514,7598,9298,3284,159,2335,---2,5,5,5,4,4,2,5,2,2,2,5,
8680,4402,178,1805,5968,5202,5908,1557,4279,3161,8826,7196,---3,4,2,3,4,4,5,2,4,4,3,4,
1157,4307,8,5546,5655,7469,7219,9428,9911,1530,2173,9822,---4,3,4,2,2,3,2,5,5,4,2,3,
1856,3013,9126,7590,4264,7503,3376,3698,8435,2463,8261,5055,---2,3,2,3,2,3,2,3,5,5,2,5,
2114,3911,5576,5194,7665,4082,7861,4536,2970,3163,3740,3669,---3,2,5,2,3,3,4,5,5,2,3,2,
9155,5540,1577,778,7852,8718,1650,691,4692,9943,9850,586,---3,4,2,2,4,2,3,3,5,2,2,4,
7044,7461,6920,1805,8880,9576,4402,5397,3161,8635,7196,---3,3,4,3,3,4,4,2,4,3,4,
9856,9318,7433,8907,1614,8913,882,179,7708,125,2623,---4,5,5,2,3,2,3,3,3,4,4,
8023,4931,4265,267,4750,4439,2354,6486,9335,539,3965,---2,4,5,3,4,4,5,4,3,5,3,
3008,9828,2725,5190,8710,399,4533,5816,3450,2118,5373,---5,3,3,5,2,2,3,4,2,2,5,
8448,8289,1795,3734,8746,2827,206,5558,4823,2552,5435,---5,3,2,4,4,2,5,4,3,4,4,
3114,1577,778,7852,8718,1650,691,4692,8725,9943,586,---5,2,2,4,2,3,3,5,3,2,4,
9376,7553,4297,652,781,4206,3951,7319,4025,4282,893,---3,5,2,2,3,5,3,2,5,2,3,
2623,2850,6597,5066,1294,7511,6489,2139,4830,1509,---4,3,5,4,4,3,5,5,2,3,
2912,6401,6181,8168,6089,842,9643,7609,4602,990,---4,4,2,3,5,3,2,4,4,4,
3076,4681,3021,7502,143,9168,2190,3255,4349,3582,---2,2,4,2,4,2,5,3,4,3,
9380,5956,5992,5488,4754,4311,7353,6340,956,349,---3,4,4,3,3,3,2,2,5,5,
8674,4677,1734,2405,8264,1707,4424,4697,9177,7423,---4,2,2,4,2,3,3,4,3,2,
7265,1421,3346,5491,9334,5463,1439,7069,5246,1311,---4,4,2,3,5,5,3,4,5,2,
128,642,8517,10,5235,2392,858,8220,6877,8638,---3,3,3,5,3,5,2,2,2,2,
9220,5078,4807,4335,3474,5363,1236,7574,7844,1183,---2,3,3,5,3,3,4,3,3,2,
7233,3043,7430,6887,7528,4811,213,1227,8381,6526,---3,2,4,4,2,5,2,5,3,4,
7427,4132,5961,5130,1260,5490,4146,6899,6142,8254,---2,5,2,3,3,3,5,3,3,3,
6017,899,2694,2566,9610,9517,3704,2878,1535,---3,4,3,2,2,4,3,3,5,
9252,2597,5129,1903,5011,3061,8149,4603,6661,---3,4,4,4,4,5,3,5,4,
5697,8100,7466,909,2894,1620,6830,6266,8858,---4,4,2,2,4,2,4,2,3,
9825,4706,100,101,2439,488,9769,303,6928,---2,2,2,2,2,2,2,4,4,
3939,6863,2707,2708,9237,5974,4185,1659,8373,---2,5,4,2,4,5,2,2,4,
2305,8260,5254,7240,13,845,4271,408,6782,---3,2,3,4,5,4,4,4,3,
2432,6498,2695,2602,5683,2098,3251,2421,6488,---5,2,2,3,3,3,2,5,4,
5217,9251,7819,5036,1933,1618,6292,1302,4031,---5,5,2,5,3,3,4,3,5,
737,5794,5413,7403,4780,6829,5489,4820,7639,---4,4,4,4,2,2,4,4,5,
8577,9396,2887,9012,7830,2937,7005,9918,---2,4,4,4,2,4,3,3,
1415,2696,587,4342,2263,4088,9276,9405,---2,4,4,5,2,3,3,2,
7488,6823,4712,1771,3981,2926,424,4606,---2,3,4,3,5,5,3,4,
4033,9283,69,5487,8020,6137,4986,6907,---4,3,3,3,2,5,2,3,
448,2188,7948,589,3950,7058,6837,2007,---5,3,2,4,3,5,4,3,
6784,3332,2470,519,2601,8046,9074,3772,---2,5,4,5,4,3,3,5,
2720,802,8099,1297,9869,8401,9492,9751,---2,4,3,2,5,2,4,5,
6112,5482,7565,2510,7280,8274,1555,633,---2,2,3,5,3,5,3,3,
4832,4130,5828,7377,7767,3546,2621,1279,---2,3,4,2,4,2,3,3,
2870,1190,2381,752,6098,7477,1654,8318,---4,2,2,5,3,3,5,3,
3595,1264,8241,2324,3285,2362,671,---3,5,5,3,3,2,3,
6405,9707,7761,3539,312,6809,4220,---4,4,5,4,3,3,2,
3008,5190,399,4533,5816,3450,1117,---5,5,2,3,4,2,5,
5319,2761,1390,6032,594,3062,1879,---3,5,2,5,3,3,5,
5760,6504,8754,562,8852,21,7705,---2,5,3,5,5,2,5,
128,2978,8517,1287,8469,8220,6877,---3,4,3,5,4,2,2,
9282,8772,4012,4724,2519,2804,9567,---4,2,2,4,2,4,5,
4578,9579,1006,1010,5390,9305,1567,---5,4,5,2,5,5,3,
9764,5606,7693,2125,2833,4981,2879,---5,2,5,4,3,5,2,
5665,4867,2660,268,6000,1177,6269,---3,4,2,4,5,3,2,
4193,6662,6150,3435,2097,6,669,---4,2,2,3,4,5,2,
6690,8453,5928,6537,4152,9829,---4,2,3,3,5,2,
1060,4777,766,6041,222,9909,---3,3,5,4,2,2,
289,3561,1966,8527,2481,478,---3,3,4,2,4,2,
6530,1254,7586,9298,7668,3037,---4,4,2,2,4,5,
9282,8772,5167,6067,2804,9567,---4,2,4,3,4,5,
1824,7814,7500,6226,2677,2133,---3,2,4,3,5,2,
8416,5445,6218,2131,3031,7580,---3,4,4,2,5,5,
2466,4867,2189,1789,6000,6269,---5,4,2,4,5,2,
8744,3320,8187,1873,8257,---3,5,2,4,4,
9880,4283,8476,1109,5823,---2,3,2,3,4,
8016,427,4779,4375,151,---4,4,3,2,3,
2360,2372,1210,5396,8221,---5,4,4,3,3,
2897,6602,1670,9238,3687,---5,2,3,2,4,
9592,8378,907,1485,1895,---5,2,3,3,5,
6848,5880,6226,8452,1053,---2,5,3,3,5,
7232,7289,6427,2541,3630,---5,5,3,5,4,
2360,1210,2372,8221,8406,---5,4,4,3,4,
9664,9568,1954,1635,1675,---2,4,3,2,4,
184,5937,8138,8379,---2,2,4,2,
3667,6059,5678,---2,2,2,
4856,4995,9157,---3,3,2,
7787,8421,---2,2,
