7170,1669,1542,6153,7437,1678,2192,3091,1561,3868,5189,48,3526,8231,1705,6954,5934,2479,7216,9783,56,3167,4542,3649,6725,5318,9271,7630,4432,4178,2382,7896,3293,8671,8162,4196,935,9708,253,6384,9587,2110,6185,632,1658,1021,2814,---3,2,3,5,3,3,5,4,3,3,2,3,5,4,2,2,4,3,2,3,4,5,4,4,3,3,4,2,5,4,5,4,3,5,2,2,5,3,5,5,5,5,2,2,3,3,5,
2816,171,900,6927,5520,6673,1667,819,2717,5150,3909,6819,5674,9899,3628,8952,8110,1455,2099,8757,1079,1858,7981,4428,6096,3793,9433,5212,862,4703,8417,355,5094,8785,4200,8935,3437,4081,3442,9206,119,9464,4221,8702,---2,5,5,4,4,3,4,3,2,4,2,4,3,2,4,4,3,4,4,4,2,2,5,2,4,3,4,4,3,2,5,3,4,3,3,2,3,2,4,5,2,3,4,4,
7298,9485,6545,2706,8213,9110,2845,8098,6565,4262,809,2349,5169,2226,3256,3129,1087,7490,228,4169,1740,7374,335,340,1124,8411,1501,8229,3553,7522,2916,6373,7014,4971,7020,8942,4725,3574,8570,7420,---5,3,5,4,2,5,4,4,2,5,5,3,5,2,3,3,4,5,3,2,4,2,2,3,5,3,2,2,3,2,4,3,4,4,5,2,4,3,2,3,
1643,6973,7950,5651,5659,8733,9246,7199,33,3878,9514,7467,7596,6321,6068,5355,6457,9403,8125,2750,5700,5836,6476,1871,4436,853,6617,6492,5220,8166,1255,8937,5226,4715,5998,5565,6461,9462,8446,5333,---2,3,3,4,3,3,4,3,5,2,2,4,2,3,5,3,2,3,4,5,3,3,3,5,3,3,3,4,3,4,2,5,3,5,5,5,2,3,5,3,
6914,1924,5135,5907,534,9240,3460,7967,9635,1316,810,7623,4652,9776,177,6198,7095,2591,4571,5824,6726,455,9673,7626,8887,1443,2645,1039,4065,3810,2407,8040,6258,9715,7290,636,9983,---4,4,2,4,4,4,5,2,2,2,2,2,4,2,3,3,3,4,4,3,4,3,4,2,3,2,3,3,5,2,3,3,4,2,5,2,2,
6532,645,2573,19,3350,5911,3227,6300,8479,4770,6949,166,6953,6570,5941,7222,5944,3897,9535,3652,2119,1096,843,4049,4182,4695,9432,5596,4573,3936,3299,7017,7402,7412,6007,6009,7291,---4,5,4,5,4,3,3,2,3,3,3,3,2,2,4,3,3,4,5,4,3,4,4,4,2,4,3,2,2,3,4,3,5,4,3,3,2,
4865,1794,5379,9862,6151,4745,4567,4620,535,8987,2332,9632,9689,9508,7206,295,4653,3635,4795,5566,5702,9932,8142,7634,5717,1750,7033,1624,4004,7149,114,2420,3960,2425,2554,4222,---3,4,3,4,2,3,3,3,3,5,2,2,2,5,3,3,4,4,5,5,4,2,3,4,5,3,4,2,2,3,4,5,5,4,2,3,
8193,6404,1793,2441,2058,8843,401,2451,2841,6810,4506,804,5288,553,2346,2205,5680,3121,690,3765,9789,7616,7489,7107,6858,8271,6736,3670,5977,2938,4816,5990,9831,2290,1402,---5,3,2,3,5,2,3,4,5,3,2,5,5,5,5,4,2,2,3,2,5,4,3,2,5,2,5,2,2,4,4,5,5,2,4,
9729,4358,5001,5645,8341,4378,1566,9631,1061,8108,4014,6821,9394,6715,1597,5311,9026,6979,72,9037,6221,1741,3410,5535,4317,1118,3679,8161,7611,8294,7658,8815,3957,2297,5759,---4,3,4,2,4,5,2,2,4,2,4,2,3,5,2,5,2,2,3,2,5,5,2,4,3,3,2,5,2,2,4,3,2,5,3,
3972,407,5647,2960,1301,8087,2970,6173,4256,8105,4082,4019,4536,6078,5567,5312,6981,1993,8651,3153,9048,9743,6494,4325,6628,614,1894,7912,4074,8687,7665,8306,7548,4501,---3,2,4,3,2,2,5,4,4,4,3,4,5,2,3,5,2,4,2,4,3,2,3,4,5,4,3,2,3,4,3,3,2,4,
1537,2179,9860,4103,4361,2955,7951,8082,1815,6980,1393,301,5552,9331,1588,7862,5183,1218,1091,6596,5071,3283,986,2399,3040,6116,998,111,4336,9329,3443,5755,1917,5887,---4,3,4,2,2,3,5,5,2,3,3,5,5,5,5,5,4,4,4,2,3,2,5,2,5,3,2,2,3,4,5,4,4,2,
9346,1416,8706,2574,5392,5266,3735,5272,4382,8902,5415,1202,3761,3378,4403,6074,7612,7108,8774,9799,5320,2249,4047,5712,4313,7304,6748,5853,8546,8679,274,3952,6898,1268,---4,3,3,5,3,5,3,4,4,4,5,5,5,2,5,3,4,3,2,4,5,5,2,3,2,3,5,4,4,5,3,5,3,2,
2698,2055,3465,8842,1931,8846,3992,2579,6296,7195,5277,4254,9759,546,40,3117,3119,8112,8630,2743,202,7483,4490,3786,5091,2152,239,3440,6259,9847,2298,7935,---3,3,4,3,2,3,3,5,3,5,2,5,4,5,2,5,2,2,4,4,4,3,2,3,4,2,4,5,5,4,2,5,
1152,4100,1797,9961,9356,8467,8345,6297,1307,9244,3998,928,5531,8877,1969,7090,7739,6080,9539,1015,460,7501,8273,212,7649,7657,9839,3953,9714,3063,9341,---2,3,4,2,3,3,2,5,3,4,5,4,5,3,5,2,3,4,5,4,2,3,5,2,4,2,3,2,4,3,4,
4608,1538,8581,4360,4376,1683,7447,2456,7193,7067,2053,6176,548,2342,8487,4013,6621,904,4018,7091,9400,1977,58,4028,6857,6733,3801,8890,7916,9875,9209,---2,3,2,2,5,2,2,2,4,4,4,5,3,5,4,4,5,4,3,4,5,5,3,3,2,4,4,5,5,3,2,
2882,5592,7571,6807,4248,2334,9768,5290,9772,9136,6430,6838,6718,2754,6086,7496,969,9930,5067,2904,9817,5340,8423,764,9455,3954,6387,3318,7159,5116,5501,---4,5,2,4,2,4,5,5,4,4,4,2,3,3,4,3,3,4,4,3,3,2,3,3,4,2,2,5,5,4,3,
7041,5891,6661,9097,8258,8337,7315,6982,3100,2719,1568,5793,5795,2597,9773,4784,5129,137,570,4161,8642,5958,713,2002,1751,604,5818,5797,4198,4603,---2,4,2,5,4,4,5,5,3,3,3,2,5,2,5,2,5,4,2,2,2,2,2,4,3,3,3,3,5,5,
3691,3716,2953,398,1812,22,6178,4773,9261,1582,4913,9138,8885,1078,191,1988,332,9677,8656,8024,1497,4699,2526,2656,6755,7915,1388,1139,3746,8696,---3,5,5,3,2,3,2,4,3,5,3,5,5,2,3,2,3,2,3,4,2,4,2,3,3,4,4,4,4,3,
8962,1801,6155,7436,5909,155,9116,6561,3623,1070,6452,1848,2100,2500,9032,6219,591,6993,7763,9556,5589,6366,9826,5329,3564,5617,2035,3572,7797,7035,---4,2,4,5,4,4,5,2,5,5,5,4,3,2,2,2,5,4,5,4,2,2,5,4,2,3,2,5,5,4,
6019,5258,1291,6800,3991,8472,1691,7711,4387,9637,3366,429,6703,816,689,7604,2207,9077,8654,1360,337,7379,3918,7383,1617,3433,3693,6261,8917,---4,3,3,3,5,2,5,2,5,5,3,3,3,3,5,4,2,4,3,4,3,5,3,2,4,5,4,5,5,
4869,9478,776,913,5394,5395,1045,157,7335,4786,693,9912,322,1476,1398,326,6215,5832,207,4183,9577,679,5485,9582,758,3190,361,1403,6549,---5,5,2,4,3,4,2,3,3,3,5,5,3,2,2,2,3,5,4,5,4,2,5,5,5,5,4,3,2,
8963,9615,7702,8346,4379,8092,6301,9121,5155,2729,9392,5041,6893,7223,6073,4665,2246,8505,8920,9562,3932,4191,4320,8929,1127,7917,2167,8314,9214,---3,2,3,5,4,5,5,2,4,4,2,4,3,4,2,3,4,3,2,2,2,4,4,2,3,2,5,5,5,
8836,4229,7818,2957,527,1172,7448,3120,5796,4397,3888,2737,5554,7350,61,5954,6852,9933,3860,3300,8282,9185,1508,2153,5994,110,6265,6011,8572,---5,3,5,2,3,2,5,5,4,4,5,2,4,2,4,5,2,5,2,2,3,5,2,2,4,5,2,2,2,
5248,5890,9475,2056,1802,6923,107,1046,5399,9241,3106,7847,6322,4447,1575,6263,6607,1361,9683,9167,3805,9055,224,849,9449,4331,7926,4087,3577,---3,5,2,5,4,5,5,3,3,4,4,4,2,2,2,2,3,5,5,3,2,3,2,2,2,2,5,2,3,
7172,7687,3464,3342,7957,7834,2718,42,3756,3375,3571,1334,2805,8640,7491,8903,1229,3534,4943,4963,3542,9050,6750,6367,4704,995,1267,3444,9333,---3,2,5,5,3,3,4,5,3,5,3,3,3,2,5,2,5,3,3,5,2,2,4,5,3,2,2,4,5,
3200,9609,9482,2316,2831,6801,6933,5538,6442,4524,1454,2738,6710,8761,2747,8520,4300,5197,9937,6610,6749,6629,3431,7401,7148,6897,4596,8830,---4,4,5,2,4,4,4,4,2,4,3,5,5,5,2,2,3,2,4,2,4,4,4,4,4,2,3,3,
1154,2563,3591,6924,2069,3742,4384,1314,4521,7220,2106,188,4798,7617,6597,9484,1614,8912,3414,2139,8157,4830,9439,7653,6005,7415,9340,---3,3,5,4,2,2,3,3,5,4,4,3,2,2,4,4,4,5,2,2,2,3,2,4,4,5,2,
768,8967,1800,3083,1325,3997,5790,8610,2851,8356,4136,7212,2861,9518,4616,436,7349,182,6075,3904,4801,1350,8927,7264,4068,2154,7287,---5,2,4,4,3,5,4,2,5,2,3,5,5,3,3,4,5,2,3,4,5,2,5,5,5,3,4,
3717,3725,9871,8848,9363,5014,153,5658,8990,3110,9265,9528,2367,5955,3344,7129,5342,1503,3937,9446,1002,876,2288,6131,7545,2682,1918,---5,3,5,2,2,2,5,4,4,3,2,4,4,4,2,2,4,4,5,3,3,3,3,2,2,4,5,
4483,393,1807,9754,2459,1823,4129,9692,7282,2992,2876,446,4032,8897,5188,5192,476,4702,9186,2533,7276,8173,2158,8177,8818,9588,892,---2,3,5,5,3,3,4,3,3,5,4,5,5,4,2,2,4,3,3,5,5,4,2,2,3,4,3,
1536,3971,3084,5263,4112,9242,2461,3359,675,2982,1607,8119,3778,5063,9160,1609,5714,5587,8276,2518,9442,4451,7147,494,8915,118,7671,---4,4,3,4,4,2,5,2,5,3,3,2,4,3,2,3,2,5,4,2,4,5,3,3,4,4,4,
2689,4523,9985,6157,7694,413,5162,2183,2993,4407,8511,4290,583,2638,2255,1252,3420,9181,3934,5730,7524,4585,5356,6896,4471,3193,1159,---5,4,3,5,4,5,2,2,5,5,5,3,3,5,4,4,5,4,3,5,2,4,3,2,2,5,4,
9358,9645,5912,2462,7583,6640,4651,3244,3885,6062,8947,826,8607,8383,2752,961,7752,8649,458,3419,2411,4076,365,9840,7411,8767,4348,---4,4,4,2,4,3,4,3,2,2,5,5,5,5,3,5,5,4,3,2,4,4,5,4,4,5,4,
6272,897,3846,2049,925,8096,3108,8742,6959,3250,8247,2617,5821,9162,205,9601,3154,6611,2900,7255,5208,36,9310,8801,6249,2293,1278,---2,5,5,4,4,4,5,2,4,5,5,3,5,4,2,5,2,2,4,3,2,4,5,3,2,4,5,
4481,6786,9347,2694,7305,9610,6541,3728,5144,2329,5410,4778,2610,2997,6217,1852,5705,4430,5327,6358,993,2569,2661,872,3689,7292,---2,5,3,4,5,5,5,3,3,4,2,2,3,3,2,2,4,5,4,5,3,5,3,4,2,4,
7938,2822,2370,5006,2964,5142,1949,160,418,173,8185,1972,7991,4674,8899,3272,5711,9486,8534,471,8798,3048,109,9977,3066,5205,---5,5,3,5,3,3,4,4,2,4,4,2,4,3,3,3,4,2,4,2,3,2,2,2,3,3,
6146,9738,5762,4881,1686,4894,9395,438,7997,9920,9668,7495,3788,5582,4819,5973,4055,5080,9594,9832,4201,8691,2537,1146,6780,---3,4,2,4,2,3,5,2,3,4,4,2,4,2,3,5,5,5,3,4,2,2,2,2,5,
8755,8594,8854,4505,8986,1957,561,3500,6447,6064,8113,5939,5172,2502,6345,9936,5076,9813,5206,3812,8422,7788,5744,5361,372,---3,3,4,5,2,4,3,3,2,2,4,3,2,5,4,3,3,5,5,5,3,4,2,4,2,
3843,3590,8327,5137,6546,5785,4636,7130,4518,423,9897,2567,7855,9526,6202,3794,2522,1884,741,1382,3817,3942,5113,123,3070,---4,4,3,4,4,3,4,3,5,4,2,5,3,4,4,3,2,2,4,2,5,3,3,3,5,
5249,4866,3081,5386,130,787,661,2592,3240,7083,4909,9914,6076,65,329,79,6737,7636,8280,8678,5484,6696,7922,8438,6904,---5,5,2,4,2,3,4,5,2,2,3,5,5,3,2,3,3,4,4,2,5,2,5,2,2,
1671,6409,2713,3996,6816,4131,1963,2351,1721,573,1855,835,6724,710,4808,9292,5923,6359,5081,4315,2672,3313,8061,9342,7807,---4,2,4,4,5,5,5,4,5,4,2,3,4,3,4,4,4,5,2,4,4,2,2,4,2,
256,1804,9742,2321,1042,7189,8342,3994,27,3876,3629,5302,6586,5694,6346,4318,1759,4452,6758,5865,1903,4848,6389,2936,3581,---2,2,2,4,4,2,2,2,5,2,5,2,3,4,5,5,4,3,4,4,2,4,2,2,3,
4,2568,1296,7831,2968,9011,1442,7331,5156,8998,7089,2482,1971,3254,4026,5960,4042,2513,9685,2525,8032,7846,9851,1916,---5,2,2,5,3,5,5,2,3,2,4,3,4,4,5,2,3,3,5,2,5,3,3,3,
2691,517,9355,8726,9881,2203,6559,1057,9387,8881,2740,1341,6338,9166,5459,4686,470,1498,5863,1085,1778,8820,1142,1273,---2,5,5,4,2,2,4,3,2,2,4,3,2,4,2,4,5,3,3,4,4,2,5,3,
2433,9605,6032,7953,6423,2328,8481,3529,6072,1850,6717,3398,2761,3531,594,7891,1879,5980,3550,1760,866,1390,3062,8827,---4,5,4,3,4,5,5,2,5,3,5,5,5,3,4,5,4,2,2,4,3,2,2,4,
1029,2182,4752,4241,6938,4122,6302,6947,6022,2218,4782,3760,7351,5696,9795,3653,1121,1992,1365,1500,4321,4753,5105,3453,---2,5,5,2,4,4,4,5,2,4,3,3,5,2,5,2,5,5,3,2,5,4,2,5,
8961,8326,391,7955,2965,3229,4772,936,8233,2605,3770,1477,2893,1106,3030,5722,480,8043,6255,5362,754,122,6523,7549,---4,2,5,3,5,3,5,2,4,3,2,4,2,3,3,4,5,4,5,2,3,3,4,4,
5,7825,8132,9373,3486,4511,2337,8738,5028,7598,7880,159,5438,3012,9672,8906,8655,2773,3672,7776,4577,9314,1392,2171,---4,5,5,2,4,3,2,3,5,5,2,5,5,4,3,5,4,4,3,5,2,3,3,2,
3712,9740,2452,5655,3874,3238,2728,5546,7219,9911,5560,9787,9929,2871,9806,4307,9428,3549,6753,3042,2355,4853,1657,1530,---3,2,5,4,4,5,4,3,3,4,3,3,4,4,5,2,5,4,2,5,5,3,3,5,
2944,7510,8197,6406,6408,6159,8853,1049,5765,9004,8495,6969,7372,6868,2390,6497,3430,359,7913,2667,2927,2163,7160,3477,---2,3,5,4,3,4,5,3,3,4,4,4,2,4,2,5,3,4,3,3,5,3,4,3,
8459,9104,5649,7698,4007,938,523,9805,2254,2383,8786,7118,1499,5470,351,5729,2917,7536,6645,5110,2041,9724,9642,---5,5,4,2,3,4,2,4,5,2,3,4,4,4,2,3,4,2,2,2,2,5,5,
9222,4106,9611,8078,5529,9379,2344,4664,5698,1861,459,3276,1230,5584,8018,9940,2779,2918,9065,4463,7156,2644,5119,---5,4,4,4,2,4,3,4,3,5,5,2,3,4,5,2,4,5,3,2,4,5,4,
4357,6919,1928,8457,5570,2830,3601,9362,817,4657,1461,6077,7362,1352,2634,9165,4944,6355,3427,3047,5614,6129,6643,---5,4,2,3,2,4,4,3,5,4,2,3,3,4,5,5,4,2,4,5,5,3,2,
6275,2564,6413,7055,1303,8353,2082,1699,4134,1968,8886,9150,2880,6210,9290,6353,7971,2135,8591,7133,9059,4713,1770,---5,2,3,2,5,4,2,5,3,5,4,4,3,5,5,3,4,4,3,4,5,5,2,
8199,6412,8851,1684,2837,5534,2220,4405,1466,5181,4670,319,4292,7111,2896,7395,9040,739,618,5236,9974,631,767,---3,2,4,2,5,5,3,4,4,4,5,2,5,5,2,2,5,5,5,5,2,5,4,
1043,5273,2969,923,1011,673,5019,2352,7667,66,3489,3912,6731,8153,9195,4371,9071,6576,9721,5498,9467,8115,5375,---3,5,4,3,2,2,2,4,5,4,3,2,4,4,2,5,2,5,2,5,2,4,5,
649,2061,3983,4508,8872,6578,5299,2506,8384,9291,837,8778,7883,9101,6481,2386,1630,4844,3341,8309,503,3832,507,---3,5,4,3,2,2,5,3,5,5,5,4,2,4,5,4,3,5,3,2,4,4,4,
6656,2816,2947,2951,6927,8471,1688,1562,9501,5163,8494,2099,3437,3385,62,6723,3020,4428,8377,2654,608,740,5869,4081,8583,4859,6397,3711,---5,2,3,5,4,4,5,5,3,3,2,4,3,3,2,4,3,2,5,3,2,3,3,2,2,2,3,5,
4893,9349,2696,5776,8081,7317,3223,6941,158,5661,1200,8629,5433,5563,9276,1344,4951,3806,912,4584,4342,121,---5,4,2,5,3,4,4,2,4,3,3,5,2,5,4,5,2,2,5,4,2,4,
519,5128,152,3737,2210,5924,2470,2601,263,8759,3772,8768,3639,6480,1370,7010,4067,5224,5227,7533,8046,9074,---5,3,4,5,3,5,5,3,3,5,4,2,5,4,3,4,4,2,3,3,2,3,
6659,2692,2310,8713,7054,6298,9132,1837,2863,2864,5297,1331,4158,6341,9544,7247,7641,4956,5727,2280,1773,2670,---2,2,5,2,5,3,4,5,3,4,2,2,2,4,5,2,5,4,4,2,5,3,
5632,3457,7939,6543,7059,37,6567,3243,7983,9520,4529,8524,467,1880,3804,6237,3041,7523,4329,6931,9972,5367,---4,2,2,3,5,4,2,5,2,3,2,3,3,5,5,5,4,5,4,5,5,2,
6020,8838,6465,8088,3485,2849,1414,9129,1836,2359,3257,3134,2113,8387,8357,9312,1892,2534,6386,6778,7679,9343,---5,4,4,4,2,3,2,4,2,4,2,3,5,4,4,3,2,2,3,4,5,5,
8834,4356,1036,7184,1427,1432,8218,9371,7200,417,5043,2998,8503,2336,3907,6344,203,8804,9965,5870,9330,3833,---3,4,4,5,4,2,5,2,4,3,2,5,5,5,2,2,5,3,2,5,2,4,
5893,4488,142,5010,9255,6443,813,5173,4793,5574,7241,4942,4175,6865,1877,2145,8044,3181,6638,8560,3569,6649,---3,2,3,3,2,5,2,4,3,3,4,2,4,3,4,4,4,4,5,5,3,3,
1667,900,646,4231,2828,5520,7697,9367,8600,6555,2717,5150,734,6309,1702,171,7155,820,8757,1079,6716,7093,1858,3909,4934,6673,9433,5212,9053,862,3295,5094,8935,7660,9709,2032,3442,7539,9206,119,4221,---4,5,2,4,3,4,3,2,2,3,2,4,2,2,5,5,5,4,4,2,4,4,2,2,2,3,4,4,5,3,5,4,2,2,4,5,4,3,5,2,4,
2496,2558,2018,5885,5060,3592,824,5422,3215,7344,7857,6371,7998,1171,3416,3268,1978,5987,6557,4766,9853,---2,3,3,3,3,5,2,2,3,5,4,5,5,4,2,2,2,3,2,2,5,
1728,6721,6082,5507,2630,5802,4937,4394,7918,4497,9938,7187,1524,9998,7577,3065,3995,6556,9949,4116,927,---3,4,3,4,3,5,3,4,3,5,4,3,5,5,4,2,2,2,5,5,5,
416,1569,8034,1627,68,3766,3883,2860,7661,7823,4237,498,7283,6996,5877,5654,4343,3576,1019,5276,9758,---2,2,5,3,4,4,4,3,4,4,4,2,5,2,5,4,2,3,4,5,4,
1410,6203,8997,7517,8041,5579,5676,3853,3599,3280,657,2578,894,4534,9623,4639,8122,3743,1821,8222,3871,---3,5,2,5,3,4,4,3,3,5,4,2,4,3,2,5,4,4,3,3,2,
6592,9570,7203,3236,8773,6664,5065,2474,4907,5612,8367,144,8555,4884,9590,4396,3001,250,7643,5374,3263,---2,3,3,5,2,3,4,3,2,4,3,3,3,5,3,5,3,2,3,5,4,
3561,7747,812,5835,9159,4168,3612,3147,1868,6318,8527,2545,67,2292,1270,3401,7608,4089,220,3363,2782,---4,2,4,4,3,2,4,4,4,5,2,4,2,2,2,4,5,2,5,4,2,
6849,9506,9891,8038,1703,5097,1451,8684,4850,9982,4155,839,2622,9015,8567,7225,7866,9563,3371,5726,1209,---2,3,4,4,2,2,4,5,5,5,2,4,4,3,5,2,2,3,5,4,3,
1923,6820,4374,2151,1033,7498,6287,4027,558,2653,4400,8625,6742,6388,4470,567,8219,5308,4029,9935,8521,---5,2,5,3,3,2,2,2,3,5,5,5,5,2,4,2,5,2,3,2,3,
3296,7201,6187,9284,6918,3174,8812,7723,2700,7328,8302,7631,2096,3825,980,5038,9175,6744,6460,7550,5663,---4,4,5,2,2,2,4,4,4,2,2,5,4,4,4,5,5,2,5,4,3,
5408,3329,4731,2629,1798,8391,2508,9613,9710,1293,3025,3186,2195,5619,5721,6968,8697,2874,9979,2170,5039,---3,2,3,3,3,4,4,2,2,4,2,4,3,4,5,2,4,2,3,3,4,
3776,1665,3234,7812,2373,9830,4617,8806,8683,9836,1357,4142,7345,3923,3028,772,6040,2393,3002,6364,357,---4,5,5,3,4,4,4,3,3,4,5,2,5,5,2,4,4,4,3,5,5,
352,4289,1634,1444,7151,4815,8137,8492,5646,6575,7439,1170,5300,9470,1814,4858,7099,8732,4634,6846,2655,---5,2,3,2,4,3,3,2,5,4,5,2,5,2,5,5,4,2,3,5,3,
3584,2657,5411,6405,1528,9931,5991,7113,6667,6860,8621,621,7768,2611,2398,7973,6304,312,3261,5950,7103,---5,3,3,2,2,3,3,2,5,4,3,4,5,2,4,5,2,5,3,4,5,
9441,6850,1828,1473,2985,7593,3916,9524,3961,2224,7217,8147,5492,5781,9302,7673,7257,7451,1744,7486,---5,5,2,3,2,3,5,4,5,2,5,3,5,2,4,4,3,4,5,4,
5985,4514,571,5509,7175,6236,1387,2701,719,2111,8051,1781,9727,7096,1337,5402,1147,6844,8606,3551,---3,4,5,3,3,3,2,3,3,4,4,3,2,4,2,4,4,3,2,2,
4288,8577,7202,8195,7830,2887,6057,2603,3540,6669,5166,7887,9456,1907,9012,4469,707,2296,9250,3533,---4,4,4,4,5,5,2,4,5,3,5,5,3,5,5,2,3,4,4,5,
6785,963,2948,2358,7686,9134,5180,8205,9326,2669,80,1747,1746,4595,9300,6229,4022,5852,9182,9653,---2,4,2,4,4,5,3,3,4,2,3,5,5,2,5,4,2,5,2,2,
8826,5348,5061,178,8680,7044,8844,1805,5968,6888,4402,5908,1557,4279,1689,5202,7196,8698,3454,5989,---4,4,3,3,5,5,5,5,3,4,4,3,5,4,3,4,4,3,4,2,
2912,2148,6181,3560,1548,7786,9643,1516,9106,2862,6089,8307,8628,2990,5495,2040,2265,842,2781,6110,---2,5,2,3,2,3,4,5,2,3,5,3,3,2,3,3,5,5,5,2,
3424,6273,3650,6403,5572,225,104,5468,9706,7691,8940,5841,5504,9987,7646,502,4633,9916,554,7262,---3,3,4,5,3,3,5,4,5,3,4,5,2,3,5,5,5,4,2,5,
84,641,3779,4740,469,2252,1198,8592,5681,146,756,3166,5145,3064,4281,8730,572,1722,2046,4351,---5,2,5,4,3,5,4,2,2,2,3,5,5,5,3,5,5,3,5,3,
8576,2438,5858,1732,902,390,4743,9608,8204,1932,7725,7886,9679,3304,5715,590,694,602,2842,9626,---4,5,4,4,2,3,5,4,2,5,2,5,4,2,5,4,3,3,2,4,
7952,457,1399,2596,585,6538,5847,5324,3789,5550,1709,7376,1490,341,823,537,5306,8924,1213,1150,---4,4,4,4,4,4,4,2,4,2,4,4,2,3,4,3,4,4,4,4,
4001,386,8067,1430,2854,3399,5161,8139,7308,333,7470,2639,4465,5746,4276,982,4952,9018,1211,4383,---5,2,4,4,5,3,2,4,5,3,3,2,5,2,2,2,5,5,3,2,
1126,5328,8932,8518,838,929,5448,7881,3850,5383,3165,2575,2416,6291,7637,4854,1909,9533,7038,8159,---4,2,5,3,2,5,4,5,5,3,4,5,3,4,3,3,5,5,4,4,
4640,9986,6691,356,8165,1158,9193,4499,2509,7822,2221,5456,6195,8500,6421,1731,4824,5966,9583,2749,---2,4,2,4,2,5,3,5,5,4,3,2,5,3,2,2,2,4,4,4,
9666,2748,2791,4719,6569,1835,2755,8123,6063,1329,3407,947,6324,8022,1193,1716,5275,4732,3613,4063,---5,5,4,5,5,4,2,3,5,4,3,3,4,4,3,3,4,4,5,2,
0,4987,4166,262,9096,1452,3915,5228,2413,6862,1167,688,6994,6004,7445,3796,7759,2683,5117,981,---3,4,5,5,3,5,5,5,5,2,2,2,3,4,2,2,3,3,5,2,
3360,4929,2115,9091,2244,3881,6499,8140,7599,6739,2101,8246,3127,1583,5077,2235,5724,4992,5237,---4,2,5,3,4,3,2,4,5,4,4,2,5,2,4,2,4,2,3,
6882,7205,8006,1073,7595,5330,733,8688,1105,4184,3924,3349,9431,1048,788,217,6845,606,9663,---5,4,2,2,2,4,4,5,2,3,4,4,3,3,4,2,5,3,5,
3232,4162,4803,6470,4561,6440,9452,5450,1995,8332,5806,8816,3729,6357,4021,5371,2012,5578,8501,---4,3,4,2,2,5,4,3,5,3,4,4,3,2,5,3,2,4,3,
483,5284,7795,1738,3036,8202,334,9007,2384,5667,4213,2966,9497,7780,8762,6415,9020,797,7854,---5,3,2,5,4,5,5,4,4,3,5,5,5,4,4,2,4,4,5,
1632,5121,4955,7109,7302,4296,7785,9163,8622,1295,2164,4919,2200,2137,7194,6619,3579,318,7675,---3,2,4,4,5,4,5,3,5,3,4,5,4,4,2,4,2,3,2,
4961,8587,7045,5638,9127,8075,525,1711,9712,3441,5108,5876,5430,1016,3892,3258,6511,2302,7615,---5,3,3,2,3,4,4,5,2,4,2,4,4,2,2,3,2,5,3,
6337,6978,6051,6859,3242,75,9196,2914,8782,7791,3224,6211,6613,6134,3512,857,7418,5406,6997,---3,3,2,4,3,5,5,5,4,3,3,4,4,4,2,2,2,4,2,
5475,8454,8145,6426,6698,6028,1682,8143,4721,8434,8179,6932,7070,3898,9691,8094,9117,4190,863,---5,5,2,5,4,5,5,4,3,4,5,2,3,4,4,3,5,4,3,
5919,3905,4994,667,7525,3803,1767,8200,3049,3143,4144,5008,9841,6773,5336,9339,6108,5502,2431,---3,2,5,3,3,3,4,3,5,3,3,5,3,5,4,5,3,4,2,
7745,8643,3334,5031,6952,6410,3470,5904,8723,4755,5616,4598,1687,276,4698,3039,380,1840,7989,---2,5,2,2,3,2,5,4,3,5,4,3,2,5,4,3,2,2,3,
7713,7746,5381,8486,9735,2092,6474,6955,620,7537,2612,2686,6911,5688,1940,2021,7772,8958,8133,---2,2,3,3,3,5,5,2,3,3,5,5,4,3,4,4,2,3,4,
9376,7553,652,1571,2052,3686,4297,7319,9612,9421,4206,781,3951,3308,5271,4025,4282,363,893,---2,3,3,4,5,2,4,3,3,4,4,3,2,2,5,3,5,3,4,
8228,6789,1638,945,8360,1022,4842,7949,9648,5000,4498,7859,7284,8382,9636,4730,3646,8821,---2,3,2,4,5,2,3,2,4,4,5,2,2,4,5,2,5,5,
8130,3265,9090,3459,871,9003,1066,3947,3277,8559,3984,3027,8089,3769,2650,7836,8317,1843,---4,4,3,2,2,4,3,4,2,3,3,5,3,4,2,4,3,5,
8624,6274,3141,5926,7313,3116,6738,3246,271,5936,6577,5426,6870,6167,3448,2038,541,3677,---2,2,4,3,4,2,5,5,5,2,5,4,4,3,5,3,5,2,
4097,7426,8131,2187,2471,3720,8135,6188,8717,4205,643,8692,5269,5657,5316,4255,231,4223,---5,4,4,2,4,2,2,4,4,2,4,4,4,3,3,5,2,2,
6948,6693,9190,5159,584,4716,9644,4366,1103,1104,2161,7827,1174,7497,7256,8601,9884,4127,---4,3,5,3,3,5,4,5,5,3,4,2,5,2,2,2,3,5,
9515,9412,4054,6088,9833,2026,3671,8463,9009,4980,9790,7126,1081,8150,3865,7101,9854,4415,---5,5,5,2,3,5,3,3,5,2,4,4,2,2,4,3,4,5,
7330,7651,1925,3782,1001,9322,6455,2028,2829,1808,2642,1205,1623,3449,9660,5532,9534,3637,---3,5,4,4,3,3,3,5,4,3,4,4,2,4,5,5,3,5,
1601,7874,3,1239,198,296,4532,8557,7632,5042,1076,9718,6839,4024,4948,7930,701,6905,---2,5,3,3,3,4,3,3,2,4,5,4,3,2,2,3,3,5,
9984,6690,1187,4580,9829,2984,3050,5527,7820,3245,3919,4741,4708,6644,1369,7940,9499,8453,---5,5,4,5,2,4,3,4,3,2,5,3,5,3,4,3,4,4,
6267,3620,9606,5542,1320,169,6347,3660,6854,9288,6579,6966,4489,9913,5466,8443,1052,7197,---5,3,2,3,2,4,4,3,5,4,4,3,5,3,3,4,4,4,
4897,4034,6851,886,3815,9289,5738,9751,3436,9869,9810,7681,373,2742,3895,802,8828,6783,---3,5,3,3,2,5,3,5,3,5,5,3,5,3,5,2,3,2,
2848,9360,7652,7152,7911,1032,905,8039,3404,7853,7183,1584,8405,5664,39,2458,1125,5669,---2,3,5,2,5,5,2,4,5,5,5,2,4,2,2,3,4,4,
246,6148,950,9297,5425,9161,5419,2924,7037,3505,53,6006,6362,3291,412,8765,5918,2229,---5,2,2,5,4,5,4,4,5,4,4,5,2,5,3,2,4,5,
4353,8770,4390,4998,6193,6940,2986,1799,8930,2926,465,4150,2722,7295,8444,7722,3807,6687,---2,5,5,5,5,3,4,2,2,4,5,4,3,4,4,3,5,3,
1729,1762,7555,3626,1975,4684,5357,462,269,1937,7538,4787,5460,6509,3162,7835,9295,9546,---2,2,2,5,2,2,4,2,3,4,3,2,3,3,4,4,4,5,
5409,4194,9282,2181,2519,453,7019,5250,270,4724,4978,2804,3319,2004,2234,6052,732,9567,---3,4,5,4,4,4,3,5,3,3,2,4,5,5,2,3,5,5,
4715,3463,3724,8334,4367,5651,5653,5659,3615,6436,3749,2214,7596,6068,6457,8506,5947,4285,1643,5965,1871,6869,6617,5723,7645,9403,8937,5355,2684,---5,2,3,5,4,4,4,3,2,4,2,4,2,5,2,4,2,2,2,4,5,4,3,3,4,3,5,3,3,
9856,7433,1294,7708,8995,5805,1723,2623,6597,8907,1614,8913,2389,7511,2139,8157,4830,9439,1509,9318,6005,6393,124,125,---2,3,2,3,5,3,4,4,4,5,4,3,3,3,2,2,3,2,5,5,4,2,2,2,
7570,5907,9620,3864,5274,2591,9761,1443,5292,9776,6709,8223,6079,5824,6726,9803,5849,5851,6381,9711,7544,1300,6141,---2,4,5,2,3,4,3,2,4,2,3,5,3,3,4,5,5,5,2,2,2,4,3,
5384,7562,2315,1678,9233,5783,281,924,5537,3868,4017,4542,8127,464,9047,8671,8936,1518,8304,4456,632,890,---5,5,4,3,4,3,5,2,5,3,3,4,4,3,3,5,2,3,3,5,2,3,
624,3877,5158,9345,12,5134,592,8627,7061,8535,4440,7135,4635,2204,5981,3902,831,---5,4,3,2,2,5,5,5,4,4,4,2,3,5,3,2,4,
4579,1094,7431,8424,4999,9580,9903,7984,8536,4259,2836,6485,6872,4244,7132,5310,8565,---4,5,2,4,2,3,2,3,2,3,5,3,2,4,4,5,5,
8227,3111,6312,8019,4427,2732,5581,14,4621,2353,5075,9785,6170,2268,1962,6385,639,---3,3,5,4,5,2,4,5,2,2,3,3,5,2,5,5,2,
2272,257,7174,5830,7584,714,4833,4429,942,7373,6675,3447,9625,2202,509,4794,5757,---3,4,4,3,4,5,3,4,4,2,5,5,5,5,3,2,4,
3906,4419,4006,1833,3019,9548,3266,3480,3506,1429,7094,1304,7450,2843,6268,5725,3038,---2,5,2,3,2,4,3,4,4,4,2,3,5,4,5,4,4,
192,7841,1474,9348,9471,9545,1162,7243,6946,9359,1107,6100,4661,4575,4157,9374,7263,---5,5,4,5,2,5,4,2,2,5,2,5,3,3,4,4,5,
5120,2338,2150,1254,743,5225,9419,5325,6530,4623,9298,7586,7668,3605,5842,3037,9221,---5,2,3,5,3,3,4,3,4,3,5,4,4,4,4,3,4,
9473,3842,7707,1572,9638,2599,103,7945,2282,9323,7982,9042,4309,3958,3099,1404,1418,---2,2,3,2,5,5,2,3,4,4,3,3,2,2,4,5,4,
8866,4678,8728,744,4841,5866,189,2856,8181,9565,600,7400,7706,3035,2122,8158,1471,---3,4,3,5,2,3,5,2,4,3,5,4,4,2,2,5,5,
4128,5088,8235,8837,9704,3275,7724,7134,5768,724,7669,1463,5752,5753,3930,7131,3336,---3,4,3,5,2,3,2,5,2,3,5,2,4,2,5,5,5,
513,9115,6822,4742,977,7297,8810,3663,8720,8568,7251,7959,2840,6777,4443,9275,7004,---5,3,3,5,5,3,5,2,4,2,5,4,3,5,2,4,4,
6369,962,3875,4747,6475,3818,3959,8430,6909,8244,7221,9878,8951,7162,4799,2493,1151,---3,3,3,4,3,3,2,3,5,4,3,2,2,3,5,5,5,
8482,4644,454,9382,6306,6024,2733,7278,4072,4610,7124,3894,5175,966,2905,7007,1128,---3,3,4,3,4,5,3,3,2,4,5,2,2,5,5,4,3,
9954,2475,2758,2535,8392,1289,6315,5650,1679,4945,9112,3891,9780,4757,760,2877,8031,---2,5,3,4,3,4,2,2,2,3,5,2,2,5,5,5,4,
3937,5125,1318,6311,9446,9674,3179,7244,3886,4591,4912,2418,3344,2902,5342,2710,3354,6383,9629,4734,3717,---5,2,3,2,3,3,3,4,5,3,2,3,2,3,4,2,3,5,3,3,5,
9152,1859,3142,9927,3468,7626,940,9554,9263,8048,3633,3096,4147,8347,1173,534,9304,1755,636,---4,2,3,4,4,2,3,2,4,2,3,2,2,2,5,4,2,2,2,
6368,7136,2658,1035,6244,1989,8006,1867,7182,9649,9731,6900,9151,217,6047,6560,733,1534,4287,---2,5,3,3,3,2,2,5,4,3,2,5,4,2,4,2,4,2,5,
8288,8672,3011,8709,9062,6279,1065,870,6093,5699,5235,6325,3544,5177,7485,2270,2399,---3,4,3,2,4,3,5,3,2,3,3,4,4,2,2,5,2,
2976,9793,5323,3621,2124,4298,9483,396,5230,7342,7380,3893,7625,6714,187,8245,---3,3,2,3,2,2,5,3,4,4,5,3,2,2,5,5,
8960,7168,4258,6087,5800,5900,6668,5344,5774,3537,5940,3606,2168,4404,7774,6175,---2,2,4,2,4,2,2,3,2,4,2,2,2,3,4,2,
9505,3107,8484,1830,2472,311,5421,1326,47,210,1358,55,5455,3837,3326,8863,---4,3,2,2,4,5,2,3,3,2,4,4,4,5,3,4,
9888,7012,4305,3176,2857,204,941,3214,1453,2024,5331,4503,7396,8799,94,383,---4,4,2,2,2,2,4,4,5,5,5,4,4,4,5,3,
4736,7072,6083,5526,7910,3078,3527,4073,330,4299,9293,4723,2901,2294,8068,605,---3,5,3,4,2,5,5,2,4,3,2,5,2,5,5,2,
4224,4439,4931,5988,4265,7594,267,2354,6779,9778,6486,9335,539,3965,9694,4479,---3,4,5,4,3,2,2,5,2,4,3,5,4,2,3,5,
2624,1633,5548,9798,3949,1120,5708,5101,1549,8272,3391,9234,3183,1724,6782,8319,---5,4,5,3,4,3,5,4,2,4,3,2,2,3,4,3,
4896,2017,898,2507,678,2023,6472,6665,7863,6764,880,1138,2615,5191,4763,2815,---2,2,5,3,4,5,4,5,5,4,4,5,5,5,5,3,
2529,8739,4804,6917,1351,6986,8973,2318,659,5811,2806,9369,3578,7259,7036,8639,---5,3,2,4,3,5,5,4,3,3,2,3,4,5,2,5,
384,1028,5766,9766,232,4619,2000,7800,4278,6425,5112,8313,2102,5085,7390,8358,---5,2,5,2,4,3,5,4,5,2,5,2,4,3,4,4,
3648,1986,6329,4293,6375,8136,6135,6791,526,7125,9558,759,4344,8889,6204,6045,---5,2,2,2,2,5,5,4,5,5,5,4,5,3,2,4,
1761,8386,5252,2273,4748,9614,2322,2291,2356,5141,4887,9889,8154,6875,5754,8670,---4,3,4,5,3,4,4,5,5,4,4,2,4,5,4,4,
4539,3076,7976,1533,7927,1004,2190,143,5969,3890,2548,3255,9146,6139,4349,3582,---4,5,2,2,4,2,3,2,4,5,5,5,2,2,4,3,
9792,1056,8489,5482,7479,2380,3666,7565,7280,8274,172,3604,4085,7097,6680,633,---2,4,2,3,4,5,5,2,3,3,4,5,3,2,3,5,
3136,6464,9266,9607,4323,8491,6220,8589,8269,8370,6419,6136,2810,1851,2140,5439,---4,5,3,2,4,4,4,2,3,4,2,3,2,2,2,5,
5856,9825,4706,5571,101,2439,488,6972,4077,4655,5154,278,9769,303,1660,4381,---3,2,3,4,4,4,4,5,4,5,3,2,3,5,5,3,
7942,3346,7435,9388,1421,8526,5007,2994,5491,6581,9334,5463,1439,7069,5246,1311,---2,2,5,3,5,3,2,2,4,3,4,4,5,2,4,4,
6722,1283,9521,4968,6060,43,2636,3357,6352,8977,9172,7318,7325,5597,93,---5,5,5,3,3,5,2,5,3,3,3,2,2,5,2,
4235,3844,3495,6983,1097,3594,9547,2803,1941,150,4663,7352,8636,6365,5365,---3,2,5,4,2,3,5,4,5,3,3,2,3,3,4,
1345,1379,9366,5959,8456,9513,2045,5486,3279,627,9844,7958,5591,4604,7165,---4,3,5,4,2,5,5,3,4,2,2,5,3,2,2,
3521,1026,4291,7589,8775,9628,8267,8397,1084,8533,3862,7832,3292,2301,1054,---2,4,5,2,2,3,3,4,5,5,3,3,5,4,4,
5219,7894,2759,5675,2797,2963,4628,3317,4214,1944,7514,6939,7452,9946,542,---5,5,3,5,2,5,2,5,4,2,5,4,4,4,4,
9824,3355,806,7239,8008,7208,3434,4079,7760,5393,8916,8277,951,7279,4767,---4,5,5,2,5,2,4,2,3,3,3,2,2,3,2,
3456,6974,6985,2988,3278,1330,1395,9332,3445,9622,8791,3226,4860,5469,4478,---5,5,2,2,3,4,4,2,5,4,3,5,2,4,2,
1472,9705,5286,6438,8552,8009,4460,4525,8585,6765,7656,7381,4953,8792,2809,---5,3,2,2,2,2,4,4,4,5,5,5,4,4,2,
4768,9665,9603,4709,7336,9676,6253,6704,1553,8850,5913,8025,9435,1246,2213,---5,5,2,3,5,2,5,5,4,2,3,2,5,5,4,
7299,6340,6061,1322,2668,5453,1935,3600,5265,8946,2307,3316,6805,4311,6235,---4,5,5,3,3,4,2,3,5,3,5,3,2,2,4,
4240,8675,598,3497,9750,7979,8620,685,5200,4338,307,3731,4566,9975,8059,---4,2,4,4,4,5,4,3,5,3,2,5,4,3,3,
7936,8705,3235,4421,7655,490,1071,4928,1745,402,1878,762,5339,5850,8414,---2,4,5,2,4,2,5,2,4,4,3,5,4,5,2,
7394,4099,6372,9350,8426,7703,6563,9647,4624,3987,4308,1653,5303,4426,765,---2,2,2,5,5,4,3,3,4,3,4,5,4,3,3,
1250,676,4261,7559,4425,6122,5100,7245,7576,3093,5559,6104,5789,7934,7167,---3,3,3,4,2,2,3,5,4,4,4,5,3,3,3,
8256,2306,5124,5317,2536,7850,2571,9870,6992,9928,6707,1368,9627,1116,7870,---5,4,5,3,2,2,4,5,2,4,4,4,2,5,5,
9729,4358,5896,4378,8815,9631,6821,4273,808,3241,7601,9402,5535,6979,6221,9037,8530,7123,1118,3679,4705,1512,7658,8303,9083,6014,4095,---4,3,5,5,3,2,2,5,4,2,4,2,4,2,5,2,2,5,3,2,4,5,4,2,2,2,5,
7872,6050,2059,5511,1415,2696,587,749,4111,9618,7508,4342,2103,4088,4431,9276,9405,158,4951,---4,3,4,5,4,2,2,4,2,2,2,2,5,4,5,4,3,4,2,
9088,411,4324,5029,4710,2824,9035,7344,7857,9043,2453,5060,3675,2227,9469,5023,5247,---2,5,2,5,5,3,2,5,4,3,3,3,4,4,2,2,3,
3680,6657,5093,1191,2120,4843,7085,1736,8153,83,7828,3413,6688,1529,3194,---5,4,3,4,5,4,3,2,4,5,3,2,5,5,5,
869,6280,7560,7369,8295,7758,6640,1137,1298,9848,696,6042,8540,2685,350,---5,4,3,2,5,2,3,3,2,3,5,2,3,4,2,
2884,1733,5704,252,7022,7311,7944,4435,2388,9365,4921,9434,7260,4671,---4,4,4,5,4,4,5,2,5,4,4,4,5,4,
2001,5897,266,9671,6382,241,3764,4886,7321,7704,8441,9436,1342,7455,---5,4,5,5,2,4,5,3,3,3,4,2,5,4,
2784,3139,8198,1226,7211,8013,1616,5201,9170,1779,7924,5943,6612,6271,---2,3,5,2,4,5,5,3,3,4,3,3,5,4,
2048,5697,5283,630,6631,663,2256,785,8949,8086,7777,3608,4123,126,---3,3,3,3,4,4,4,3,2,4,2,4,2,4,
674,1092,4904,9225,8599,7993,5151,4143,1717,9719,569,9375,5693,7391,---2,2,3,2,3,2,5,2,4,5,5,5,4,5,
7543,324,8933,5321,715,8335,432,4370,9111,9270,1849,1380,2980,5349,---5,5,2,4,5,2,4,3,5,4,3,5,5,4,
8512,7585,6916,7046,1735,907,7535,3475,8372,3285,6454,1050,666,7102,---4,4,4,4,5,3,3,5,2,2,3,2,5,3,
8869,327,6792,4476,106,4939,5260,5358,1839,3400,8085,7867,5148,510,---3,3,3,4,3,4,2,2,4,4,5,2,4,5,
6084,3461,2662,5244,6826,3563,5978,2006,3000,7833,5338,4091,796,2909,---3,2,5,3,2,2,5,3,4,2,3,2,5,5,
9633,964,6757,8840,1481,5037,528,9619,2774,5033,3696,922,1595,2333,---5,2,4,5,4,3,2,3,3,3,2,2,4,2,
7488,1099,3301,6823,424,234,1771,3981,3944,4606,6360,9201,3644,6686,---2,5,3,5,2,5,3,5,3,5,5,4,4,2,
992,9571,2646,7782,5833,3146,6380,176,9465,5174,2807,2233,2907,221,---4,5,3,3,4,2,4,3,5,2,4,2,2,2,
1312,5921,8771,8101,7494,8325,395,4750,7635,7444,1749,2108,798,7541,---3,3,4,4,3,5,3,2,4,2,5,4,3,5,
9023,9602,8054,7873,2314,4117,6771,533,3094,8312,1241,1695,7388,1445,---2,4,3,2,4,3,4,5,2,5,2,2,5,3,
6081,8100,1288,5481,7466,557,6830,909,6706,2675,1620,8858,5295,6266,---5,4,3,4,4,5,4,4,2,2,5,2,5,3,
5025,4738,1155,6956,1730,2734,3151,6065,6179,9076,8597,7323,8829,1950,---5,5,4,5,3,3,2,2,3,4,4,4,5,3,
9472,4923,6437,1832,4905,7603,2637,8496,4243,3380,5846,9976,5881,699,---5,4,3,4,5,2,5,4,3,2,4,5,3,5,
4996,6278,3722,1259,4270,1424,5720,3538,1491,2072,3492,6682,5499,382,---5,4,3,2,3,4,3,2,4,5,2,2,3,4,
3137,4507,3516,7627,5902,5999,3282,2771,6518,6201,378,1179,4316,3325,---5,3,5,4,5,2,2,3,2,3,5,3,5,5,
7329,4130,5828,3205,4199,1870,7377,6867,4020,4181,2678,3546,8315,1279,---5,5,3,3,4,4,4,5,5,3,3,3,4,4,
4482,3077,2335,2337,8738,2595,5028,3625,7598,159,5825,8132,7621,7880,8906,3284,3547,7393,1514,4204,1392,1663,---4,3,2,2,3,5,5,3,5,5,3,5,3,2,5,5,2,2,3,5,3,5,
8715,5048,5955,8580,8805,9128,6634,1355,9871,3824,8433,9363,9013,7288,2682,8847,8042,1503,---2,2,4,2,3,4,2,4,5,4,3,2,5,4,4,2,4,4,
6977,6082,331,2565,9031,4937,4618,4491,4394,9938,4727,4152,8665,8538,5627,1757,4638,---2,3,3,2,4,3,3,5,4,4,4,3,2,3,3,4,3,
5216,3585,9698,5507,5802,9996,8237,8206,9393,7187,3700,6453,3286,376,4116,8766,8437,---5,3,5,4,5,4,5,3,2,3,3,4,4,3,5,5,4,
3106,2277,1575,9449,8458,2604,5890,8175,5072,6769,6515,5656,665,7034,7324,4218,2687,---4,2,2,2,4,2,5,5,5,2,4,3,4,2,3,2,4,
5476,5605,1318,1511,9550,2283,2222,81,6183,6036,4174,3287,6553,6311,4350,---2,5,3,2,2,3,3,2,3,2,5,3,5,2,4,
7970,9443,7204,2248,6697,3213,9424,9992,3763,3445,8822,7929,3226,7771,7551,---2,5,2,5,5,4,5,2,5,5,2,4,5,3,4,
8896,1075,2723,7268,1381,6625,3148,6958,8783,2515,1208,313,4446,---5,2,3,5,3,5,4,5,2,2,4,3,5,
7138,3523,6212,2245,5640,874,6252,1005,1456,6418,4059,3676,389,---4,2,4,5,5,3,3,3,2,4,2,2,2,
8224,2786,3651,2550,9224,1644,3307,428,7506,976,946,6550,8796,---2,3,2,4,5,3,3,5,4,2,3,4,4,
3809,9763,4102,582,9352,7756,5549,3985,2034,6039,7141,1981,8741,---5,3,2,2,4,2,5,5,5,2,5,3,2,
769,9733,199,6085,7689,7628,6161,2484,2486,4873,7066,1469,4735,---2,3,5,5,3,3,2,5,5,3,3,5,5,
6402,8291,8069,5671,3752,6428,6290,73,9143,4570,8284,1853,5855,---2,4,3,5,3,2,2,4,4,4,3,2,4,
1857,163,7430,7233,6887,7528,4811,4140,3636,213,1227,2872,8381,---5,3,5,5,3,3,5,4,2,4,5,3,2,
3155,4035,7237,520,9835,9058,3311,8626,243,5013,1526,347,3583,---3,4,5,5,4,3,5,2,3,2,2,5,5,
4064,289,7619,1764,3781,1966,2481,4990,4758,282,6140,4442,478,---2,5,5,2,5,5,2,2,2,5,4,2,5,
5604,5449,5930,5995,7597,6990,8941,2121,2377,1956,3322,860,4959,---3,2,3,3,5,4,3,3,5,5,5,2,2,
3808,5600,194,8516,5372,6795,5986,6670,9775,7056,932,8028,8861,---5,5,3,2,5,3,4,2,2,2,5,3,4,
8704,7712,8867,2404,9099,1448,619,4940,5933,9525,86,2042,5370,---2,4,4,2,4,4,4,2,5,5,2,2,3,
1184,4171,1540,1253,3115,4781,2350,5613,2128,9915,4053,4982,1243,---5,4,5,4,3,3,4,3,4,4,3,4,4,
5539,8389,4236,875,2348,6767,7920,8466,6099,4983,9496,3003,4847,---2,5,3,2,5,3,4,4,5,4,2,4,2,
4115,2498,6652,8590,9807,4253,6812,371,6835,8873,1532,4925,5631,---2,3,3,4,5,2,2,3,5,4,2,2,2,
5186,7300,6653,1610,2572,5122,9774,559,3921,1912,955,3356,3901,---3,5,2,5,2,4,4,2,4,4,4,3,5,
9414,4900,2085,5350,3719,3144,1510,7025,7860,2262,1559,3514,8188,---4,4,2,5,5,3,4,5,5,3,3,3,2,
931,3396,9893,9094,8839,4105,2794,4363,5102,8007,211,8287,485,---2,4,5,4,4,5,5,4,3,5,2,5,2,
1249,8427,3348,3051,3535,6192,3732,9108,8661,4217,5791,5692,9407,---4,2,5,5,4,5,5,5,2,3,5,3,2,
8032,1296,6467,4453,3467,1581,4110,1685,1489,3555,9876,5557,3254,7831,7897,9851,9437,9685,---5,2,4,4,4,5,4,3,4,3,5,4,4,5,3,3,2,5,
2464,8192,6660,7877,9847,6743,5804,3069,4560,6259,1942,8695,2298,3119,2300,3133,9759,---3,4,2,4,4,2,4,5,2,5,2,2,2,2,4,2,4,
0,5153,834,3747,7445,8974,451,8618,3662,2883,981,7769,345,9114,4987,5117,9599,---3,5,2,3,2,3,4,3,4,3,2,3,2,3,4,5,3,
7808,1953,2626,6280,7369,1258,6827,8396,847,3412,7478,7191,2043,4266,---5,4,4,4,2,3,5,5,3,5,2,5,5,4,
9024,9728,4550,8710,1041,4972,3150,8241,6483,5368,4377,1050,5373,---2,2,5,2,4,5,4,3,3,3,4,2,5,
3938,2726,136,3145,3979,879,2483,8727,7928,6015,1790,3967,---5,4,5,4,4,4,4,5,5,3,3,4,
5728,844,7821,8477,8084,9141,8214,1176,7449,9274,4538,5982,---3,5,4,4,3,4,5,4,2,4,3,4,
6128,3973,7937,3593,6892,6574,3632,8531,3928,6169,5243,3933,---2,3,5,3,3,5,3,5,2,5,5,2,
4707,581,615,5673,906,5772,9873,2739,4312,9338,2620,442,---2,2,2,2,5,3,3,2,2,4,4,3,
408,9286,8646,7240,2505,2417,3859,8265,4119,4568,2586,8604,---3,4,5,4,2,2,4,3,4,5,2,2,
3403,1707,4697,2405,2408,5291,4677,1734,9177,5465,9855,7423,---4,5,3,5,2,5,4,3,3,5,2,4,
8673,5251,7718,712,7209,5053,5096,515,9908,2553,2428,7901,---5,3,3,4,5,2,3,2,5,3,2,2,
1376,3169,4902,775,8712,8234,6471,7088,7943,2492,8445,2881,---3,2,3,5,2,5,5,3,2,5,2,5,
4096,1408,3524,6118,9697,3820,6414,2703,501,9591,6233,1786,---2,4,2,5,3,2,4,5,3,2,3,3,
9440,6498,9187,1093,2983,9578,2287,2098,4149,1207,2602,3685,---3,3,5,3,3,4,5,4,4,2,3,4,
8448,8289,1795,8964,3734,8746,2827,6478,437,5558,4823,2552,---4,5,5,3,2,5,3,3,3,2,5,2,
6336,8707,7110,8657,6828,8174,9137,1763,2231,9530,5595,1692,---5,2,3,3,3,4,5,5,5,4,5,4,
2016,5953,3024,8104,6284,4302,9808,5428,7680,4857,7672,4057,---4,3,5,5,4,3,4,3,2,4,5,4,
9313,8994,5731,5380,5510,1606,8107,5843,7607,9208,154,8412,---3,5,2,3,5,2,4,3,3,4,5,2,
7074,7493,2044,9418,4364,2093,1714,4947,5624,4601,7868,1119,---5,3,5,5,3,5,3,2,4,3,2,4,
7844,5078,4807,3751,4335,3474,2419,1236,7574,8663,9220,1183,---3,5,3,2,5,5,3,3,5,3,3,4,
7392,738,9030,3016,4233,4586,975,7794,7893,8186,4234,670,---2,2,2,2,2,5,4,4,4,5,3,3,
5024,5123,2308,4555,2542,5713,1758,4791,3288,3097,379,475,---4,4,5,2,2,3,4,5,5,3,4,3,
9281,7115,9990,8777,9771,2157,2159,6225,3730,7733,3033,4412,---5,2,2,3,4,5,3,4,5,4,4,4,
5126,3980,4946,8944,7026,4915,5332,7320,5210,2875,1308,3678,---3,4,4,4,3,3,4,3,2,5,2,3,
832,3683,261,297,6095,5360,2033,4434,403,1367,9017,7357,---3,4,5,3,4,4,4,2,4,4,2,2,
9057,1666,8667,997,4593,8652,9068,8399,369,9910,5945,7215,---4,3,2,5,3,3,2,5,4,5,5,3,
7715,4230,9960,4170,8747,7340,589,6837,2007,1563,2238,9269,---2,4,2,4,5,5,3,5,4,5,4,3,
5512,5354,555,2702,3216,1905,818,6963,5879,9051,8700,829,---3,4,3,4,2,3,5,3,4,5,5,5,
3939,4676,9800,6863,2707,2708,9237,5974,4185,5626,1659,8373,---5,4,5,5,3,4,2,2,5,3,2,2,
4193,1539,6,6150,3435,972,669,2097,2867,7002,2716,8090,---5,5,5,2,2,5,2,5,3,3,4,4,
3744,1014,1543,4615,9997,1710,8979,2549,5942,4086,987,6431,---3,2,2,2,5,4,2,4,2,2,4,3,
4352,1152,1797,5136,6297,4250,5531,2974,928,1706,1969,7743,6080,2633,3063,460,7501,8528,8273,7649,3554,5733,7657,1015,1578,---3,2,4,3,5,4,5,3,4,3,5,3,4,5,3,2,3,4,5,4,5,5,2,4,4,
7904,5249,4866,8678,8120,9480,8211,5386,7083,4909,4936,3240,787,3188,3575,3192,7636,1809,2839,5599,---5,5,5,2,3,4,4,4,2,3,5,2,3,5,4,2,4,4,4,5,
1955,4228,3366,7399,3274,1291,5005,3918,4145,7515,4277,7383,7556,7962,8891,5258,8917,---2,5,3,5,3,3,2,3,2,5,2,2,4,5,3,3,5,
225,994,9987,5572,7366,6407,6403,74,6639,5309,435,8212,7735,104,1725,7359,---3,3,3,3,4,4,5,4,5,3,3,3,2,5,3,3,
1889,9963,8382,4842,3646,6637,4015,5682,7859,6164,1525,4851,5615,7582,9749,---2,2,4,3,5,4,5,4,2,3,4,5,4,4,5,
2243,3089,3910,6705,1704,841,7306,839,8684,5710,8465,7225,888,1209,3068,---3,3,4,4,5,3,4,4,5,5,5,2,2,3,2,
9819,6915,7461,9801,2538,3504,2426,2490,891,9466,8926,---4,2,5,4,2,5,4,4,3,3,3,
5472,5259,2532,2088,7273,4139,4242,3262,7063,6327,2366,---4,5,2,3,3,2,4,3,2,4,4,
2625,9476,7432,6256,8464,6833,5938,2516,7504,1115,784,---2,4,5,5,3,3,4,3,5,4,3,
7554,7410,5131,4813,6510,1874,7062,695,536,2873,4314,---2,5,4,4,5,3,4,4,3,5,4,
6147,4932,6246,3270,1996,4977,2467,3253,5875,9500,5949,---3,4,5,4,5,2,3,4,5,2,3,
3873,6531,4294,873,7179,4090,5522,3609,26,1882,926,---2,5,2,4,2,3,3,2,5,4,3,
293,9523,1420,6605,9616,7443,4180,5493,1364,9370,9823,---4,2,5,2,2,4,5,5,4,5,3,
2369,5540,1577,778,9943,8718,691,6228,3159,9850,2652,---3,4,2,2,4,5,2,5,4,3,3,
4417,8969,5585,8297,6763,1964,5553,4818,5652,1175,1541,---4,3,3,4,4,3,4,3,2,3,2,
512,3520,3530,7213,7024,5970,4275,8436,4537,474,2940,---2,4,3,2,3,2,2,3,3,3,2,
3168,1952,8163,4337,9994,5901,17,1585,5432,5050,9962,---2,5,2,5,2,4,5,5,2,3,3,
2466,3395,100,6248,2189,6269,6000,854,9700,1789,4991,---2,2,4,3,2,5,2,5,3,5,2,
6564,9958,3654,1960,1938,9364,440,2868,9308,8349,6943,---3,2,3,4,4,4,4,5,3,4,2,
736,1025,8508,1869,1806,4845,9109,7640,8860,7902,31,---5,4,4,2,5,2,4,4,2,2,3,
3458,7269,6379,588,8002,825,953,8410,1275,7198,6655,---5,4,5,5,5,3,5,3,5,4,5,
5217,3714,9251,7819,6030,1618,7507,6292,1302,4031,4607,---5,5,3,3,4,3,2,3,3,2,2,
9922,323,3432,5132,2956,9837,2606,5296,9491,757,5015,---2,2,3,4,5,5,4,3,3,3,2,
2724,2570,3596,1102,5873,309,9879,4728,3034,7642,949,---2,4,5,5,3,5,4,2,4,4,4,
2240,5056,8435,4679,8238,3376,3281,8243,2037,185,348,---5,2,2,4,4,3,5,2,4,4,5,
4164,3525,6728,3882,3023,9585,1844,5719,6008,2077,3327,---5,4,3,4,5,3,4,2,4,3,4,
8001,726,5798,201,4789,5910,2039,7803,6332,3125,4457,---2,3,5,5,4,2,2,2,5,5,3,
3684,5925,6599,8616,8074,4048,9512,5464,4826,1192,6525,---4,5,2,3,2,2,2,3,3,5,2,
7285,9988,2134,5639,821,4502,4121,1593,2939,1244,7487,---4,3,3,4,2,5,3,3,5,5,5,
9670,7050,8311,1580,7757,1902,7664,4210,8275,2487,8253,---4,5,2,2,4,2,3,3,4,4,5,
783,2193,8213,9110,9495,8098,2853,1501,1333,3256,3129,8637,8128,7490,7875,7374,8411,8229,6565,7522,228,6373,7014,6545,7420,3574,1784,8570,6908,---3,4,2,5,4,4,2,2,2,3,3,3,5,5,5,2,3,2,2,2,3,3,4,5,3,3,4,2,2,
133,7048,2953,398,22,3746,4773,4648,7210,4913,1078,7864,191,5447,4044,8656,1497,4699,2526,8545,6114,7915,1388,1013,---2,5,5,3,3,4,4,4,4,3,2,2,3,4,3,3,2,4,2,3,3,4,4,3,
2944,5345,9378,8197,6497,6408,1983,6058,2699,9004,3085,2927,6868,3477,5304,8148,511,1727,---2,4,2,5,5,3,2,2,2,4,5,5,4,3,4,2,2,5,
9088,2544,5506,7811,6692,5594,8360,3305,9648,6768,5000,1811,9717,4730,3675,8797,2453,---2,4,2,4,3,5,5,5,4,5,4,4,4,2,4,3,3,
800,8579,561,6345,8003,6010,5744,7569,8755,6517,5206,279,1818,8986,8605,979,9813,---2,3,3,4,2,4,2,3,3,4,5,5,2,2,5,4,5,
6432,4960,40,5801,3786,6572,239,8112,593,1234,8756,8630,6842,7483,2746,3390,---4,3,2,3,3,4,4,2,2,2,5,4,3,3,2,2,
2368,4837,2086,5116,9930,8407,718,9455,433,1262,7159,4038,2299,764,2090,6718,---5,5,4,4,4,4,2,4,4,4,5,2,2,3,4,3,
2433,9474,867,3398,3688,3529,4970,3531,2485,117,7512,9849,8827,6717,7518,7978,---4,3,2,5,5,2,5,3,5,3,5,5,4,5,5,2,
1019,4838,102,8155,2792,2666,3883,7661,910,7472,4343,8824,1627,830,4831,---4,3,5,4,2,3,4,4,2,3,2,4,3,3,4,
8129,230,8968,8553,7339,8268,4016,5842,7736,8956,7454,---2,5,3,2,3,5,5,4,5,5,5,
7520,5376,1700,1189,3754,3211,6444,4173,6328,9723,---3,5,4,3,5,5,3,2,5,3,
5089,2019,2789,1224,3178,8363,4332,7440,564,601,---5,4,3,3,4,5,5,4,2,5,
3813,4039,3854,4176,2673,3826,8694,3386,3963,5149,---2,3,5,3,2,4,4,3,4,5,
2593,7140,7047,7309,4046,8596,4917,3478,5819,477,---3,3,5,5,3,4,5,4,5,4,
4071,3369,3627,4974,3503,1713,3130,2009,3482,6109,---4,2,5,5,4,5,2,5,4,5,
9216,9925,9894,2343,2600,6314,6732,8573,6097,1898,---4,3,2,4,4,5,4,5,4,5,
2341,1129,6699,9838,1012,4341,1816,2457,20,3199,---2,2,2,3,2,5,4,4,2,3,
4195,7749,7816,9002,6190,8658,1363,1396,5454,3423,---5,4,2,4,5,2,5,4,3,4,
9568,3920,1635,1675,2764,2608,3090,9107,3323,4765,---5,3,2,3,3,5,5,2,5,5,
8807,425,2476,1457,1522,9430,3647,4347,9149,2751,---4,4,2,2,3,4,5,2,4,4,
8898,2954,2066,2162,4245,3989,4249,6930,5822,4543,---5,2,5,2,2,2,3,2,3,5,
9755,1825,6395,5608,3370,6224,3312,7633,2258,795,---5,3,3,4,3,2,5,3,2,3,
128,642,8517,1287,10,2978,8469,2392,6877,8638,---2,3,2,3,2,2,4,5,3,3,
7457,6885,486,9415,6568,1266,786,5307,7068,7422,---2,3,2,4,5,2,2,2,4,4,
5223,1131,2447,1681,915,3156,8502,9887,7516,3103,---5,2,2,2,4,5,3,4,2,5,
9344,2402,3079,8476,9,9176,7001,4283,7804,7710,---5,5,3,4,5,2,3,2,4,2,
7552,9087,2022,4392,1323,6797,8539,9595,9438,5983,---5,4,2,5,5,3,5,3,4,2,
5602,5412,2790,8876,4914,8017,9490,697,8057,1305,---4,4,3,2,4,2,5,5,3,2,
9411,7384,1428,1552,3249,8180,6166,4280,7188,2780,---5,5,2,2,4,5,5,2,2,5,
3755,7622,8393,8299,8588,8015,4399,3417,59,4892,---2,2,5,2,4,5,5,2,2,2,
7810,1669,7437,3091,1300,1285,9381,1705,6954,2219,5934,7216,7092,56,2110,3649,1219,6725,5318,2382,7630,1496,3293,4196,5867,1007,9587,6185,1021,2814,---4,2,3,4,4,4,4,2,2,3,4,2,2,4,5,4,4,3,3,5,2,3,3,2,5,3,5,2,3,5,
9217,2435,5892,6294,9865,5135,6467,534,7846,3254,9152,7235,455,5960,7626,2379,3411,9685,8998,8040,8428,6258,9851,636,---3,2,2,4,5,2,4,4,3,4,4,4,3,2,2,4,5,5,2,3,4,4,3,2,
5001,5645,18,8341,792,1566,8736,1579,4014,4401,9394,441,7611,9669,1741,9037,3410,4317,991,8294,8815,2297,2557,---4,2,3,4,2,2,3,4,4,5,3,2,2,3,5,2,2,3,5,2,3,5,5,
8034,3883,7236,9014,8902,7304,8546,4683,1627,4237,2766,4957,2129,2547,6996,5654,4343,1019,7612,9021,7614,---5,4,2,2,4,3,4,3,3,4,3,4,4,2,2,4,2,4,4,2,4,
6689,9666,387,9883,3879,6569,5275,8123,3407,6324,4693,8022,5972,827,2748,3613,3102,415,---5,5,2,4,3,5,4,3,3,4,4,4,2,3,5,5,4,4,
3265,8130,3459,871,9003,1067,4642,5199,3984,3922,1843,1910,3913,1112,3027,7003,5022,---4,4,2,2,4,4,5,3,3,5,5,3,3,2,5,5,2,
9250,707,2981,6057,1354,2603,237,5166,6609,6740,5815,3128,9012,7546,2296,2239,---4,3,5,2,3,4,3,5,3,5,4,2,5,5,4,2,
2976,6017,5090,899,2566,9793,7625,4203,8365,7342,9517,7380,8245,3704,2878,---3,2,4,3,3,3,2,4,4,4,4,5,5,3,2,
4777,8426,2796,4558,9487,3987,4308,9909,7703,6041,9647,6620,766,8703,---5,5,3,4,4,3,4,2,4,2,3,4,5,3,
8809,9386,4075,8012,3277,4527,2928,2450,6836,8918,3769,7836,8317,---5,2,2,4,2,3,3,5,2,5,4,4,3,
289,2427,8134,461,1966,5777,6995,2196,314,3835,5629,---5,2,3,4,5,4,5,5,5,2,4,
5633,7363,2084,8614,4583,8073,8419,8883,6935,3355,4767,---4,5,2,5,3,2,2,2,2,5,2,
7845,5478,8711,5002,8908,4829,1265,4918,5404,7306,---5,4,2,4,5,3,3,4,3,4,
3073,3446,7079,4496,3600,181,54,6200,4637,2142,---5,5,5,2,3,2,4,5,4,4,
545,8584,8343,6127,8659,1715,6295,8348,6942,---4,3,3,3,3,2,4,3,2,
1654,1190,9000,2381,2094,752,7477,2870,8318,---3,4,5,4,2,2,5,4,4,
737,5794,7403,4780,4820,1237,7639,6587,9564,---4,5,4,5,5,2,5,3,3,
3931,6853,6441,9294,6804,4494,3638,8983,2107,---5,2,5,4,2,2,2,3,3,
3233,9420,3726,5359,9843,3509,790,9211,3999,---3,4,2,3,5,2,3,4,2,
8352,612,6695,1640,235,8909,8708,6416,5305,---5,2,5,2,3,3,5,5,5,
2555,3940,4041,8461,9967,9924,6998,1881,1339,---2,3,5,2,4,2,3,3,3,
2309,489,4268,6351,1196,6422,4759,5257,2362,---5,5,3,5,5,4,5,5,3,
4995,6951,1720,7053,3345,1523,4788,4856,9661,---4,2,3,3,2,5,5,5,4,
6752,8203,1446,4295,9579,8972,9519,791,1567,---4,3,4,3,3,3,4,4,5,
576,8833,2401,9259,8305,3955,4468,2838,3352,---5,2,2,4,2,4,4,5,3,
7842,5735,7815,1122,2835,5524,1655,4898,668,---2,3,4,5,4,3,5,3,4,
2561,3331,1008,8169,174,4976,851,6787,149,---2,3,2,4,5,5,3,2,5,
9764,5606,5745,7693,2125,2833,4981,4472,2879,---5,4,3,5,4,3,2,5,4,
3586,5899,9861,3271,1864,8905,811,7575,9277,---3,3,2,4,4,5,5,3,2,
8963,9615,7702,4379,8092,2846,9121,5155,5041,50,5429,7223,6073,7610,8505,2246,5703,5457,7766,4665,3932,4191,4320,1127,7143,7917,9214,---3,2,3,4,5,2,2,4,4,3,3,4,2,2,3,4,2,4,4,3,2,4,4,3,4,2,5,
3120,2659,4612,2473,1034,3116,110,8719,8624,5426,3860,887,7448,6852,9417,271,8282,8895,---5,2,2,5,3,2,5,4,2,4,2,3,5,2,4,5,3,5,
8864,8032,5883,8278,1489,4840,3467,1296,9969,3828,9685,7606,7831,7897,3674,9851,3254,---2,5,3,2,4,2,4,2,3,3,5,4,5,3,4,3,4,
9349,1344,4834,4965,4584,3010,5776,8081,8690,3925,6424,121,1626,5563,6941,3903,---4,5,3,5,4,2,5,3,5,3,2,4,2,5,2,3,
2310,4744,8713,4682,1773,7054,1837,9423,5297,1554,500,2910,4761,7247,8380,4158,---5,2,2,3,5,5,5,4,2,3,2,4,5,2,4,2,
2448,3723,3219,1862,5384,2315,4911,464,5809,2259,5783,281,890,2013,8127,---5,5,4,2,5,4,2,3,4,5,3,5,3,2,4,
7424,2177,5218,459,4106,6539,8716,3790,8976,2644,9940,5529,5119,3231,---5,2,4,5,4,2,3,4,4,5,2,2,4,2,
571,8611,4836,5509,4487,63,5831,1651,6873,5402,8051,6236,8574,3551,---5,4,5,3,4,4,2,4,4,4,4,3,3,2,
7561,8290,1445,8681,2314,2551,6658,9602,6771,4553,9016,702,1695,---5,4,3,5,4,2,4,4,4,2,5,3,2,
5655,8,9911,7469,846,4307,4148,2005,25,9428,2173,9822,---4,2,4,3,5,2,4,2,2,5,5,2,
971,3204,2635,6801,6451,4596,8761,4473,1340,4003,8894,---2,4,3,4,4,3,5,2,2,4,5,
28,7274,8523,4531,3434,8277,2295,1820,4458,6334,---3,4,4,3,4,2,4,4,5,4,
484,1223,8168,8631,3855,4409,7609,3741,---4,2,3,2,2,2,4,3,
3328,7683,5670,8647,6855,6286,2051,7161,---3,5,4,4,5,5,4,2,
6595,1384,6700,3180,141,8451,6524,1181,---2,2,2,2,3,3,5,4,
131,4581,3757,755,4565,3767,2648,4411,---3,2,3,2,5,5,5,5,
3008,5190,9516,399,4533,5816,6394,3450,---5,5,3,4,2,4,4,3,
4355,4132,5130,1260,9426,6142,4666,8254,---3,3,2,5,5,5,4,3,
4135,6477,3054,7250,2958,3926,3132,637,---4,3,4,2,2,4,4,3,
9955,9158,5255,5160,3306,3795,5685,1494,---5,3,5,5,5,4,5,4,
3072,8077,4398,9231,782,3830,2973,6847,---4,3,4,4,3,2,5,2,
2081,1979,8296,2446,4564,3573,2267,315,---5,3,4,5,3,5,5,3,
5543,970,4749,4559,9746,4052,9815,3709,---5,5,4,5,5,3,3,5,
4033,9283,69,6445,8020,6137,4986,6907,---4,4,4,2,3,5,3,2,
5568,1090,1590,3661,2674,2614,8504,3710,---2,3,2,4,3,4,4,3,
5760,7076,7238,6504,8754,562,21,7705,---4,3,2,2,2,5,3,4,
4066,903,4008,8650,9131,9713,540,4126,---5,2,4,3,3,4,3,5,
7464,5678,4751,3667,852,1204,859,9919,---5,2,2,5,4,4,2,5,
7232,3840,9573,2541,3630,9401,7289,6427,---3,4,4,3,4,4,4,5,
1186,3589,9896,877,9617,789,5049,6965,---5,2,3,4,5,5,3,3,
1059,2820,6794,6987,6257,3191,5508,1885,---4,5,5,5,5,2,2,3,
9025,6886,2925,2776,2643,8248,8442,1374,---5,4,3,3,3,5,3,2,
1281,1796,6922,2449,6708,6500,506,9243,---4,4,3,5,2,3,2,4,
4486,9485,2706,8213,8215,2845,6565,4262,809,2349,5169,2226,1087,3267,4169,1740,335,3536,1240,2916,3553,7522,1124,5222,4971,7020,1261,8942,4725,8570,7420,---2,3,4,2,5,4,2,5,5,3,5,2,4,3,2,4,2,5,5,4,3,2,5,3,4,5,2,2,4,2,3,
4100,8087,9356,4501,407,2970,9839,9244,5407,4256,7077,7665,8306,1894,4536,2114,9539,3153,212,5845,9048,5083,6628,4325,614,8045,8687,753,4082,7548,9341,---3,2,3,4,2,5,3,4,4,4,2,3,3,3,5,2,5,4,2,5,3,3,5,4,4,2,4,3,3,2,4,
6532,645,4770,6300,9757,8479,34,6570,6317,3383,3897,9535,2119,843,2253,4049,2003,4182,4695,9432,3802,5596,4573,7412,---4,5,3,2,2,3,5,2,2,3,4,5,3,4,5,4,2,2,4,3,4,2,2,4,
8961,8326,391,9481,7955,4772,936,8233,2605,5362,2613,3770,9148,1477,1153,2893,3030,7146,6255,9842,7028,754,6523,7549,---4,2,5,4,3,5,2,4,3,2,4,2,4,4,3,2,3,3,5,5,3,3,4,4,
4641,8866,4678,9416,45,8398,8975,7312,7400,8181,189,600,2201,7706,3035,9565,8158,---5,3,4,3,5,4,4,5,4,4,5,5,2,4,2,3,5,
3265,8130,3459,388,1222,871,3913,9003,236,3984,6962,3027,8089,89,5916,5054,1843,---4,4,2,4,2,2,3,4,4,3,3,5,3,2,2,5,5,
838,1126,5448,7881,6283,8364,6349,1038,2712,5555,7637,4854,1909,4888,3165,8159,---2,4,4,5,5,5,3,4,4,2,3,3,5,2,4,4,
6976,9537,3782,8615,1001,9322,2028,2829,6158,7087,9598,3637,6455,9660,2942,---5,2,4,5,3,3,5,4,5,5,5,5,3,5,2,
1027,1217,5827,7944,7022,7311,3792,6856,4435,2388,2105,9434,4239,252,---5,5,5,5,4,4,4,4,2,5,3,4,2,5,
1440,6562,6157,1252,8519,8776,5417,44,4290,2255,5356,1431,8511,---5,5,5,4,4,5,2,5,3,4,3,4,5,
7777,6631,3112,7726,2991,2256,2376,7314,1108,8086,3608,3252,126,---2,4,2,5,4,4,3,2,2,4,4,5,4,
7651,1925,9320,8361,9207,9389,6671,1808,7923,8030,1623,3449,9534,---5,4,5,3,4,5,3,3,3,2,2,4,3,
2756,5701,9451,8492,7439,625,1444,5764,2655,4797,6846,6053,---5,3,2,2,5,5,2,5,3,3,5,4,
610,516,5786,6698,3379,6932,4949,6426,3484,1277,8094,863,---3,3,5,4,5,2,5,5,5,5,3,3,
4608,4643,7876,8581,4582,4360,6857,5963,684,9716,1977,1945,---2,3,4,2,2,2,2,5,3,5,5,2,
8896,2305,2765,2723,8260,5254,845,13,1075,317,4446,---5,2,4,3,3,5,4,5,2,2,5,
4354,1990,7592,4681,3021,7502,143,6482,3255,4349,3582,---2,5,3,3,5,4,2,4,5,4,3,
3969,9220,2375,4552,3751,6735,2419,8663,4441,7578,4541,---4,3,4,5,2,5,3,3,4,3,4,
6593,4260,263,5227,2060,7533,6319,1586,51,7734,---4,5,3,3,4,3,3,2,2,5,
3488,299,1100,8724,5211,3548,6558,---4,4,2,3,2,3,4,
8835,9701,233,3182,5391,1558,7013,---3,4,5,4,4,4,4,
8033,4546,9921,5749,8598,6456,7839,---2,5,5,2,2,3,2,
450,3387,8207,1359,5808,9145,2587,---4,4,3,4,2,4,5,
290,3462,7878,300,1135,145,8047,---4,2,2,5,5,3,2,
2950,4839,9039,7000,3409,9971,2520,---4,2,5,4,3,3,4,
308,7249,7914,3822,2961,52,8308,---5,2,2,5,4,5,3,
7173,3177,46,2959,3029,4726,9981,---5,5,5,5,4,5,3,
611,8263,2313,3247,6964,2714,2271,---4,2,2,2,3,5,3,
164,8653,3374,7793,4535,8216,2585,---3,3,4,2,5,3,2,
6848,8452,7814,6226,2133,5880,698,---4,3,2,5,2,5,2,
9377,3170,4614,2184,3791,3602,339,---3,3,3,5,5,4,2,
5888,2594,9604,5062,8714,1515,6174,---4,5,4,3,5,4,5,
868,8102,6378,3372,3603,219,7228,---3,3,5,5,5,4,2,
7856,1346,5541,5992,8784,5488,7353,---5,3,3,2,4,5,5,
547,9061,4776,3309,1936,5812,8893,---2,2,3,5,3,4,4,
4819,6146,9395,9668,7365,70,4167,1686,2537,5035,5762,5582,8669,8691,6293,438,4055,5080,9594,6780,7997,---3,3,5,4,3,2,4,2,2,4,2,2,2,2,2,2,5,5,3,5,3,
1923,6820,4374,742,1033,7498,8811,4029,4027,558,2653,6742,8625,6388,9493,9782,8521,8219,2589,9935,8991,---5,2,5,4,3,2,4,3,2,3,5,5,5,2,4,5,3,5,3,2,5,
609,4514,5387,8612,5985,2504,2396,1387,2701,719,7096,1147,1781,8606,7175,1337,9727,6844,9118,2111,---3,4,2,4,3,5,5,2,3,3,4,4,3,2,3,2,2,3,5,4,
5780,3425,9412,4103,9833,2026,3671,1775,4336,9953,6162,4980,8150,1815,8985,5071,1917,9790,4415,---4,5,5,2,3,5,3,2,3,3,2,2,2,2,4,3,4,4,5,
5121,8547,7109,7302,4296,4955,9163,8622,2200,5187,2164,7371,4919,2808,5268,7194,6619,7270,7675,---2,3,4,5,4,4,3,5,4,2,4,3,5,3,3,2,4,2,2,
5858,1768,1732,2053,2438,9608,1932,7946,3212,9357,590,7725,3304,5715,9218,2842,1693,---4,4,4,4,5,4,5,3,4,4,4,2,2,5,4,2,5,
1601,3,7753,296,521,4650,6905,8557,2423,5042,4532,9718,1239,4024,4948,3418,6491,---2,3,3,4,4,2,5,3,5,4,3,4,3,2,2,2,5,
1632,5121,8374,7302,7905,4296,7785,9163,1295,1726,6902,2137,7194,3579,6396,5917,318,---3,2,5,5,3,4,5,3,3,5,5,4,2,2,2,2,3,
2273,8097,5259,3365,6214,9889,4139,4685,6798,2322,5763,7063,6875,3262,---5,3,5,3,3,2,2,5,3,4,4,2,5,3,
6435,1092,2632,9225,3511,4143,4904,1394,9719,6840,7391,958,5151,---3,2,3,2,2,2,3,5,5,3,5,5,5,
907,7046,1735,3595,7535,1264,5170,3285,6392,666,1980,671,---3,4,5,5,3,2,3,2,3,5,2,2,
449,6948,6598,8808,9644,2161,7954,6323,7827,7256,4093,4127,---2,4,5,3,4,4,5,3,2,2,3,5,
6091,3301,3944,2409,1994,1099,9201,6360,8118,2136,3644,9022,---4,3,3,4,5,5,4,5,4,5,4,4,
6536,4924,2727,8456,9513,9867,5486,5233,9366,4604,2045,2943,---3,3,4,2,5,5,3,2,5,2,5,2,
6406,7717,3430,359,8745,6159,5264,8403,9686,7160,6745,---4,3,3,4,3,4,3,2,4,4,3,
9536,3361,167,2826,2636,6352,9521,9172,4597,8977,1290,---2,5,5,4,2,3,5,3,2,3,3,
1803,4388,9253,9803,6381,8910,5686,3864,5660,8223,---5,4,5,5,2,4,5,2,5,5,
3872,9202,6213,4170,8747,589,366,1488,7058,6837,---4,5,5,4,5,3,4,2,2,5,
8674,1707,1734,8264,3403,2865,2962,35,9784,---2,5,3,3,4,5,2,2,4,
320,3496,8796,8750,7506,9267,2556,2174,---5,4,4,2,4,5,4,3,
4578,6343,6729,9579,656,1010,692,1567,---4,4,3,3,2,3,3,5,
2371,6245,5286,9804,2627,7254,2489,---4,5,2,2,4,3,2,
4418,3046,7534,1520,817,4406,8569,---5,5,2,4,5,4,3,
9730,1090,8400,2514,1587,4246,7293,---4,3,4,5,3,5,3,
5536,6500,8232,1756,2869,1161,156,---5,3,2,4,5,5,4,
9317,2057,683,6642,4718,7762,2585,---2,3,4,5,2,3,2,
5505,2406,6825,6125,7378,6459,---5,3,3,4,3,4,
2480,2050,3836,258,9200,8988,---5,3,3,5,5,2,
8257,8744,1873,8187,4445,8126,---3,2,4,5,5,3,
6434,394,5707,3060,8981,1752,---3,2,3,5,5,3,
4326,7463,5515,1458,8882,9747,---3,3,4,3,4,3,
4899,9156,4207,6227,5140,7547,---4,5,4,5,5,5,
5092,9260,499,4687,9427,5396,---5,5,3,3,4,3,
8450,9285,6534,5517,5104,8249,---2,2,2,5,2,5,
1220,1544,8490,6326,5882,6270,---5,2,5,3,2,2,
419,1188,524,7186,7663,466,---5,5,2,5,5,4,
420,6571,5740,7348,5046,4700,---2,3,2,4,3,4,
6817,2211,4108,6243,2132,8509,---3,4,2,5,5,3,
1697,2372,8406,2360,7355,8221,---4,5,3,3,3,3,
4375,2818,4779,8016,151,3515,---2,2,5,3,4,5,
135,6799,7888,7699,2264,6495,---3,2,3,5,2,3,
680,3343,8176,4658,2361,1437,---2,2,4,5,3,2,
1441,549,9864,4304,6184,2230,---4,2,3,4,4,2,
8320,2563,3591,9484,8347,3742,4384,6818,4571,1316,2469,4521,9927,940,9263,4147,8887,7617,1859,1095,3468,9304,1755,7653,2407,8048,882,---3,3,5,4,2,2,3,3,4,2,4,5,4,3,4,2,3,2,2,3,4,2,2,4,3,2,4,
7915,2825,3082,398,1812,5016,3746,4773,7210,9261,4913,8885,1078,2953,191,332,6178,6866,8024,1497,2526,6755,8551,3691,1388,8696,---4,4,5,3,2,4,4,4,4,3,3,5,2,5,3,3,2,5,4,2,2,3,3,3,4,3,
7264,4801,2851,8356,1350,4616,8967,1800,2154,9518,15,4136,1169,436,5790,768,473,3164,9406,8927,---5,5,5,2,2,3,2,4,3,3,5,3,5,4,4,5,5,5,5,5,
272,1410,8242,1959,8080,8041,5579,3853,3599,3280,2578,4639,8122,3743,3260,1821,8222,3871,---4,3,3,4,2,3,4,3,3,5,2,5,4,4,4,3,3,2,
2496,5987,3268,8743,5127,3215,7344,7857,6371,2932,3640,3416,5060,1978,2811,5885,7998,9853,---2,3,2,5,2,3,5,4,5,2,3,2,3,2,2,3,5,5,
9632,4865,6627,4004,9508,4620,7116,4653,7728,3960,2420,5590,2425,1624,9689,1114,4222,---2,3,4,2,5,3,3,4,4,5,5,4,4,2,2,2,3,
480,8977,4968,2636,9102,3229,6352,9521,1106,5171,9172,2609,7065,5722,8156,7325,---5,3,3,2,2,3,3,5,3,4,3,5,4,4,3,2,
5410,2569,5477,840,7305,4778,9675,6541,4430,3728,7346,3689,2329,7292,8543,---2,5,4,4,5,2,5,5,5,3,3,2,4,4,5,
5344,8960,4258,6668,5774,3537,4404,8270,3606,1271,5940,4188,7581,414,---3,2,4,2,2,4,3,5,2,5,2,2,3,3,
7473,6792,5148,106,5260,2478,1839,3400,6163,4476,7579,4092,510,---3,3,4,3,2,3,4,4,2,4,5,5,5,
1120,9798,5548,5708,1549,5101,8272,9234,6281,4696,5353,3518,4141,---3,3,5,5,2,4,4,2,2,3,3,5,5,
483,2405,6054,1738,8202,7854,6320,4113,7795,4213,9597,5630,---5,5,5,5,5,5,5,4,2,5,5,2,
7584,4833,7174,942,8366,5757,3218,6675,1934,1527,377,509,---4,3,4,4,2,4,5,5,2,4,4,3,
5600,3808,5986,4197,5372,9775,7056,4310,6071,8028,4094,3845,---5,5,4,2,5,2,2,2,5,3,4,5,
3155,7237,5895,3273,9835,4493,7281,243,5013,9816,347,3583,---3,5,2,5,4,3,5,3,2,4,5,5,
9442,675,2982,1607,3338,5263,5714,4659,5434,8911,6719,---4,5,3,3,3,4,2,5,3,5,3,
7299,9380,2378,1935,4754,3316,4311,6340,1322,956,349,---4,2,4,2,4,3,2,5,3,4,4,
8865,1701,6823,424,234,1771,3981,4462,5820,2527,---4,5,5,2,5,3,5,3,2,5,
6946,2922,1474,9359,7696,1162,8794,5179,6330,4575,---2,4,4,5,3,4,5,4,4,3,
2208,4112,3778,3084,494,848,7347,3476,2518,6522,---3,4,4,3,3,4,3,2,2,2,
3680,6657,8259,960,7879,4843,7085,9812,3194,7647,---5,4,3,5,3,4,3,4,5,4,
8966,7529,2285,6002,246,412,3291,92,7037,---3,5,5,2,5,3,5,4,5,
7907,134,431,9265,8339,5014,9528,7129,8957,---5,2,2,2,3,2,4,2,5,
1251,6502,3959,8050,3875,9878,8951,5278,7903,---3,4,2,5,3,2,2,2,3,
3970,1411,569,6630,7337,1717,8599,7993,2501,---4,5,5,2,4,4,3,2,4,
6659,6341,5193,2863,9584,6580,3157,6105,6298,---2,4,4,3,4,2,2,2,3,
9505,2472,4906,4908,5421,9741,3784,3838,8863,---4,4,4,5,2,2,2,2,4,
9792,1160,937,5480,8338,3604,7479,7097,6684,---2,5,5,3,4,5,4,2,2,
1956,9734,9863,5930,8941,6925,7730,9532,4959,---5,4,3,3,3,5,3,2,2,
5024,2987,7364,2308,8171,1708,5165,3097,1758,---4,3,3,5,4,3,2,3,4,
9155,2695,2602,5583,2098,3251,2421,4149,---2,2,3,2,4,4,5,4,
4867,2660,268,1789,1177,921,6269,4991,---5,4,3,5,2,4,5,2,
4355,6468,7180,8879,9426,2772,2680,---3,3,2,4,5,4,4,
895,9307,8251,4084,9203,---2,3,3,2,5,
8416,6218,2131,7580,5445,---5,4,4,4,2,
1680,8752,3777,8925,9541,---4,5,4,2,3,
5240,8065,9811,3733,647,---2,5,4,2,3,
9950,8316,3517,374,999,---5,5,5,5,5,
672,1929,7417,8239,7081,---5,5,4,3,2,
1765,5860,6766,1486,6503,---5,3,5,2,2,
275,8537,227,3302,6025,---5,3,5,3,4,
3829,1788,9549,878,3005,---5,4,4,4,4,
7964,7356,4556,3294,321,---2,5,2,4,2,
1615,8236,9621,6350,1901,---5,4,3,5,5,
7688,3426,9652,4286,2143,---2,2,3,5,5,
9688,2688,4386,1774,9247,---4,3,3,4,3,
1465,6377,3004,8323,6111,---5,4,4,4,3,
9592,8378,2340,4389,447,---5,2,4,5,2,
5737,1596,4901,5622,2429,---3,5,5,4,2,
6411,8321,283,5020,7542,---4,3,3,3,5,
5937,5418,8210,8138,9654,---2,2,2,4,3,
1216,481,2403,8645,4805,---3,3,3,2,3,
8823,3351,8390,6894,8375,---3,2,3,2,2,
9408,8817,7682,6205,9511,---3,4,5,5,5,
9729,4358,5001,5645,3086,8341,4378,1566,5535,1061,8108,4014,9394,7611,8252,1597,5311,9026,72,9037,4814,1741,5073,3410,9631,4317,1118,3679,8161,6715,8294,8815,3957,2297,5759,---4,3,4,2,2,4,5,2,4,4,2,4,3,2,5,2,5,2,3,2,5,5,5,2,2,3,3,2,5,5,2,3,2,5,3,
9984,6921,7820,7917,1040,7702,8346,9499,6301,5155,7334,2729,9392,5041,8505,2117,4665,8920,9562,3932,4191,8929,1127,6893,6073,2167,8314,---5,2,3,2,3,3,5,4,5,4,5,4,2,4,3,2,3,2,2,2,4,2,3,3,2,5,5,
9860,6279,4361,138,2955,7951,1091,9062,5530,301,1588,1218,5699,6090,6093,9173,3544,2399,8288,998,870,111,5755,---4,3,2,3,3,5,4,4,3,5,5,4,3,4,2,5,4,2,3,2,3,2,4,
5248,9475,2056,1802,6923,1046,5399,9241,7840,603,7847,9055,4087,8014,9167,849,6607,4447,224,6115,1361,4331,6263,---3,2,5,4,5,3,3,4,3,5,4,3,2,3,3,2,3,2,2,3,5,2,2,
1568,5793,5795,6982,4198,4327,9097,6506,5807,8337,2002,7315,5958,2885,1751,5891,570,604,5797,---3,2,5,5,5,2,5,2,5,4,4,5,2,2,3,4,2,3,3,
7201,9284,6918,3174,3493,2700,5038,7631,2096,3825,980,3990,9175,6744,794,6399,6460,7550,5663,---4,2,2,2,4,4,5,5,4,4,4,5,5,2,5,5,5,4,3,
407,421,1894,3153,9224,7947,1644,6628,9743,1009,9748,1301,8087,3972,5567,7548,6494,6981,---2,4,3,4,5,5,3,5,2,5,3,2,2,3,3,2,3,2,
4097,7426,643,2471,8135,8692,3499,6188,4205,8717,2147,8131,2187,5269,5657,463,6781,4223,---5,4,4,4,2,4,3,4,2,4,3,4,2,4,3,3,4,2,
2912,2148,7786,842,9643,1548,2990,3152,9106,8307,8628,6110,2040,6734,2781,7006,9171,---2,5,3,5,4,2,2,2,2,3,3,2,3,3,5,5,5,
4609,6347,3620,6854,5542,1320,169,8331,1136,9288,6966,4489,9913,5466,8443,7197,4030,---5,4,3,5,3,2,4,4,3,4,3,5,3,3,4,4,3,
1043,9904,66,6731,7965,9195,2352,6576,8153,2969,9721,5273,505,5498,8413,5375,---3,5,4,4,5,2,4,5,4,4,2,5,3,5,2,5,
8866,9507,2856,4841,2122,744,189,8728,8083,8181,600,8825,7706,7994,1471,---3,2,2,2,2,5,5,3,2,4,5,2,4,5,5,
7362,4803,6470,6919,1256,5450,1995,5570,5806,1967,2802,6643,1461,5084,---3,4,2,4,3,3,5,2,4,5,3,2,2,5,
7168,6688,1529,2276,5093,6087,5800,6027,83,7828,3413,6583,4484,7774,---2,5,5,4,3,2,4,3,5,3,2,2,4,4,
9666,1531,1353,8123,3407,2748,6324,2741,8022,6569,5275,4284,3613,4063,---5,4,3,3,3,5,4,4,4,5,4,4,5,2,
8770,4390,4998,6193,4712,6889,7722,8930,2926,465,5298,4150,3658,7295,---5,5,5,5,3,2,3,2,4,5,2,4,5,4,
9040,739,833,6505,9899,3597,9264,5236,2837,631,1684,1466,5534,---5,5,3,4,2,4,4,5,5,5,2,4,5,
2304,7044,178,6920,8844,1805,6888,4402,5908,5397,7196,914,---4,5,3,2,5,5,4,4,3,5,4,4,
3876,2321,5865,9995,7407,4848,9489,1042,5694,2936,2494,1759,---2,4,4,2,5,4,3,4,4,2,2,4,
4256,2114,4325,614,5576,7665,4082,7861,4536,3163,3740,4501,---4,2,4,4,3,3,3,4,5,4,3,4,
4738,1155,3975,6956,1730,2734,6065,6179,565,5238,9084,8597,---5,4,2,5,3,3,2,3,4,5,2,4,
9793,3045,1000,7625,4298,5323,7342,560,7380,8245,3101,---3,4,5,2,2,2,4,4,5,5,5,
4417,579,6247,8969,8426,4526,9647,4818,3987,4308,7796,---4,3,2,3,5,2,3,3,3,4,4,
2720,7681,802,8099,8401,9869,1297,6851,373,9751,8828,---4,3,2,5,2,5,3,3,5,5,3,
7813,8456,9513,5486,7375,9366,1199,4604,2045,8190,---4,2,5,3,3,5,5,2,5,4,
9315,2948,2358,7686,1513,2669,4433,1746,3347,1747,---5,2,4,4,5,2,5,5,3,5,
3648,865,1986,4293,8871,6791,6514,759,8889,1436,---5,2,2,2,5,4,4,4,3,2,
8646,7240,5513,4119,2417,3859,5462,1143,7192,8604,---5,4,4,4,2,4,4,4,5,2,
9568,1954,2764,4765,2608,3090,9107,5748,2008,7741,---5,5,3,5,5,5,2,4,3,4,
4000,2144,7714,6820,1033,558,2897,8219,4029,---5,2,5,2,3,3,2,5,3,
4224,4931,406,7594,4662,8023,1082,6779,4479,---3,5,3,2,4,5,3,2,5,
3779,7729,5681,1203,469,4281,8217,4989,3166,---5,3,2,4,3,3,4,2,5,
384,9766,7692,3471,5234,6046,4278,5112,7390,---5,2,2,4,3,5,5,5,4,
7761,9707,621,2611,3539,7768,6809,312,---4,3,4,2,3,5,5,5,
1666,3018,8399,1906,7253,9910,1495,5945,---3,4,5,5,3,5,2,5,
2437,9030,1385,975,7794,4233,9657,6970,---4,2,2,4,4,2,2,4,
7845,5478,4810,5002,2127,5337,7963,4829,---5,4,3,4,3,5,2,3,
7190,9029,7030,1081,7126,3865,6591,---3,2,5,2,4,4,4,
7427,4132,1260,7438,4146,686,4666,---4,3,5,5,4,5,4,
1603,4391,1131,8502,9049,5223,8285,---2,4,2,3,4,5,2,
8000,3203,4012,1589,8155,830,4831,---3,3,2,4,4,3,4,
8263,2313,6666,4812,3247,8184,1051,---2,2,2,3,2,2,2,
3479,3699,6804,8983,2899,4574,---3,3,2,3,2,3,
9552,385,7948,9960,2760,---4,5,3,2,5,
5473,2562,4878,1225,---4,4,4,4,
6043,7908,9901,4605,---2,2,3,4,
5232,4187,302,6171,---2,4,2,2,
6144,6130,108,1053,---3,4,2,2,
8753,1970,1413,9278,---3,2,3,2,
3289,4138,8379,5636,---4,3,3,3,
3664,1545,4962,1611,---2,2,3,4,
6720,5017,8563,1238,---4,3,3,3,
7513,700,9886,5279,---2,4,2,3,
9091,8843,6800,2709,3991,4506,6810,3360,291,3881,2346,429,7599,816,7604,2101,5237,4929,7107,2244,8140,6736,6739,3670,1360,5990,8934,7379,6261,---3,2,3,3,5,2,3,4,3,3,5,3,5,3,4,4,3,2,2,4,4,5,4,2,4,5,2,5,5,
1537,9860,959,2185,2955,7951,8209,1091,301,5552,1588,4361,5183,1218,5699,6980,6093,3544,986,2399,3040,870,998,111,1393,9331,5755,5887,---4,4,4,3,3,5,5,4,5,5,5,2,4,4,3,3,2,4,5,2,5,3,2,2,3,5,4,2,
3691,3716,2953,398,911,1812,22,3746,4773,1582,8111,4913,9138,8885,1078,191,1988,9677,1497,2526,2656,6755,7915,1388,1139,8696,9978,---3,5,5,3,3,2,3,4,4,5,2,3,5,5,2,3,2,2,2,2,3,3,4,4,4,3,3,
3075,2882,5592,7571,6807,2334,9768,5290,9772,9136,6430,6838,2754,6086,7496,969,5067,2904,5340,8541,8423,3954,6387,1780,3318,5501,---5,4,5,2,4,4,5,5,4,4,4,2,3,4,3,3,4,3,2,3,3,2,2,5,5,3,
4357,1928,8457,2830,3601,9362,1057,8881,4657,1460,6077,1352,2634,9165,9166,4944,6355,4686,6102,3427,3047,5614,6129,375,---5,2,3,4,4,3,3,2,4,2,3,4,5,5,4,4,2,4,4,4,5,5,3,5,
8706,7304,5392,274,5272,7108,4382,8902,5415,3759,3761,1202,7612,7236,8774,9799,8546,4047,5712,4313,6748,5853,5474,7294,---3,3,3,3,4,3,4,4,5,3,5,5,4,2,2,4,4,2,3,2,5,4,3,3,
5632,3457,7939,6543,7059,37,6567,3243,7983,4529,574,8524,467,6484,1880,3804,3041,7523,4329,4202,6931,9972,---4,2,2,3,5,4,2,5,2,2,5,3,3,4,5,5,4,5,4,3,5,5,
107,3106,4331,849,2056,9449,6923,5890,5198,1575,9683,1361,6322,9475,7926,6263,3577,8279,3805,6654,4447,---5,4,2,2,5,2,5,5,4,2,5,5,2,2,5,2,3,3,2,2,2,
6592,5471,8555,3236,8773,4263,6664,5612,4907,4396,8367,144,5065,4884,9590,9655,3001,250,7643,3263,---2,5,3,5,2,4,3,4,2,5,3,3,4,5,3,5,3,2,3,4,
9312,2849,8387,6020,8357,1414,2113,9129,1836,7587,6465,6386,5107,310,2359,3257,1892,3485,3134,9343,---3,3,4,5,4,2,5,4,2,2,4,3,3,2,4,2,2,2,3,5,
9152,1755,3142,6439,3468,7626,455,5004,3026,9927,5135,9554,1859,534,9263,940,8347,636,---4,2,3,4,4,2,3,2,3,4,2,2,2,4,4,3,2,2,
9826,7035,4966,3623,9032,6452,6219,3564,5617,3572,2100,1848,9556,1435,9116,6993,6366,7231,---5,4,2,5,2,5,2,2,3,5,3,4,4,2,5,4,2,3,
8422,3812,1957,8262,8113,4680,372,2502,7788,6447,9936,5361,5939,5076,8854,4505,5172,7453,---3,5,4,2,4,5,2,5,4,2,3,4,3,3,4,5,2,5,
3299,645,166,8584,8348,7402,843,2573,5944,5009,8659,7222,6295,9432,1899,7291,4182,4714,---4,5,3,3,3,5,4,4,3,2,3,3,4,3,2,2,2,3,
1360,7810,6019,4196,7216,2814,6185,6954,3693,3149,304,6261,3649,3991,4153,429,7711,---4,4,4,2,2,5,2,2,4,5,2,5,4,5,4,3,2,
4579,1094,7431,8424,4999,2663,9903,7984,5310,4259,2836,6485,6872,1845,7132,7166,8565,---4,5,2,4,2,3,2,3,5,3,5,3,2,5,4,4,5,
3905,4994,667,5157,3803,3143,8200,3049,4144,5008,9841,6773,2225,3738,5919,5502,2431,---2,5,3,2,3,3,3,5,3,5,3,5,5,5,3,4,2,
7616,4816,5410,6404,9831,5288,2441,2058,9789,5680,401,8689,9589,2841,4764,2205,---4,4,2,3,5,5,3,5,5,2,3,4,5,5,5,4,
2083,9668,70,3239,4201,9738,7495,3788,8691,4881,1875,5973,1686,1146,8669,4894,---3,4,2,2,2,4,2,4,2,4,2,5,2,2,2,3,
4097,8131,5316,231,3720,2187,5547,8717,9198,5747,643,5269,8135,5657,4255,4223,---5,4,3,2,2,2,5,4,3,4,4,4,2,3,5,2,
4001,1602,8067,2854,3399,8139,7470,2639,4465,4276,1211,982,3607,9018,4383,735,---5,4,4,5,3,4,3,2,5,2,3,2,4,5,2,2,
961,4076,458,4651,3244,9645,7246,3885,9840,3058,6803,7583,8947,826,3419,8607,---5,4,3,4,3,4,5,2,4,5,3,4,5,5,2,5,
2241,1508,2153,7818,9933,2957,5424,2737,8836,7350,7960,5796,6011,8572,61,---4,2,2,5,5,2,5,2,5,2,4,4,2,2,4,
4481,9347,7446,7462,872,5705,9610,2694,5327,6358,6217,5144,1852,4189,2661,---2,3,2,5,4,4,5,4,4,5,2,3,2,2,3,
6145,8227,3111,6312,2268,4427,2732,5581,14,1645,7121,5075,9785,4621,639,---3,3,3,5,2,5,2,4,5,5,3,3,3,2,2,
6274,6038,294,7313,541,5936,6577,6738,6870,6167,3448,2038,3677,3141,6335,---2,5,4,4,5,2,5,5,4,3,5,3,2,4,4,
9986,6691,1158,9193,2509,7822,2221,5456,5779,6260,6421,4824,6681,9583,---4,2,5,3,5,4,3,2,5,4,2,2,2,4,
7376,4002,9795,1121,1709,5550,8525,7952,1490,5847,7890,537,6938,1150,---4,4,5,5,4,2,2,4,2,4,4,3,4,4,
9856,9318,7433,5066,8907,125,8913,179,6489,2139,7708,8157,4830,2623,---2,5,3,2,5,2,3,5,3,2,3,2,3,4,
9665,5346,9603,4709,7336,2440,6704,1553,8850,5913,3816,9435,1246,2213,---5,3,2,3,5,3,5,4,2,3,3,5,5,4,
1984,2529,8739,4804,1351,4040,8973,659,2806,9369,3578,7259,7036,3775,---5,5,3,2,3,2,5,3,2,3,4,5,2,4,
4897,4034,2742,3815,6793,5738,2859,3436,3895,9810,886,9289,8859,6783,---3,5,3,2,3,3,5,3,5,5,3,5,4,2,
2368,6838,2086,433,4023,9136,6961,7571,3318,8407,4038,2299,1661,---5,2,4,4,4,4,2,2,5,4,2,2,5,
5200,8675,598,9479,4566,8620,685,4240,3731,9750,2391,8250,8059,---5,2,4,2,4,4,3,4,5,4,2,4,3,
4547,3620,6854,9288,7849,3660,6579,6966,169,3642,6267,1052,5466,---4,3,5,4,3,3,4,3,4,3,5,4,3,
6464,4323,7754,8491,6220,8589,3248,9266,6419,1974,6136,2140,---5,4,2,4,4,2,3,3,2,4,3,2,
9473,3842,2599,2282,2194,7982,4495,9042,3958,3099,1404,2430,---2,2,5,4,4,3,3,3,2,4,5,4,
128,642,8709,10,5235,8638,2392,4825,858,9947,6877,2270,---2,3,2,2,3,3,5,3,3,5,3,5,
7744,1089,2498,4925,6812,371,9807,1532,6264,6652,4253,5631,---2,4,3,2,2,3,5,2,2,3,2,2,
6753,3874,132,2728,9929,5322,9806,2452,4853,9787,7100,3549,---2,4,5,4,4,4,5,5,3,3,3,4,
6088,9515,2444,8463,9009,8498,4054,3671,1081,7101,9854,6143,---2,5,5,3,5,2,5,3,2,3,4,5,
3760,6947,6022,2182,3297,1992,6241,4752,242,7351,2218,6302,---3,5,2,5,4,5,2,5,4,5,4,4,
8576,1569,9218,68,902,4743,9070,3857,590,5207,3576,602,---4,2,4,4,2,5,4,2,4,2,3,3,
4768,4740,328,2410,2252,6253,4351,5145,8025,9435,1631,---5,4,3,4,5,5,3,5,2,5,5,
6496,7203,2474,5099,1422,144,8555,4884,3001,250,7643,---5,3,3,3,4,3,3,5,3,2,3,
5378,4900,1510,3144,6604,7025,7860,2262,4247,8188,7679,---5,4,4,3,3,5,5,3,3,2,5,
8002,7269,6663,6379,8460,953,8410,1275,7837,7198,6655,---5,4,5,5,4,5,3,5,3,4,5,
9667,7684,8837,9704,3275,8788,7669,1463,5753,7131,---4,5,5,2,3,3,5,2,2,5,
8448,8289,3330,8964,2827,770,6478,6033,437,3734,---4,5,3,3,3,3,3,5,3,2,
2209,7970,2248,7475,3213,3763,2933,8822,6697,7929,---2,2,5,3,4,5,4,2,5,4,
9923,9988,4502,7285,2134,215,728,4121,2939,1244,---3,3,5,4,3,3,5,3,5,5,
514,8739,4804,1351,3852,8973,1072,3578,7259,---2,3,2,3,3,5,3,4,5,
4289,1634,360,8137,5646,7151,6542,1814,6879,---2,3,4,3,5,4,5,5,3,
736,1025,5064,8508,4845,8336,7640,4410,8860,---5,4,4,4,2,5,4,2,2,
7040,5953,2016,4302,3024,9808,4057,3867,3358,---4,3,4,3,5,4,4,3,4,
3872,4170,8747,2188,589,6837,7738,223,---4,4,5,4,3,5,4,5,
6081,967,2312,5481,557,1288,2675,1406,---5,4,3,4,5,3,2,3,
737,7403,5413,651,5489,4820,1237,6587,---4,4,2,2,4,5,2,3,
7360,771,3819,555,1905,818,5879,829,---5,5,5,3,3,5,4,5,
1577,586,8718,1650,691,4692,9943,9850,---2,4,5,3,2,4,4,3,
3169,7943,1834,7088,2521,2492,8234,1247,---2,2,5,3,3,5,5,4,
1217,5827,4613,7720,4239,2577,2105,---5,5,4,4,2,3,3,
766,1060,4423,9487,9909,6620,222,---5,3,4,4,2,4,4,
8225,9002,6190,5775,1396,5454,7677,---3,4,5,4,4,3,2,
2080,489,1228,6351,6422,4759,7164,---4,5,2,5,4,5,3,
4832,4130,5828,7377,7767,3546,2621,---3,5,3,4,3,3,5,
4417,7171,1541,1737,9227,4818,8969,---4,5,2,3,5,3,3,
3079,9,1109,9880,4283,8476,5823,---3,5,2,2,2,4,3,
8707,5444,8174,8657,6547,5518,1763,---2,2,4,3,4,5,5,
4996,6251,1491,1591,2072,2618,5499,---5,2,4,3,5,4,3,
7672,4857,6890,5787,2172,---5,4,4,3,5,
1824,7500,2677,7814,2133,---2,2,3,2,2,
5915,7566,8999,---2,2,2,
2091,6398,7659,---3,2,3,
1667,900,646,4231,2828,5520,7697,2325,9367,8600,862,1702,171,7155,7476,7093,1079,6716,8757,1858,3909,4934,9433,5212,9053,734,3295,5094,8935,7660,9709,2032,3442,7539,9206,119,4221,---4,5,2,4,3,4,3,5,2,2,3,5,5,5,5,4,2,4,4,2,2,2,4,4,5,2,5,4,2,2,4,5,4,3,5,2,4,
4865,1794,8582,6151,4745,4567,4620,8982,535,8987,2332,9632,9689,9508,7206,295,4653,3635,4795,5566,5702,8142,5717,7033,1624,4004,7149,114,2420,3960,2425,4222,---3,4,3,2,3,3,3,5,3,5,2,2,2,5,3,3,4,4,5,5,4,3,5,4,2,2,3,4,5,5,4,3,
6656,5163,8583,5869,8471,1688,1562,9501,2951,3628,2477,8494,2099,3385,62,6723,4428,8377,6927,2654,608,740,7909,3437,4081,4859,6397,3711,---5,3,2,3,4,5,5,3,5,4,4,2,4,3,2,4,2,5,4,3,2,3,5,3,2,2,3,5,
1154,2563,3591,1801,6924,2069,155,3742,4384,6818,4521,7980,7220,2106,188,4798,7617,9484,1314,8912,5589,3414,7653,9075,7797,7415,9340,5909,---3,3,5,2,4,2,4,2,3,3,5,3,4,4,3,2,2,4,3,5,2,2,4,2,5,5,2,4,
4869,9478,913,5394,5395,1045,157,7335,4786,693,9912,322,1476,1398,326,6215,5832,8011,207,4183,4444,9577,679,5485,9582,758,3190,1403,---5,5,4,3,4,2,3,3,3,5,5,3,2,2,2,3,5,5,4,5,3,4,2,5,5,5,5,3,
4481,6786,9347,2694,9610,5144,6819,8110,2610,819,2997,6217,1852,5705,5327,6096,8785,6358,7005,993,2661,872,9464,2813,---2,5,3,4,5,3,4,3,3,3,3,2,2,4,4,4,3,5,2,3,3,4,3,5,
517,9355,8332,8726,6679,9881,2203,6559,6440,9387,2740,4021,1341,6338,5459,470,5863,9452,6512,1778,8820,1142,1273,5371,---5,5,3,4,3,2,2,4,5,2,4,5,3,2,2,5,3,4,4,4,2,5,3,3,
5,7825,2711,8132,9373,3486,159,2337,8738,5028,4511,5438,3012,9672,8906,2773,3672,7776,4577,9314,1392,884,2171,---4,5,2,5,2,4,5,2,3,5,3,5,4,3,5,4,3,5,2,3,3,4,2,
3200,3204,9609,2316,6801,6933,9503,8749,2738,6710,8761,1340,8894,4300,5197,9937,6629,3431,7401,6897,4596,8830,---4,4,4,2,4,4,3,2,5,5,5,2,5,3,2,4,4,4,4,2,3,3,
5698,9379,3622,2918,2344,2121,9611,3276,1230,4463,5584,4627,7156,8078,4664,3322,2779,860,9222,1861,---3,4,5,5,3,3,4,2,3,2,4,2,4,4,4,5,4,2,5,5,
5328,8932,8518,838,929,5448,7881,3850,5383,3165,2575,2416,8721,6291,1909,4854,7783,9533,7038,7637,---2,5,3,2,5,4,5,5,3,4,5,3,2,4,5,3,5,5,4,3,
2400,1473,7593,1828,5492,1191,1736,2985,2224,3916,9524,1744,8147,7700,5781,9302,7673,6850,7257,---5,3,3,2,5,4,2,2,2,5,4,5,3,3,2,4,4,5,3,
2912,1156,2148,6181,3560,6089,842,9643,1516,2862,2040,9106,8307,8628,1548,2265,4602,2781,6110,---2,2,5,2,3,5,5,4,5,3,3,2,3,3,2,5,2,5,2,
4608,3490,8581,4360,6857,7916,6733,6621,2456,1683,9716,7193,9400,1977,58,7067,4028,8890,3198,---2,2,2,2,2,5,4,5,2,2,5,4,5,5,3,4,3,5,4,
640,9636,6789,1638,945,8360,7949,9648,5000,4498,7859,7284,8821,1470,8228,4730,8382,---5,5,3,2,4,5,2,4,4,5,2,2,5,2,2,2,4,
3424,6273,3650,9699,5468,9706,7691,8940,5841,5504,7646,502,984,4633,9916,554,7262,---3,3,4,3,4,5,3,4,5,2,5,5,2,5,4,2,5,
8715,5955,8580,1317,9128,6634,1355,8042,9871,3824,9363,9013,2682,1503,8554,8805,---2,4,2,4,4,2,4,4,5,4,2,5,4,4,2,3,
7745,8643,3334,5031,6410,3470,5904,5458,8723,4755,5616,3510,1687,4698,380,7989,---2,5,2,2,2,5,4,5,3,5,4,5,2,4,2,3,
4353,8930,4390,4998,1799,6940,2986,7295,2722,9006,4150,6487,3807,8444,7722,6687,---2,2,5,5,2,3,4,4,3,3,4,5,5,4,3,3,
4704,8012,4109,3534,4527,2450,3571,6836,9333,8918,9050,4943,7957,7966,6367,---3,4,3,3,3,5,3,2,5,5,2,3,3,5,5,
7936,8705,3235,4421,490,1071,1745,402,6883,1878,9752,762,5339,5850,8414,---2,4,5,2,2,5,4,4,3,3,5,5,4,5,2,
483,5284,4037,1738,2966,7854,797,5667,7795,4213,1206,9497,3036,8202,---5,3,4,5,5,5,4,3,2,5,4,5,4,5,
9888,7012,5799,2024,2857,5003,204,3214,4305,5331,4503,3176,94,383,---4,4,2,5,2,5,2,4,2,5,4,2,5,3,
715,324,8933,8550,5321,7543,1719,8335,432,1849,4370,9270,9111,1380,---5,5,2,2,4,5,2,2,4,3,3,4,5,5,
5441,1627,4838,2666,3883,7661,910,1019,4343,8824,8155,1948,830,4831,---5,3,3,3,4,4,2,4,2,4,4,3,3,4,
6369,962,3875,4747,3818,427,8430,8951,8244,3959,6475,4799,3580,1151,---3,3,3,4,3,5,3,2,4,2,3,5,3,5,
2475,8549,2758,1289,6315,1679,4945,3891,9780,4757,9112,60,2877,8031,---5,5,3,4,2,2,3,2,2,5,5,4,5,4,
6181,1576,6089,7786,1516,2862,3560,8307,8628,2990,5495,2265,6110,9311,---2,4,5,3,5,3,3,3,3,2,3,5,2,5,
9569,676,4261,7559,6122,5100,7245,6104,3093,5559,7576,5789,1598,7167,---2,3,3,4,2,3,5,5,4,4,4,3,2,3,
1889,4842,3646,5615,4920,5682,4851,6164,1525,7859,8664,4015,7582,9749,---2,3,5,4,2,4,5,3,4,2,3,5,4,5,
3296,7328,3335,5897,266,6187,6382,241,8302,8441,6906,1342,7455,---4,2,3,4,5,5,2,4,2,4,3,5,4,
5697,5283,630,6631,8425,2030,785,8949,8086,7777,3608,4123,126,---3,3,3,4,5,3,3,2,4,2,4,2,4,
3808,5600,194,932,8028,6795,6670,9775,6168,8516,3290,5372,8861,---5,5,3,5,3,3,2,2,4,2,3,5,4,
5985,4514,5387,1387,2701,719,7248,1781,7096,1337,3087,6844,2111,---3,4,2,2,3,3,5,3,4,2,3,3,4,
2464,6259,9847,3133,3119,9779,1942,8695,2298,3069,3230,9759,---3,5,4,2,2,4,2,2,2,5,5,4,
4544,4001,3399,333,7470,2639,4465,5746,4276,1519,1211,4383,---4,5,3,3,3,2,5,2,2,4,3,2,
9633,964,6757,8840,5033,8623,3696,584,2774,2647,922,1595,---5,2,4,5,3,5,2,3,3,5,2,4,
9054,7894,4903,5675,2797,2963,4628,3317,4214,9946,6939,542,---3,5,3,5,2,5,2,5,4,4,4,4,
1601,7753,8532,521,2423,8557,5042,4532,1239,4948,5242,3418,---2,3,3,4,5,3,4,3,3,2,2,2,
4452,6758,6346,491,3629,9742,8052,6389,5302,6586,3994,7189,---3,4,5,2,5,2,4,2,2,3,2,2,
8004,8581,4360,6857,5963,684,1945,2257,9716,1977,7876,---4,2,2,2,5,3,2,2,5,5,4,
2976,9793,4611,3976,7625,4298,5323,2124,7342,7380,8245,---3,3,4,3,2,2,2,2,4,5,5,
9827,4870,6792,4476,106,5260,2478,1839,3400,5148,510,---3,4,3,4,3,2,3,4,4,4,5,
4961,7045,5638,3015,8075,525,9712,5876,9127,8060,2302,---5,3,2,2,4,4,2,4,3,5,5,
3809,9763,7141,9767,9352,7756,5549,6039,7900,1981,8741,---5,3,5,4,4,2,5,2,3,3,2,
9024,9728,4550,8710,8241,6483,5368,4377,2118,5373,2725,---2,2,5,2,3,3,3,4,3,5,4,
8448,8289,1795,3734,8746,2827,206,5558,4823,2552,5435,---4,5,5,2,5,3,4,2,5,2,2,
1043,3489,66,9195,6603,7667,4371,3541,2969,9071,1011,---3,3,4,2,5,5,5,3,4,2,2,
8704,2404,6374,1448,619,4940,5933,8431,9525,86,2042,---2,2,4,4,4,2,5,2,5,2,2,
5762,7365,38,5582,4819,6293,4055,5080,9594,7997,3966,---2,3,3,2,3,2,5,5,3,3,3,
1729,7555,2374,269,9295,1937,7538,4787,5460,6509,861,---2,2,2,3,4,4,3,2,3,3,2,
832,3683,261,8362,6095,5360,2033,403,2935,9017,7357,---3,4,5,5,4,4,4,4,3,2,2,
2724,2570,3596,1069,5873,309,9879,4728,3034,3773,949,---2,4,5,2,3,5,4,2,4,2,4,
6306,358,454,6024,2762,2733,7278,4610,7124,5175,2905,---4,3,4,5,2,3,3,4,5,2,5,
5026,4164,3525,6728,3023,9585,5586,1844,5719,6008,3327,---2,5,4,3,5,3,4,4,2,4,4,
551,4297,7319,781,1390,6032,8340,4206,3062,1879,---3,4,3,3,2,4,5,4,2,4,
6305,7202,8195,2603,6669,7887,1907,4469,7127,2296,---5,4,4,4,3,5,5,2,5,4,
3168,8163,4337,9994,5741,17,6197,5432,5050,9962,---2,2,5,2,2,5,2,2,3,3,
5217,9251,7819,1933,6030,1618,6292,1302,7996,4031,---5,3,3,3,4,3,3,3,5,2,
5539,8389,875,6479,7920,6099,4756,4983,9496,3003,---2,5,2,3,4,5,4,4,2,4,
642,1287,10,2978,6648,8469,2392,8220,6877,8638,---3,3,2,2,5,4,5,5,3,3,
9825,4706,101,2439,9769,303,6928,278,3993,4655,---2,3,4,4,3,5,4,2,5,5,
7808,1953,2626,3559,1258,847,7478,7191,2043,2303,---5,4,4,5,3,3,2,5,5,2,
5412,2790,8875,8876,8017,9490,697,8057,8954,1305,---4,3,4,2,2,5,5,3,5,2,
9504,3301,3944,1099,9201,6360,2136,5467,3644,9022,---4,3,3,5,4,5,5,5,4,4,
5089,2019,4080,1224,4332,7440,1672,564,601,---5,4,2,3,5,4,5,2,5,
1312,8325,7494,2311,3753,395,1749,2108,8101,---3,5,3,5,4,3,5,4,4,
3137,5314,3739,7627,5902,5999,6201,4507,4316,---5,2,5,4,5,2,3,3,5,
5731,5380,5510,8107,5843,5398,7607,4408,8412,---2,3,5,4,3,3,3,5,2,
9411,1552,3249,8914,1428,6166,664,7188,2780,---5,2,4,4,2,5,2,2,5,
7392,9030,3303,3880,4233,975,3016,7794,7893,---2,2,5,5,2,4,2,4,4,
1056,9792,7112,8489,2380,172,4085,7479,9205,---4,2,3,2,5,4,3,4,5,
3233,7499,9420,3726,5359,9843,3509,727,9211,---3,3,4,2,3,5,2,2,4,
5126,3980,9454,7026,4915,5332,7320,2875,9183,---3,4,5,3,3,4,3,5,5,
4193,6,6662,6150,3435,2097,8090,669,4997,---5,5,3,2,2,5,4,2,3,
1035,7205,4011,3389,1073,6900,733,9151,---3,4,2,2,2,5,4,4,
5376,3754,4173,7634,7732,1750,2554,8603,---5,5,2,4,5,3,2,2,
2531,9349,912,6513,7317,5433,3806,8629,---2,4,5,3,4,2,2,5,
3521,8965,8775,9628,8172,8397,1084,3292,---2,3,2,3,5,4,5,5,
6602,7435,9388,3346,2994,6581,4124,1311,---2,5,3,2,2,3,3,4,
7361,4581,4519,3757,755,3767,2648,4411,---3,2,2,3,2,5,5,5,
3432,5427,2956,9837,2606,5296,6001,9491,---3,5,5,5,4,3,2,3,
4578,6051,6343,2914,1006,1010,3512,9305,---4,2,4,5,5,3,2,5,
8807,1457,1522,9430,6199,2744,4347,9149,---4,2,3,4,4,2,2,4,
3873,4294,7179,5522,3669,3609,9180,926,---2,2,2,3,2,2,3,3,
3939,1810,2707,2708,8373,5974,9272,1659,---5,4,3,4,2,2,2,2,
8611,4836,5831,7468,5837,1651,6873,8574,---4,5,2,4,3,4,4,3,
3684,5925,6599,9512,8682,8616,8056,4826,---4,5,2,2,4,3,3,3,
6880,9988,2134,7114,7285,4502,1593,1244,---3,3,3,4,4,5,3,5,
4682,9423,1554,500,4761,8953,8283,8380,---3,4,3,2,5,2,5,4,
6082,1187,5928,4937,4394,9938,6537,---3,4,4,3,4,4,3,
2593,7140,9413,7309,4046,8596,6101,---3,3,3,5,3,4,4,
2341,1129,1299,1012,1816,20,6843,---2,2,2,2,4,2,4,
3521,5030,9628,1866,8397,8533,3292,---2,5,3,4,4,5,5,
448,4170,8747,589,6608,7058,6837,---5,4,5,3,2,2,5,
0,6960,981,9945,4987,5117,7445,---3,3,2,4,4,5,2,
4739,9060,3051,3732,8661,3348,5692,---3,5,5,5,2,5,3,
5606,9447,4649,7693,5745,4981,4472,---4,4,4,5,3,2,5,
5637,2793,9418,4364,1714,4601,---2,2,5,3,3,3,
544,1825,6395,2258,6003,795,---2,3,3,2,4,3,
7779,3270,6246,8909,2467,599,---4,4,5,3,3,2,
9282,8772,5167,4724,2519,9567,---5,3,2,3,4,5,
6112,5482,7565,8274,1555,633,---3,3,2,3,5,5,
3373,3374,8653,7793,8216,4061,---3,4,3,2,3,4,
9377,7397,4614,3602,339,7770,---3,4,3,4,2,2,
7552,2022,4392,1594,127,5983,---5,2,5,3,2,2,
1220,8490,2832,5684,6326,5882,---5,5,4,5,3,2,
9122,2790,8876,717,8057,697,---3,3,2,2,3,5,
1313,3777,4707,9541,2455,---2,4,2,3,4,
2585,7762,683,9133,1550,---2,3,4,4,5,
1600,672,1739,7081,8239,---3,5,2,2,3,
5059,9317,8415,---2,2,2,
3208,8449,4847,---2,2,2,
2156,7662,---2,2,
3848,6813,---2,2,
4769,4775,---2,2,
7985,4438,---2,2,
208,5962,---2,2,
4056,2109,---2,2,
4992,1669,1542,1678,2192,3091,1561,1583,3868,48,8231,1705,6954,2479,7216,8246,3167,1212,4542,3649,5189,5318,2382,4432,4178,7630,5724,3293,8671,4196,935,6384,9587,6185,632,1658,1021,2814,5077,---2,2,3,3,5,4,3,2,3,3,4,2,2,3,2,2,5,3,4,4,2,3,5,5,4,2,4,3,5,2,5,5,5,2,2,3,3,5,4,
4486,7020,9485,2706,8213,2845,6565,4262,809,2349,5169,2226,3129,1087,228,4169,1740,7374,335,3536,340,2916,1501,3553,7522,1124,7014,4971,6508,1261,8942,4725,8570,7420,---2,5,3,4,2,4,2,5,5,3,5,2,3,4,3,2,4,2,2,5,3,4,2,3,2,5,4,4,3,2,2,4,2,3,
3972,407,5647,2960,1301,8087,2970,6173,4256,8105,4082,4019,4536,6078,5567,5312,6981,1993,8651,3153,9048,9743,6494,6628,614,1894,7912,4074,8687,7665,8306,6313,7548,---3,2,4,3,2,2,5,4,4,4,3,4,5,2,3,5,2,4,2,4,3,2,3,5,4,3,2,3,4,3,3,5,2,
1801,6155,7436,5909,1435,9116,6561,155,3623,1070,6452,1848,2100,9659,9032,6219,591,5329,7763,9556,5589,6366,9826,6993,3564,5617,2035,7797,7035,---2,4,5,4,2,5,2,4,5,5,5,4,3,4,2,2,5,4,5,4,2,2,5,4,2,3,2,5,4,
9729,5896,5645,3225,4378,8303,5535,6821,4273,808,4014,7601,9394,9402,6979,6221,9037,8530,4317,1118,3679,4705,1512,7658,3410,8815,9083,6014,4095,---4,5,2,2,5,2,4,2,5,4,4,4,3,2,2,5,2,2,3,3,2,4,5,4,2,3,2,2,5,
8962,7557,6155,7436,5909,9116,6561,3623,1070,6452,1848,2100,2500,9032,6219,591,6993,7763,9556,6366,9826,5329,3564,5617,2035,3572,7035,---4,3,4,5,4,5,2,5,5,5,4,3,2,2,2,5,4,5,4,2,5,4,2,3,2,5,4,
2193,8213,9110,9495,8354,2853,1333,3256,3129,8637,8128,7490,7875,8098,7374,8411,1501,8229,7522,6373,7014,6545,6908,3574,1784,8570,7420,---4,2,5,4,5,2,2,3,3,3,5,5,5,4,2,3,2,2,2,3,4,5,2,3,4,2,3,
4483,393,4365,1807,9754,2459,1823,4129,9692,7282,2992,2876,446,4032,8897,5188,5192,476,9186,2533,7276,8173,2158,8177,8818,9588,892,---2,3,4,5,5,3,3,4,3,3,5,4,5,5,4,2,2,4,3,5,5,4,2,2,3,4,3,
3200,9609,9482,2316,2831,6933,5538,6442,4524,1454,2738,6710,2747,8520,4300,5197,9937,8146,6749,6629,3431,7401,7148,6610,6897,8830,---4,4,5,2,4,4,4,2,4,3,5,5,2,2,3,2,4,4,4,4,4,4,4,2,2,3,
9729,5001,5645,8341,4378,1566,6821,4014,9394,9402,7611,1741,6979,6221,9422,9037,3410,4317,1118,3679,8294,7658,8815,2297,4095,---4,4,2,4,5,2,2,4,3,2,2,5,2,5,2,2,2,3,3,2,2,4,3,5,5,
4715,3463,3724,8334,4367,5651,5653,5659,8478,6436,3749,2214,5355,6457,8506,5947,4285,5965,1871,6869,5723,7645,8937,1643,2684,---5,2,3,5,4,4,4,3,5,4,2,4,3,2,4,2,2,4,5,4,3,4,5,2,3,
5891,9097,8337,7315,6982,3100,1568,5793,5795,2597,4784,137,570,4161,8642,5958,713,2002,1751,604,5818,5797,4454,4198,---4,5,4,5,5,3,3,2,5,2,2,4,2,2,2,2,2,4,3,3,3,3,2,5,
7048,2953,398,22,5016,3746,4773,4648,4913,1078,5047,7864,191,5447,8656,6866,1497,4699,2526,6114,8551,7915,1388,1013,---5,5,3,3,4,4,4,4,3,2,2,2,3,4,3,5,2,4,2,3,3,4,4,3,
4482,3077,2335,2337,8738,2595,5028,3625,7598,159,8132,7621,7880,8906,8655,3284,3672,3547,1514,4204,1392,4467,1663,---4,3,2,2,3,5,5,3,5,5,5,3,2,5,4,5,3,2,3,5,3,4,5,
3843,3590,8327,5137,6546,5785,4636,7130,4518,423,9897,2567,7855,6202,3794,2522,741,1382,3817,3057,3942,5113,123,---4,4,3,4,4,3,4,3,5,4,2,5,3,4,3,2,4,2,5,3,3,3,3,
6275,2564,6413,7055,1303,2082,1699,4134,1968,8886,9150,2880,6210,2628,9290,6353,7971,2135,8591,7133,9059,4713,1770,---5,2,3,2,5,2,5,3,5,4,4,3,5,2,5,3,4,4,3,4,5,5,2,
4483,393,1807,4373,2459,1823,4129,7282,2992,446,4032,8897,5188,5192,476,2533,7276,8173,2158,8818,9588,892,---2,3,5,3,3,3,4,3,5,5,5,4,2,2,4,5,5,4,2,3,4,3,
2368,2299,4837,4038,4359,764,5290,7159,718,9455,2904,969,6387,1262,8407,4248,9817,2086,5116,9930,6718,---5,2,5,2,5,3,5,5,2,4,3,3,2,4,4,2,3,4,4,4,3,
3712,2452,3042,4307,9428,3238,5655,2355,5546,2871,9740,3549,7219,25,4853,9911,5560,1657,1530,4701,9822,---3,5,5,2,5,5,4,5,3,4,2,4,3,2,3,4,3,3,5,2,2,
65,4866,8120,8678,5249,9480,329,5386,7083,4909,3240,7922,787,3188,2839,8280,7636,1809,7709,5599,---3,5,3,2,5,4,2,4,2,3,2,5,3,5,4,4,4,4,3,5,
4288,8577,7202,8195,2887,6057,2603,3540,6669,5166,7887,9456,1907,9012,4469,7830,2296,9250,3533,9396,---4,4,4,4,5,2,4,5,3,5,5,3,5,5,2,5,4,4,5,4,
3296,7201,6187,6918,3174,3708,8812,7723,2700,7328,8302,7631,2096,3825,980,9175,6744,6460,7550,5663,---4,4,5,2,2,5,4,4,4,2,2,5,4,4,4,5,2,5,4,3,
263,8768,2210,3332,2470,519,5224,2601,5227,7533,8046,6480,9074,3639,152,3737,1370,3772,7010,5924,---3,2,3,5,5,5,2,3,3,3,2,4,3,5,4,5,3,4,4,5,
6784,8768,7010,5924,2470,263,519,2601,5227,2210,8046,7533,6480,5224,9074,3639,152,3737,1370,3772,---5,2,4,5,5,3,5,3,3,3,2,3,4,2,3,5,4,5,3,4,
8211,5249,4866,8678,8120,3240,329,5386,7083,7650,4936,9480,787,7636,2839,3192,3188,1809,5599,---4,5,5,2,3,2,2,4,2,4,5,4,3,4,4,2,5,4,5,
3843,3942,1382,2567,3817,423,7410,7855,5131,7666,3794,8327,9526,536,7130,4636,1884,6202,3070,---4,3,2,5,5,4,5,3,4,5,3,3,4,3,3,4,2,4,5,
3871,1410,6203,8997,8041,5579,5676,3853,3599,3280,657,2578,259,4534,9623,3743,7517,894,4639,---2,3,5,2,3,4,4,3,3,5,4,2,2,3,2,4,5,4,5,
8545,6114,133,7303,2953,7915,4044,3746,398,8656,4773,1078,1497,22,4699,1388,4913,2526,191,---3,3,2,4,5,4,3,4,3,3,4,2,2,3,4,4,3,2,3,
6368,7136,2658,9731,6244,1989,8006,1073,1867,7182,9649,6560,6900,5400,217,6047,733,1534,9151,---2,5,3,2,3,2,2,2,5,4,3,2,5,5,2,4,4,2,4,
5121,7675,7109,7270,4296,7371,9163,7302,2200,8547,2164,8622,4919,2808,5268,7194,4955,1117,6619,---2,2,4,2,4,3,3,5,4,3,4,5,5,3,3,2,4,4,4,
2337,8738,2595,8132,7621,7880,8906,5,4204,4482,7598,8655,1392,3672,5028,2335,4156,159,---2,3,5,5,3,2,5,4,5,4,5,4,3,3,5,2,4,5,
8587,7045,5638,9127,8075,6511,9712,3441,3892,5876,5430,1016,5108,3258,2415,1711,2302,7615,---3,3,2,3,4,2,2,4,2,4,4,2,2,3,2,5,5,3,
5408,4731,5721,2629,1798,8391,2508,1293,9710,5619,3025,3186,2195,2679,8697,2874,9979,2170,---3,3,5,3,3,4,4,4,2,4,2,4,3,4,4,2,3,3,
5919,3905,4994,667,7525,3803,1767,8200,3049,3143,5008,9841,7509,5336,9339,6108,5502,2431,---3,2,5,3,3,3,4,3,5,3,5,3,3,4,5,3,4,2,
6528,225,994,9987,5572,7366,6407,6403,6639,104,5504,435,7735,4633,5309,1725,7646,7359,---2,3,3,3,3,4,4,5,5,5,2,3,2,5,3,3,5,3,
9526,1382,423,2567,8327,5131,1874,6510,7130,7410,1134,7062,536,2873,4314,1884,6202,3070,---4,2,4,5,3,4,3,5,3,5,5,4,3,5,4,2,4,5,
5202,5989,8680,7044,1689,178,1805,5968,6289,4402,1557,4279,5348,8698,7196,8826,3454,5061,---4,2,5,5,3,3,5,3,4,4,5,4,4,3,4,4,4,3,
2817,6178,3691,8696,8551,7210,7915,332,9261,4913,6866,6755,1812,8885,22,8024,5016,---3,2,3,3,3,4,4,3,3,3,5,3,2,5,3,4,4,
7904,5249,8120,9480,3402,7083,2839,8280,7922,787,3188,3575,3192,7636,3240,1809,5599,---5,5,3,4,3,2,4,4,5,3,5,4,2,4,2,4,5,
7874,3,7618,198,296,4532,8557,7632,5042,1076,9718,6839,4024,4948,7930,701,6905,---5,3,2,3,4,3,3,2,4,5,4,3,2,2,3,3,5,
7874,3,198,296,4532,8557,5389,7632,5042,1076,9718,6839,4024,4948,7930,701,6905,---5,3,3,4,3,3,2,2,4,5,4,3,2,2,3,3,5,
3776,3520,9830,8806,1665,3530,4142,512,7024,5970,3923,3028,6262,4537,3002,2940,2373,---4,4,4,3,5,3,2,2,3,2,5,2,2,3,3,2,4,
2336,7200,8834,1412,4356,417,6344,1036,9965,5870,7184,5043,8503,1432,3833,9371,1427,---5,4,3,4,4,3,2,4,2,5,5,2,5,2,4,2,4,
1729,1762,7555,269,3626,4684,5357,462,9295,1937,7538,4787,596,6509,5460,3162,7835,---2,2,2,3,5,2,4,2,4,4,3,2,2,3,3,4,4,
9953,8642,6339,9412,4161,9097,2026,4980,9833,4784,5793,6162,5780,1751,8985,570,---3,2,5,5,2,5,5,2,3,2,2,2,4,3,4,2,
5216,3585,2690,5802,9996,9698,8206,8237,7187,3700,6453,3286,376,4116,8766,8437,---5,3,2,5,4,5,3,5,3,3,4,4,3,5,5,4,
8227,3111,6312,1962,4427,2732,5581,14,4621,6385,5075,1433,9785,8019,2268,639,---3,3,5,5,5,2,4,5,2,5,3,4,3,4,2,2,
3265,4642,7459,871,3913,9003,8130,5199,3984,3459,5054,1910,8089,1843,7003,3027,---4,5,2,2,3,4,4,3,3,2,5,3,3,5,5,5,
5325,5120,2338,7339,9221,230,743,8968,5225,9419,7117,4623,4016,5842,3605,8553,---3,5,2,3,4,5,3,3,3,4,5,3,5,4,4,2,
2433,9474,867,3398,8993,3688,3529,4970,3531,117,7512,9849,8827,6717,7518,7978,---4,3,2,5,5,5,2,5,3,3,5,5,4,5,5,2,
1955,7556,3366,3433,3274,1291,3918,4145,8917,9077,7383,7962,7515,5258,7071,---2,4,3,5,3,3,3,2,5,4,2,5,5,3,4,
3809,3363,7141,9159,7756,5835,812,6318,2292,6039,4600,4089,3401,220,2782,---5,4,5,3,2,4,4,5,2,2,5,2,4,5,2,
6816,2339,6724,1671,4808,1963,2351,2672,3313,5923,6359,2713,4315,9342,7807,---5,2,4,4,4,5,4,4,2,4,5,4,4,4,2,
6400,3363,9159,3612,5835,812,6318,8527,3147,3561,2292,3401,4089,220,2782,---3,4,3,4,4,4,5,2,4,4,2,4,2,5,2,
5985,4514,7175,2111,1387,2701,719,1781,7096,1337,1147,6844,7871,8606,9727,---3,4,3,4,2,3,3,3,4,2,4,3,3,2,2,
6148,950,9297,5425,9161,5419,2924,3505,53,6006,7748,6362,412,5918,2229,---2,2,5,4,5,4,4,4,4,5,3,2,3,4,5,
9824,4079,806,5393,8008,3434,7239,7279,7760,1649,8916,8277,951,7208,4767,---4,2,5,3,5,4,2,3,3,3,3,2,2,2,2,
7330,7651,1925,3782,5532,9322,1808,2642,1205,1623,3449,9660,4060,9534,3637,---3,5,4,4,5,3,3,4,4,2,4,5,3,3,5,
4579,1094,2663,8424,7431,6316,9903,7984,4259,2836,8565,6872,7132,5310,6485,---4,5,3,4,2,3,2,3,3,5,5,2,4,5,3,
7265,7942,3346,7435,1421,8526,5007,2994,5491,9334,5463,1439,7069,5246,1311,---2,2,2,5,5,3,2,2,4,4,4,5,2,4,4,
2307,6340,3656,1322,2668,6061,1935,5265,8946,7299,3316,6805,5453,4311,6235,---5,5,2,3,3,5,2,5,3,4,3,2,4,2,4,
6369,962,3875,8394,8951,6909,8244,7221,9878,3959,2493,7162,3818,5278,1151,---3,3,3,3,2,5,4,3,2,2,5,3,3,2,5,
6084,3461,2662,6826,3563,2909,2006,3000,7833,5978,4091,796,9066,5338,---3,2,5,2,2,5,3,4,2,5,2,5,2,3,
4224,4931,5988,2087,7594,267,6779,9778,6486,9335,539,3965,9694,4479,---3,5,4,2,2,2,2,4,3,5,4,2,3,5,
513,9115,7492,4742,977,8810,3663,8720,8568,7251,2840,6777,9275,7004,---5,3,4,5,5,5,2,4,2,5,3,5,4,4,
9888,7012,3176,2857,5003,204,3214,4305,5331,2024,4503,4667,94,383,---4,4,2,2,5,2,4,2,5,5,4,5,5,3,
2272,7584,6756,7174,5830,714,7373,942,4429,6675,3447,2202,509,4794,---3,4,4,4,3,5,2,4,4,5,5,5,3,2,
3492,6278,3722,1259,4270,1424,2072,3538,1491,5720,6682,5499,4861,382,---2,4,3,2,3,4,5,2,4,3,2,3,4,4,
1729,1762,7555,9546,4684,269,462,6509,1937,4787,5460,1975,9295,9693,---2,2,2,5,2,3,2,3,4,2,3,2,4,4,
9284,6918,3174,5038,7631,6584,980,6744,794,6399,6460,7550,3493,---2,2,2,5,5,4,4,2,5,5,5,4,4,
9473,1572,9638,1766,103,7945,2282,9323,7982,4309,7707,1404,1418,---2,2,5,4,2,3,4,4,3,2,3,5,4,
6402,8291,8069,5671,3752,6428,8685,73,9143,4570,8284,1853,5855,---2,4,3,5,3,2,3,4,4,4,3,2,4,
1026,4291,7589,8614,7080,9628,8267,8419,3862,7832,3292,2301,1054,---4,5,2,5,4,3,3,2,3,3,5,4,4,
384,7233,7430,8358,7528,1227,7390,6526,2102,5112,9766,6046,213,---5,5,5,4,3,5,4,2,4,5,2,5,4,
4064,289,7619,1764,3781,1966,2481,4990,4758,282,6140,478,7999,---2,5,5,2,5,5,2,2,2,5,4,5,4,
7561,9602,1445,4553,2314,8290,6658,6771,2551,9016,9404,702,1695,---5,4,3,2,4,4,4,4,2,5,3,3,2,
7233,3043,7430,6887,7528,4811,163,3636,213,1227,2872,8381,1857,---5,5,5,3,3,5,3,2,4,5,3,2,5,
2880,9059,2564,7242,1303,6413,7055,1968,6275,9290,2135,7133,9150,---3,5,2,3,5,3,2,5,5,5,4,4,4,
8704,7712,8867,9099,1448,619,4940,5933,948,9525,86,5370,2042,---2,4,4,4,4,4,2,5,5,5,2,3,2,
4171,1540,9915,3115,4781,2350,5613,2128,7027,4053,4982,1243,1253,---4,5,4,3,3,4,3,4,4,3,4,4,4,
6820,1349,1033,567,558,6959,2293,4470,8247,2617,8219,4029,---2,4,3,2,3,4,4,4,5,3,5,3,
4579,1094,4999,8424,9580,7984,4244,6485,8536,8923,7132,5310,---4,5,2,4,3,3,4,3,2,3,4,5,
3938,3967,2726,136,3145,3979,879,2483,8727,8447,1790,6015,---5,4,4,5,4,4,4,4,5,5,3,3,
769,6085,199,4873,7628,6606,6161,2484,2486,7689,1469,4735,---2,5,5,3,3,3,2,5,5,3,5,5,
715,1380,8933,5321,7543,7086,8335,432,4370,9270,9111,1849,---5,5,2,4,5,2,2,4,3,4,5,3,
6464,3136,4323,8491,6220,8589,3377,9266,6419,6136,1851,2140,---5,4,4,4,4,2,2,3,2,3,2,2,
587,2059,5511,1415,2696,4951,7508,4342,2263,4088,9276,158,---2,4,5,4,2,2,2,2,5,4,4,4,
8544,2498,1532,8590,9807,4253,6812,371,8873,6652,4925,5631,---3,3,2,4,5,2,2,3,4,3,2,2,
9281,9771,9990,8777,7115,2157,2159,3730,7733,3033,4412,6333,---5,4,2,3,2,5,3,5,4,4,4,2,
352,4289,1634,8137,1170,5646,7151,7602,5300,4634,6575,6879,---5,2,3,3,2,5,4,4,5,3,4,3,
3778,7812,3084,494,4112,7345,722,7347,2518,6040,3923,---4,3,3,3,4,5,2,3,2,4,5,
3297,6947,2182,6022,1992,2218,3760,7351,4752,6302,6469,---4,5,5,2,5,4,3,5,5,4,3,
4164,3525,2525,9585,2482,1844,5719,3896,5156,2968,2077,---5,4,2,3,3,4,2,2,3,3,3,
6371,3268,5127,3215,3640,5987,2932,23,3416,2811,5885,---5,2,2,3,3,3,2,4,2,2,3,
2912,6181,3560,6089,842,9643,1516,3982,5495,2040,2265,---2,2,3,5,5,4,5,4,3,3,5,
100,2466,3395,9700,6248,2189,6000,854,4889,6269,4991,---4,2,2,3,3,2,2,5,5,5,2,
2724,2570,3596,1102,5873,309,9879,4728,9306,7642,949,---2,4,5,5,3,5,4,2,3,4,4,
7456,738,9030,3016,4233,4234,975,7794,8186,4586,670,---2,2,2,2,2,3,4,4,5,5,3,
8066,6315,8549,4945,2475,9954,760,5650,9112,2877,8031,---5,2,5,3,5,2,5,2,5,5,4,
832,3683,261,297,1197,6095,5360,2033,403,9017,7357,---3,4,5,3,5,4,4,4,4,2,2,
8802,2248,6697,3213,3763,3445,8822,7929,3226,7970,7551,---3,5,5,4,5,5,2,4,5,2,4,
2850,9416,4841,2122,744,8975,2856,8083,600,8158,---3,3,2,2,5,4,2,2,5,5,
3906,4419,3506,3038,7094,1304,7450,2843,5725,9086,---2,5,4,4,2,3,5,4,4,2,
7937,5603,3973,3593,6574,3632,8531,3928,5243,3933,---5,5,3,3,5,3,5,2,5,2,
6147,4932,9957,1996,4977,2467,3253,5875,9500,5949,---3,4,5,5,2,3,4,5,2,3,
4097,2147,2187,8135,2471,8717,49,8131,643,5269,---5,3,2,2,4,4,5,4,4,4,
3875,4747,6475,8430,8951,9878,3959,6231,3580,4799,---3,4,3,3,2,2,2,5,3,5,
7936,8705,3235,4928,7655,490,4720,1745,402,8414,---2,4,5,2,4,2,4,4,4,2,
1633,780,5548,4141,3949,8272,9234,6281,3183,1724,---4,4,5,5,4,4,2,2,2,3,
1408,4096,3524,6118,3820,3500,8594,501,1560,1786,---4,2,2,5,2,3,3,3,5,3,
4071,3369,3627,4974,2640,1713,3130,2009,3482,6109,---4,2,5,5,2,5,2,5,4,5,
3813,4039,3854,4176,2673,3826,7670,3386,3963,5149,---2,3,5,3,2,4,5,3,4,5,
5217,9251,7819,5036,1933,6030,1618,6292,1302,4031,---5,3,3,3,3,4,3,3,3,2,
2016,5953,3024,5428,8104,6284,4302,9808,4212,4057,---4,3,5,3,5,4,3,4,3,4,
2724,2570,3596,4528,5873,949,9879,4728,3034,309,---2,4,5,4,3,4,4,2,4,5,
9670,7050,4459,1580,7757,7664,4210,8275,2487,8253,---4,5,3,2,4,3,3,4,4,5,
7552,9087,4392,1323,6797,7624,8539,9595,9438,5983,---5,4,5,5,3,3,5,3,4,2,
2976,5090,899,4298,4203,8365,9522,8245,5323,---3,4,3,2,4,4,2,5,2,
5795,9796,6982,4198,4327,5807,7315,5958,604,---5,2,5,5,2,5,5,2,3,
5648,8198,1226,7211,8013,1616,5201,1779,5943,---4,5,2,4,5,5,3,4,3,
5798,8168,4789,726,8631,7609,3741,990,3125,---5,3,4,3,2,4,3,3,5,
736,1025,2821,8508,4845,9109,7640,8860,7902,---5,4,3,4,2,4,4,2,2,
6753,3874,1157,2728,9929,9806,2452,9787,3549,---2,4,5,4,4,5,5,3,4,
293,1420,6605,7443,1364,4180,9370,9823,4927,---4,5,2,4,4,5,5,3,2,
1474,1162,6946,9359,7696,1753,6330,8794,4575,---4,4,2,5,3,4,4,5,3,
7844,5078,4807,4335,3474,1236,7574,3109,1183,---3,5,3,5,5,3,5,4,4,
5123,4555,2542,5713,1235,4791,3288,379,475,---4,2,2,3,5,5,5,4,3,
9926,615,5673,906,2739,4312,442,2620,9338,---5,2,2,5,2,2,3,4,4,
1654,1190,3943,9000,2094,752,7477,2870,8318,---3,4,5,5,2,2,5,4,4,
737,5794,7403,4780,6829,1237,7639,6587,9564,---4,5,4,5,2,2,5,3,3,
736,1025,168,8508,4845,1806,7640,8860,31,---5,4,5,4,2,5,4,2,3,
6465,6020,2849,9129,1836,3451,3485,3134,9343,---4,5,3,4,2,2,2,3,5,
1153,936,7146,754,5362,7955,7028,1943,3770,---3,2,3,3,2,3,3,3,2,
7907,8810,7310,431,9265,3663,7004,8957,---5,5,2,2,2,2,4,5,
9873,581,615,5673,906,9777,4312,442,---3,2,2,2,5,2,2,3,
320,199,7144,7689,8750,6161,2556,4735,---5,5,5,3,2,2,4,5,
736,1025,6113,8508,1869,4845,7640,8860,---5,4,5,4,2,2,4,2,
5024,2987,2308,8171,3567,3097,379,1758,---4,3,5,4,4,3,4,4,
7716,1129,6699,9838,1012,1816,2457,20,---5,2,2,3,2,4,4,2,
5633,7363,2084,4583,8073,3758,8883,6935,---4,5,2,3,2,3,2,2,
9990,2920,8777,2157,2159,6225,3730,7733,---2,5,3,5,3,4,5,4,
1129,4395,1012,4341,1816,20,6143,3199,---2,2,2,5,4,2,5,3,
8001,7588,201,5910,2039,7803,6332,4457,---2,2,5,2,2,2,5,3,
2240,8243,4679,6632,3376,3281,8435,2037,---5,2,4,2,3,5,2,4,
8070,2637,8496,4243,3380,9976,5881,4923,---2,5,4,3,2,5,3,4,
545,8744,6127,1873,1715,3320,8187,6942,---4,2,3,4,2,4,5,2,
1056,9792,7112,8489,2380,172,4085,9257,---4,2,3,2,5,4,3,2,
2081,1979,8296,682,2446,3573,315,2267,---5,3,4,2,5,5,3,5,
5553,8297,6763,1964,5585,5652,5270,1175,---4,4,4,3,3,2,5,3,
5760,7076,7238,6504,562,8852,21,7705,---4,3,2,2,5,5,3,4,
7464,5678,4751,3667,852,9337,859,9919,---5,2,2,5,4,3,2,5,
5568,5442,2614,3661,2674,1590,8504,3710,---2,4,4,4,3,2,4,3,
3488,2250,299,8724,5211,3548,6558,---4,4,4,3,2,3,4,
7274,8523,4372,2295,28,4458,6334,---4,4,2,4,3,5,4,
9414,2085,5350,3719,4424,1559,3514,---4,2,5,5,2,3,3,
642,8517,10,2392,2523,6877,8638,---3,2,2,5,3,3,3,
3202,6692,5615,6768,5682,9749,1525,---4,3,4,5,4,5,4,
194,932,6795,6670,8516,6651,8861,---3,5,3,2,2,4,4,
1827,8393,3755,8588,8015,3417,59,---4,5,2,4,5,2,2,
5760,6504,562,8754,21,7705,5756,---4,2,5,2,3,4,2,
1666,3018,6222,8399,1906,9910,5945,---3,4,5,5,5,5,5,
7173,3177,46,2959,3029,5782,9981,---5,5,5,5,4,4,3,
9924,4041,8461,1748,6998,1881,3940,---2,5,2,4,3,3,3,
3172,3369,3627,4974,2009,3482,6109,---5,2,5,5,5,4,5,
1666,8399,7253,9910,1495,5945,4303,---3,5,3,5,2,5,4,
6848,8452,7814,6226,8950,5880,698,---4,3,2,5,5,5,2,
8707,8657,5143,8174,9137,6547,1763,---2,3,2,4,5,4,5,
4066,903,8650,9131,6446,9713,4126,---5,2,3,3,4,4,5,
8,7469,846,4148,2005,7416,2173,---2,3,5,4,2,2,5,
2274,6371,3268,8743,3416,5885,---2,5,2,5,2,3,
4740,4135,2252,1631,4251,4351,---4,4,5,5,3,3,
2480,258,2050,9103,9200,3836,---5,5,3,3,5,3,
9988,2134,4589,4502,215,4121,---3,3,5,5,3,3,
5184,7753,2423,8532,521,3418,---2,3,5,3,4,2,
7173,3177,4876,3029,4726,9981,---5,5,3,4,5,3,
6848,7814,2895,6226,5880,698,---4,2,3,5,5,2,
4163,3813,4176,2673,3963,5149,---3,2,3,2,4,5,
7856,5992,8784,5488,8566,7353,---5,2,4,5,3,5,
1190,2381,6098,7477,1654,8318,---4,4,5,5,3,4,
8069,5671,3752,11,4570,5855,---3,5,3,2,4,4,
9030,4233,3986,975,7794,7893,---2,2,5,4,4,4,
4132,1260,7438,6899,686,4666,---3,5,5,2,5,4,
4084,7482,8251,9307,9203,---2,4,3,3,5,
3168,4337,9962,5050,343,---2,5,3,3,3,
6458,2467,3270,6246,599,---5,3,4,5,2,
1752,6434,5707,394,9858,---3,3,3,2,2,
2360,1210,2372,8221,8406,---3,4,5,3,3,
7487,821,2939,2317,5639,---5,2,5,5,4,
8800,2409,1994,6091,8118,---2,4,5,4,4,
6817,1378,6243,2211,8509,---3,2,5,4,3,
9621,8236,6350,3814,1615,---3,4,5,2,5,
8400,2281,9730,1587,7293,---4,3,4,3,3,
481,2403,8645,2015,---3,3,2,3,
8321,283,9028,---3,3,3,
4056,9999,---2,2,
5104,1309,---2,2,
