2048,3073,8322,6973,1926,9355,8845,8333,6803,2686,535,920,7322,1693,7327,7328,547,807,5032,1705,1452,7090,9267,7992,9273,9018,799,2139,296,8514,113,2378,1562,3150,9423,1873,1106,9428,2136,1243,861,8161,228,9957,977,9597,8616,242,8062,6264,4019,7934,---3,5,3,5,4,5,4,4,3,4,5,5,2,5,5,2,3,3,2,5,4,2,4,3,2,5,3,5,5,2,3,5,2,3,5,3,2,2,5,3,3,5,3,2,3,3,5,5,5,3,4,2,
7045,7135,6279,5826,4367,8593,7519,3630,2074,7836,2089,30,6981,5410,4315,5796,9127,5417,7854,5296,1608,4319,7744,1090,3396,3781,3911,4296,3148,6434,9932,4386,6737,601,475,4700,2911,5115,4967,4327,9068,4334,8559,1267,1399,6392,9981,5243,6781,2558,3020,---4,5,5,2,2,2,3,5,4,3,4,2,3,2,4,2,5,3,3,4,4,5,5,5,3,2,5,5,5,2,2,5,3,2,4,4,2,2,2,4,2,3,3,3,3,3,2,3,2,4,4,
7680,4226,7683,5638,1772,6922,655,5520,1940,1049,2202,6045,4640,6561,7515,8741,4904,427,6578,560,8753,9522,6835,2164,2747,5564,4030,8512,3265,4546,8003,8225,4808,6735,4177,4050,3286,4440,4687,225,9705,5740,494,1007,3444,1257,7038,---3,4,5,3,3,4,4,4,2,4,5,2,2,2,4,4,4,3,5,4,3,2,3,2,4,5,2,4,3,3,3,3,2,4,5,4,2,3,3,3,2,2,2,3,2,4,5,
7687,9356,6338,1294,7647,5271,2055,4633,8346,7452,544,7843,7388,554,2695,5677,6190,3249,6708,2869,5047,4792,8377,571,190,4544,6210,324,8520,9418,2638,3919,6866,3415,5327,8796,1887,1888,9574,2795,5100,9838,8561,370,6134,4345,9212,---2,3,3,2,5,3,3,4,2,3,3,2,5,3,5,3,3,5,3,5,3,2,5,5,3,5,2,4,2,3,3,3,4,5,5,3,2,4,2,3,3,3,5,2,4,3,2,
2049,3202,5121,8073,2315,6028,301,5650,6292,6549,538,9882,7969,9000,8873,1095,6444,1650,7345,50,7222,4798,959,3649,5702,2593,8653,9299,5335,2012,6494,480,4196,6632,4202,4844,2930,446,2040,121,---3,4,4,5,2,2,5,5,2,2,2,2,2,5,3,3,5,2,2,4,4,4,2,2,4,4,5,5,3,2,5,2,3,4,2,3,3,3,2,3,
2691,2309,2311,2313,2570,6668,7313,9369,924,3101,5666,3363,4260,6949,4124,7082,2862,9309,3507,3593,6458,9280,5955,7749,5832,585,3362,9173,9559,3876,1373,9440,3937,4325,1553,5225,8682,2667,4219,---4,5,5,5,5,4,3,4,2,5,3,2,5,5,5,4,3,2,3,5,2,4,4,4,3,5,5,2,2,4,2,2,4,5,2,4,5,4,3,
3841,3,8068,5125,8966,3596,6925,4750,5135,7058,8595,536,8857,2586,9889,7971,5412,9126,1194,7596,4657,692,2999,8378,5821,7874,2629,8524,6988,5197,6733,7380,2575,1760,4963,7399,76,376,9471,---5,3,3,2,4,4,4,3,2,2,3,2,5,3,4,5,4,4,5,5,3,2,3,2,2,5,4,2,5,5,5,2,4,3,5,4,2,2,4,
2689,2052,901,614,6927,8976,8211,8470,8728,1947,9605,5958,7411,7096,5818,7613,4542,63,198,9673,8567,8142,9934,3673,7772,5982,1893,2406,5864,7017,234,9325,9710,9459,7797,759,7672,4477,---4,4,4,4,2,4,3,3,4,3,2,3,5,2,4,3,2,3,5,4,3,2,5,3,5,3,5,4,4,5,2,5,3,4,5,5,3,4,
8578,9387,4488,1803,9230,5647,9876,155,8604,5792,2375,9891,8485,9244,2859,4140,3633,819,6588,8513,9029,8903,3531,591,1234,3285,6873,2319,358,1212,5482,4461,7919,9842,9204,8053,4137,5886,---5,3,3,3,3,4,5,2,2,4,3,5,2,3,2,5,4,3,2,5,5,2,5,5,4,5,5,3,4,3,5,5,2,5,2,3,2,4,
897,7682,4867,5765,2568,779,4493,1422,3855,274,5268,6551,2969,7834,3870,8743,6956,1326,4529,7477,56,4157,706,8899,2636,5196,5325,7504,728,1885,3038,609,3046,999,231,9198,3959,9980,---5,3,3,5,2,2,5,4,3,5,3,5,2,3,4,5,5,3,2,5,2,4,2,2,2,5,3,3,4,5,4,5,4,4,5,2,2,3,
8577,2950,4999,4104,4617,7821,6805,4758,663,7809,4379,8001,5663,928,1314,4515,4518,4323,8878,5040,51,6071,6209,8139,9935,3409,7891,93,4318,4451,5353,8938,6892,7021,2803,9460,4094,---2,4,2,4,2,5,4,5,3,4,4,4,2,4,4,4,5,2,5,2,4,2,5,5,2,5,2,5,3,3,4,3,4,3,5,5,3,
771,6296,4548,6938,1993,7581,8991,7460,3625,4906,4524,9649,9906,8373,3254,2359,6584,6075,6976,3140,6854,2121,2251,8527,5586,4947,342,2138,7901,5088,4706,1253,5096,2539,5230,7113,---5,5,3,4,2,4,2,3,2,2,3,5,2,3,4,4,5,2,5,3,3,3,3,3,4,5,4,4,4,5,2,5,4,3,2,2,
8576,258,1675,2701,8472,1429,3608,7326,8611,1828,5158,167,9768,9131,2610,6686,1977,9786,62,309,589,336,6484,8666,6112,356,6376,8427,2284,4975,1640,8437,6390,6391,4604,8831,---2,4,3,2,2,4,3,4,4,4,2,4,2,3,3,4,4,3,2,2,3,5,4,4,2,5,4,4,5,4,5,3,2,3,5,3,
9089,1154,699,9092,7045,7436,3394,1934,4367,7314,3630,3351,2585,2074,8603,922,5534,1157,5410,8739,5657,3495,2089,4141,7854,178,4916,1335,4788,2911,1498,2180,3781,6989,2765,5461,1114,7135,1633,1211,4327,7833,9068,6767,9586,1267,8309,5115,6781,9342,---5,4,3,4,4,4,2,4,2,3,5,3,2,4,4,4,5,5,2,2,5,2,4,5,3,5,2,2,4,2,5,4,2,5,2,5,2,5,5,3,4,3,2,5,3,3,2,2,2,5,
7044,6535,9993,7818,2576,658,3860,366,2199,900,2345,7966,675,3622,553,5035,565,1719,7480,6587,3552,3268,2126,1874,4441,1882,4573,8544,4880,9956,4459,6126,4185,2807,3071,---3,4,2,5,5,2,4,3,3,4,4,3,4,4,2,3,5,4,4,4,2,3,5,5,4,2,2,3,3,4,3,2,3,5,2,
4482,7211,9988,9093,4872,5897,5614,5530,4101,1056,9890,8391,4270,2353,2612,265,1849,9403,8252,4929,2885,9543,4814,341,7518,1889,8421,9581,6894,4336,3058,3315,8052,3833,2298,---5,3,3,3,2,3,4,5,5,3,4,3,3,4,3,3,2,4,4,5,4,4,4,4,4,5,4,2,4,5,4,4,2,4,4,
4907,2055,9352,8599,9356,3985,5047,5593,7452,2847,1122,1321,4679,7340,7087,433,4021,8905,4792,8377,8635,8893,7605,4544,6338,5575,3145,3895,3148,9933,2638,5327,3408,5457,8018,8278,9049,6365,5218,9320,4584,9450,2795,2033,9203,8692,5417,---2,3,5,5,3,3,3,2,3,2,4,3,3,3,4,4,3,3,2,5,5,3,4,5,3,3,4,4,5,4,3,5,5,3,2,5,4,4,4,2,5,4,3,3,3,2,3,
9985,3883,6919,7819,1936,9795,195,7062,1687,795,4129,4516,1953,4011,2092,3629,1969,4914,7347,4415,6027,2374,3527,2509,5968,5904,1073,4839,489,4714,3572,248,1402,8702,---3,4,4,3,3,3,3,5,3,2,5,4,5,4,5,4,2,5,4,5,4,5,3,4,3,3,3,4,3,2,5,4,5,5,
1664,7435,7823,4500,7706,2075,8098,8155,677,3238,9513,7214,7983,1200,3892,1502,5431,6968,5566,5057,1989,5062,4810,6231,1627,9950,6247,7292,7019,238,5488,4979,9615,3196,---5,4,5,5,3,3,5,5,4,5,4,5,2,5,5,3,2,4,3,5,3,2,3,4,2,5,4,2,4,3,2,2,5,3,
4097,6534,138,3731,9886,8096,2595,2597,3881,429,1838,7216,821,1209,9567,3393,2505,2383,9721,7517,3678,479,8546,5861,6887,1532,5351,1683,756,7157,6905,6652,126,---4,3,3,4,2,2,3,4,2,4,2,5,2,2,3,3,5,2,4,5,5,3,3,5,5,2,4,2,3,3,4,3,5,
131,7300,4871,4618,6160,6546,4890,8222,6128,7588,1829,2983,297,4778,8112,4148,6838,4981,577,838,328,1481,2122,1634,6742,9944,6489,1242,8802,4592,3317,8954,4138,---4,5,5,4,3,2,4,5,4,3,5,5,4,2,2,2,5,3,2,4,5,5,2,5,3,4,3,3,2,3,4,5,4,
6530,264,9481,7052,3854,7955,8981,6934,2077,6685,6771,7348,8125,5055,2753,140,5322,7629,3538,5843,7253,8920,4191,2402,5860,2791,3305,3822,2289,7026,5363,9466,2299,---5,2,2,3,5,4,4,2,3,5,3,4,3,3,3,3,5,2,3,4,5,5,3,5,5,5,3,4,2,3,3,5,4,
2945,898,1541,1678,6800,7188,1689,6383,6172,2082,923,7077,9253,38,8504,7609,3515,1468,960,8641,9925,4042,6746,5596,9821,2782,7391,7440,5481,9967,4595,510,---5,4,2,3,3,2,4,4,3,4,3,2,2,2,5,5,2,5,5,5,5,4,2,5,5,3,5,3,2,5,5,2,
3712,896,772,8197,5377,8601,6554,1434,5023,4900,3109,1958,4787,4918,2744,9406,7871,7491,8010,1485,7507,86,6052,602,732,2397,6110,2786,3558,4070,6250,1146,---5,4,3,5,3,4,2,5,5,4,3,2,5,4,2,5,4,5,5,5,4,3,3,5,4,4,2,3,3,5,3,3,
1579,7049,8587,8719,2321,1428,9365,9494,2462,3743,7200,3874,548,5671,43,6325,3129,8380,5437,4789,7237,3782,7009,3486,88,481,3811,8805,2669,1908,3958,6137,---4,3,4,5,5,2,4,2,3,2,4,5,5,4,3,3,5,4,3,5,4,2,3,4,2,2,4,3,2,5,4,4,
642,1797,5382,9879,8989,7838,2219,8221,4658,4382,3768,1083,8636,5685,3392,1347,6347,7118,1016,3790,4577,6971,3172,7409,3059,6901,4728,9337,5755,3581,254,2687,---5,5,3,2,5,3,4,5,5,5,2,5,2,2,2,5,3,3,4,2,5,2,2,2,4,2,5,4,5,5,4,2,
3464,5772,3729,1813,5016,921,1949,2719,3878,5535,683,1325,7860,6586,9275,6977,1478,6984,4937,8951,8141,6096,8785,6612,1374,8543,7441,1141,2423,2783,4753,6775,---5,4,3,2,5,4,4,3,5,5,2,4,3,2,2,2,3,5,2,5,5,5,3,2,3,5,5,2,4,4,2,5,
644,517,7051,5774,5357,784,6674,5907,8852,1945,6701,1054,4128,2978,9381,4210,6318,7624,3400,4297,7379,9032,859,4958,2150,3580,2155,8722,7282,6135,3452,4093,---5,5,3,4,4,3,4,2,2,4,3,2,5,5,3,3,4,5,4,5,5,5,5,3,4,5,3,5,4,4,3,4,
6914,8959,1542,9225,9610,8331,4238,9747,148,5784,2589,2846,417,1956,298,9904,4528,9652,1333,9758,7487,6723,5188,7103,8418,9826,7917,1392,1398,891,1791,---5,3,3,4,3,2,5,5,2,5,4,4,4,2,2,2,4,5,3,4,2,3,5,5,4,5,5,4,3,3,3,
4869,9992,3116,5644,141,1680,985,8860,9221,4002,5283,2984,9644,5679,8497,5430,698,1759,9922,3022,6479,464,8788,8023,9433,2639,4063,8928,8301,9585,2034,---5,3,5,2,5,4,5,4,3,4,3,3,3,2,4,4,3,5,2,3,5,4,4,2,4,4,2,3,2,3,3,
1284,4487,1800,2186,3724,5393,8174,9366,7968,2890,1856,1985,2273,7564,8522,588,5200,4563,6108,9424,2146,9187,6501,5993,6890,1389,8046,5105,5609,6778,8830,---2,3,2,3,3,3,5,4,3,3,4,2,4,2,2,2,5,4,4,3,5,2,2,2,5,2,3,2,4,2,3,
3546,2305,9478,279,8589,1555,7958,5655,3355,5148,2686,32,4897,8868,113,555,7469,7090,9267,1342,9355,7752,2378,4941,4558,5328,1106,4564,3034,7650,8038,5104,2417,3445,4856,6525,7166,---3,2,3,2,2,3,5,2,4,3,4,2,5,5,3,3,3,2,4,4,5,4,5,4,4,3,2,5,4,2,4,4,2,4,5,2,3,
8832,9479,9736,669,1438,9638,1063,9259,8880,8121,8507,6716,8770,7878,7626,4811,6606,3026,8020,5846,4571,8413,8671,5729,9448,6633,8939,1903,9596,8573,---2,4,4,2,3,5,3,5,3,3,4,3,4,3,3,2,3,5,4,3,3,4,4,2,4,2,5,3,4,2,
7808,8704,7810,4356,4741,2057,6169,4507,3742,6962,1852,9664,8133,4681,592,3153,4443,7902,7136,3555,8422,1617,5356,8045,3183,1269,249,6522,2043,4221,---2,4,2,2,3,3,4,5,5,2,3,4,4,4,4,2,4,5,3,2,2,4,5,4,5,2,4,5,5,5,
4865,7042,2442,7312,1939,5793,8617,435,6900,5692,5704,7759,4821,4438,7768,346,1886,4448,1763,5604,3251,5607,4074,2411,3054,2548,886,2039,1276,2815,---5,2,2,3,4,5,2,2,5,5,5,5,3,3,3,5,5,2,2,4,4,5,4,4,4,3,3,3,4,5,
9814,5254,9097,5642,9358,5776,3990,9647,5405,4805,6823,9391,5167,7859,3769,3650,196,6469,9926,5326,1999,4694,4699,2140,608,6241,9829,6129,244,4985,---4,4,4,3,2,5,3,3,5,2,2,5,3,3,4,2,4,2,5,2,4,2,4,2,5,5,3,2,4,2,
5763,5133,7054,3091,2068,7701,8727,8477,806,6441,8750,5563,8650,3137,2250,9803,8655,5073,6356,6607,8680,4458,6130,2675,3830,1015,2168,3325,5502,3093,---4,4,3,4,4,2,3,4,4,4,2,3,3,3,5,5,5,4,3,3,5,5,5,3,4,5,3,5,3,5,
8706,9349,4747,4098,910,6931,8982,1568,5537,8995,2986,3374,8114,2237,7614,835,4806,5071,3922,6996,4311,3175,8040,1003,9069,4207,9076,638,3707,4862,---4,4,5,4,4,3,5,2,2,3,3,3,2,4,5,4,3,5,4,5,5,3,2,5,3,3,4,5,5,4,
9729,6146,9734,4366,2500,5794,2086,7976,6186,9772,6067,55,1343,1216,4804,3914,4430,5072,9681,2643,5462,7514,2142,2914,8036,2670,1266,3699,5620,---5,4,3,2,3,5,3,4,4,3,3,5,5,3,2,2,3,4,4,3,4,3,2,5,5,5,2,2,2,
4100,8327,5898,6893,2834,3987,7193,4911,3869,6560,2598,2735,3760,4663,185,4882,8772,8389,1869,7246,1620,1384,3602,5234,3827,9844,247,9976,5626,---3,3,3,5,3,5,2,3,4,4,4,2,5,4,2,5,5,2,4,2,5,5,2,3,5,3,5,2,5,
8683,137,8461,3879,6679,2203,7729,3626,4785,4146,4917,5087,8517,7371,8144,1493,983,1497,9691,7903,2538,5361,8816,3825,7284,6646,6007,3708,6527,---5,4,4,5,4,4,3,2,3,3,2,5,4,5,2,4,3,3,5,5,3,4,2,2,2,5,5,2,2,
8367,4243,5013,790,1559,6703,7712,3745,674,2982,9128,3243,3375,9776,2737,181,840,844,6095,2642,83,9812,988,8031,3817,5997,1138,1527,4861,---3,2,4,2,5,2,4,3,3,2,2,2,5,3,2,3,5,3,2,5,4,2,3,3,3,5,4,4,4,
6657,5893,399,3218,275,8092,7187,6433,5923,9645,691,3380,4791,4664,4414,71,1225,5195,3278,9784,3283,5716,4819,4711,2664,750,4463,2387,6903,---3,3,4,2,5,2,5,2,2,2,3,3,4,4,4,5,4,3,2,5,4,3,2,4,3,2,4,3,3,
4480,3713,6700,3719,8457,8089,6175,2211,5036,3121,5942,2617,6715,7618,3654,3272,6602,9503,4179,5845,6874,1761,6118,7912,2931,5758,1788,1150,9557,---4,3,3,4,4,4,4,5,2,2,2,2,3,4,4,5,5,4,2,2,4,5,4,3,5,3,2,2,4,
6144,7170,520,5257,6483,6159,7573,883,6174,7847,8745,1067,7601,4531,7454,6205,5578,9676,8784,9699,8404,7641,6480,9571,6252,4339,8952,3965,3733,---5,3,3,2,2,2,2,2,4,3,3,3,3,2,3,2,4,3,4,3,3,5,4,3,4,5,4,3,4,
8962,2307,3588,8326,527,5777,8212,6933,5401,4380,6950,5159,6585,3386,6204,5701,2118,5193,9421,8142,9934,3031,9359,5818,8678,1897,4204,7411,1912,6139,2453,---5,4,4,3,4,5,5,3,3,2,5,3,4,5,5,4,5,3,2,2,5,5,5,4,5,3,4,5,5,5,3,
5889,2824,6636,3159,3216,5649,686,411,1883,7078,2478,9658,8637,4933,4678,8651,8781,343,8283,1499,2143,5670,9833,3180,3566,6644,7807,---5,4,2,3,4,2,4,2,5,3,3,4,3,3,4,5,4,3,4,4,5,3,4,4,4,2,3,
2310,5383,9867,7437,6171,7383,5925,4265,9002,1337,3645,2699,200,721,2389,4439,6488,3418,2268,2527,4710,2919,616,233,1644,9849,9983,---5,5,2,5,2,2,4,4,2,3,5,3,3,4,4,4,5,3,4,5,2,2,2,3,3,2,5,
9088,6663,6673,5785,5019,9764,8359,5427,6257,2990,4403,9014,2109,5449,4939,4944,7251,4659,7644,1246,6439,1137,8659,2809,378,3579,5628,---4,5,3,5,5,4,4,4,3,4,5,4,2,2,4,5,4,4,4,5,4,3,3,4,4,5,5,
7301,2961,1426,7957,1175,4847,9119,5024,4763,9256,1458,5043,6836,4676,5319,9931,6860,3279,337,739,4570,1376,6497,2018,9827,6766,2671,---3,5,2,2,4,5,4,5,5,5,2,2,3,2,3,4,4,3,5,3,5,2,4,3,4,3,3,
6277,135,9480,1931,3086,5266,6808,1692,3620,5550,9392,6449,1208,2745,448,8129,1737,1354,1611,3532,2643,6757,9063,3316,9975,1401,1660,---5,5,5,4,5,3,4,3,5,2,5,4,3,4,4,2,2,4,3,2,3,2,3,5,3,3,4,
2954,9611,6419,5526,9499,4635,9005,2525,8754,2868,3639,5177,4575,7998,453,7367,9929,183,716,5075,7773,9439,7904,2785,3186,8403,---4,2,3,3,5,5,5,5,4,2,4,4,5,2,2,4,4,3,3,5,2,5,4,5,3,2,
6145,3718,9357,9872,5906,3092,7257,8219,4769,9380,2341,7344,319,7494,9288,6732,9422,2004,2521,1884,8930,8059,6122,9454,4215,8955,---3,4,5,4,3,3,2,5,3,3,5,5,5,2,2,4,2,2,2,4,2,5,5,5,3,3,
6656,6153,3851,3982,3885,5138,5018,420,3117,9783,2490,1346,4549,4304,723,8100,7134,9185,2404,7016,9194,8940,3829,2167,7800,3706,---2,5,3,3,3,2,5,2,3,4,2,2,3,2,2,5,5,2,4,3,5,5,2,3,4,3,
523,9614,5264,672,5169,6830,3504,4913,6068,950,5304,9660,9407,4807,1749,1494,1244,8034,7532,2285,2542,8303,4085,1526,3447,3839,---2,2,5,4,5,2,3,4,3,5,2,4,5,4,4,3,2,5,2,3,3,2,3,5,4,5,
3849,2797,16,5140,5656,1696,9712,9766,423,2600,6727,9157,9415,9294,8919,9305,9058,1891,8424,8554,3308,2925,3310,3824,2046,6655,---4,3,3,2,2,5,5,3,2,3,2,5,2,2,2,3,3,2,2,3,5,4,5,2,5,4,
2951,8108,7342,9880,7203,6822,4776,9385,9516,7982,4144,8376,1470,8128,3521,1731,5198,7893,1751,1628,9054,3554,9708,9197,5875,---3,4,5,4,4,3,2,4,5,3,5,2,3,2,3,2,3,2,3,2,3,3,3,3,2,
5120,6671,6935,6424,6810,1436,2083,682,8747,5422,952,4340,9915,7776,7241,4950,5852,5086,7008,6381,8436,8568,250,8315,6141,---2,5,4,4,4,5,3,5,4,5,4,4,3,2,3,5,2,3,3,3,2,5,3,3,5,
8451,8748,2192,3473,9107,9628,8864,7201,7845,1196,443,830,1219,3526,8014,1359,3669,2904,2653,743,7528,877,3953,1531,5630,---2,4,2,4,5,3,3,4,4,4,4,5,3,3,2,5,5,5,5,5,3,5,5,5,3,
2050,4267,1299,7061,6297,4257,3110,6827,2867,2998,3641,58,189,6517,9792,4931,7747,8035,1128,239,6888,6003,9589,8311,8189,---5,2,4,5,5,3,5,5,4,5,2,3,4,5,2,2,2,4,2,3,4,2,3,3,3,
2688,2697,3340,5653,665,6430,8356,3493,2342,5415,4653,2497,1865,5834,1108,8405,5079,7771,4464,4850,7796,374,9081,9978,2302,---3,4,4,5,4,5,2,5,3,5,5,3,3,4,4,2,2,4,2,5,4,2,4,3,4,
4234,6539,4625,3603,20,3736,8607,5928,4394,1712,3807,9994,6336,8258,2244,9286,2379,7894,7895,3162,5470,8549,869,1809,9620,---2,5,4,3,3,4,2,5,4,4,3,5,5,2,2,5,3,5,5,5,5,4,3,3,3,
7950,2451,1944,8217,2974,8737,1066,3376,7473,9909,8506,8123,7101,5857,7885,3670,3553,1637,3177,7786,242,3188,7029,507,3583,---4,3,4,5,3,5,5,3,4,5,5,3,4,2,3,4,2,4,4,4,5,3,2,3,2,
9607,2318,916,2581,2333,4131,3241,6983,3758,3631,5691,188,5440,2631,5576,2513,6226,3545,4320,226,5307,2405,8694,7291,---4,3,3,5,2,3,3,2,4,5,2,4,4,4,2,4,2,5,4,5,2,5,3,4,
2187,9103,6682,1306,290,8006,5425,2486,3127,7873,7620,4038,1491,6228,5974,5464,89,8164,3947,109,8945,5493,5076,7805,---4,2,2,4,4,2,4,3,4,2,2,3,3,3,3,3,3,3,5,5,3,2,5,2,
4995,4229,8713,12,2193,1433,154,1052,2181,7715,3134,191,4801,3910,9416,3275,7250,4054,6104,3041,9835,7920,3067,3709,---3,5,3,3,3,2,2,5,5,4,3,3,2,3,4,4,2,5,4,4,2,3,3,4,
1540,3973,908,270,4369,2196,4249,796,3359,678,1583,5302,1207,6463,1998,8462,7898,2781,8287,8672,1250,3061,5242,7676,---2,4,5,5,3,5,5,5,4,3,4,4,5,2,3,5,4,5,2,3,2,4,4,4,
11,2319,6037,5792,7205,4137,6442,9387,7985,5170,819,5813,8631,4661,1091,452,5061,6726,3912,7881,7882,219,8423,9576,1778,5877,1018,4031,---4,3,5,4,3,2,3,3,3,3,3,4,4,4,3,2,3,5,5,3,2,2,2,5,2,2,2,3,
3520,9218,2580,7577,3615,2979,2468,5797,3761,2624,7364,4677,4432,5714,8665,2780,3039,6378,5494,8695,2682,1020,4990,---5,4,4,5,2,3,4,5,2,5,4,2,2,3,5,5,4,5,3,3,3,2,3,
4353,1282,653,398,8207,144,1180,5536,5154,6959,8648,8115,2622,4291,3655,7880,7625,205,1103,3044,6508,7408,3455,---2,5,2,3,5,3,3,4,3,2,2,2,5,3,3,3,5,2,4,2,3,5,2,
4737,6915,3213,911,1301,6038,9376,1569,4645,8499,9399,3775,6232,3343,4060,1118,1377,1383,232,4723,6777,7167,8703,---3,3,2,3,4,4,2,4,2,4,2,5,2,2,3,4,5,5,2,3,4,5,2,
2176,1411,8849,4506,3487,6049,802,9261,3250,3511,3514,5184,8131,9545,7763,4823,223,3296,7394,5099,7405,882,3576,---4,3,3,5,4,3,3,2,4,2,5,5,5,3,4,2,2,5,4,5,3,2,3,
7681,4873,5130,3988,4376,3993,3744,9762,9124,422,570,5829,4167,6473,5706,8525,4666,4707,868,4840,2032,7415,3578,---2,2,4,5,2,3,2,4,4,2,2,3,2,4,2,4,3,4,4,5,2,3,4,
5122,5009,2973,2858,7723,6704,3506,3382,1606,1741,4816,1490,2262,5594,4317,4065,9315,2790,7890,6639,4343,6649,509,---2,5,2,5,5,4,2,3,4,4,3,5,4,2,5,5,3,4,2,5,5,3,4,
7940,776,3467,5648,4895,4781,8887,3399,8910,6994,3668,7256,5083,6906,8592,5730,7913,8417,9324,1525,1658,2556,9727,---2,5,3,3,5,5,4,5,4,2,2,4,2,4,5,5,5,4,4,4,2,2,3,
9217,5387,4113,5524,9370,8881,567,4921,4923,5952,5313,7479,7121,8402,8019,9819,7654,3025,4073,4849,6227,1268,9724,---5,2,4,4,2,2,3,4,5,3,2,4,2,4,5,4,2,3,3,4,5,3,2,
9091,4613,1415,2707,1959,3499,3246,1214,2499,9412,9297,2395,6109,6624,4835,1513,1258,9582,367,4467,2293,4091,7678,---2,2,2,2,3,3,2,4,5,2,2,4,3,3,5,4,3,2,3,2,5,3,5,
4485,9101,3342,1936,1171,8088,6170,7075,4516,9386,2092,9265,2235,4927,1986,9795,2120,4041,8267,1742,2829,2386,2776,5904,4839,489,9591,1402,252,4351,---4,2,2,3,2,5,3,2,4,3,5,5,5,4,4,3,5,5,3,4,2,3,4,3,4,3,2,5,3,4,
6955,1924,3975,1753,9496,6043,7710,6315,4397,5806,7217,5561,3651,6084,7248,6739,6613,2521,1892,7012,2035,2041,8442,---2,4,2,3,5,3,4,2,5,4,3,3,4,5,2,5,5,2,4,4,5,3,4,
4111,5778,1814,2200,5403,2592,1570,6445,957,5310,3168,4164,4423,332,3796,3157,7640,3420,5983,5856,866,9332,---4,4,2,2,4,3,2,2,3,2,5,4,4,4,3,2,2,5,3,3,5,4,
6152,9228,6033,5011,3738,1185,5667,40,1068,4013,8762,3010,3530,7261,5090,5905,2792,2921,4972,5874,3957,8063,---2,4,5,3,5,5,3,2,2,4,4,5,4,3,5,4,3,5,2,3,2,3,
5248,9600,3458,1808,409,6436,5287,7080,6451,9914,3656,2764,7762,6997,3934,4068,9702,7975,3666,8049,8690,2683,---2,2,2,4,2,4,3,5,4,5,3,2,2,3,3,2,4,4,4,4,5,3,
2437,7815,1951,1826,2929,4780,2733,2360,9916,2621,3779,7236,7374,3536,6867,7637,1750,6616,5352,3517,6512,8433,---5,2,4,3,5,5,2,4,3,3,4,4,5,4,2,2,3,2,3,4,5,3,
640,3974,5007,9234,9748,5781,8482,7338,1195,6580,9151,1472,4815,9553,605,9572,4078,6640,2162,4980,1013,9335,---4,2,2,5,3,2,3,5,2,5,3,5,3,4,3,3,3,2,5,5,3,3,
8064,774,6280,5400,2322,7827,4116,2453,3480,3354,2338,8326,6950,3501,1198,308,3386,2239,4684,3320,3031,5208,100,6117,487,504,---2,2,5,3,4,4,4,3,4,3,3,3,5,4,4,2,5,3,4,3,5,4,4,2,3,4,
385,7429,2054,6672,1297,4998,7350,4409,191,3525,4555,7990,2903,9182,5217,4580,9717,5238,3067,4092,1662,9598,6783,---4,3,3,4,5,3,2,2,3,3,3,4,4,4,2,4,4,4,3,2,5,3,5,
1665,6658,7555,7302,4619,6289,2450,9367,3485,6129,7466,3115,5321,7107,2248,3017,6993,8151,4697,5870,1649,499,---4,2,3,3,4,5,2,4,4,2,3,2,2,3,3,4,3,3,5,2,3,3,
6689,4195,6533,5192,9547,1356,1038,8079,5681,2358,7475,7583,1259,9839,7208,5336,7001,6223,4475,5371,2019,---3,2,2,3,2,3,4,4,5,5,3,5,4,5,2,5,2,5,2,2,2,
8320,6625,1922,7332,2788,8677,1703,1352,9449,4491,4857,3215,1520,9521,3893,471,1767,2425,5519,9884,2084,---4,3,3,2,4,5,5,5,3,4,5,2,4,3,5,2,4,4,4,4,2,
2849,2661,7238,9897,5589,4331,5964,8242,8369,3122,4268,8245,6230,9175,9694,4793,4186,6235,7165,1093,2879,---3,3,3,4,5,4,4,3,4,5,3,2,4,3,3,3,5,5,3,3,3,
6272,3683,3652,4974,967,2920,6249,5354,6765,5646,2511,1904,8712,8243,6467,6414,5878,2569,8889,5827,6878,---4,2,5,4,4,4,3,5,3,3,2,4,2,2,4,5,3,4,3,3,2,
5712,9858,9395,5334,9510,1031,8904,6825,9031,6477,3503,9616,6648,563,8496,7094,5833,7832,7611,6524,5245,---3,5,3,4,4,5,4,3,3,3,5,2,4,5,4,5,3,4,3,5,5,
67,2563,6614,5862,872,2147,518,3820,3747,2434,5744,4562,3539,2772,6421,1430,8050,7386,639,8285,8159,---5,2,4,3,2,2,2,3,3,3,2,5,3,4,2,2,4,3,2,3,5,
3136,1249,3587,9347,5654,7623,5512,8553,4519,7311,4779,1827,9300,862,4406,4375,5817,8826,4220,7198,5237,---3,2,4,3,4,5,5,2,2,5,5,5,4,5,2,3,5,2,4,4,2,
7584,9186,8898,963,3300,8773,9094,4433,5330,8459,3586,9134,9039,8529,8562,9364,8206,4630,4408,1404,6653,---2,4,5,3,4,5,3,3,4,4,4,2,5,2,5,5,2,4,5,2,4,
320,9441,7330,579,5686,9578,1783,364,2989,1166,6544,3185,2037,6069,6583,7608,7545,8218,9823,157,9599,---5,4,5,3,3,5,4,2,4,3,2,4,3,5,3,2,3,3,3,2,3,
8276,4066,1539,3909,2822,7015,9815,7243,7106,9519,4611,8721,6258,9251,5779,469,2070,6615,25,2430,2485,---4,4,2,2,4,2,2,3,5,2,5,5,2,4,3,4,2,5,4,2,3,
6912,865,7169,708,8869,5734,5473,8393,1963,7789,7726,8879,3090,8787,1129,407,9765,1439,1372,8861,5509,---4,5,3,4,3,5,4,2,2,3,5,3,2,3,4,5,3,4,2,2,5,
1444,1701,9670,4552,8841,6346,3095,6188,2445,7086,7213,1213,8916,6357,6774,9303,2212,7003,8415,702,3029,---4,5,4,2,3,3,2,5,5,3,3,2,3,4,3,5,3,3,2,5,2,
771,5000,3130,147,6296,6938,4509,8991,6688,5160,3625,5418,7603,3254,7353,1466,9534,4000,4548,326,2251,3534,8273,2138,5853,5727,9444,2539,8180,6142,---5,4,4,4,5,4,2,2,4,4,2,5,5,4,5,3,3,5,3,4,3,5,3,4,3,5,4,3,4,3,
768,7298,8717,9261,1685,6817,1448,8493,4274,4534,7866,7285,5825,7503,7505,4181,1755,5222,9084,7405,6645,2300,---2,4,3,2,5,4,4,3,2,4,5,2,2,5,4,4,5,4,4,3,5,4,
4879,7088,5732,2518,7079,9231,3433,1233,3271,7148,5613,9229,7952,9393,6695,54,344,4569,9818,4943,---3,4,5,2,3,5,4,3,4,4,4,3,3,4,3,5,4,3,4,4,
9728,4256,130,8699,3156,3333,6182,8779,1453,9374,8335,5556,9790,7387,7896,7385,122,6831,9570,1279,---3,2,4,4,5,5,3,2,3,2,5,3,2,3,3,5,5,2,5,3,
7714,3043,2634,2161,2344,170,8523,1868,3842,7927,9201,6707,4180,7989,6454,5943,8856,123,9373,8927,---3,3,4,5,3,4,3,3,4,5,5,4,4,3,4,4,2,2,5,4,
961,98,355,7173,3078,8008,5289,4650,1367,3865,4973,5293,1000,5395,7572,7189,9655,9625,2364,3189,---5,5,3,5,2,3,4,4,5,2,2,3,2,5,3,4,3,3,2,4,
1186,8348,1991,7176,4732,906,5991,5548,5485,4189,2320,5618,1948,5261,3672,4057,1978,1403,3068,9757,---2,2,2,5,2,3,2,3,5,3,4,2,5,3,4,4,4,3,3,2,
3904,8353,3939,9861,8608,1740,6412,5101,8591,271,1123,6898,419,2738,4521,8794,5051,1980,1786,1182,---4,3,2,3,2,3,4,3,2,3,5,5,2,3,4,2,5,5,3,5,
5953,5447,4771,5766,1863,4360,8137,9799,2891,9740,8621,6638,5709,112,7307,8950,2231,3992,987,989,---4,3,5,3,3,5,3,3,4,3,2,5,4,2,5,4,4,3,2,2,
1281,34,907,6564,6214,849,1096,7531,3309,8136,387,2756,7358,2038,2458,6266,2011,3322,9246,4863,---2,4,4,5,2,3,4,5,3,5,5,5,3,2,5,3,5,3,2,3,
384,5675,9123,6853,6022,3361,64,586,2295,5743,4143,5136,9236,3065,4152,8153,1600,8911,3358,8293,---4,4,5,5,2,3,4,2,5,4,5,5,2,2,4,2,4,3,5,3,
5089,2843,9860,6213,7304,5788,362,8432,27,1905,1795,9720,3388,4412,5240,7610,6395,9468,990,8575,---3,3,5,2,3,4,3,5,4,5,5,2,4,5,2,4,3,3,3,3,
321,9154,9731,1316,5831,9704,6505,5508,9010,335,1040,4306,243,6324,2110,7812,7930,1915,5872,6928,---2,3,2,2,2,2,3,5,2,2,5,2,2,5,4,2,2,4,5,2,
1666,5125,4742,9608,5134,7058,8857,2949,9889,3366,2604,6070,2629,6598,4812,3281,782,4056,6368,5733,5742,7540,3705,637,---5,2,5,5,2,2,5,4,4,4,3,4,4,2,3,3,3,4,5,3,2,3,3,3,
9954,4515,7493,7047,8532,1785,7984,4052,9266,5491,8564,2263,7939,7961,4817,6267,5532,8733,3422,4261,---3,4,4,4,2,5,2,3,2,3,3,4,2,2,5,5,3,3,4,4,
9856,2880,2306,3611,9686,6056,314,7820,7023,4959,8,6642,8502,3000,7674,3903,7068,7994,8191,---5,4,3,3,5,5,3,5,3,4,5,2,4,5,2,3,2,3,2,
4705,3106,3205,4294,2730,5899,3468,1218,622,1533,1012,8117,7030,2392,6589,9855,2573,3741,1631,---5,4,3,3,5,2,4,2,4,2,2,5,5,2,5,2,5,5,3,
1060,5126,6120,1641,397,6222,8205,7568,1336,2898,6355,8566,7671,3096,8484,7130,2479,8156,5914,---3,4,3,3,5,5,5,2,3,4,3,4,2,4,2,5,4,5,4,
8705,1009,4836,4374,7942,5969,3304,5260,9036,5409,5553,6165,8150,5303,8344,6788,6911,216,2165,---3,5,2,5,5,4,2,2,4,2,4,3,4,2,5,3,3,5,4,
7138,1787,516,5612,6694,5735,9609,4971,3244,3471,9489,2356,1577,1082,4012,540,7325,8251,9759,---5,4,4,4,5,5,3,5,5,2,5,2,2,4,2,5,4,5,3,
2704,3301,9030,6881,6217,5835,9375,9901,9264,2641,9502,7412,4309,2519,3472,6491,8700,7262,8917,---2,2,4,2,4,4,5,4,2,3,4,4,4,4,3,2,3,4,5,
7040,7905,643,6597,4454,8455,5162,8107,620,303,9011,4693,1910,7575,9432,5882,8623,9798,9989,---4,5,3,3,5,4,3,5,3,4,3,4,5,3,3,2,4,2,2,
3264,1408,6435,6630,5402,904,6876,7767,4622,2767,6834,3465,6776,857,3066,5407,7260,3037,4639,---3,4,2,3,3,5,4,5,3,5,4,4,2,3,4,3,2,3,3,
4001,4878,2227,8844,7954,5263,8140,4077,6862,7279,6738,2323,9774,2646,1271,8250,3451,5246,6335,---4,4,2,3,5,2,4,4,4,5,2,3,3,5,2,2,5,5,4,
5697,834,1315,6151,9640,8620,4589,2062,8015,4048,3592,4498,6964,6677,4695,1556,9242,4476,3570,---2,4,4,3,5,3,4,3,3,5,4,5,5,5,4,4,5,3,4,
2800,4964,965,6470,2081,1353,1450,4139,6605,8942,7728,5970,307,3406,5070,8054,953,6523,255,---3,4,4,3,4,5,4,2,5,2,5,4,4,5,2,3,3,4,5,
5178,3684,3686,3334,1361,7784,5527,6189,5680,8977,1715,3637,7446,4665,6008,2553,9368,4541,5342,---5,4,4,2,2,2,2,4,2,3,5,2,3,4,4,4,4,3,3,
5153,8099,6681,6666,3595,7724,1199,7965,7376,6353,3702,7991,1048,345,8026,7035,9404,426,9561,---2,5,3,2,5,5,2,5,2,2,5,4,4,4,5,2,3,5,4,
2400,930,1515,6276,9927,3944,7817,235,9196,6978,3856,1699,5940,2722,5175,3138,9951,316,9791,---2,4,2,2,2,3,5,4,4,2,3,5,4,5,5,3,3,5,4,
2496,7457,354,1251,2276,9733,3750,4903,3784,2474,7212,1709,9136,3413,630,7770,5467,1566,9845,---2,5,3,4,3,5,2,5,2,4,5,2,3,3,4,5,2,5,5,
3171,3203,6852,3211,745,4586,2443,5678,848,561,707,372,4853,1113,2488,1124,2107,1866,3871,---2,5,2,2,3,2,5,3,5,5,2,2,3,5,4,4,3,2,2,
2368,2401,3042,8452,197,1670,2471,9420,7242,2283,6156,4061,6448,6098,1173,1686,5592,4378,9962,---2,2,3,4,4,5,3,2,2,3,4,2,4,2,2,2,5,2,4,
1955,102,4424,4171,9147,4494,109,2512,7123,1283,4404,89,9112,7161,4442,4891,5308,2685,1135,9215,---2,2,5,4,5,2,5,2,3,4,4,3,4,2,4,5,2,3,4,3,
1762,75,4612,1846,6183,7017,810,5355,7757,6601,152,5106,6741,7670,2487,8792,8409,4698,3323,7613,---3,2,5,4,4,5,4,4,2,5,5,4,4,3,2,3,2,4,3,3,
8673,5378,9115,1512,9800,2127,5207,7798,9871,9617,210,4084,9653,8438,3383,8248,2330,8251,893,---5,3,3,4,4,4,5,3,5,4,5,5,5,4,4,2,2,5,3,
9442,3685,1289,714,5131,876,6061,8541,5522,1890,6207,5717,8407,5720,4087,8027,9661,3327,---5,3,3,2,5,3,2,4,3,5,3,3,2,2,4,2,3,5,
800,6518,1270,8390,6176,9417,7223,4044,9200,2225,5606,2964,6294,6647,7110,1275,94,8352,---5,3,2,2,4,2,2,2,4,5,2,5,2,3,3,5,4,5,
6337,6178,486,2529,1320,7612,2023,7852,8817,1521,8044,8808,2431,7643,412,1981,4830,7025,---4,5,4,3,2,2,4,4,2,3,4,5,5,2,5,4,5,4,
4224,5569,5538,7076,6721,1545,8138,7700,7791,881,3890,6676,6263,8056,7156,186,955,6431,---2,4,2,5,5,3,5,4,2,5,5,2,2,3,4,3,3,3,
8032,1825,2340,9701,4775,5256,5420,2706,3613,3765,9298,4885,2677,3748,3599,2108,7485,3813,---2,3,3,4,2,2,4,4,4,2,5,3,2,2,3,2,5,5,
3808,6882,2372,3589,9321,1836,9550,4431,3280,786,2382,2838,5719,7448,6329,9883,1366,8101,---4,3,4,3,2,4,2,3,2,2,3,3,5,2,3,3,3,4,
9344,6818,603,3844,7685,7334,8519,2793,2578,5926,9622,3913,2840,3481,1050,2623,8382,3845,---5,4,4,3,4,2,2,5,3,2,3,2,3,5,4,3,4,4,
9977,6690,1572,2439,839,6184,6503,1277,9544,2802,7924,7861,7702,2871,7192,6692,9085,2366,---2,5,4,5,3,5,4,4,3,4,4,4,5,5,4,2,3,2,
1296,4194,3237,9831,9896,1994,566,581,751,1328,6418,1237,8630,9336,6010,9237,752,5311,---2,3,5,5,5,5,5,4,4,2,3,4,4,2,4,2,2,5,
6608,6402,9028,837,1537,5513,2087,9037,8526,5616,9809,8498,1550,5209,793,4764,8537,6303,---2,3,2,4,5,4,5,3,4,4,4,2,4,5,5,5,2,5,
5026,2371,8838,1414,6281,1228,7858,1455,9816,8882,7523,340,2134,8984,7737,2332,926,8639,---4,3,5,3,2,5,2,5,3,2,2,5,3,2,2,5,5,4,
1131,3395,164,6472,6579,7851,1612,6541,6543,4205,7281,8370,7987,2741,6500,7229,4926,9311,---5,4,3,3,4,4,2,4,4,4,4,4,2,4,3,2,5,3,
7104,4609,5282,3062,7462,9641,9130,1815,4591,9524,4766,8534,5081,9592,1241,351,5989,5791,---3,4,3,2,4,3,2,4,5,3,3,3,2,5,3,5,4,5,
4738,2691,3593,2570,7313,3221,9369,9173,8731,4124,8480,3362,3363,3876,7082,6317,3507,9280,9760,748,5832,585,5666,9301,4184,9309,8416,1509,7509,1553,8682,2667,7788,6131,2166,3192,4219,3967,---5,4,5,5,3,2,4,2,5,5,2,5,2,4,4,3,3,4,5,5,3,5,3,3,5,2,4,3,2,2,5,4,4,5,5,5,3,3,
9474,134,6537,3980,1678,6291,5273,2543,6172,670,7839,7456,923,9253,38,8232,3515,1468,9925,973,5838,6869,8795,5596,7391,5481,6763,4717,6383,4595,510,---3,2,3,3,3,4,5,2,3,2,5,5,3,2,2,5,2,5,5,3,4,4,5,5,5,2,4,5,4,5,2,
8963,779,7183,4867,1812,5653,6562,8356,1445,4007,44,2363,6461,2508,5325,2009,8923,1274,3038,3040,9061,762,7932,---2,2,5,3,3,5,3,2,3,5,2,3,5,2,3,4,5,5,4,5,4,2,4,
7360,7171,5700,8453,9183,7697,9001,7275,7052,8208,5841,3538,3763,9272,3897,9466,6619,9828,5438,5375,---3,3,3,5,2,2,4,3,3,2,4,3,5,4,4,5,2,4,2,2,
1121,2619,292,4870,4359,9832,9161,2316,2351,8560,2385,8181,4528,2270,375,3352,251,1791,2078,8959,---2,2,5,5,2,4,2,4,4,4,3,5,4,3,4,4,5,3,2,3,
3840,8321,4931,7910,3815,5672,329,3786,5707,6863,5651,8113,1682,2899,7704,5809,4257,2173,8394,---2,2,2,2,5,4,2,4,5,2,4,4,4,3,2,2,3,2,5,
4674,9965,5267,7525,2214,1064,7533,4142,7727,3896,7667,7541,342,9528,6811,4253,6910,9429,---3,2,3,2,3,2,3,2,3,5,5,5,4,2,2,4,3,5,
3104,2459,9317,9425,7144,1801,8298,6079,48,1713,5014,1193,3675,4988,7741,9566,8933,---3,5,2,5,4,2,3,5,3,5,2,4,3,2,2,2,2,
4258,3083,3349,8875,455,3720,7593,875,2690,5394,8627,6197,3303,4153,5212,5822,7765,---2,3,2,3,2,2,4,5,4,5,5,5,4,2,3,5,3,
9122,5565,8196,4997,6438,7431,1928,39,2094,2031,403,9038,7929,9945,5434,7197,8990,---3,4,4,5,5,5,5,4,3,2,3,5,3,2,4,4,5,
2531,5189,3590,168,3081,3438,9199,2449,8786,4147,4654,5769,6456,9722,6623,6302,3941,---5,4,3,2,5,2,3,2,2,4,5,5,5,4,3,4,3,
2432,1136,7395,8804,7879,1168,858,7764,7252,9109,7384,7673,4602,5052,666,3166,4538,---5,5,2,4,3,4,5,5,4,4,3,3,3,2,4,3,4,
5888,6455,1187,9125,4924,3210,9995,942,6802,2708,8535,3610,6459,5020,5498,3902,5919,---4,4,5,5,3,3,5,2,5,4,3,5,2,4,4,5,2,
9870,8929,5787,3105,2814,2014,2475,2369,7887,4688,6833,7662,8698,3643,29,6320,7551,---5,5,5,2,4,2,5,5,3,4,4,3,4,4,3,4,3,
5314,3108,2246,7272,5929,9719,3597,847,2608,9045,1046,9881,3908,4377,5979,8668,4734,---5,5,3,2,2,2,5,2,2,4,5,2,4,5,5,4,2,
8448,8384,3072,8835,6244,5190,4744,5611,9996,237,3053,7571,927,3544,5439,2526,7071,---3,3,2,3,4,2,2,5,5,2,4,2,4,2,5,3,5,
5406,3777,2942,359,617,3594,3339,4526,6936,9330,5715,6942,4510,6904,7483,766,4447,---3,4,3,2,5,2,5,4,2,5,3,5,2,3,3,2,2,
2112,2561,3951,8325,1607,2088,5484,5450,3948,207,3920,1906,8183,9743,3119,8060,5374,---5,4,4,2,2,3,4,5,2,5,2,5,5,3,5,5,4,
8066,8355,9509,2599,2892,9004,206,15,5808,5426,1107,2805,3542,2839,2045,9285,6495,---3,2,3,5,4,3,4,4,2,2,5,3,3,3,3,2,3,
3718,521,7310,8851,3092,2093,7344,4419,2757,4554,3659,6732,9422,4434,9558,5723,1884,4704,7142,3943,9454,8943,6514,8059,---4,2,5,2,3,3,5,2,2,5,4,4,2,4,5,2,4,3,4,2,5,5,2,5,
3074,1285,3623,8360,7210,3755,9805,9071,6288,7473,8885,7897,6040,697,4316,8126,4543,---5,3,5,4,4,3,2,2,5,4,3,4,3,2,4,5,5,
8238,7233,68,6661,5095,2376,7018,9943,9326,919,3605,3831,5368,5589,6202,2794,3295,---5,4,4,3,5,4,5,3,5,3,2,4,3,5,4,3,4,
1312,4896,7137,8998,1345,4841,106,6253,2992,593,8947,245,2611,769,8317,8446,---3,5,3,3,4,4,4,3,3,4,4,4,4,2,2,2,
7488,705,6082,2694,6593,5388,1132,2959,6609,9714,5460,8087,9210,2811,5210,2334,---3,3,4,5,2,2,4,5,4,4,3,4,3,2,4,4,
4225,5539,8193,5605,7814,5191,651,4588,6897,3267,6359,568,2628,1875,6099,1630,---3,2,3,5,2,4,2,3,4,4,4,2,3,3,3,5,
3969,7835,4228,2630,4478,5544,3753,5324,7406,4527,6510,7321,1435,4956,3453,9022,---4,4,2,5,2,5,5,4,4,2,2,3,2,2,3,3,
2625,2915,3381,1766,8809,8076,812,1008,5331,8213,3222,2681,2652,5917,4470,6239,---5,4,3,4,5,3,5,4,2,2,4,5,2,2,2,5,
4992,5377,86,2440,5386,1177,6554,3484,4900,3497,436,4918,564,4028,3773,8010,7507,7254,6110,2786,3558,3389,6384,9073,4978,---4,3,3,5,2,5,2,3,4,3,5,4,3,5,5,5,4,5,2,3,3,2,3,2,4,
9090,8347,8868,4337,2889,6570,5399,1452,7151,8555,7793,3671,9143,3928,8507,5850,2495,1342,8351,---4,2,5,2,3,3,5,4,5,5,2,4,4,4,4,4,5,4,3,
9568,7788,1059,2853,7944,5545,9706,3372,4332,7816,6216,9192,6966,7450,8731,8956,6271,---5,4,3,2,3,3,4,5,2,4,3,4,4,3,5,5,5,
1506,1667,165,2887,1002,1739,9070,5295,2000,788,9177,2906,7740,6762,3102,---2,4,3,5,3,4,3,2,3,5,4,2,3,3,2,
6752,4960,7938,3494,2114,814,3245,880,9938,8738,2900,7865,1529,7119,7059,---3,2,2,5,3,3,3,5,3,3,5,4,2,3,4,
3147,9542,1190,6406,4935,1169,6090,4587,9133,2958,2287,4273,818,6868,7352,---5,4,4,5,4,5,3,4,4,4,5,5,4,4,4,
4290,1160,8596,6443,4930,6319,9584,5736,9780,8597,439,3289,8058,3387,9626,---2,3,3,3,3,5,4,2,5,4,3,4,4,5,4,
8163,4517,1287,5961,7799,9964,3277,1688,8598,8345,2648,4761,4730,2909,7231,---5,5,5,5,5,5,2,3,5,2,2,4,4,4,3,
3936,2352,5155,4262,8230,3628,3151,6380,8495,635,4934,4218,5627,7034,1247,---3,2,4,5,4,4,3,5,3,5,4,2,3,2,4,
4033,1698,3715,1861,2224,3794,6255,9936,17,4466,6547,2777,4121,6426,9663,---3,5,5,4,5,2,3,4,3,4,2,4,2,2,3,
827,804,7432,8585,3146,1752,8846,8081,3219,9012,597,2232,8980,7451,2876,---2,4,3,3,2,5,5,3,4,3,3,3,4,2,4,
5824,6305,8227,6181,4703,5579,780,4632,9746,8693,7159,3832,2938,2651,5349,---3,2,5,3,2,3,5,5,5,5,3,2,2,2,5,
9282,4899,773,1702,2343,8936,777,5292,5453,995,9624,6947,8571,2492,8863,---2,4,5,2,2,4,5,5,2,5,3,5,4,5,4,
132,4362,492,975,5746,8755,2069,5591,1368,3737,5690,6940,9530,9470,703,---2,3,3,3,2,4,4,3,2,4,5,5,4,5,4,
1632,1474,7139,2532,1745,4908,5708,5202,1913,4496,8657,7122,8633,4,124,---4,5,4,3,2,2,3,5,2,3,4,4,3,4,5,
6064,4263,360,7657,2762,5031,9453,6094,4751,9008,657,5588,1592,8490,5214,---3,4,3,3,5,3,2,5,3,4,5,4,4,4,3,
3664,8803,3012,9384,6348,6093,3056,72,7476,8853,3161,6330,9023,6844,1023,---4,3,2,2,3,4,4,3,3,4,5,2,5,4,3,
6400,7041,7617,3139,4321,8396,1127,2444,3120,5560,82,8854,9464,9787,5118,---3,4,5,3,2,4,3,5,3,2,3,2,4,3,2,
9986,9763,8486,2825,2314,7132,1390,2878,3638,727,5452,8313,1307,1596,2494,---4,2,5,2,5,5,5,4,5,4,5,4,2,5,5,
1443,7365,902,5065,8494,693,8083,14,2294,2117,3834,6332,1341,2398,4453,---5,4,5,4,4,4,5,3,5,3,5,5,3,5,2,
7680,3201,9476,5638,8968,4204,6922,2191,5777,1603,3483,413,427,4400,8753,6204,4925,8512,8003,5193,467,3286,9179,225,6119,1257,5740,8558,7933,---3,3,4,3,2,4,4,2,5,5,5,4,3,2,3,5,5,4,3,3,3,2,4,3,4,4,2,5,5,
3159,273,1300,8855,7580,5533,8283,5649,57,6712,7732,9658,6334,4034,4933,330,8781,1102,343,1883,1505,8551,7807,---3,4,4,4,5,4,4,2,3,2,4,4,5,4,3,3,4,2,3,5,5,3,3,
8992,560,4642,9396,3265,2760,2507,8588,3234,9072,655,4546,209,18,3618,9556,6835,6009,1049,1940,6301,---3,4,5,5,3,3,5,2,3,4,4,3,4,5,3,5,3,2,4,2,5,
193,9507,3414,4326,9990,6377,6379,1676,5999,8787,3411,8021,7830,791,7037,5509,---3,4,4,5,3,5,4,3,2,3,5,2,3,3,4,5,
2208,289,962,9667,201,4652,4560,8241,9972,41,681,7864,6937,3454,---2,4,5,3,4,3,2,4,5,4,2,5,4,3,
9857,5570,5411,7299,5161,5165,4621,5392,2673,466,8275,9493,9947,8638,---4,4,5,5,4,2,3,4,3,3,2,3,3,3,
1152,2209,6080,3688,6953,6507,9742,3823,9520,7381,3257,1935,3776,6014,---5,5,5,2,2,5,5,3,4,5,3,3,4,4,
2946,8644,3013,9713,5226,5003,7453,2481,2058,3326,8314,2650,6954,4767,---4,3,5,4,4,2,4,2,5,2,3,5,5,5,
8385,546,5299,8070,1417,1451,493,4848,9235,2484,7125,2102,4568,7546,---4,2,4,5,4,4,2,4,4,4,2,4,5,3,
8548,1350,1489,6764,7020,1039,656,6769,1907,214,5945,9178,6076,6234,---2,4,2,5,5,5,4,4,5,4,5,4,3,3,
4512,1409,7684,8902,3113,4683,1100,9650,3347,5844,633,4283,2365,1982,---2,4,2,5,4,4,3,3,5,2,4,4,5,5,
8132,9096,7337,2349,2905,2896,2104,3571,4282,664,8825,3770,1565,9535,---5,3,2,5,3,4,4,4,3,2,2,4,3,2,
3843,3209,5901,7694,7439,3060,7355,4726,9016,2714,7099,4957,1822,5695,---5,5,4,4,4,3,4,5,5,5,2,4,5,2,
4193,580,4197,551,587,8332,6382,2736,7354,5113,3002,7293,7774,4095,---2,3,4,3,5,3,2,3,5,2,5,3,2,3,
3371,5959,3016,7404,6794,5895,5836,3247,4368,5164,8247,4119,2409,6111,---3,4,4,4,3,3,2,2,2,3,3,2,3,4,
4289,4324,5285,6855,2888,7597,7557,3857,9394,2452,8538,2175,8445,4511,---5,5,4,2,3,5,4,2,2,5,2,3,5,2,
9408,4976,5698,325,8744,5001,1036,9666,1679,2128,7349,4855,7736,1824,---3,3,2,4,5,2,4,2,5,5,3,3,3,5,
8897,2626,4130,9590,8397,3695,8467,182,1626,7199,6684,3482,4670,5823,---5,3,4,2,2,5,5,2,5,4,2,3,4,5,
9707,5318,8263,8584,7083,2863,7824,1942,3543,4537,6362,2523,5884,4797,---3,5,3,3,5,2,2,2,2,3,4,3,3,2,
8961,6018,591,7981,8007,4488,2859,3746,4303,8656,9842,8563,4149,9974,6873,9689,7578,7739,6588,---4,3,5,2,2,3,2,2,4,2,5,3,4,3,5,5,3,2,2,
3938,9828,8229,6316,3564,4076,749,7024,5137,4322,313,5754,7005,734,---2,4,2,2,2,5,5,4,5,5,3,2,2,5,
7265,1987,229,1062,6697,2955,6828,4877,7343,853,7574,8111,5887,---4,5,4,3,3,5,2,4,5,2,4,5,3,
6531,1819,747,4236,5432,7219,4278,2105,1816,3353,5211,3260,5247,---4,3,2,2,3,5,2,2,3,5,4,2,4,
5739,1798,3687,8444,5194,6187,1578,2947,7811,6851,8412,8170,831,---3,4,5,2,3,2,3,2,3,5,2,3,2,
6422,6595,9284,6405,3242,5451,845,5521,22,5721,4484,2972,5471,---5,5,4,4,4,5,2,5,5,2,4,4,3,
5699,519,5419,1645,7631,7602,211,5780,9397,4831,764,6749,3135,---4,5,2,3,5,5,3,5,5,3,4,2,2,
1860,3226,890,8431,3344,6706,9427,6582,6970,9775,3933,3390,3007,---2,2,4,4,5,3,3,2,3,2,4,3,2,
9955,1174,4198,136,8203,7855,3152,1909,7158,7419,4444,6173,7070,---5,3,5,5,4,4,2,4,5,4,4,2,4,
8192,8420,2326,1831,7336,5290,4338,7190,9847,8793,7642,5949,6367,---2,3,2,2,3,2,3,2,5,2,3,4,4,
224,6371,6308,4393,5291,3728,2025,5046,7945,8632,8255,2654,6047,---2,5,3,2,4,4,5,3,3,2,5,4,5,
641,5186,1733,129,9538,9486,1647,2993,3220,6138,5659,4285,9822,---4,3,5,4,5,4,2,2,3,4,3,3,2,
4610,4004,7372,6168,8492,3490,4172,5228,8146,4117,4886,5080,4601,---4,2,2,2,5,4,3,5,2,5,5,5,3,
2465,2659,9797,3875,4328,2924,6798,9893,4355,7892,8119,4473,3653,---5,2,2,4,4,3,3,4,4,5,2,3,2,
2144,8545,1155,1,3432,8491,6450,3470,3442,6453,6902,4122,3866,---2,4,3,4,5,4,3,3,2,5,2,5,3,
2720,1410,8515,1476,8487,2927,5168,8914,5811,3319,794,5819,3804,---3,2,4,3,5,3,4,5,3,4,2,3,3,
9536,2692,1957,5446,4456,636,9164,1604,9690,9307,92,4133,6629,---2,2,4,4,5,2,5,5,5,3,3,2,2,
8176,4356,3972,7590,3153,2952,2057,1516,6429,592,7688,1269,4221,9865,2680,249,4507,6620,6909,1535,---3,2,4,5,2,4,3,4,2,4,2,2,5,3,4,4,5,5,2,5,
9067,2817,6123,3812,8390,2534,7720,6921,2666,8043,4044,5236,2613,6647,7110,7223,4991,---2,4,5,4,2,3,4,5,3,5,2,5,4,3,3,2,4,
1728,7361,1383,4165,3431,3466,5163,1420,3213,1377,6232,9074,278,4696,2810,7594,3775,---2,4,5,4,2,3,2,5,2,5,2,2,3,4,4,4,5,
188,3970,1475,7291,3624,873,5930,525,2477,6032,9635,2581,1304,3545,5691,2812,925,---4,4,2,4,2,5,2,2,5,3,2,5,3,5,2,2,2,
9349,5990,1416,9737,4266,3788,8114,5455,8040,3730,7539,1943,6492,5071,7324,7423,---4,5,3,2,5,5,2,3,2,4,3,2,4,5,4,2,
8482,7428,1765,9159,5954,8270,2466,6640,4718,1110,8185,5725,3901,350,---3,2,3,2,5,4,3,2,5,5,4,3,2,5,
4245,6468,9798,2987,8623,1968,9554,4435,2996,8469,9752,8443,508,5119,---4,3,2,2,4,3,5,5,3,5,4,2,3,3,
8066,6211,6411,4909,7022,1327,6992,3379,7255,1432,2045,8730,9059,3165,---3,4,5,2,2,3,4,3,2,2,3,3,4,3,
4256,2818,6180,4582,7207,3977,4237,7055,5490,787,7778,3716,7323,---2,3,5,4,4,2,4,5,4,5,5,3,3,
5795,8342,5030,9485,2347,9869,7182,8687,9940,4757,8726,4884,3941,---4,3,2,2,2,3,5,4,5,5,3,3,3,
8323,836,2275,6939,9065,8009,7731,8084,5102,1655,5855,7708,9503,---2,4,5,3,3,2,5,2,2,5,2,2,4,
4277,7492,1413,6215,4746,7085,623,5077,1722,8667,1308,543,---4,2,4,5,2,4,2,5,2,5,3,5,
1441,9603,5572,7974,6728,7689,299,9040,7875,8948,7524,4605,---3,2,2,3,2,3,4,2,2,3,2,5,
9313,6532,9573,406,5201,8812,2893,2065,3126,7543,217,3076,---3,2,3,3,2,2,2,5,3,2,2,5,
8177,829,4102,7153,7145,8874,1202,2831,6801,3346,2710,61,---5,4,3,4,5,2,3,3,4,3,5,4,
1028,7414,1894,7943,3607,6511,2544,5364,5174,2135,26,634,---4,2,5,4,2,5,2,4,5,3,2,2,
8288,3424,9283,6628,1030,3887,1970,4468,312,2297,2460,3167,---3,2,3,5,2,4,5,2,2,2,3,5,
2498,5764,4358,7659,3500,3694,498,2804,1078,6660,7804,6654,---3,3,2,5,4,4,2,4,3,4,3,4,
483,5156,2230,1164,5499,7502,6191,5937,7826,8086,1338,815,---4,3,5,5,3,5,5,3,3,4,4,3,
966,2215,8296,8169,9483,2668,1871,2072,2740,408,9274,7194,---3,3,4,4,2,5,3,2,5,4,5,3,
392,7849,4556,8941,3663,7155,2836,5973,5865,9144,9529,4603,---2,3,3,4,3,2,2,5,3,5,4,5,
4545,6722,3771,5028,2060,6829,7315,8501,4984,7707,8284,383,---5,3,4,4,2,3,5,5,3,2,5,2,
1184,3810,8582,5894,8618,8366,7599,9240,4026,3099,860,2410,---2,5,3,4,4,5,2,3,2,3,2,2,
2178,5128,1804,3021,3726,3437,2097,7186,3924,3954,4088,7421,---2,5,4,4,3,4,2,5,3,2,2,4,
9696,7842,7877,1479,3756,7699,1172,8662,5849,8025,5117,6974,---4,2,2,5,5,5,5,2,5,4,2,3,
8865,2242,4387,7434,1483,4178,2133,5751,3703,4829,7646,3391,---3,2,2,2,4,5,5,3,3,5,5,3,
4942,5477,1575,3721,9484,2830,5391,6293,4969,6394,6558,8479,---4,5,2,4,4,4,5,5,4,2,2,4,
5985,5801,8330,4492,6509,3725,5617,2163,180,629,2813,1790,---5,3,3,2,5,5,5,3,3,4,3,3,
2048,1926,3212,8514,5518,5782,799,6691,1066,4907,7087,433,8756,5176,8123,8893,3778,4679,7885,7377,2005,3670,977,3177,7786,3188,7039,2940,9597,3583,---3,4,3,2,2,4,3,5,5,2,4,4,3,3,3,3,5,3,3,3,2,4,3,4,4,3,2,2,3,2,
1154,2180,1033,7436,5826,5657,9127,4782,2865,3635,1594,1211,7744,1090,7235,3396,1094,1992,322,6737,5847,1498,4187,4967,8559,1267,8309,9981,---4,4,4,4,2,5,5,5,2,2,3,3,5,5,2,3,5,3,2,3,5,5,3,2,3,3,2,2,
4226,6799,2711,6045,4640,6561,4642,7515,9522,3636,6967,3444,2747,5564,9281,5058,3142,4687,4177,4050,8282,6735,6889,5458,2164,9705,7288,7038,---4,5,3,2,2,2,5,4,2,4,5,2,4,5,3,2,5,3,5,4,2,4,5,4,2,2,2,5,
544,6210,8796,3077,7687,7785,9418,4629,5677,6190,2672,3249,370,4211,8078,7013,5976,4953,9562,1294,8319,---3,2,3,4,2,4,3,3,3,3,3,5,2,4,4,3,3,5,5,2,4,
8740,4901,6214,7273,1482,907,396,9246,3983,6266,7923,2421,2038,8122,2011,8476,9341,7358,4863,---3,2,2,5,5,4,4,2,2,3,3,3,2,4,5,2,2,3,3,
1855,1668,598,1446,2665,3498,5693,8272,9042,7702,6692,8987,9085,9087,---3,4,3,2,5,3,4,2,4,5,2,4,3,4,
6306,3907,1990,9991,2970,1930,8844,6862,5231,9013,2936,8250,8925,7007,---5,4,2,2,5,2,3,4,2,5,5,2,2,4,
2798,2850,8997,166,8488,6797,2926,4336,6389,1558,5687,731,7518,---5,3,4,5,4,4,4,5,3,3,3,4,4,
2337,9923,2919,7560,4860,2540,7215,2344,8184,1487,8892,2557,9278,---3,2,2,2,3,5,4,3,5,2,3,4,4,
8448,4539,1192,1805,4239,6896,1014,7607,6621,1595,9245,3774,---3,2,5,2,5,3,2,4,5,5,3,3,
5024,867,5,5863,2281,1130,8110,3197,3024,8458,3178,5278,---5,3,5,5,2,3,3,2,2,2,2,3,
4033,2724,2001,9170,9907,8821,1206,1303,6622,8890,6780,542,---3,2,2,3,3,3,4,4,5,2,2,4,
416,8800,870,4968,5738,1324,5229,8368,8946,4691,5215,---5,5,5,5,5,3,5,5,5,3,5,
8926,8834,2535,7756,6957,5182,5206,5241,3674,6396,3070,---2,2,5,4,5,4,5,5,5,2,2,
3809,6313,2572,1421,1518,3057,3826,6899,4349,1950,2335,---2,5,4,4,5,5,4,4,4,5,2,
5504,3456,8067,1323,7091,2966,23,3001,4410,3294,2271,---4,5,4,2,2,5,3,3,5,5,3,
6017,9698,1862,6342,9761,3946,107,687,8531,3766,9657,---5,3,2,4,2,2,3,4,4,2,5,
578,6083,6404,5288,5559,430,4720,5812,2007,9208,2491,---5,5,5,3,3,5,4,3,3,3,5,
8583,5064,1264,1768,114,2099,8468,757,9043,284,2266,---3,2,3,3,2,3,5,3,2,2,2,
2663,8425,7498,6476,4557,9619,5428,7063,1364,2587,9214,---3,4,4,4,2,5,4,3,2,5,5,
3680,2883,4005,6310,2632,809,712,1394,5396,2170,765,---4,3,2,5,3,3,4,5,4,3,4,
2115,2536,1387,1165,3439,4308,5814,5337,2234,4668,573,---2,4,4,4,4,3,2,4,4,4,2,
4385,7461,3402,495,6097,7154,7829,4183,1560,8239,5951,---4,4,2,3,2,4,2,4,2,3,2,
3627,7559,744,8124,203,1837,3632,6035,5274,4284,3999,---2,2,3,3,5,4,4,3,3,4,2,
9569,2148,6373,775,7529,268,5389,6513,5116,9041,7743,---4,2,3,2,2,4,5,4,2,2,5,
7074,4803,3717,8362,9618,46,5074,1459,3385,3996,8746,---4,5,5,3,5,3,5,2,2,2,4,
2784,8643,2789,6278,1097,3051,108,9009,4854,9279,767,---3,3,4,4,4,2,4,2,5,3,3,
8256,8547,938,7341,2255,4080,5379,3863,377,9117,1119,---4,4,2,2,3,2,5,2,2,3,5,
8386,8676,7271,2504,3690,4626,4945,2994,632,6521,4987,---2,4,3,4,3,5,4,4,3,2,5,
7683,6279,2441,6922,4808,8593,1940,2202,6045,4640,8225,5796,8741,5296,8753,6578,7996,4030,575,8512,1603,6561,4296,3657,7754,1619,4440,601,4315,4700,7519,5988,3174,5564,3444,3963,8993,---5,5,4,4,2,2,2,5,2,2,3,2,4,4,3,5,2,2,5,4,5,2,5,2,3,4,3,2,4,4,3,4,4,5,2,4,4,
864,4865,1763,5604,7909,3329,5793,3722,1879,9388,9549,8249,1974,6900,4821,886,2039,7268,2411,1276,1886,---5,5,2,4,4,4,5,3,2,2,3,3,2,5,3,3,3,5,4,4,5,
256,2372,709,8104,786,3598,111,3280,4433,5330,8979,660,2382,2838,9751,7448,3476,1148,8773,---5,4,2,4,2,5,5,2,3,4,2,2,3,3,4,2,2,2,5,
1505,6859,4933,8551,6856,8074,4523,8781,4399,5649,690,915,7732,343,6041,3112,1883,4051,7807,---5,2,3,3,3,5,3,4,2,2,5,3,4,3,2,4,5,3,3,
7968,2913,4770,4363,1284,2273,5609,2123,2029,8174,6157,9366,1389,160,6778,1231,5500,8381,8830,---3,3,4,3,2,4,4,5,4,5,4,4,2,5,2,3,2,5,3,
9472,7105,5827,9477,6414,967,8712,2569,5354,2414,6162,5646,1904,9874,3683,3214,5688,1467,3100,---3,4,3,2,5,4,2,4,5,2,3,3,4,5,2,3,4,2,4,
8160,1091,6148,5061,8423,8456,6569,6410,4299,8260,1778,1507,5877,9467,9604,1018,219,4031,---2,3,4,3,2,5,2,4,2,2,2,4,2,2,3,2,2,3,
2579,5723,3428,521,8851,1774,5423,1872,6514,755,9268,7310,6879,6269,2399,---4,2,2,2,2,3,4,3,2,2,4,5,2,3,2,
4384,5603,3270,9192,8812,6271,4332,4680,3535,8817,8277,6552,47,1240,3935,---3,4,5,4,2,5,2,3,5,2,5,2,2,2,3,
5123,8228,822,5546,4460,3470,6902,4347,600,9755,8478,1567,---5,2,4,5,2,3,2,3,5,4,2,2,
2145,4067,65,6251,9966,2096,4275,7604,3412,5451,8765,---3,3,5,4,5,2,3,5,3,5,5,
5495,1700,5233,7179,1071,7761,8341,3063,2429,8625,---4,2,5,4,3,4,2,4,3,3,
6115,4199,4200,2537,7468,4845,369,9490,8503,4667,---2,4,5,4,5,5,5,4,2,5,
1672,1721,5111,6031,368,4786,2713,2265,2778,3679,---4,2,3,4,4,4,2,4,2,4,
6816,8610,1669,8720,1585,7542,6711,729,1371,8734,---5,3,4,5,3,5,4,5,4,3,
9346,1029,2603,717,9172,8824,6969,9051,2524,1598,---3,5,2,4,3,5,3,3,4,2,
2051,4006,4614,5224,9258,5805,7949,694,6809,7675,---3,3,3,2,2,3,4,5,5,5,
770,5891,3365,5992,7459,6861,8751,2483,9588,4279,---2,5,4,4,3,3,2,2,3,2,
3931,5060,2172,3248,6164,1310,2137,6907,444,318,---3,5,3,2,5,5,5,4,4,5,
9504,0,9026,9220,2195,4053,9334,24,3609,4127,---4,3,3,3,5,2,3,5,4,2,
6566,2278,8365,6542,5645,502,855,2063,1021,382,---4,5,5,4,5,2,4,3,5,5,
5448,7036,970,9613,5297,2582,761,2746,956,4765,---4,5,3,5,4,2,2,5,2,5,
7184,7556,550,9232,3754,1072,3989,5910,6736,1589,---5,2,4,3,2,3,2,4,2,4,
2912,8162,4743,5994,9997,432,9458,6837,534,4858,---2,3,5,5,3,4,4,2,2,2,
5092,5029,9132,2291,2549,8214,6713,3132,4445,4286,---2,4,5,4,2,2,4,5,5,4,
8645,6268,7402,5038,4047,1810,1080,1116,6474,1189,---4,2,5,3,5,3,2,3,5,5,
2848,6592,5479,1162,8295,5037,1005,8017,5718,9082,---4,3,5,3,4,5,5,2,5,2,
9953,7907,676,4135,3181,2640,7844,6457,5179,2748,---4,4,5,3,2,5,3,2,3,3,
8768,6785,4027,8133,1617,3183,8188,7808,619,9868,8045,9211,7953,8299,5356,8704,4681,4443,2043,1852,3742,---3,5,2,4,4,5,4,2,2,2,4,5,5,4,5,4,4,4,5,3,5,
9920,9776,3427,4243,2737,9128,3817,3243,4759,3821,4861,496,1425,2642,83,9812,4437,3337,6703,988,9149,---5,3,4,2,2,2,3,2,2,5,4,3,4,5,4,2,3,4,2,3,4,
2624,7296,2882,1179,5797,9830,1020,266,8051,4099,8371,2580,3704,8665,2682,3039,2780,4990,3615,---5,4,5,2,5,2,2,2,3,4,5,4,3,5,3,4,5,3,2,
194,4420,8517,6918,8711,2760,7371,2348,9773,9072,3879,18,3618,7225,2203,3516,9695,---2,5,4,3,5,3,5,3,4,4,5,5,3,2,4,2,5,
4739,2585,3621,1290,8875,2765,7069,5394,5259,6327,7833,4508,7690,9310,---3,2,5,3,3,2,5,5,5,5,3,5,2,3,
3873,9155,9746,5222,6817,4264,9697,8717,302,2418,1075,6036,7416,9084,---4,3,5,4,4,5,5,3,5,4,2,3,3,4,
99,5363,3305,9959,4429,175,7057,8338,8179,7348,6039,5499,6300,---4,3,3,5,3,4,4,3,3,4,3,3,4,
2308,998,7111,2088,4778,1995,3951,1906,5301,7766,6815,7549,2559,---4,4,2,3,2,5,4,5,3,4,4,4,3,
2977,9542,2259,1673,5034,3147,1613,8973,3634,6995,4889,1190,---4,4,5,3,5,5,2,2,2,4,4,4,
3984,4482,4649,2059,7696,2612,437,2934,5816,9788,2013,---2,5,2,2,5,3,3,4,4,5,2,
4449,7315,9451,6829,5501,2003,9333,441,7769,2205,501,---3,5,4,3,3,4,2,3,2,2,2,
2594,7108,2694,7239,4455,2158,241,4662,9111,7129,---2,5,5,4,5,2,2,4,2,4,
7840,2918,646,6696,5641,8202,3688,6985,3036,6206,---4,5,5,3,5,2,2,5,4,4,
3682,5573,2026,4843,3917,2160,5748,9436,1573,---3,4,2,4,4,4,3,3,2,
9921,2601,5066,1549,4465,6387,52,2845,6846,---5,4,3,2,4,5,4,3,3,
6848,7746,9287,365,2269,9777,946,3995,5213,---2,5,4,5,4,5,4,4,4,
993,8226,1388,1295,2768,754,150,215,7709,---3,2,5,3,5,4,4,2,4,
1952,9083,740,6958,2288,4313,607,1661,7455,---3,4,4,5,4,4,4,2,4,
9052,713,7114,1419,6350,1843,3125,6779,3836,---5,3,2,2,4,4,2,4,3,
5858,2377,4301,7886,1552,1522,6842,7356,5599,---5,3,2,4,5,4,3,5,4,
450,5635,3952,7794,6132,1877,7316,9979,2943,---5,4,4,3,5,3,3,2,2,
4673,7522,6401,9195,142,3889,9140,1019,733,---4,3,4,4,3,3,2,3,2,
227,4838,8168,649,8395,2446,6870,7287,7389,---3,2,4,4,4,4,2,5,2,
2240,8934,3292,5006,6161,9142,1593,9148,4126,---2,3,2,3,3,3,5,3,3,
5696,1188,9238,5486,1423,6550,6839,4731,8799,---3,3,5,2,2,2,2,2,5,
5280,8876,5615,4016,7218,5173,281,3772,1983,---4,2,3,3,2,5,4,5,2,
969,5802,333,8173,7472,8626,594,8509,286,---3,4,4,5,5,3,2,4,3,
352,3266,1027,7497,1098,3377,1464,347,3423,---5,4,2,4,5,4,3,5,5,
4993,3298,6179,2177,7534,4561,7093,3064,8985,---5,4,4,2,4,2,3,5,5,
3009,3398,1697,3048,425,2732,8622,1587,9885,---5,3,2,4,2,4,4,2,5,
2944,2691,2309,2311,2313,2570,6668,4241,9369,9371,924,3101,5666,163,4260,6949,9255,4124,2862,3507,6458,9280,5955,7749,5832,1996,3363,9173,9559,1373,9440,3937,4325,7313,4329,8682,5225,3961,4219,---2,4,5,5,5,5,4,5,4,5,2,5,3,2,5,5,5,5,3,3,2,4,4,4,3,2,2,2,2,2,2,4,5,3,5,5,4,4,3,
2945,898,1541,3981,7440,7188,7831,1689,2082,7206,8504,7609,1468,960,8641,4042,1743,6746,9948,9821,2782,7391,1120,6800,3182,6383,894,---5,4,2,5,3,2,3,4,4,4,5,5,5,5,5,4,5,2,5,5,3,5,2,3,5,4,3,
512,9985,6919,6027,1936,1687,7963,671,4129,3883,7347,8757,4415,7819,2374,3527,2509,3921,96,9057,2020,4839,248,1402,---3,3,4,4,3,3,5,5,5,4,4,2,5,3,5,3,4,5,5,3,4,4,4,5,
8833,9819,5157,8870,9217,8552,5313,567,8402,174,3312,4113,6002,852,7479,1268,9370,4923,9724,---5,4,4,2,5,5,2,3,4,4,5,4,3,3,4,3,2,5,2,
1696,3824,9058,379,16,5416,8919,4620,2797,143,9712,2600,9202,9047,8424,1051,6877,---5,2,3,3,3,5,2,5,3,4,5,3,2,3,2,4,2,
1089,9531,1317,5766,9799,7307,8621,6638,7935,8401,2355,8950,2231,987,989,2149,6789,---2,4,4,3,3,5,2,5,3,2,3,4,4,2,2,5,4,
7141,2247,5320,2550,810,5355,9970,5360,152,5106,6741,7670,8792,8409,4698,8775,1727,---4,5,3,2,4,4,3,5,5,4,4,3,3,2,4,3,3,
4576,4769,8930,9475,6145,1895,6122,5867,1293,4398,1938,2004,1178,8219,319,---3,3,2,3,3,3,5,2,2,2,2,2,4,5,5,
7553,4779,934,2762,4375,4173,3410,3925,2006,8055,5817,8826,2218,5237,---4,5,2,5,3,2,3,4,4,5,5,2,4,2,
7651,1718,745,1866,2443,1229,2107,2098,4310,7065,5370,3871,4586,511,---4,4,3,2,5,2,3,3,3,2,4,2,2,5,
3616,9413,8326,6280,652,7827,308,3541,3577,3098,2239,1469,37,---4,5,3,5,2,4,2,2,3,4,3,3,3,
3040,6562,9061,1834,813,9166,6461,1812,7278,7095,1210,1501,2015,---5,3,4,2,3,2,5,3,2,4,5,4,2,
8864,2192,6917,7201,1546,6795,8748,718,6192,8372,6105,9405,830,---3,2,3,4,5,5,4,3,3,5,4,3,5,
8069,1841,1770,3223,9775,3344,7889,9427,1457,506,890,5918,3007,---4,5,2,2,2,5,4,3,3,4,4,2,2,
8194,6086,5511,6316,618,7627,3564,6575,9296,6322,5754,---5,5,2,2,2,5,2,5,5,4,2,
4819,3619,9270,5830,6599,1391,3600,691,1238,28,5893,---2,5,5,2,4,4,5,3,2,3,3,
1488,9540,7943,2544,9492,5749,5174,9912,917,7422,1823,---4,2,4,2,5,5,5,4,5,5,5,
4115,2763,7171,3206,5350,7275,6755,6100,6819,3894,9272,---2,2,3,4,4,3,4,3,2,2,4,
4102,7846,3783,8075,1202,5141,2103,1465,6011,6972,829,---3,4,2,2,3,5,5,4,4,2,4,
2787,8907,1035,462,9040,9426,2678,4824,1115,4605,---2,3,5,4,2,5,4,5,2,5,
576,8065,7174,257,3797,4086,9848,6079,7741,9685,---2,3,5,4,5,5,2,5,2,4,
9667,9252,6891,912,2835,981,6937,7258,8540,8767,---3,5,5,4,2,2,4,3,2,4,
5185,4358,9191,6312,1227,461,6196,2645,2455,---4,2,5,2,3,4,2,5,5,
2433,66,9895,2056,1802,1646,3439,9501,8862,---5,4,2,5,2,4,4,4,3,
997,394,9675,5996,4752,9207,2520,4413,---2,4,3,2,5,5,5,5,
3019,6354,624,9362,2614,984,9913,1086,---3,5,4,3,3,2,5,5,
3529,3818,2091,2061,980,5465,5786,9116,---2,3,4,3,5,5,3,3,
3008,9314,9129,1442,5623,4826,4636,2493,---3,4,5,3,3,3,2,2,
9601,3749,8097,6634,1134,8143,4536,4794,---4,2,3,3,5,2,5,4,
5633,3332,7868,7152,3667,1471,3356,1919,---2,2,3,5,3,4,3,3,
6662,8171,1260,1615,6960,2551,2073,3547,---5,2,3,4,5,5,3,5,
7748,6698,6576,2290,5203,4502,4888,9247,---2,5,2,5,5,2,4,4,
3297,1292,524,5469,9169,1065,3997,1053,---3,5,3,3,4,2,5,2,
9796,6791,1818,1806,5459,6073,9850,253,---3,4,4,2,2,2,2,3,
9316,1222,4017,9034,6311,3950,1329,4402,---4,2,2,5,4,2,5,5,
8576,258,1675,1429,8220,6686,5158,167,9768,6057,1842,309,9786,5309,62,2016,589,3792,6484,6112,336,356,6376,8427,4975,6952,8437,6390,6391,4604,8831,---2,4,3,4,3,4,2,4,2,3,2,2,3,2,2,2,3,3,4,2,5,5,4,4,4,5,3,2,3,5,3,
9988,5897,5614,7960,5530,1056,9890,7211,4270,2353,5619,265,1849,8252,4929,452,4814,6748,6885,1889,8421,357,4713,9581,6894,3315,8052,760,3833,---3,3,4,3,5,3,4,3,3,4,4,3,2,4,5,2,4,2,5,5,4,2,2,2,4,4,2,3,4,
8608,8353,3939,8005,2312,4425,3274,6412,6898,271,2738,8591,4521,7128,1786,7067,1980,1182,3397,---2,3,2,2,4,5,4,4,5,3,3,2,4,4,3,3,5,5,2,
4352,6369,4964,6470,1353,778,3693,8942,7728,1450,307,3406,8054,5112,953,6523,1418,4533,---3,4,4,3,5,2,4,2,5,4,4,5,3,3,3,4,2,3,
9600,3524,3458,6436,7878,6,6785,9834,5771,5676,8880,5472,409,688,6716,8573,1438,---2,3,2,4,3,2,5,3,3,5,3,2,2,2,3,2,3,
9282,6947,4644,2492,1674,5292,13,3023,6929,5487,5453,9624,8571,9532,8863,---2,5,3,5,3,5,4,2,5,3,2,3,4,4,4,
8387,421,6762,1739,2574,5295,2225,1781,2071,6427,9177,4079,7740,1002,---5,2,3,4,2,2,5,3,5,4,4,2,3,3,
5312,9345,5570,5411,6481,4621,2673,466,1557,1976,4825,2554,9947,8638,---5,5,4,5,4,3,3,3,5,2,3,2,3,3,
3330,552,3915,6351,881,7378,1491,2709,6263,8056,186,9080,6431,---5,3,4,3,5,3,3,2,2,3,3,3,3,
7590,1319,2952,9865,2448,7633,149,6998,7418,6620,6909,4735,---5,2,4,3,4,3,2,3,2,5,2,4,
9411,7785,3978,5547,7474,6198,5976,4953,9595,2845,3262,---2,4,4,5,4,3,3,5,4,3,4,
4513,1701,7213,2445,5584,8466,2131,3956,3095,1084,3806,---5,5,3,5,3,3,3,3,2,2,3,
130,7267,3333,6600,8779,913,4530,8697,6074,3867,122,---4,2,5,5,2,5,3,5,5,4,5,
6498,3942,6151,3676,9378,7601,6750,8606,4476,8574,---4,4,3,2,2,3,4,3,3,4,
2976,4740,4389,2665,9878,2863,2064,9110,8953,9087,---3,3,5,5,4,2,4,2,5,4,
1414,5480,5227,1228,6895,3537,2130,1204,340,158,---3,2,2,5,4,3,3,2,5,2,
5347,2183,845,8783,4242,9875,22,824,3964,---3,2,2,3,4,2,5,5,3,
4293,964,8837,240,4081,5528,9372,6501,---5,5,3,4,5,5,5,2,
736,9541,8944,402,1523,4090,4444,2047,---2,4,2,4,2,4,4,3,
7489,7652,4390,6670,9684,5879,4446,2431,---4,4,4,4,3,4,3,5,
4928,9679,8312,2198,1528,9594,2842,---3,2,2,2,3,3,4,
5381,8167,8428,306,8281,9852,7294,---2,2,5,5,2,5,5,
6155,612,2761,5515,8533,1047,2916,---4,4,5,3,2,2,4,
8609,2693,1972,725,8223,6229,2565,---5,2,2,2,2,4,3,
8324,9223,1610,9744,5489,5912,9946,---5,2,4,4,4,3,3,
9289,6571,5684,6675,3252,9753,5967,---5,3,2,3,4,2,3,
6565,1832,5166,304,2229,349,7582,---2,4,4,5,3,3,3,
5859,4996,5097,6635,2932,4504,2655,---3,2,3,4,3,3,5,
305,9233,213,2390,5463,1851,5525,---4,2,2,5,5,5,3,
6113,738,5510,673,7185,1524,1503,---2,5,2,4,5,4,4,
6720,8736,77,5939,505,5978,4669,---2,5,3,3,4,5,4,
3163,2154,8912,8337,1042,91,9020,---5,3,5,3,2,4,5,
1954,7112,4834,1775,9462,9593,9135,---3,4,5,5,4,5,4,
900,6535,9993,7563,4880,658,2199,7044,7966,9632,675,3622,553,5035,1719,6587,3268,459,2126,6225,4185,4573,3552,9956,366,6012,1149,3071,---4,4,2,4,3,2,3,3,3,2,4,4,2,3,4,4,3,3,5,2,3,2,2,4,3,4,2,2,
43,8710,8587,8719,2321,1428,9365,2462,548,7719,6824,1579,6325,8891,5437,4789,3273,7760,3486,481,3811,8805,2669,1908,3958,---3,2,4,5,5,2,4,3,5,2,5,4,3,3,3,5,2,5,4,2,4,3,2,5,4,
5889,2824,3216,6291,4373,411,5670,5931,686,8637,9025,4678,8651,4045,3159,1499,2143,7010,7078,9833,6636,3566,1777,6644,---5,4,4,4,4,2,3,3,4,3,2,4,5,5,3,4,5,3,3,4,2,4,4,2,
2305,3976,5655,8589,4110,7958,279,2200,5403,4897,2213,8237,5310,6849,4558,3034,7393,7650,8038,2417,3445,4856,6525,7166,---2,3,2,2,3,5,2,2,4,5,4,3,2,5,4,4,3,2,4,2,4,5,2,3,
8928,4002,5283,4486,9585,7464,5644,3116,9922,3022,8301,2769,8788,9644,8023,6072,985,6714,4063,1759,7615,---3,4,3,3,3,2,2,5,2,3,2,2,4,3,2,3,5,3,2,5,4,
6625,2788,2032,471,8679,1352,9449,5706,4491,3215,1520,9521,8307,2084,1239,8729,2874,9884,9086,2425,---3,4,2,2,5,5,3,2,4,2,4,3,4,2,5,2,4,4,2,4,
5552,2052,2487,9864,6601,7914,75,9325,4612,685,8976,8082,8211,1846,7017,7096,6916,3323,7613,5982,---4,4,2,3,5,3,2,5,5,3,4,4,3,4,5,2,3,3,3,3,
8544,7233,2530,4459,9575,2345,3050,1195,1548,6126,7569,1874,3860,565,7480,4441,1882,9077,---3,4,2,3,4,4,4,2,3,2,3,5,4,5,4,4,2,4,
3205,3106,2723,7717,2730,3468,1218,3741,2392,3955,1652,8117,7030,280,3732,1631,1533,9855,---3,4,3,4,5,4,2,5,2,3,3,5,5,2,2,3,2,2,
6690,8931,7705,6725,6503,9544,2439,6734,4029,2802,7470,2871,7192,9977,1277,---5,3,3,3,4,3,5,4,2,4,4,5,4,2,4,
7904,6496,9611,8201,2954,6283,716,2525,8754,6419,8949,5526,3759,490,7998,---4,5,2,3,4,5,3,5,4,3,3,3,5,2,2,
1511,2635,1580,2349,664,3571,6133,2905,2104,8825,4282,7163,5726,9535,---2,2,3,5,2,4,5,3,4,2,3,5,3,2,
8002,2146,6246,2355,8522,556,8269,5393,9491,634,8764,2890,---3,5,3,3,2,4,2,3,3,2,5,3,
6209,4323,1256,8139,4381,4123,4758,6233,4379,6460,3005,---5,2,4,5,4,4,5,3,4,3,5,
8898,8459,6596,8294,4651,5741,8206,8529,9141,2522,6653,---5,4,2,2,5,3,2,2,5,2,4,
8011,4111,5432,9711,404,7191,1816,2105,5211,3293,6462,---5,4,3,5,2,3,3,2,4,2,5,
4289,6855,6699,7597,8445,8149,1560,6364,4893,4574,1375,---5,2,4,5,5,4,2,2,3,3,4,
2208,8417,5542,7430,7089,3668,9398,7864,4217,3454,1663,---2,4,5,3,3,2,4,5,4,3,5,
1986,491,1463,9386,1975,9101,2354,9591,6170,1914,1854,---4,2,2,3,5,2,2,2,3,2,4,
5392,5161,5674,1867,3888,3345,466,8275,9493,2204,1205,---4,4,2,2,5,3,3,2,3,3,5,
4256,3233,7778,2533,3691,6865,9778,2995,7323,9374,---2,5,5,3,2,4,5,3,3,2,
7621,3208,4266,4109,3730,7539,5172,4760,7324,159,---5,3,5,4,4,3,2,3,4,3,
8067,73,1738,7825,7091,3700,23,2649,7482,4410,---4,3,2,3,2,2,3,3,4,5,
321,7234,259,5329,6504,6505,6540,5872,8840,9010,---2,2,3,4,3,3,3,5,3,2,
8224,8769,8900,330,1102,690,1588,7438,1300,7420,---3,4,4,3,2,5,4,2,4,4,
0,9220,933,1037,434,2195,4213,8790,24,8829,---3,3,5,4,4,5,4,2,5,4,
7461,7303,3402,3764,9718,537,8316,1694,5951,---4,5,2,5,2,3,5,4,2,
6659,2053,4326,6664,6377,2222,4593,6388,7037,---4,2,5,4,5,3,5,4,4,
1605,8618,1746,2547,9209,9240,2489,3099,5084,---3,4,4,5,2,3,3,3,2,
2915,5331,6471,4169,4300,8483,5747,4470,3971,---4,2,5,3,3,5,4,2,5,
1952,803,81,3479,1144,1881,1661,8894,7455,---3,3,2,3,2,4,2,4,4,
7841,5474,9190,171,1199,6353,3702,5624,9435,---3,3,2,5,2,2,5,3,5,
5665,1351,4434,6127,7280,7634,9558,3055,---2,4,4,2,5,4,5,5,
9924,5477,8072,9260,3757,1870,5391,9725,---4,5,5,4,2,4,5,4,
8961,4298,4370,6224,8818,7443,9629,---4,4,4,5,5,5,2,
9193,9866,3859,1758,2774,9848,8766,---2,4,2,5,2,2,2,
5251,2252,9167,1043,7512,6330,7899,---2,2,5,3,5,2,4,
4192,2370,8967,3404,7948,8688,---5,2,4,4,5,5,
615,7656,3276,6702,3640,4062,---4,4,2,3,2,2,
4032,5239,1840,4919,2226,8823,---2,2,3,5,4,4,
7906,5316,8204,7124,8118,484,---4,3,3,2,3,5,
5761,4162,5478,267,7638,3291,---3,4,4,3,5,5,
3107,2743,8013,2221,1717,4599,---5,5,2,4,4,5,
7936,6243,5483,5711,8339,6740,---3,5,5,5,5,3,
5664,1544,8363,5837,7921,4946,---2,3,3,3,2,5,
704,5286,4936,8813,465,8406,---3,2,4,3,3,5,
1344,2210,1381,1004,8624,724,---4,5,3,4,5,5,
9506,5924,1070,2256,695,2712,---4,4,2,3,3,3,
3522,9987,2280,9276,7510,3228,---2,2,3,5,3,2,
613,6710,8663,9338,3838,5279,---5,4,3,3,3,2,
1226,6259,470,6487,9659,4350,---4,5,4,4,2,5,
9824,6760,7471,84,7513,3324,---3,5,4,2,3,2,
1857,8328,9843,8463,5971,1142,---2,2,2,3,2,2,
7716,8806,1901,2832,789,6363,---4,3,2,3,4,2,
7302,5642,4619,9358,9367,3868,3485,5254,6129,7466,9391,5554,3769,4247,8000,9926,5321,9804,6993,4694,8151,608,6241,9829,1649,499,4985,---3,3,4,2,4,4,4,4,2,3,5,5,4,5,2,5,2,3,3,2,3,5,5,3,3,3,2,
8064,774,5400,2322,4116,2453,3480,3354,2338,2726,3501,3386,6208,4684,3320,3031,5208,5468,4064,100,6117,6005,504,---2,2,3,4,4,3,4,3,3,4,4,5,2,4,3,5,4,5,3,4,2,2,4,
6021,137,7203,6822,2855,4776,7342,4144,4146,4917,8374,4280,1470,3521,3554,5198,7893,1751,9054,610,9708,9197,5875,---3,4,4,3,4,2,5,5,3,2,5,4,3,3,3,3,2,3,3,3,3,3,2,
3264,6896,863,9351,1805,4622,7600,3066,6834,1651,1014,7767,6776,5114,4539,7260,9245,4639,---3,3,5,4,2,3,3,4,4,4,2,5,2,5,2,2,3,3,
5536,4353,5154,6563,3044,4291,9767,8648,7408,6508,1282,144,7880,8115,2473,6745,5436,2622,---4,2,3,3,2,3,3,2,5,3,5,3,3,2,4,2,2,5,
8960,6882,2372,3589,4361,4427,1836,2382,4431,3280,786,1366,5719,7448,2596,2838,3461,---5,3,4,3,2,3,4,3,3,2,2,3,5,2,4,3,2,
5979,3108,9382,2246,3528,5929,1099,1380,3597,847,2608,9719,4377,7803,8668,---5,5,5,3,5,2,3,4,5,2,2,2,5,3,4,
9952,3074,3755,4235,1196,1359,1219,3669,7382,2904,4543,5340,2653,1461,---3,5,3,4,4,5,3,5,5,5,5,2,5,5,
6304,3172,4166,2438,7722,3790,3768,3059,4728,9060,5755,8989,7838,2687,---5,2,5,2,5,2,2,4,5,2,5,5,3,2,
6432,4678,3112,1961,8074,3180,2478,3567,8435,2010,915,8637,4051,---5,4,4,3,5,4,3,3,2,2,3,3,3,
6532,8231,4680,843,8812,1981,2545,4982,7543,7612,3133,3935,---2,2,3,2,2,4,4,4,2,2,3,3,
3681,3170,6851,8444,1578,8170,7811,2967,5497,8412,1437,831,---2,5,5,2,3,3,3,3,2,2,4,2,
8804,7879,5052,9262,9328,661,9528,7673,90,2076,9109,---4,3,2,5,4,4,2,3,5,4,4,
4962,9755,1878,5546,3470,9745,822,7126,4634,4347,6902,---2,4,2,5,3,4,4,5,3,3,2,
9668,6373,7529,268,5069,817,2066,4182,7743,---4,3,2,4,3,3,2,4,5,
482,4156,7820,5362,5305,314,7068,8797,---4,5,5,2,5,3,2,4,
1251,3204,9733,4745,7658,7212,1496,3898,---4,5,5,2,5,5,3,5,
5713,6314,7537,6672,1393,1662,4409,5694,---3,4,4,4,3,5,2,5,
4837,970,1711,1298,627,761,5531,---5,3,2,5,5,2,5,
6085,5705,7978,8783,823,1272,---2,4,4,3,2,5,
604,7781,9,5966,2743,2684,---4,5,4,5,5,2,
9984,5890,2916,3336,2957,5150,---5,5,4,4,5,2,
5938,2415,7853,5622,277,---3,5,5,5,5,
6290,3239,405,5315,583,---3,3,3,3,2,
1017,7535,3940,477,6559,---3,2,4,4,3,
8489,3047,4341,2606,353,---3,5,2,5,2,
6025,684,805,8828,5621,---3,2,2,5,4,
4970,8723,9293,2555,1167,---2,3,5,5,3,
2872,7665,8778,9579,2953,---2,2,5,2,4,
1224,8640,1156,4174,31,---5,5,2,5,2,
1618,2188,4037,5790,3701,---5,4,3,3,4,
7490,1723,3739,4690,6493,---2,5,4,4,5,
3,8068,4742,7177,6925,4750,2575,8216,7058,8595,536,2586,9889,7971,5412,8614,1194,2604,4657,692,2999,8378,5821,8524,6988,5197,6733,782,4059,5733,1760,4963,9126,7399,5135,5742,76,376,637,---3,3,5,4,4,3,4,4,2,3,2,3,4,5,4,5,5,3,3,2,3,2,2,2,5,5,5,3,2,3,3,5,4,4,2,2,2,2,3,
2944,4097,2309,2311,2313,2570,6668,4241,6446,9369,4124,3101,5666,3363,4260,6949,9255,924,2862,3507,9353,6458,5955,8271,3665,9559,1373,9440,3937,4325,5351,5225,3961,---2,4,5,5,5,5,4,5,2,4,5,5,3,2,5,5,5,2,3,3,2,2,4,3,2,2,2,2,4,5,4,4,4,
4100,8327,5898,2834,3987,7193,541,6560,2598,2735,3760,6965,4663,4882,8772,8389,1869,7246,1554,1620,9577,6893,5234,3827,247,9976,5626,---3,3,3,3,5,2,5,4,4,2,5,3,4,5,5,2,4,2,4,5,5,5,3,5,5,2,5,
4354,5013,790,1559,6703,7712,3745,674,2982,3243,8367,2737,181,3014,840,5580,844,5965,6095,2642,988,8031,5997,3375,1138,1527,---2,4,2,5,2,4,3,3,2,2,3,2,3,5,5,2,3,2,2,5,3,3,5,5,4,4,
7042,2442,5390,7312,1939,5793,8617,435,7988,6900,5692,8259,5704,7759,4438,7768,346,4448,3251,5607,4074,3054,2548,2039,2552,2815,---2,2,3,3,4,5,2,2,3,5,5,3,5,5,3,3,5,2,4,5,4,4,3,3,2,5,
2564,5904,1171,7062,1687,795,8475,4516,1831,7336,4011,2092,3629,1969,4914,3646,9795,3540,4839,489,4714,4338,3572,1402,8702,---4,3,2,5,3,2,2,4,2,3,4,5,4,2,5,3,3,4,4,3,2,3,5,5,5,
5120,6671,6935,6810,1436,2083,682,8747,952,9915,7776,7241,4950,1624,5852,7008,5608,2412,753,8436,8568,250,8315,6141,---2,5,4,4,5,3,5,4,4,3,2,3,5,4,2,3,5,4,2,2,5,3,3,5,
4864,523,9614,400,672,4913,6830,3504,5169,6068,950,5304,9660,9407,4807,5323,1494,8034,7532,2542,4085,3447,1599,---5,2,2,4,4,4,2,3,5,3,5,2,4,5,4,5,3,5,2,3,3,4,2,
1562,3355,7327,1452,8246,7992,9273,6973,4672,9428,5850,2139,861,8161,228,9957,7151,3445,6519,6264,9044,7166,---2,4,5,4,4,3,2,5,4,2,4,5,3,5,3,2,5,4,4,3,5,3,
2592,1570,1379,4164,2213,3976,3420,332,5778,3795,3796,3157,1814,9015,2200,5403,7964,957,5310,---3,2,3,4,4,3,5,4,4,4,3,2,2,5,2,4,3,3,2,
5248,8190,4068,9702,5287,3656,6451,7370,8087,2764,3666,6609,7762,5555,6997,3255,5210,2811,3934,---2,2,2,4,3,3,4,2,4,2,4,4,2,3,3,3,4,2,3,
7584,9186,6786,963,3300,9094,8459,3586,9134,5456,8529,8562,9364,951,4408,218,1404,6653,8898,---2,4,3,3,4,3,4,4,2,4,2,5,5,3,5,2,2,4,5,
5987,389,2323,1930,3451,2227,4878,7279,7954,3907,6738,9774,2646,1271,6683,5276,5246,6335,---5,5,3,2,5,2,4,5,5,4,2,3,5,2,4,5,5,4,
5153,8099,6681,4902,4230,426,7150,7965,1048,3702,7991,7032,345,8026,7035,9404,6666,9561,---2,5,3,3,4,5,2,5,4,5,4,3,4,5,2,3,2,4,
1473,7138,1787,6566,5612,6542,783,9489,2356,382,855,6875,540,1021,8414,9759,---2,5,4,4,4,4,3,5,2,5,4,4,5,5,5,3,
8608,9900,9861,8012,1740,2922,6412,5101,271,2738,8591,4795,8794,5051,1182,---2,5,3,3,3,4,4,3,3,3,2,2,2,5,5,
6402,1169,9133,4587,4365,2958,2287,9809,4935,3187,4216,7352,3549,---3,5,4,4,2,4,5,4,4,4,4,4,4,
385,7429,4998,5217,4555,2350,4208,689,9182,5238,4092,9598,2101,---4,3,3,2,3,3,5,4,4,4,2,3,3,
2561,8325,1607,5484,5450,9548,207,3920,3282,2260,8183,5339,5374,---4,2,2,4,5,2,5,2,5,5,5,3,4,
3906,5795,3590,5030,9485,9104,2531,9940,9813,4214,4884,6623,4757,---2,4,3,2,2,4,5,5,4,4,3,3,5,
7041,3139,7916,9414,1127,8396,2444,3120,7617,8854,5560,1273,95,---4,3,5,2,3,4,5,3,5,2,2,3,2,
2817,6123,2534,6502,7720,2666,8043,2257,3762,5236,2613,6647,1973,---4,5,3,5,4,3,5,2,2,5,4,3,2,
9259,7878,1063,9596,4811,6606,5341,3569,6633,2171,6716,6013,---5,3,3,4,2,3,2,5,2,4,3,3,
561,545,3203,6852,1124,5610,785,3171,4853,707,1113,6717,---5,4,5,2,4,5,2,2,3,2,5,3,
6561,4226,9363,9612,4177,9522,8883,503,7288,7038,2451,---2,4,3,5,5,2,2,4,2,5,3,
8,2602,4973,5395,8047,7698,3155,3865,9625,3903,4959,---5,2,2,5,5,3,5,2,3,3,4,
3951,2081,5443,2088,3119,3948,5551,1906,5683,5557,9743,---4,4,2,3,5,2,5,5,3,4,3,
8865,4387,7434,1483,7792,6163,4344,3801,4829,7646,3391,---3,2,2,4,4,2,2,3,5,5,3,
5888,1187,5916,9263,8752,2708,5881,5498,6459,4924,3902,---4,5,5,4,4,4,4,4,2,3,5,
4480,2698,5036,557,4272,8310,8089,6874,6715,1788,1150,---4,2,2,4,5,4,4,4,3,2,2,
9632,2466,1765,1286,8270,5998,5631,1149,350,7263,---2,3,3,2,4,4,4,2,5,5,
1601,35,9284,8937,3242,6595,8430,5521,9875,6422,---4,5,4,2,4,5,3,5,2,5,
8859,4550,9416,3275,5775,7920,6104,154,6203,1052,---4,3,4,4,5,3,4,2,4,5,
8385,5828,8647,8776,1417,1451,9235,2484,4822,4568,---4,4,2,3,4,4,4,4,5,5,
1440,5253,9030,7758,1041,3410,7412,8700,7262,---3,4,4,3,3,3,4,3,4,
4832,1537,9028,7589,2087,5513,5869,6608,854,---5,5,2,2,5,4,5,2,2,
6912,9765,7400,8233,7628,7789,5934,8879,407,---4,3,5,5,3,3,4,3,5,
7552,8226,6790,1388,1295,2768,8274,726,7709,---4,2,3,5,3,5,2,2,4,
8195,5814,2536,1161,1387,1165,3030,5911,2234,---3,2,4,3,4,4,2,3,4,
9600,3458,6436,146,409,7066,2941,6590,---2,2,4,2,2,4,2,5,
3905,7143,2312,8297,3274,1517,4053,4127,---4,4,4,5,4,2,2,2,
128,5895,3371,6350,4623,116,4119,3930,---2,3,3,4,2,4,2,4,
311,1639,5111,4786,4114,8983,2265,3679,---3,3,3,4,2,4,4,4,
450,742,3431,6132,1877,4089,8410,9461,---5,5,2,5,3,2,5,3,
6722,5028,9741,3087,8152,3771,7645,383,---3,4,3,4,4,4,4,2,
8674,4901,710,2571,396,3983,7923,2456,---2,2,2,4,4,2,3,3,
227,4838,649,5367,3512,2426,5244,7389,---3,2,4,4,3,4,4,2,
6980,8486,3080,2314,474,668,---2,5,5,5,2,4,
7558,7498,4818,9146,1117,9214,---3,4,2,2,3,5,
2912,2241,7586,582,534,7230,---2,5,3,3,2,3,
8265,5618,5107,8718,4055,---3,2,3,2,4,
9137,7363,3164,4693,6375,---3,2,2,4,2,
8974,2367,2413,9878,3533,---3,3,5,4,5,
8664,5306,1933,9053,---2,3,3,2,
2657,5049,3302,7777,---3,2,4,4,
1378,4418,8542,2381,---3,2,3,4,
472,3360,3491,4686,---2,2,4,2,
771,9606,6296,6938,1993,7581,7460,4906,4524,9649,9906,8373,3254,2359,6584,6075,6976,3140,6854,2121,2251,8527,5586,4947,1369,2138,7901,5088,4706,1253,9960,2539,5230,5096,---5,4,5,4,2,4,3,2,3,5,2,3,4,4,5,2,5,3,3,3,3,3,4,5,2,4,4,5,2,5,2,3,2,4,
897,7682,5765,2568,4493,1422,3855,274,5268,6551,2969,2336,8743,6956,1326,4529,7477,56,4157,706,8899,2636,7504,728,1885,609,231,999,4724,3959,2939,9980,---5,3,5,2,5,4,3,5,3,5,2,2,5,5,3,2,5,2,4,2,2,2,3,4,5,5,5,4,5,2,4,3,
134,6537,3735,5273,1689,4251,6172,670,7839,7456,923,9253,38,8232,7077,3515,1468,9967,9925,5838,6869,1370,5596,7391,5481,6763,4717,6383,4595,510,---2,3,3,5,4,2,3,2,5,5,3,2,2,5,2,2,5,5,5,4,4,5,5,5,2,4,5,4,5,2,
6657,8708,5893,399,275,8092,7187,6433,5923,9645,691,3380,4791,4664,4414,1225,5195,3278,9784,8658,3283,5716,4819,7264,4711,2664,750,4463,2387,---3,5,3,4,5,2,5,2,2,2,3,3,4,4,4,4,3,2,5,4,4,3,2,2,4,3,2,4,3,
8576,2701,3608,8472,6686,8611,1828,5158,167,9768,6057,2610,9786,8649,589,7245,8666,356,6376,1386,8427,4975,6952,8437,6390,6391,4604,8831,---2,2,3,2,4,4,4,2,4,2,3,3,3,2,3,2,4,5,4,4,4,4,5,3,2,3,5,3,
6938,4253,7460,4906,4524,9906,4142,7581,3378,8373,2121,6584,6075,3140,6854,7113,2359,8527,5586,4947,342,7901,7525,5220,1253,1900,7533,7541,---4,4,3,2,3,2,2,4,5,3,3,5,2,3,3,2,4,3,4,5,4,4,2,3,5,4,3,5,
5121,3202,5650,6292,6549,538,9882,7969,6444,6770,7345,50,7222,446,5702,2593,8653,9299,5335,2012,1245,4196,4844,9455,2930,4798,2040,---4,4,5,2,2,2,2,2,5,5,2,4,4,3,4,4,5,5,3,2,4,3,3,5,3,4,2,
5120,522,6671,6935,6424,6810,682,5422,952,8436,9915,7008,1477,7241,3660,4950,5852,5086,7776,6381,4340,8568,250,8315,6141,---2,4,5,4,4,4,5,5,4,2,3,3,5,3,4,5,2,3,2,3,4,5,3,3,5,
2951,6409,9880,7203,6822,4776,8108,9516,7342,4144,8376,1470,3521,7893,1751,8024,1628,9054,3554,9708,5875,380,---3,5,4,4,3,2,4,5,5,5,2,3,3,2,3,2,2,3,3,3,2,4,
3520,4432,9218,2979,2468,4677,3761,1020,6378,7120,8145,5714,2780,5494,8695,2624,7577,8154,7364,5797,---5,2,4,3,4,2,2,2,5,3,3,3,5,3,3,5,5,4,4,5,
2849,1730,2661,7238,103,5964,9897,4331,4268,8369,8242,9175,5589,758,9943,4186,6230,7165,9694,1093,---3,3,3,3,4,4,4,4,3,4,3,3,5,4,3,5,4,3,3,3,
2880,8240,4443,3972,8176,9383,4681,7808,7309,7023,592,3153,6962,9686,8704,6169,314,3611,7068,3742,---4,5,4,4,3,5,4,2,5,3,4,2,2,5,4,4,3,3,2,5,
6257,9088,7251,867,260,1137,3111,9162,8359,6439,2990,9764,4944,6673,8659,9014,4939,5785,5628,1246,---3,4,4,3,2,3,5,2,4,4,4,4,5,3,3,4,4,5,5,5,
8800,51,1314,4515,7493,4999,5353,8254,1324,7021,3409,2803,6516,4318,663,7961,5338,6267,4094,---5,4,4,4,4,2,4,5,3,3,5,5,4,3,3,2,5,5,3,
6689,2019,6533,4008,7208,4170,9547,1356,6223,5681,5192,2358,5371,5336,7001,9839,4475,8716,7583,---3,2,2,3,2,2,2,3,5,5,3,5,2,5,2,5,2,2,5,
4704,801,4419,7310,2757,3718,8449,3659,6732,2093,9422,8943,1584,3092,9454,9558,8059,1884,7344,---3,4,2,5,2,4,4,4,4,3,2,5,2,3,5,5,5,4,5,
5953,5447,4771,1863,4360,8137,8586,2891,9740,8621,5709,112,5288,979,7307,8950,3992,1748,9799,---4,3,5,3,5,3,3,4,3,2,4,2,3,3,5,4,3,5,3,
192,8962,5091,3588,9359,1257,5740,1897,527,1424,5777,2307,8212,5193,5401,4204,9179,6204,---2,5,4,4,5,4,2,3,4,4,5,4,5,3,3,4,4,5,
5153,3595,3734,3094,6666,7991,7724,1199,7376,6353,3702,2327,1048,9561,8026,9404,7965,345,---2,5,4,5,2,4,5,2,2,2,5,3,4,4,5,3,5,4,
6368,9825,1666,3366,5892,2949,4742,4812,2604,5742,637,3281,7540,782,4056,3705,3421,5733,---5,3,5,4,5,4,5,3,3,2,3,3,3,3,4,3,2,3,
8898,9186,963,8726,9094,6653,8459,2860,9869,9134,8687,8529,8342,4408,9999,5373,---5,4,3,3,3,4,4,5,3,2,4,2,3,5,5,2,
2852,4038,8006,8945,6472,3369,2187,5425,1491,5076,5974,3127,5464,3994,7805,4926,---3,3,2,3,3,3,4,4,3,5,3,4,3,2,2,5,
4880,459,9956,6535,9993,7563,5035,900,675,1143,4185,986,6555,6012,6587,---3,3,4,4,2,4,3,4,4,4,3,3,3,4,4,
3777,359,617,9514,3339,1773,4526,5715,5406,4510,6904,7483,4490,6942,4447,---4,2,5,2,5,3,4,3,3,2,3,3,5,5,2,
6455,9125,2022,9898,3210,9995,942,6802,8535,3610,6459,5020,5498,3231,---4,5,2,2,3,5,2,5,3,5,2,4,4,4,
1796,2344,2634,7927,1644,5943,9108,170,8184,5908,123,4860,3645,---2,3,4,5,3,4,4,4,5,2,2,3,5,
961,3078,5395,1000,5289,4650,5293,5710,4973,9841,9555,9655,3865,---5,2,5,2,4,4,3,2,2,4,3,3,2,
5986,3110,6695,7049,7458,5262,1299,7061,2518,3129,88,4569,---2,5,3,3,5,3,4,5,2,5,2,3,
1408,6435,6630,3900,904,3465,3563,2129,857,5402,6876,5407,---4,2,3,5,5,4,4,4,3,3,4,3,
8227,9700,6181,780,3832,179,4342,7159,4632,8281,9852,4703,---5,2,3,5,2,5,2,3,5,2,5,2,
8484,4307,7592,1641,8205,45,1336,2898,6355,8566,3096,5914,---2,3,3,3,5,3,3,4,3,4,4,4,
5409,8705,7595,8172,5553,6165,8150,5303,8344,476,5969,---2,3,5,3,4,3,4,2,5,4,4,
8738,3494,2114,3245,880,9938,7059,1529,7962,2541,6399,---3,5,3,3,5,3,4,2,2,3,3,
6050,6947,5292,9282,5453,931,9624,3835,2492,8863,---5,5,5,2,2,4,3,2,5,4,
4675,3908,3749,6634,7468,1134,9490,7795,8503,2590,---3,4,2,3,5,5,4,4,2,4,
6674,7266,4547,2150,7624,7282,784,3400,8722,5269,---4,2,5,4,5,4,3,4,5,2,
1287,5961,3882,9964,1688,4948,7799,6136,8345,4730,---5,5,5,5,3,3,5,4,2,4,
8032,2340,3599,2706,6195,4885,7876,9339,3613,2995,---2,3,3,4,4,3,5,2,4,3,
3812,165,6921,1739,8685,9070,9463,3128,2906,---4,3,5,4,5,3,3,4,2,
360,7657,8490,1997,657,2258,5588,7131,5214,---3,3,4,5,5,3,4,4,3,
9121,5636,6764,7020,7180,214,8548,9178,6076,---2,4,5,5,5,4,2,4,3,
6848,6944,7746,365,2269,3793,2424,5213,---2,2,5,5,4,2,4,4,
2156,2572,5358,3826,6899,1518,7259,1950,---5,4,3,4,4,5,4,5,
9313,4869,2065,7956,8375,4628,698,8860,---3,5,5,3,3,3,3,4,
5345,8292,5766,6638,2231,987,7516,989,---2,3,3,5,4,2,5,2,
7297,9379,4998,5217,4555,4203,2101,9182,---5,2,3,2,3,4,3,4,
7648,1793,2178,5128,5900,3437,7186,4088,---3,2,2,5,3,4,5,2,
2821,518,872,8050,3478,7386,9917,---5,2,2,4,3,3,3,
416,7202,870,5738,5229,4401,8030,---5,3,5,5,5,3,2,
2464,7073,3753,5324,4527,3453,4383,---3,4,5,4,2,3,5,
6307,8487,3319,8280,5819,3804,5503,---2,5,4,4,3,3,3,
9504,8354,9026,4020,4053,1659,4127,---4,5,3,3,2,2,2,
5797,9830,7536,5494,7097,8986,---5,2,4,3,3,5,
9283,6628,2277,3814,9075,312,---3,5,2,2,2,2,
2113,7268,3722,1879,6807,5956,---3,5,3,2,4,5,
8033,9667,7660,6926,6937,8765,---5,3,4,4,4,5,
3938,899,6058,2562,313,7005,---2,2,4,2,3,2,
8162,7980,9997,432,628,4151,---3,3,3,4,4,5,
272,8324,7178,9744,5492,5912,---5,5,4,4,5,3,
2502,5463,5525,2775,8187,213,---2,5,3,3,2,2,
1528,3088,9594,6054,2254,---3,3,3,3,3,
2784,8628,3523,108,6199,---3,2,3,4,3,
2628,3267,2132,7286,2111,---3,4,5,3,3,
8268,1042,91,8724,2894,---4,2,4,5,5,
5992,7521,5147,500,6861,---4,4,3,4,3,
2848,3474,1911,5037,679,---4,3,2,5,5,
9824,7100,6114,3324,9639,---3,3,2,2,2,
1648,1858,381,---3,2,3,
1176,3401,6886,---2,2,2,
7426,939,3348,---2,2,2,
8536,9642,3574,---2,2,2,
4226,7683,5638,6922,6799,5520,1940,1049,2202,6045,4640,6561,4642,7515,8741,1830,4904,6578,6301,560,8753,9522,6835,2164,2747,5564,4030,8512,3265,4546,8003,4808,6735,4177,4050,5975,4440,4687,655,225,9705,1772,494,1007,3444,7038,---4,5,3,4,5,4,2,4,5,2,2,2,5,4,4,5,4,5,5,4,3,2,3,2,4,5,2,4,3,3,3,2,4,5,4,4,3,3,4,3,2,3,2,3,2,5,
7809,2950,4999,4104,4617,7821,6805,4758,663,4379,4381,8001,5663,928,1314,4518,8878,6941,5040,8300,6071,6209,3409,4323,93,4318,4451,1256,8938,6892,7021,7891,9460,4094,---4,4,2,4,2,5,4,5,3,4,4,4,2,4,4,5,5,3,2,3,2,5,5,2,5,3,3,4,3,4,3,2,5,3,
771,390,6296,4548,6938,1993,7581,8991,7460,2725,3625,4906,4524,9649,9906,8373,2359,6584,6075,3140,6854,2121,2251,8527,5586,4947,342,2138,7901,5088,1253,5096,5230,---5,3,5,3,4,2,4,2,3,5,2,2,3,5,2,3,4,5,2,3,3,3,3,3,4,5,4,4,4,5,5,4,2,
3464,5772,3729,5016,921,1949,2719,3878,5535,683,1325,7860,6586,9275,9021,6977,1478,6984,4937,8951,8141,6096,8785,6612,1374,8543,9443,7441,1141,2423,4753,6775,---5,4,3,5,4,4,3,5,5,2,4,3,2,2,3,2,3,5,2,5,5,5,3,2,3,5,2,5,2,4,2,5,
4738,2691,3593,3850,1553,3221,9301,1183,8480,5666,3363,3876,7082,6317,3507,9280,5832,585,3362,9173,4184,9309,8416,4219,7313,8682,2667,748,6131,3967,7509,---5,4,5,4,2,2,3,5,2,3,2,4,4,3,3,4,3,5,5,2,5,2,4,3,3,5,4,5,5,3,2,
8839,1803,2319,9876,6037,9244,5792,2375,9891,4137,6442,9387,3633,819,5813,5944,1212,4661,11,6726,8903,3912,7882,1234,8604,4461,7919,9204,8053,---5,3,3,5,5,3,4,3,5,2,3,3,4,3,4,3,3,4,4,5,2,5,2,4,2,5,2,2,3,
131,7300,4871,4618,6160,6546,4890,7588,1829,4778,8112,4148,6838,3261,577,8758,838,328,1481,2122,8802,9944,6489,1242,1634,4592,4981,8954,4138,---4,5,5,4,3,2,4,3,5,2,2,2,5,2,2,5,4,5,5,2,2,4,3,3,5,3,3,5,4,
131,4871,4618,6160,6546,8222,9887,7588,1829,2983,297,4138,8112,4148,6838,3317,577,838,328,1481,1634,6742,9944,6489,1242,8802,6128,4981,8383,---4,5,4,3,2,5,5,3,5,5,4,4,2,2,5,4,2,4,5,5,5,3,4,3,3,2,4,3,4,
9614,5264,672,5169,6830,3504,4913,950,5304,9660,9407,4807,1749,1494,8539,1244,8034,7532,2285,2542,8303,4083,4085,1526,3447,3839,---2,5,4,5,2,3,4,5,2,4,5,4,4,3,5,2,5,2,3,3,2,3,3,5,4,5,
6656,6153,3851,3982,3885,5138,5018,8100,3117,2864,9783,2490,1346,4549,4304,723,7134,9185,5219,2404,7016,8940,3829,2167,3706,---2,5,3,3,3,2,5,5,3,3,4,2,2,3,2,2,5,2,3,4,3,5,2,3,3,
1797,667,8221,7838,8989,4658,5685,3768,1083,6347,3790,1016,7118,4577,3172,7409,3059,4728,6650,5755,3581,254,2687,---5,4,5,3,5,5,2,2,5,3,2,4,3,5,2,2,4,5,2,5,5,4,2,
7940,776,3467,8592,4895,9770,4781,1074,8887,3399,8910,6994,7256,5083,6906,5648,5730,7913,9324,1525,1658,2556,9727,---2,5,3,5,5,4,5,5,4,5,4,2,4,2,4,3,5,5,4,4,2,2,3,
6919,8712,9482,6414,5827,795,671,1953,1073,7347,195,967,2509,5968,3921,96,9057,3683,2020,5354,236,248,---4,2,5,5,3,2,5,5,3,4,3,4,4,3,5,5,3,2,4,5,2,4,
6277,135,9480,1931,5266,1692,3620,2854,1208,2745,448,8129,1737,1354,1611,9165,6757,9063,3316,9975,1401,1660,---5,5,5,4,3,3,5,3,3,4,4,2,2,4,3,4,2,3,5,3,3,4,
7888,4195,6533,6689,7208,6223,9547,1356,1038,8079,6416,5681,2358,7475,9839,5371,5336,7001,7583,4475,2019,---4,2,2,3,2,5,2,3,4,4,4,5,5,3,5,2,5,2,5,2,2,
5595,1093,7238,4268,4331,5964,8242,8369,3122,9897,8245,6230,9175,5848,4793,4186,6235,7165,9694,2879,---5,3,3,3,4,4,3,4,5,4,2,4,3,2,3,5,5,3,3,3,
9954,7939,4261,7047,8532,5514,4271,7984,9266,5491,8564,2263,1785,5338,6267,4052,8733,3422,7493,---3,2,4,4,2,3,2,2,2,3,3,4,5,5,5,3,3,4,4,
5536,4353,5154,4291,3044,3655,8648,7408,2058,6508,1282,205,144,7880,7570,8115,3326,7548,2622,---4,2,3,3,2,3,2,5,5,3,5,2,3,3,3,2,2,5,5,
480,3649,2049,1095,3144,7625,653,398,1103,9000,5650,6549,1769,121,9882,6959,1180,6494,3455,---2,2,3,3,3,5,2,3,4,5,5,2,3,3,2,2,3,5,2,
8238,4331,68,1093,5095,2376,7561,7018,919,9326,5149,9943,5589,3831,5368,6202,2794,9694,3295,---5,4,4,3,5,4,5,5,3,5,4,3,5,4,3,4,3,3,4,
5697,834,1315,1220,8165,9640,8620,4589,2062,8015,4048,3592,4498,6964,6677,4695,1556,9242,3570,---2,4,4,5,3,5,3,4,3,3,5,4,5,5,5,4,4,5,4,
320,9441,7330,579,2037,9578,6583,9100,2989,1166,6544,3185,9941,6069,5686,1783,7545,9823,9599,---5,4,5,3,3,5,3,5,4,3,2,4,3,5,3,4,3,3,3,
6272,4290,3652,5878,1160,6249,2511,6765,9780,9584,5736,8596,9302,439,3289,1754,3387,8058,---4,2,5,3,3,3,2,3,5,4,2,3,3,3,4,2,5,4,
7040,7905,643,6597,4454,8455,5162,8107,620,303,9011,7787,2325,1910,7575,9432,5882,9989,---4,5,3,3,5,4,3,5,3,4,3,3,5,5,3,3,2,2,
7952,5732,9350,3271,9393,7079,7148,5613,4879,7088,1233,54,344,9818,9231,222,9229,---3,5,2,4,4,3,4,4,3,4,3,5,4,4,5,2,3,
555,9595,6724,9478,7752,3978,9355,4941,7469,5328,1106,9267,3262,5547,3355,8061,2686,---3,4,5,3,4,4,5,4,3,3,2,4,4,5,4,3,4,
4448,7042,8259,8988,5607,5704,8617,4074,7759,3251,2548,4438,7768,8761,346,5692,2815,---2,2,3,2,5,5,2,4,5,4,3,3,3,4,5,5,5,
2432,4602,7395,666,5896,7252,1136,1168,5523,7764,7384,7673,858,5052,4538,3166,---5,3,2,4,4,4,5,4,5,5,3,3,5,2,4,3,
3329,1763,7268,7909,4865,3722,2411,9549,4813,9517,4821,886,1879,8249,1276,1886,---4,2,5,4,5,3,4,3,3,4,3,3,2,3,4,5,
7872,4896,8998,1345,4841,106,6253,1312,2992,593,8947,7636,245,769,8317,8446,---4,5,3,4,4,4,3,3,3,4,4,3,4,2,2,2,
8032,3748,9701,5256,5420,9298,3599,208,3765,2706,2677,2340,8090,2108,3613,4885,---2,2,4,2,4,5,3,3,2,4,2,3,3,2,4,3,
384,9123,3307,6022,586,2295,4143,5136,9236,3065,4152,8153,1551,8911,3358,---4,5,3,2,2,5,5,5,2,2,4,2,4,3,5,
5697,834,9640,3592,7369,5783,8620,4589,2062,3570,4498,1556,6677,4695,9242,---2,4,5,4,2,5,3,4,3,4,5,4,5,4,5,
7553,4779,934,2762,4375,9836,1332,3925,2006,8055,5817,8826,2218,5237,---4,5,2,5,3,3,4,4,4,5,5,2,4,2,
354,1251,9733,3750,4903,5384,7212,1709,9136,1566,630,7770,7006,3413,---3,4,5,2,5,5,5,2,3,5,4,5,4,3,
6400,7041,3139,4321,4842,2444,3120,5560,82,8854,9464,9787,8440,5118,---3,4,3,2,2,5,3,2,3,2,4,3,4,2,
9986,9763,1596,727,5452,1390,3638,2825,6200,8313,1307,7132,6557,2494,---4,2,5,4,5,5,5,2,5,4,2,5,5,5,
8768,6785,8133,7136,9868,8299,5356,3183,1617,7351,2043,1852,9853,---3,5,4,3,2,4,5,5,4,4,5,3,3,
576,8065,9317,257,1193,48,9425,7511,4671,2459,4988,7741,6079,---2,3,2,4,4,3,5,2,3,5,2,2,5,
8384,8835,6244,2759,4744,5611,9996,237,3053,5439,7071,2526,5343,---3,3,4,3,2,5,5,2,4,5,5,3,4,
8548,1350,6764,7020,2028,1039,6769,1907,214,4535,5945,6234,6076,---2,4,5,5,3,5,4,5,4,3,5,3,3,
5184,6049,1411,3818,5099,2061,7763,9877,3576,5786,7547,9116,3514,---5,3,3,3,5,3,4,4,3,3,3,3,5,
7365,1622,902,4453,8264,8494,8083,14,2294,3834,6332,2398,2117,---4,2,5,2,5,4,5,3,5,5,5,5,3,
8961,3746,5571,7443,7981,4303,8656,8818,8563,7578,7739,2079,---4,2,2,5,2,4,2,5,3,3,2,5,
6305,8227,6181,5579,780,4632,3027,5349,7159,3832,5181,4703,---2,5,3,3,5,5,5,5,3,2,4,2,
9376,4737,6915,1255,232,8970,3343,8499,9399,6777,4285,9822,---2,3,3,2,2,2,2,4,2,4,3,2,
9954,7939,4261,7047,558,7984,6065,9266,5491,2263,5532,8733,---3,2,4,4,3,2,2,2,3,4,3,3,
288,6625,2084,1352,8439,1520,9521,2788,471,4857,9884,2425,---4,3,2,5,2,4,3,4,2,5,4,4,
3365,2920,6443,4974,6319,8243,9749,4851,8889,9626,6878,---4,4,3,4,5,2,3,4,3,4,2,
2816,3970,9635,1126,3624,873,5930,525,6032,2812,925,---2,4,2,4,2,5,2,2,3,2,2,
224,9122,6371,1412,4997,4393,3728,403,4411,2654,6047,---2,3,5,5,5,2,4,3,2,4,5,
4193,4197,551,8332,6382,2736,7354,3002,3803,7293,4254,---2,4,3,3,2,3,5,5,2,3,2,
1026,7139,4,1745,5708,4908,8657,7122,2870,8633,2532,---4,4,4,2,3,2,4,4,5,3,3,
9377,7651,8071,745,1866,2443,1718,2107,4586,3871,---3,4,5,3,2,5,4,3,2,2,
289,962,41,9290,9163,4652,8241,9972,681,201,---4,5,4,2,5,3,4,5,2,4,
7617,3139,7916,6150,2407,2444,1127,8396,5560,95,---5,3,5,4,2,5,3,4,2,2,
4512,1409,6923,7684,8902,3113,4683,291,3347,633,---2,4,5,2,5,4,4,3,5,4,
1604,1957,4456,1385,7050,2692,9690,9307,636,6629,---5,4,5,2,4,2,5,3,2,2,
2496,7457,3784,5737,2474,1709,9136,9845,5467,6814,---2,5,2,5,4,2,3,5,2,3,
5927,392,7849,4556,8941,3663,2836,5973,9144,1726,---5,2,3,3,4,3,2,5,5,4,
5185,5764,6312,7659,8847,498,6196,3798,2804,6654,---4,3,2,5,3,2,2,5,4,4,
1506,1667,4515,5067,7021,51,2803,5338,3069,---2,4,4,3,3,4,5,5,3,
2115,5180,1165,4308,2997,5814,5337,4668,573,---2,4,4,3,2,2,4,4,2,
2720,5029,2927,9105,2291,8214,9487,3132,4286,---3,4,3,2,4,2,5,5,4,
641,5186,7195,9538,9486,1647,2993,1684,5659,---4,3,5,5,4,2,2,5,3,
7151,7793,3026,3795,4022,3416,5850,6590,---5,2,5,4,3,2,4,5,
1312,7137,4676,6220,6253,4847,4570,3004,---3,3,2,2,3,5,5,3,
7392,8834,7619,2535,5206,5241,6396,5182,---5,2,2,5,5,5,2,4,
1935,6507,3823,80,5844,3287,4283,2365,---3,5,3,2,2,2,4,5,
2128,9666,8744,8234,1679,4976,4855,8815,---5,2,5,2,5,3,3,4,
8645,6857,3052,4047,6268,1810,1080,1116,---4,5,4,5,2,3,2,3,
5250,8291,7022,6211,8730,9059,3165,---3,2,2,4,3,4,3,
9451,5005,6829,1010,7315,8501,8284,---4,2,3,4,5,5,5,
9601,8097,8143,4536,5433,4794,3582,---4,3,2,5,3,4,2,
3594,4685,2577,9330,2942,6936,766,---2,2,3,5,3,2,2,
6848,2179,365,5213,9113,2269,---2,5,5,4,5,4,
6161,3698,9176,1593,3292,4126,---3,3,4,5,2,3,
8483,4169,8556,9456,5747,4300,---5,3,2,4,4,3,
736,3299,8944,402,7738,2047,---2,2,2,4,4,3,
9073,5386,1547,4028,7407,---2,2,3,5,4,
968,512,2480,7963,8757,---4,3,4,5,2,
8328,19,1898,5971,8463,---2,3,5,2,3,
6025,5621,684,5597,2727,---3,4,2,3,4,
953,1450,8749,1006,965,---3,4,4,2,4,
7185,4754,1291,6113,1503,---5,5,3,2,4,
8489,4341,1941,294,353,---3,2,4,2,2,
2072,8296,1514,2215,1671,---2,4,4,3,2,
704,4936,7410,3457,---3,4,3,3,
9672,9579,8895,---2,2,2,
5204,4287,---2,2,
5216,6001,---2,2,
8681,9181,---2,2,
1716,2292,---2,2,
8578,4488,6797,9230,5647,9876,155,8604,2975,2850,9891,8485,166,9244,2859,4140,2375,6588,8513,9029,8903,3531,591,3285,6873,358,1212,5482,7919,9842,9204,8053,5886,---5,3,4,3,4,5,2,2,4,3,5,2,5,3,2,5,3,2,5,5,2,5,5,5,5,4,3,5,2,5,2,3,4,
8576,258,1675,2701,8472,1429,3608,6686,8611,1828,5158,9768,9131,309,1977,9786,62,589,336,6484,8666,6112,1640,8427,2284,7326,4975,497,8437,6390,6391,4604,8831,---2,4,3,2,2,4,3,4,4,4,2,2,3,2,4,3,2,3,5,4,4,2,5,4,5,4,4,4,3,2,3,5,3,
1664,7435,7823,4500,7706,2075,8098,8155,1061,3238,9513,7214,7983,1200,3892,1502,5431,6968,5566,5057,1989,5062,4810,6231,1627,9950,6247,7292,7019,5488,4979,9615,3196,---5,4,5,5,3,3,5,5,3,5,4,5,2,5,5,3,2,4,3,5,3,2,3,4,2,5,4,2,4,2,2,5,3,
1664,7435,7823,4500,7706,2075,8098,8155,677,3238,9513,7214,7983,1200,3892,5431,8120,5566,5057,1989,5062,4810,6231,1627,9950,6247,7292,238,5488,4979,9615,3196,---5,4,5,5,3,3,5,5,4,5,4,5,2,5,5,2,4,3,5,3,2,3,4,2,5,4,2,3,2,2,5,3,
7683,6279,2441,6922,1940,2202,6045,4640,8225,8741,5296,8753,6578,5564,7869,4030,8512,1603,6561,4808,3657,7754,1619,4440,601,5988,3174,7996,3444,3963,8993,---5,5,4,4,2,5,2,2,3,4,4,3,5,5,2,2,4,5,2,2,2,3,4,3,2,4,4,2,2,4,4,
2689,2052,9605,6927,8976,8211,8728,4612,1947,901,5958,6574,2487,7096,7613,4542,63,198,759,7757,5982,1893,614,7017,234,9325,9710,7797,8567,4477,---4,4,2,2,4,3,4,5,3,4,3,5,2,2,3,2,3,5,5,2,3,5,4,5,2,5,3,5,3,4,
5763,5133,7054,3091,2068,7701,8727,8477,806,6441,8750,5563,8650,3137,6087,2250,9803,8655,5073,6356,6607,8680,4458,6130,3830,1015,2168,5502,3093,---4,4,3,4,4,2,3,4,4,4,2,3,3,3,4,5,5,5,4,3,3,5,5,5,4,5,3,3,5,
4227,4100,8327,5898,6893,2834,3987,2735,541,6560,2598,4911,3760,4663,185,4882,8389,1869,7246,1620,1384,3602,5234,3827,9844,247,9976,5626,---5,3,3,3,5,3,5,2,5,4,4,3,5,4,2,5,2,4,2,5,5,2,3,5,3,5,2,5,
1664,7435,7823,4500,7706,4641,8098,1627,3238,9513,7214,7983,1200,3892,5431,5566,5057,1989,5062,4810,6231,8155,6247,3196,7019,5488,4979,7292,---5,4,5,5,3,2,5,2,5,4,5,2,5,5,2,3,5,3,2,3,4,5,4,3,4,2,2,2,
5889,9474,2824,3159,3980,5649,411,8283,7078,686,9658,4933,8266,8651,8781,973,343,8795,1499,2143,5670,9833,1883,6636,2543,7807,---5,3,4,3,3,2,2,4,3,4,4,3,5,5,4,3,3,5,4,5,3,4,5,2,2,3,
9729,6146,4366,4804,5794,2086,7976,6186,9772,1971,55,1343,1216,2500,3914,4430,5072,9681,5462,7514,2142,2914,8036,1266,3699,5620,---5,4,2,2,5,3,4,4,3,3,5,5,3,3,2,3,4,4,4,3,2,5,5,2,2,2,
3849,2925,16,5140,3310,5656,1696,3824,423,2600,9415,9157,6727,9294,8919,9305,9058,1891,8424,8554,3308,2797,2286,9712,2046,6655,---4,4,3,2,5,2,5,2,2,3,2,5,2,2,2,3,3,2,2,3,5,3,4,5,5,4,
6657,5893,399,3218,275,8092,7187,6433,5923,9645,691,3380,4791,4664,4414,71,5195,3278,3283,4819,5731,2664,4463,2387,6903,---3,3,4,2,5,2,5,2,2,2,3,3,4,4,4,5,3,2,4,2,4,3,4,3,3,
6530,2823,264,9481,140,3854,7955,8981,6934,6685,2077,8125,5055,2753,5322,7629,5843,7253,8920,5860,2791,3822,7026,6771,2299,---5,3,2,2,3,5,4,4,2,5,3,3,3,3,5,2,4,5,5,5,5,4,3,3,4,
1154,2180,7436,5657,4258,8739,8627,6197,4153,1211,5826,7235,1094,6737,5461,1498,4187,3303,4712,875,8309,9981,7765,---4,4,4,5,2,2,5,5,2,3,2,2,5,3,5,5,3,4,2,5,2,2,3,
9103,6682,1306,290,5425,4404,2486,3127,9147,7873,7620,8006,3658,7123,6228,5464,89,8164,3947,109,1135,5493,7805,---2,2,4,4,4,4,3,4,5,2,2,2,5,3,3,3,3,3,5,5,4,2,2,
9226,6539,3603,9620,3736,8607,5928,4394,4234,3807,9994,6336,8258,2244,9286,2379,7894,7895,3162,5470,869,8549,---3,5,3,3,4,2,5,4,2,3,5,5,2,2,5,3,5,5,5,5,3,4,
5090,1185,3010,5667,6033,40,2921,3530,1068,2792,7261,4013,9228,5905,5874,5011,8762,4972,1340,3738,8063,---5,5,5,3,5,2,5,4,2,3,3,4,4,4,3,3,4,2,4,5,3,
3840,4257,8035,2899,3815,6888,5672,8394,6827,8113,239,5809,1682,5651,9269,329,7704,6297,4931,6863,2173,---2,3,4,3,5,4,4,5,5,4,3,2,4,4,3,2,2,5,2,2,2,
4769,2498,8219,6660,2341,3718,8999,9288,7494,6732,8930,9422,9357,7344,5906,3092,9454,7257,8059,1884,9380,---3,3,5,4,5,4,3,2,2,4,2,2,5,5,3,3,5,2,5,4,3,
4801,4995,3910,3041,9416,8713,3275,7920,2193,7250,7715,8085,4054,6104,9835,154,3067,1052,3709,3134,191,---2,3,3,4,4,3,4,3,3,2,4,3,5,4,2,2,3,5,4,3,3,
8320,6625,1922,4491,7332,8677,1767,1352,1703,2788,5519,1520,9521,2425,5333,471,4857,9884,2084,3893,---4,3,3,4,2,5,4,5,5,4,4,4,3,4,3,2,5,4,2,5,
1696,3824,1891,9157,9766,9415,2600,8554,1735,3308,2797,3310,16,8424,5140,9712,9305,423,2046,6655,---5,2,2,5,3,2,3,3,5,5,3,5,3,2,2,5,3,2,5,4,
1185,5090,5667,6033,2792,4972,3530,9771,1068,4013,9228,5905,5874,5011,3957,6152,40,3738,8762,8063,---5,5,3,5,3,2,4,4,2,4,4,4,3,3,2,2,2,5,4,3,
7393,7650,8038,6849,1833,279,2305,8237,4558,8589,5104,2417,1555,3445,7958,6525,4856,3034,4897,7166,---3,2,4,5,2,2,2,3,4,2,4,2,3,4,5,2,5,4,5,3,
1121,2619,292,4870,4359,9832,9161,8181,2351,8560,2385,4528,2270,375,3352,6106,251,1791,2078,8959,---2,2,5,5,2,4,2,5,4,4,3,4,3,4,4,4,5,3,2,3,
3744,7681,9762,4707,868,5829,422,4167,4840,4873,5130,8525,5171,3988,7415,4376,3993,570,9124,4666,---2,2,4,4,4,3,2,2,5,2,4,4,3,5,3,2,3,2,4,3,
8451,7845,3526,3473,7528,4553,743,1196,877,8014,1359,2192,3953,3669,7382,2904,1531,9628,443,5630,---2,4,3,4,3,4,5,4,5,2,5,2,5,5,5,5,5,3,4,3,
4097,2595,4260,6534,5351,3881,924,3101,6446,8271,7216,126,1373,6905,479,3678,1532,9854,9567,---4,3,5,3,4,2,2,5,2,3,5,5,2,4,3,5,2,3,3,
8128,3521,7203,6021,6822,2855,4776,9385,2951,5198,7342,4144,5875,7982,7893,1751,4280,8669,9054,---2,3,4,3,3,4,2,4,3,3,5,5,2,3,2,3,4,4,3,
961,355,7173,3078,8008,5289,4650,3865,4973,5710,5293,1000,5298,5395,7572,7189,9655,9625,3189,---5,3,5,2,3,4,4,2,2,2,3,2,3,5,3,4,3,3,4,
3904,8353,8867,9861,8608,4521,5101,1740,419,8591,271,1123,6898,3939,1786,5051,1980,8794,1182,---4,3,3,3,2,4,3,3,2,2,3,5,5,2,3,5,5,2,5,
7138,1787,516,6694,5735,3802,9609,4971,3244,3471,9489,2356,1577,1082,4012,540,7325,8251,9759,---5,4,4,5,5,3,3,5,5,2,5,2,2,4,2,5,4,5,3,
8096,9633,2595,5861,3393,6652,6905,429,2383,1683,126,9721,1209,479,1532,7517,9886,9567,---2,4,3,5,3,3,4,4,2,2,5,4,2,3,2,5,2,3,
800,8352,6294,7110,9417,2071,4044,8390,9200,2225,5606,2964,1270,8759,3128,7223,1275,94,---5,5,2,3,2,5,2,2,4,5,2,5,2,2,4,2,5,4,
5248,4068,9702,5287,3656,7530,8087,2764,3666,6609,7762,6451,5555,3255,5210,2811,7370,3934,---2,2,4,3,3,4,4,2,4,4,2,4,3,3,4,2,2,3,
1826,2437,2929,5352,4780,2733,7374,2621,6512,8433,6867,7637,1750,2360,7993,9916,3517,1951,---3,5,5,3,5,2,5,3,5,3,2,2,3,4,3,3,4,4,
9856,2880,2306,7023,3611,9686,6056,314,4959,5424,8,6642,8502,3000,7994,3903,7674,8191,---5,4,3,3,3,5,5,3,4,5,5,2,4,5,3,3,2,2,
3264,7600,4539,3465,9319,6876,1805,4622,6896,6834,1651,7767,6776,3066,863,7260,5114,4639,---3,3,2,4,5,4,2,3,3,4,4,5,2,4,5,2,5,3,
387,3334,3686,8977,7784,6189,1361,1715,3637,7446,5527,9368,4665,5178,6008,4541,5342,3614,---5,2,4,3,2,4,2,5,2,3,2,4,4,5,4,3,3,2,
592,7810,4356,8422,7590,7688,2057,1516,6909,4221,3153,1269,2680,249,4507,6429,8510,1535,---4,2,2,2,5,2,3,4,2,5,2,2,4,4,5,2,3,5,
2798,8997,341,8391,8488,265,7211,9581,6894,4336,1889,2926,1558,2298,8922,5530,7518,2885,---5,4,4,3,4,3,3,2,4,5,5,4,3,4,2,5,4,4,
2400,930,1515,6276,9927,7817,235,9196,6978,1699,5940,2197,2722,5175,3138,9951,316,9791,---2,4,2,2,2,5,4,4,2,5,4,2,5,5,3,3,5,4,
4256,9728,2818,8699,6180,4582,7207,3977,5556,4237,5490,3156,7387,7896,4212,7323,9374,---2,3,3,4,5,4,4,2,3,4,4,5,3,3,5,3,2,
6955,6084,3975,7012,6315,4397,5806,7248,6739,2035,6613,9496,2041,8442,6043,4540,7710,---2,5,2,4,2,5,4,2,5,5,5,5,3,4,3,3,4,
3042,1060,1670,6759,9962,8907,9420,397,462,6448,6098,1173,1686,5592,8452,4378,7242,---3,3,5,2,4,3,2,5,4,4,2,2,2,5,4,2,2,
3808,6882,2372,3589,9321,2501,1836,9550,4431,786,2382,2838,5719,6329,9883,1366,8101,---4,3,4,3,2,5,4,2,3,2,3,3,5,3,3,3,4,
8276,1539,2822,7015,9815,7243,9519,4611,8721,6258,9251,5779,469,6615,25,2430,1534,---4,2,4,2,2,3,2,5,5,2,4,3,4,5,4,2,4,
8276,469,7106,1539,3909,2822,9815,7243,4066,6258,9251,5779,2485,2070,6615,25,5759,---4,4,5,2,2,4,2,3,4,2,4,3,3,2,5,4,2,
9264,8388,3301,6881,6217,5835,9375,9901,2704,2641,3472,8917,2519,6491,8700,9502,4309,---2,4,2,2,4,4,5,4,2,3,3,5,4,2,3,4,4,
1024,8128,1731,4144,4776,4617,1751,5198,7982,7342,928,7203,7893,9385,5875,9054,---4,2,2,5,2,2,3,3,3,5,4,4,2,4,2,3,
3205,3106,2723,7717,2730,3468,1218,1902,1652,8117,7030,2392,3732,1631,3741,9855,---3,4,3,4,5,4,2,2,3,5,5,2,2,3,5,2,
9122,5565,8196,6438,7431,1928,39,2094,2031,595,9038,7929,9945,5434,7197,8990,---3,4,4,5,5,5,4,3,2,4,5,3,2,4,4,5,
8960,6882,2372,2838,4361,4427,1836,786,2382,4431,6386,660,1366,5719,2596,3589,---5,3,4,3,2,3,4,2,3,3,5,2,3,5,4,3,
2749,6500,7987,6472,7851,1612,6541,6543,4205,7281,8370,6579,2741,164,7229,9311,---5,3,2,3,4,2,4,4,4,4,4,4,4,3,2,3,
8800,8368,1314,4515,51,4999,4968,5353,1324,7021,4240,2803,663,4094,5215,---5,5,4,4,4,2,5,4,3,3,3,5,3,3,5,
4224,6721,5538,7076,5569,1545,8138,8199,7700,7791,3890,6676,8056,7156,955,---2,5,2,5,4,3,5,3,4,2,5,2,3,4,3,
9442,3685,714,876,6061,9661,141,5717,8407,5720,5679,2639,8027,4426,3327,---5,3,2,3,2,3,5,3,2,2,2,4,2,4,5,
5728,3056,8803,3012,9384,6348,6093,3664,72,7476,8853,3161,9023,6844,1023,---4,4,3,2,2,3,4,4,3,3,4,5,5,4,3,
5712,9858,9510,1031,8904,5833,9031,1197,3503,8496,9616,9395,7094,6825,7611,---3,5,4,5,4,3,3,5,5,4,2,3,5,3,3,
4320,5691,3075,5576,4468,2318,5440,188,916,2581,3545,2297,7291,2812,---4,2,2,2,2,3,4,4,3,5,5,2,4,2,
8384,3072,1595,5190,4744,5611,237,8448,7571,7607,3544,5439,8924,927,---3,2,5,2,2,5,2,3,2,4,2,5,5,4,
2368,3042,8452,6309,1670,9962,4061,6448,6098,1173,1686,5592,4378,7242,---2,3,4,3,5,4,2,4,2,2,2,5,2,2,
3969,315,4228,2630,3753,5324,7835,6510,4527,4478,1435,4956,3453,9022,---4,2,2,5,5,4,4,2,2,2,2,2,3,3,
3969,5475,4228,4478,5544,3753,5324,7406,4527,6510,7321,1435,3453,9022,---4,3,2,2,5,5,4,4,2,2,3,2,3,3,
7360,7171,3206,5350,7275,8208,5841,5810,3763,3894,9272,3897,5375,8453,---3,3,4,4,3,2,4,4,5,2,4,4,2,5,
6979,5060,444,9994,6539,4394,1712,1809,20,7894,3931,2172,4234,318,---5,5,4,5,5,4,4,3,3,5,3,3,2,5,
3777,5380,766,359,617,3594,3339,9330,5406,5715,4510,6936,2942,4447,---4,3,2,2,5,2,5,5,3,3,2,2,3,2,
9442,4100,3685,6092,714,4663,876,1869,2735,3827,8407,5720,9661,---5,3,3,5,2,4,3,4,2,5,2,2,3,
705,2811,2694,6593,1132,5388,2959,6609,9714,5460,8087,5210,5839,---3,2,5,2,4,2,5,4,4,3,4,4,4,
5872,1474,7812,321,6505,5508,2380,4496,9010,243,1913,6928,2110,---5,5,2,2,3,5,2,3,2,2,2,2,4,
6496,7970,7675,8201,2954,6283,3759,9258,8949,5526,3643,2525,7551,---5,4,5,3,4,5,5,2,3,3,4,5,3,
3371,5959,3016,2409,6794,5895,5836,3247,4368,7404,4119,4120,6111,---3,4,4,3,3,3,2,2,2,4,2,4,4,
5285,4324,7557,7782,6855,2888,3857,9394,2452,8538,2175,8445,4511,---4,5,4,3,2,3,2,2,5,2,3,5,2,
5211,747,4236,9711,7219,2105,4278,3799,1816,3353,1819,5247,---4,2,2,5,5,2,2,3,3,5,3,4,
1328,1237,8630,3237,4874,751,752,9237,566,9336,1994,5311,---2,4,4,5,3,4,2,2,5,2,5,5,
9313,6532,406,5201,9160,2893,2065,3126,7543,217,3076,9573,---3,2,3,2,2,2,5,3,2,2,5,3,
6211,4388,3379,6411,4909,1327,6992,9059,7255,1432,8730,3165,---4,3,3,5,2,3,4,4,2,2,3,3,
3040,8963,9061,1865,2962,1812,1108,762,7932,6461,6430,---5,2,4,3,5,3,4,2,4,5,5,
9217,9794,8870,8833,8552,567,4113,6002,1268,7479,852,---5,4,2,5,5,3,4,3,3,4,3,
8066,6211,2045,4909,7022,1327,6992,9059,8730,1147,3165,---3,4,3,2,2,3,4,4,3,2,3,
2544,7943,7661,5749,1488,9492,917,5174,9912,7422,1823,---2,4,5,5,4,5,5,5,4,5,5,
3809,6313,74,2572,1421,3057,3826,6899,4349,1950,2335,---2,5,4,4,4,5,4,4,4,5,2,
8192,8420,2326,7642,5290,7190,9847,8793,5466,5949,6367,---2,3,2,3,2,2,5,2,2,4,4,
6856,5128,6859,1804,3021,3726,2097,915,4088,2808,4051,---3,5,2,4,4,3,2,3,2,4,3,
9569,2148,6373,775,9224,7529,268,5389,6513,5116,9041,---4,2,3,2,4,2,4,5,4,2,2,
2465,3875,9893,4328,2924,6798,4355,7892,8119,8505,3653,---5,4,4,4,3,3,4,5,2,5,2,
1444,9670,4552,6346,6188,8916,6774,7003,7196,1213,702,---4,4,2,3,5,3,3,3,4,2,5,
705,6082,2694,7663,6609,9714,8087,5210,2811,2334,---3,4,5,2,4,4,4,4,2,4,
4165,780,7159,1420,4632,179,4342,1847,3832,2810,---4,5,3,5,5,5,2,4,2,4,
929,546,5299,8647,8776,8385,1451,493,9235,2484,---3,2,4,2,3,4,4,2,4,4,
8804,7879,2076,909,9262,9328,661,7673,5052,9109,---4,3,4,3,5,4,4,3,2,4,
6723,1542,9610,8331,9806,7956,1398,9652,891,2846,---3,3,3,2,2,3,3,5,3,4,
5985,8330,4492,3725,5617,180,629,2813,1790,2837,---5,3,2,5,5,3,4,3,3,4,
8548,6764,7020,656,1489,214,5945,9178,7931,6076,---2,5,5,4,2,4,5,4,4,3,
784,6883,9381,2150,3400,7282,8722,7624,6674,---3,4,3,4,4,4,5,5,4,
993,9802,1388,1295,2768,754,150,215,7709,---3,2,5,3,5,4,4,2,4,
5888,1187,5916,7308,9263,8752,2708,4924,3902,---4,5,5,4,4,4,4,3,5,
2051,740,4006,7949,6958,7887,2609,7662,9083,---3,4,3,4,5,3,4,3,4,
1184,3810,8582,5894,2410,8366,7599,4026,3557,---2,5,3,4,2,5,2,2,4,
1287,5961,9964,5359,2648,7799,1688,8345,4730,---5,5,5,5,2,5,3,2,4,
8256,6793,938,7341,2255,4080,3863,377,1119,---4,2,2,2,3,2,2,2,5,
4993,6179,2177,7534,4561,7442,7093,3064,8985,---5,4,2,4,2,5,3,5,5,
7840,2918,646,6985,8202,2827,5641,3036,6206,---4,5,5,5,2,5,5,4,4,
7074,4803,8746,46,5074,1459,6871,3385,8362,---4,5,4,3,5,2,3,2,3,
6056,5289,1367,6349,7698,9655,8191,3903,---5,4,5,3,3,3,2,3,
3203,6852,745,4586,2443,2107,5981,3871,---5,2,3,2,5,3,4,2,
969,5802,8626,333,594,1817,8509,286,---3,4,3,4,2,5,4,3,
8076,812,1008,626,8213,3222,2681,6239,---3,5,4,5,2,4,5,5,
6401,7522,4673,142,9140,9402,1019,733,---4,3,4,3,2,2,3,2,
450,5635,3952,7794,6132,1877,7449,9979,---5,4,4,3,5,3,4,2,
7208,6604,9839,9907,5371,6780,6622,---2,5,5,3,2,2,5,
3456,7498,6476,9214,7063,4505,3294,---5,4,4,5,3,5,5,
7846,4102,1202,3346,2514,2710,2103,---4,3,3,3,3,5,5,
6736,7184,5025,3754,9232,1589,5910,---2,5,5,2,3,4,4,
8160,219,5061,4299,5946,9467,1018,---2,2,3,2,3,2,2,
1292,524,5469,9169,1065,4314,3997,---5,3,3,4,2,5,5,
1187,5916,9263,2708,5881,3195,4924,---5,5,4,4,4,4,3,
2442,5004,5390,7312,435,7988,2552,---2,3,3,3,2,3,2,
1255,458,3343,8499,4285,9822,---2,3,2,4,3,2,
545,3203,785,9777,6804,6717,---4,5,2,5,2,3,
4032,5239,4364,4919,2226,8823,---2,2,2,5,4,4,
5761,5478,7272,267,6286,3291,---3,4,2,3,3,5,
5761,4162,5478,267,4525,7638,---3,4,4,3,2,5,
6698,6576,5203,4502,6265,9247,---5,2,5,2,5,4,
903,9289,5967,6675,5684,9753,---4,5,3,3,2,2,
5890,612,3661,2957,2916,5150,---5,4,5,5,4,2,
7907,676,3181,6457,5179,221,---4,5,2,2,3,4,
9883,1836,8101,1366,7495,---3,4,4,3,4,
1329,9034,5255,4402,4017,---5,5,4,5,2,
8640,9843,1156,1022,1142,---5,2,2,3,2,
5441,9169,1065,1053,3297,---5,4,2,2,3,
4936,465,1088,704,8813,---4,3,3,3,3,
5097,2655,3235,4996,6635,---3,5,4,2,4,
5074,9961,9618,8746,3717,---5,5,5,4,5,
4966,5092,2549,8214,5029,---4,2,2,2,4,
1881,2591,8894,3479,---4,3,4,3,
9744,5489,1610,3862,---4,4,4,3,
353,8489,4341,7703,---2,3,2,4,
3248,4018,3931,6907,---2,4,3,4,
2464,114,8964,---3,2,3,
2416,3803,---2,2,
1030,9431,---2,2,
1586,2562,---2,2,
9066,6363,---2,2,
4852,805,---2,2,
