9381,7170,1924,1542,6153,1039,7570,5907,9240,1561,5274,2591,9761,1443,3526,8231,810,4652,5934,2479,48,177,253,6198,9271,5824,5189,6726,7623,9673,9783,8162,4432,4178,5292,2645,7896,5851,1658,3167,3810,9708,9711,6384,9715,7544,7290,6141,9983,---2,4,3,4,5,5,5,2,5,5,5,4,4,2,2,4,3,2,5,4,5,2,3,5,3,4,2,4,2,4,3,2,2,3,4,4,4,2,2,5,5,2,4,4,4,2,3,2,4,
2816,9899,8583,6927,6673,8110,1688,819,2717,5150,6819,5674,171,3628,7981,8494,1455,5163,2099,9464,1858,6723,4428,6096,3793,9433,5212,734,4703,8417,8600,355,740,7909,4200,3437,872,3442,8952,4221,8702,---3,3,4,2,4,4,3,4,3,5,4,4,2,2,2,5,2,4,4,5,4,2,5,2,5,3,2,3,3,4,2,4,3,4,4,4,2,4,4,2,2,
6019,6800,9091,2709,3991,4506,1691,2207,3360,304,291,3881,2346,429,6703,816,7604,2101,8246,4153,7711,5237,4929,7107,2244,8140,3149,8271,1360,7599,7379,8917,7383,5990,8934,337,3693,6739,6261,1402,---3,4,3,2,3,2,5,2,2,2,2,5,4,4,4,3,3,2,4,2,4,3,2,5,2,5,3,2,4,5,5,4,5,3,4,5,5,4,4,2,
7298,9485,6545,2706,8213,9110,9495,2916,8098,2853,809,5169,3256,3129,8128,7490,6469,4169,1740,7374,340,1124,8229,8411,1501,6565,7522,228,7014,2193,7420,4971,7020,8942,3574,1784,8570,6908,---3,3,4,4,5,5,3,5,3,5,5,5,5,4,5,4,2,2,4,3,5,3,4,3,2,4,5,4,3,2,4,4,2,5,5,2,5,2,
6532,645,2573,19,3350,5911,3227,6300,8479,6949,166,6953,5941,7222,5944,3897,9535,3652,2119,1096,843,2253,4049,4182,4695,9432,5596,4573,3936,3299,7017,7402,6007,6009,7291,---3,4,3,4,5,2,5,3,4,3,2,2,3,4,2,3,5,3,5,4,3,2,5,2,2,2,5,3,4,4,3,4,5,3,2,
4608,1538,2053,2438,9608,7946,3212,9357,4376,1683,7447,2456,7067,1693,8581,6176,548,2342,8487,4013,6621,904,4018,7091,9400,58,4028,590,5715,3801,8890,5858,9875,9209,---3,2,5,4,4,5,4,3,5,5,4,3,2,3,2,3,4,3,3,4,3,4,3,3,2,4,3,5,2,5,4,4,4,4,
4865,1794,9862,6151,4745,4620,8982,535,2332,9632,9689,9508,8582,7206,295,4653,7728,3635,4795,5566,5702,9932,8142,5717,4567,1624,4004,7149,114,2420,3960,7033,4222,2425,---2,4,4,3,3,3,3,2,2,5,3,3,4,3,4,5,2,5,5,5,5,4,5,4,5,3,5,4,4,3,5,3,2,2,
8193,6404,1793,5384,2441,2058,8843,401,2451,281,4764,2205,804,5288,553,5680,3121,690,3765,9789,8127,7616,7489,2315,6858,4816,9047,5977,2013,464,9831,9589,890,---3,3,3,5,4,5,4,4,3,3,4,5,3,4,4,2,3,4,4,2,3,2,4,4,2,4,3,5,4,3,2,3,5,
9729,4358,5896,5645,4378,8815,9631,6821,7601,808,3241,4014,4273,5535,1597,5311,5759,6979,4705,9037,6221,8530,7123,1118,3679,8161,1512,7658,3410,8303,9083,4095,---5,4,4,3,4,2,4,3,4,4,3,2,4,2,3,3,4,3,4,2,2,5,2,5,4,2,5,4,3,5,4,3,
4992,1669,1542,1678,2192,9233,3091,1561,2479,3868,935,1705,6954,1583,48,7092,3127,3167,4542,3649,2115,5189,5318,7630,4432,4178,2382,5724,3293,8671,6499,4196,924,8231,1518,6384,9587,632,1658,1021,2814,5077,---2,3,4,4,5,2,4,5,4,5,3,2,4,3,5,4,4,5,4,4,4,2,5,2,2,3,4,5,4,4,5,3,3,4,2,4,5,3,2,5,2,2,
6146,9738,5762,4881,6293,1686,4894,9395,5035,8691,438,7997,9920,9668,70,7495,3788,4819,5973,4055,5080,4167,8669,9832,2537,1875,4201,1146,6780,9594,---5,2,4,5,5,5,2,2,3,2,2,2,4,5,4,2,5,5,5,2,3,2,4,3,3,5,3,3,3,4,
9217,2435,4,534,9865,3467,4110,2448,6929,6467,6294,5892,7331,8998,1581,7089,5557,7626,9152,7235,5960,4042,2379,2259,3674,636,8428,6258,1916,---5,4,5,4,5,5,4,4,5,3,2,2,5,2,3,4,3,4,2,3,4,3,4,5,5,2,3,5,2,
256,7041,5891,5129,1804,5011,8342,27,2719,1568,3876,5797,9773,7407,137,1759,5694,2885,713,1751,4318,2597,5865,6506,1903,4848,2936,4603,3581,---3,2,4,3,5,3,2,3,5,4,4,3,3,4,2,2,4,3,2,2,5,5,4,4,3,4,3,5,5,
4715,3724,8334,5651,5653,6617,3615,5659,7199,33,3878,7467,7596,6068,5355,6457,9403,6973,2750,5700,1871,5333,5565,2214,1255,8937,1643,4285,9462,---5,2,3,3,4,4,2,3,4,2,4,2,2,4,5,4,2,3,5,4,3,2,4,4,5,5,2,2,4,
3972,407,5647,2960,8087,6173,421,8105,4019,6078,5312,6981,1993,8651,3153,6612,5845,9048,9743,6494,6628,1894,7912,4074,8687,753,8306,6313,7548,---4,5,2,3,2,5,3,4,5,4,4,3,3,3,2,4,5,5,2,2,3,3,3,5,2,3,5,5,4,
1152,4352,1797,8345,6297,4250,5531,2974,928,1307,1706,1969,7090,3998,7739,7743,6080,2633,3063,460,7501,8528,8273,7649,3554,5733,7657,1015,1578,---2,3,3,3,5,5,3,5,4,2,2,2,5,4,2,2,2,2,3,4,2,2,2,2,4,4,4,5,5,
1536,3971,3084,5263,4112,9242,2461,3359,675,2982,1607,4659,8119,5434,3778,5063,9160,1609,5714,8915,8276,2518,9442,4451,7147,494,5587,118,7671,---5,3,4,4,5,3,5,3,3,2,3,2,4,3,4,4,4,5,5,5,3,5,2,5,5,4,4,2,5,
2055,3465,2698,8846,5523,6296,7195,5277,4254,546,40,5801,6572,3117,8112,8630,2743,7483,3786,3390,8842,4490,202,5091,2152,239,3440,7935,---3,3,3,5,4,5,5,4,4,2,2,5,5,3,3,5,3,3,2,2,2,2,3,3,3,3,2,2,
1172,8836,4229,7818,2957,527,3860,7448,3120,5796,4397,3888,2737,5554,7350,61,2241,5954,6852,9417,9933,8282,9185,5994,110,6265,6011,8572,---3,2,4,5,3,2,3,2,4,4,5,2,3,3,3,3,5,5,2,3,5,2,5,3,5,5,3,4,
4866,3081,5386,130,1809,787,661,2839,7709,2592,6696,7083,4909,8120,9914,6076,65,329,79,7636,8280,5599,8678,5484,3240,7922,8438,6904,---2,3,4,5,3,2,3,4,4,3,3,5,5,5,4,5,2,3,2,2,3,3,4,4,5,4,4,2,
9731,7182,788,5400,6047,6560,4388,7205,7595,9663,7136,706,1989,8006,6882,1105,5330,3924,9431,4184,217,6368,2658,5732,6900,9151,1534,---4,4,5,4,2,4,5,5,3,4,2,2,4,2,3,5,3,5,5,2,5,3,3,2,4,5,5,
7172,7687,3464,3342,7957,7834,2718,42,3756,3375,3571,1334,2805,8640,7491,8903,1229,3534,4963,3542,9050,6750,6367,995,1267,3444,9333,---2,5,4,2,3,3,3,4,3,2,3,4,2,5,5,2,5,4,2,5,3,3,5,2,3,3,4,
3200,9609,9482,2316,2831,6933,5538,6442,4524,1454,2738,6710,2747,8520,4300,5197,9937,6610,6749,6629,3431,7401,7148,8146,6897,4596,8830,---5,3,4,5,5,4,2,2,3,5,3,3,4,4,4,4,4,2,2,2,2,5,4,2,4,3,5,
8963,6921,9615,7702,4379,8092,6301,9121,5155,9392,5041,6893,6073,4665,2246,8505,8920,9562,3932,4191,8929,1127,7143,7917,2167,8314,---5,2,2,3,5,3,5,5,5,3,4,5,2,3,2,2,4,4,4,3,5,2,3,3,2,3,
8962,7557,1801,6155,5909,155,9116,1435,2468,3623,1070,6452,1848,2100,1215,6219,5329,9556,6366,4966,6993,3564,5617,3572,7797,7035,---2,2,2,5,3,4,2,5,5,2,5,2,3,2,3,4,3,2,4,2,4,3,4,4,5,5,
7429,3344,6036,2222,2710,3354,7707,5125,1318,6311,3886,1766,9674,9550,6383,81,3287,5476,9638,9446,1511,3179,4591,2418,1404,4734,---4,4,3,2,5,2,2,2,3,4,2,2,4,5,2,3,5,3,2,3,3,5,3,4,3,2,
1537,2179,9860,4103,2955,7951,8082,1815,6596,9329,301,1588,7862,5183,1218,1091,6980,5071,3283,3040,111,4336,1393,3443,1917,5887,---4,4,4,2,4,5,5,2,5,2,3,2,2,4,3,4,4,5,3,5,5,3,3,3,2,3,
9985,2183,6157,7694,413,5162,4523,2993,4407,8511,4290,583,2638,2255,1252,3420,9181,3934,7524,4585,5356,6896,4471,2689,3193,1159,---4,4,5,5,3,5,5,5,4,4,5,5,2,3,5,5,5,4,2,4,3,3,4,5,2,2,
9346,1416,8706,2574,5392,5266,3735,5272,3761,3378,4403,5437,7236,8774,5320,2249,5712,4313,5853,8546,8679,1682,9021,3952,6898,1268,---2,3,5,2,2,4,5,5,2,2,2,4,5,3,3,2,2,2,5,4,4,4,3,5,4,3,
6272,9601,897,925,8096,36,8742,6959,3250,8247,2617,5821,9162,205,3154,6611,2900,7255,5208,3108,9310,8801,2049,6249,2293,1278,---4,3,4,4,4,3,5,3,3,4,4,5,4,3,2,4,4,2,2,2,4,2,2,4,2,3,
2563,6924,1173,3096,4384,4571,1316,2469,1095,940,9263,9776,3633,4147,8887,1859,9927,9484,9635,9304,3468,1755,7653,2407,8048,---5,3,4,5,2,3,4,5,4,5,3,4,2,4,3,3,3,5,2,5,3,3,4,3,3,
3716,2953,398,6178,4773,4648,9261,1582,8111,9138,1078,191,1988,332,9677,8024,1497,4699,2526,2656,1388,3310,1139,3746,9978,---2,4,2,2,3,2,2,2,4,4,4,3,4,3,5,5,3,3,4,4,2,3,4,2,3,
4483,393,1807,4373,9754,2459,1823,7073,6876,7282,6206,4032,8897,5188,476,9692,2533,7276,8173,2158,8177,8818,9588,446,892,---2,5,5,3,5,5,2,5,5,5,4,4,4,4,4,5,4,2,2,5,4,4,2,2,3,
9349,1415,2696,912,8081,7317,3223,4893,158,1708,5661,1200,8629,5433,5563,9405,1344,6941,587,7508,4951,3806,4584,4088,121,---2,3,5,5,4,2,3,5,5,2,5,4,5,3,3,5,2,3,5,2,5,2,3,3,5,
7554,3843,2567,5131,6546,536,4636,4314,423,9897,8327,7410,7855,9526,2873,6202,1874,7130,1884,741,1382,3794,7666,3942,3070,---5,4,3,4,3,4,3,4,5,3,2,2,4,3,5,2,3,5,2,5,2,4,3,3,4,
4237,910,7823,5654,5276,9758,416,3883,2860,3766,7614,68,2766,6996,5207,1627,4957,8034,7661,9070,498,7283,5877,4343,8824,---3,4,3,4,3,3,4,4,5,5,4,4,5,5,2,5,3,2,4,4,2,2,3,3,2,
6657,7828,5781,1828,1191,7593,7085,2120,9524,6583,960,3680,8259,7879,1736,3916,1744,83,9812,9302,7257,2400,4843,1529,3194,---2,2,2,4,5,4,2,2,3,5,3,3,5,4,3,2,5,5,5,3,3,4,2,3,5,
768,8967,4616,3083,2861,1169,3997,8610,2851,8356,4136,7212,1325,436,7349,182,6075,3904,4801,1350,473,15,7264,4068,2154,---3,2,5,2,4,3,2,5,4,5,3,2,5,4,5,4,4,5,5,5,4,4,4,2,5,
2691,517,9355,8726,9881,2203,6559,1057,5922,9387,8881,2740,1341,9166,5459,4686,470,6102,1498,5863,445,1778,8820,375,9593,---4,4,4,3,2,4,2,4,5,2,3,4,4,4,4,5,2,2,3,2,5,2,2,3,2,
2944,5765,6406,6408,3085,6159,8853,1049,8197,9004,8495,6969,7372,6868,7510,6497,2390,3430,359,7913,2667,2927,2163,7160,3477,---4,5,5,3,2,5,3,5,5,5,3,3,5,2,3,3,2,4,2,3,4,3,3,2,4,
898,6665,7824,4242,4763,4896,678,2088,5289,2615,2366,2507,6472,6327,2017,2532,2023,7273,3562,2027,6764,880,1138,7798,2815,---4,3,5,4,2,5,5,3,3,5,3,2,3,4,5,4,4,3,2,4,2,2,2,2,5,
9989,2069,7708,1314,5805,2106,188,4798,6597,1614,8912,2389,7511,2139,8157,4830,9439,1509,9318,6005,7415,6393,124,125,---2,2,3,4,4,3,2,4,2,5,2,2,3,2,2,5,4,5,5,4,2,5,4,2,
1409,4868,7558,8459,9104,7698,6548,4007,938,8240,3762,6463,2247,7118,2383,7517,5470,351,5729,2917,7536,6645,5110,9724,---4,4,3,4,4,2,4,5,4,5,5,3,3,4,3,5,4,2,5,3,3,3,2,3,
6187,2700,9486,2964,3990,5663,7328,7201,7723,2096,1342,2370,3272,980,9175,6744,3296,3452,8812,8302,3825,8185,3708,7550,---4,3,5,4,3,2,5,5,2,3,5,5,2,5,4,2,5,3,2,4,2,2,4,5,
1540,1031,7311,9365,1184,7260,3115,2350,4921,9915,4671,4171,2884,1733,5704,7755,2128,4053,2775,1243,8668,1253,5613,6776,---5,3,4,4,2,3,4,5,5,3,5,2,5,5,2,4,3,3,3,3,5,4,3,5,
3712,9740,2452,3874,2728,5546,4701,7219,9911,5560,9787,7100,9929,5322,2871,4307,9428,3549,6753,3042,2355,4853,1657,1530,---4,5,3,4,3,2,5,4,2,5,3,4,4,4,3,4,4,3,2,5,5,2,3,2,
6275,6413,8591,4368,3861,1303,708,2082,7971,1968,2880,6210,2628,1991,9290,6353,8660,3158,2135,2266,7133,9059,8564,6133,---2,3,5,3,5,4,5,4,5,2,2,4,3,4,3,2,3,2,5,5,3,3,5,5,
8961,8326,391,9481,7955,9842,4772,936,8233,2605,3770,9148,1477,2893,3030,8043,6255,5362,7028,754,122,6523,7549,2965,---2,3,4,3,2,4,5,5,3,5,2,5,5,5,2,2,4,4,2,4,2,5,2,3,
1923,1033,9493,4374,8219,2589,8991,6820,558,4400,8625,9782,4027,5308,4029,8521,7498,9935,6742,2653,742,2151,8811,6388,---5,3,3,2,5,4,3,2,5,5,5,3,3,4,2,4,2,4,3,2,4,4,2,4,
5001,5645,18,8341,1566,8736,1061,8108,4014,4401,9394,441,7611,8252,9026,72,1741,4814,3410,4317,991,6715,8294,3957,2297,2557,---5,3,2,2,4,4,3,3,2,2,2,5,3,4,3,5,4,3,3,4,2,3,3,4,5,5,
1410,3853,3599,272,657,2578,9623,3743,1821,8222,3871,1959,5676,8242,4534,4639,8122,6203,3260,5579,3280,8080,8041,---4,5,4,4,2,4,5,2,3,2,2,3,4,5,4,4,3,4,4,4,4,2,4,
9222,4106,9611,8078,9379,3622,5416,7597,4664,5698,1861,459,3276,6990,5584,1230,2779,860,2918,9065,5995,2344,7156,---2,5,4,4,2,3,4,5,5,3,3,4,3,4,2,5,4,4,4,3,5,4,2,
6664,144,4884,3236,4263,2474,4907,4396,8367,9655,3001,3263,6592,8773,5065,7643,5471,9570,8555,5612,9590,250,5374,---2,2,4,4,3,3,5,5,5,3,5,3,4,4,2,2,2,2,4,5,3,5,5,
2565,4491,5648,2197,150,5593,9624,3495,6186,5943,4663,7352,331,9031,1226,9547,8013,1616,5201,8152,8665,6772,4727,---2,5,5,5,5,4,3,2,2,3,3,4,5,5,4,2,2,5,5,5,2,4,5,
3718,1547,789,7190,7968,1186,3364,677,9896,1068,8368,4530,8888,5049,3657,4691,5087,9056,877,7406,4594,6516,9078,---2,5,5,3,4,5,4,5,3,4,4,4,3,4,3,5,2,3,3,2,2,4,2,
4248,2086,5290,433,6718,2368,4038,969,9930,5067,718,8407,2904,9817,4837,764,1262,9455,3954,6387,7159,2299,5116,---5,3,4,3,2,2,4,3,5,4,2,4,4,4,3,4,5,2,3,3,3,4,4,
1043,2969,5273,923,6688,673,6576,1011,66,3912,6731,3413,8153,2276,5093,9195,2352,7667,9721,5498,9467,8115,5375,---2,3,3,3,2,5,3,5,4,2,2,5,4,4,3,3,3,4,5,5,5,4,4,
2952,5641,400,4885,6806,8344,2460,2212,8106,9651,3253,5949,9280,4932,4554,4958,2146,9957,9834,4977,5875,6132,5366,---5,5,2,5,5,2,3,3,3,5,5,5,3,2,5,3,4,4,5,2,3,4,4,
5504,6528,9987,6407,6403,4633,6639,554,435,7646,1725,7359,3650,5572,7366,7262,3424,225,2149,104,9706,5309,502,---5,3,5,4,4,5,3,3,5,3,5,5,5,5,5,2,5,4,3,5,4,5,4,
6538,7952,537,6938,2596,1709,5550,585,1213,9795,457,823,5324,3789,8525,7376,1490,5847,8924,1121,7890,1399,1150,---3,2,2,2,2,3,5,5,3,4,4,5,5,5,4,2,4,4,2,5,3,5,3,
3459,3984,2584,5022,4642,3107,8484,7977,9003,1843,5054,3265,8130,5199,3922,7459,1112,7003,871,210,3027,1910,---4,2,2,4,4,2,4,4,4,2,5,4,4,3,3,5,4,3,4,5,5,4,
3332,263,5128,152,2210,5924,2470,2601,519,6319,1586,8759,3772,6593,6480,1370,7010,4067,5227,7533,8046,9074,---5,3,2,3,2,2,4,5,5,5,3,4,2,5,4,3,4,5,5,5,2,4,
1671,6409,6359,2713,3996,4131,5542,1963,2351,9913,573,1855,835,6724,710,9292,5923,1721,5081,4315,3313,8061,---5,5,5,4,5,4,2,4,4,3,2,4,5,5,5,3,2,2,3,3,5,3,
8975,7312,8083,2201,7706,4641,8866,9507,45,189,1471,4678,9416,2122,8398,600,3035,9565,8158,7400,4841,8181,---2,4,4,5,4,3,4,4,5,2,4,3,2,4,5,4,2,2,5,2,4,5,
5,7825,2711,9373,3486,4511,2337,2595,5028,5438,7872,3012,9672,8655,2773,3672,7776,4577,9314,1392,884,2171,---5,4,2,5,2,5,5,4,2,3,3,5,3,5,2,2,2,4,3,5,2,2,
5632,3457,7939,6543,6931,37,6567,3243,7983,4529,574,8524,467,6484,1880,3804,3041,7523,4329,4202,7059,9972,---2,2,3,4,3,4,5,4,2,3,2,2,2,2,4,2,3,5,5,4,3,5,
2947,3723,3219,2841,1562,2844,9501,5285,4911,3385,9789,7358,62,3020,8377,2013,7135,3044,9831,5996,5869,8689,9589,4859,6397,---3,4,4,2,3,4,4,3,5,3,2,4,4,5,2,4,3,3,2,3,2,4,3,4,5,
1728,6721,6082,5507,2630,3585,4937,4394,1783,2284,9998,9938,1524,7918,3286,7577,3065,8206,6556,9949,927,---3,5,3,5,2,2,2,4,5,3,5,4,5,3,4,3,3,5,4,3,4,
5744,3812,8854,8422,8113,2502,8262,5361,7788,6414,6447,9936,8755,5939,372,561,5206,4505,8986,1957,5172,---4,4,5,5,3,3,3,2,5,2,4,5,2,2,2,5,5,5,5,5,2,
3611,801,7139,2788,6245,5286,1832,4905,2371,9846,9804,8301,1149,2251,2627,7254,2489,6540,3439,7644,6589,---4,3,5,2,2,4,3,3,3,3,4,5,5,4,3,2,3,2,4,4,3,
2896,9040,739,4292,8199,6505,618,7111,6412,9264,8851,5236,2837,5534,631,1684,8730,767,1466,4670,319,---4,5,5,3,4,3,5,4,4,4,3,5,2,4,2,5,5,3,4,5,3,
993,9347,2569,5477,5705,4481,840,7305,6541,4430,5327,3728,8785,7346,2610,6217,3689,5144,1852,8543,---2,4,3,5,2,2,2,4,4,5,5,3,4,5,4,4,4,4,5,3,
160,3504,4674,6915,7461,2822,6920,9801,2538,418,173,8880,9576,3764,5397,9466,3066,891,2490,8926,---4,4,3,2,3,5,4,5,4,3,4,2,2,2,3,2,2,2,5,3,
5696,3760,6947,1029,2182,6022,4753,4241,2218,4321,3653,4782,783,4752,5105,9518,1365,4122,1500,8927,---5,2,4,2,2,2,5,4,4,5,2,4,3,5,5,3,5,3,3,5,
4288,8577,7202,8195,237,6057,2603,3540,6669,5166,7887,9456,1907,9012,4469,7830,5815,2296,9396,9250,---4,4,4,5,4,2,3,2,4,3,2,2,5,5,4,2,2,2,3,2,
5280,704,8578,8027,9572,3941,8208,4711,8617,5138,6254,8480,8432,6034,2387,8699,7676,1629,254,5573,---4,4,4,2,4,3,3,4,4,3,2,3,3,5,4,5,5,5,4,3,
9888,1115,7012,5331,5799,2024,2857,5003,204,1453,7790,4305,383,3214,4503,3176,5114,4667,94,8799,---3,3,4,3,2,4,2,3,3,5,5,2,3,5,5,2,4,5,4,5,
8384,2723,837,649,3148,2506,7883,4844,3341,6958,8783,9291,5299,8309,313,3832,2649,507,1630,1381,---2,2,5,4,5,2,4,5,4,2,2,3,2,5,2,5,3,5,5,5,
5121,7675,7109,7270,4296,7785,4955,7371,9163,8622,1295,8547,5268,4919,2200,2164,7194,6619,6396,7302,---4,4,5,3,3,3,4,5,5,3,2,5,5,3,2,2,4,4,3,3,
5985,4514,571,5509,1147,7175,6236,1387,3697,5906,8051,1781,9727,7096,1337,5402,2111,6844,8606,3551,---2,5,2,2,4,4,4,3,4,4,5,3,2,3,5,2,3,4,3,3,
6129,1352,3427,4657,4357,6919,1928,8457,2634,3047,9165,5614,4944,3601,9362,6355,1460,2830,6077,1461,---2,5,4,4,2,3,4,5,3,3,2,4,2,5,4,4,3,5,5,3,
3584,2657,6667,6405,7973,7761,7768,7113,9931,6860,621,3539,8621,312,5991,2168,2611,3261,5950,7103,---4,4,5,4,2,4,3,3,4,3,4,4,3,2,4,3,5,3,2,2,
5667,7780,2245,6054,9020,1738,1005,7854,9007,2384,7795,4213,2966,5497,9497,6415,3036,797,5630,---3,2,5,4,5,3,5,5,4,5,2,4,2,5,2,5,2,3,2,
192,7841,1474,4123,9348,9545,7243,9471,945,7314,1107,6100,4661,9399,1108,4575,4157,9374,7263,---5,5,4,4,2,2,2,4,4,2,3,5,3,2,5,4,4,4,4,
8192,2464,6259,6660,4737,9847,5804,3133,3119,4560,2579,1942,6743,3992,2298,2300,3069,3230,9759,---3,4,4,5,2,4,5,4,4,2,2,4,2,5,3,3,2,2,5,
3111,8227,6145,2353,6312,1962,4427,2732,4621,14,5581,7121,5075,9785,1433,6170,2268,6385,639,---4,2,5,3,4,3,2,4,2,2,3,2,5,4,4,3,4,4,3,
1760,9474,9605,3398,5319,7512,2761,4970,866,7953,594,2328,3550,3062,3529,6072,9849,6717,7518,---2,3,5,3,3,4,4,4,2,4,4,5,3,3,3,5,3,2,5,
9953,7030,6088,9833,4522,9515,8985,8463,9009,6162,4980,1081,8150,3671,3865,4415,7101,9790,6591,---5,2,5,3,2,2,2,5,4,4,4,5,3,2,3,2,4,2,5,
3938,2726,1425,3145,3979,5229,3022,4969,721,2483,6676,6622,8841,7928,4151,3967,4125,1790,6015,---4,3,5,3,5,3,5,2,2,3,4,5,5,2,2,4,2,3,3,
2848,7152,7527,7652,5669,7911,1032,905,8039,3404,7853,9360,9970,8405,5664,836,9753,2458,4762,---4,5,3,2,3,4,2,2,2,5,2,2,3,5,3,4,3,5,5,
8550,7543,2980,5349,715,5103,5321,9239,1849,2286,8335,432,1719,4370,9270,9111,3545,7227,8933,---5,2,2,5,5,5,2,3,3,3,5,3,5,3,3,5,5,2,4,
9633,964,6757,9190,8840,5033,4366,528,3696,584,4766,2774,2647,922,1595,9884,6557,1174,6693,---3,5,3,4,4,2,3,3,2,2,5,2,2,4,5,4,2,4,3,
7431,4579,7972,6485,1094,2663,8424,2793,4999,9903,7984,5310,4259,2836,8565,6872,7132,7166,1845,---2,4,3,4,3,4,2,4,4,2,4,2,5,4,3,3,5,5,2,
5890,9475,1575,6923,9449,1802,107,3106,7034,1361,6322,9683,7926,6263,5656,3577,6769,3805,4447,---2,5,5,2,2,4,3,4,2,5,4,4,4,4,2,5,2,2,4,
246,6148,950,8966,9297,9161,7037,5419,2924,8765,3505,2229,6006,7529,412,3291,92,6362,5918,---2,3,3,5,5,4,4,4,4,3,4,3,5,4,4,3,2,4,4,
4353,8930,4390,4998,465,6889,7722,1799,8770,6193,5298,4150,2722,6940,6687,8444,2986,3807,7295,---3,5,2,5,4,5,3,2,2,4,2,3,2,5,3,5,3,4,2,
9376,7553,652,1571,2052,3686,363,4297,7319,9612,9421,4206,781,3308,5271,4025,4282,3951,893,---2,2,4,3,3,4,2,3,2,3,2,5,3,3,2,5,3,5,2,
0,2683,4166,262,9096,5228,3915,1452,2413,6862,1167,688,6994,6004,981,3796,7759,4987,5117,---2,4,4,3,2,5,4,4,2,3,4,5,3,4,5,4,2,4,3,
5409,9282,8772,2181,5250,2004,453,7019,4194,270,4978,2804,3319,2519,4724,2234,6052,732,9567,---2,3,2,3,2,3,3,3,4,3,4,4,2,2,4,4,5,5,2,
4001,386,8067,3399,5161,8139,7308,333,7470,2639,4465,5746,4276,982,4952,9018,1211,4284,4383,---5,4,2,3,4,2,4,2,4,3,3,3,3,4,2,2,2,4,2,
7556,5258,5005,337,8472,4120,4228,7962,7711,1955,9637,4145,6703,304,689,7071,3918,1617,8654,7399,3433,3693,9077,8917,---2,3,3,5,5,2,4,2,4,4,5,5,4,2,4,2,5,4,2,5,2,5,4,4,
1440,3536,6562,2845,4486,7014,8519,7154,1087,1431,44,1261,9485,3856,2226,3553,2349,8215,335,5222,8213,---2,2,2,4,5,3,2,5,5,4,2,5,3,4,2,4,3,2,4,3,5,
8608,353,5058,9092,5989,5062,1831,1169,1641,5770,6417,397,9038,815,3164,9041,3118,9596,1886,---2,3,2,3,4,2,3,3,3,3,4,2,2,4,5,5,5,5,2,
2512,1156,2990,1548,6734,3152,881,9106,8307,8628,277,6103,2040,2265,2588,2781,7006,4863,---5,3,2,3,5,5,4,5,3,4,5,2,3,3,2,5,4,3,
2496,2018,6371,5060,5029,2824,5987,3215,7344,7857,2227,3268,4324,1978,2811,9853,7998,5247,---2,5,4,3,5,4,2,2,5,4,5,4,5,2,5,3,5,3,
641,7395,4740,2220,1198,8592,5681,146,84,756,9974,3064,5145,1722,4251,572,2046,4351,---2,4,5,4,5,3,5,3,5,5,4,2,2,4,4,2,5,4,
4050,6177,5867,2852,1285,5889,9736,8329,2347,3053,4107,4448,8402,1219,2219,1496,3858,9885,---4,2,3,3,5,3,5,4,2,5,3,4,4,2,4,3,3,2,
4576,1473,6850,9441,2985,6775,3961,2224,7217,9458,3827,5492,7486,531,7817,7673,7419,8147,---5,4,4,2,2,4,3,2,5,5,4,4,2,5,2,4,2,5,
2048,7777,2376,630,6631,3112,7660,7726,2991,2256,785,7476,8949,8086,663,3608,126,2325,---2,4,5,3,4,3,2,4,3,5,4,4,4,3,3,4,4,2,
6849,9506,9891,1703,1704,5097,2622,1451,8684,9015,839,6705,8567,888,7225,9563,3068,5726,---3,3,2,3,5,5,4,4,4,2,5,4,3,3,5,2,4,3,
3616,8609,644,3173,3494,8237,1997,2414,6031,7600,9393,5203,7316,7157,9144,244,8766,8437,---4,5,3,3,2,2,5,2,4,2,5,2,5,2,5,5,3,3,
3905,4994,9339,667,1767,8200,3049,3143,4144,5008,2225,2431,7509,5336,3738,3803,5502,5919,---5,5,4,5,2,4,4,2,3,2,5,3,2,4,5,4,5,4,
512,1665,8436,2373,8806,3520,3530,9830,7213,4142,7024,5970,4275,3028,6262,4537,3002,474,---5,4,4,2,3,4,5,2,5,4,2,3,3,4,3,4,3,5,
1773,2310,9544,8713,4744,9132,1837,7054,7247,2864,5297,1554,1331,4761,9423,8380,4158,5727,---5,4,3,5,5,4,4,5,2,2,3,2,5,3,4,2,5,2,
2720,7681,802,8099,3815,9289,5738,3895,3436,9869,1297,6851,373,2742,9751,8828,4897,6783,---3,4,2,3,4,3,4,4,3,5,3,3,5,5,5,4,4,5,
4128,5088,8235,8837,5753,9704,3275,7724,3336,5768,1394,8788,7669,1463,724,3930,7131,7134,---4,2,2,2,5,2,5,5,5,2,2,2,5,4,5,2,2,5,
526,6375,8136,3228,8330,2891,9934,3067,5500,495,7125,9558,6135,4344,6329,9178,4215,6204,---2,2,5,4,5,3,5,3,3,5,4,5,3,3,3,5,5,4,
6369,962,3875,6475,8394,4747,6909,8430,8951,3818,8244,7221,9878,3959,7162,1151,2493,4799,---4,4,3,3,5,5,3,4,5,5,5,5,3,5,4,3,3,4,
2336,417,8834,1412,4356,7200,6344,203,1036,9965,7184,8804,1427,2998,1432,3833,9371,5043,---4,4,4,3,3,5,3,2,4,5,2,3,4,4,5,3,3,2,
288,4802,9461,3221,3324,5483,7084,9391,9681,5620,885,6070,105,916,1754,2075,508,7029,---3,3,5,5,5,4,5,2,3,3,3,2,4,3,2,3,2,3,
7680,5953,3024,2016,198,8104,6284,6890,7632,5389,4302,9808,5428,6839,4057,2172,3358,1076,---2,2,4,5,4,4,3,5,2,4,4,3,5,3,2,4,5,3,
9355,8332,6338,8726,6679,9881,2203,6559,3232,6440,8501,4021,4162,4803,5578,1995,5459,6357,2012,9452,6512,1273,5371,---4,4,5,3,3,2,4,2,4,3,3,3,5,4,5,2,4,5,5,2,5,5,5,
6017,5090,899,900,3909,2566,8757,4203,9517,8365,5520,1667,820,862,3704,2878,1535,---3,3,5,4,5,2,3,3,5,5,2,5,2,3,2,4,2,
640,1470,6789,5000,8425,4842,1525,8382,9648,8360,7859,9717,4851,4730,4015,3646,8821,---5,4,3,2,5,4,4,3,4,2,5,5,3,4,2,5,2,
6785,963,2948,4022,9134,6156,2669,9326,4595,80,944,1746,1747,9653,2358,5180,9182,---2,3,3,3,2,2,4,3,4,2,5,3,4,3,3,4,2,
322,4869,326,679,776,9577,7335,9582,207,913,4466,5395,693,4183,9912,361,6549,---4,2,3,2,4,5,2,4,4,3,5,3,4,4,2,2,3,
1984,2529,8739,4804,6917,5158,4040,6986,2318,659,5811,2806,9369,3578,8639,7036,3775,---4,3,3,2,5,5,4,2,4,4,4,5,3,5,2,4,5,
5156,3525,3882,9995,3896,2525,9585,2482,1971,1844,7925,5719,2968,4164,3023,2077,3327,---2,2,3,5,3,4,4,5,4,4,4,2,4,5,3,5,4,
2001,6230,9671,5897,266,3335,6382,7704,2323,4886,1335,7321,8441,9819,9436,241,7455,---2,3,5,5,2,2,3,5,3,5,2,3,2,5,4,4,2,
6978,75,3242,6859,9196,2914,7791,8885,3691,6997,6134,4345,3512,857,2906,5406,6613,---3,2,2,3,2,4,4,3,5,4,5,4,4,4,4,4,3,
4064,289,7619,1764,2406,5505,6125,1966,2481,7378,4758,1176,314,6140,282,478,7999,---3,3,5,5,4,4,3,4,4,2,5,3,3,3,4,5,2,
4640,9986,6691,5966,269,1158,9193,2509,7822,9583,5456,2221,7538,7555,5460,6421,4824,---4,3,5,2,5,2,4,5,5,2,3,4,4,3,3,4,2,
1026,4291,7589,8614,8775,7080,1084,8267,8397,8533,3862,1833,7832,3292,2301,1054,1429,---5,3,4,2,3,2,2,2,4,2,5,4,3,3,5,2,4,
9954,2475,8549,2758,2535,8392,1289,6315,1679,4945,5650,9780,4757,9112,60,2877,8031,---2,2,4,5,4,2,2,4,5,5,5,2,5,4,5,2,4,
3136,6464,4323,8589,9607,6220,8491,9215,8370,8269,3377,9266,6419,6136,1851,2140,5439,---4,3,3,3,3,3,3,5,4,4,5,2,3,3,4,3,5,
7745,6374,3334,5031,7016,6410,3470,5904,5458,8723,4755,6037,3510,1687,4698,380,6527,---4,3,2,5,5,2,2,3,3,2,3,2,5,2,2,4,2,
6432,161,6084,3461,2746,5244,9066,3563,593,2006,3000,7833,5978,796,6826,5338,6239,---2,2,3,4,2,2,2,3,5,5,5,3,2,4,3,2,4,
2693,4903,9973,746,5675,1573,7894,3217,723,4628,542,4214,2279,9946,6939,9054,4485,---2,3,3,5,5,5,5,5,4,2,5,5,5,2,2,3,3,
7936,8705,4928,4421,7655,490,1071,4720,1745,402,6883,1878,9752,5850,5339,762,8414,---3,4,3,3,3,3,2,3,4,5,2,3,5,5,2,2,2,
6274,294,6038,5926,7313,3246,3677,5936,6577,6870,2038,6167,3448,6335,541,9725,3141,---3,2,3,5,3,2,2,4,4,3,2,4,2,5,3,5,4,
7394,6563,6372,9350,4426,5303,4558,765,4624,4099,4308,1653,7703,9647,3987,8426,8703,---3,4,2,2,3,3,5,5,2,2,4,4,3,5,5,2,5,
4289,1634,1444,7151,8137,6542,8492,5646,4815,7439,9470,1814,4858,7099,8732,6846,2655,---4,2,5,4,3,2,4,5,3,3,2,3,2,3,2,2,3,
3472,9763,8741,4551,1962,9767,2732,5549,4592,3985,8835,6039,1558,1847,1433,8019,3809,9788,7141,---2,4,4,3,3,2,4,2,4,2,3,5,3,3,4,4,5,4,3,
3937,8715,9363,3717,1355,876,3725,3824,7907,5014,9528,7129,2682,9629,8990,1503,---5,4,3,3,4,2,3,3,2,2,2,4,5,2,5,5,
8869,3400,5148,6792,4939,5260,1839,7473,8338,6163,4476,1160,7579,4092,106,510,---3,5,2,4,3,2,5,5,2,3,4,3,4,2,5,3,
7809,5475,8454,8145,9117,6698,6028,8143,4721,8434,8179,3898,9691,6426,7070,863,---4,2,3,5,5,4,3,5,5,2,2,5,5,3,2,4,
961,8607,3419,3244,458,4651,4076,365,3885,9840,7411,7583,8947,9645,8767,8383,---5,3,2,3,5,3,5,4,2,3,2,3,4,3,5,3,
4736,7072,6083,8068,2294,3078,4073,330,4299,9293,4723,2901,5526,4632,605,4895,---4,4,2,5,3,2,5,5,4,4,3,5,2,2,2,5,
4097,2147,5316,2471,8135,2187,8717,4205,49,8131,643,5269,5657,4223,6781,4255,---5,4,2,5,2,4,3,5,3,4,5,2,4,5,2,5,
384,1028,8358,9766,232,4619,5766,2000,7800,5234,6046,4278,5112,8313,5085,7390,---4,3,4,5,5,3,4,5,2,4,4,3,3,4,5,5,
1761,8386,5252,9889,4748,8097,9614,2322,2291,2356,5141,4887,8154,6875,5754,8670,---3,5,4,4,4,5,2,2,2,2,2,2,4,5,2,3,
4610,4644,454,966,6306,4072,2762,8482,2733,6024,7124,3894,2905,358,1128,9382,---2,4,5,2,4,4,3,4,2,2,3,3,3,4,4,4,
7942,7435,9388,1421,8526,5007,3346,5491,2994,6581,9334,5463,1439,7069,5246,1311,---2,4,3,2,3,4,4,3,5,4,2,3,2,3,5,2,
1472,1920,6438,7656,8585,2809,4460,6765,8009,4525,8552,7381,9705,4953,8328,1791,---5,2,4,2,2,4,5,5,2,2,3,5,5,4,2,2,
9312,6465,8387,1892,8357,1414,2113,9129,7587,6386,5107,310,2359,3257,3134,9343,---3,5,5,2,3,2,2,4,2,3,5,4,5,5,2,4,
9666,8123,2791,1193,1835,4719,6063,1329,947,1716,2755,6569,5275,4732,3613,4063,---3,3,3,4,3,5,3,2,2,2,2,3,4,3,5,2,
1601,3,296,7753,4650,8557,1101,2799,5042,4532,9718,1239,4024,6905,6491,4948,---2,3,3,3,4,5,3,2,3,4,2,4,3,2,5,2,
9852,6402,8291,8069,5671,3752,73,8685,8901,6290,6428,9143,4570,8284,1853,5855,---5,5,4,2,3,3,3,5,4,5,2,2,2,2,4,5,
2477,624,4859,3877,4871,5687,2967,12,5869,5134,5981,592,3828,7061,7606,3385,8377,1562,831,8189,7135,---3,3,4,3,2,5,5,2,2,3,2,5,4,3,3,3,2,3,5,4,3,
4385,3938,9575,8647,136,5963,3979,6029,879,2257,2014,8727,120,7161,479,6831,1790,8447,---3,4,5,5,5,2,5,5,5,5,5,4,4,2,2,3,3,3,
5216,9316,2690,803,4964,9996,2062,112,4849,4883,3700,6453,376,3705,2079,---2,5,2,5,5,4,3,2,5,3,4,5,4,5,2,
5440,674,2501,4904,7337,9719,7993,4143,9192,1717,8599,9336,569,9375,7391,---3,5,5,3,5,4,4,2,3,4,4,3,3,4,2,
5408,9979,2195,1798,8391,2508,1293,9710,3025,3186,5619,2679,8697,2874,4731,---2,3,2,5,4,2,2,3,3,4,4,2,4,2,4,
9600,7937,5603,3973,3017,6892,6574,3632,3928,8531,7385,9720,6169,5243,6128,---4,4,2,4,3,2,5,5,5,4,2,3,5,2,3,
5344,8960,4258,4484,7168,6087,5800,5900,6668,5774,3537,5940,3606,4404,6175,---3,5,5,3,2,4,3,3,4,5,4,3,2,2,5,
7488,1099,1701,6823,424,3644,1771,3981,4462,9201,6360,3944,5820,6686,3301,---5,2,2,5,2,3,3,4,4,3,3,5,2,3,5,
7873,1445,2215,7561,2314,6864,6771,4117,3094,2551,1241,5787,7388,702,9023,---5,4,4,5,2,3,3,5,5,3,2,3,3,3,3,
7233,4811,7430,6887,7528,6337,1227,4140,2872,163,3636,213,1857,8381,6526,---4,3,4,3,5,3,3,2,3,2,4,3,2,4,4,
8673,5251,5253,7718,6856,7209,7901,712,515,9908,5096,9353,2553,2428,5053,---4,4,5,5,5,3,2,5,4,3,4,3,3,5,2,
3620,9606,6854,9288,7849,3660,1320,6579,6966,4489,169,3642,6267,1052,5466,---5,5,3,2,2,4,3,4,4,2,3,3,3,5,3,
449,9089,8808,1865,1772,6606,5164,7153,7954,2486,9079,2753,6299,7628,4093,---5,3,5,3,2,4,4,3,5,5,4,3,5,2,4,
4224,4931,5988,4662,406,7594,267,9228,6779,8023,6486,9335,1082,539,3965,---2,5,5,3,4,5,2,2,2,2,4,2,2,2,5,
1126,838,5448,7881,6283,8364,6349,2712,5555,7637,4854,1909,4888,3165,8159,---4,5,3,3,3,5,2,2,3,3,2,2,2,3,3,
1376,2881,930,4902,775,8712,8201,1965,7408,720,1998,8919,346,5792,1438,---5,3,2,5,3,5,5,3,5,5,5,5,3,4,3,
7458,3813,3721,8694,4301,3854,5149,4176,2673,3826,5494,3386,3963,7674,2783,---5,2,5,5,2,4,5,3,2,4,4,5,3,2,5,
6112,9792,633,1056,8489,5482,2380,7565,7280,8274,1555,4085,7479,7097,6684,---5,3,2,3,3,2,5,4,3,4,5,3,3,3,5,
5921,7266,6694,2855,1386,1292,9634,7773,9907,7444,7541,5561,5551,2941,798,---4,4,3,3,2,3,2,2,3,5,2,4,2,3,5,
9536,3361,1283,167,4968,2826,43,6060,9521,93,6352,8977,9172,7318,7325,---2,2,2,5,5,4,2,3,4,3,2,4,5,4,4,
4996,6278,3722,1259,4270,1424,2072,3538,1491,5720,3492,6682,5499,4861,382,---2,2,2,5,5,4,4,3,3,2,3,5,3,3,4,
5856,9825,4706,5571,101,2439,488,1660,4077,303,6928,5154,9769,6972,4381,---4,3,4,5,5,2,4,2,3,5,5,4,2,3,4,
9217,4,9865,3467,4110,1296,7831,9851,8998,1581,7089,9011,5557,3254,4026,6467,1862,5960,4042,1489,9685,7897,3674,9437,8032,3555,5883,1916,---5,5,5,5,4,2,4,5,2,3,4,3,3,5,5,3,5,4,3,4,5,3,5,3,2,5,5,2,
8929,3919,7940,4741,4580,2984,6921,3050,3245,6893,9258,6644,5527,8735,1369,8314,9499,6301,5826,4191,---5,5,4,2,4,5,2,2,3,5,3,3,2,4,5,3,2,5,3,3,
8288,1218,5699,9860,959,998,4361,870,1065,6093,7951,8209,1588,301,2185,3544,5530,5755,2399,---2,3,5,4,2,2,4,3,5,2,5,2,2,3,3,5,4,3,2,
0,5153,834,2883,7445,7769,8618,8974,451,3747,981,345,9945,9114,4987,3662,5117,9599,---2,4,3,2,3,2,5,2,5,5,5,3,5,3,4,5,3,5,
7138,4059,6212,2245,8134,5640,9020,1005,1456,5777,6418,6995,2196,8762,3835,3676,5629,---5,3,4,5,2,4,5,5,3,5,3,3,3,3,2,5,2,
6048,2277,8458,2199,2604,3887,6769,6515,4218,9273,5656,665,7034,8175,7324,4154,9119,---3,2,5,5,4,2,2,2,3,4,2,3,2,4,4,3,3,
165,5202,5348,5061,8680,397,5968,6289,178,1557,4279,1689,8698,8826,3454,5989,---4,2,2,2,5,2,3,4,2,3,5,3,3,5,2,4,
1344,4208,4834,4965,5351,4584,3010,5776,8690,3925,2777,6424,4729,1626,6881,3903,---2,3,5,2,2,3,2,2,3,5,4,2,3,4,3,2,
6948,6323,6598,5159,9644,4716,4366,1103,1104,2161,7827,7497,7256,8601,4127,---5,3,5,3,2,3,3,2,5,5,2,3,4,4,2,
769,8324,9733,199,2216,4873,5706,6161,2484,7689,7066,4735,1469,6085,---2,3,4,5,5,4,3,5,3,5,3,5,5,3,
8224,2786,3496,2556,7947,3052,7506,9748,1301,2550,428,8796,2174,5567,---5,4,2,4,5,2,4,3,3,2,4,5,5,5,
8587,5592,8075,6511,9712,3441,3075,3892,1016,1780,1711,8541,2302,7615,---2,4,5,2,3,4,5,3,3,4,4,4,4,5,
8100,6309,4934,7466,909,6830,2032,6706,7155,1620,2894,8858,6555,6266,---4,3,2,2,2,3,4,3,5,4,2,3,2,5,
5120,2338,9419,230,743,8968,5225,7339,5325,4623,4016,5842,3605,7736,---2,2,4,4,3,5,5,4,2,3,3,3,4,4,
4539,3076,7976,3255,1004,2190,4349,5969,7502,7927,9146,6139,1533,3582,---4,5,2,3,4,3,2,2,2,4,5,4,3,4,
2213,5346,9603,9665,3816,1553,2440,6253,7336,8850,5913,8025,1246,4709,---4,2,4,3,2,5,5,3,3,3,3,4,5,2,
1313,7938,4707,3777,5673,906,615,5772,2739,8534,2455,9338,2620,442,---4,3,2,3,5,2,4,4,3,5,4,2,4,5,
2307,6340,3656,2378,4754,1935,5265,8946,7299,3316,349,4311,9380,1322,---4,5,5,4,4,2,3,4,4,2,2,5,5,2,
3873,2619,4294,2631,873,7179,7021,5522,5975,3609,1882,26,4090,926,---5,4,4,5,2,2,3,2,3,2,2,2,4,2,
7520,5376,8603,1700,1189,3754,3211,6444,4173,6002,6328,4058,9723,8058,---4,3,4,5,2,4,3,2,3,5,4,4,5,3,
3008,9828,2725,2118,5287,7049,4972,3150,399,1041,4533,5816,3450,5190,---4,5,4,2,4,2,3,2,3,5,3,2,2,4,
5708,1633,9798,3949,5353,780,4141,3183,8272,6281,4696,8319,1724,3391,---2,3,3,5,3,3,3,4,3,2,2,4,2,3,
9473,3842,1572,2599,2282,9323,2194,7982,4495,9042,3958,3099,1418,2430,---4,5,3,2,3,2,4,3,5,2,5,4,5,5,
448,3872,6213,4170,8747,2188,589,366,6608,7058,6837,2007,7738,223,---3,2,4,5,4,3,5,5,2,5,5,2,4,5,
5025,4738,1155,3975,6956,1730,2734,3151,6065,6179,8597,5238,9084,1950,---3,2,3,5,4,5,3,5,4,4,5,3,5,3,
4417,8969,5553,5932,6763,9868,5585,4818,5652,4694,8297,1964,1175,1541,---2,3,4,2,4,4,4,3,3,3,5,2,3,5,
9569,1250,676,7559,4425,6122,5100,6104,3093,5559,7576,5789,7934,7167,---3,2,5,2,5,4,3,3,5,3,3,2,2,3,
7297,9115,6822,513,7310,3663,8720,977,7251,7959,8568,4443,9275,8637,---3,3,5,4,4,4,4,5,3,4,5,5,4,3,
7237,5895,3273,9835,4493,7281,243,5588,5013,5942,9816,7775,347,3583,---3,5,3,4,3,5,3,5,2,4,4,5,2,5,
8675,9750,9479,8716,6539,8620,685,4338,307,3731,7979,4566,9975,598,---3,4,3,5,5,4,4,5,4,3,2,4,4,2,
4672,3137,8898,9540,4245,5611,5282,2066,3989,4249,8473,3739,5822,4543,---4,3,2,5,2,5,4,3,4,2,4,2,5,2,
6336,8707,7110,8657,6828,6547,653,5518,9137,1763,2231,9530,5595,1692,---5,3,2,3,3,2,2,2,5,3,4,3,2,3,
8803,3197,9033,1003,1324,2445,6871,8079,6999,4675,8055,9551,5027,1182,---4,5,3,5,5,4,3,3,5,2,4,5,4,4,
5281,5414,4225,6216,3612,6891,4492,334,4563,7573,3673,6585,6044,9791,---3,4,5,2,5,4,2,3,3,4,4,4,3,2,
8704,7712,8867,2404,9099,1448,619,4940,5933,948,9525,86,5370,2042,---4,4,5,3,4,4,5,5,4,4,4,4,5,4,
256,7041,5891,9097,1804,8337,8342,27,3100,2719,1568,5793,5797,2217,5818,5694,4161,8258,2885,5958,2002,1751,570,4454,4198,3581,---3,2,4,4,5,5,2,3,5,5,4,3,3,4,3,4,5,4,3,2,3,2,2,4,5,5,
7303,7048,2953,398,22,3746,4773,7210,4656,4913,1078,7864,191,5447,4044,8656,1497,4699,2526,6114,7915,1388,1013,---4,5,4,2,2,2,3,2,3,5,4,2,3,2,5,3,3,3,4,3,3,2,3,
7424,2177,5218,1861,9222,9940,9065,4106,459,8078,4463,8976,8018,2644,3790,5529,4664,7156,4413,3206,5119,---3,5,3,3,2,3,3,5,4,4,4,2,2,4,3,2,5,2,4,2,4,
2304,2370,3272,522,9977,109,5006,5711,9486,8185,1972,5205,5142,471,8793,2964,1949,8798,---3,5,2,5,3,2,4,2,5,2,4,5,3,2,3,4,2,4,
4452,6758,9489,5865,6346,9742,7407,2321,7258,7189,5302,2494,2936,3994,6586,4318,6389,---5,4,2,4,4,3,4,4,3,5,4,2,3,4,4,5,4,
8576,1569,9218,1732,2438,902,4743,1768,2842,1932,7725,590,3857,5858,602,3304,---4,3,2,2,4,4,4,4,5,4,5,5,3,4,3,5,
1248,9057,2,9964,2948,997,7686,9068,8652,5262,7215,4593,1746,3347,2358,8667,---5,2,2,2,3,5,3,4,3,5,4,4,3,2,3,4,
5029,5987,7013,5127,9701,3182,5391,7344,3416,2932,23,3640,9204,8255,5885,8613,---5,2,4,5,3,5,4,5,4,5,3,5,4,4,5,3,
1953,2626,869,7560,4651,7758,6640,1137,1298,696,6042,8540,2685,350,---5,2,4,4,3,5,4,2,3,3,5,3,3,5,
1803,9253,9803,6381,8910,9620,6709,5686,3864,5849,8223,5660,6079,---4,2,3,3,4,3,4,3,5,3,3,5,5,
3456,7970,9443,2248,6697,3213,3278,9424,3763,3445,8822,7929,3226,---2,5,5,2,3,5,3,3,5,2,2,3,5,
9440,6498,9187,1093,2983,9578,2287,2098,2421,4149,1207,2602,3685,---3,3,3,4,3,4,3,2,3,5,2,3,3,
2560,2019,2789,5382,1224,3178,8363,4332,2126,7440,2676,2071,601,---5,3,2,5,5,3,3,2,3,5,5,5,3,
5185,1499,8036,7845,5478,5002,6390,2127,4437,4918,409,3643,4829,---3,3,3,3,3,3,4,3,3,4,3,2,2,
3675,8228,1638,4710,9035,7949,4498,9043,7284,9636,411,9469,5023,---5,4,5,3,4,3,3,4,3,4,5,5,5,
3072,5761,7334,5313,71,8077,4398,7229,496,3830,9231,2236,2973,---3,3,2,4,2,2,3,4,3,2,5,4,5,
6944,2945,1636,1286,8593,8751,3665,6741,6614,1592,175,4926,2581,---2,2,2,2,5,5,5,4,3,5,2,3,3,
8448,8289,1795,8964,5558,8746,2827,6478,437,3734,4823,2552,5435,---4,5,5,3,2,5,2,5,4,2,4,4,4,
5512,5354,555,2702,829,3216,1905,818,6963,5879,9051,8700,394,---2,3,4,2,2,2,5,4,5,5,4,4,2,
800,8003,8579,6345,1818,7569,979,6517,279,6010,8605,8862,9813,---4,5,5,3,4,2,5,3,4,4,4,4,2,
931,3396,9893,9094,8007,4105,2794,4363,8839,5102,211,485,8287,---4,5,4,2,2,4,2,3,5,5,3,5,2,
290,8047,7878,3462,4872,300,748,1135,145,8870,4975,9279,8191,---3,3,4,5,5,2,2,2,2,3,5,3,3,
5122,7300,6653,1610,2572,5186,9774,559,3921,1912,955,3356,3901,---5,2,4,4,5,2,2,5,3,3,5,5,2,
7285,9988,2134,5639,9923,4121,821,4502,215,1593,2939,1244,7487,---2,3,4,5,4,4,4,3,3,2,5,2,4,
544,3312,795,1825,5608,1513,3370,6224,7633,2258,6003,6395,9755,---5,2,2,5,5,5,4,2,4,4,4,5,3,
9281,9771,9990,8777,7115,2157,2159,6225,3730,7733,3033,4412,6333,---5,4,4,2,5,4,2,2,5,2,4,3,4,
7232,9313,8994,5380,9573,1606,3630,7289,9208,9401,154,6427,3840,---2,5,5,5,4,2,2,5,4,3,5,5,3,
6536,2727,8456,4924,9867,1199,5233,9366,7375,4604,2045,8190,2943,---2,5,3,3,5,4,3,2,5,3,5,2,3,
4993,2306,5317,1639,9928,9870,6992,2536,6707,6901,9627,1116,7870,---2,4,5,2,2,2,5,5,5,4,3,4,5,
6532,645,2073,7322,6300,9757,34,8485,6570,6317,3383,3897,2119,5834,843,2253,4049,2003,4182,4695,3802,5596,7412,---3,4,2,2,3,3,5,4,3,2,5,3,5,3,3,2,5,4,2,2,5,5,2,
8706,7304,5392,274,5272,7108,4382,8902,3759,3761,1202,7612,9021,7236,8774,5474,4047,5712,4313,6748,5853,8546,7294,---5,2,2,5,5,3,2,5,2,2,4,2,3,5,3,5,4,2,2,5,5,4,2,
3265,9090,4075,871,8559,9003,1066,3947,3459,4642,5199,2928,3277,3027,8089,3769,2650,7003,7836,8317,5054,---4,5,4,4,4,4,5,5,4,4,3,5,4,5,4,3,3,3,5,2,5,
6209,5570,6470,4561,1256,5450,9362,1967,8816,3729,2802,6643,1461,5084,---3,5,2,4,2,2,4,4,3,4,2,5,3,5,
480,5171,9521,2636,9102,6671,2609,1106,7923,8977,7065,5722,8156,3229,---3,4,4,5,5,5,5,2,2,4,4,5,2,4,
3266,4419,1833,9548,3906,3506,1429,7094,1304,7450,2843,6268,5725,9086,---2,5,4,3,3,4,4,3,3,4,4,4,4,4,
2659,4612,4229,2473,1034,3116,6738,8719,8624,5426,887,9417,271,8895,---4,2,4,2,3,3,4,2,5,4,5,3,5,4,
3744,4086,5942,1543,4615,9997,1710,2547,2549,9014,1014,987,6431,---4,3,4,4,4,3,5,5,2,4,4,4,4,
1179,4316,5902,5999,3282,2771,6518,6201,8473,378,4507,3516,3325,---2,4,2,3,4,5,3,5,4,2,5,5,5,
4704,1830,4109,1326,47,6836,7966,8918,5455,3837,3326,1358,---5,2,3,4,5,2,4,4,5,2,5,4,
2912,6401,6181,8168,6089,842,9643,8631,7609,4602,3741,990,---5,5,2,2,5,3,3,3,3,4,2,4,
8512,7585,6916,7046,1735,7535,3475,8372,6454,1050,666,7102,---4,4,4,3,4,3,5,3,3,4,2,5,
67,9159,4168,812,1868,302,2545,7747,2292,1270,7608,2782,---2,4,4,4,3,3,3,5,5,5,4,3,
6530,2150,1254,1514,7586,4482,9298,7668,3284,7621,2335,1663,---5,3,3,4,4,2,2,2,3,5,3,2,
2784,3139,9542,7077,8198,7211,8045,9170,1779,7924,5083,6271,---3,3,4,4,5,2,5,4,5,4,4,2,
5600,3808,5986,3845,8028,9775,7056,4310,6071,5372,4094,4197,---3,2,3,4,4,2,5,3,5,3,5,4,
7584,257,7174,5830,4794,714,4429,942,6675,9625,2202,509,---4,4,3,3,5,5,3,4,2,4,4,2,
1889,6477,2958,6637,7250,6164,7086,3926,5615,3132,7582,9749,---3,4,5,2,3,2,4,3,2,5,5,3,
7744,2498,8677,6812,8590,9807,4253,1532,4115,316,4925,5631,---3,3,2,5,4,3,5,2,2,2,5,4,
737,5794,651,5413,7403,6829,6926,5489,4820,1237,7639,6587,---4,2,2,4,4,4,5,4,5,2,4,2,
806,7239,8008,3434,8523,4531,8277,4458,2295,3355,1820,7274,---3,3,5,4,4,4,3,2,2,4,5,4,
9664,3920,1954,1635,1675,2764,7741,2608,3090,9107,2008,4765,---3,5,3,3,4,3,4,2,4,3,2,3,
7844,5078,4807,3751,4335,3474,2419,1236,7574,8663,9220,1183,---2,5,4,4,3,3,4,4,5,2,3,5,
3073,3446,7079,8076,4637,4496,181,54,6200,5839,4477,2142,---3,5,4,3,5,3,4,5,5,5,5,5,
8001,7588,726,5798,201,2039,4789,5910,4457,7803,6332,3125,---3,3,4,3,4,4,3,2,4,4,3,4,
3939,4676,9800,6863,2707,2708,9237,5974,4185,5626,1659,8373,---3,4,5,3,3,4,5,4,2,4,5,4,
1762,3626,4684,5357,462,6509,4787,596,3162,7835,9295,9546,---4,3,4,4,4,4,5,4,4,5,3,3,
550,9639,362,1063,5452,9197,1841,7218,6554,9319,5052,5245,---5,3,3,4,3,2,3,4,5,4,2,2,
736,1025,6113,5064,1869,4845,8336,168,9109,7640,4410,8508,---4,2,5,4,4,5,4,2,3,5,4,3,
1407,3195,4806,6282,8497,115,9557,9559,2819,634,3519,1951,---4,3,4,2,3,2,2,5,3,2,2,3,
6594,7427,4132,5961,5130,1260,5490,4146,8254,730,4666,6142,---2,2,2,4,4,2,4,5,2,2,3,2,
4192,9451,2756,6053,939,4797,625,5854,5764,1373,5214,5701,---5,5,4,2,3,5,4,5,5,4,3,5,
5539,8389,2348,875,4236,6767,7920,8466,6099,4983,9496,3003,---5,4,4,4,2,5,5,5,2,3,4,3,
5602,5412,2790,8876,717,8017,9490,697,8057,4914,1305,9122,---5,3,4,5,3,2,4,4,2,3,5,2,
6914,1924,7562,1678,1039,2192,9233,9240,3460,3868,7967,5537,924,810,4017,7095,4542,7623,4178,2645,4065,8936,1518,8304,4456,9715,9983,---4,3,5,4,5,5,2,5,3,5,5,2,3,3,2,5,4,2,3,4,5,5,2,3,2,4,4,
1643,3463,3724,8334,4367,5651,5653,5659,4715,6436,3749,2214,6457,8506,5947,4285,5965,1871,6869,6617,5723,7645,9403,8937,5355,2684,---2,5,2,3,5,3,4,3,5,5,5,4,4,2,3,2,5,3,4,4,2,2,2,5,5,5,
801,3171,2788,4455,8648,2076,2671,7851,8301,3421,687,4513,2930,3439,9846,7224,6589,3611,7644,1149,7139,---3,2,2,4,4,2,2,4,5,3,5,3,5,4,3,5,3,4,4,5,5,
6050,587,1415,9349,5511,9672,2103,749,4111,2059,2696,9618,7508,4342,9687,4088,4431,9276,9405,---3,5,3,2,4,3,3,4,4,4,5,2,2,3,5,3,2,2,5,
1474,6330,9348,2922,6946,9359,7696,6100,4661,1162,3831,1753,8794,5179,4930,4157,7263,---4,4,2,2,2,3,3,5,3,5,4,2,4,5,3,4,4,
1632,9024,3579,6902,7302,7905,4296,9163,1295,6483,2164,1726,8374,2137,4955,5917,318,---2,3,5,4,3,2,3,5,2,2,2,4,4,3,4,5,2,
2048,5094,8935,1079,7660,9709,5230,9367,7476,2325,9206,663,119,4231,9053,3295,---2,4,4,3,2,5,3,5,4,2,2,3,5,4,5,5,
3318,9768,7496,969,5067,5501,9136,6961,3954,7571,6838,6807,2904,764,1661,2334,---4,5,3,3,4,2,3,2,3,4,2,4,4,4,5,5,
9216,9431,9894,1073,2600,9321,1898,1111,4504,5330,788,1048,7945,4184,606,---2,5,2,3,5,3,5,4,4,3,5,4,4,2,4,
2145,5573,5574,6443,8044,142,4175,8560,5138,5173,6638,8027,6493,1877,---4,3,3,3,4,5,4,2,3,2,2,2,2,2,
8387,4900,2534,8838,3144,4247,6604,2359,8088,6778,8188,3485,7679,---5,3,5,5,3,2,4,5,3,2,3,2,4,
9982,8805,8038,9128,6634,4850,9013,7866,4155,8554,2622,1317,---5,4,2,4,2,3,4,4,3,2,4,2,
6049,6308,6182,265,4333,4238,5871,9902,9531,9630,4629,---5,2,4,2,3,5,2,3,4,2,3,
483,4677,6449,2408,1707,6320,4113,4697,9855,9597,2405,---3,3,2,5,2,2,2,3,4,3,5,
2305,4568,8646,7240,845,13,408,5462,7192,2586,8604,---3,5,2,3,5,2,2,5,4,5,3,
9155,5540,586,3159,8718,1650,691,4692,9943,2652,778,---4,3,4,2,2,5,4,4,5,2,3,
7651,1925,9320,1623,9389,1808,8030,9207,3449,9534,1205,---4,3,2,5,4,3,2,3,4,3,2,
1887,7269,6379,8460,8002,6655,953,8410,1275,7198,6623,---4,3,4,4,4,4,2,3,2,4,3,
7493,7868,9418,4364,2093,1714,4947,5624,4601,2044,1119,---4,3,3,5,3,5,5,4,3,5,2,
3911,5576,5194,7665,4082,7861,4536,2970,3163,3740,3669,---3,5,4,2,4,2,4,2,4,3,4,
2724,3015,2570,4528,5873,309,9879,4728,3034,8060,949,---3,2,2,5,4,4,3,5,5,2,2,
3172,4071,3369,3627,4974,3503,1713,55,2009,3130,6109,---4,2,3,4,3,3,2,4,2,4,2,
738,9030,3016,4233,4586,975,7794,7893,8186,4234,670,---2,5,3,4,2,3,5,3,2,3,3,
832,3683,261,8362,6095,5360,2033,403,2935,9017,7357,---2,3,3,4,5,4,2,2,5,3,3,
128,642,8517,1287,10,8469,2392,858,8220,6877,8638,---4,4,4,5,2,2,2,4,5,5,3,
3684,5925,6599,8616,8074,4048,9512,5464,4826,1192,6525,---3,3,2,2,2,3,5,4,4,2,4,
2593,7140,9413,7047,364,7309,4046,8596,4917,5819,6101,---5,5,2,4,5,4,2,5,4,4,3,
4130,3205,4199,1870,7377,4181,2678,3546,8315,2621,1279,---5,3,4,3,5,3,5,5,4,3,4,
425,2476,1457,1522,9430,6199,2744,3647,4347,9149,2751,---2,2,5,2,5,4,4,3,4,2,4,
9922,323,3432,5132,2956,9837,2606,5296,9491,757,5015,---2,5,5,4,5,3,3,2,3,2,3,
1952,8163,1585,9962,5741,5901,17,6197,5432,5050,9994,---3,3,2,4,4,5,5,3,3,2,3,
3233,7499,9420,3726,5359,9843,3509,790,727,9211,3999,---3,5,5,5,2,5,3,5,4,5,3,
1249,8427,3051,3535,6192,4739,3348,4217,9108,9407,5791,---3,3,3,4,4,5,4,2,4,4,4,
2944,5345,9378,8197,39,6408,2699,9004,3085,2927,7183,8148,3477,1049,5304,6868,511,1983,1727,---4,5,4,5,4,3,2,5,2,3,4,2,4,5,3,2,4,3,5,
8465,1704,841,7306,8711,8908,3068,5710,3089,6705,8567,888,1265,5404,1209,---3,5,2,5,3,2,4,3,5,4,3,3,4,2,4,
3843,3590,4518,9905,3817,9897,5137,6546,6260,5785,5113,2522,123,4636,741,---4,3,4,5,4,3,3,3,3,2,3,3,5,3,5,
3330,1123,2212,6149,2952,4554,5451,2319,6196,8662,6519,1276,6847,---4,3,3,4,5,5,2,4,2,5,2,3,5,
7393,8738,2595,3077,5825,3625,8906,4467,9203,3547,4156,---2,2,4,4,2,4,2,3,2,2,5,
96,6722,1283,5575,6013,9383,3340,3357,3568,978,5597,---3,3,2,3,4,3,2,5,2,5,3,
806,5393,4079,7760,1649,8916,951,1656,8666,7279,2495,---3,3,4,3,4,2,2,5,4,3,3,
2499,2632,9225,1931,6600,5752,6840,5693,958,5151,---3,2,4,2,4,4,3,5,2,2,
1856,7590,9126,4264,7503,3376,8435,2037,3013,8261,---3,5,5,3,4,4,3,2,4,3,
2625,4034,9476,7432,6256,5938,8464,784,9810,886,---3,3,5,4,5,4,5,4,5,2,
5024,4555,2308,8171,2987,8847,4791,7288,3097,3567,---4,4,4,3,2,4,4,3,4,3,
610,516,2412,2705,3379,4949,3513,5786,3484,1277,---5,4,4,2,4,3,4,3,2,3,
9153,8514,2979,4420,8005,9095,7018,3394,1947,1893,---2,4,2,5,5,4,2,4,4,5,
293,1420,6605,9616,7443,1364,4180,9370,4927,9823,---2,4,5,5,3,4,2,2,2,5,
5217,9251,1098,7819,1933,6292,1302,7996,8970,4031,---2,3,5,2,4,2,4,5,4,3,
7361,131,3397,4519,2546,2866,4565,2648,4411,4581,---3,5,2,3,3,3,3,5,5,5,
3387,450,8475,1926,5293,1359,5808,7286,9145,2587,---4,2,4,4,3,3,3,2,5,2,
7104,2480,2050,7719,1383,5231,9200,4817,9103,3836,---5,3,4,2,5,5,2,5,3,4,
7716,1129,6090,6699,4605,1012,9173,138,6043,1245,---3,3,4,4,5,2,2,4,2,5,
1956,9734,2377,5930,8941,6925,5449,5604,9532,4959,---3,5,4,2,3,5,4,5,5,4,
4899,9156,988,1838,4207,6227,5140,9081,7547,2364,---2,3,4,2,5,3,3,3,3,4,
4195,7749,7816,9002,5454,8658,1363,1396,6190,3423,---2,3,4,4,5,5,4,5,5,2,
5760,3586,6504,8905,811,8754,562,21,7705,5756,---5,4,2,2,3,3,4,5,4,5,
1312,8771,8325,7494,3753,395,7635,1749,2108,8101,---3,5,2,2,2,4,2,4,3,2,
9670,7050,4459,1580,1902,7664,8275,2487,8311,8253,---5,4,3,2,2,3,4,2,3,2,
3940,9924,4041,8461,9967,7826,7990,1881,2555,4252,---3,3,4,3,4,5,2,2,4,2,
7552,9595,7624,1323,6797,4392,8539,9087,9438,5983,---4,4,3,4,4,4,4,4,3,3,
8000,5441,5666,3203,4838,2666,8155,1948,830,4831,---2,5,2,4,4,4,2,2,4,4,
3429,4746,2988,1330,1395,6974,4599,4860,5469,4478,---3,3,2,4,3,2,2,3,4,4,
865,1986,4293,8871,6791,6514,8114,759,8889,1436,---3,4,3,5,2,2,4,4,3,2,
9411,7384,1552,3249,1428,6166,4280,8180,2780,7188,---5,2,3,5,5,2,5,5,5,2,
2435,5892,534,5004,5135,6294,1442,7331,7846,6439,7089,9152,7235,455,7626,2379,3026,8428,9554,8945,6258,636,---4,2,4,3,3,2,3,5,5,5,4,2,3,3,4,4,2,3,4,4,5,2,
3844,3495,1097,3594,9547,2803,5648,8152,6983,6186,1941,150,4663,7352,8636,6365,5365,---2,2,4,3,2,5,5,5,3,2,2,5,3,4,3,2,3,
7904,65,7650,5249,3080,3575,4909,4936,9480,8120,3188,2839,3192,9914,1809,5599,---4,2,4,5,4,3,5,5,2,5,2,4,2,4,3,3,
2288,3717,3110,3937,7244,9446,8848,6131,5342,7545,5658,7707,9629,1918,---4,3,3,5,2,3,4,3,2,3,5,2,2,4,
8353,6210,1699,7525,4134,9841,4713,1770,8591,6353,7971,8886,6108,9290,---5,4,2,4,3,5,2,2,5,2,5,3,2,3,
4961,8075,7268,7045,6625,9127,8587,7150,9712,2515,3892,5876,1786,2302,---2,5,2,4,3,3,2,3,3,3,3,5,5,4,
9666,827,415,4063,3879,8123,3407,6324,2741,8022,5275,2748,4693,---3,4,3,2,5,3,2,5,2,3,4,3,5,
1953,2626,8295,6280,7369,1258,6827,6640,7478,7191,9848,2043,2685,---5,2,2,5,3,5,3,4,5,5,3,3,3,
2976,5090,4611,4298,5323,2124,8365,7342,9522,4203,8245,3101,---2,3,5,2,4,5,5,4,4,3,3,4,
9168,4354,1990,5473,4681,3021,143,5136,6482,3255,4349,3582,---3,5,2,2,4,3,5,3,3,3,2,4,
8674,35,1707,1734,4424,3403,8264,2962,9177,4697,7423,---5,4,2,4,4,5,2,3,2,3,5,
9443,7204,9992,6700,1362,8814,9424,850,1080,7771,1214,---5,3,2,2,5,2,3,4,4,2,2,
9955,9158,8038,5255,5160,3306,3795,5685,1494,381,2622,---2,3,2,3,2,3,3,2,2,5,4,
1058,7332,9477,6154,4940,4274,5267,6811,8734,8095,---5,2,5,5,5,2,2,4,2,3,
4450,99,1319,3914,6018,4334,2191,2807,5369,---3,3,4,5,4,3,4,2,3,
196,8874,6988,5070,3570,5848,1860,6683,2365,---5,3,2,3,2,2,5,5,4,
3488,2186,716,8724,342,3548,2250,6558,5215,---5,5,5,4,3,2,3,4,4,
6564,9958,3654,2763,1938,9364,440,9308,8349,---3,5,5,3,2,5,3,5,4,
3088,8548,6092,4590,2063,9008,1777,6520,95,---2,5,2,4,3,3,5,4,4,
258,7592,1225,2562,9309,9076,7323,8829,1310,---2,4,4,2,3,5,2,3,2,
2132,116,4108,8781,4973,4272,9105,1652,7252,---5,3,5,4,3,5,4,2,4,
4391,5223,1131,1681,3156,8502,9049,7516,3103,---3,2,4,2,2,3,3,2,2,
2080,4226,5257,4759,1196,6351,1228,6422,489,---2,2,5,5,5,2,4,5,4,
5488,1346,5956,5541,5992,8784,2577,7353,956,---2,5,5,4,3,3,4,4,5,
4033,9283,69,6445,5487,8020,6137,4986,6907,---4,2,3,2,5,3,2,3,5,
2870,1190,3943,9000,2381,752,7477,1654,8318,---2,2,5,2,2,2,3,3,3,
9377,3170,7397,4614,2184,3791,3602,339,7770,---4,2,5,4,5,2,4,2,5,
2081,1979,8296,682,2446,4564,3573,315,2267,---4,3,5,4,4,5,5,2,2,
5219,773,2759,2797,2963,3317,1944,7514,7452,---2,5,5,3,2,5,4,5,4,
59,7622,3755,8588,8015,8299,3417,4399,4892,---2,3,2,4,5,5,5,3,3,
1281,1796,1257,6922,1776,2449,6708,506,9243,---4,5,2,2,4,2,3,2,4,
1671,2713,5914,3996,6816,2339,4516,1963,2351,1721,835,6724,4808,9292,5923,6359,5081,4315,2672,3313,9342,7807,---5,4,5,5,3,4,4,4,4,2,5,5,4,3,2,5,3,3,3,5,4,3,
608,6656,6370,2947,5285,4005,3020,5869,8494,6397,8627,62,8471,1688,3385,8377,9501,2654,3711,---5,2,5,3,3,5,5,2,5,5,4,4,3,3,3,2,4,4,3,
2208,4112,3778,675,7812,7347,2982,9160,3084,494,848,7345,722,4451,3476,2518,6040,3971,---2,5,4,3,2,2,2,4,4,4,2,5,4,5,3,5,4,3,
2864,6659,6341,2310,9544,9132,2670,2863,9584,1331,6580,4761,7641,6298,8380,5727,---2,3,3,4,3,4,4,4,4,5,2,3,2,3,2,2,
7040,9602,1445,8681,2314,8290,6658,6771,4117,2551,9016,3867,702,1695,---5,4,4,5,2,3,3,3,5,3,5,2,3,3,
9859,4198,5958,4327,2217,6982,5807,8337,7315,9236,5818,9659,604,---3,5,2,3,4,5,3,5,2,3,3,2,3,
9856,1509,9318,7433,5066,8907,1294,8913,6489,124,125,7708,2623,---4,5,5,2,3,4,2,2,3,4,2,3,2,
4960,6913,6842,5801,78,6432,2736,593,1234,8756,2746,6874,3390,---4,2,3,5,2,2,4,5,5,3,2,5,2,
7745,8643,3334,6119,588,3470,5616,5458,7605,3510,2583,825,7989,---4,4,2,2,2,2,5,3,4,5,5,5,5,
4608,3490,8581,4360,6857,7916,1683,9716,7447,2456,1977,7193,3198,---3,3,2,4,4,5,5,4,4,3,3,2,3,
2785,2500,677,1064,5898,9229,7406,7567,4594,370,8468,9078,---5,2,5,5,5,5,2,4,2,5,5,2,
9762,1156,1576,1516,2862,3560,8307,5495,2040,2148,9311,---2,3,5,2,4,5,3,3,3,2,5,
6273,8456,9513,8940,5486,7165,5841,9844,7958,4604,2045,---3,3,4,5,3,5,3,3,5,3,5,
3809,7141,582,9352,7900,7756,7987,6039,6490,4540,1981,---5,3,5,5,4,4,2,5,5,4,5,
6400,3363,5835,3147,812,6318,2292,4600,4089,8351,---5,3,4,5,4,2,5,5,3,2,
6147,3270,6246,5641,1996,2467,599,6458,9500,---2,5,3,5,4,5,5,5,2,
32,2497,8420,165,7181,8429,1235,6746,4414,---5,4,2,4,2,2,4,2,4,
3779,7729,5681,1203,469,4281,8217,4989,3166,---2,4,5,4,3,3,5,4,5,
194,932,6795,6670,6168,8516,3290,8861,---5,2,3,3,3,2,2,2,
3748,6727,3785,3405,3598,3160,8922,6747,---2,5,2,2,2,4,2,5,
97,4187,487,4267,5388,5232,82,6171,---3,4,3,5,2,3,4,3,
7137,8451,4133,5868,141,6595,4003,1181,---4,5,5,4,5,4,3,2,
4578,6343,9579,1006,656,1010,9305,1567,---2,2,4,3,3,2,4,5,
8033,4546,1475,1480,9164,5139,5749,8598,---3,5,3,5,5,3,2,4,
8070,2637,8496,4243,3380,9976,5881,4923,---3,5,5,2,2,3,2,4,
1217,5827,4613,4239,3792,2388,2105,9434,---5,5,5,4,4,3,3,5,
8611,4836,5831,7468,5837,1651,6873,8574,---4,5,4,3,3,4,3,3,
4355,6468,8879,9426,2772,9303,2680,6937,---4,2,4,4,4,2,4,3,
5543,970,5367,4749,4559,9746,9815,3709,---2,4,3,4,3,3,5,3,
5568,5442,1590,3661,2674,2614,8504,3710,---5,4,3,4,5,5,3,3,
1059,2820,6794,6987,6257,3191,5508,1885,---4,5,2,4,2,3,3,3,
7842,7815,1122,2835,5524,1655,4898,668,---2,2,2,5,2,4,2,2,
7810,1542,6153,7437,7570,1300,1561,5274,6725,9761,9381,8231,6185,6954,5292,5934,2479,48,9271,56,2110,3649,5189,3526,9783,4432,5851,3167,8162,4196,9708,6384,1658,253,2814,---4,4,5,2,5,4,5,5,3,4,2,4,2,4,4,5,4,5,3,2,3,4,2,2,3,2,2,5,2,3,2,4,2,3,2,
1152,1797,9356,8467,8345,6297,1307,9244,3998,928,5531,1969,7090,7739,6080,9539,1015,460,7501,8273,212,7649,7657,9839,3063,9341,---2,3,4,4,3,5,2,2,4,4,3,2,5,2,2,4,5,4,2,2,4,2,4,4,3,2,
8963,9615,7702,4379,8092,2846,9121,5155,5041,50,5429,6073,7610,8505,2246,5703,7766,4665,8920,3932,4320,7143,1127,7917,2167,---5,2,3,5,3,5,5,5,4,5,5,2,5,2,2,4,5,3,4,4,5,3,2,3,2,
3691,2953,3082,1812,5016,6178,4773,7210,9261,4913,8885,1078,191,332,6866,8024,1497,6755,8551,7915,1388,3310,8696,---5,4,5,5,5,2,3,2,2,5,3,4,3,3,2,5,3,4,4,3,2,3,5,
4907,3236,3382,4263,6664,5065,1482,5607,5612,8367,2641,1141,9590,9655,4396,5471,7164,5533,3263,---5,4,3,3,2,2,2,4,5,5,4,2,3,3,5,2,5,5,3,
6977,4491,2565,9031,4618,331,1616,5201,6772,2197,4727,8665,8538,3995,1757,4638,5627,---3,5,2,5,5,5,5,5,4,5,5,2,3,5,2,2,3,
3853,8997,8041,5676,9805,3599,3280,657,3059,1492,4534,9623,2424,660,538,6203,3871,---5,5,4,4,3,4,4,2,3,2,4,5,2,5,2,4,2,
3265,4642,3459,388,1222,871,3913,7003,9003,236,8559,6962,3027,89,5199,5916,5054,---4,4,4,4,4,4,2,3,4,2,4,5,5,2,3,2,5,
944,963,80,5180,9326,6156,8205,9134,1389,9488,4595,9300,6229,4022,7023,5852,---5,3,2,4,3,2,5,2,2,2,4,5,4,3,4,3,
4096,9697,3812,1957,8422,4680,6414,2703,9936,5361,5939,5076,9591,5172,8262,7453,---2,4,4,5,5,3,2,3,5,2,2,4,5,2,3,5,
4640,6195,9986,1731,356,8165,1158,9193,4499,5966,9583,6691,8500,6421,4824,2749,---4,5,3,4,5,2,2,4,4,2,2,5,4,4,2,3,
7073,8897,5192,5628,9959,7276,623,7858,4373,822,6206,2459,6876,9150,---5,4,5,2,4,2,2,4,3,3,4,5,5,3,
9120,8032,7301,9287,4042,9135,1296,1489,9682,9876,9845,3254,7831,9685,---2,2,5,4,3,5,2,4,3,3,5,5,4,5,
6081,8100,1288,5481,7466,909,2894,5295,557,2675,1620,6266,8858,1406,---3,4,2,3,2,2,2,5,4,3,4,5,3,4,
5922,2691,5863,6056,9387,1085,1778,7421,2740,1142,9656,445,1598,2687,---5,4,2,5,2,5,2,3,4,4,2,5,4,2,
6177,3138,1291,2020,9736,8329,2347,3053,8402,9139,5929,7932,3870,---2,2,2,3,5,4,2,5,4,5,4,4,3,
7266,5347,9316,4009,1386,6796,1133,2062,5519,112,7773,285,3774,---4,4,5,2,2,5,2,3,4,2,2,2,4,
448,7715,4230,7340,2188,589,7058,6837,4118,2007,1563,2238,9269,---3,2,5,3,3,5,5,5,2,2,2,5,2,
4609,6347,3620,9606,6854,1320,4489,8331,1136,6966,8443,7197,4030,---4,4,5,5,3,3,2,4,3,4,5,5,4,
324,9191,1380,1484,4626,84,5145,1722,1631,4740,2237,4351,---5,5,3,3,4,5,2,4,5,5,4,4,
4418,3046,817,1352,3047,7362,7534,1520,6129,9362,1461,4406,---3,2,5,5,3,4,5,2,2,4,3,4,
9505,1830,2472,5421,9741,1326,47,3326,311,3837,3838,8863,---3,2,5,4,3,4,5,5,3,2,3,4,
7044,9576,1805,8880,6920,4402,5908,5397,3161,8635,7196,---5,2,5,2,4,5,3,3,5,4,3,
4387,7305,4778,9675,8686,3152,9171,6734,8310,7292,7006,---2,4,2,3,4,5,4,5,3,5,4,
4417,579,1541,6247,1737,9227,4526,4818,7171,7796,8969,---2,5,5,3,5,4,3,3,3,2,3,
320,6161,199,3496,9226,8750,1009,7442,9267,7144,---5,5,5,2,2,3,2,5,4,2,
4192,1280,5884,1003,5903,9553,5814,1180,1373,255,---5,3,5,5,2,4,4,5,4,4,
870,135,1065,6799,7888,3544,7699,6325,6648,6495,---3,2,5,4,4,5,4,2,3,3,
8928,3333,3371,3948,4850,5431,7866,4155,2524,6975,---4,5,2,3,3,5,4,3,3,4,
3169,4902,7943,8234,6471,7088,775,2492,8445,---4,5,3,4,4,5,3,5,5,
2950,4839,330,3409,9039,2520,9971,2294,7000,---3,3,5,4,2,5,2,3,4,
7330,3782,9320,9660,9322,2642,3637,5532,---3,2,2,5,5,4,2,3,
5536,6500,8232,9100,1069,2869,3773,2014,---5,4,5,5,3,3,2,5,
7877,426,7563,493,9966,9779,3466,---3,3,3,2,4,3,5,
5057,650,9069,7031,6521,1914,4319,---2,3,4,2,2,4,2,
3595,5170,2324,3285,2362,1980,671,---2,5,5,3,2,3,4,
6561,1544,8490,7763,5882,6270,2035,---3,5,5,5,5,2,4,
1321,1677,3122,4179,1371,5948,543,---5,4,3,5,2,2,5,
3787,7965,9904,505,5436,8413,286,---5,3,2,3,4,3,5,
6295,8584,1899,8659,8343,8348,6942,---4,5,2,2,3,3,2,
4070,7465,8266,5931,5718,1400,8921,---4,5,5,4,5,2,3,
1985,2095,9744,5843,5398,9502,3007,---4,2,3,2,2,4,3,
2084,1510,4583,8073,3758,8883,7860,---2,2,3,2,3,4,4,
6434,5707,9858,1645,3060,8981,1752,---3,4,4,4,2,4,4,
3079,9,1109,9880,4283,8476,5823,---5,4,2,3,4,5,5,
193,1564,8369,4372,889,6650,28,---5,5,2,4,5,4,2,
8416,2131,5445,711,6218,8499,7580,---2,2,5,5,4,4,4,
1666,3018,6222,8399,1906,9910,5945,---3,4,2,3,5,5,2,
868,8102,6378,3372,3603,219,7228,---4,5,4,5,2,4,2,
7249,7914,3822,2961,308,8308,52,---5,5,5,2,3,2,3,
7173,3177,46,2959,3029,4726,9981,---4,4,4,3,5,2,5,
2340,4389,907,1485,9592,8378,447,---5,3,3,5,5,2,4,
9025,6886,2776,2643,8248,8442,1374,---2,5,3,2,5,2,3,
1792,3426,7688,9652,9566,4286,2143,---2,4,5,2,4,3,2,
2241,7843,8836,2153,7818,891,3504,2957,9933,1508,2737,5424,5796,8693,7350,9801,7960,6265,6011,8572,61,---5,4,2,5,5,2,4,3,5,3,3,5,4,4,3,5,5,5,3,4,3,
2689,5955,7524,583,2993,8580,5162,4407,8042,9871,6896,8433,5048,3193,7288,3097,8847,9985,413,3934,---5,3,2,5,5,3,5,4,4,2,3,2,4,2,3,4,4,4,3,4,
8768,7010,4067,5924,2470,5128,2601,3639,6480,5224,9074,8759,152,3737,1370,3772,7930,9695,---4,4,5,2,4,2,5,3,4,4,4,4,3,2,3,2,5,4,
5793,8642,9412,4161,9097,2026,4980,6162,3425,4784,2002,5780,9833,8985,570,9953,---3,2,5,5,4,3,4,4,4,2,3,2,3,2,2,5,
592,3877,9345,12,5134,8189,624,7061,8535,4440,4635,2204,5981,3902,831,---5,3,2,2,3,4,3,3,2,5,5,3,2,5,5,
3712,7219,1657,8,5546,5655,7469,2173,4307,9428,9911,25,1530,3549,9822,---4,4,3,5,2,4,2,3,4,4,2,5,2,3,3,
1185,8962,6219,4966,9254,5767,3623,1483,1521,9556,3572,1435,6993,7231,---5,2,4,2,4,5,2,2,4,2,4,5,4,3,
7079,6061,1322,2668,5453,1935,3600,5265,8946,3316,6805,6235,2142,181,---4,3,2,4,3,2,4,3,4,2,5,5,5,4,
8866,9507,2856,4841,2122,189,744,8083,8181,8728,8825,7994,5866,1471,---4,4,3,4,4,2,2,4,5,5,3,4,3,4,
4439,4931,5988,2087,4265,267,9778,2354,6486,9335,539,3965,9694,---2,5,5,4,3,2,3,4,4,2,2,5,2,
8896,2723,1381,3148,525,6958,8783,1075,2649,1208,313,317,4446,---4,2,5,5,3,2,2,5,3,5,2,3,2,
5476,5605,1511,9550,2283,4174,2222,81,6036,6183,3287,6553,4350,---3,3,3,5,5,2,2,3,3,3,5,2,3,
9984,8929,2117,2729,7820,6893,6301,8314,6921,6394,9499,8346,4191,---3,5,5,2,3,5,5,3,2,2,2,4,3,
1318,1766,4422,103,9674,8688,1842,4309,2710,1404,6845,7429,---3,2,2,3,4,5,5,3,5,3,4,4,
1035,9925,4011,3389,1073,5330,788,9431,6900,9151,733,4287,---3,4,5,3,3,3,5,5,4,5,3,4,
6241,6947,6022,3297,1992,2218,4782,4752,242,1365,7351,6302,---4,4,2,3,2,4,4,5,4,5,2,4,
6091,3301,3944,2409,1994,1099,9201,6360,8118,2136,3644,9022,---4,5,5,3,5,2,3,3,4,4,3,5,
7360,555,7463,3819,1458,1905,8882,9747,5879,818,829,---5,4,4,4,3,5,2,2,5,4,2,
1915,1447,1851,9607,8269,336,8370,2810,1883,5213,5439,---3,5,4,3,4,2,4,5,3,4,5,
352,4289,1634,8137,1170,5646,7151,7602,5300,4634,6575,---2,4,2,3,3,5,4,3,3,5,3,
2529,514,1351,6986,3852,8973,2318,1072,9369,7259,---3,5,2,2,4,5,4,5,3,5,
6690,1187,8453,9829,5928,6537,3050,3919,1369,4741,---5,4,2,2,3,2,2,5,5,2,
994,7366,6407,1922,6639,88,3666,435,7735,6680,---4,5,4,5,3,5,2,5,4,5,
5888,2594,9604,5062,1641,8714,1515,6417,6174,---3,2,2,2,3,5,5,4,5,
3328,7683,8647,2345,6855,6286,2051,7161,---2,2,5,4,4,3,2,2,
7492,4742,7310,3663,9265,2840,6777,7004,---2,5,4,4,4,3,4,5,
2341,1129,1012,4341,1816,20,6843,4668,---4,3,2,4,5,4,4,3,
5344,8270,4688,4404,1271,4188,7581,414,---3,3,5,2,4,3,4,5,
3651,3307,5935,976,946,6550,5647,---2,5,3,2,2,2,2,
7169,6310,6793,2859,7790,2394,8859,---4,2,5,3,5,4,3,
576,2401,96,9259,8305,3955,4468,---5,3,3,2,3,2,5,
5731,5510,8107,5843,4212,7607,4408,---4,5,2,2,4,5,4,
2598,968,8586,4588,4211,3222,3290,---4,4,4,2,2,4,2,
1890,8266,6989,8053,2999,6238,575,---2,5,4,3,3,4,3,
4813,1134,4781,6510,7062,695,---3,5,3,2,2,5,
2444,8498,4054,3199,9854,6143,---2,5,3,5,5,2,
8257,8744,1517,1873,3320,8187,---5,4,5,3,4,3,
6752,1446,6729,8203,9519,692,---2,3,5,4,3,5,
2466,4867,2189,6000,1177,6269,---2,5,2,5,3,4,
4375,2818,4779,8016,151,3515,---2,4,3,4,3,4,
1605,6026,9235,3481,2651,8124,---3,2,4,4,4,5,
1349,1670,3687,6602,9238,4124,---3,3,4,3,4,5,
9408,7682,9511,6205,8817,9821,---3,4,5,2,2,3,
4938,8855,5874,4631,8892,2141,---5,2,4,5,3,4,
547,4776,3309,1936,5812,8893,---3,2,3,2,2,3,
4865,1794,5379,9862,6151,4620,535,2332,9632,9689,9508,7206,295,4653,7728,3635,7732,5566,5702,9932,8142,7634,1750,1624,4004,7149,2420,3960,2425,2554,4222,---2,4,5,4,3,3,2,2,5,3,3,3,4,5,2,5,3,5,5,4,5,5,3,3,5,4,3,5,2,4,2,
8193,6800,2451,6810,4506,291,804,553,2346,3121,690,2101,7489,7107,2244,6858,8140,8271,6736,7379,3670,2938,5990,8934,2290,6739,1402,---3,4,3,5,2,2,3,4,4,3,4,2,4,5,2,2,5,2,5,5,2,4,3,4,2,4,2,
5651,5653,5659,7199,33,3878,9514,7467,7596,6068,6457,9403,6973,2750,5565,5700,1871,4436,853,6617,6492,1255,8937,5355,6461,9462,5333,---3,4,3,4,2,4,4,2,2,4,4,2,3,5,4,4,3,5,5,4,4,5,5,5,5,4,2,
7968,9056,5635,3364,9029,3718,6774,1547,1068,4594,7406,8368,8888,4530,4691,6516,9078,7190,7126,3900,5087,---4,3,2,4,3,2,5,5,4,2,2,4,3,4,5,4,2,3,3,5,2,
5216,3585,9698,6531,2630,5802,5507,8237,8206,7187,3700,6453,3286,9144,4116,2619,8766,8437,---2,2,3,5,2,5,5,2,5,4,4,5,4,5,4,4,3,3,
4895,5051,7012,6833,2024,2857,204,1453,6479,7504,4305,2516,4503,4632,8799,1115,94,383,---5,4,4,2,4,2,3,5,4,5,2,3,5,2,5,3,4,3,
7175,5985,4514,8612,609,2504,2396,1387,2111,1781,9118,7096,1337,1147,6844,8606,9727,---4,2,5,4,4,4,5,3,3,3,5,3,5,4,4,3,2,
9920,3461,2662,3239,9832,9066,4881,5810,1875,4894,2006,5978,4091,1146,8542,---4,4,2,4,3,2,5,3,5,2,5,2,3,3,4,
2434,1091,6980,2955,6596,301,111,5552,9331,9860,986,5887,6116,5183,---5,4,4,4,5,3,5,4,3,4,5,3,2,4,
9600,7937,3235,4647,1673,3593,6892,6574,6128,8531,6169,7385,3933,---4,4,5,5,2,4,2,5,3,4,5,2,2,
2144,4000,7714,3300,2151,1033,558,6287,4400,8219,5308,4029,---5,3,4,4,4,3,5,2,5,5,4,2,
4001,1602,6307,2854,3399,7470,5746,4276,3607,1211,4380,4383,---5,3,4,5,3,4,3,3,3,2,2,2,
8256,4993,2306,5124,5317,7850,2571,9870,6992,1368,9627,1116,---3,2,4,4,5,5,3,2,5,2,3,4,
2147,5316,2471,231,3720,5547,9198,5747,4223,7868,4255,---4,2,5,2,3,3,5,5,5,3,5,
2432,6498,3251,2983,2602,2695,2098,5683,2421,6488,4149,---4,3,4,3,3,2,2,5,3,2,5,
1088,3498,2512,881,4277,6103,2265,8891,2588,2590,---4,5,5,4,2,2,3,2,2,2,
2544,6693,9190,5037,528,1811,1174,5594,9884,2333,---4,3,4,4,3,3,4,4,4,5,
8646,3655,1143,2417,3859,5462,4119,7192,2586,8604,---2,4,4,5,4,5,4,4,5,3,
5217,3714,9251,7819,6030,1618,7507,6292,1302,4607,---2,5,3,2,3,4,3,2,4,5,
5056,8261,7590,4679,4264,8238,3376,8435,185,348,---2,3,5,3,3,2,4,3,3,3,
9153,3394,2979,4645,763,7042,3569,9939,1947,---2,4,2,2,3,4,5,4,4,
736,2821,5064,4845,7730,9109,8860,7902,6111,---4,4,4,5,2,3,5,5,4,
2176,4071,3369,4908,4974,2640,1269,6109,1982,---3,2,3,3,3,5,4,2,2,
3489,4371,6603,9071,1043,3541,9721,2969,5498,---2,2,3,4,2,4,5,3,5,
4768,4709,328,2410,9676,6253,6704,8850,8025,---3,2,3,3,2,3,5,3,4,
2671,7690,8971,687,3507,9179,5245,3614,---2,4,2,5,3,2,2,2,
134,8810,431,8339,5014,9528,7129,8957,---2,5,5,3,2,2,4,5,
6727,3785,7405,5870,8503,8729,8922,5562,---5,2,2,3,5,2,2,2,
9760,8037,6342,2412,2705,3513,9498,5343,---3,5,3,4,2,4,4,5,
6599,4104,8682,1423,9512,8178,8056,4826,---2,5,3,5,5,5,3,4,
7712,1413,9099,2223,8753,1970,9278,---4,5,4,5,2,2,2,
2564,7242,6413,7055,6276,7133,6815,---4,3,3,2,3,3,4,
9154,6632,3281,6194,2037,5461,---3,3,5,5,2,2,
1888,1913,4369,3750,3055,---3,3,4,3,4,
6064,8594,3500,1502,7471,---4,2,2,5,3,
9073,3866,443,3964,703,---3,2,4,2,3,
672,1929,1739,7081,8239,---5,3,5,5,4,
7368,3473,7272,2528,430,---4,4,2,2,4,
8884,6651,828,6126,8513,---3,2,3,3,5,
1328,5857,7691,9916,6814,---5,4,2,4,3,
9260,4687,9427,5092,499,---5,4,2,3,4,
3814,8236,9621,6350,1615,---2,2,5,2,5,
6817,1378,6243,2211,8509,---3,2,3,3,3,
7176,2089,4306,5662,5168,---3,2,4,3,2,
3664,1545,4962,1611,2397,---3,4,4,3,4,
7386,3946,9509,5030,2517,---3,2,3,4,2,
7513,3863,700,9886,5279,---4,5,5,5,3,
7298,7020,9485,6545,2706,8213,9110,2845,6562,6565,4262,809,2349,5169,3256,3129,1087,7490,4169,1740,7374,335,340,2916,8411,8229,7522,1124,7014,5222,3945,4971,6508,8942,4725,3574,8570,7420,---3,2,3,4,4,5,5,4,2,4,3,5,3,5,5,4,5,4,2,4,3,4,5,5,3,4,5,3,3,3,5,4,4,5,2,5,5,4,
9217,4,9865,3467,4110,1296,7831,8864,8998,5883,1581,5557,3254,6467,5960,4042,9685,8278,7897,3674,8032,3555,4840,9969,9851,1916,---5,5,5,5,4,2,4,3,2,5,3,3,5,3,4,3,5,4,3,5,2,5,4,2,5,2,
7298,9485,6545,9110,9495,8354,2853,1333,3256,3129,8128,7490,7875,8098,7374,8411,8229,6565,6373,2193,3574,1784,6908,---3,3,4,5,3,5,5,3,5,4,5,4,3,3,3,3,4,4,5,2,5,2,2,
7304,4237,5272,4382,8902,5415,3883,9014,7612,9021,7614,7236,8774,9799,4683,2766,2129,4313,1627,4957,8546,2547,4343,---2,3,5,2,5,4,4,4,2,3,4,5,3,5,3,5,4,2,5,3,4,5,3,
7491,9333,8903,3464,3756,42,8012,3534,4527,1267,3375,8626,3571,3444,7957,3542,9050,4943,7834,2718,6367,---5,4,2,4,3,4,2,4,2,3,2,5,3,3,3,5,3,4,3,3,5,
5729,7698,4868,2917,7558,4007,9642,8459,8786,7118,2383,8240,5649,3122,6645,5110,3762,2041,1499,351,---5,2,4,3,3,5,4,4,5,4,3,5,4,3,3,2,5,4,3,2,
4288,8577,7202,8195,2887,2603,3540,6669,5166,7887,9456,1907,9396,4469,7830,9012,2296,2937,3533,9918,---4,4,4,5,2,3,2,4,3,2,2,5,3,4,2,5,2,4,3,4,
256,1568,4603,9252,2597,5797,5129,3061,1804,1903,2885,5011,8149,8342,5891,27,3581,5694,6661,---3,4,5,2,5,3,3,3,5,3,3,3,3,2,4,3,5,4,5,
3200,6629,9937,4300,3431,2316,8749,5197,6801,2738,4596,6933,6710,7401,7480,8761,6897,8830,---5,2,4,4,2,5,4,4,4,3,3,4,3,5,3,5,4,5,
4032,4129,4483,5188,2876,4365,9692,8173,2158,1807,2992,8177,8818,9588,9754,892,446,---4,5,2,4,3,4,5,2,5,5,3,4,4,2,5,3,2,
9648,6692,6789,8360,3305,4842,6768,5000,5682,7859,9717,4851,4730,3646,8382,1525,---4,2,3,2,4,4,5,2,5,5,5,3,4,5,3,4,
896,1409,523,2917,4007,2923,7118,2383,8240,7698,6645,5110,5729,8459,4988,351,---2,4,4,3,5,2,4,3,5,2,3,2,5,4,2,2,
6337,163,6887,7528,4811,4140,8782,3224,6211,3636,213,6134,2872,7418,1857,6997,---3,2,3,5,3,2,5,4,2,4,3,5,3,3,2,4,
8432,8578,9572,3941,6254,8208,9617,6034,2387,6965,8676,7676,1629,254,325,---3,4,4,3,2,3,3,5,4,4,4,5,5,4,5,
3457,7523,9784,467,7983,9520,2865,7059,9972,5367,1880,4529,6237,6931,---2,5,5,2,2,4,3,3,5,3,4,3,5,3,
9536,3361,9445,167,2826,9521,6352,8977,9172,4597,9113,1290,---2,2,2,5,4,4,2,4,5,3,3,3,
5408,3329,2664,2508,1293,9710,5039,3025,2195,5721,2874,9979,---2,3,2,2,2,3,3,3,2,2,2,3,
7744,8544,2498,8873,371,8590,4925,4115,6652,1532,4253,---3,3,3,5,4,4,5,2,4,2,5,
3114,1577,778,7852,8718,1650,691,4692,8725,9943,586,---5,5,3,4,2,5,4,4,4,5,4,
5026,4164,6728,3882,3023,9585,5586,1844,5719,6008,3327,---3,5,5,3,3,4,5,4,2,4,4,
3,7753,521,8557,5042,4948,9718,2423,4532,5242,3418,---3,3,3,5,3,2,2,3,4,4,3,
2336,3907,1412,6344,203,7184,9330,9046,8804,8218,9371,---4,4,3,3,2,2,5,5,3,5,3,
4064,7619,1764,4758,282,8214,9274,6140,4538,4990,---3,5,5,5,4,3,5,3,5,5,
581,615,5673,906,9777,2739,4312,9873,442,2620,---2,4,5,2,2,3,3,2,5,4,
1634,360,5642,4562,6542,7151,1170,5300,1814,6879,---2,4,3,2,2,4,3,3,3,4,
6423,8481,3529,6999,1324,8079,6871,1272,5980,---3,2,3,5,5,3,3,2,3,
2724,2570,3596,1102,5873,309,4728,7642,9306,---3,2,3,4,4,4,5,4,2,
9216,2343,9321,6314,103,6732,4309,1111,8573,---2,2,3,2,3,4,3,4,3,
1506,9189,1192,8074,4048,7829,5464,6106,6525,---2,2,2,2,3,5,4,5,4,
3456,6985,3278,9332,9622,8791,4860,5469,4478,---2,3,3,2,3,5,3,4,4,
6880,9794,2134,7114,2067,7285,4502,1593,1244,---5,2,4,3,3,2,3,2,2,
2209,7970,771,2248,6697,3213,7475,2933,---3,5,2,2,3,5,2,3,
4260,1131,2060,1681,51,7734,7516,3103,---2,4,4,2,2,3,2,2,
7527,8868,8103,6635,9970,2232,9753,836,---3,5,3,5,3,4,3,4,
196,9450,6988,4984,3032,6138,6683,2365,---5,5,2,3,3,3,5,4,
450,3204,8207,5808,9145,2587,1340,29,---2,5,5,3,5,2,4,5,
9284,3174,5038,3825,7956,3990,6744,7550,---2,3,5,2,4,3,2,5,
2437,3016,1385,975,7794,4233,9657,6970,---4,3,4,3,5,4,4,2,
9538,5997,6802,6772,2197,9624,5593,4891,---3,4,3,4,5,3,4,2,
9728,9828,2118,8710,5368,5373,2725,---3,5,2,4,4,4,4,
2338,9221,7117,4623,3605,7482,8251,---2,3,5,3,4,2,2,
2849,6020,9129,1836,3451,3134,9343,---3,4,4,4,3,2,4,
8000,3203,957,1589,7613,190,4831,---2,4,4,4,2,4,4,
2274,2083,4362,9169,8835,1558,---3,4,3,3,3,3,
3458,6566,2285,1840,6002,8058,---2,3,5,2,5,3,
2761,1390,6032,8340,3062,1879,---4,4,5,3,3,2,
7488,6823,4712,2926,6615,4606,---5,5,2,4,5,3,
705,9797,9574,3702,5114,4668,---2,2,3,3,4,3,
8548,2949,5609,3088,8371,3220,---5,5,4,2,2,5,
3736,7799,5069,2823,---3,4,4,3,
5104,8450,9285,5517,---4,3,3,3,
9729,4358,5001,5645,4378,1566,5535,6821,808,4014,9394,9402,6979,9037,6221,1741,3410,9422,4317,1118,3679,7658,8815,2297,6014,4095,---5,4,5,3,4,4,2,3,4,2,2,2,3,2,2,4,3,2,4,5,4,4,2,5,3,3,
2563,6924,8347,4384,4571,1316,2469,6439,1095,940,9263,4147,8887,2616,1859,3142,9927,9484,3026,9304,3468,1755,7653,2407,8048,---5,3,2,2,3,4,5,5,4,5,3,4,3,3,3,3,3,5,2,5,3,3,4,3,3,
2069,7708,1314,7220,2106,188,4798,6597,1614,8912,3414,7511,2139,8157,4830,9439,1509,9318,124,6005,7415,6393,9340,125,---2,3,4,4,3,2,4,2,5,2,4,3,2,2,5,4,5,5,4,4,2,5,3,2,
8512,8555,1422,144,4884,7585,7203,3236,2474,4396,8367,3001,3263,6592,8773,5065,7643,9570,5099,5612,9590,250,5374,---4,4,5,2,4,4,5,4,3,5,5,5,3,4,4,2,2,2,2,5,3,5,5,
3723,3044,4453,9831,5384,2315,5996,9589,9789,464,5809,3219,1685,9047,281,890,4911,2844,2013,7358,8127,---4,3,4,2,5,4,3,3,2,3,2,4,4,3,3,5,5,4,4,4,3,
7968,9056,370,3364,677,3718,1547,1068,6189,7406,8368,4594,4530,4691,6516,9078,3768,7190,3935,8888,5087,---4,3,5,4,5,2,5,4,3,2,4,2,4,5,4,2,2,3,4,3,2,
3904,4801,8610,4068,1350,8967,1800,15,9406,7212,1325,2861,1169,768,7349,182,4136,473,6075,3997,5790,---5,5,5,2,5,2,3,4,4,2,5,4,3,3,5,4,3,4,4,2,2,
5985,4514,571,7175,2111,1387,2701,719,8051,1781,3551,7096,1337,5402,1147,6844,7871,8606,9727,---2,5,2,4,3,3,5,5,5,3,3,3,5,2,4,4,3,3,2,
3360,4929,9091,3091,5318,3881,7599,7216,7379,7604,5237,8246,7092,6800,2235,1212,3293,816,---2,2,3,4,5,5,5,3,5,3,3,4,4,4,3,3,4,3,
4896,2017,898,3339,678,2023,6472,6665,2507,6764,880,1138,1822,6327,9690,4763,2366,2815,---5,5,4,3,5,4,3,3,2,2,2,2,2,4,3,2,3,5,
512,3520,3923,9830,8806,1665,3530,7213,4142,3776,5970,4275,3028,4537,3002,2940,2373,---5,4,5,2,3,4,5,5,4,3,3,3,4,4,3,2,2,
322,1476,326,9478,7335,679,9582,207,913,4466,5395,693,4183,9912,4444,4869,---4,3,3,4,2,2,4,4,3,5,3,4,4,2,3,2,
2726,8126,1896,4969,5229,3022,1425,721,2483,6676,3006,8841,4151,7928,6622,6015,---3,5,4,2,3,5,5,2,3,4,2,5,2,2,5,3,
9611,5604,3622,2918,2344,2121,5995,3276,7597,6990,4627,3092,2377,860,4959,---4,5,3,4,4,2,5,3,5,4,2,3,4,4,4,
9888,7012,7781,2024,2857,5003,204,941,3214,4305,5331,4503,7396,383,8799,---3,4,3,4,2,3,3,3,5,2,3,5,5,3,5,
4544,4001,1211,3399,333,7470,1519,4465,5746,4276,1430,2639,4284,4383,---5,5,2,3,2,4,2,3,3,3,2,3,4,2,
6304,9954,8549,2758,2535,8392,2475,1679,1528,5650,3891,9112,60,8031,---3,2,4,5,4,2,2,5,4,5,5,4,5,4,
107,9475,1802,6923,5198,1361,6322,9683,7926,8279,3577,3805,6654,4447,---3,5,4,2,2,5,4,4,4,4,5,2,5,4,
1760,9474,867,9605,3398,7512,4970,3531,7953,6072,7518,2328,8827,3550,---2,3,5,5,3,4,4,5,4,5,5,5,4,3,
704,5280,8676,2886,6034,6254,8480,8432,3634,4238,6308,9630,5503,---4,4,4,3,5,2,3,3,3,5,2,2,2,
7937,5603,3973,1449,3017,6574,3632,3928,8531,9993,9720,3131,5243,---4,2,4,5,3,5,5,5,4,5,3,2,2,
4610,454,358,6306,1128,2762,2733,7278,6024,1140,5175,2905,7124,---2,5,4,4,4,3,2,3,2,2,4,3,3,
8896,2649,2723,1381,9286,2505,3148,525,6958,8783,8265,313,---4,3,2,5,5,5,5,3,2,2,4,2,
7426,2147,2471,2572,6188,5122,9774,3921,8692,3356,6781,4223,---2,4,5,5,5,5,2,3,4,5,2,5,
6945,7878,3462,4872,748,4975,145,8870,1829,2330,8191,9279,---2,4,5,5,2,5,2,3,3,2,3,3,
5025,1730,5238,3975,4738,2734,3151,8597,4790,1055,9084,565,---3,5,3,5,2,3,5,5,4,4,5,5,
7584,257,6756,5830,4794,714,7373,4429,3447,9625,2202,509,---4,4,5,3,5,5,4,3,2,4,4,2,
6017,899,2661,2566,9610,9517,2694,5327,3704,2878,1535,---3,5,2,2,5,5,3,5,2,4,2,
737,5794,6587,7403,6829,4820,1237,7639,5337,7963,9564,---4,2,2,4,4,5,2,4,5,2,4,
6689,9666,387,3879,827,3407,6324,4693,4063,3102,415,---2,3,5,5,4,2,5,5,2,5,3,
4481,9347,7462,993,2569,2610,6358,5144,1852,4189,---2,4,4,2,3,4,4,4,5,2,
2273,8097,5259,4748,2322,8670,9889,8154,6875,3262,---3,5,3,4,2,3,4,4,5,3,
8545,1028,133,5766,232,4619,2000,7800,6425,5085,---5,3,4,4,5,3,5,2,2,5,
6306,3140,454,6024,2539,4610,2094,2733,7124,2905,---4,4,5,2,3,2,5,2,3,3,
8900,3446,8076,4637,4496,5423,6420,54,5839,4477,---4,5,3,5,3,5,3,5,5,5,
422,1286,529,175,3665,6741,6614,1592,8281,2581,---2,2,2,2,5,4,3,5,5,3,
3393,6626,6049,265,9902,5871,5872,4629,634,1951,---5,3,5,2,3,2,4,3,2,3,
2371,6437,1832,9804,2251,6540,2627,4905,8792,8091,---3,4,3,4,4,2,3,3,5,5,
674,1411,2501,6630,7337,8599,3970,1717,569,7993,---5,2,5,4,5,4,2,4,3,4,
5667,5284,4037,7854,2966,1110,9497,3036,797,---3,4,2,5,2,4,2,2,3,
6464,4323,7754,8491,6220,3248,1974,6136,2140,---3,3,5,3,3,3,3,3,3,
4547,7849,3660,6579,6971,24,3642,6267,1052,---5,2,4,4,4,3,3,3,5,
931,3396,9094,8007,903,211,540,4126,8287,---4,5,2,2,4,3,4,2,2,
7361,131,4581,3397,2866,755,3668,4565,2047,---3,5,5,2,3,2,4,3,5,
5024,475,2308,4555,2987,8171,5713,4791,379,---4,4,4,4,2,3,5,4,3,
7531,2764,7741,2608,3090,6069,9527,2008,4765,---2,3,4,2,4,2,4,2,3,
676,4261,7559,7245,9811,3093,5559,7576,5789,---5,5,2,3,3,5,3,3,2,
1157,8,7469,846,4307,9428,2005,9911,2173,---4,5,2,5,4,4,2,2,3,
2692,2280,8380,2670,9544,1331,7641,4956,5727,---3,3,2,4,3,5,2,3,2,
3008,5190,8904,9516,399,8561,4533,5816,3450,---4,4,5,3,3,4,3,2,2,
7364,8171,5165,8847,5048,7288,3097,3567,1758,---5,3,3,4,4,3,4,3,3,
2985,2224,9458,5492,7673,7451,9468,287,---2,2,5,4,4,3,3,4,
4135,967,2252,6477,2958,3926,4251,3132,---3,2,5,4,5,3,4,5,
4515,5637,9418,4364,1714,4947,4601,186,---3,2,3,5,5,5,3,4,
9921,4546,1475,8033,5749,8598,6456,7839,---5,5,3,3,2,4,4,4,
4130,5828,7377,6867,7767,3546,2621,1279,---5,5,5,5,5,5,3,4,
3424,6273,9699,8940,5841,984,5468,---5,3,4,5,3,2,4,
2480,2050,1221,3307,9200,7409,8988,---3,4,5,5,2,5,4,
4739,3051,3535,3348,8661,3732,5692,---5,3,4,4,3,5,5,
3586,5899,3271,8905,811,5756,9277,---4,3,4,2,3,5,2,
1220,1544,8490,7980,9075,5882,6270,---4,5,5,2,3,5,2,
7137,98,4133,7142,5868,1181,4669,---4,5,5,5,4,2,2,
1827,7813,7082,7375,9366,1199,8190,---4,4,3,5,2,4,2,
3648,9123,6375,8136,6329,6204,6045,---4,3,2,5,3,4,3,
9707,7761,3539,312,6809,4220,---4,4,4,2,5,5,
2208,4101,848,3476,9786,6522,---2,5,2,3,5,4,
7943,8938,1834,7088,8234,1247,---3,4,4,5,4,4,
4960,5734,4746,2156,3727,2736,---4,3,3,3,3,4,
162,8584,4714,1899,5009,8348,---4,5,3,2,2,3,
4249,2954,2162,6930,4245,---2,2,4,5,2,
7434,2989,9142,---2,2,2,
8226,2422,5294,---2,2,2,
3851,5261,2934,---2,2,3,
1690,556,30,---2,2,2,
5962,7988,1546,---2,3,2,
1195,5204,5957,---3,2,2,
377,3218,147,---2,3,2,
6914,2435,1924,5135,5907,534,3460,7967,1443,810,455,4652,177,6198,7095,2591,4571,5824,6726,7623,9673,7626,9635,3411,1039,4065,3810,8040,9711,6258,9715,7544,7290,636,6141,9983,---4,4,3,3,2,4,3,5,2,3,3,2,2,5,5,4,3,4,4,2,4,4,2,3,5,5,5,3,4,5,4,2,3,2,2,4,
4358,5001,5645,3086,8341,1566,5535,1061,808,8108,4014,6715,8252,1597,5311,9026,6979,72,1741,4814,5073,3410,9631,8161,7611,8815,3957,2297,5759,---4,5,3,5,2,4,2,3,4,3,2,3,4,3,3,3,3,5,4,3,4,3,4,2,3,2,4,5,4,
2055,3465,8842,1931,8846,6296,7195,5277,4254,546,6435,40,3117,8112,8630,3511,7483,2698,4490,2632,202,2743,3786,5091,2152,239,3440,7935,---3,3,2,2,5,5,5,4,4,2,2,2,3,3,5,5,3,3,2,2,3,3,2,3,3,3,2,2,
8962,7557,1801,6155,7436,5909,155,1435,2468,3623,1070,6452,1848,2100,1215,6219,591,5329,9556,6366,6993,5617,3572,7797,7035,---2,2,2,5,2,3,4,5,5,2,5,2,3,2,3,4,2,3,2,4,4,4,4,5,5,
8320,2563,6924,4384,1755,1316,2469,9927,940,9263,4147,8887,2616,1859,1095,9484,9304,3468,4571,7653,2407,2921,8048,---5,5,3,2,3,4,5,3,5,3,4,3,3,3,4,5,5,3,3,4,3,3,3,
2944,5765,6406,6408,6159,8853,1049,8197,7717,8495,6969,7372,8403,7510,6497,2390,3430,359,7913,2667,2927,2163,7160,---4,5,5,3,5,3,5,5,3,3,3,5,2,3,3,2,4,2,3,4,3,3,2,
4032,9186,4483,5188,2533,393,2158,8173,4702,8818,892,1807,8177,7282,9588,4373,9692,9754,476,446,1823,---4,2,2,4,4,5,5,2,3,4,3,5,4,5,2,3,5,5,4,2,2,
9346,7236,8774,5266,8679,5320,2249,8546,1682,2574,3952,1416,3378,4403,1268,3735,5272,6898,6074,5437,4190,---2,5,3,4,4,3,2,4,4,2,5,3,2,2,3,5,5,4,2,4,4,
7376,457,2596,1709,7287,585,6538,1399,5324,3789,5550,8525,7952,1490,341,823,537,5847,8924,1213,1150,---2,4,2,3,5,5,3,5,5,5,5,4,2,4,4,5,2,4,2,3,3,
3504,4674,891,9671,9801,418,6382,8441,2001,9586,3764,1335,7704,7321,2426,9819,9436,3066,7455,---4,3,2,5,5,3,3,2,2,2,2,2,5,3,2,5,4,2,2,
9040,739,4405,8199,6505,618,6412,5181,9264,319,1684,4670,631,5236,1466,767,8730,5534,2837,---5,5,4,4,3,5,4,2,4,3,5,5,2,5,4,3,5,4,2,
8551,4773,5447,7048,2953,7210,7915,1388,191,8656,4913,6866,1078,5047,7864,1497,4699,2825,5016,---4,3,2,5,4,2,3,2,3,3,5,2,4,3,2,3,3,2,5,
4912,9446,3110,6311,3179,7244,9638,3886,6383,2288,2418,4734,2902,4591,7545,3354,7707,5342,5125,---3,3,3,4,5,2,2,2,2,4,4,2,2,3,3,2,2,2,2,
6657,6027,1828,9302,9524,2120,7593,4843,3916,1744,83,7828,5781,7257,6583,1529,1191,7774,---2,2,4,3,3,2,4,2,2,5,5,2,2,3,5,3,5,3,
4819,5762,9668,7365,70,4167,5035,8691,9395,6293,1686,4055,5080,8669,9594,38,6780,7997,---5,4,5,3,4,2,3,2,2,5,5,2,3,4,4,4,3,2,
1121,4002,9795,2596,5847,7376,8525,5550,1709,1490,7890,7952,823,537,6938,3453,1150,---5,2,4,2,4,2,4,5,3,4,3,2,5,2,2,4,3,
5280,704,8578,9572,8208,4711,6055,6254,8480,8432,2387,8676,8699,7676,1629,254,1391,---4,4,4,4,3,4,4,2,3,3,4,4,5,5,5,4,2,
7431,4579,6485,1094,2663,8424,4999,9580,9903,7984,5310,4244,8565,6872,7132,7166,1845,---2,4,4,3,4,2,4,2,2,4,2,3,3,3,5,5,2,
6148,950,8966,9297,9161,5419,2924,5425,3505,2229,6006,7529,412,92,6362,5918,53,---3,3,5,5,4,4,4,5,4,3,5,4,4,2,4,4,5,
9264,739,8199,6505,618,6412,3597,9040,1684,2837,833,5236,1466,767,5534,319,---4,5,4,3,5,4,2,5,5,2,5,5,4,3,4,3,
3400,7473,5480,937,6792,5260,5148,1839,1160,8338,6163,4476,7579,4092,106,510,---5,5,3,5,4,2,2,5,3,2,3,4,4,2,5,3,
6145,8227,2353,3111,6312,4427,4621,14,5581,7121,1619,5075,2260,9785,6170,639,---5,2,3,4,4,2,2,2,3,2,2,5,5,4,3,3,
4128,8235,7684,8837,5753,9704,3275,7724,9667,8788,7669,1463,724,3930,7131,7134,---4,2,5,2,5,2,5,5,4,2,5,4,5,2,2,5,
3905,5008,3803,5157,3143,8200,3049,1767,4144,2225,2431,6773,5336,3738,9339,5919,---5,2,4,3,2,4,4,2,3,5,3,4,4,5,4,4,
5506,6789,8360,3305,4842,8821,9648,5000,7859,8382,1525,4730,8797,3646,9717,---3,3,2,4,4,2,4,2,5,3,4,4,4,5,5,
2048,7777,5283,630,6631,7660,2030,785,7476,8949,8086,663,3608,126,2325,---2,4,2,3,4,2,3,4,4,4,3,3,4,4,2,
9954,5411,8549,2758,2535,8392,1289,1679,4945,5650,9780,4757,60,2877,2398,---2,5,4,5,4,2,2,5,5,5,2,5,5,2,5,
2241,9933,7843,5796,7818,1194,2957,2607,5424,2737,7960,8836,6011,8572,61,---5,5,4,4,5,2,3,5,5,3,5,2,3,4,3,
8673,5251,7718,6856,7209,252,7022,7901,712,515,9908,5096,2553,2428,5053,---4,4,5,5,3,5,3,2,5,4,3,4,3,5,2,
801,1149,7139,4455,7343,7851,8301,3439,3421,9846,7224,6589,3611,7644,9213,---3,5,5,4,5,4,5,4,3,3,5,3,4,4,3,
7561,7873,6658,1445,4553,2314,8290,9602,6771,4117,2551,9016,9404,702,1695,---5,5,3,4,2,2,3,4,3,5,3,5,5,3,3,
2721,515,5253,8673,5096,9353,5053,712,5251,532,7209,2553,9908,2428,7901,---2,4,5,4,4,3,2,5,4,3,3,3,3,5,2,
1126,838,5448,7881,6283,8364,6349,1038,2712,5555,7637,9523,4888,3165,8159,---4,5,3,3,3,5,2,2,2,3,3,4,2,3,3,
640,6789,5000,1022,9963,6637,4015,9648,8360,7859,8821,4730,8382,9717,---5,3,2,5,4,2,2,4,2,5,2,4,3,5,
2499,1092,4904,9225,5098,9375,4143,6840,9719,5752,5151,5693,958,7391,---3,3,3,4,3,4,2,3,4,4,2,5,2,2,
8454,6426,6698,3898,8143,8145,3379,6932,5786,3484,9117,8094,863,---3,3,4,5,5,5,4,4,3,2,5,3,4,
1729,7555,3626,4684,6509,269,1937,7538,4787,5460,3162,9295,9546,---2,3,3,4,4,5,5,4,5,3,4,3,3,
7227,2980,5321,9111,2286,5103,432,4920,4370,7543,8664,3545,8335,---2,2,2,5,3,5,3,2,3,2,4,5,5,
1761,8386,5187,5252,9614,2291,2356,5141,4887,2808,8154,5754,8670,---3,5,2,4,2,2,2,2,2,2,4,2,3,
4961,8075,8587,7150,1711,9712,3441,3892,1016,5108,3258,6511,2302,---2,5,2,3,4,3,4,3,3,4,3,2,4,
448,6608,6213,4170,8747,2188,7058,366,589,1488,9202,6837,3872,---3,2,4,5,4,3,5,5,5,2,3,5,2,
2464,4737,426,7563,3133,3069,6259,1942,8695,2298,2300,8989,---4,2,3,3,4,2,4,4,4,3,3,5,
7543,5349,2216,247,8335,5103,432,9111,8623,9239,3545,7227,---2,5,5,2,5,5,3,5,5,3,5,2,
289,6212,8134,2481,461,1966,5777,6995,314,2427,5629,478,---3,4,2,4,2,4,5,3,3,2,2,5,
2560,2019,2789,5382,1224,3178,8363,4332,7440,564,601,3071,---5,3,2,5,5,3,3,2,5,2,3,5,
3328,8004,9575,136,2345,2257,5963,6029,6286,6831,9745,8727,---2,4,5,5,4,5,2,5,3,3,5,4,
8519,1252,1159,8776,5417,1431,5356,6157,2255,4471,8511,---2,5,2,3,2,4,3,5,3,4,4,
2786,3496,3052,7947,1644,9224,7506,1301,8796,2174,5567,---4,2,2,5,3,2,4,3,5,5,5,
9633,7811,6757,9190,584,1481,528,1174,2647,9884,6693,---3,2,3,4,2,5,3,4,2,4,3,
4452,9489,5865,2321,7407,5176,4318,855,2936,7258,2494,---5,2,4,4,4,5,5,5,3,3,2,
3616,3494,1997,2414,6031,7600,5203,7316,7223,244,9214,---4,2,5,2,4,2,2,5,5,5,5,
8674,5291,2405,2408,1707,4697,9177,7423,9597,5465,4677,---5,3,5,5,2,3,2,5,3,3,3,
9666,8123,1353,5275,3407,6324,2741,1430,1531,3613,4063,---3,3,5,4,2,5,2,2,2,5,2,
9505,1830,3784,4906,9741,1326,47,3326,5455,3837,3838,---3,2,4,2,3,4,5,5,5,2,3,
4035,7237,243,3273,5895,4493,3155,5013,9835,347,3583,---3,3,3,3,5,3,5,2,4,2,5,
6048,5072,2277,8458,2604,8175,1648,2199,665,7930,4218,---3,3,2,5,4,4,4,5,3,5,3,
5512,555,622,1905,818,2702,5879,2169,9051,8700,829,---2,4,4,5,4,2,5,2,4,4,2,
5378,7239,8008,3434,8523,7274,4531,8277,2295,4458,6334,---2,3,5,4,4,4,4,3,2,2,5,
8066,9112,8549,2475,9954,4945,5650,6315,760,2877,8031,---2,4,4,2,2,5,5,4,2,2,4,
832,3683,261,297,1197,6095,5360,2033,403,9017,7357,---2,3,3,3,3,5,4,2,2,3,3,
8769,4482,1514,4418,7534,1520,3284,4406,8569,1663,---3,2,4,3,5,2,3,4,4,2,
7584,2272,7174,5830,4794,942,6675,8366,2202,509,---4,2,3,3,5,4,2,5,4,2,
8288,5699,870,9062,6279,1065,6093,6325,3544,6495,---2,5,3,3,5,5,2,2,5,3,
832,3683,261,6095,5360,2033,4434,403,1367,9017,---2,3,3,5,4,2,5,2,4,3,
3939,6863,8440,2707,2708,9237,5974,9272,1659,8373,---3,3,4,3,4,5,4,2,5,4,
8448,8289,770,1795,8964,2827,6478,6033,437,3734,---4,5,4,5,3,2,5,5,4,2,
3553,6562,3267,7014,5222,2226,2349,7154,8213,1240,---4,2,5,3,3,2,3,5,5,3,
4996,3538,1491,1591,2072,7492,2618,5499,6682,382,---2,3,3,5,4,2,3,3,5,4,
6050,749,5511,2103,5644,2946,4431,9618,9687,4111,---3,4,4,3,5,2,2,2,5,4,
9670,7050,4459,1580,7757,1902,4210,8275,2487,8253,---5,4,3,2,2,2,2,4,2,2,
1887,7269,6663,6379,8460,6623,8410,1275,7837,6655,---4,3,3,4,4,3,3,2,2,4,
4928,8705,7655,490,4720,402,7638,439,8414,---3,4,3,3,3,5,4,2,2,
4450,99,1319,3914,8813,7341,5369,2191,6018,---3,3,4,5,3,5,3,4,4,
6564,3654,2763,5580,1938,9364,440,2868,8349,---3,5,3,3,2,5,3,5,4,
8001,7588,129,201,7505,5910,4457,7803,6332,---3,3,2,4,4,2,4,4,3,
6336,1763,5444,9137,5518,8657,6547,8174,2231,---5,3,3,5,2,3,2,5,4,
7716,1129,6699,9838,20,4341,1816,2457,1012,---3,3,4,2,4,4,5,5,2,
4736,7910,330,4299,1263,4723,2901,2294,605,---4,3,5,4,4,3,5,3,2,
9411,1552,3249,8914,7188,6166,664,1428,2780,---5,3,5,2,2,2,3,5,5,
7392,9030,3880,4233,975,3016,7794,7893,8186,---2,5,4,4,3,3,5,3,2,
1346,5956,5541,5992,5488,2577,4979,2165,7353,---5,5,4,3,2,4,3,3,4,
4171,3115,4781,5613,1243,7027,4053,4982,9915,---2,4,3,3,3,5,3,3,3,
3940,4041,8461,9924,9967,1748,6998,1881,2555,---3,4,3,3,4,3,5,2,4,
8802,2248,6697,7970,3213,3763,8822,7929,7551,---2,2,3,5,5,5,2,3,5,
6595,1384,6700,141,8451,4003,6524,1181,---4,4,2,5,5,3,2,2,
289,7619,1966,8527,2481,4758,4442,478,---3,5,4,5,4,5,5,5,
4706,100,2439,488,9769,303,6928,278,---4,2,2,4,2,5,5,3,
7908,6090,4605,9901,1245,9173,6043,138,---3,4,5,4,5,2,2,4,
1728,3682,2630,9998,4497,9938,3286,6556,---3,4,2,5,3,4,4,4,
9377,4614,7591,2184,3791,3602,339,6552,---4,4,2,5,2,4,2,2,
9824,806,7208,4079,5393,8916,951,7279,---2,3,5,4,3,2,2,3,
9666,3407,5972,8022,6324,9883,2748,4063,---3,2,2,3,5,3,3,2,
5760,7076,7238,6504,8754,562,21,7705,---5,4,3,2,3,4,5,4,
9504,3301,3944,1099,9201,6360,5467,3644,---2,5,5,2,3,3,5,3,
2720,802,8099,1297,9869,8401,9492,---3,2,3,3,5,5,3,
9760,6342,1756,2705,3513,156,5343,---3,3,3,2,4,2,5,
736,1025,5064,4845,1806,168,31,---4,2,4,5,3,2,2,
4836,5509,5831,4487,6873,6236,63,---5,2,4,5,3,4,3,
3137,5314,7627,5282,5902,8473,4316,---3,3,5,4,2,4,4,
1666,3018,8399,7253,9910,1495,5945,---3,4,3,5,5,5,2,
3595,1264,8241,2324,3285,671,---2,2,3,5,3,4,
131,3397,4876,2866,4565,6264,---5,2,4,3,3,5,
9282,8772,5167,6067,2804,9567,---3,2,3,4,4,2,
9898,6795,6895,4211,3222,3290,---3,3,3,2,4,2,
4899,9130,4207,5778,6227,5140,---2,5,5,2,3,3,
7456,738,4234,6646,4586,670,---3,2,3,2,2,3,
6752,1446,8203,8972,692,791,---2,3,4,2,5,5,
7552,5983,4392,1594,8539,127,---4,3,4,5,4,5,
7936,8705,4421,2442,6967,9752,---3,4,3,3,5,5,
1130,2925,2643,8248,8442,1374,---5,2,2,5,2,3,
2790,8875,8876,8057,697,8954,---4,4,5,2,4,3,
544,1825,9315,4433,6003,795,---5,5,2,4,4,2,
2680,9426,686,7438,8879,---4,4,5,5,4,
6937,8970,1604,1098,7180,---3,4,2,5,2,
970,4559,4052,4749,655,---4,3,4,4,3,
248,1785,1652,4973,116,---2,2,2,3,3,
5472,4242,2366,8182,---3,4,3,3,
2612,5381,---2,2,
2036,3349,---2,2,
7985,5668,---2,2,
9045,7566,---2,2,
7068,7422,---2,2,
6448,8563,---2,2,
4690,7899,---2,2,
5859,5021,---2,2,
563,8063,---2,2,
2816,171,8583,6927,2947,8110,872,1688,819,9501,6819,9899,3628,8494,1455,5163,2099,9464,62,1858,6723,3020,4428,6096,3793,9433,2654,4703,608,8417,355,740,7909,8785,4200,6397,4081,8952,4221,8702,3711,---3,2,4,2,3,4,2,3,4,4,4,3,2,5,2,4,4,5,4,4,2,5,5,2,5,3,4,3,5,4,4,3,4,4,4,5,3,4,2,2,3,
4865,1794,9862,6151,4745,4567,4620,8982,535,8987,2332,9632,9689,4004,8582,7206,295,4653,3635,4795,5566,5702,9932,8142,5717,7033,1624,9508,7149,114,2420,3960,2425,---2,4,4,3,3,5,3,3,2,3,2,5,3,5,4,3,4,5,5,5,5,5,4,5,4,3,3,3,4,4,3,5,2,
6404,5384,2441,2058,2315,401,3219,5783,281,2844,2205,5537,4017,5288,4764,5680,5809,9789,7358,8127,7616,3723,4816,9047,5977,2013,464,3044,5996,9589,890,8843,---3,5,4,5,4,4,4,4,3,4,5,2,2,4,4,2,2,2,4,3,2,4,4,3,5,4,3,3,3,3,5,4,
3716,2953,398,911,6178,4773,4648,9261,1582,8111,9138,1078,1988,332,9677,8024,1497,4699,2526,2656,1388,3310,1139,3746,9978,---2,4,2,4,2,3,2,2,2,4,4,4,4,3,5,5,3,3,4,4,2,3,4,2,3,
1152,4352,1797,5136,6297,4250,5531,2974,928,1819,1706,1969,7743,6080,2633,460,7501,8528,8273,7649,3554,5733,7657,1015,1578,---2,3,3,3,5,5,3,5,4,5,2,2,2,2,2,4,2,2,2,2,4,4,4,5,5,
910,7823,5654,5276,9758,416,3883,2860,3766,7614,68,2766,6996,5207,1627,4957,8034,7661,9070,498,7283,5877,4343,8824,1019,---4,3,4,3,3,4,4,5,5,4,4,5,5,2,5,3,2,4,4,2,2,3,3,2,2,
6272,897,3846,925,8096,36,8742,6959,3250,8247,2617,5821,9162,205,3154,6611,2900,7255,5208,3108,9310,8801,6249,2293,1278,---4,4,5,4,4,3,5,3,3,4,4,5,4,3,2,4,4,2,2,2,4,2,4,2,3,
2069,7708,1314,179,2106,188,4798,2623,6597,1614,8912,7511,2139,8157,4830,9439,1509,9318,6005,7415,6393,124,125,---2,3,4,5,3,2,4,2,2,5,2,3,2,2,5,4,5,5,4,2,5,4,2,
2691,517,9355,8726,9881,2203,6559,1057,5922,9387,8881,2740,5946,1341,9166,5459,4686,470,6102,1498,8820,375,9593,---4,4,4,3,2,4,2,4,5,2,3,4,4,4,4,4,5,2,2,3,2,3,2,
4011,1035,7182,788,6047,7205,7595,9151,7136,706,8006,1867,2658,1105,3924,733,6368,6882,5732,6900,9663,1534,---5,3,4,5,2,5,3,5,2,2,2,3,3,5,5,3,3,3,2,4,4,5,
4237,910,7823,5654,5276,9758,416,2860,3766,7614,68,4683,2766,8824,6996,4957,8034,7661,498,7283,5877,3576,---3,4,3,4,3,3,4,5,5,4,4,3,5,2,5,3,2,4,2,2,3,4,
6147,5641,400,6806,8344,2460,8106,7214,9651,3253,5949,9280,4932,1996,4958,2146,9957,9834,4977,5875,6132,5366,---2,5,2,5,2,3,3,2,5,5,5,3,2,4,3,4,4,5,2,3,4,4,
6275,6413,4368,3861,1303,2628,9882,2082,7971,1968,2880,708,1991,6353,8660,3158,2135,2266,7133,9059,8564,6133,---2,3,3,5,4,3,4,4,5,2,2,5,4,2,3,2,5,5,3,3,5,5,
8962,7035,9796,7557,4966,5329,9556,1801,6155,1070,7797,5617,6452,5909,2100,1848,2468,155,6993,6366,1215,---2,5,2,2,2,3,2,2,5,5,5,4,2,3,2,3,5,4,4,4,3,
2880,2082,6275,2628,3910,1991,6210,4713,9290,1303,6413,8591,1968,6353,7971,8660,6133,2135,1699,9059,7133,---2,4,2,3,5,4,4,2,3,4,3,5,2,2,5,3,5,5,2,3,3,
2592,65,4866,8678,8280,6696,329,5386,7083,4909,79,6737,7922,787,7636,8438,6904,3188,9914,3240,9480,---3,2,2,4,3,3,3,4,5,5,2,5,4,2,2,4,2,2,4,5,2,
3712,3042,4307,9428,3238,2728,2355,5546,2871,9740,4701,7219,2452,4853,9911,5560,1657,1530,7100,3549,5322,---4,5,4,4,4,3,5,2,3,5,5,4,3,2,2,5,3,2,4,3,4,
2368,3318,4038,433,969,9930,5067,8407,9455,6961,7571,6718,6838,4023,2904,2086,764,1661,2334,4837,---2,4,4,3,3,5,4,4,2,2,4,2,2,3,4,3,4,5,5,3,
3843,741,3942,2567,1884,9897,423,6546,4518,7855,2800,9905,3794,3817,5785,7130,123,4636,6202,3070,---4,5,3,3,2,3,5,3,4,4,5,5,4,4,2,5,5,3,2,4,
2944,5345,6406,8197,3430,6497,6408,6058,2699,9004,3085,2927,7160,8148,3477,7510,1049,5304,6868,1727,---4,5,5,5,4,3,3,4,2,5,2,3,2,2,4,3,5,3,2,5,
6656,608,2947,5285,2951,3711,3020,5869,4911,9501,2654,3385,1688,8377,1562,4859,6397,62,7135,---2,5,3,3,5,3,5,2,5,4,4,3,3,2,3,4,5,4,3,
8211,5249,4866,8678,65,3240,329,5386,7083,7650,4936,1809,787,7636,2839,8120,3188,9480,5599,---2,5,2,4,2,5,3,4,5,4,5,3,2,2,4,5,2,2,3,
7554,3942,423,2567,9897,5131,7666,1874,7855,8856,3794,7410,536,2873,7130,4314,1884,6202,3070,---5,3,5,3,3,4,3,3,4,5,4,2,4,5,5,4,2,2,4,
2304,7201,2370,7723,3048,9175,2700,109,9486,5711,2096,3272,2964,1342,9977,8185,3708,8798,5663,---3,5,5,2,5,4,3,2,5,2,3,2,4,5,3,2,4,4,2,
8576,5858,1732,2342,2438,3304,3212,7946,1693,1932,7725,590,6621,9357,9608,5715,1973,2842,7091,---4,4,2,3,4,5,4,5,3,4,5,5,3,3,4,2,3,5,3,
5858,1768,1732,2053,2438,4743,3304,7946,7725,6621,9608,904,5715,9218,902,548,2842,7091,6733,---4,4,2,5,4,4,5,5,5,3,4,4,2,2,4,4,5,3,2,
9888,4257,7012,5331,5799,2024,2857,5003,204,1453,7790,4305,383,3214,4503,3176,5114,4667,8799,---3,3,4,3,2,4,2,3,3,5,5,2,3,5,5,2,4,5,5,
9280,5569,2146,1123,2212,5366,2952,4554,6806,400,4977,9651,3253,8662,6519,8344,5875,9834,4885,---3,5,4,3,3,4,5,5,5,2,2,5,5,5,2,2,3,5,5,
3904,4801,8610,2851,4068,8967,1800,2154,3083,7212,1325,2861,7349,182,5306,6075,3997,5790,---5,5,5,4,2,2,3,5,2,2,5,4,5,4,4,4,2,2,
8320,4384,2563,2469,6924,1095,9484,9927,940,9263,8048,9304,1859,2616,3468,1755,8760,7653,---5,2,5,5,3,4,5,3,5,3,3,5,3,3,3,3,4,4,
5667,6054,1738,483,7854,9007,6320,4113,8202,7795,4213,2966,5497,9497,6415,3036,797,5630,---3,4,3,3,5,4,2,2,5,2,4,2,5,2,5,2,3,2,
2029,2726,1425,8841,3979,5229,3022,4969,721,2483,6676,3006,3145,7928,4151,4125,6622,6015,---5,3,5,5,5,3,5,2,2,3,4,2,3,2,2,2,5,3,
2048,7777,630,6631,2376,7726,2991,2256,785,7476,8949,8086,663,3608,3252,3112,126,2325,---2,4,3,4,5,4,3,5,4,4,4,3,3,4,4,3,4,2,
7072,6083,8068,3078,3527,2024,2857,204,1453,9293,4305,1115,5526,4073,4632,383,94,4895,---4,2,5,2,3,4,2,3,5,4,2,3,2,5,2,3,4,5,
6849,9506,2243,839,1704,5097,7306,1703,8684,6705,5726,7225,8567,888,1209,9563,3068,9015,---3,3,5,5,5,5,5,3,4,4,3,5,3,3,4,2,4,2,
9934,2891,8136,6204,8330,6135,526,495,3228,7125,9558,4215,4344,6329,9178,3067,5500,1343,---5,3,5,4,5,3,2,5,4,4,5,5,3,3,5,3,3,5,
3425,1091,9412,4103,9833,2026,8985,5071,4336,9953,6162,2179,5780,1815,4980,1775,1917,---4,4,5,2,3,3,2,5,3,5,4,4,2,2,4,4,2,
3265,8130,3107,8484,7977,3922,5199,3984,1112,210,4642,1910,2584,1843,3482,7003,5022,---4,4,2,4,4,3,3,2,4,5,4,4,2,2,5,3,4,
1984,2529,8739,4804,5158,4040,6986,2318,659,5811,2806,9369,2180,3578,8639,7036,3775,---4,3,3,2,5,4,2,4,4,4,5,3,3,5,2,4,5,
3938,4151,2726,721,3145,3979,5229,1425,2483,6676,8841,7928,9561,3967,4125,1790,6015,---4,2,3,2,3,5,3,5,3,4,5,2,5,4,2,3,3,
3400,7473,1160,4476,106,4939,5260,2478,1839,6792,8338,6163,7579,4092,5148,510,---5,5,3,4,5,3,2,4,5,4,2,3,4,2,2,3,
3616,8609,644,3173,2311,3585,8237,1997,8206,6031,7600,9393,7316,8437,9144,8766,---4,5,3,3,2,2,2,5,5,4,2,5,5,3,5,3,
5793,8258,6339,4161,9097,4980,8985,2002,4784,6162,5780,9833,8642,570,9953,3100,---3,4,4,5,4,4,2,3,2,4,2,3,2,2,5,5,
9376,7553,652,1571,3686,4297,9612,551,3308,9421,4206,781,7319,4282,3951,893,---2,2,4,3,4,3,3,3,3,2,5,3,2,3,5,2,
384,1028,8358,9766,4619,5766,2000,7800,5234,6046,4278,5112,8313,2102,5085,7390,---4,3,4,5,3,4,5,2,4,4,3,3,4,2,5,5,
6369,962,1251,4747,8394,3959,8430,3875,8244,7221,9878,8951,6475,4799,3818,1151,---4,4,3,5,5,5,4,3,5,5,3,5,3,4,5,3,
7745,6374,3334,5031,7016,6410,3470,8431,8723,5458,4755,6037,3510,1687,380,6527,---4,3,2,5,5,2,2,4,2,3,3,2,5,2,4,2,
4802,9461,8388,105,5483,7084,3324,9681,5620,3221,6070,885,1754,2075,508,7029,---3,5,4,4,4,5,5,3,3,5,2,3,2,3,2,3,
160,4674,6915,7461,2822,9576,2538,418,173,8880,6920,5397,7991,3066,2490,---4,3,2,3,5,2,4,3,4,2,4,3,4,2,5,
2785,9572,4517,8617,5898,6189,1629,8208,5138,2387,5573,8027,6493,254,3935,---5,4,5,4,5,3,5,3,3,4,3,2,2,4,4,
6209,4162,4803,6470,4561,1256,5450,1995,9452,5806,8816,3729,6357,9725,8501,---3,5,4,2,4,2,2,2,2,3,3,4,5,5,3,
2400,2224,1828,9524,7593,1191,3916,1744,2985,5492,7700,5781,9302,7673,7257,---4,2,4,3,4,5,2,5,2,4,5,2,3,4,3,
4050,6177,5867,2852,1285,9736,8329,2347,3053,1007,4448,8402,1219,2219,9885,---4,2,3,3,5,5,4,2,5,4,4,4,2,4,2,
3619,4324,9701,5127,8613,3182,7344,3416,5987,2932,3640,5029,9204,5885,8255,---4,5,3,5,3,5,5,4,2,5,5,5,4,5,4,
7488,1099,3301,6823,424,5820,234,1771,3981,4462,3944,6360,3644,6686,1701,---5,2,5,5,2,2,5,3,4,4,5,3,3,3,2,
4610,4644,454,966,6306,4072,8482,2733,6024,7124,3894,2905,7007,1128,9382,---2,4,5,2,4,4,4,2,2,3,3,3,2,4,4,
4097,8131,5316,2471,2187,8717,8135,49,2147,643,5269,4822,4255,6781,4223,---5,4,2,5,4,3,2,3,4,5,2,5,5,2,5,
5985,4514,1387,7175,2111,5387,2701,719,1781,7096,1337,1147,6844,8606,9727,---2,5,3,4,3,2,5,5,3,3,5,4,4,3,2,
7265,7942,7435,1421,8526,5007,3346,5491,2994,9334,5463,1439,7069,5246,1311,---2,2,4,2,3,4,4,3,5,2,3,2,3,5,2,
7872,2337,8738,2595,5028,5,4330,8655,1392,2773,3672,4156,9373,3486,---3,5,2,4,2,5,3,5,5,2,2,5,5,2,
6368,6560,7595,6244,9253,7136,4388,1803,8910,9731,5400,217,1989,9663,---3,4,3,5,2,2,5,4,4,4,4,5,4,4,
769,7689,6085,2753,1865,5706,199,5074,2484,4873,7066,4735,1469,9733,---2,5,3,3,3,3,5,5,3,4,3,5,5,4,
161,3461,3239,6826,3563,9066,2909,2006,3000,7833,5338,796,5978,6239,---2,4,4,3,3,2,5,5,5,3,2,4,2,4,
4096,9697,3812,1957,8262,6414,2703,9936,5361,5939,5172,9591,6233,5076,---2,4,4,5,3,2,3,5,2,2,2,5,2,4,
1056,9792,2380,5482,172,7565,7280,7097,8274,1555,4085,7479,633,8489,---3,3,5,2,2,4,3,3,4,5,3,3,2,3,
4896,2507,678,2023,6472,3339,6764,7863,880,1138,6327,4763,1822,2815,---5,2,5,4,3,3,2,4,2,2,4,2,2,5,
3872,448,7715,4230,7948,2188,4170,7340,589,6608,7058,9269,2007,6837,---2,3,2,5,5,3,5,3,5,2,5,2,2,5,
9280,2146,9957,5641,9834,1996,6806,400,5875,6132,3253,5366,2996,4958,---3,4,4,5,5,4,5,2,3,4,5,4,3,3,
6472,2532,2088,5289,3562,2027,7824,2615,4242,7798,7273,2971,6327,2366,---3,4,3,3,2,4,5,5,4,2,3,3,4,3,
3296,7328,9671,3335,5897,266,6187,8812,8302,241,6906,9436,1342,---5,5,5,2,5,2,4,2,4,4,4,4,5,
7560,4651,4076,9645,6062,365,9840,7411,7583,8947,8767,8383,8607,---4,3,5,3,5,4,3,2,3,4,5,3,3,
4439,4931,5988,4265,267,9778,4750,2354,6486,9335,539,3965,9694,---2,5,5,3,2,3,3,4,4,2,2,5,2,
4931,5988,2087,9335,2354,9778,6486,4439,267,539,3965,9694,4479,---5,5,4,2,4,3,4,2,2,2,5,2,2,
6912,3675,8228,1638,4710,9035,7949,4498,7284,9636,411,9469,5023,---3,5,4,5,3,4,3,3,3,4,5,5,5,
3072,5313,229,7334,71,2973,8077,4398,9231,496,3830,5761,7229,---3,4,4,2,2,5,2,3,5,3,2,3,4,
5995,3622,2918,2344,9611,3276,7597,6990,4783,4627,3092,1230,860,---5,3,4,4,4,3,5,4,2,2,3,5,4,
4225,5414,5281,6216,3401,4492,334,4563,7573,6585,3673,3612,9791,---5,4,3,2,3,2,3,3,4,4,4,5,2,
4672,3137,5282,9540,2066,4543,8562,4245,8898,4249,3739,5822,3989,---4,3,4,5,3,2,2,2,2,2,2,5,4,
3872,448,4170,8747,2188,589,6608,7058,6837,2007,7738,9980,223,---2,3,5,4,3,5,2,5,5,2,4,3,5,
6336,8707,7110,8657,1164,6828,653,9137,1763,2231,9530,5595,1692,---5,3,2,3,5,3,2,5,3,4,3,2,3,
9505,1830,1067,5421,1326,47,1358,311,5455,3837,3326,8863,---3,2,4,4,4,5,4,3,5,2,5,4,
9633,964,6757,8840,5033,5037,8623,3696,9619,922,1595,2333,---3,5,3,4,2,4,5,2,3,4,5,5,
7618,3,296,8557,1101,5042,4532,9718,4024,6905,2799,4948,---3,3,3,5,3,3,4,2,3,2,2,2,
3873,4294,2631,7179,7021,5522,658,3609,1882,26,4090,926,---5,4,5,2,3,2,4,2,2,2,4,2,
1633,9798,3949,5353,780,4141,3183,8272,9234,6281,4696,1724,---3,3,5,3,3,3,4,3,3,2,2,2,
7844,4807,4552,3751,4335,3474,2419,1236,7574,8663,9220,1183,---2,4,2,4,3,3,4,4,5,2,3,5,
6784,2210,3332,2470,519,2601,7010,8046,9074,5924,1370,3772,---2,2,5,4,5,5,4,2,4,2,3,2,
1472,6438,7656,8009,4460,4525,8585,6765,7381,4953,2809,1493,---5,4,2,2,5,2,2,5,5,4,4,5,
2819,1951,4806,6282,115,8497,1407,9557,6363,634,3195,3519,---3,3,4,2,2,3,4,2,3,2,3,2,
3744,4086,1543,4615,9997,1710,8979,2549,1014,5942,987,6431,---4,3,4,4,3,5,4,2,4,4,4,4,
4448,1219,2852,1285,5867,4107,9649,4050,2219,1496,9885,---4,2,3,5,3,3,2,4,4,3,2,
838,5448,7881,6283,8364,6349,2416,1909,4854,3165,7637,---5,3,3,3,5,2,5,2,2,3,3,
4961,7045,5638,9127,7150,9712,2515,5876,3892,1786,2302,---2,4,5,3,3,3,3,5,3,5,4,
9442,3971,2982,3338,5263,4659,5714,5587,675,5434,9242,---2,3,2,3,4,2,5,4,3,3,3,
8448,8289,1795,5558,8746,2827,206,3734,4823,2552,5435,---4,5,5,2,5,2,3,2,4,4,4,
2114,5576,5194,7665,4082,6612,7861,4536,2970,3163,3740,---3,5,4,2,4,4,2,4,2,4,3,
2784,1919,9542,8198,7211,9170,3139,7924,7077,5083,6271,---3,2,4,5,2,4,3,4,4,4,2,
5540,1577,586,7852,8718,1650,691,4692,9943,9850,778,---3,5,4,4,2,5,4,4,5,2,3,
128,2978,8517,1287,10,642,8469,2392,8220,6877,8638,---4,2,4,5,2,4,2,2,5,5,3,
384,5766,9766,232,3471,2000,5112,5234,4278,7800,7390,---4,4,5,5,2,5,3,4,3,2,5,
737,5794,5413,7403,4780,6829,5489,4820,1237,7639,6587,---4,2,4,4,4,4,4,5,2,4,2,
7427,4132,5961,5130,1260,4146,5490,6899,6142,4666,8254,---2,2,4,4,2,5,4,5,2,3,2,
2177,8675,3206,8716,3790,8976,307,3731,8059,4413,---5,3,2,5,3,2,4,3,2,4,
6308,2886,4333,4238,8432,6254,8676,5503,9630,1375,---2,3,3,5,3,2,4,2,2,5,
9733,199,6085,7689,5706,2484,3641,7066,1469,4735,---4,5,3,5,3,3,3,3,5,5,
6308,6182,265,4333,4238,5871,9902,8996,9531,9630,---2,4,2,3,5,2,3,4,4,2,
9792,633,5482,7565,7280,8274,1555,3604,7479,7097,---3,2,2,4,3,4,5,2,3,3,
293,1420,6605,9616,7443,1364,5493,4180,9370,9823,---2,4,5,5,3,4,2,2,2,5,
1887,7269,9410,8460,8002,6655,8410,1275,7198,6623,---4,3,4,4,4,4,3,2,4,3,
5217,9251,7819,5036,1933,6030,1618,6292,1302,4031,---2,3,2,5,4,3,4,2,4,3,
7651,8030,1925,9320,9389,1808,1205,1623,4060,9534,---4,2,3,2,4,3,2,5,4,3,
1762,3626,4684,5357,462,6509,596,9044,3162,7835,---4,3,4,4,4,4,4,2,4,5,
7844,7574,4807,4335,3474,5363,1236,5078,9220,1183,---2,5,4,3,3,5,4,5,3,5,
1887,7269,9063,6379,8460,6623,953,8410,1275,6655,---4,3,5,4,4,3,2,3,2,4,
7030,1961,4522,1081,8150,3671,3865,4415,9790,6591,---2,2,2,5,3,2,3,2,2,5,
9121,5155,2246,5041,1127,5457,8963,4665,6073,4379,---5,5,2,4,2,5,5,3,2,5,
4869,679,776,9577,9582,913,4466,693,4183,7838,---2,2,4,5,4,3,5,4,4,2,
7233,3043,7430,6887,7528,4811,213,1227,8381,6526,---4,4,4,3,5,3,3,3,4,4,
9568,9664,1954,1635,1675,2764,3920,3090,9107,2608,---4,3,3,3,4,3,5,4,3,2,
9859,6982,4198,4327,3629,5807,7315,5958,5818,---3,5,5,3,2,3,2,2,3,
9600,3235,6892,6574,6128,8531,6169,7385,3353,---4,5,2,5,3,4,5,2,2,
9120,7301,9287,4871,2065,9682,9876,9845,5687,---2,5,4,2,4,3,3,5,5,
581,615,5673,906,1680,9873,2739,4312,442,---2,4,5,2,4,2,3,3,5,
5987,4324,5029,5127,8743,7344,3416,5885,8255,---2,5,5,5,3,5,4,5,4,
3488,716,2186,1100,8724,342,3548,6558,5215,---5,5,5,3,4,3,2,4,4,
6564,9958,3654,1960,2763,9364,440,9308,8349,---3,5,5,3,3,5,3,5,4,
7844,3109,4807,4335,3474,1236,7574,5078,1183,---2,4,4,3,3,4,5,5,5,
7074,7493,9418,4364,2093,1714,4947,4601,2044,---5,4,3,5,3,5,5,3,5,
9547,3844,3495,4235,2803,150,8152,8636,6365,---2,2,2,3,5,5,5,3,2,
2336,1412,5191,6344,203,7184,1432,8804,9371,---4,3,3,3,2,2,5,3,3,
4001,6307,2854,3399,7470,4276,735,4380,4383,---5,4,5,3,4,3,5,2,2,
3813,4039,4301,3854,2673,3826,8694,3963,5149,---2,5,2,4,2,4,5,3,5,
3088,8548,2949,6092,4590,2063,9008,1777,5758,---2,5,5,2,4,3,3,5,5,
4417,5270,8969,6763,5585,4818,5652,4694,1541,---2,2,3,4,4,3,3,3,5,
3105,9283,69,4033,6445,5487,6137,4986,6907,---5,2,3,4,2,5,2,3,5,
7115,9990,2920,9771,2157,2159,6225,3033,4412,---5,4,3,4,4,2,2,4,3,
5697,8100,7466,909,6830,1620,8858,6266,---4,4,2,2,3,4,3,5,
8426,2796,4558,9647,3987,4308,7703,8703,---2,3,5,5,5,4,3,5,
7584,2272,5830,257,942,758,9625,2202,---4,2,3,4,4,2,4,4,
6273,1379,9513,8940,5841,9844,7958,7165,---3,5,4,5,3,3,5,5,
5473,2562,7592,1225,258,4878,8988,9309,---2,2,4,4,2,3,4,3,
1415,2696,587,4342,2263,4088,9276,9405,---3,5,5,3,3,3,2,5,
3432,2956,9837,2606,5296,6001,9491,757,---5,5,3,3,2,2,3,2,
6727,3785,3598,3160,8729,5562,8955,8922,---5,2,2,4,2,2,5,2,
1094,2663,8424,6316,7984,8565,6872,7132,---3,4,2,5,4,3,3,5,
2080,5257,4759,1196,6351,4268,6422,489,---2,5,5,5,2,4,5,4,
9988,5639,2317,821,215,4121,2939,7487,---3,5,5,4,3,4,5,4,
2870,1190,2381,752,6098,7477,1654,8318,---2,2,2,2,3,3,3,3,
4832,4130,5828,7377,7767,3546,2621,1279,---4,5,5,5,5,5,3,4,
3680,960,8259,7879,7085,9812,3194,7647,---3,3,5,4,2,5,5,5,
2209,7970,2248,6697,3213,2933,9503,---3,5,2,3,5,3,3,
3008,5190,399,4533,5816,3450,1117,---4,4,3,3,2,2,5,
4578,6051,6343,1006,656,1010,9305,---2,3,2,3,3,2,4,
8416,2131,5445,6218,8499,3031,7580,---2,2,5,4,4,4,4,
5760,6504,8754,562,8852,21,7705,---5,2,3,4,3,5,4,
7173,3177,46,2959,3029,5782,9981,---4,4,4,3,5,4,5,
3940,2555,9924,4041,9967,1881,1339,---3,4,3,4,4,2,4,
2310,4744,1773,9423,1554,2910,---4,5,5,4,2,5,
5604,5449,5930,5803,2377,4959,---5,4,2,2,4,4,
2022,1832,4905,2251,6540,8091,---3,3,3,4,2,5,
9664,1954,1635,1675,3920,3323,---3,3,3,4,5,4,
2310,4744,1773,9423,1554,500,---4,5,5,4,2,3,
7360,4326,7463,8882,1458,9747,---5,4,4,2,3,2,
0,6960,981,9945,4987,5117,---2,4,5,5,4,3,
1220,1544,8490,6326,5882,6270,---4,5,5,2,5,2,
6752,1446,4295,8203,9519,692,---2,3,4,4,3,5,
4578,6343,1006,1010,5390,9305,---2,2,3,2,3,4,
9538,6107,6802,9624,5593,4891,---3,2,3,3,4,2,
5536,6500,8232,1161,9100,2869,---5,4,5,2,5,3,
579,1737,9227,4526,7171,6751,---5,5,4,3,3,4,
9413,7047,7309,4046,4917,3478,---2,4,4,2,4,4,
5914,2339,4516,9342,8478,---5,4,4,4,4,
8016,427,151,4779,4375,---4,5,3,3,2,
2897,6602,1670,9238,3687,---4,3,3,4,4,
5736,1841,5452,550,9319,---5,3,3,5,4,
9621,8236,1901,6350,1615,---5,2,2,2,5,
3955,8833,9259,8305,2401,---2,2,2,3,3,
2849,1810,3451,1836,---3,3,3,4,
1400,1891,---2,2,
3851,251,---2,2,
