1294,1169,2841,1906,48,3620,425,557,4783,2736,4018,4532,2362,4539,1724,1982,2370,1477,1611,79,3409,1362,1491,1109,4696,3292,1117,225,3303,3048,4082,4051,1013,3192,---4,9,3,3,6,7,8,2,10,7,7,8,3,10,9,6,6,3,3,9,3,8,5,2,10,4,8,7,9,2,6,4,10,2,
256,3691,1772,3850,141,2093,1810,403,4628,158,802,4135,2989,954,1343,3136,4677,3142,1235,3551,482,1891,2789,619,3052,2834,240,4337,4851,1144,2298,3581,---9,4,5,8,5,10,5,8,6,8,3,4,2,7,5,8,3,2,2,2,7,8,6,10,6,2,4,4,2,5,2,5,
2819,3076,1927,522,3348,3736,2719,290,3236,938,499,694,4407,2620,4805,714,2999,1228,3790,4217,987,2141,4964,1895,2410,366,3827,3193,1915,2814,---5,9,6,4,4,3,10,4,8,10,9,4,5,4,10,9,8,8,10,2,9,2,4,5,2,6,7,2,9,9,
3328,4743,2704,529,29,3232,4771,428,4274,1333,1214,3381,832,4290,4164,4423,3786,4727,4428,3791,3666,2647,856,860,2398,4065,610,358,2167,1918,---4,10,5,6,7,9,7,3,9,2,3,8,6,2,9,4,6,2,2,9,2,9,7,8,2,6,9,5,7,2,
641,1922,1921,706,2029,2833,1814,3872,4898,307,2998,3769,3259,2976,2498,3267,2762,2829,1108,4693,3164,2142,1631,2784,2276,3814,3434,1389,3058,3838,---9,7,5,7,10,8,2,5,2,7,9,7,9,2,8,5,2,4,5,6,7,5,5,7,6,2,9,3,6,5,
1549,2937,3476,4117,663,30,1952,3106,547,3366,683,943,3248,3638,4153,4803,4042,846,4691,855,4837,1636,1062,3562,363,3443,3574,4601,1146,---5,9,8,8,9,3,9,2,3,2,3,2,7,9,3,6,9,8,6,4,9,2,2,2,9,9,6,7,7,
3200,2693,2569,1820,4515,933,2726,295,297,4523,4140,2597,1455,2744,4793,2232,1234,3926,3929,2651,1317,4708,4581,1126,360,4969,2412,2669,---9,7,5,4,5,4,5,7,5,10,9,3,10,7,9,6,4,2,10,8,2,7,10,3,5,2,5,5,
896,770,3857,1682,1300,789,1135,3103,2080,1827,3498,3246,688,3633,3252,1721,315,80,4946,4453,4839,1255,238,1007,627,373,2552,---9,7,6,3,7,9,4,2,10,9,7,3,10,4,9,7,6,4,8,3,6,4,9,6,3,6,9,
2691,3717,1417,2314,4626,1811,3863,2844,2758,296,681,3626,2347,3383,953,702,3650,326,3661,975,3796,3919,4973,1911,3833,3324,---9,3,3,8,6,8,3,8,3,10,2,3,5,10,6,9,10,4,9,7,8,8,8,8,9,5,
137,4497,4884,790,3482,3878,2095,4745,2618,571,2877,4546,3651,581,1478,711,1992,587,2256,3419,3429,871,2157,4732,1919,---2,10,9,2,8,10,7,5,9,5,5,10,10,3,9,4,8,6,8,9,4,8,8,9,10,
659,924,3241,4269,305,2101,1338,3318,3147,4684,2514,3285,3642,4062,2656,4091,872,1644,367,374,2039,507,3966,---8,10,6,7,10,6,4,10,4,9,5,3,10,7,3,10,2,7,4,7,10,9,8,
2690,7,1545,2954,781,527,787,1429,4133,1958,4394,4278,1652,959,2496,1985,1479,4297,1354,3149,4877,3828,3703,---5,5,6,5,3,7,5,7,6,5,2,10,10,5,9,8,5,5,3,7,6,8,7,
1156,1413,2184,3341,284,1693,677,3239,1576,1834,304,3122,52,1081,4039,1358,1490,3800,1256,167,3576,2425,---10,7,5,6,7,4,8,7,8,3,6,4,4,2,10,4,10,7,4,10,8,9,
2304,2183,2952,4747,3354,3877,934,2599,2987,2096,392,2104,4034,3779,2641,1880,2522,479,4455,1513,362,105,---2,6,5,5,7,8,10,3,5,9,10,9,2,7,3,2,6,2,8,3,8,5,
4864,3971,1988,1445,1766,3431,47,1706,551,4847,1264,1777,146,2421,742,4484,3172,2491,2780,3389,1509,---2,8,9,5,6,7,5,5,3,8,2,5,10,6,5,8,6,8,5,2,5,
928,2977,1067,2277,1734,3751,745,4650,4555,3372,813,1136,500,3646,4599,4569,3386,4157,250,2325,---7,4,3,2,10,6,8,6,2,8,9,9,10,4,5,4,10,8,2,2,
1856,1601,435,1763,3481,4348,3307,3117,2800,4529,2515,3520,4853,1526,1591,889,538,3760,1116,2847,---5,8,6,2,7,2,5,9,4,2,5,2,10,7,10,7,8,2,7,9,
4576,2537,1380,3377,3270,4871,4072,1129,3050,4075,4114,1006,3115,4562,3214,4823,3032,2874,2395,3036,---4,4,7,6,9,7,4,6,2,7,8,5,3,8,4,6,9,3,10,6,
3394,4385,2562,4579,3301,4096,4359,2152,1898,423,3212,3554,3181,3153,2610,4667,1942,631,1512,2460,---4,7,7,7,4,7,6,7,6,9,8,2,10,10,2,2,3,9,6,6,
416,1089,3121,4678,1447,1321,3722,2859,812,1746,2926,1587,274,4403,4340,1207,120,2523,618,671,---7,2,3,10,3,5,5,6,10,10,3,5,10,9,4,5,3,4,8,7,
161,2658,4708,3174,2150,3079,4616,396,2251,4332,255,4968,4690,3763,3494,1431,1668,2587,1820,2174,2143,---3,7,7,7,3,7,10,9,10,9,4,10,10,5,9,7,7,5,4,3,7,
98,2787,2148,1015,2662,2596,4875,2317,2702,4660,593,2451,3572,2582,569,633,4986,1339,3770,---3,7,3,5,5,3,10,2,2,8,4,8,7,9,6,5,3,8,2,
1950,577,1092,4165,1094,897,4168,2729,3221,4171,3198,973,2384,4903,3250,2046,4185,2782,2661,---5,2,9,7,10,4,10,6,10,10,5,3,5,4,10,8,8,5,3,
3488,4033,2781,4483,2663,2028,4465,4621,893,3408,2321,115,3222,3033,4858,3932,4794,1215,---4,8,9,9,10,5,7,10,8,7,9,8,6,10,9,7,5,3,
3009,2882,2083,3364,2246,3462,1937,4904,3818,751,2563,4888,2579,2996,1112,700,2557,1663,---9,3,3,2,6,8,10,4,7,8,5,5,6,4,5,5,4,10,
3968,604,283,3983,1797,232,1609,2827,3470,605,2640,534,3849,932,251,3228,1277,3807,---5,9,10,10,6,4,7,2,10,6,8,5,4,5,9,6,3,6,
4832,2849,4068,4645,2312,2217,970,523,2863,2296,4883,2334,1944,25,719,1022,437,---2,2,6,3,10,10,2,10,7,3,7,10,6,5,8,7,3,
4193,2340,1697,586,3406,2223,400,273,50,2899,3286,3415,3044,1680,4027,1341,3967,---8,7,10,10,3,2,2,2,2,5,3,6,10,3,6,5,6,
993,2507,261,4327,171,1037,3567,848,2001,2002,2420,1976,1626,1023,2396,2941,3487,---5,7,3,5,8,7,6,2,6,5,7,10,3,5,10,7,4,
2113,3458,2923,2214,1329,200,1897,810,4711,3855,4176,241,3730,176,3582,639,---5,4,2,7,3,2,6,8,7,9,3,10,3,6,3,6,
3076,6,1927,1293,920,1172,3736,2245,290,2852,1189,3238,4391,2220,1977,4805,1232,1111,678,4849,3193,4602,2814,---9,4,6,2,6,9,3,2,4,7,6,2,2,3,7,10,5,2,4,10,2,6,9,
3298,4203,3950,4550,3975,4328,3915,236,526,1832,1745,3027,4558,1454,4957,4446,---6,3,9,3,2,6,6,5,4,4,5,5,5,9,10,6,
673,2082,4867,520,4272,450,4464,2056,1443,820,3157,3095,1336,4733,2526,725,---9,3,10,8,10,10,8,5,3,4,3,4,4,5,10,5,
3618,3715,3812,1733,838,2471,1896,4541,45,1725,371,3541,2009,2331,188,3165,---4,2,2,8,4,8,3,10,5,10,7,3,6,9,2,8,
2590,1509,4040,4234,2891,2706,47,4785,882,1875,2421,2295,1368,2457,1306,28,3389,3102,703,---6,5,7,6,9,5,5,10,7,5,6,8,5,3,2,5,2,2,3,
4032,4417,4187,197,3368,4619,782,157,3858,3540,1205,3320,443,1245,4766,---3,5,7,4,9,10,7,5,3,4,8,6,10,4,4,
4128,2946,1349,4063,4520,2570,2667,2925,4845,1521,4244,85,2971,4061,4421,---6,6,3,5,2,6,5,6,3,4,6,8,10,8,10,
2721,3056,3719,936,1514,1900,690,2894,4239,464,3890,4560,186,2109,4959,---10,8,2,6,7,9,8,5,10,2,7,4,4,3,2,
4044,39,2024,3884,1708,3245,3726,4301,3829,2486,247,216,2204,2846,4341,---5,5,7,8,5,2,4,3,2,3,3,3,3,5,3,
2848,2209,195,1960,3132,1452,224,3727,4952,56,3619,1044,3864,2713,4220,---9,10,5,2,7,2,9,10,5,7,8,6,10,6,10,
1504,4929,3652,292,1975,2764,15,3347,510,1239,3993,4890,3809,190,4473,---10,10,7,5,8,7,4,8,2,10,3,9,9,10,8,
1184,2240,3333,38,941,4742,2608,3636,693,2326,984,3679,3358,1055,---8,9,7,6,3,8,5,10,2,3,10,9,6,4,
3587,3556,1622,1149,1617,1938,980,4789,3766,2363,2428,445,4670,1253,---8,10,7,9,9,2,10,10,7,9,5,8,3,2,
3201,3778,644,4038,135,1002,2379,1517,1053,4402,1619,629,3069,1845,---3,5,3,3,4,3,8,7,10,6,6,5,10,7,
4226,5,4326,3575,2415,1968,849,1342,3765,2839,2558,859,254,4255,---7,6,9,7,7,7,9,4,4,10,2,2,10,10,
4704,1441,1285,3712,3125,1451,493,1202,4405,4378,4507,2556,3613,4351,---6,9,2,9,4,9,10,9,2,10,10,6,9,6,
1281,3749,1385,2443,3628,3374,1041,4243,2484,4277,2615,2008,2461,1221,---6,6,3,4,7,2,8,8,6,8,8,7,7,9,
3873,962,1894,4811,1548,4749,1359,16,3061,2456,3961,1947,894,2943,---6,9,2,4,2,6,4,4,6,5,2,2,10,8,
4578,2467,1860,773,3848,361,1826,110,2875,4846,1114,2939,3678,181,---8,10,3,7,4,2,9,3,6,5,9,10,10,2,
2881,3323,3589,3366,1267,4042,503,2890,370,3443,1972,277,471,3161,4186,4891,3962,---6,7,6,2,2,9,4,2,3,9,9,10,9,5,6,5,6,
3969,1795,805,3206,3403,268,4397,654,594,2132,2521,764,2399,---5,7,10,6,5,5,7,3,7,4,6,8,2,
1536,64,387,421,2823,4330,4494,2383,1140,4654,4603,2686,1311,---3,6,5,4,2,3,6,2,4,7,4,5,8,
3936,34,1750,4200,3404,2701,1160,2195,4468,4502,666,506,2207,---3,7,3,7,5,9,6,6,3,6,3,10,4,
4961,227,2086,1481,3948,720,1907,2324,246,1353,4216,2492,3004,---7,10,6,7,9,6,9,2,8,6,6,9,9,
4964,2228,2436,3734,1364,2957,366,1560,4530,179,3316,150,4407,3608,3236,1883,2620,3219,---4,6,2,10,8,8,6,6,7,2,10,9,5,4,8,3,4,5,
4642,4101,4966,2407,648,1801,2283,2120,1236,2905,4570,4892,1086,---8,10,3,8,10,10,4,9,9,5,4,8,4,
833,2626,4049,840,213,332,2575,4305,1747,1557,4790,4504,2239,---10,7,10,10,7,6,4,6,7,9,6,7,5,
4610,963,2603,4172,1085,4271,1873,4500,4633,1497,1597,3390,3615,---5,6,3,8,3,2,8,5,10,10,3,10,5,
1345,3107,1862,1785,3916,1040,1492,661,2262,4151,1684,4668,2238,---6,6,8,6,9,2,2,9,5,3,8,6,10,
1120,3808,2533,2950,2058,4204,301,1167,4625,2259,2292,394,1541,---8,5,6,9,3,4,4,4,7,4,8,10,4,
1318,3588,2213,1798,7,4297,2954,3532,3981,174,781,2545,787,1652,853,3158,2997,382,4133,---7,5,5,5,5,5,5,10,10,4,3,7,5,10,2,7,8,8,6,
545,4548,1093,1025,4430,4139,2254,3889,4276,3413,3128,1307,---10,7,7,3,6,4,5,2,3,6,2,6,
1282,3203,3078,680,1471,44,3336,4707,4820,2293,3547,2527,---6,3,2,3,9,10,4,5,6,2,2,6,
1824,4419,3972,1190,774,2122,3471,948,1754,123,1150,4543,---9,5,10,10,2,7,10,4,5,2,4,9,
1248,2497,3362,419,2502,4615,2922,1420,3842,723,3387,4799,---9,10,4,7,6,6,6,8,4,5,9,9,
3904,4259,3684,4390,1126,233,4298,717,1779,884,3738,4415,---8,10,9,5,3,10,8,9,6,6,4,9,
656,2306,230,2279,1932,2542,2768,1009,1016,698,573,---6,6,5,4,5,2,9,6,6,8,7,
40,2953,2730,715,1748,4342,345,2778,4863,4762,2495,---7,2,6,8,6,7,4,7,3,2,9,
3105,1578,2980,997,957,1130,317,208,3288,3034,3274,---9,6,10,10,10,8,10,8,8,5,6,
2435,582,433,1836,1392,3505,886,439,4856,3513,927,---4,4,5,6,6,4,8,7,3,4,4,
386,2947,2084,1351,3088,1554,565,1530,511,3230,2581,---5,9,3,5,9,4,6,10,3,9,4,
1632,1096,779,2732,728,1106,2774,440,1241,1176,252,---7,2,5,3,2,7,9,6,6,4,4,
3681,2187,3844,2635,2446,2162,919,469,537,3960,2233,---9,10,10,9,9,2,5,6,2,2,10,
1792,3041,807,380,4071,3756,2381,2738,4947,4609,3612,---4,5,8,6,4,8,7,10,6,2,3,
2408,2761,4874,1523,913,979,4020,3223,760,1546,1374,---3,4,4,10,3,4,7,2,6,5,10,
1409,4100,3206,4488,3857,1682,1300,1135,1827,4261,3371,3246,4534,80,2389,4317,4453,1255,1426,2286,1007,2552,---10,8,6,10,6,3,7,4,9,2,10,3,9,4,3,8,3,4,4,5,6,9,
2656,507,4199,1833,42,3467,2382,1807,367,1524,4533,374,2391,3241,3642,1691,4062,---3,9,10,8,6,3,8,6,4,5,10,7,5,6,10,7,7,
2371,4710,3143,4552,3209,202,267,3692,4339,535,---7,8,10,4,10,4,9,2,9,4,
961,4804,1153,4491,3340,2995,1204,1078,1210,3997,---7,9,6,3,6,10,7,5,8,2,
1762,3941,3145,1806,2895,3262,2169,2607,2653,638,---9,4,10,4,2,4,4,4,4,7,
1634,100,4582,3272,1259,1840,2129,3835,3100,1695,---6,5,3,7,10,2,8,3,10,8,
1890,3654,1158,1543,4331,4078,4573,4980,280,4477,---6,4,5,9,6,5,5,10,4,10,
3970,2501,461,1043,695,4472,3579,444,2973,1183,---4,2,6,10,9,7,5,3,5,3,
4737,4389,4006,3912,3920,2865,4008,1588,1142,759,---4,7,10,7,3,7,7,9,6,3,
2948,4392,3379,4627,2638,1808,3800,4179,2037,3576,2425,3902,---5,4,6,9,6,3,7,4,9,8,9,4,
483,420,1031,4235,2727,4275,180,1460,4231,---5,6,8,6,9,5,2,4,9,
2755,3622,711,4556,4683,3571,2157,3598,4623,1411,4181,3419,4732,2877,1919,---8,2,4,8,4,4,8,7,8,10,5,9,9,5,10,
4769,4451,3364,3446,2857,3118,4144,4531,214,4888,4826,1663,---7,2,2,7,7,5,6,8,9,5,8,10,
896,2080,770,3299,2602,4427,77,3953,4946,1334,1721,4155,4828,4170,---9,10,7,8,4,5,10,6,8,10,7,7,2,10,
653,1102,957,2480,83,4311,952,3034,4399,4124,1309,---10,5,10,5,8,6,6,5,6,2,5,
2592,993,676,1893,4807,649,2507,4819,4631,2308,1626,892,1023,---10,5,3,2,6,7,7,6,5,7,3,3,5,
848,2979,4997,4327,4649,3051,2158,2896,1778,4979,1525,---2,7,6,5,4,5,5,4,10,7,2,
2464,2659,3524,4485,4909,2749,1332,1462,2299,1149,4670,---3,5,7,7,10,7,9,5,8,9,3,
3840,4832,3140,4645,1224,3049,970,719,2312,243,376,3417,1423,---8,2,8,3,10,5,2,8,10,4,8,9,2,
4480,3760,3401,3117,2511,1744,2005,1526,3625,2235,4349,---4,2,7,9,2,7,8,7,5,2,10,
3616,4546,2618,1992,4841,4938,2636,4343,4265,314,2842,---5,10,9,8,6,5,4,8,5,3,10,
4128,4418,2372,747,2700,4845,1967,4689,4722,3447,---6,4,2,3,5,3,7,8,4,4,
2947,1926,4489,2666,562,3701,3480,59,1212,---9,4,7,8,6,4,8,7,8,
1750,3559,4566,2218,488,3315,4468,1237,4502,3355,3996,---3,2,7,6,5,2,3,9,6,4,10,
448,771,4970,2605,4723,2873,2171,3242,---8,7,2,6,4,3,3,4,
2023,3496,1390,335,2994,2710,1367,1818,---6,6,4,6,7,8,2,5,
3040,3755,2092,750,1679,3987,404,4927,---8,5,7,3,5,8,7,8,
1220,4682,171,2892,525,2002,2260,772,868,3487,---4,6,8,8,6,5,4,6,8,4,
1186,1508,3510,3442,4787,926,3638,2108,30,---8,9,3,3,5,6,9,9,3,
2946,4520,3880,2667,2924,1741,2606,1928,3602,4244,2971,1021,---6,2,10,5,7,6,9,3,9,6,10,4,
1217,2661,4903,266,12,973,3407,2384,4919,1595,1052,---2,3,4,9,10,3,9,5,8,4,5,
3969,2627,1892,805,3403,654,4335,1327,2132,2521,4644,2107,4767,---5,6,3,10,5,3,10,10,4,6,5,8,6,
32,1697,2715,2340,4433,586,3084,3406,273,1465,3415,3044,3451,1341,542,3967,---10,10,4,7,6,10,7,3,2,6,6,10,6,5,8,6,
707,485,395,3436,3472,1361,2102,---7,2,5,6,4,3,4,
4450,3395,1077,3159,2777,3610,3356,---6,6,2,5,5,3,4,
3367,3207,2059,595,2038,4792,4476,---2,5,7,3,7,4,5,
1760,2784,2690,3267,1958,1921,1545,3434,1479,3149,527,3645,4084,1429,279,346,3151,1354,4394,1631,---3,7,5,5,5,5,6,9,5,7,7,4,7,7,4,6,10,3,2,5,
672,3233,4475,4708,2150,4616,3676,4332,3016,4690,1431,1668,2587,1820,3805,---9,6,7,7,3,10,8,9,3,10,7,7,5,4,3,
2844,3650,2347,326,681,170,1911,4108,3661,60,4626,1811,3796,3863,1080,953,218,3324,2845,---8,10,5,4,2,6,8,2,9,8,6,8,8,3,8,6,7,5,9,
1184,1387,3333,3781,38,1673,4203,236,2608,693,984,858,4924,4957,4869,---8,2,7,10,6,3,3,5,5,2,10,5,8,10,7,
1591,3851,3822,2482,4853,2332,3639,889,1370,1116,---10,3,4,3,10,10,10,7,5,7,
4962,39,3594,3179,4301,3726,1939,2068,4341,3194,---7,5,4,10,3,4,3,3,3,8,
4576,3050,3214,4911,696,600,3869,2974,1450,---4,2,4,3,7,6,4,2,8,
3968,2640,932,1797,1609,1162,3470,3983,2160,534,1065,88,804,283,604,605,1983,---5,8,5,6,7,2,10,10,5,5,4,9,4,10,9,6,8,
289,1497,4617,468,4633,3384,4852,4090,3390,3615,---9,10,8,6,10,6,8,8,10,5,
3042,3664,3762,3507,4920,3131,---3,4,4,5,5,4,
2504,2414,207,3319,4345,4318,---6,3,6,2,4,6,
2235,4196,2313,141,3625,3096,3577,3359,3551,---2,5,5,5,5,2,6,3,2,
2688,2960,677,2184,1834,4684,1358,304,1256,2514,2101,1912,1081,1438,4095,---10,10,8,5,3,9,4,6,4,5,6,10,2,8,2,
256,3123,2789,3142,4935,2989,3691,1772,1810,3581,4337,2834,403,3308,2298,954,4975,3421,---9,2,6,2,10,2,4,5,5,5,4,2,8,7,2,7,4,6,
98,3619,2596,4808,2317,3757,2451,1876,24,1428,1339,3132,---3,8,3,3,2,8,8,9,9,3,8,7,
4366,3087,4914,1875,4596,3102,2457,1368,2105,28,2590,---6,7,10,5,9,2,3,5,7,5,6,
1120,2533,454,494,4047,2259,2292,501,4188,1541,---8,6,6,5,7,4,8,8,6,4,
965,4327,2601,2858,1035,848,2002,1780,3487,---3,5,2,6,9,2,5,7,4,
1632,1096,1770,779,76,1176,2392,1241,3290,252,3231,---7,2,2,5,7,4,7,6,4,4,6,
3627,2315,2607,3262,217,1871,3452,638,---8,7,4,4,8,6,6,7,
865,4178,1966,2438,3817,---2,4,5,4,2,
3025,2843,4894,3846,895,---2,4,3,3,5,
2273,4881,4661,4022,3821,---2,5,3,5,4,
1097,427,1678,1534,2665,---3,5,4,2,3,
3992,4131,931,1931,4981,---2,2,2,3,3,
3435,3907,4283,2244,2990,---3,3,2,3,4,
873,4026,3667,951,3169,---3,5,5,5,5,
641,1922,2829,1389,2320,3872,4898,4907,307,2998,2498,2762,4693,706,3164,2143,994,1638,3814,2029,3058,3838,---9,7,4,3,9,5,2,2,7,9,8,2,6,7,7,7,5,5,2,10,6,5,
483,1031,1099,3408,1650,4275,1460,3605,3033,94,---5,8,9,7,2,5,4,6,10,6,
673,2082,1443,1157,3626,1134,4464,4401,3001,3833,702,---9,3,3,8,3,5,8,10,2,9,9,
1216,1092,4165,1094,4168,2729,1547,3250,4185,1594,3994,2782,---7,9,7,10,10,6,5,10,8,10,4,5,
2019,1637,4040,4234,1261,2706,1875,2590,1368,2457,28,3102,1726,---8,2,7,6,5,5,5,6,5,3,5,2,3,
1989,1447,2472,1321,618,4687,1746,4403,4340,1207,2479,---3,3,4,5,8,7,10,9,4,5,5,
4550,1832,3915,2060,4558,1745,946,3027,526,1274,4538,4328,4446,---3,4,6,3,5,5,8,5,4,4,10,6,6,
417,2213,1318,7,2376,4297,2954,3981,174,781,2545,2098,2067,1652,853,3158,787,4133,---3,5,7,5,6,5,5,10,4,3,7,9,8,10,2,7,5,6,
656,230,2279,4744,9,2768,2165,2935,573,---6,5,4,3,5,9,9,8,7,
4161,1380,4871,4072,3721,4075,4562,3377,4114,3991,2395,3036,4159,---9,7,7,4,7,7,8,6,8,5,10,6,6,
3140,4460,2061,1423,4720,243,3161,740,4186,3323,---8,6,3,2,10,4,5,9,6,7,
129,4187,2692,934,4417,4747,2123,3540,2078,443,4766,---7,7,5,10,5,5,4,4,7,10,4,
4642,4101,4966,2407,2536,2283,4370,1555,4570,4443,4892,1086,---8,10,3,8,2,4,2,9,4,9,8,4,
3681,1539,3943,2446,919,3960,537,1532,3133,---9,2,7,9,5,2,2,7,6,
4033,3875,3201,265,2379,300,3069,4402,2753,2781,---8,5,3,9,8,6,10,6,5,9,
1750,2124,3404,2701,2481,4468,4502,666,1115,2175,---3,8,5,9,2,3,6,3,7,9,
4688,1250,773,3848,1826,4846,3792,181,1401,1114,2875,---4,6,7,4,9,5,7,2,9,9,6,
2435,484,2760,3596,1392,439,4856,3513,990,---4,6,4,2,6,7,3,4,9,
582,166,235,4268,3505,4983,927,---4,6,4,6,4,2,4,
1995,4331,4078,4573,2289,4980,1177,280,1913,4477,---9,6,5,5,4,10,10,4,10,10,
1864,715,4985,2778,345,4762,3196,4829,---5,8,2,7,4,2,6,8,
2584,1620,1406,4094,---4,4,3,4,
4208,329,1981,2621,---4,2,2,4,
1577,3826,4652,788,---2,4,2,4,
1337,2571,294,327,---4,4,2,4,
4016,2074,259,3503,---2,4,2,3,
860,2704,1169,2350,2841,29,425,4526,48,4532,3381,827,1724,1477,3786,1611,4428,3409,856,3292,1117,225,610,358,529,4696,1906,1013,1918,---8,5,9,3,3,7,8,2,6,8,8,7,9,3,6,3,2,3,7,4,8,7,9,5,6,10,3,10,2,
1795,4423,3210,268,594,4397,977,4274,922,764,2399,---7,4,4,5,7,7,2,9,3,8,2,
2691,3717,1417,2314,2194,3863,2844,4646,296,681,3626,2347,4626,3383,953,702,2758,3661,3919,3796,975,4973,4718,1911,3833,---9,3,3,8,7,3,8,2,10,2,3,5,6,10,6,9,3,9,8,8,7,8,3,8,9,
745,4650,1067,1484,1136,500,4599,4201,3386,3583,---8,6,3,2,9,10,5,7,10,9,
2304,0,392,3779,3877,2982,2599,2952,2825,362,2987,4034,2641,2096,2104,1513,105,1880,3354,2183,479,---2,7,10,7,8,6,3,5,4,8,5,2,3,9,9,3,5,2,7,6,2,
1346,2691,1607,3626,3661,4626,3796,1911,3833,2844,93,702,---4,9,4,3,9,6,8,8,9,8,10,9,
1153,699,3848,3340,20,181,4246,1204,1114,2875,---6,8,4,6,4,2,8,7,9,6,
3556,3766,1340,1622,1617,1938,980,4789,1398,2428,445,1791,---10,7,5,7,9,2,10,10,4,5,8,8,
3297,3587,1253,4936,1617,1622,599,2363,1149,4670,---3,8,2,2,9,7,7,9,9,3,
962,996,4811,1548,3533,3061,2456,3961,1787,894,---9,7,4,2,7,6,5,2,7,10,
283,232,604,845,1277,2640,1010,1527,251,3228,605,---10,4,9,5,3,8,2,2,9,6,6,
1968,4226,837,230,4744,2542,1583,2768,1009,2164,3575,---7,7,3,5,3,2,8,9,6,2,7,
1282,4707,3078,2439,680,2281,3336,3203,4820,2293,3547,575,---6,5,2,6,3,8,4,3,6,2,2,9,
4032,197,3368,460,1711,3858,1205,3320,3226,157,997,---3,4,9,8,6,3,8,6,6,5,10,
4610,2884,2603,1357,784,468,1497,3384,4852,3390,---5,7,3,10,4,6,10,6,8,10,
4560,4995,1003,1900,3662,2223,1680,50,3286,4239,2109,4959,---4,7,8,9,4,2,3,2,3,10,3,2,
2761,1546,1489,979,4020,2678,2263,760,4874,1374,---4,5,6,4,7,6,9,6,4,10,
1084,3020,4341,3726,1687,---5,5,3,4,2,
4870,3916,4750,1040,1684,2262,1785,4668,351,---2,9,5,2,8,5,6,6,6,
1943,3109,901,---3,3,2,
4148,3789,3463,---2,3,2,
409,4770,1045,---3,2,3,
2946,4520,4162,2925,4244,143,4061,3263,---6,2,6,6,6,8,8,6,
1890,3654,1158,4503,1499,3294,---6,4,5,6,3,4,
3081,3755,356,2909,750,---4,5,5,3,3,
1192,2773,4653,---3,2,3,
1553,4659,131,---2,3,2,
3752,2131,686,---3,2,2,
1994,1469,1629,---2,2,2,
2625,3163,2963,---3,3,2,
2856,3265,3485,---3,2,3,
2784,2145,3267,2279,3434,2935,2833,2976,1108,1814,3769,281,3259,2142,---7,7,5,4,9,8,8,2,5,2,7,5,9,5,
290,3235,3076,2725,6,1927,678,920,3736,3193,1915,2814,4805,---4,8,9,4,4,6,4,6,3,2,9,9,10,
4096,4359,2569,3212,2669,2460,1317,423,2610,4667,3394,3402,3153,2597,3554,4579,3301,1512,1898,3181,2152,2806,631,---7,6,5,8,5,6,2,9,2,2,4,6,10,3,2,7,4,6,6,10,7,2,9,
4418,3174,3494,3079,4968,2251,2658,3763,2174,3447,4537,4830,255,---4,7,9,7,10,10,7,5,3,4,6,9,4,
2080,896,770,1425,617,2602,77,238,3633,4946,789,1721,4155,4828,4170,3103,---10,9,7,10,5,4,10,9,4,8,9,7,7,2,10,2,
2080,896,770,899,4427,238,4431,3633,4946,789,1721,3103,---10,9,7,6,5,9,3,4,8,9,7,2,
4419,3972,1190,1990,2122,3471,949,123,1150,4543,---5,10,10,3,7,10,2,2,4,9,
3873,3458,2214,2113,200,1897,1329,1359,4176,241,3730,2453,3855,381,---6,4,7,5,2,6,3,4,3,10,3,3,9,2,
3712,1441,1285,2566,4391,4296,1451,493,1232,1202,1977,4378,4507,2556,1189,---9,9,2,6,2,10,9,10,5,9,7,10,10,6,6,
4502,1160,2698,3404,2701,2255,4200,2195,4468,1750,666,---6,6,2,5,9,8,7,6,3,3,3,
992,1926,4489,562,3701,182,59,2581,---6,4,7,6,4,6,7,4,
3464,3379,2732,3342,728,1106,4179,2774,440,---7,6,3,9,2,7,4,9,6,
673,4867,1157,2056,4464,520,820,2517,1336,1980,---9,10,8,5,8,8,4,5,4,6,
3849,2827,4334,4937,---4,2,4,3,
352,4610,963,4999,2603,4172,1597,1873,4500,1497,4271,1085,3390,---5,5,6,8,3,8,3,8,5,10,2,3,10,
3681,2187,3844,777,2635,1391,2162,919,3960,537,---9,10,10,5,9,6,2,5,2,2,
258,3589,3366,1639,4042,3443,370,1267,277,503,3161,3962,3323,4186,471,---9,6,2,9,9,9,3,2,10,4,5,6,7,6,9,
3323,4219,3589,3366,503,4042,3443,370,1267,277,471,3161,3962,4347,4186,---7,5,6,2,4,9,9,3,2,10,9,5,6,3,6,
1507,3589,3366,4042,3443,4528,370,1267,277,503,3161,3962,3323,4186,471,---10,6,2,9,9,8,3,2,10,4,5,6,7,6,9,
3589,3366,1267,4042,471,4563,370,3443,277,503,1720,3161,4186,3323,3962,---6,2,2,9,9,6,3,9,10,4,9,5,6,7,6,
2497,3842,419,2502,4615,1544,2922,723,2442,4799,---10,4,7,6,6,9,6,5,9,9,
3513,2435,1836,1392,850,886,439,4856,2041,---4,4,6,6,2,8,7,3,7,
4737,4389,4006,4679,3912,2865,1588,1142,759,1878,---4,7,10,6,7,7,9,6,3,6,
483,420,1031,1393,4275,1460,4310,180,---5,6,8,8,5,4,8,2,
57,212,---2,2,
746,474,---2,2,
347,2524,---2,2,
3758,2695,---2,2,
4120,3802,---2,2,
216,2369,3003,2846,247,---3,5,4,5,3,
1953,2372,747,1967,884,2838,3738,---7,2,3,7,6,4,4,
3025,2042,2843,660,---2,2,4,4,
4880,3565,---2,2,
4649,738,3051,1525,3175,---4,5,5,2,2,
1605,4414,1687,---3,3,2,
1700,3719,936,1514,464,1201,186,---2,2,6,7,2,3,4,
1074,4861,---2,2,
2564,3327,---2,2,
3013,3535,---2,2,
272,763,---2,2,
584,2818,---2,2,
832,3328,4290,4771,4164,4037,4743,4423,3232,2647,428,3666,3791,4274,4065,1214,4727,2167,2398,1333,---6,4,2,7,9,10,10,4,9,9,3,2,9,9,6,3,2,7,2,2,
256,3136,482,1891,3142,1235,3850,619,3052,2093,3581,240,141,2834,403,4628,1144,954,3551,925,1343,---9,8,7,8,2,2,8,10,6,10,5,4,5,2,8,6,5,7,2,7,5,
4864,4080,3971,1988,1445,1766,3431,1706,551,4847,1264,1777,146,742,4484,3172,2491,2780,---2,2,8,9,5,6,7,5,3,8,2,5,10,5,8,6,8,5,
3318,4091,3966,4684,3147,1644,2514,4269,210,659,3285,374,1338,507,924,4062,2101,---10,10,8,9,4,7,5,7,10,8,3,7,4,9,10,7,6,
2496,1825,2690,781,4133,1958,1479,4297,2954,7,1985,4877,3149,787,3828,1429,4278,3703,1652,959,---9,6,5,3,6,5,5,5,5,5,8,6,7,5,8,7,10,7,10,5,
3488,2321,4483,2663,4858,2028,4621,4465,115,3253,3222,4794,3932,893,1215,---4,9,9,10,9,5,10,7,8,6,6,5,7,8,3,
2656,872,4585,3147,1644,367,305,659,3285,374,2039,3241,3642,507,924,4062,---3,2,3,4,7,4,10,8,3,7,10,6,10,9,10,7,
897,4171,1092,4165,1950,4903,4168,2729,4715,973,2046,2384,3250,3221,577,3198,2782,2661,---4,10,9,7,5,4,10,6,4,3,8,5,10,10,2,5,5,3,
4203,38,1673,1387,236,3950,2608,1394,693,984,4957,---3,6,3,2,5,9,5,6,2,10,10,
2757,171,2892,525,3567,2001,2420,1976,2396,2941,1037,261,---8,8,8,6,6,6,7,10,10,7,7,3,
256,3123,2093,2789,3142,4935,954,3308,3691,1772,2989,4975,4337,1810,403,4628,3126,2834,3581,2298,---9,2,10,6,2,10,7,7,4,5,2,4,4,5,8,6,5,2,5,2,
3616,4546,1992,4265,1452,1044,4343,3864,2618,4190,---5,10,8,5,2,6,8,10,9,9,
4417,443,197,3368,4619,3858,782,3634,3540,4187,1245,4766,---5,10,4,9,10,3,7,9,4,7,4,4,
1025,1093,2024,269,4430,247,216,---3,7,7,3,6,3,3,
2787,2148,2662,2596,2317,4875,3572,2702,4143,4660,593,2068,3770,2582,633,569,3194,4986,---7,3,5,3,2,10,7,2,6,8,4,3,2,9,5,6,8,3,
2306,5,4326,81,1932,2542,1009,1016,698,---6,6,9,5,5,2,6,6,8,
4576,3270,4871,3050,4075,1006,4562,3214,4823,4824,2395,3036,---4,9,7,2,7,5,8,4,6,4,10,6,
4962,39,2024,3884,1708,3245,3726,4301,4976,4341,247,216,2204,2846,---7,5,7,8,5,2,4,3,4,3,3,3,3,5,
1281,4903,1385,2615,12,973,2461,2484,4919,189,---6,4,3,8,10,3,7,6,8,9,
3009,2882,2083,3524,3462,3818,751,2579,1155,1462,700,2557,---9,3,3,7,8,7,8,6,10,5,5,4,
4464,2082,1443,3653,673,4272,4401,3157,3095,4733,2526,725,---8,3,3,8,9,10,10,3,4,5,10,5,
4642,4101,4966,2407,2536,2283,3799,4570,4892,1086,---8,10,3,8,2,4,5,4,8,4,
2391,507,4199,1833,42,3595,2382,4533,374,3241,1691,4062,---5,9,10,8,6,5,8,10,7,6,7,7,
1153,2788,3340,4723,20,1078,1204,1210,3997,---6,5,6,4,4,5,7,8,2,
391,40,2953,2730,1748,4342,4762,2495,4863,---4,7,2,6,6,7,2,9,3,
2946,2052,3880,2667,1741,2925,4061,4520,1928,4244,2971,1021,---6,3,10,5,6,6,8,2,3,6,10,4,
1216,1092,4165,1094,4168,1547,3250,3698,4185,2782,---7,9,7,10,10,5,10,5,8,5,
324,957,653,1102,4399,2480,83,952,3034,4124,1309,---2,10,10,5,6,5,8,6,5,2,5,
2721,3056,3719,936,1514,1900,690,2894,464,3890,4560,1593,186,---10,8,2,6,7,9,8,5,2,7,4,10,4,
4864,4484,1445,3431,1706,4749,4847,1777,1947,1758,2943,---2,8,5,7,5,6,8,5,2,7,8,
32,2401,3451,3044,273,586,3084,3406,4433,3415,2340,2715,1697,1341,3967,---10,3,6,10,2,10,7,3,6,6,7,4,10,5,6,
833,2626,4305,840,3082,4049,1747,4790,4504,2239,---10,7,6,10,3,10,7,6,7,5,
2848,2209,195,1960,1452,3727,56,1044,407,3864,4220,---9,10,5,2,2,10,7,6,2,10,10,
3270,1006,4911,696,2974,4823,600,3869,4158,---9,5,3,7,2,6,6,4,8,
1026,4101,4966,2407,1801,4642,4370,1555,4570,4443,4892,1086,---8,10,3,8,10,8,2,9,4,9,8,4,
4544,2787,2148,633,4875,2702,593,3572,2582,569,4660,3770,4986,---4,7,3,5,10,2,4,7,9,6,8,2,3,
4193,4995,1003,2223,4239,400,50,2899,3286,4729,1680,4027,2109,4959,---8,7,8,2,10,2,2,5,3,8,3,6,3,2,
1340,1102,2480,83,4311,4987,4124,1309,1791,---5,5,5,8,6,2,2,5,8,
1120,3808,1541,2950,394,4204,301,4625,2259,2292,2812,2533,---8,5,4,9,10,4,4,7,4,8,6,6,
866,100,4582,3272,1259,1840,2129,3835,3100,1695,---2,5,3,7,10,2,8,3,10,8,
1745,4328,3915,4558,1832,946,3027,3412,1274,4538,---5,6,6,5,4,8,5,5,4,10,
2019,4005,4040,4234,2706,1875,3102,1368,2457,28,2590,1726,---8,8,7,6,5,5,2,5,3,5,6,3,
1120,2533,454,1541,494,2259,2292,3886,4188,501,---8,6,6,4,5,4,8,7,6,8,
3650,326,60,170,4108,877,1811,1080,218,3324,---10,4,8,6,2,7,8,8,7,5,
1762,3941,3145,2895,1806,989,2169,2607,2653,3262,---9,4,10,2,4,10,4,4,4,4,
386,2947,2084,1351,565,2063,1554,2581,59,3230,511,---5,9,3,5,6,9,4,4,7,9,3,
4610,963,2603,4172,4271,1873,498,1597,4500,1085,---5,6,3,8,2,8,3,3,5,3,
3556,2501,3693,445,980,4789,3766,2428,2973,1183,---10,2,9,8,10,10,7,5,5,3,
4995,1003,1900,2894,4239,4560,690,1076,2109,4959,---7,8,9,5,10,4,8,4,3,2,
448,771,4970,2605,2766,2873,2171,3242,---8,7,2,6,2,3,3,4,
4549,913,2408,4874,1523,1489,979,4020,760,1374,---2,3,3,4,10,6,4,7,6,10,
4920,3507,1698,3131,3042,---5,5,5,4,3,
2953,4762,345,3631,---2,2,4,4,
1890,612,3654,1158,4331,4503,4573,---6,6,4,5,6,6,5,
3941,1806,2895,1844,2169,2653,638,---4,4,2,7,4,4,7,
2147,2060,946,4558,2482,3027,1274,1370,---8,3,8,5,3,5,4,5,
2144,2761,4874,979,4020,3223,760,1546,---7,4,4,4,7,2,6,5,
4379,1084,3594,1939,3020,---3,5,4,3,5,
895,2843,4894,3846,4215,---5,4,3,3,3,
707,485,395,3472,1361,2102,389,---7,2,5,4,3,4,4,
2482,147,2060,1274,1370,---3,5,3,4,5,
728,536,2732,---2,3,3,
3435,4283,2772,---3,2,3,
3808,2058,4204,301,1167,4656,4625,---5,3,4,4,4,3,7,
4792,1042,595,4476,3207,---4,2,3,5,5,
4737,4389,3912,41,3920,2865,759,---4,7,7,4,3,7,3,
4450,3395,3388,1077,3159,2777,3356,---6,6,3,2,5,5,4,
2601,965,2791,---2,3,3,
2801,2773,4653,---2,2,3,
3992,4236,4131,1931,---2,4,2,3,
1337,1518,294,327,---4,3,2,4,
1337,2906,294,327,---4,4,2,4,
873,4026,3667,1196,951,---3,5,5,3,5,
2131,4267,686,---2,3,2,
