1409,4100,264,1294,2704,529,1426,2841,4783,29,3620,4261,425,4082,1117,48,4018,4532,3381,2362,4539,1724,1982,2370,1477,3786,1611,4428,79,3409,1362,4051,1109,4696,860,4317,225,610,3942,358,1169,3048,3303,2286,856,1906,1491,3192,1918,---3,3,5,10,3,7,5,6,3,5,2,2,3,4,3,5,8,4,9,2,8,6,2,10,9,8,7,5,8,4,6,8,5,6,10,5,9,2,7,5,5,6,9,5,10,9,5,9,9,
2819,3076,6,1927,522,1293,4367,920,3219,1172,2030,3736,2436,2719,290,3235,3236,3238,938,4530,499,3508,694,4407,2620,4805,3348,714,2999,1228,1364,987,2141,3204,867,4964,3302,1895,2410,366,4849,3827,3193,1915,2814,---2,10,7,3,4,7,10,6,5,8,3,3,9,3,7,2,10,10,3,3,5,7,3,8,4,8,5,5,6,7,9,9,9,2,10,2,8,4,2,4,2,9,9,5,9,
1921,2690,641,1545,2029,1922,527,2833,1429,1814,2976,4898,1958,4394,307,2998,3769,3259,1354,3872,2498,3267,1479,2762,3149,2829,82,1108,4693,706,346,3164,2142,1631,2784,2145,2276,3814,3434,1389,3058,4084,2165,---5,5,5,5,3,5,6,5,9,8,8,2,2,6,7,9,5,7,10,10,7,2,10,10,8,8,7,8,2,4,6,10,5,6,5,6,10,6,10,6,5,10,10,
256,2562,3691,4359,1772,3212,141,2989,1810,403,4628,2460,158,802,423,4135,2093,2610,954,4667,3136,3394,3301,4677,3142,1235,3551,3554,1891,2789,1512,1898,619,3052,2834,4337,4851,631,1144,2152,2298,3581,---10,2,7,7,6,3,2,2,6,8,3,3,7,9,7,5,2,6,2,5,5,8,10,5,2,8,9,7,10,5,10,5,5,7,5,7,8,3,10,8,5,6,
1536,387,1549,4494,3345,4803,3476,4117,663,30,1311,2977,3106,547,421,1062,683,4654,943,3248,926,3638,4153,2108,64,4601,2383,4691,855,1146,1636,4837,3562,363,1140,3574,2937,250,4603,1405,2686,---4,4,6,3,2,8,2,2,2,6,6,5,3,9,4,6,5,8,3,10,3,7,9,9,10,2,10,4,8,4,4,2,3,5,3,6,5,9,8,7,7,
3200,2693,3079,4616,523,1431,2587,1820,672,4515,933,2726,295,297,4523,4140,1455,3763,2744,4793,4068,4298,2232,1234,4537,3929,3676,4581,4708,1126,2150,360,4969,2412,4968,2296,4475,2174,---4,8,7,7,5,3,10,10,9,3,10,9,2,4,2,9,9,6,10,2,8,3,2,4,9,7,7,10,3,9,10,8,3,3,6,9,7,5,
1156,1413,2184,3341,2575,4627,1557,4504,284,1693,677,167,4392,1834,304,3122,52,4790,1081,3902,2239,4039,332,1358,4049,1490,1747,2638,3800,4197,1256,3239,1576,2425,213,---9,9,7,6,5,10,4,7,10,9,4,2,6,8,7,7,5,9,7,8,4,4,2,8,3,4,9,8,2,8,2,2,2,6,7,
896,3969,770,654,3857,1682,1300,789,1135,3103,2080,1827,3498,3371,3246,688,3633,3252,4534,1721,315,4427,80,4946,2389,4453,4839,1255,238,1007,627,373,2552,---10,5,5,6,2,9,4,9,2,7,5,2,6,9,3,5,9,4,2,7,9,7,7,8,7,7,8,9,4,7,6,3,8,
1412,137,3598,4497,4884,790,772,3482,3878,4265,2095,4745,2618,571,2877,4546,3651,581,1478,711,1992,4682,587,4556,2256,3419,868,3429,871,3622,2157,4732,1919,---8,10,5,3,7,4,2,8,9,2,6,7,4,6,9,2,10,8,9,9,3,3,4,3,10,10,8,2,8,3,2,5,6,
129,2692,392,4747,782,3354,4766,3877,934,2599,2987,2096,2952,2104,443,3391,4417,4034,3779,2123,3540,1880,2522,4187,1245,479,4619,4455,105,362,1513,---4,10,7,2,10,5,5,3,4,4,6,10,3,8,6,4,5,5,5,7,8,10,2,8,7,5,9,2,10,5,10,
3328,642,644,4743,3799,922,1053,3232,4771,428,4274,3891,1333,1214,1845,832,4290,4164,4037,4038,4423,2167,3666,1619,2647,4065,1517,629,4727,---4,5,9,10,10,9,10,10,3,9,2,10,7,7,7,7,5,8,10,6,8,5,8,3,2,3,4,6,2,
4864,3971,4484,4234,2706,1306,1445,551,1706,47,4785,2491,3389,703,1988,4040,2891,2780,1758,3172,1509,742,3431,146,4847,1264,1777,2421,1766,---3,8,9,7,4,6,9,6,5,9,4,9,7,2,10,9,2,2,10,7,5,4,7,9,7,7,6,4,4,
1282,3203,3078,3336,4875,2317,2702,2451,1428,2582,24,2596,3757,4660,569,3770,1339,4808,4707,3547,2527,98,2787,2148,2662,3572,1015,633,4986,---8,5,3,4,9,10,2,5,5,9,2,9,5,2,4,9,6,10,2,5,7,2,9,7,8,9,6,4,10,
4480,3520,3851,3481,538,2332,2847,3117,3760,4529,2482,435,1591,1856,3639,2511,2515,2005,1370,1116,1763,3307,3822,2800,4853,1526,889,4348,4349,---3,7,2,5,7,2,4,5,5,8,2,10,2,6,6,8,5,3,10,10,3,6,10,10,7,5,5,5,6,
2691,3717,1417,2314,2194,1811,3863,2845,326,4646,296,681,3626,2347,3383,953,702,3650,2758,3661,3919,3796,975,4973,4718,1911,3833,3324,---3,5,9,7,5,9,9,9,10,9,5,7,3,3,7,6,8,7,8,5,2,9,5,9,2,8,2,8,
3458,3204,3467,1548,3855,16,3730,2456,1691,2214,810,176,1329,3508,2113,200,4811,4176,1807,1894,4711,1897,2923,2030,241,1524,3582,3961,894,639,---9,2,9,7,4,6,4,2,6,9,2,4,6,7,6,7,4,2,6,9,4,5,2,3,2,10,6,9,4,4,
2688,659,924,1438,3241,4269,305,2101,1338,374,3147,4684,2514,3285,3642,4062,2656,507,872,1644,210,367,3318,2039,1912,4091,3966,---3,9,6,10,4,2,9,6,4,9,4,10,2,5,2,3,7,6,7,4,3,6,9,9,7,8,6,
3209,267,3222,535,3751,4650,1067,3372,813,3386,4157,1215,1734,4552,202,4555,4569,3932,2277,745,3692,2028,1136,4465,4339,500,4599,---2,6,8,4,2,5,4,2,7,4,10,7,7,3,8,4,7,10,3,8,8,8,5,3,10,2,6,
3840,2312,2061,3471,25,2334,2849,4645,1190,2217,949,970,4543,4419,3140,1224,2122,719,3417,1423,4832,740,3049,4460,4720,243,376,---5,3,10,10,9,8,10,6,4,9,8,9,9,10,6,5,3,3,5,4,8,5,3,3,2,6,2,
3201,4483,1031,265,4621,3488,3875,135,300,4402,4275,1460,4794,4033,2379,3408,3033,2781,94,2753,2663,1002,3069,115,4858,893,---4,9,2,10,6,7,7,7,8,2,7,10,3,9,8,9,9,4,8,10,6,7,7,9,8,6,
897,1281,1547,3221,2461,1950,4903,2729,3250,2484,2615,577,1092,4165,1094,4168,1217,4171,973,2384,4185,2782,2661,1385,3198,2046,---6,4,3,6,8,6,2,10,4,8,7,7,8,9,3,5,4,2,5,8,6,5,3,3,3,4,
4871,3214,600,4114,3869,1450,3115,4911,3767,696,2874,3270,4562,4823,3032,2395,3036,4576,1380,4072,2537,3050,4075,1006,1129,---7,3,7,8,2,6,7,3,4,2,4,4,4,9,7,9,9,10,10,4,9,6,7,6,6,
3084,400,273,1680,2715,542,32,1697,2340,2223,50,1465,4027,1341,586,3406,976,2899,3669,3286,3415,4193,3044,3451,3967,---6,8,6,6,7,8,8,8,8,10,4,9,7,8,6,3,4,5,3,5,10,5,8,3,10,
7,2954,3981,2067,2708,417,4877,2213,174,2098,4278,1652,959,2496,1985,2376,4297,781,853,3158,4133,2545,787,3828,3703,---5,4,6,3,7,5,8,6,9,7,8,10,9,10,6,9,9,10,10,3,6,10,8,5,5,
3968,1797,3849,1162,2827,3470,3983,534,283,3228,932,1065,1983,1609,845,2640,88,604,605,3807,232,1527,251,1277,---10,6,4,2,4,10,6,7,10,7,6,2,8,8,8,9,6,2,5,3,9,7,7,10,
3712,1795,1285,3210,268,4378,4507,1441,4644,1451,4397,1202,3125,2107,4405,3010,4296,977,2399,4704,2556,4335,764,---6,10,3,8,9,8,7,9,10,9,4,4,2,4,6,5,6,4,6,8,10,4,10,
2946,3588,1798,1928,2570,3602,4244,2971,4421,4128,4520,2606,2997,1349,3532,1741,85,4063,2667,2924,4845,1521,382,---2,3,5,10,10,10,8,8,8,8,8,2,3,5,8,7,6,6,5,6,6,4,7,
4203,3333,3975,1673,526,4869,1184,38,1454,2608,693,4924,3781,4550,984,858,4957,4446,3298,1387,236,3950,1394,---9,6,5,9,2,9,4,10,10,3,10,9,5,4,5,3,4,10,3,10,4,8,10,
261,1037,3487,2601,171,1976,1780,1220,2757,2892,525,848,2001,2002,2260,1626,2396,993,4327,3567,2420,2941,---4,2,9,5,9,10,8,5,8,3,8,8,4,7,5,4,5,6,2,3,2,7,
653,3858,4376,3226,4399,157,2980,1711,1205,952,957,4032,197,3274,460,208,3288,3034,997,1130,317,3320,---6,4,3,9,4,2,3,2,10,5,7,9,9,7,7,4,9,8,9,6,6,10,
3722,274,671,1447,2472,1321,2859,812,2479,3121,4403,1207,1089,1989,4678,4687,1746,2523,618,2926,4340,1587,---5,8,9,3,4,4,8,8,5,8,6,2,2,10,6,4,4,7,9,10,9,4,
3577,2881,3323,4196,3589,3366,3443,2313,2890,503,4042,370,1267,1972,471,3096,3161,3962,4891,4186,---10,10,7,10,2,2,5,10,3,2,2,8,7,9,4,4,8,4,2,2,
3009,2882,2563,3364,3462,2246,4904,3818,3133,4888,751,4144,1937,2579,2996,214,1112,700,2557,1663,---10,2,2,2,10,2,10,2,6,10,9,4,6,6,3,5,7,10,3,2,
673,2082,4867,3653,520,4272,1134,4464,4401,1443,820,2517,2056,3095,1336,3001,2526,4733,3157,725,---3,6,3,6,3,10,9,2,8,4,2,4,8,9,7,2,6,6,2,10,
1890,1158,3654,1543,3145,4331,2895,1806,4573,2769,4980,4078,4503,280,1844,4477,1499,2013,3294,3941,---8,2,6,8,6,5,6,2,5,9,7,8,6,2,4,3,2,8,7,5,
1792,3041,4642,4101,4966,2407,2120,1801,648,2283,3756,2381,2536,2738,1236,2905,4570,4892,1086,---9,5,8,5,9,2,8,2,9,4,6,4,3,6,3,4,6,5,7,
2306,1009,5,4326,81,1932,2542,2415,849,1342,3765,2839,1016,2558,698,859,1583,254,4255,---4,5,4,7,3,4,2,4,3,6,5,9,7,4,5,3,5,5,7,
3618,3715,3812,1733,838,2471,1896,4541,45,3165,4605,371,3541,1430,3129,2009,2331,188,1725,---6,5,10,3,5,3,7,6,2,4,10,6,9,10,7,10,5,2,7,
1153,1826,2467,1860,773,3848,361,3340,4578,4846,4688,1204,20,181,4246,1401,1114,699,1210,---5,9,8,2,4,3,6,7,2,3,6,6,3,3,9,2,2,6,4,
2721,3056,3719,936,1514,1900,3890,2894,4239,4560,1201,690,4008,464,1142,1593,186,2109,4959,---4,10,6,4,5,9,8,10,5,7,4,5,2,7,5,2,2,3,9,
3616,2209,195,1960,3132,1452,224,3727,4952,56,3619,1044,4343,3864,2713,2842,4220,2848,---5,4,8,4,7,3,9,9,5,4,6,3,7,10,7,8,3,10,
4044,4962,1987,2024,3884,3594,3179,1708,3245,3726,4301,4976,4341,2486,247,2204,2846,3829,---8,7,10,8,7,10,7,8,8,10,10,8,4,5,9,7,6,3,
1497,963,4617,2603,4172,4610,4271,1873,1597,4500,4852,4633,3384,468,4090,1085,3390,3615,---8,8,10,9,5,5,3,6,6,7,5,2,9,8,2,7,8,9,
3936,34,4502,3559,1160,2698,3404,2701,2255,4200,2195,4468,1237,1750,666,3996,2207,---7,10,6,8,8,9,4,3,9,10,6,4,8,5,10,10,2,
2435,484,433,2760,3596,74,439,1836,1392,3505,850,886,3513,4856,2041,990,927,---4,8,9,10,9,9,8,7,5,8,7,7,9,8,2,5,4,
3970,3556,3766,4936,2501,3693,2973,1617,1938,980,4789,1622,461,3579,2428,445,1183,---4,4,7,9,5,4,6,2,2,3,9,2,10,7,9,9,9,
3200,4096,2569,3181,4259,933,4390,295,297,4523,2597,4415,3904,3402,717,1234,3926,2651,1317,4581,2412,2669,1779,2806,---4,6,8,5,3,10,4,2,4,2,9,7,8,6,7,4,3,5,3,10,3,8,6,8,
4961,227,2086,1481,266,3004,3948,1052,3407,720,1907,2324,246,1353,4216,2492,---4,8,10,9,3,8,9,2,5,7,3,2,9,3,4,7,
1025,4548,1093,545,4071,216,4430,269,3889,4276,2254,807,3128,1307,3612,3413,---3,9,5,8,5,10,2,6,5,9,2,5,4,10,6,4,
3074,2947,2084,1351,4683,386,4623,3088,1554,2755,565,3480,1530,1083,3230,511,---10,9,3,5,7,2,10,5,7,4,7,7,3,10,3,6,
2273,1634,3835,100,4582,3272,3100,1259,3821,1840,2129,1365,4022,1851,1695,1173,---8,4,7,3,6,6,2,3,2,2,8,3,3,4,8,7,
1668,3079,4616,396,1431,2587,1820,161,3494,4907,3763,4537,2150,3233,3016,2251,4690,2143,2658,4708,1638,3174,4968,4969,4332,2174,255,---5,7,7,6,3,10,10,5,2,2,6,9,10,3,10,7,2,10,6,3,5,8,6,3,4,5,8,
2240,2326,4742,4465,1055,1484,1099,2028,941,2321,1650,3636,3605,3222,3583,4201,3679,3932,3358,1215,---3,8,8,3,3,4,4,8,9,9,2,3,7,8,10,8,9,10,7,7,
992,35,324,1926,3207,4489,2480,562,83,3701,2038,4311,595,4124,1309,---8,6,7,6,3,10,3,5,7,8,8,4,7,8,4,
2144,913,2408,2761,4874,3223,1523,1489,979,4020,2678,2263,760,1546,1374,---3,4,7,5,6,10,10,2,7,7,5,9,6,9,10,
1632,2392,1096,76,1770,779,2732,1176,1106,2774,536,1241,3290,252,3231,---3,9,6,3,5,10,2,9,5,7,3,2,7,10,10,
1504,3809,3652,4929,1975,2764,15,3347,510,3993,1239,292,4890,190,4473,---4,6,5,6,8,10,5,6,8,3,4,6,3,8,4,
3076,6,1927,1293,3736,1172,3193,920,4805,290,2852,1189,3238,4391,2220,1977,2245,2375,1232,1111,2725,493,2031,4849,2836,4602,1915,2814,---10,7,3,7,3,8,9,6,8,7,7,6,10,6,5,8,8,8,5,2,9,3,10,2,3,5,5,9,
514,4388,4710,4422,4362,3020,2319,4414,3253,342,4228,4379,1084,862,---7,8,8,8,6,3,7,10,9,6,5,10,9,5,
3681,2187,537,1702,777,2635,1391,2162,469,3844,919,3960,2233,1532,---3,6,10,7,10,6,4,6,10,5,2,9,5,2,
2019,4005,4366,3087,4914,1875,4596,1726,2105,1368,2457,2590,28,3102,---3,6,9,10,6,5,7,3,9,4,6,2,2,9,
40,2953,2730,715,4829,1748,4342,4985,345,2778,2495,3196,4762,4863,---4,8,2,3,9,7,9,7,2,9,10,6,5,4,
3808,1120,1541,454,394,4204,301,494,4625,2259,2292,501,4188,2533,---7,3,9,7,2,3,3,3,3,2,10,5,4,7,
1345,3107,1862,1785,3916,4750,1040,1684,661,2262,4151,1492,4668,2238,---7,2,7,6,5,4,9,6,3,9,6,4,4,4,
738,3051,4997,3175,4649,2858,1035,2158,2896,1778,4979,1525,2554,4156,---3,9,9,9,3,9,2,6,2,10,5,9,4,3,
3297,3587,3524,1253,1462,4936,2749,4909,2299,1617,1622,599,2363,1149,4670,4485,---9,7,8,7,2,9,5,3,4,2,2,4,5,5,5,2,
2147,1745,4328,3915,2060,2482,4558,1832,946,147,3412,1274,1370,4538,3027,---7,9,8,2,5,2,7,10,3,8,6,3,10,4,10,
2592,2308,1893,4679,649,2507,4807,4819,1878,4631,676,892,1023,---10,10,4,7,2,6,10,2,5,5,2,9,9,
0,2304,4034,4451,1225,2183,2825,3658,2641,2932,3446,1513,4826,3067,---6,3,5,9,3,10,4,4,4,4,7,10,8,8,
3040,4994,356,3081,3755,2092,750,1679,3987,404,2909,4927,---5,3,6,9,3,2,10,7,7,8,4,2,
1953,2594,2372,233,747,2700,1967,4722,884,2838,3738,4798,---4,10,4,6,9,5,10,3,7,9,9,10,
448,961,4804,4970,4491,3997,4723,2995,1078,2873,2171,3242,---8,7,4,5,6,6,9,10,8,8,4,10,
3846,2919,2416,3025,660,2100,4154,2843,1788,2042,4894,895,---7,5,9,3,8,7,5,3,2,2,4,7,
907,2181,2023,3496,1367,4364,1390,335,2994,2710,2903,4280,---10,3,6,8,4,9,6,6,6,2,8,3,
1762,2315,989,3627,2607,3262,217,2169,1871,3452,2653,638,---4,8,9,10,2,10,6,9,4,8,5,4,
896,770,1796,1425,789,3103,2080,2602,3115,688,3633,3252,1334,1721,2874,4155,4170,4427,77,4946,4828,3299,617,238,3953,627,2537,---10,5,6,8,9,7,5,2,7,5,9,4,10,7,4,7,5,7,2,8,3,7,2,4,4,6,9,
923,1159,4914,3438,4366,1269,3257,1502,4697,1562,1435,4382,1493,---4,3,6,5,9,2,7,9,3,4,3,9,5,
3468,2504,3465,4108,2414,207,3319,1080,953,218,60,2845,4318,---9,10,7,2,10,5,10,7,6,9,8,9,7,
4162,3395,935,4450,2925,1077,3159,730,3356,4061,3263,---6,3,3,7,5,4,6,2,6,3,6,
1248,2497,3842,419,2502,4615,2922,1420,723,3387,4799,---2,7,10,7,6,8,6,8,8,6,4,
930,4835,4132,1203,3080,2185,2510,655,3251,3894,2329,---3,4,7,8,4,6,4,2,5,2,2,
2436,150,522,2957,3608,3219,3734,1560,3235,3236,938,4530,179,2228,4407,2620,4937,1364,1883,4964,366,3827,3316,---9,2,4,4,6,5,6,2,2,10,3,3,7,6,8,4,4,9,8,2,4,9,10,
2496,1825,1985,452,1958,1479,2248,3703,4877,3631,2690,2578,1760,3828,1429,4278,279,2424,3151,3645,959,---10,6,6,2,2,10,2,5,8,10,5,9,2,5,9,8,9,2,8,8,9,
1824,3233,3972,1190,2849,3016,2122,3471,2334,948,437,4250,1944,25,1754,123,3805,1150,4543,---4,3,9,4,10,10,3,10,8,10,4,7,9,9,10,8,4,2,9,
16,962,1947,1894,3873,4585,4811,1548,3533,4749,4080,3061,2456,3961,1359,894,2943,---6,6,2,9,4,6,4,7,2,8,9,2,2,9,7,4,3,
928,2465,3714,1508,3510,4714,1186,3442,4787,3646,3574,2108,926,---3,4,9,4,7,9,10,5,4,10,6,9,3,
3778,483,420,2727,4235,1393,1970,4275,1460,4310,1031,180,4231,---2,3,7,5,3,8,7,7,10,10,2,3,2,
3907,2244,325,2087,3435,2988,2990,4371,2772,4283,---6,10,10,3,7,4,2,10,2,6,
3139,2822,616,1710,3569,4887,4281,3515,509,2751,---10,6,5,2,4,10,2,7,10,9,
2531,903,3947,3565,177,3601,407,4442,220,413,---7,9,2,10,6,3,4,2,3,9,
3696,2754,2307,3173,2779,716,4015,1488,1046,1051,---9,4,5,3,6,9,10,2,7,4,
4518,2665,75,175,2206,1097,1079,504,2301,1534,---4,6,7,7,7,9,8,3,4,4,
897,1221,1950,1281,2729,2443,3628,3374,2615,1041,4243,2484,3221,577,1385,2008,3749,2461,3198,4277,---6,9,6,4,10,8,6,5,7,6,3,8,6,7,3,5,7,8,3,8,
3969,805,3206,529,4488,3210,3403,4428,654,3791,2704,977,594,2132,4534,2521,860,29,2398,---5,6,7,7,9,8,10,5,6,2,3,4,4,10,2,8,10,5,9,
2784,656,3267,837,230,2279,4744,9,2768,2833,2165,281,573,---5,8,2,6,2,9,7,5,2,5,10,5,7,
4737,4389,4006,4679,4008,41,3920,3912,1588,1142,759,2865,1878,---8,6,10,7,2,5,5,9,10,5,7,2,5,
1027,389,485,541,3472,1361,2102,395,4733,3326,3653,---2,7,5,5,7,9,6,6,6,2,6,
3042,1476,3664,3762,3507,2974,119,3131,4158,---6,9,9,7,5,8,7,2,3,
3169,873,43,4141,754,1877,2614,951,4026,---9,6,7,8,6,9,3,6,4,
2274,3183,4400,1406,4791,4984,4377,3453,4094,---3,7,8,7,4,3,5,6,4,
1026,264,1294,1880,4370,1555,4526,2841,425,4018,2350,4783,2096,2952,1330,827,1724,79,1362,1109,4696,4443,225,4539,3942,3303,3048,1906,---10,5,10,10,10,9,10,6,3,8,2,3,10,3,7,9,6,8,6,5,6,9,9,8,7,9,6,9,
4566,3559,488,3306,2124,3315,4468,1237,1750,3355,3996,2218,2175,---10,8,9,2,10,10,4,8,5,9,10,6,7,
1222,3910,3367,3207,1042,595,2038,4792,3897,4476,4925,---4,8,3,3,5,7,8,8,10,8,2,
1702,1192,4653,496,4564,2773,2519,4316,4542,---7,9,4,5,7,5,9,9,5,
1216,1092,1094,4168,3850,1547,954,141,925,1744,3250,1235,4628,4185,1594,3551,3421,1343,---4,8,3,5,7,3,2,2,3,7,4,8,3,6,2,9,7,10,
3075,1856,4219,3625,1763,1559,435,2515,370,1267,3520,2235,503,538,4347,4348,3401,---10,6,10,2,3,4,10,5,8,7,7,4,2,7,8,5,4,
1808,2948,4197,4039,4392,3379,1834,2638,4627,4179,1358,1366,3800,2425,2037,3902,4095,---7,3,8,4,6,5,8,8,10,9,8,6,2,6,8,8,2,
1282,3203,3078,1990,2439,680,2281,3336,4707,4820,2293,3547,575,---8,5,3,5,2,6,10,4,2,6,4,5,7,
1604,389,199,3560,1100,4940,2872,1500,---8,7,3,3,4,5,7,5,
4676,4554,1260,436,1558,1316,2555,---3,7,3,6,2,6,2,
1635,4069,1841,2900,55,3514,734,---6,6,3,2,7,2,6,
416,4578,2467,1860,773,3848,361,110,1004,1826,4846,181,120,1114,2939,3678,---7,2,8,2,4,3,6,5,6,9,3,3,3,2,5,3,
2624,833,2626,4049,840,3082,213,332,2575,4305,1747,1557,4790,4504,2239,---9,10,2,3,3,5,7,2,5,10,9,4,9,7,4,
582,166,433,1836,235,4268,3505,886,4983,4671,927,---6,2,9,7,8,4,8,7,9,7,4,
1203,2343,3080,2185,1326,1138,4595,2510,854,4922,---8,10,4,6,7,4,7,4,7,10,
2912,2884,3846,4589,1713,755,2837,2843,---5,6,7,3,4,5,5,3,
1925,294,1518,3089,1107,31,---4,3,4,5,3,6,
2402,804,1736,2475,2767,2160,---2,6,2,3,6,5,
801,2530,1453,2043,4444,1887,---3,2,6,2,6,2,
256,619,1772,141,2093,2834,403,4628,3308,158,802,4135,2989,3123,3126,954,3136,4677,3142,4935,1235,3551,1891,2789,3691,3052,1810,4975,4337,4851,1144,2298,3581,---10,5,6,2,2,5,8,3,2,7,9,5,2,2,8,2,5,5,2,2,8,9,10,5,7,7,6,5,7,8,10,5,6,
1411,3598,4497,4884,545,3622,2095,3128,571,2877,4801,4548,711,587,4556,2254,2256,4181,3419,3003,871,2157,3571,1919,4732,3413,---10,5,3,7,8,3,6,4,6,9,5,9,9,4,3,2,10,3,10,9,8,2,4,6,5,4,
3467,1807,659,1691,924,3241,42,176,305,4533,3642,3147,2382,3285,2391,4062,2656,4199,872,4585,1644,367,1524,374,2039,507,---9,6,9,6,6,4,9,4,9,4,2,4,4,5,3,3,7,10,7,6,4,6,10,9,9,6,
1680,4995,4027,4193,400,1003,1900,50,2894,4239,4560,690,2899,1076,3662,3286,4729,2223,2109,4959,---6,10,7,5,8,6,9,4,10,5,7,5,5,2,3,5,3,10,3,9,
1346,2691,1157,1607,3626,1911,3661,1134,3796,3833,3001,1980,93,702,---9,3,3,10,3,8,5,9,9,2,2,5,6,8,
3074,2947,4489,2666,386,59,2581,182,3480,1530,1083,1212,3230,3701,---10,9,10,4,2,3,4,6,7,3,10,9,3,8,
1440,3880,3532,2924,1741,2606,4047,1928,3602,2997,1021,382,607,---10,4,8,6,7,2,3,10,10,3,10,7,6,
1995,612,4331,4078,4573,2289,4980,1913,280,1177,4477,---9,3,5,8,5,3,7,7,2,4,3,
1340,1102,2480,83,4311,4568,4987,4124,1309,1791,---7,7,3,7,4,2,9,8,4,9,
3808,2950,4625,394,4204,301,1167,4657,2812,2058,---7,7,3,2,3,3,5,9,10,10,
4450,3395,2069,4886,215,2777,3610,3356,730,---7,3,9,3,7,6,7,6,2,
4288,4016,2074,259,3503,---4,5,3,3,5,
3200,2587,2693,4616,523,4883,1431,4708,1455,1820,4515,933,2726,295,297,4523,4140,2863,3684,2744,4793,4298,2232,1234,3926,3929,2651,4581,4068,1126,2150,360,4969,2412,2296,1022,---4,10,8,7,5,2,3,3,9,10,3,10,9,2,4,2,9,9,5,10,2,3,2,4,3,7,5,10,8,9,10,8,3,3,9,10,
4096,2562,4359,2569,3212,2669,1942,2460,158,4385,802,2597,423,2610,4667,3136,3394,4677,3402,3153,1891,1317,3554,4579,3301,1512,1898,4135,3052,3181,2152,4851,2806,631,1144,---6,2,7,8,3,8,7,3,7,4,9,9,7,6,5,5,8,5,6,3,10,3,7,9,10,10,5,5,7,5,8,8,8,3,10,
4869,4234,2706,2457,1306,28,2590,47,4785,3102,4924,3389,703,3781,4040,2891,1875,858,1637,1509,1261,882,2421,2295,---9,7,4,6,6,2,2,9,4,9,9,7,2,5,9,2,5,3,4,5,2,8,4,5,
897,4171,2661,577,2729,2615,1281,12,189,2384,4919,2046,2484,3198,1385,3994,2461,1950,3221,---6,2,3,7,10,7,4,3,7,8,7,4,8,3,3,6,8,6,6,
4161,4075,1380,4871,4072,3721,3050,3991,4114,2537,3115,4562,1129,3767,3032,2874,2395,3036,4159,---10,7,10,7,4,8,6,3,8,9,7,4,6,4,7,4,9,9,10,
1987,2148,633,4875,3594,3179,4986,2702,4143,4660,1939,3572,2582,2787,569,3194,3770,2068,---10,7,4,9,10,7,10,2,4,2,2,9,9,9,4,10,9,10,
4128,4418,2372,1349,4421,1521,2570,747,2700,4845,1967,4689,4722,4830,3447,4063,4798,85,---8,5,4,5,8,4,10,9,5,6,10,2,3,8,8,6,10,6,
3650,326,3436,170,2347,3468,877,681,1073,1811,3324,3863,1080,953,218,60,2845,4108,---7,10,7,5,3,9,2,7,5,9,8,9,7,6,9,8,9,2,
1792,4609,3041,4071,648,1801,807,3756,2381,2738,4947,3607,2905,380,---9,7,5,5,9,2,5,6,4,6,3,5,4,7,
1216,1092,4165,1094,4168,4715,3250,2927,3698,3000,4185,3421,2782,---4,8,9,3,5,3,4,10,7,7,6,7,5,
2896,2979,4997,4327,2601,2858,1035,4110,848,1780,965,3487,2821,---2,9,9,2,5,9,2,2,8,8,7,9,2,
4179,440,1096,2732,3464,536,1106,3379,3342,2774,1176,252,728,---9,6,6,2,9,3,5,5,9,7,9,10,10,
3936,506,34,391,2953,2730,597,4342,378,2207,4762,4863,---7,7,10,5,8,2,2,9,7,2,5,4,
2464,1155,2246,3462,3818,3133,2446,751,2579,1332,700,2557,---6,10,2,10,2,6,9,9,6,7,10,3,
3970,2501,4777,461,1043,2230,3579,444,2973,1183,---4,5,6,10,5,7,7,4,6,9,
448,771,4804,4491,2605,2766,2995,2709,2873,2171,---8,9,4,6,9,6,10,4,8,4,
608,2402,613,1736,3775,2117,---4,2,6,2,2,2,
3097,983,590,4479,---2,3,4,3,
3570,3099,3874,1567,---2,4,4,2,
1072,352,3523,4999,---2,2,3,2,
1856,258,3075,3589,471,435,3345,277,1559,538,3366,683,943,3443,3520,4803,4042,2515,855,3161,4186,1763,1639,3562,363,370,1267,503,3962,3323,4348,1405,---6,5,10,2,4,10,2,2,4,7,2,5,3,5,7,8,2,5,8,8,2,3,2,3,5,8,7,2,4,7,5,7,
3712,1441,3010,1189,1285,2566,2375,4391,1451,493,2031,1232,1202,3125,1977,4378,4507,2556,3613,4405,4351,---6,9,5,6,3,2,8,6,9,3,10,5,4,2,8,8,7,10,6,6,3,
4546,3651,1412,3429,1478,1992,4841,2892,2636,2095,2260,4497,4884,1220,137,4265,3482,2618,4190,---2,10,8,2,9,3,9,3,9,6,5,3,7,5,10,2,8,4,7,
98,3619,407,4808,4220,3947,44,3757,3601,2451,1876,56,24,1428,4442,3132,1471,---2,6,4,10,3,2,8,5,3,5,5,4,2,5,2,7,3,
3105,2980,422,957,1578,653,4399,208,952,3288,3034,4987,3274,1130,---9,3,10,7,7,6,4,4,5,9,8,9,7,6,
961,1250,4867,4804,520,4491,450,3792,2056,2995,820,2517,1336,---7,2,3,4,3,6,8,7,8,10,2,4,7,
4033,3875,2379,3201,265,135,300,3216,4402,2753,379,3069,1605,---9,7,8,4,10,7,8,9,2,10,4,7,8,
4769,4451,214,129,3658,3118,2641,3634,3540,3446,4826,443,---3,9,5,4,4,10,4,7,8,7,8,6,
2752,3040,4994,2092,3755,2796,750,1679,4880,3987,404,4927,---7,5,3,2,3,8,10,7,9,7,8,2,
4962,2535,712,3020,3245,3726,4301,4341,1687,1084,4414,---7,6,4,3,8,10,10,4,6,9,10,
2497,3842,419,2502,4615,1544,2922,723,3289,2442,4799,---7,10,7,6,8,8,6,8,10,6,4,
1345,4870,1040,3916,4750,4496,1684,2262,1785,4668,351,---7,10,9,5,4,9,6,9,6,4,9,
930,4132,1203,2185,1676,655,3251,4916,3894,3287,2329,---3,7,8,6,3,2,5,10,2,9,2,
1787,996,2470,4366,3087,4914,4596,2105,1435,1502,---9,4,3,9,10,6,7,9,3,9,
32,2657,3451,2401,3084,4567,1465,2715,542,---8,4,3,5,6,8,9,7,8,
4897,1698,1476,3664,3762,3507,119,3131,4991,---4,7,9,9,7,5,7,2,8,
2665,1097,4778,427,4781,175,2206,1079,1534,---6,9,9,7,2,7,7,8,4,
4259,4390,1704,1779,2229,4415,2623,---3,4,7,6,3,7,6,
3108,394,301,1167,4656,4625,4030,---7,2,3,5,6,3,2,
97,199,1100,4918,2136,1500,---4,3,4,5,5,5,
4809,869,4575,---3,3,2,
3075,3589,471,435,3345,3476,1559,538,3248,3366,683,943,4528,3443,1763,3520,4803,4042,663,2515,4601,855,3161,4186,1507,3562,363,370,1267,503,2937,3962,3323,4348,1405,---10,2,4,10,2,2,4,7,10,2,5,3,10,5,3,7,8,2,2,5,2,8,8,2,5,3,5,8,7,2,5,4,7,5,7,
3075,3589,855,2515,2937,3345,3476,1559,538,363,3366,683,943,3248,435,1720,3520,4803,4042,663,4563,471,3161,4186,1763,3562,3443,370,1267,503,4601,3962,3323,4348,1405,---10,2,8,5,5,2,2,4,7,5,2,5,3,10,10,5,7,8,2,2,7,4,8,2,3,3,5,8,7,2,2,4,7,5,7,
2823,1549,30,928,2977,1186,547,1062,3751,4650,1067,3372,813,3638,4153,3386,4157,3646,1734,4555,4569,2277,1508,4837,745,4330,1136,1636,3442,500,3574,4599,250,---6,6,6,3,5,10,9,6,2,5,4,2,7,7,9,4,10,10,7,4,7,3,4,2,8,7,5,4,5,2,6,6,9,
641,1922,2029,2829,1679,2498,3987,404,1814,2976,4898,307,2998,3769,3259,4927,3872,706,2762,1108,4693,3164,2142,2320,994,2276,3814,1389,3058,---5,5,3,8,7,7,7,8,8,8,2,7,9,5,7,2,10,4,10,8,2,10,5,8,10,10,6,6,5,
129,2692,392,4747,782,3779,3354,4766,3877,934,2599,3368,2987,2078,2104,443,3391,4417,4619,2123,3540,2522,4187,1245,479,4455,105,362,---4,10,7,2,10,5,5,5,3,4,4,9,6,10,8,6,4,5,9,7,8,2,8,7,5,2,10,5,
896,770,899,3857,789,3103,2080,1827,3498,3246,688,3633,3252,1721,4155,4170,4427,77,4431,4946,4828,3299,4839,238,3953,627,2602,---10,5,3,2,9,7,5,2,6,3,5,9,4,7,7,5,7,2,6,8,3,7,8,4,4,6,2,
3076,6,1927,1293,4367,920,1172,2453,3736,2719,290,3238,2220,4805,987,2141,2245,867,3302,1895,4849,499,3193,4602,381,2814,---10,7,3,7,10,6,8,8,3,3,7,10,5,8,9,9,8,10,8,4,2,5,9,5,8,9,
32,1697,3451,3044,4433,586,615,3084,3406,976,273,3669,3415,1465,2715,1341,542,3967,---8,8,3,8,9,6,8,6,3,4,6,3,10,9,7,8,8,10,
289,4610,2884,4617,2603,4172,784,4852,3390,1497,3384,468,4090,1085,4633,3615,---8,5,6,10,9,5,9,5,8,8,9,8,2,7,2,9,
514,2371,4228,4710,3143,4552,3209,4362,267,3692,2319,342,535,4388,202,862,---7,6,5,8,6,3,2,6,6,8,7,6,4,8,8,5,
3620,1477,2982,3303,1169,1611,2221,1491,48,3409,4082,4051,4532,1109,1117,1982,---2,9,10,9,5,7,10,5,5,4,4,8,4,5,3,2,
2019,4005,4040,4234,3275,1261,2706,1875,1726,1368,2457,2590,1842,28,3102,1637,---3,6,9,7,3,2,4,5,3,4,6,2,8,2,9,4,
768,3681,2635,537,2246,2187,13,2446,469,919,3960,2233,1532,3133,---9,3,6,10,2,6,9,9,10,2,9,5,2,6,
4576,3270,2801,3050,696,1006,4911,600,3214,2974,4823,4824,3869,4158,---10,4,5,6,2,6,3,7,3,8,9,4,2,3,
3681,2635,1539,3844,1702,3943,4316,2187,496,2162,919,3960,537,1532,---3,6,2,5,7,8,9,6,5,6,2,9,10,2,
1153,4578,1860,3335,361,3340,1204,2252,4246,20,1114,699,1210,---5,2,2,10,6,7,6,4,9,3,2,6,4,
578,5,4326,2415,849,1342,2164,2558,2839,3765,859,254,4255,---10,4,7,4,3,6,6,4,9,5,3,5,7,
1120,2052,2533,454,3880,1541,3886,2259,2292,494,4188,1021,501,---3,7,7,7,4,9,5,2,10,3,4,10,5,
4549,2761,1546,1489,979,4020,1493,2678,2263,760,3804,4874,1374,---9,5,9,2,7,7,5,5,9,6,5,6,10,
4450,3395,935,3356,4162,1649,1077,3159,2777,730,3388,---7,3,3,6,6,2,4,6,6,2,10,
3559,3306,2124,2481,4468,1237,1750,1115,3996,2175,---8,2,10,7,4,8,5,10,10,7,
4835,3080,2185,2445,1326,749,1138,1203,2510,4922,---4,4,6,8,7,10,4,8,4,10,
866,100,4582,1259,1695,2129,3835,3100,1727,---7,3,6,3,8,8,7,2,3,
2181,4782,335,2994,1390,2710,4280,4315,---3,2,6,6,6,2,3,3,
4132,748,1676,655,3894,2329,4825,---7,7,3,2,2,2,5,
2107,4577,4335,2836,1327,---4,2,4,3,3,
531,2205,1887,---3,2,2,
796,1206,---2,2,
2249,1529,---2,2,
3739,3156,---2,2,
303,4447,---2,2,
803,2403,---2,2,
2564,3327,---2,2,
4208,1981,---2,2,
602,1446,---2,2,
1657,766,---2,2,
4355,2699,---2,2,
3528,722,---2,2,
3066,4900,---2,2,
256,2562,619,4359,1772,3850,141,2093,2834,403,4628,925,158,3359,802,423,4135,2989,954,1343,3136,4677,3142,1235,3551,1891,2789,3691,3052,1810,4975,4337,4851,1144,2298,3581,---10,2,5,7,6,7,2,2,5,8,3,3,7,6,9,7,5,2,2,10,5,5,2,8,9,10,5,7,7,6,5,7,8,10,5,6,
3075,3589,471,435,3345,3476,1559,538,4601,3366,683,943,3248,3443,3520,4803,4042,663,2515,852,855,3161,4186,1763,3562,363,370,1267,503,2937,3962,3323,4348,1405,---10,2,4,10,2,2,4,7,2,2,5,3,10,5,7,8,2,2,5,9,8,8,2,3,3,5,8,7,2,5,4,7,5,7,
2436,6,1927,522,1293,3736,3219,1172,3608,3076,290,3235,3236,2725,3238,938,2091,4530,2228,694,2999,2620,4805,4407,1364,4964,366,4849,920,3827,3193,2814,---9,7,3,4,7,3,5,8,6,10,7,2,10,9,10,3,3,3,6,3,6,4,8,8,9,2,4,2,6,9,9,9,
1412,137,3598,4497,4884,790,3482,3878,4265,2095,4745,2618,571,2877,2369,4546,3651,581,1478,711,1992,587,4556,2256,3419,3429,871,2157,4732,1919,---8,10,5,3,7,4,8,9,2,6,7,4,6,9,10,2,10,8,9,9,3,4,3,10,10,2,8,2,5,6,
3969,3206,654,3857,1682,1300,1135,4767,1827,805,3498,3371,3246,688,3252,315,3403,80,2132,2389,2521,4453,4839,1255,1007,627,373,2552,---5,7,6,2,9,4,2,3,2,6,6,9,3,5,4,9,10,7,10,7,8,7,8,9,7,6,3,8,
2688,4095,677,3239,2184,210,4684,2514,4269,304,1256,1010,1438,3318,1912,1081,1338,4091,284,3966,2101,---3,2,4,2,7,3,10,2,2,7,2,9,10,9,7,7,4,8,10,6,6,
1184,2240,4203,260,3333,38,1673,1387,3679,4742,2608,3781,693,2326,984,858,1055,4924,4957,4869,---4,3,9,2,6,10,9,10,9,8,3,5,10,8,5,3,3,9,4,9,
4964,2436,3316,4937,2957,366,1560,4530,3219,1364,4334,3734,4407,3608,3236,179,1883,2620,150,---2,9,10,4,4,4,2,3,5,9,10,6,8,6,10,7,8,4,2,
1345,3107,932,1797,1862,1609,1162,3916,1040,534,1492,661,2262,4151,88,1785,2906,4668,2238,---7,2,6,6,7,8,2,5,9,7,4,3,9,6,6,6,9,4,4,
3465,4646,2758,296,1417,2314,4973,2414,3919,3717,953,2194,4718,3383,4345,207,2845,975,---7,9,8,5,9,7,9,10,2,5,6,5,2,7,5,5,9,5,
3618,3715,3812,2471,1896,4541,45,3165,4605,371,3541,1430,2009,2331,188,1725,2942,---6,5,10,3,7,6,2,4,10,6,9,10,10,5,2,7,3,
704,123,1282,3203,3972,3078,680,3336,4707,4820,2293,1754,3547,1824,1150,2527,---7,8,8,5,9,3,6,4,2,6,4,10,5,4,2,7,
3074,2947,2084,1351,565,4683,386,2063,3088,1554,2581,4623,1530,1083,3230,511,---10,9,3,5,7,7,2,7,5,7,4,10,3,10,3,6,
4610,963,2603,4172,1357,4271,784,1497,468,4852,4633,3384,4500,1085,3390,3615,---5,8,9,5,6,3,9,8,8,5,2,9,7,7,8,9,
2721,1700,3056,936,1514,1900,3890,2894,4239,4560,690,464,1593,1076,2109,4959,---4,3,10,4,5,9,8,10,5,7,5,7,2,2,3,9,
3618,1733,838,2471,1896,4605,45,3165,371,3893,1430,3129,2009,2331,188,1725,---6,3,5,3,7,10,2,4,6,2,10,7,10,5,2,7,
488,4502,3559,1160,2698,3404,2701,2255,4881,2195,4468,1750,4200,666,3996,---9,6,8,8,9,4,3,9,4,6,4,5,10,10,10,
3840,4963,3140,1224,3049,4460,2061,1423,4720,243,949,3417,376,740,---5,5,6,5,3,3,10,4,2,6,8,5,2,5,
2435,484,4268,74,1836,1392,3505,886,439,4856,3513,842,3596,927,---4,8,4,9,7,5,8,7,8,8,9,7,9,4,
1365,2273,1634,1851,100,4582,1259,3821,1231,1173,4022,3835,3100,1695,---3,8,4,4,3,6,3,2,6,7,3,7,2,8,
3297,3587,1253,1622,4141,1617,1938,4789,1398,599,1340,445,1791,---9,7,7,2,8,2,2,9,5,4,7,9,9,
1864,2953,2730,715,4829,40,4985,345,2778,4863,3196,4762,2495,---6,8,2,3,9,4,7,2,9,4,6,5,10,
171,965,4327,2601,2858,1035,2791,848,2002,1780,2420,3567,3487,---9,7,2,5,9,2,2,8,7,8,2,3,9,
3809,3652,4929,1975,2764,15,3347,3993,1239,292,4890,2493,190,---6,5,6,8,10,5,6,3,4,6,3,8,8,
2023,3496,777,1367,1390,1391,2994,469,2710,2903,2233,1818,---6,8,10,4,6,4,6,10,2,8,5,5,
4566,3559,488,3996,2698,3315,4468,1237,1750,3355,476,2218,---10,8,9,10,9,10,4,8,5,9,7,6,
131,913,2408,2761,4874,1523,1489,979,4020,3223,1546,1374,---8,4,7,5,6,10,2,7,7,10,9,10,
2912,3846,2919,3025,755,660,4215,2100,2843,1788,4894,895,---5,7,5,3,5,8,2,7,3,2,4,7,
2435,484,3879,2760,439,3596,1392,850,2041,4856,3513,990,---4,8,3,10,8,9,5,7,2,8,9,5,
1750,3559,488,2218,3500,3315,4468,1237,4566,3355,3996,3306,---5,8,9,6,5,10,4,8,10,9,10,2,
2209,195,1960,1452,3565,1998,3727,1044,407,3864,220,---4,8,4,3,10,2,9,3,4,10,3,
673,707,485,395,3472,1361,2102,4464,541,2526,3653,---3,3,5,6,7,9,6,2,5,6,6,
2019,4005,4366,3087,49,4914,4596,1368,2105,1726,---3,6,9,10,6,6,7,4,9,3,
3970,2501,1865,461,1043,2230,4777,3579,2973,1183,---4,5,3,10,5,7,6,7,6,9,
4450,3395,935,3356,3159,1077,3255,2777,730,3388,---7,3,3,6,6,4,3,6,2,10,
4518,2665,75,1678,175,1097,1079,504,2301,1534,---4,6,7,6,7,9,8,3,4,4,
1152,1733,582,3505,433,850,838,2041,927,---7,3,6,8,9,7,5,2,4,
4897,1476,385,3664,3762,3507,119,3131,4991,---4,9,5,9,7,5,7,2,8,
1345,3916,4750,1040,1684,2262,1785,4668,4926,---7,5,4,9,6,9,6,4,2,
3595,3849,2827,2957,179,4937,3807,---3,4,4,4,7,4,3,
3332,1100,436,1558,1316,1500,---6,4,6,2,6,5,
2822,616,3569,4053,4281,4479,---6,5,4,2,2,3,
1925,294,2377,1518,1107,31,---4,3,5,4,3,6,
1736,1945,2402,2117,---2,3,2,2,
504,2081,2301,4518,---3,2,4,4,
1851,2140,3821,4022,---4,2,2,3,
1384,3874,3099,1567,---3,4,4,2,
