258,3589,855,4803,3476,4117,663,4891,1952,3248,3106,547,3366,683,943,4528,1972,1720,2890,2881,4601,4219,4042,846,4691,4563,471,1146,1507,1636,1062,1639,3562,363,370,3443,3574,2937,3962,4347,---10,10,2,8,8,9,6,2,8,5,4,9,4,7,4,3,9,5,9,7,4,8,4,6,5,7,7,8,2,7,6,5,4,2,6,3,5,5,3,7,
392,1294,3354,2096,3620,3877,2599,2987,557,4783,2736,2952,4018,2104,4539,1982,4034,3779,79,1362,1491,1109,1880,2522,479,3303,3048,105,362,4082,4051,1513,---5,8,5,5,3,6,4,5,10,6,4,5,5,7,9,9,8,9,5,5,3,3,7,6,8,7,2,2,5,4,3,8,
2562,4359,3212,141,2460,158,802,4135,4579,2610,4667,3136,3394,4677,3554,3153,1235,3551,482,1891,3301,1512,1898,423,3052,240,2152,4851,631,1144,---8,4,10,3,6,3,7,2,2,7,3,5,10,5,10,7,8,10,6,8,6,4,10,8,6,4,3,5,3,6,
641,1922,2829,1389,2833,1814,2976,4898,307,2998,3769,3259,3872,2498,3267,2762,1108,4693,706,3164,2142,2784,994,2276,3814,3434,2029,3058,3838,---5,7,6,4,4,4,7,2,10,2,2,4,2,5,10,6,8,5,2,7,8,7,3,2,4,3,3,7,7,
2704,529,2841,29,425,48,3292,3381,4532,2362,1724,2370,1477,3786,1611,4428,3409,856,860,1117,225,610,358,1169,4696,1906,1013,3192,1918,---10,9,7,10,3,5,9,10,4,3,2,5,2,8,6,5,6,7,4,5,3,9,4,9,3,3,9,5,6,
3200,2693,4616,1431,2587,1820,4515,933,2726,295,297,4523,4140,1455,2744,4793,2232,1234,3926,3929,2651,4708,4581,2150,360,4969,2412,---8,2,9,2,6,10,8,5,3,3,3,9,9,8,5,8,9,8,2,10,2,3,9,4,8,5,10,
2688,2960,659,924,1438,3241,4269,305,2101,3642,374,3147,4684,2514,3285,1338,4062,2656,4091,872,1644,367,3318,2039,1912,507,3966,---3,4,10,4,4,10,7,10,5,8,2,7,7,5,9,10,2,8,8,10,5,2,10,10,8,3,8,
3328,1795,4743,3210,268,3232,4771,428,4397,4274,1333,1214,832,4290,4164,4423,2167,3791,977,3666,2647,2398,2399,4065,594,4727,764,---3,3,10,2,6,9,6,8,9,8,3,4,7,3,4,3,2,7,4,5,2,8,6,9,4,5,4,
2923,522,2819,2719,3236,938,3827,694,2999,2620,714,4407,1228,3790,987,2141,4964,1895,4711,366,499,4217,810,3582,639,---4,6,4,10,4,10,3,6,4,3,5,7,9,9,4,6,2,3,10,2,10,6,7,5,10,
2690,7,2954,781,787,1429,2213,1318,174,3828,959,2496,1985,1479,4297,3149,3981,853,3158,4133,1958,2545,1652,3703,---5,9,4,4,2,8,10,4,5,2,10,6,8,5,7,5,4,4,9,8,7,6,6,10,
3076,6,1927,1293,920,1172,3736,4805,290,2852,678,2220,2245,3348,1111,3238,2410,4849,3193,4602,1915,2814,---3,5,8,2,5,9,6,10,2,4,4,5,10,7,8,7,7,2,10,4,9,5,
688,1827,4453,1255,3498,3371,4839,3246,1007,80,3857,1682,627,1300,2389,4534,2552,3252,1135,238,3103,---5,6,7,3,2,3,10,9,10,6,3,8,3,10,4,8,7,3,2,4,5,
1417,4961,1907,3717,2086,3383,296,1353,2314,4646,4973,4718,975,720,2194,2758,246,1481,3919,2492,---10,8,8,8,7,5,3,7,7,2,7,2,4,5,2,9,5,5,5,10,
2782,897,1092,2661,1950,4903,4168,2729,4171,973,2384,3250,3221,577,4185,3198,1094,2046,4165,---10,5,2,4,7,7,4,9,4,3,7,10,8,7,6,10,7,9,7,
1156,677,3239,2184,1834,4039,3800,3341,1358,304,1256,3122,2425,3576,1081,1576,284,1693,1413,---10,7,3,3,7,2,10,8,7,6,9,4,7,7,6,5,8,4,3,
571,1411,3622,711,587,4556,2157,3598,2095,2256,4497,3571,871,4884,3419,4732,2877,1919,---4,6,10,3,5,7,2,10,6,8,3,8,9,5,8,8,2,4,
4864,4080,3971,4484,1445,742,3431,1706,551,1988,4847,1264,1777,146,1766,3172,2491,2780,---10,9,6,9,4,10,3,8,8,9,6,7,2,6,2,5,6,3,
4193,4027,2340,4433,586,3406,2223,1680,273,50,2899,3044,3286,3415,1697,400,1341,3967,---8,8,10,5,2,7,3,6,6,5,4,5,8,9,10,10,9,8,
256,619,1810,2789,3142,3691,1772,2989,4975,4337,2834,3123,4628,2093,3581,2298,954,403,---9,6,9,2,4,9,6,2,4,4,2,9,8,5,9,4,3,8,
161,2658,2251,1668,3174,1638,3494,4968,396,4907,4332,2320,3763,3079,255,2174,2143,---6,7,7,8,9,9,10,9,5,5,10,5,6,2,9,6,10,
2590,1509,4040,4234,2891,47,4785,2706,1875,2421,1368,2457,1306,28,3389,3102,703,---2,8,6,10,7,7,5,8,2,7,4,2,3,9,8,2,7,
4576,3115,1380,4871,4072,1129,3050,4075,4562,3214,3377,4114,2537,3032,2874,2395,3036,---2,5,8,2,6,8,3,3,6,4,4,9,6,7,3,10,2,
1911,3650,2691,326,681,170,2347,3661,4626,1811,3796,3324,3863,3833,2844,3626,702,---5,6,3,10,6,6,2,9,7,4,10,6,4,7,7,4,4,
4769,2563,3364,3446,1937,4904,2857,4531,3118,4144,1112,4451,2996,214,4888,4826,1663,---4,6,2,3,8,6,9,9,7,5,4,10,8,10,6,9,3,
3488,4033,4483,3875,2663,4794,265,4621,2781,3408,4402,115,3033,4858,893,94,---5,2,10,6,4,6,8,7,3,7,8,5,8,9,10,4,
3968,2640,932,1797,1609,1162,3470,3983,2160,534,88,804,283,604,605,1983,---3,9,9,4,10,4,2,5,2,5,5,10,8,5,8,4,
4032,4417,4187,197,3368,4619,460,782,157,3858,3540,1205,3320,443,1245,4766,---7,5,4,9,8,10,2,7,6,4,6,10,5,4,5,10,
4480,3760,1601,1591,3307,3117,2511,2800,4529,2005,1526,889,3481,1116,4349,4853,---6,10,4,4,3,4,8,3,2,5,4,9,2,5,8,5,
4704,1441,1285,3712,1189,4391,1451,493,1232,1202,3125,1977,4378,4507,2556,4405,---9,2,10,8,2,2,3,6,5,4,2,8,4,3,9,2,
2977,2277,1734,3751,4555,3372,813,1549,3638,4153,4569,250,4157,30,4837,---7,9,2,3,3,4,5,6,6,10,4,10,2,8,10,
2113,3458,1947,2214,1329,200,1897,4749,1359,4176,241,3730,3855,3873,2943,---7,8,5,9,7,6,6,8,4,10,9,9,3,5,5,
2080,896,770,3299,3633,2602,4427,77,3953,4946,789,1721,4155,4828,4170,---7,4,2,8,7,10,9,3,8,2,7,8,9,10,2,
3618,3715,3812,1733,838,2471,1896,45,3165,1725,3541,2009,2331,188,4541,---2,8,5,9,9,6,2,4,9,4,9,6,10,4,9,
1089,1989,4678,1447,1321,618,274,3121,1746,4403,1587,1207,4340,2523,3722,---10,3,8,5,8,6,9,7,7,6,6,10,8,5,9,
2848,2209,195,1960,4220,1452,224,3727,4952,3619,1044,56,3864,2713,3132,---8,9,3,2,9,6,4,2,9,3,7,10,10,8,10,
1856,3520,387,4348,3851,2515,435,1140,1763,538,2847,2332,2686,1311,---10,10,4,5,8,9,9,7,4,7,10,10,10,5,
672,2849,4068,523,2863,1944,4883,2334,2296,25,4475,3676,3805,1022,---3,9,9,5,6,8,8,7,7,5,2,9,7,10,
2240,2326,4742,2321,2028,941,4465,3636,3222,3679,1055,3932,3358,1215,---10,7,3,6,3,8,5,10,6,6,10,7,4,10,
2787,2148,4875,2317,2702,2596,593,3572,2582,633,569,3770,1339,4986,---9,5,5,3,10,10,4,4,3,4,6,4,3,5,
3587,3556,1253,4936,1149,3766,1617,980,4789,1622,2363,2428,445,4670,---8,9,10,2,6,2,5,5,10,10,6,4,4,3,
4226,5,4326,2839,2415,1968,849,1342,3765,3575,2558,859,254,4255,---8,8,9,9,6,2,3,9,6,7,5,5,4,4,
4128,2946,4845,4421,1349,4520,2667,2925,143,1521,4244,2971,4061,4063,---9,7,3,10,7,9,2,2,8,5,4,8,7,8,
3298,4550,3975,4328,3915,4558,1832,1745,946,3027,526,1454,4538,4446,---3,2,5,3,3,3,8,4,8,5,3,7,5,7,
3651,868,581,1478,4745,4682,2892,1220,3878,2260,790,137,772,---8,7,4,3,6,5,8,5,7,3,2,10,8,
261,4327,171,1037,3567,848,2001,2002,2420,1976,2396,2941,3487,---9,7,4,3,3,9,9,8,5,2,2,5,8,
4642,4101,4966,2407,2120,1801,2283,648,1236,2905,4570,4892,1086,---10,7,10,7,9,2,3,8,10,5,8,3,8,
1282,3203,2662,3078,680,3336,4707,4820,2293,1015,4660,3547,2527,---5,3,8,3,6,9,2,6,2,3,6,3,2,
3201,3778,644,4038,135,1002,2379,1517,3069,1619,629,1053,1845,---3,7,3,10,3,5,3,5,3,10,2,8,3,
3009,2882,2083,3524,3462,2749,3818,751,2579,1462,2299,700,2557,---6,10,2,7,8,2,2,6,8,5,6,2,9,
1824,4419,3972,774,1190,2122,3471,948,949,1754,123,1150,4543,---5,3,4,9,10,4,5,4,9,8,4,10,7,
1345,3107,1862,1785,3916,1040,1684,661,2262,4151,1492,4668,2238,---10,7,7,9,7,10,5,3,4,6,9,2,2,
1760,1921,1545,4394,3151,4084,279,346,527,1354,3645,1631,---5,10,9,5,6,3,8,7,9,6,9,5,
673,2082,1443,1134,4272,4401,725,3095,3001,4464,4733,3157,---7,7,4,2,3,7,6,6,5,5,9,9,
464,3056,3719,936,1514,1900,3890,2894,4560,690,2721,186,---5,10,2,3,3,6,6,6,4,2,8,8,
416,4578,1860,361,2859,812,110,2926,120,2939,3678,671,---4,6,2,9,5,6,2,3,7,3,10,2,
3840,740,1224,3049,4460,2061,1423,4720,243,3417,376,3140,---4,10,6,6,8,10,2,5,6,5,3,9,
833,2626,840,332,2575,4049,1747,213,4790,4504,1557,2239,---4,2,7,10,9,5,9,4,9,6,9,7,
1153,2788,3848,3340,4688,20,181,1078,1401,1204,1210,2875,---7,10,4,10,5,10,2,4,9,4,2,6,
656,2306,230,1932,2542,2768,1009,2165,2935,1016,698,573,---10,9,5,5,2,10,5,5,8,5,6,8,
1281,1221,1385,2443,3374,4243,2484,4277,2615,2008,2461,3749,---3,9,6,7,10,9,10,8,10,2,10,4,
2592,993,676,1893,4807,2507,4819,4631,2308,1626,892,1023,---10,2,4,9,8,4,9,5,3,4,5,9,
2436,179,1364,2957,1560,4530,3219,3316,3734,3608,2228,1883,---8,6,6,4,10,3,8,3,5,5,8,8,
1067,535,3209,4650,267,1136,500,4599,745,3386,202,---10,8,5,6,8,9,5,2,2,5,4,
1750,3559,1160,3404,2701,4200,2195,4468,4502,666,3996,---4,9,4,6,2,8,4,10,4,6,2,
963,4172,1085,1873,4500,4633,1497,4271,1597,3390,3615,---5,8,7,4,5,10,8,6,9,6,6,
4044,2024,3884,1708,3245,3829,2486,247,216,2204,2846,---6,10,10,9,8,8,7,4,2,9,8,
386,2947,4489,2666,3701,3480,1530,59,1212,3230,565,---2,8,10,6,7,7,4,3,9,8,10,
1217,227,3004,266,4715,3948,3407,2324,4216,1595,1052,---7,10,9,6,10,8,2,6,10,9,6,
1504,4929,3652,3809,2764,15,292,3993,4473,4890,510,---9,10,9,6,4,8,10,9,7,4,8,
4199,1833,42,3467,2382,1807,1524,4533,2391,1691,---5,7,2,3,3,9,6,3,9,9,
3588,1798,3532,2570,2924,2606,3602,85,382,2997,---6,6,9,6,7,9,3,9,3,3,
1808,4179,2948,4392,3342,4627,3379,2638,3902,2037,---6,4,4,8,5,8,6,2,5,10,
1387,3781,1673,4203,236,3950,858,4924,4957,4869,---3,3,5,3,10,4,2,7,8,2,
39,3594,3179,4301,3726,4143,1939,2068,4341,3194,---10,9,2,3,7,7,2,10,2,10,
545,3003,4548,4139,2254,3889,4276,3413,3128,1307,---5,7,5,10,6,5,4,4,9,2,
3969,805,3206,3403,654,2132,373,2521,315,4767,---5,6,9,2,5,4,6,2,5,2,
962,1894,4811,1548,3533,16,3061,2456,3961,894,---7,8,7,2,4,9,8,7,3,9,
2980,997,3274,653,957,208,952,3034,4399,317,---3,3,6,9,6,3,4,4,4,6,
4096,4259,2597,4390,2569,3402,2669,1779,1317,4415,---10,10,8,6,5,2,4,9,3,9,
2912,3846,2919,4589,3025,660,2837,2100,2843,1788,---9,3,9,8,4,8,5,7,3,2,
1792,3041,4071,807,3756,2381,2738,4947,4609,380,---8,5,7,7,10,2,10,2,8,2,
2408,2761,1546,1523,913,979,4020,760,4874,1374,---4,6,3,6,8,5,7,7,2,2,
1120,2533,454,494,4047,2259,2292,501,4188,1541,---3,8,6,5,3,3,5,6,6,9,
2497,3362,419,2502,4615,2922,1420,3842,723,4799,---6,3,3,4,8,7,10,2,9,6,
440,3464,2732,1096,1106,2774,728,1241,1176,252,---3,3,2,7,8,3,5,2,4,9,
4450,3395,935,1077,4886,3159,2777,730,3356,3610,---7,10,10,10,6,10,9,2,5,7,
1536,64,421,2823,4330,4494,2383,4654,4603,---6,5,9,5,9,4,2,5,7,
4582,3272,1259,1840,2129,1748,40,3835,2495,---5,7,4,8,6,3,8,2,9,
3681,1539,3943,2446,919,3960,537,1532,3133,---9,6,8,8,2,2,2,2,5,
4737,4389,4006,4008,3912,2865,1588,1142,759,---7,2,6,4,6,3,5,8,8,
1995,4331,4078,4573,2289,4980,280,1913,4477,---9,6,2,7,3,5,2,6,9,
4196,3625,3401,3096,3577,2235,2313,3359,---2,5,4,7,7,8,3,7,
1159,3438,1269,3257,4697,1562,1435,4382,---4,8,8,5,5,4,4,2,
4418,2372,747,2700,1967,4722,3447,4798,---7,8,6,2,3,6,3,7,
2979,4997,4649,2158,2896,1778,4979,1525,---6,2,4,2,4,4,4,2,
3139,2822,616,3569,4887,3515,2751,---5,7,7,5,3,3,4,
4994,356,3081,3755,2092,750,2909,---6,6,4,3,7,7,2,
1632,1770,779,76,2392,3290,3231,---5,2,6,4,5,7,6,
928,1186,1508,3209,202,267,3442,2325,3510,535,3646,---9,2,8,5,4,8,10,3,3,8,10,
4546,868,3429,1992,4841,4682,2892,2260,1220,4265,772,2618,3482,---7,7,5,10,10,5,8,3,5,8,8,6,5,
1409,2370,4100,4261,3409,4488,1611,2286,1169,1426,4532,3192,2362,4317,---4,5,4,8,6,9,6,4,9,7,4,5,3,8,
3712,2627,4644,1189,4391,4296,493,4335,1232,1327,1977,1892,2107,4507,---8,8,10,2,2,10,6,7,5,8,8,3,10,3,
3907,2244,2087,3435,2988,2990,---3,5,4,6,3,4,
4108,877,1073,1080,218,60,---6,6,2,4,4,2,
4832,4645,2312,2217,970,437,---6,6,6,3,5,3,
3904,233,4298,717,884,3738,---6,6,4,4,6,4,
1027,389,707,2102,3326,485,---3,2,4,6,2,3,
2023,3496,2994,2710,1367,1818,---2,4,3,6,4,5,
98,2662,4808,3757,2451,1428,1015,24,4660,---3,8,6,3,4,8,3,7,6,
1184,3333,38,2608,4869,693,984,858,4924,3781,---10,10,7,10,2,2,6,2,7,3,
4867,520,4272,2056,820,2517,3095,1336,4733,3157,725,---2,8,3,7,5,3,6,9,9,9,6,
3616,224,3619,4220,4938,2636,56,4343,4952,2713,2842,3132,314,---2,4,3,9,5,7,10,9,9,8,3,10,5,
3145,1499,3941,1806,2769,---3,5,4,4,5,
1791,1340,4987,1102,4311,---3,3,5,2,3,
4778,3347,190,1534,175,---3,2,5,5,4,
4280,4315,2181,4782,335,---5,5,3,5,3,
4995,1003,1900,2894,4239,4560,690,2109,4959,---8,4,6,6,4,4,2,9,5,
1826,2467,773,3848,4846,4688,181,1401,1114,2875,---7,4,9,4,8,5,2,9,6,6,
3968,283,232,845,3470,3983,2640,1277,1527,251,604,605,---3,8,4,4,2,5,9,8,5,10,5,8,
4040,4234,2706,4366,3087,4914,1875,4596,2590,2457,1368,2105,28,3102,---6,10,8,3,8,2,2,8,2,2,4,9,9,2,
32,1697,2715,2340,273,586,3084,3406,2401,4433,3415,3044,3451,1341,3967,---9,10,6,10,6,2,10,7,6,5,9,5,7,9,8,
2304,0,392,3779,3877,2183,2952,2825,362,2987,4034,2096,2641,1880,105,2599,1513,2104,3354,2522,479,---3,3,5,9,6,10,5,6,5,5,8,5,3,7,2,4,8,7,5,6,8,
2730,715,2778,4762,---3,3,3,4,
4920,3042,3507,4158,---3,4,4,2,
2162,2635,3844,469,---4,4,3,3,
824,3698,2077,2247,---2,2,2,2,
1395,4981,3606,2021,---3,2,3,4,
387,3851,3822,2482,1140,3639,1370,2332,2686,1311,---4,8,10,4,7,6,2,10,10,5,
386,2947,2084,1351,3088,1554,565,1530,59,3230,---2,8,7,4,4,6,10,4,3,8,
3715,582,2471,3505,3541,433,2009,2331,4541,927,---8,7,6,9,9,9,6,10,9,5,
1026,4101,4966,2407,4642,4370,1555,4570,4443,4892,---10,7,10,7,10,6,8,8,7,3,
1092,4165,1094,4168,3850,3250,4185,1594,925,2782,1343,---2,7,7,4,10,10,6,5,6,10,7,
3936,34,1160,3404,2701,4200,2195,4502,506,666,2207,---7,7,4,6,2,8,4,4,3,6,9,
3968,604,3849,2827,3470,3983,2640,283,3228,605,3807,---3,5,2,6,2,5,9,8,9,8,6,
4033,3875,1031,265,483,3408,4402,4275,1460,3033,2781,94,---2,6,7,8,7,7,8,5,8,8,3,4,
4417,4187,4747,934,129,3368,4619,782,3540,2692,443,1245,4766,---5,4,7,2,2,8,10,7,6,5,4,5,10,
4576,3270,4871,4072,3050,4075,3214,3377,4562,1006,4823,4824,2395,3036,---2,9,2,6,3,3,4,4,6,4,4,9,10,2,
3872,994,4898,2829,641,2029,2498,1679,3058,3987,404,4693,2998,706,4927,---2,3,2,6,5,3,5,10,7,8,5,5,2,2,8,
2858,1035,3175,---2,3,3,
2603,4610,3523,---2,2,2,
4617,4090,289,---2,2,3,
4792,4925,2038,---2,2,3,
4881,1851,4022,---2,3,2,
1042,3910,1926,---2,3,2,
2377,294,1518,---2,3,2,
1945,2402,613,---2,2,3,
4521,3283,1257,---2,2,3,
4848,4624,349,---2,2,3,
2464,2659,3524,1332,1462,2299,2749,---5,7,7,4,5,6,2,
961,1250,3848,4688,181,2875,3792,---2,6,4,5,2,6,7,
2052,454,3880,494,4047,501,4188,1021,---6,6,4,5,3,6,6,3,
386,2947,2581,182,1530,59,3230,511,---2,8,5,8,4,3,8,6,
1025,1093,4071,380,807,4947,4609,3612,---6,8,7,2,7,2,8,5,
3105,1578,2980,997,3274,208,1130,317,---6,7,3,3,6,3,7,6,
3589,3366,4042,370,3443,471,3161,3962,3323,4186,---10,4,4,6,3,7,10,3,8,9,
672,3233,4068,3016,523,4690,2296,4475,3676,3805,---3,6,9,10,5,7,7,2,9,7,
4599,4201,4650,1067,1484,1136,500,745,3386,3583,---2,9,6,10,3,9,5,2,5,8,
1346,2691,1607,3626,3661,3796,1911,3833,93,702,---9,3,2,4,9,10,5,7,8,4,
39,3594,3179,3020,4301,3726,1939,4341,4379,1084,---10,9,2,7,3,7,2,2,4,10,
4032,197,460,1711,3320,3858,1205,4376,3226,157,---7,9,2,3,5,4,10,5,2,6,
2240,4742,1099,941,1650,3636,3605,2326,1055,3358,3679,---10,3,7,8,5,10,2,7,10,4,6,
1411,3622,711,4683,4556,2157,3598,4623,3571,4181,1919,---6,10,3,6,7,2,10,7,8,10,4,
3778,644,4038,4231,4235,2727,1517,1619,629,1053,1845,---7,3,10,2,2,10,5,10,2,8,3,
1989,1447,2472,1321,618,2479,1746,4403,4340,1207,4687,---3,5,5,8,6,6,7,6,8,10,10,
2019,4005,4040,3102,2706,1875,2590,1368,2457,28,4234,1726,---6,8,6,2,8,2,2,4,2,9,10,6,
3618,3812,1733,838,1896,45,3165,4605,371,1430,188,1725,---2,5,9,9,2,4,9,3,6,9,4,4,
2496,1825,2690,1958,1985,1479,4877,3149,3828,1429,4278,3703,959,---6,6,5,7,8,5,6,5,2,8,6,10,10,
4576,4871,4072,3721,3050,4075,3214,3377,4562,3991,2395,3036,4159,---2,2,6,10,3,3,4,4,6,10,10,2,7,
1282,4707,3078,2439,680,2281,3336,3203,4820,2293,2527,3547,575,---5,2,3,9,6,10,9,3,6,2,2,3,2,
4576,2395,4871,4072,3050,4075,3214,3869,3377,4562,4911,3036,1450,---2,10,2,6,3,3,4,10,4,6,9,2,3,
3587,3556,1253,2501,1622,2973,1617,980,4789,3766,2428,445,1183,---8,9,10,7,10,2,5,5,10,2,4,4,9,
677,3239,2184,1834,167,1358,304,1256,1490,52,2425,3576,1081,284,---7,3,3,7,4,7,6,9,5,2,7,7,6,8,
2067,417,2213,1318,7,4297,2954,781,174,3981,2545,2098,787,1652,853,3158,4133,---10,10,10,4,9,7,4,4,5,4,6,9,2,6,4,9,8,
256,2834,2789,3142,4935,3308,3691,1772,2989,4975,4337,1810,3123,3126,2298,954,403,3581,---9,2,2,4,5,7,9,6,2,4,4,9,9,8,4,3,8,9,
2350,4539,3620,3303,3048,827,1362,4018,1294,4783,2736,4082,1491,1109,4526,4051,79,557,1982,---2,9,3,7,2,4,5,5,8,6,4,4,3,3,8,3,5,10,9,
2784,2976,1922,3267,2276,3814,2279,9,3434,1389,2833,307,1108,2142,1814,3769,3259,3164,2762,3838,2145,---7,7,7,10,2,4,2,9,3,4,4,10,8,8,4,2,4,7,6,7,5,
4595,3251,---2,2,
2041,2435,---2,2,
3173,4015,---2,2,
542,615,---2,2,
2657,866,---2,2,
555,950,---2,2,
3667,1196,---2,2,
3388,2854,---2,2,
3000,3698,2927,---3,2,3,
642,4892,3799,---2,3,3,
2313,4196,1942,4385,---3,2,3,4,
496,2162,3844,1702,---2,4,3,3,
4937,4334,2382,4533,---3,3,3,3,
4697,1562,923,1493,1159,---5,4,4,3,4,
4962,3179,4301,3726,4976,1939,4341,---3,2,3,7,7,2,2,
868,2757,4682,2892,525,2260,1220,772,---7,2,5,8,7,3,5,8,
1248,3362,419,2502,4615,2922,3387,4799,---8,3,3,4,8,7,3,6,
673,2082,1443,1157,1134,4464,4401,3001,1980,---7,7,4,8,2,5,7,5,8,
653,1102,1309,2480,4311,952,3034,4399,957,---9,2,9,7,3,4,4,4,6,
2761,4874,979,4020,2678,2263,760,1546,1374,---6,2,5,7,6,5,7,3,2,
4200,2698,3404,2701,2255,1160,2195,4502,666,---8,6,6,2,3,4,4,4,6,
1160,4200,3404,2701,2481,2195,4502,666,1115,---4,8,6,2,9,4,4,6,9,
352,963,4999,4172,1597,1873,4500,4271,1085,---9,5,5,8,9,4,5,6,7,
896,2080,770,1425,617,4427,3633,4946,789,1721,---4,7,2,10,4,9,7,2,7,8,
2946,4520,2667,1741,2925,143,1928,4244,2971,4061,---7,9,2,8,2,8,2,4,8,7,
1509,2891,47,4785,882,2421,2295,1306,3389,703,---8,7,7,5,4,7,10,3,8,7,
4328,3915,2060,4558,1832,1745,946,3027,4538,1274,---3,3,6,3,8,4,8,5,5,7,
2080,896,770,899,4427,4431,3633,4946,789,1721,---7,4,2,4,9,5,7,2,7,8,
1637,4040,4234,1261,2706,1875,2590,1368,2457,28,3102,---8,6,10,8,8,2,2,4,2,9,2,
4226,5,4326,2839,2415,1968,849,2164,3575,1583,254,---8,8,9,9,6,2,3,3,7,3,4,
4704,1441,1285,1451,3613,1202,4405,4378,2556,3125,4351,---9,2,10,3,8,4,2,4,9,2,7,
3650,326,681,170,2347,4626,1811,3324,3863,953,2844,2845,---6,10,6,6,2,7,4,6,4,10,7,8,
3587,3556,1253,3766,1617,1938,980,4789,1622,1398,2428,445,---8,9,10,2,5,8,5,10,10,5,4,4,
1282,3203,3078,680,1471,44,3336,4707,4820,2293,3547,2527,---5,3,3,6,2,9,9,2,6,2,3,2,
2113,3458,2214,241,200,1897,3855,4176,1329,3730,2453,381,---7,8,9,9,6,6,3,10,7,9,10,9,
4480,3760,1041,1601,3307,3628,3117,2511,2800,4529,2005,1526,3481,4349,---6,10,10,4,3,4,4,8,3,2,5,4,2,8,
3394,4579,3301,4359,2152,1512,1898,423,3212,3181,3153,2610,2806,631,3554,4667,2460,---10,2,6,4,3,4,10,8,10,8,7,7,8,3,10,3,6,
2881,258,1507,3589,3366,1639,4891,4042,503,4563,4528,1267,370,3443,1972,471,1720,4347,3962,4219,2890,---7,10,2,10,4,5,2,4,3,7,3,8,6,3,9,7,5,7,3,8,9,
1945,2475,---2,2,
3347,2493,---2,2,
2760,2041,---2,2,
3289,3842,---2,2,
2700,4830,3447,---2,3,3,
1120,2259,3886,---3,3,2,
4170,1796,77,---2,2,3,
2858,1035,1780,---2,3,2,
4936,3297,4670,---2,3,3,
3384,4610,2603,---3,2,2,
4610,2603,1357,---2,2,3,
4985,2778,715,---3,3,3,
1027,541,3326,389,---3,3,2,2,
1186,2325,3510,926,---2,3,3,4,
952,3034,422,4399,---4,4,4,4,
3145,3941,1806,2169,---3,4,4,3,
1080,3436,218,60,---4,4,4,2,
4920,3507,4158,119,---3,4,2,3,
280,2289,612,4078,---2,3,3,2,
280,2289,4078,1177,---2,3,2,4,
824,2813,2077,2247,---2,4,2,2,
3025,2843,2884,2837,3846,---4,3,2,5,3,
3025,2843,2837,3846,4215,---4,3,5,3,2,
3025,2843,4452,2837,3846,---4,3,5,5,3,
3201,135,1002,2379,300,3069,---3,3,5,3,3,3,
3201,420,135,1002,2379,3069,---3,5,3,5,3,3,
536,3464,2732,728,2774,440,---6,3,2,5,3,3,
2144,416,2859,812,2926,120,671,---4,4,5,6,3,7,2,
3366,4042,370,3443,277,471,3962,---4,4,6,3,4,7,3,
3712,1189,2566,4391,493,1232,1977,4507,---8,2,8,2,6,5,8,3,
2761,4874,979,4020,3223,760,1546,1374,---6,2,5,7,7,7,3,2,
2721,3719,936,1514,464,1201,3890,186,---8,2,3,3,5,4,6,8,
2721,3719,936,1514,464,3890,1593,186,---8,2,3,3,5,6,6,8,
4199,1833,42,3467,1807,176,1524,2391,1691,---5,7,2,3,9,7,6,9,9,
1795,3210,268,4397,977,594,922,764,2399,---3,2,6,9,4,4,5,4,6,
2753,3875,4033,265,3408,4402,3033,2781,94,---6,6,2,8,7,8,8,3,4,
2946,4520,2667,2925,143,4244,2971,4061,3263,---7,9,2,2,8,4,8,7,2,
4417,443,3368,4619,782,3634,3540,4187,1245,4766,---5,4,8,10,7,2,6,4,5,10,
932,1797,1065,1162,2160,534,1609,88,804,1983,---9,4,5,4,2,5,10,5,10,4,
3009,2882,2083,1155,3462,3818,751,2579,700,2557,---6,10,2,3,8,2,6,8,2,9,
3009,2882,2083,2246,3462,3818,751,2579,700,2557,---6,10,2,8,8,2,6,8,2,9,
3618,3812,1733,838,1896,45,1725,3129,188,3165,---2,5,9,9,2,4,4,10,4,9,
578,5,4326,3575,4226,2415,1968,849,2839,254,---9,8,9,7,8,6,2,3,9,4,
3236,150,938,2999,366,3827,694,4407,4964,2620,522,---4,10,10,4,2,3,6,7,2,3,6,
2369,571,871,587,2095,2256,4497,4884,3419,4732,2877,---8,4,9,5,6,8,3,5,8,8,2,
290,3235,3076,4805,1927,2410,3348,3736,3193,1915,2814,---2,9,3,10,8,7,7,6,10,9,5,
3840,4832,4645,2312,3049,970,719,1224,2217,376,3417,---4,6,6,6,6,5,8,6,3,3,5,
4128,4418,4421,1349,1521,2700,4845,4689,4722,3447,4063,---9,7,10,7,5,2,3,10,6,3,8,
1217,227,3004,266,3948,3407,2324,4919,4216,1595,1052,---7,10,9,6,8,2,6,4,10,9,6,
4708,2693,2150,4616,4969,4140,1455,1431,2232,4537,2587,1820,---3,2,4,9,5,9,8,2,9,2,6,10,
1697,2340,273,586,3406,4433,3044,3415,1465,1341,542,3967,---10,10,6,2,7,5,5,9,10,9,2,8,
6,2852,2725,3238,2220,1293,678,4849,1172,1111,920,4602,2245,---5,4,8,7,5,2,4,2,9,8,5,4,10,
4480,3760,1601,3307,3117,2511,2800,4529,2005,1526,3481,1744,4349,---6,10,4,3,4,8,3,2,5,4,2,4,8,
2688,2960,4684,4269,2514,1438,210,2101,3318,1912,1338,4091,3966,---3,4,7,7,5,4,5,5,10,8,10,8,8,
4133,1318,7,2376,4297,2954,3981,174,781,2545,787,1652,853,3158,2213,---8,4,9,10,7,4,4,5,4,6,2,6,4,9,10,
2656,872,4585,3147,1644,367,305,659,2039,374,3241,3642,507,924,4062,3285,---8,10,10,7,5,2,10,10,10,2,10,8,3,4,2,9,
256,1810,2789,3142,3691,1772,2989,4975,4337,2834,3123,3421,3581,2298,954,403,---9,9,2,4,9,6,2,4,4,2,9,6,9,4,3,8,
4082,3620,2982,3303,3048,1491,557,1294,79,2736,1362,4051,1109,4539,4783,1982,4018,---4,3,5,7,2,3,10,8,5,4,5,3,3,9,6,9,5,
4034,2987,3877,2599,392,105,362,4455,2096,2104,2952,3779,1513,1880,3354,2522,479,---8,5,6,4,5,2,5,8,5,7,5,9,8,7,5,6,8,
2976,2784,1922,3267,2276,3814,2762,1389,2833,307,1108,2142,1814,3769,281,3259,3164,3434,3838,---7,7,7,10,2,4,6,4,4,10,8,8,4,2,7,4,7,3,7,
3200,3904,4515,2726,1126,295,360,297,4298,4523,2412,717,1234,3926,4793,2744,3929,2651,933,4581,---8,6,8,3,10,3,8,3,4,9,10,4,8,2,8,5,10,2,5,9,
3328,832,4290,4771,4164,4037,4743,4065,3232,2647,428,4274,3791,3666,2398,1333,4727,2167,4423,1214,---3,7,3,6,4,6,10,9,9,2,8,8,7,5,8,3,5,2,3,4,
