3328,4743,264,2704,529,29,3232,4771,425,428,4526,3381,1724,1214,1333,832,4290,4164,3786,4727,4428,3791,3666,2647,856,860,2398,4065,610,3942,358,4696,1906,2167,1918,---4,10,5,3,7,5,10,3,3,9,10,9,6,7,7,7,5,8,8,2,5,2,8,2,10,10,9,3,2,7,5,6,9,5,9,
2952,1294,1169,2841,3354,2096,3620,1330,4783,48,4018,4532,2362,4539,1982,2370,1477,1611,79,3409,1362,1491,1109,1880,1117,479,3303,3048,362,4082,4051,3192,---3,10,5,6,5,10,2,7,3,5,8,4,2,8,2,10,9,7,8,4,6,5,5,10,3,5,9,6,5,4,8,9,
2819,3076,6,1927,522,4367,920,3348,3736,2719,290,938,499,694,2999,4805,714,4407,1228,987,2141,867,4964,3302,1895,2410,366,3827,3193,1915,2814,---2,10,7,3,4,10,6,5,3,3,7,3,5,3,6,8,5,8,7,9,9,10,2,8,4,2,4,9,9,5,9,
256,2562,3691,4359,3052,141,2989,1810,403,4628,158,802,423,4135,2093,954,3136,4677,3142,1235,3551,1891,2789,619,1772,2834,4337,4851,1144,2298,3581,---10,2,7,7,7,2,2,6,8,3,7,9,7,5,2,2,5,5,2,8,9,10,5,5,6,5,7,8,10,5,6,
641,1922,1921,706,2833,1814,3872,4898,307,3769,3259,2976,2498,3267,2762,82,1108,4693,346,3164,2142,1631,2784,2145,2276,3814,3434,1389,3058,4084,---5,5,5,4,5,8,10,2,7,5,7,8,7,2,10,7,8,2,6,10,5,6,5,6,10,6,10,6,5,10,
896,770,3857,1682,1300,789,1135,3103,2080,1827,3498,3371,3246,688,3633,3252,1721,315,80,4946,2389,4453,1255,4839,238,1007,627,373,2552,---10,5,2,9,4,9,2,7,5,2,6,9,3,5,9,4,7,9,7,8,7,7,9,8,4,7,6,3,8,
3200,2693,4616,1431,1820,4515,933,2726,295,297,4523,4140,1455,2232,4793,4298,2744,1234,3926,3929,2651,4581,4708,1126,2150,360,4969,2412,---4,8,7,3,10,3,10,9,2,4,2,9,9,2,2,3,10,4,3,7,5,10,3,9,10,8,3,3,
1549,3476,663,30,928,2977,1186,547,1062,3751,3372,813,3638,4153,4157,3646,1734,4555,2937,4569,2277,1508,4837,1636,3442,3574,4601,250,---6,2,2,6,3,5,10,9,6,2,2,7,7,9,10,10,7,4,5,7,3,4,2,4,5,6,2,9,
3075,3851,3345,387,4117,1559,538,2332,1311,3106,683,943,435,3520,4803,4691,855,1763,3562,363,2515,1140,1146,4348,1405,2686,---10,2,2,4,2,4,7,2,6,3,5,3,10,7,8,4,8,3,3,5,5,3,4,5,7,7,
4745,4497,4884,790,3482,3878,2095,137,2618,571,2877,4546,3651,581,1478,711,1992,587,2256,3419,3429,871,2157,4732,1919,---7,3,7,4,8,9,6,10,4,6,9,2,10,8,9,9,3,4,10,10,2,8,2,5,6,
2691,3717,1417,2314,2194,1811,3863,2758,4646,296,681,3626,2347,3383,702,3650,326,3661,975,3796,3919,4973,1911,3833,3324,---3,5,9,7,5,9,9,8,9,5,7,3,3,7,8,7,10,5,5,9,2,9,8,2,8,
1156,1413,2184,3341,1557,284,1693,677,167,1576,1834,304,3122,52,1081,4039,332,1358,1490,213,3800,1256,3239,2425,---9,9,7,6,4,10,9,4,2,2,8,7,7,5,7,4,2,8,4,7,2,2,2,6,
2690,7,1545,2954,4877,527,787,1429,4133,1958,4394,4278,1652,959,2496,1985,1479,4297,1354,3149,781,3828,3703,---5,5,5,4,8,6,8,9,6,2,6,8,10,9,10,6,10,9,10,8,10,5,5,
4864,3971,4484,4749,146,1947,1264,1445,1706,2491,1988,3873,1359,2780,3172,742,1766,3431,4847,4080,1777,2943,---3,8,9,8,9,2,7,9,5,9,10,4,7,2,7,4,4,7,7,9,6,3,
4096,4359,2569,3212,2669,2460,1317,423,2610,4667,3394,3402,3153,2597,3554,4579,3301,2152,1898,3181,1512,2806,631,---6,7,8,3,8,3,3,7,6,5,8,6,3,9,7,9,10,8,5,5,10,8,3,
416,1089,4678,1447,4403,3722,2859,812,274,2926,3121,1746,1587,4340,1207,120,2523,1321,618,671,---7,2,6,3,6,5,8,8,8,10,8,4,4,9,2,3,7,4,9,9,
2656,872,1644,3147,4684,4269,367,305,2514,659,2101,3318,2039,1338,4091,924,3642,3966,3285,---7,7,4,4,10,2,6,9,2,9,6,9,9,4,8,6,2,6,5,
1856,3760,3307,3481,1591,3117,3822,2511,2800,4529,4480,4853,1526,3639,889,2005,1116,4349,2847,---6,5,6,5,2,5,10,8,10,8,3,7,5,6,5,3,10,6,4,
897,577,2782,1092,2661,1094,4903,4168,2729,4171,973,2384,3250,3221,4185,3198,1950,2046,4165,---6,7,5,8,3,3,2,5,10,2,5,8,4,6,6,3,6,4,9,
161,4418,4907,1668,3174,3494,3079,4968,4332,2251,396,2658,1638,3763,2174,3447,255,4830,2143,---5,5,2,5,8,2,7,6,4,7,6,6,5,6,5,8,8,8,10,
1509,2421,4040,4234,2891,2706,47,4785,882,1875,2590,2295,1368,2457,1306,28,3389,3102,703,---5,4,9,7,2,4,9,4,8,5,2,5,4,6,6,2,7,9,2,
4576,4114,2537,1380,3270,4871,1129,3050,4075,3767,3214,3115,4562,1006,4823,3032,2874,2395,3036,---10,8,9,10,4,7,6,6,7,4,3,7,4,6,9,7,4,9,9,
3458,3204,3855,3730,2719,987,2214,810,1329,3508,2113,200,4176,1895,4367,2141,867,3302,4711,1897,2923,2030,241,499,3582,639,---9,2,4,4,3,9,9,2,6,7,6,7,2,4,10,9,10,8,4,5,2,3,2,5,6,4,
4417,443,2692,3877,934,2599,392,105,362,4747,2987,4455,3391,3779,3540,2104,3354,4187,2522,4766,479,---5,6,10,3,4,4,7,10,5,2,6,2,4,5,8,8,5,8,2,5,5,
3488,4033,2781,4483,4465,2663,2028,4621,893,3408,2321,115,3222,3033,4858,3932,4794,1215,---7,9,4,9,3,6,8,6,6,9,9,9,8,9,8,10,3,7,
2787,2148,2662,3770,2317,4875,3572,2702,4143,4660,2068,2596,2582,633,569,3194,1339,4986,---9,7,8,9,10,9,9,2,4,2,10,9,9,4,4,10,6,10,
3968,283,3983,1797,232,3849,2827,3470,605,2640,3228,534,1609,932,251,604,1277,3807,---10,10,6,6,9,4,4,10,5,9,7,7,8,6,7,2,10,3,
4128,2946,1349,4421,4520,2570,2667,2924,4845,2606,1521,3602,4244,85,4063,2971,607,---8,2,5,8,8,10,5,6,6,2,4,10,8,6,6,8,6,
32,1697,4027,3044,4193,586,3406,976,273,400,2899,3669,3415,2340,3451,1341,3967,---8,8,7,8,5,6,3,4,6,8,5,3,10,8,3,8,10,
3009,2882,2563,3364,3462,2246,4904,3818,4888,751,1937,2579,2996,1112,700,2557,1663,---10,2,2,2,10,2,10,2,10,9,6,6,3,7,10,3,2,
3712,1441,1285,2566,2375,4296,4391,1451,493,2031,1232,1202,1977,4378,4507,2556,1189,---6,9,3,2,8,6,6,9,3,10,5,4,8,8,7,10,6,
2881,3323,3589,3366,3443,4186,2890,503,370,1267,1972,277,471,3161,3962,4891,4042,---10,7,2,2,5,2,3,2,8,7,9,2,4,8,4,2,2,
4832,2849,4068,4645,2312,2217,970,523,3929,2863,2296,4883,1022,4793,1944,25,719,2334,---8,10,8,6,3,9,9,5,7,9,9,2,10,2,9,9,3,8,
993,171,261,4327,2507,1037,3567,848,2001,2002,2420,1976,1780,1626,3487,1023,---6,9,4,2,6,2,3,8,4,7,2,10,8,4,9,9,
3298,4203,3950,4550,1745,4328,3915,236,526,1832,3027,3975,1454,4558,4957,4446,---3,9,8,4,9,8,2,4,2,10,10,5,10,7,4,10,
2369,4962,3884,2024,1708,4044,4301,3726,3245,3829,2486,247,216,2204,2846,4341,---10,7,7,8,8,8,10,10,8,3,5,9,10,7,6,4,
2721,3056,3719,936,1514,1900,3890,2894,4239,464,690,4560,1593,186,2109,4959,---4,10,6,4,5,9,8,10,5,7,5,7,2,2,3,9,
673,2082,1443,2056,4272,450,4464,520,4867,820,725,3095,1336,2526,3157,---3,6,4,8,10,8,2,3,3,2,10,9,7,6,2,
1504,4929,3652,292,1239,2764,15,3347,190,4473,1975,3993,4890,3809,510,---4,6,5,6,4,10,5,6,8,4,8,3,3,6,8,
545,3413,1411,4548,3622,711,4683,4556,2157,2254,4623,3571,3598,2755,3128,4181,1919,---8,4,10,9,3,9,7,3,2,2,10,4,5,4,4,3,6,
3201,3778,644,4038,135,1002,2379,1517,1053,4402,1619,629,3069,1845,---4,2,9,6,7,7,8,4,10,2,3,6,7,7,
4032,2980,997,1130,653,957,208,3320,317,1205,157,952,3034,3274,---9,3,9,6,6,7,4,10,6,10,2,5,8,7,
1281,1221,1385,2443,3628,3374,1041,4243,2484,4277,2615,2008,2461,3749,---4,9,3,8,6,5,6,3,8,8,7,5,8,7,
3618,3715,3812,2471,1896,4541,45,3165,371,3541,2009,2331,188,1725,---6,5,10,3,7,6,2,4,6,9,10,5,2,7,
4964,3236,2436,179,2957,366,1560,4530,3219,1364,3734,4407,3608,3316,1883,2620,150,---2,10,9,7,4,4,2,3,5,9,6,8,6,10,8,4,2,
4610,963,2603,4172,1357,4271,1873,1597,4500,1497,4633,1085,3390,3615,---5,8,9,5,6,3,6,6,7,8,2,7,8,9,
2656,1691,4199,3241,42,3467,2382,1807,367,1524,4533,374,2391,3642,507,4062,---7,6,10,4,9,9,4,6,6,10,4,9,3,2,6,3,
1440,3588,2213,1798,3532,3981,174,2545,2708,2997,3158,382,853,---10,3,6,5,8,6,9,10,7,3,3,7,10,
2240,4742,4201,1099,1484,941,1650,3636,2326,3583,1055,3358,3679,---3,8,8,4,4,9,2,3,8,10,3,7,9,
3936,34,1750,4200,3404,2701,1160,2195,4468,4502,506,666,2207,---7,10,5,10,4,3,8,6,4,6,7,10,2,
1153,4578,1860,773,3848,361,3340,1826,4846,20,181,4246,699,---5,2,2,4,3,6,7,9,3,3,3,9,6,
4642,4101,4966,2407,2536,2283,4370,1555,1236,4570,4443,4892,1086,---8,5,9,2,3,4,10,9,3,6,9,5,7,
1345,3107,1862,1785,3916,1040,1492,661,2262,4151,1684,4668,2238,---7,2,7,6,5,9,4,3,9,6,6,4,4,
1120,3808,1541,2950,394,4204,301,4625,2259,2292,2812,2058,2533,---3,7,9,7,2,3,3,3,2,10,10,10,7,
1184,1387,260,4869,38,1673,4203,2608,693,984,3333,858,4924,4957,3781,---4,10,2,9,10,9,9,3,10,5,6,3,9,4,5,
3970,3556,2501,3693,445,980,4789,3766,461,3579,2428,2973,1183,---4,4,5,4,9,3,9,7,10,7,9,6,9,
2371,4552,745,202,1067,3692,535,1136,4339,500,4599,3386,---6,3,8,8,4,8,4,5,10,2,6,4,
4704,3010,1795,3210,268,4397,977,3125,922,2399,764,4405,---8,5,10,8,9,4,4,2,9,6,10,6,
2848,2209,195,1960,1452,3864,3727,4952,1044,56,2713,4220,---10,4,8,4,3,10,9,5,3,4,7,3,
2558,5,4326,81,2415,849,1342,2839,3765,859,254,4255,---4,4,7,3,4,3,6,9,5,3,5,7,
440,1096,1770,779,2732,1176,1106,2774,536,1241,252,728,---6,6,5,10,2,9,5,7,3,2,10,10,
40,2953,2730,715,4829,1748,345,4985,2778,2495,4762,4863,---4,8,2,3,9,7,2,7,9,10,5,4,
1890,3654,1158,1543,4331,4078,4573,4980,4503,280,1913,4477,---8,6,2,8,5,8,5,7,6,2,7,3,
1417,4961,2086,4646,1481,2314,3948,4973,4718,3919,720,2194,1907,246,1353,4216,2492,2758,---9,4,10,9,9,7,9,9,2,2,7,5,3,9,3,4,7,8,
2304,0,4034,4451,2183,2825,3658,2641,3446,1513,4826,---3,6,5,9,10,4,4,4,7,10,8,
833,2626,840,2575,4687,4049,1747,4790,4504,2479,2239,---10,2,3,5,4,3,9,9,7,5,4,
4179,4197,4392,4627,2638,1808,3379,3342,1366,3902,2037,---9,8,6,10,8,7,5,9,6,8,8,
2435,582,3505,1836,1392,433,886,439,4856,3513,927,---4,6,8,7,5,9,7,8,8,9,4,
1025,1093,807,380,4071,269,4430,3889,4276,1307,3612,---3,5,5,7,5,6,2,5,9,10,6,
896,2080,770,3299,1796,617,2602,4427,77,3953,4946,1334,1721,4155,4828,4170,---10,5,5,7,6,2,2,7,2,4,8,10,7,7,3,5,
3681,2635,537,2187,2446,2162,469,3844,919,3960,2233,---3,6,10,6,9,6,10,5,2,9,5,
3969,4644,805,3403,654,4335,1327,2132,2521,2107,4767,---5,10,6,10,6,4,3,10,8,4,3,
1824,3972,1190,774,2122,3471,948,1754,123,1150,4543,---4,9,4,10,3,10,10,10,8,2,9,
2408,2761,1546,1523,979,4020,2678,3223,760,4874,1374,---7,5,9,10,7,7,5,10,6,6,10,
2464,2659,3524,4485,4909,1149,1332,1462,2299,2749,4670,---6,7,8,2,3,5,7,2,4,5,5,
4737,4389,4006,3912,41,3920,2865,4008,1588,1142,759,---8,6,10,9,5,5,2,2,10,5,7,
1248,2497,3842,419,2502,4615,2922,1420,723,3387,4799,---2,7,10,7,6,8,6,8,8,6,4,
98,4808,44,3757,2451,1428,24,1876,1471,2527,---2,10,8,5,5,5,2,5,3,7,
1282,3203,3078,2439,680,3336,4707,4820,2293,3547,---8,5,3,2,6,4,2,6,4,5,
4388,4422,4362,3020,2319,342,4228,4379,1084,862,---8,8,6,3,7,6,5,10,9,5,
1762,3941,3145,1806,2607,3262,2169,2895,2653,638,---4,5,6,2,2,10,9,6,5,4,
1159,3438,4914,1269,1502,4697,1562,1435,4382,4366,---3,5,6,2,9,3,4,3,9,9,
1634,100,4582,3272,1259,1840,2129,3835,3100,1695,---4,3,6,6,3,2,8,7,2,8,
1172,2819,3076,6,1927,1293,920,3348,3736,4805,290,2852,3238,2220,2245,714,1228,1111,2410,4849,3193,4602,1915,2814,---8,2,10,7,3,7,6,5,3,8,7,7,10,5,8,5,7,2,2,2,9,5,5,9,
1536,64,387,421,2823,4330,4494,2383,1140,4654,4603,2686,1311,---4,10,4,4,6,7,3,10,3,8,8,7,6,
641,1922,2829,1389,2320,3987,404,3872,4898,307,2998,4927,2498,2762,4693,706,1679,3164,994,2276,3814,2029,3058,---5,5,8,6,8,7,8,10,2,7,9,2,7,10,2,4,7,10,10,10,6,3,5,
483,420,1031,1099,1970,4275,180,3605,1460,94,---3,7,2,4,7,7,3,7,10,8,
1792,3041,2120,1801,2283,3756,2381,648,2738,1236,2905,1086,---9,5,8,2,4,6,4,9,6,3,4,7,
386,2084,1351,4683,3074,4623,3088,1554,565,1083,3230,---2,3,5,7,10,10,5,7,7,10,3,
2306,1932,2542,1583,2768,1009,1016,698,573,---4,4,2,5,2,5,7,5,7,
2592,993,2308,1893,4807,649,2507,4819,4631,676,1626,892,1023,---10,6,10,4,10,2,6,2,5,2,4,9,9,
2896,2979,4997,4327,4649,3051,2158,848,1778,4979,1525,---2,9,9,2,3,9,6,8,10,5,9,
3846,2919,3025,2100,660,2843,1788,4894,895,---7,5,3,7,8,3,2,4,7,
992,35,3910,1926,3207,562,1042,595,2038,---8,6,8,6,3,5,5,7,8,
707,485,395,3472,1361,1027,2102,3326,389,---3,5,6,7,9,2,6,2,7,
2023,3496,1367,1390,335,2994,2710,2903,1818,---6,8,4,6,6,6,2,8,5,
4124,2480,83,4311,4568,4987,1340,1309,1791,---8,3,7,4,2,9,7,4,9,
4450,3395,935,1649,1077,3159,2777,730,3356,---7,3,3,2,4,6,6,2,6,
672,3233,2587,4708,2150,4793,3016,1820,523,3929,4616,4690,1431,2296,4068,4475,3676,3805,---9,3,10,3,10,2,10,10,5,7,7,2,3,9,8,7,7,4,
1409,1827,4100,4453,1255,4488,3371,1426,3246,1007,80,3857,1682,1300,2389,4534,2552,2286,1135,4317,4261,---3,2,3,7,9,9,9,5,3,7,7,2,9,4,7,2,8,5,2,5,2,
176,2923,1894,810,4811,1548,16,3582,2456,3961,894,639,---4,2,9,2,4,7,6,6,2,9,4,4,
1760,1825,2690,1958,1479,2248,3151,2578,1429,279,2424,3645,---2,6,5,2,10,2,8,9,9,9,2,8,
3297,3587,1253,4936,1617,1622,599,2363,1149,4670,---9,7,7,9,2,2,4,5,5,5,
3616,4546,1412,1992,4841,2636,4343,4265,2842,2618,4190,---5,2,8,3,9,9,7,2,8,4,7,
1217,227,4903,3004,266,973,3407,2384,2324,4919,1052,---4,8,2,8,3,5,5,8,2,7,2,
740,4460,2061,1423,4720,243,3161,376,3140,4186,---5,3,10,4,2,6,8,2,6,2,
289,2884,4633,4617,784,4852,1497,3384,468,4090,3390,3615,---8,6,2,10,9,5,8,9,8,2,8,9,
961,4804,1153,4491,3340,2995,1204,1078,1210,3997,---7,4,5,6,7,10,6,8,4,6,
1953,3684,233,4298,747,884,2838,2372,3738,---4,5,6,3,9,7,9,4,9,
1750,3559,488,2218,4566,3315,4468,1237,4502,3355,3996,---5,8,9,6,10,10,4,8,6,9,10,
1173,2273,3821,4881,1365,4022,1851,4661,---7,8,2,4,3,3,4,7,
930,4132,1203,2185,655,3251,3894,2329,---3,7,8,6,2,5,2,2,
3650,2347,326,60,170,3863,4108,3661,681,1811,3796,1911,1080,953,218,3324,2845,---7,3,10,8,5,9,2,5,7,9,9,8,7,6,9,8,9,
2946,4520,2052,2925,1928,2667,1741,4061,3880,4244,2971,1021,607,---2,8,7,5,10,5,7,3,4,8,8,10,6,
4032,197,3368,3858,782,1711,1245,1205,3320,3226,157,---9,9,9,4,10,2,7,10,10,9,2,
4193,4995,2340,1003,3406,2223,400,50,2899,3286,4729,1680,4027,---5,10,8,6,3,10,8,4,5,5,3,6,7,
4454,3398,4521,4240,3283,3990,1257,---5,2,3,6,2,4,7,
3904,4259,2597,1317,4390,2569,3402,2669,717,1779,3926,933,2651,4415,---8,3,9,3,4,8,6,8,7,6,3,10,5,7,
4546,1220,581,3878,1992,4745,4682,2892,525,2260,790,772,2618,---2,5,8,9,3,7,3,3,8,5,4,2,4,
4385,2562,4579,4196,4359,2313,423,1942,3096,3577,---4,2,9,10,7,10,7,7,4,10,
1216,1092,4165,1094,4168,3850,1547,3250,4185,1594,925,2782,1343,---4,8,9,3,5,7,3,4,6,2,3,5,10,
1832,2060,2482,4558,1745,946,3027,4538,1370,1274,---10,5,2,7,9,3,10,4,10,3,
3968,2640,932,1797,1609,1162,3470,3983,2160,534,1065,88,804,283,604,605,1983,---10,9,6,6,8,2,10,6,5,7,2,6,6,10,2,5,8,
32,2401,3451,3044,273,586,3415,3084,976,4433,3669,1465,1697,2715,1341,542,3967,---8,5,3,8,6,6,10,6,4,9,3,9,8,7,8,8,10,
1826,2467,773,3848,110,4846,4688,181,1401,1114,3678,---9,8,4,3,5,3,6,3,2,2,3,
4576,3270,1006,4911,600,2974,4823,696,3869,4158,---10,4,6,3,7,8,9,2,2,3,
386,2947,2084,2063,2581,1530,59,3230,511,---2,9,3,7,4,3,3,3,6,
2665,4778,1975,175,3347,190,1097,1239,1079,1534,---6,9,8,7,6,8,9,4,8,4,
2274,2919,4215,3183,4400,4791,4984,4894,895,---3,5,2,7,8,4,3,4,7,
256,2789,3142,4935,3308,3691,1772,2834,4975,2989,4337,1810,3123,3581,2298,403,3421,---10,5,2,2,2,7,6,5,5,2,7,6,2,6,5,8,7,
2977,1186,1508,3510,3714,4787,926,3638,250,2108,30,---5,10,4,7,9,4,3,7,9,9,6,
2688,2948,677,1256,1834,1358,304,2184,1912,2425,284,1438,4095,---3,3,4,2,8,8,7,7,7,6,10,10,2,
3172,962,3971,996,742,3533,1264,3061,1988,1787,---7,6,8,4,4,2,7,2,10,9,
4161,1380,4871,4072,3721,4075,4114,4562,1129,3991,3032,2395,3036,4159,---10,10,7,4,8,7,8,4,6,3,7,9,9,10,
4962,1987,1708,3594,3179,3884,4301,3726,3245,4976,1939,4341,2204,---7,10,8,10,7,7,10,10,8,8,2,4,7,
3618,3812,1733,838,1896,45,3165,4605,371,1430,3129,2009,188,1725,---6,10,3,5,7,2,4,10,6,10,7,10,2,7,
1120,2533,454,1541,3886,2259,2292,494,4188,501,---3,7,7,9,5,2,10,3,4,5,
1632,1096,1770,779,76,1176,2392,1241,3290,252,3231,---3,6,5,10,3,9,9,2,7,10,10,
3941,3145,1806,2895,2769,1844,1499,2013,3294,---5,6,2,6,9,4,2,8,7,
4288,4016,2074,259,3503,---4,5,3,3,5,
3040,4994,3755,2092,2909,4927,---5,3,3,2,4,2,
3367,3207,595,2038,1815,4792,4476,4925,---3,3,7,8,2,8,8,2,
3520,3075,3625,2515,435,1763,1559,538,2235,4348,3401,3359,---7,10,2,5,10,3,4,7,4,5,4,6,
2371,4710,4552,3209,202,267,3692,2028,3253,535,3932,1215,---6,8,3,2,8,6,8,8,9,4,10,7,
1760,656,230,2145,9,2279,3151,2768,3645,---2,8,2,6,5,9,8,2,8,
2019,1637,4040,4234,1261,2706,1875,3102,1368,2457,28,2590,1726,---3,4,9,7,2,4,5,9,4,6,2,2,3,
4769,4451,3364,3446,3658,3118,4144,214,4888,4826,1663,---3,9,2,7,4,10,4,5,10,8,2,
417,2213,7,2376,4297,2954,3981,174,781,2545,2098,2067,2708,853,3158,787,1652,4133,---5,6,5,9,9,4,6,9,10,10,7,3,7,10,3,8,10,6,
2848,224,3619,3601,3132,3727,56,4952,2713,4220,---10,9,6,3,7,9,4,5,7,3,
3488,3201,3875,2753,4033,265,2379,300,4621,2781,4402,2663,3069,---7,4,7,10,9,10,8,8,6,4,2,6,7,
3105,1578,2980,997,1130,460,317,208,3288,3274,---9,7,3,9,6,7,6,4,9,7,
4619,4417,4187,2692,934,129,4747,782,3540,2078,3607,443,1245,4766,---9,5,8,10,4,4,2,10,8,10,5,6,7,5,
2435,484,2760,1836,3596,1392,886,439,4856,3513,990,---4,8,10,7,9,5,7,8,8,9,5,
3681,1539,3844,1702,3943,2162,919,3960,4316,---3,2,5,7,8,6,2,9,9,
965,4327,2601,2858,1035,848,2002,1780,3487,---7,2,5,9,2,8,7,8,9,
1750,2124,3404,2701,2481,4468,4502,666,1115,2175,---5,10,4,3,7,4,6,10,10,7,
2912,3846,3025,4589,1713,755,2843,---5,7,3,3,4,5,3,
3874,3099,3570,1567,---4,4,2,2,
3080,1138,4835,2510,---4,4,4,4,
1736,1945,2402,2117,---2,3,2,2,
352,1072,3523,4999,---2,2,3,2,
504,2081,2301,4518,---3,2,4,4,
264,2704,1169,4526,2841,29,3620,425,2350,48,3381,827,1724,1477,1611,4428,3409,4696,860,1117,225,358,3942,529,856,1906,3192,1918,---5,3,5,10,6,5,2,3,2,5,9,9,6,9,7,5,4,6,10,3,9,5,7,7,10,9,9,9,
3328,4743,2704,529,29,3232,4771,428,4274,1333,1214,832,4290,4164,4037,4423,2167,4428,3791,3666,2647,860,2398,4065,4727,---4,10,3,7,5,10,3,9,2,7,7,7,5,8,10,8,5,5,2,8,2,10,9,3,2,
3235,4964,2725,1364,522,366,3608,4530,3827,2228,2436,4407,3219,3236,2620,938,---2,2,9,9,4,4,6,3,9,6,9,8,5,10,4,3,
673,2082,1443,3626,1911,3661,1134,4464,4401,2691,3796,3001,3833,702,---3,6,4,3,8,5,9,2,8,3,9,2,2,8,
993,525,2757,171,1037,3567,2001,2420,1976,1626,2396,2941,261,---6,8,8,9,2,3,4,2,10,4,5,7,4,
3201,3778,644,135,1002,4235,2727,1053,1845,1517,4231,3069,629,---4,2,9,7,7,3,5,10,7,4,2,7,6,
4128,4418,2700,4845,4689,4722,3447,4830,4063,---8,5,5,6,2,3,8,8,6,
4642,4101,4966,2407,2283,642,3891,3799,4570,4892,1086,---8,5,9,2,4,5,10,10,6,5,7,
4419,3972,1190,1990,2122,3471,949,123,1150,4543,---10,9,4,5,3,10,8,8,2,9,
324,653,1102,4399,2480,83,1309,952,3034,4124,957,---7,6,7,4,3,7,4,5,8,8,7,
1435,1159,3438,1269,4697,1562,923,3804,1493,---3,3,5,2,3,4,4,5,5,
4549,913,2408,4874,1523,1489,979,4020,760,1374,---9,4,7,6,10,2,7,7,6,10,
1995,4331,4078,4573,2289,1913,280,1177,4477,---9,5,8,5,3,7,2,4,3,
2626,840,3082,2479,2472,3257,4687,---2,3,5,5,4,7,4,
673,3653,4733,4464,541,2526,---3,6,6,2,5,6,
4442,3947,220,---2,2,3,
2555,1260,1558,---2,3,2,
4280,4315,2181,---3,3,3,
2530,531,1887,---2,3,2,
3097,1710,4479,---2,2,3,
1841,3514,2900,---3,2,2,
4864,4484,1445,1766,3431,47,1706,551,4847,1777,146,2421,1509,2491,2780,3389,1758,703,---3,9,9,4,7,9,5,6,7,6,9,4,5,9,2,7,10,2,
4704,1441,3010,4507,1285,4378,2375,1202,1451,3125,3712,4351,2556,3613,4405,---8,9,5,7,3,8,8,4,9,2,6,3,10,6,6,
416,1089,4678,1004,3722,2859,812,2926,274,110,120,2939,3678,671,---7,2,6,6,5,8,8,10,8,5,3,5,3,9,
3855,3873,3458,1329,2214,2113,200,1897,4749,1359,4176,241,3730,2453,1947,381,2943,---4,4,9,6,9,6,7,5,8,7,2,2,4,8,2,8,3,
2946,4421,4520,2570,2667,2925,1521,2594,4244,85,3263,4061,1349,---2,8,8,10,5,5,4,10,8,6,6,3,5,
3556,1398,1340,3766,1617,1938,980,4789,1622,2428,445,1791,---4,5,7,7,2,2,3,9,2,9,9,9,
4961,2086,1607,1481,720,1907,246,1353,2492,93,---4,10,10,9,7,3,9,3,7,6,
577,4903,1217,12,973,2384,4919,189,---7,2,4,3,5,8,7,7,
3968,251,3983,1609,232,3849,2827,845,3470,1277,2640,3228,534,1527,283,604,605,3807,---10,7,6,8,9,4,4,8,10,10,9,7,7,7,10,2,5,3,
514,2371,4710,3143,4552,3209,202,3692,4339,535,---7,6,8,6,3,2,8,8,10,4,
896,2080,770,899,4427,238,4431,3633,4946,789,1721,3103,---10,5,5,3,7,4,6,9,8,9,7,7,
4219,3589,3366,3443,4042,471,370,1267,3323,277,503,3161,3962,4347,4186,---10,2,2,5,2,4,8,7,7,2,2,8,4,8,2,
2082,1443,1157,2056,520,4867,820,725,3095,1336,2517,---6,4,3,8,3,3,2,10,9,7,4,
4502,4200,2698,3404,2255,1160,2195,4468,1750,666,---6,10,9,4,9,8,6,4,5,10,
3681,2187,3844,777,2635,2162,919,3960,537,1532,---3,6,5,10,6,6,2,9,10,2,
4688,1250,1153,3848,3340,3792,1204,181,1210,1114,---6,2,5,3,7,7,6,3,4,2,
1792,4609,3041,380,807,3756,2381,2738,4947,4071,3612,---9,7,5,7,5,6,4,6,3,5,6,
2019,3087,1875,1726,2457,1368,2105,2590,28,3102,---3,10,5,3,6,4,9,2,2,9,
258,1267,3589,3366,1639,4042,503,370,3443,277,471,3161,3962,3323,4186,---5,7,2,2,2,2,2,8,5,2,4,8,4,7,2,
1507,3589,3366,3443,4042,503,4528,370,1267,277,471,3161,4186,3323,3962,---5,2,2,5,2,2,10,8,7,2,4,8,2,7,4,
3589,3366,1267,4042,471,4563,370,3443,277,503,1720,3161,3962,3323,4186,---2,2,7,2,4,7,8,5,2,2,5,8,4,7,2,
3513,2435,2760,1836,1392,850,886,439,4856,2041,---9,4,10,7,5,7,7,8,8,2,
2019,4005,3275,1875,1726,1368,2590,---3,6,3,5,3,4,2,
4737,4389,4006,4679,3912,2865,1588,1142,759,1878,---8,6,10,7,9,2,10,5,7,5,
2497,3842,419,2502,4615,1544,2922,723,2442,4799,---7,10,7,6,8,8,6,8,6,4,
3941,3627,1806,2607,638,2169,2895,3452,2653,3262,---5,10,2,2,4,9,6,8,5,10,
2721,1700,3719,936,1514,464,1201,186,---4,3,6,4,5,7,4,2,
1345,3916,4750,1040,1684,2262,1785,4668,351,---7,5,4,9,6,9,6,4,9,
4825,1676,2329,3894,655,---5,3,2,2,2,
796,1206,---2,2,
2249,1529,---2,2,
3739,3156,---2,2,
303,4447,---2,2,
1762,1871,217,2607,2653,638,---4,4,6,2,5,4,
452,597,---2,2,
3808,2950,394,4204,301,1167,4656,4625,---7,7,2,3,3,5,6,3,
4281,4053,---2,2,
2821,4110,---2,2,
801,2530,2043,---3,2,2,
3306,4030,---2,2,
803,2403,---2,2,
2564,3327,---2,2,
4208,1981,---2,2,
602,1446,---2,2,
1657,766,---2,2,
4355,2699,---2,2,
3528,722,---2,2,
3066,4900,---2,2,
3589,855,3345,3476,4117,663,3106,3366,683,943,3248,4803,4042,4691,4601,471,3962,3562,363,3443,3574,2937,1146,1405,---2,8,2,2,2,2,3,2,5,3,10,8,2,4,2,4,4,3,5,5,6,5,4,7,
4515,4708,2726,2150,3079,4616,4969,4140,1455,360,3763,1431,2232,4537,2587,1820,2174,2693,---3,3,9,10,7,7,3,9,9,8,6,3,2,9,10,10,5,8,
928,2977,1067,2277,1734,3751,745,4650,4555,3372,813,1136,250,500,4599,4569,3386,4157,3646,---3,5,4,3,7,2,8,5,4,2,7,5,9,2,6,7,4,10,10,
3969,1827,4453,3206,1255,4488,3371,654,1007,80,1682,1300,2389,2552,1135,315,373,---5,2,7,7,9,9,9,6,7,7,9,4,7,8,2,9,3,
672,2849,2863,2334,4883,437,1944,25,4475,3676,3805,1022,---9,10,9,8,2,4,9,9,7,7,4,10,
4801,3598,1411,3622,871,587,4556,2157,711,2095,2256,4497,3571,4884,4181,3419,571,4732,2877,1919,---5,5,10,3,8,4,3,2,9,6,10,3,4,7,3,10,6,5,9,6,
4539,3877,2982,2952,105,362,1362,1294,79,2096,1880,1330,3779,3048,2104,3354,4783,4018,479,---8,3,10,3,10,5,6,10,8,10,10,7,5,6,8,5,3,8,5,
3232,4065,4290,4423,428,3210,4743,268,594,977,4274,3666,1333,2647,2167,4727,1214,2399,---10,3,5,8,9,8,10,9,4,4,2,8,7,2,5,2,7,6,
2656,4199,872,4585,3147,1644,367,305,659,3285,374,2039,3241,3642,507,924,4062,---7,10,7,6,4,4,6,9,9,5,9,9,4,2,6,6,3,
2688,677,1256,3147,1644,4269,2184,210,659,3285,3318,1912,1338,4091,924,3966,1438,---3,4,2,4,4,2,7,3,9,5,9,7,4,8,6,6,10,
868,581,4327,4682,171,2892,848,790,772,---8,8,2,3,9,3,8,4,2,
3203,2662,4808,3572,2702,4660,1428,1015,633,4986,3547,3770,2527,---5,8,10,9,2,2,5,6,4,10,5,9,7,
256,3308,141,2989,2834,403,4628,2093,3123,3126,954,3142,4935,1235,3551,2789,3691,1772,1810,4975,4337,2298,3581,---10,2,2,2,5,8,3,2,2,8,2,2,2,8,9,5,7,6,6,5,7,5,6,
897,1217,4171,1092,4165,577,4168,2729,4715,2661,2384,3250,2046,2782,3221,---6,4,2,8,9,7,5,10,3,3,8,4,4,5,6,
1184,4203,3333,38,1673,1387,236,2608,1394,693,984,4957,---4,9,6,10,9,10,4,3,10,10,5,4,
2782,577,4165,897,2729,3198,2484,3221,1385,3994,2461,1950,---5,7,9,6,10,3,8,6,3,6,8,6,
1089,3722,1989,4678,1447,1321,618,2859,812,1746,2926,1587,274,4403,4340,1207,2523,3121,671,---2,5,10,6,3,4,9,8,8,4,10,4,8,6,9,2,7,8,9,
1026,4443,2952,1330,2350,2096,4370,1555,1880,827,---10,9,3,7,2,10,10,9,10,9,
4576,2537,1380,4871,4072,1129,1450,4075,4114,3214,3115,4562,3767,3032,2874,2395,3036,3050,---10,9,10,7,4,6,6,7,8,3,7,4,4,7,4,9,9,6,
704,98,4808,44,3757,2451,1428,24,1876,1471,---7,2,10,8,5,5,5,2,5,3,
4480,3760,3401,3307,3117,2511,1744,4529,2800,2005,1526,3481,4349,---3,5,4,6,5,8,7,8,10,3,5,5,6,
3712,1189,2375,4296,4391,493,2031,1232,2836,1977,4507,---6,6,8,6,6,3,10,5,3,8,7,
4937,2827,3807,3849,---4,4,3,4,
4417,4455,4747,3877,934,2599,392,105,2123,4187,3779,3540,2104,2522,443,4766,3391,---5,2,2,3,4,4,7,10,7,8,5,8,8,2,6,5,4,
1691,4199,3241,42,3595,2382,4533,374,2391,507,4062,---6,10,4,9,3,4,4,9,3,6,3,
34,40,2953,2730,1748,4342,345,4762,4863,506,2495,---10,4,8,2,7,9,2,5,4,7,10,
2435,582,433,1836,3505,886,439,4671,927,---4,6,9,7,8,7,8,7,4,
3633,617,2602,4427,77,1425,789,4155,4828,4170,---9,2,2,7,2,8,9,7,3,5,
4197,3464,3379,3342,4392,4179,2638,1366,3902,---8,9,5,9,6,9,8,6,8,
833,2626,4049,840,332,2575,4305,1747,213,4790,4504,2239,1557,---10,2,3,3,2,5,10,9,7,9,7,4,4,
4961,1346,2086,1481,3948,1907,1353,4216,2492,93,---4,9,10,9,9,3,3,4,7,6,
4162,2971,4520,2925,4244,607,4061,2946,3263,---6,8,8,5,8,6,3,2,6,
3105,2980,422,957,1578,317,208,3288,3274,3034,1130,---9,3,10,7,7,6,4,9,7,8,6,
3681,2187,3844,777,2635,1391,2162,919,3960,537,---3,6,5,10,6,4,6,2,9,10,
3681,2635,537,2187,2446,469,919,3960,2233,3133,---3,6,10,6,9,10,2,9,5,6,
4576,3270,600,3050,3767,1006,696,3214,4823,4824,---10,4,7,6,4,6,2,3,9,4,
1282,3203,3078,2439,680,3336,4707,4820,2293,575,---8,5,3,2,6,4,2,6,4,7,
5,4326,2542,1583,1009,2415,2164,859,254,4255,---4,7,2,5,5,4,6,3,5,7,
1153,4578,1860,3340,2252,20,4246,1210,699,---5,2,2,7,4,3,9,4,6,
1216,1092,4165,1094,4168,1547,3250,3698,4185,1594,2782,---4,8,9,3,5,3,4,7,6,2,5,
547,1636,4837,1062,4714,4787,3574,2108,926,---9,4,2,6,9,4,6,9,3,
2435,484,1836,74,3596,1392,886,439,4856,3513,---4,8,7,9,9,5,7,8,8,9,
1120,2533,454,494,4047,2259,2292,501,4188,1541,---3,7,7,3,3,2,10,5,4,9,
1890,612,3654,1158,4331,4078,4573,4503,280,1913,4477,---8,3,6,2,5,8,5,6,2,7,3,
2761,1546,2263,979,4020,2678,3223,760,4874,1374,---5,9,9,7,7,5,10,6,6,10,
4541,3715,3812,1896,3165,3541,2009,2331,1725,2942,---6,5,10,7,4,9,10,5,7,3,
1745,4328,3915,2060,4558,1832,946,3027,3412,4538,1274,---9,8,2,5,7,10,3,10,6,4,3,
1680,1900,3662,4239,4560,50,3286,2223,2109,4959,---6,9,3,5,7,4,5,10,3,9,
2435,582,433,4268,1392,3505,886,439,927,---4,6,9,4,5,8,7,8,4,
3589,3366,3443,4042,503,370,1267,852,277,471,3161,4186,3323,3962,---2,2,5,2,2,8,7,9,2,4,8,2,7,4,
1762,3941,3145,2895,1806,989,3262,2607,2653,638,---4,5,6,6,2,9,10,2,5,4,
4560,4995,1003,1900,2894,4239,1680,690,1076,3286,2109,4959,---7,10,6,9,10,5,6,5,2,5,3,9,
866,100,4582,3272,1259,1840,2129,3835,3100,1695,---7,3,6,6,3,2,8,7,2,8,
4610,963,2603,4172,1085,4271,1873,498,4500,1597,---5,8,9,5,7,3,6,9,7,6,
4032,197,317,460,1711,3320,3858,1205,4376,3226,157,997,---9,9,6,7,2,10,4,10,3,9,2,9,
3652,1239,3347,1975,3993,292,4890,2493,190,---5,4,6,8,3,6,3,8,8,
56,3601,4220,407,---4,3,3,4,
386,3088,2581,3480,1530,59,3230,---2,5,4,7,3,3,3,
2304,1225,2825,2641,---3,3,4,4,
4544,633,4660,2702,---2,4,2,2,
4697,1435,2470,---3,3,3,
2555,4676,1558,---2,3,2,
1736,608,2402,2117,---2,4,2,2,
1736,1945,2402,2475,---2,3,2,3,
3097,983,4479,---2,3,3,
4280,2181,4782,---3,3,2,
2117,3775,---2,2,
