2704,1169,2841,29,2736,3620,860,557,4526,48,4532,3381,2362,1724,2370,1477,3786,1611,4428,3409,4696,3292,1117,225,610,358,529,856,1906,1013,425,3192,1918,---7,5,7,8,2,4,8,4,9,9,9,2,9,6,5,7,3,5,5,5,8,2,3,8,5,3,10,5,3,6,4,3,7,
1549,3476,4117,663,30,1952,2977,3106,547,1062,683,943,3248,3638,4153,4803,4042,846,4691,4601,855,250,3366,1636,4837,3562,363,3443,3574,2937,1146,---3,10,9,5,6,4,9,4,6,7,3,8,9,10,8,2,8,7,5,3,3,8,7,10,2,4,9,8,10,7,4,
256,3691,1772,141,2989,2834,403,4628,158,802,4135,2093,954,3136,4677,3142,1235,3551,482,1891,2789,619,3052,1810,4975,240,4337,4851,1144,2298,3581,---6,3,3,5,6,9,10,3,9,9,9,3,2,6,8,7,2,10,6,10,6,9,8,5,3,3,4,2,8,10,5,
2819,3076,1927,522,3348,3736,2719,290,3236,938,3827,694,2999,2620,4805,714,4407,1228,3790,3193,987,2141,4964,1895,2410,366,499,4217,1915,2814,---8,8,5,5,3,9,6,6,3,7,7,6,5,3,4,9,6,2,4,5,3,5,6,8,8,5,9,2,4,6,
2952,1294,3354,2736,3620,3877,2599,2987,557,4783,2096,392,4018,2104,4539,1982,4034,3779,79,1362,1491,1109,1880,2522,479,3303,3048,1513,362,4082,4051,105,---7,7,7,2,4,5,9,4,4,3,7,2,2,2,2,9,10,7,4,9,5,9,6,4,7,2,10,7,5,8,9,3,
641,1922,2829,1389,2833,1814,3872,4898,307,2998,3769,3259,2976,2498,3267,2762,1108,4693,706,3164,2142,2784,994,2276,3814,3434,2029,3058,3838,---7,8,10,8,2,8,10,6,6,8,9,10,5,6,2,9,5,7,2,9,7,2,3,7,3,4,2,3,10,
3200,2693,4616,523,1431,2587,1820,4515,933,2726,295,297,4523,4140,1455,2232,4793,2744,1234,4708,4068,4581,2150,360,4969,2412,3929,2296,---8,10,7,3,9,7,4,5,10,7,4,9,9,10,6,3,8,9,2,7,5,9,5,6,7,2,2,10,
2688,2960,659,924,1438,3241,4269,305,2101,3642,374,3147,4684,2514,3285,1338,4062,2656,507,872,1644,367,3318,2039,1912,4091,3966,---5,3,6,8,9,7,5,5,8,9,5,10,10,4,4,5,6,8,5,3,3,4,6,8,2,3,2,
3328,1795,4743,3210,268,3232,4771,428,4397,4274,1333,1214,832,4290,4164,4423,2167,3791,977,594,2647,2398,2399,4065,3666,4727,764,---8,8,4,6,6,2,3,10,6,7,8,9,3,2,8,7,7,4,8,9,2,4,10,5,9,5,4,
896,770,3857,1300,789,3103,2080,1827,3498,3246,688,3633,3252,1721,315,80,4946,4453,4839,1255,238,1135,627,373,2552,---9,3,8,4,5,9,3,3,10,7,6,9,4,9,5,6,7,6,8,7,2,2,4,2,10,
2690,7,2954,781,787,1429,4133,1318,174,1652,959,2496,1985,1479,4297,3149,3981,853,3158,2213,1958,2545,3828,3703,---4,9,5,3,6,3,7,10,3,5,5,8,3,3,4,8,5,9,4,2,10,10,9,4,
137,4497,4884,3482,3878,2095,4745,2618,571,2877,4546,3651,1478,711,1992,587,2256,3419,3429,871,2157,4732,1919,---8,8,5,5,6,3,4,9,2,9,3,7,7,9,9,4,10,4,10,6,9,2,4,
2691,3717,1417,2314,4626,3863,2844,4646,296,681,3626,2347,3383,702,2758,3661,975,3796,3919,2194,4973,1911,3833,---8,5,3,7,4,9,7,5,10,9,6,8,7,6,7,4,8,9,4,9,9,6,5,
4096,4359,2569,3212,3181,2460,1317,423,2610,4667,3394,3402,3153,2597,3554,4579,3301,2152,1898,2669,1512,2806,631,---6,8,2,9,5,5,7,2,7,10,2,6,6,7,3,3,2,8,7,4,4,7,7,
1156,1413,2184,3341,284,1693,677,167,1576,1834,304,3122,52,1081,4039,1358,1490,3800,1256,3239,3576,2425,---9,7,9,7,5,6,4,7,2,9,4,4,5,10,6,3,4,7,2,7,8,2,
4576,4075,1380,3270,4871,4072,2537,3050,3115,4114,3214,3377,4562,1006,1129,3032,4823,2874,2395,3036,---8,3,8,5,4,3,9,7,9,4,7,5,6,3,8,4,8,8,4,8,
416,1089,4678,1447,4403,1321,3722,2859,812,1746,2926,3121,274,1587,4340,1207,120,2523,618,671,---10,2,4,3,4,2,10,6,4,4,5,7,6,8,9,6,6,9,6,9,
4864,2891,4484,1509,551,4040,47,4234,3431,1445,4847,1706,4785,2706,2421,1306,1777,3389,703,---4,9,5,5,5,3,9,9,9,8,3,6,8,5,8,9,2,8,3,
3712,2245,6,2852,1189,678,4391,2220,1293,493,1232,4849,1172,1111,920,1977,4602,4507,3238,---8,3,4,3,4,3,5,3,9,6,5,6,5,6,3,8,8,10,4,
1950,577,1092,4165,1094,4903,4168,2729,3221,4171,3198,973,2384,3250,2046,4185,897,2782,2661,---8,7,9,9,2,5,5,7,4,3,6,9,8,5,5,8,8,10,3,
1067,2277,3751,745,4650,4555,3372,813,4465,1136,2028,500,4599,4569,3386,3932,4157,1215,---5,7,3,4,2,8,3,10,7,4,4,2,3,2,10,8,10,2,
4193,2340,4433,586,3406,2223,400,273,50,2899,3286,3415,3044,1680,4027,1697,1341,3967,---8,3,4,9,5,5,5,5,8,5,6,5,4,3,3,10,2,7,
4480,2800,1856,1601,3307,889,3117,2511,3760,4529,4853,2005,1526,1591,3481,1116,4349,2847,---9,8,6,3,6,9,8,2,2,9,4,9,2,8,7,3,2,5,
3968,3107,804,1797,1862,1609,1162,3470,3983,2160,1492,661,534,4151,88,932,2238,1983,---5,8,10,9,3,8,2,2,4,3,5,6,4,6,2,9,10,9,
161,2658,4907,1668,3174,3494,3079,4968,396,2251,4332,1638,2320,3763,2143,2174,255,---3,7,3,6,6,10,5,2,8,8,5,2,8,10,3,10,3,
3488,4033,3875,2663,3201,265,2379,4621,3069,3408,115,4402,4483,3033,4794,2781,94,---7,4,10,4,4,3,7,7,8,7,9,2,4,9,9,8,4,
98,2148,2662,633,4875,2317,2702,2596,4660,593,2451,3572,1015,569,3770,1339,4986,---2,10,7,5,4,2,2,4,10,6,9,9,10,8,9,6,8,
993,2507,261,4327,171,1037,3567,848,2001,2002,2420,1976,1626,1023,2396,2941,3487,---7,9,6,3,2,4,9,10,9,5,3,4,7,2,8,6,5,
3009,2882,2083,3364,2246,1937,4904,3818,751,2563,4888,2579,2996,1112,700,2557,1663,---6,9,10,8,3,7,6,6,9,3,10,3,10,10,5,5,9,
3298,4203,3950,4550,3975,1832,3915,236,4558,4957,1745,3027,526,1454,4328,4446,---3,4,9,3,9,7,8,6,8,2,10,7,8,3,6,9,
4032,4417,443,197,3368,4619,460,782,157,3858,3540,1205,3320,4187,1245,4766,---2,6,9,10,4,5,2,5,8,2,10,4,4,3,7,2,
3855,3873,3458,2214,2113,241,200,1897,4749,1359,4176,1329,3730,2453,1947,2943,---3,3,7,7,9,6,4,7,7,5,8,2,6,3,2,8,
3618,3715,3812,1733,838,2471,1896,45,3165,371,3541,2009,4541,2331,188,1725,---6,3,4,10,5,5,3,2,9,7,7,4,9,10,8,5,
673,2082,4867,520,4272,450,4464,2056,1443,820,725,3095,1336,4733,2526,3157,---9,4,10,9,9,5,4,4,3,6,5,8,4,8,4,7,
3840,4832,4645,2217,2849,2312,3049,970,719,1224,1944,25,376,3417,2334,---2,4,4,8,4,7,6,5,8,5,2,8,2,5,3,
3884,2024,1708,39,4044,3245,3726,4301,3829,2486,247,216,2204,2846,4341,---6,9,5,2,8,3,2,2,3,10,2,9,7,4,3,
2721,3056,3719,936,1514,1900,690,2894,4239,464,3890,4560,186,2109,4959,---2,3,7,4,4,10,8,10,4,6,7,2,3,6,8,
4128,2946,4421,4063,4520,2570,2667,2925,4845,1521,4244,85,2971,4061,1349,---9,5,2,8,3,10,2,4,9,3,5,2,4,3,9,
2848,2209,195,1960,3132,1452,224,3727,4952,56,3619,1044,3864,2713,4220,---6,8,6,5,3,8,5,3,7,4,3,6,4,7,9,
2923,4199,1833,42,3467,1807,176,1524,2391,1691,4711,810,3582,639,---10,7,5,3,8,10,5,10,6,3,6,9,6,2,
545,4683,1411,4548,3622,711,4139,4556,2157,2254,4623,3571,3413,3128,3598,4181,1919,---8,2,3,9,5,9,3,3,9,5,4,7,8,8,10,7,4,
1184,2240,3333,38,941,4742,2608,3636,693,2326,984,3679,3358,1055,---7,9,10,2,9,10,10,7,2,8,7,8,4,5,
3587,3556,1622,2501,2973,1617,1938,980,4789,3766,1183,2428,445,1253,---8,5,4,6,4,9,7,6,2,4,5,9,7,6,
4846,4578,2467,1860,773,3848,361,1826,110,2875,181,1114,2939,3678,---7,7,8,5,8,7,6,2,2,8,6,5,4,7,
1968,2306,230,1932,4226,2542,1583,2768,1009,2164,3575,1016,698,573,---7,2,10,2,10,10,4,2,4,4,4,6,4,6,
1281,3749,1385,2443,3628,3374,1041,4243,2484,4277,2615,2008,2461,1221,---5,7,9,5,3,7,7,3,10,5,4,3,10,10,
2881,3323,3589,3366,3443,4042,503,2890,370,1267,1972,277,471,3161,4186,4891,3962,---9,3,9,7,8,8,4,8,6,9,6,4,5,5,9,8,6,
1536,64,3106,387,421,4348,3851,2515,4691,1140,4117,1763,1146,2332,538,2686,1311,---3,3,4,5,3,2,10,8,5,9,9,4,4,10,9,3,6,
1760,1921,3267,2145,1545,3434,4394,3151,4084,279,346,527,1354,3645,1631,---8,10,2,8,8,4,7,3,2,2,6,3,6,9,6,
3936,34,4502,4200,3404,2701,1160,2195,4468,1750,666,506,2207,---4,10,8,10,2,4,2,8,2,9,2,4,3,
2727,3778,644,4038,135,1002,4235,1517,1619,629,4231,1053,1845,---10,10,5,4,10,10,7,10,8,2,7,7,6,
3968,283,232,1609,2827,3849,845,3470,3983,2640,3228,1277,534,1527,251,604,605,3807,---5,5,9,8,7,7,4,2,4,6,9,3,4,5,7,8,2,4,
3236,4964,3734,2228,1364,2957,366,1560,4530,179,3316,150,4407,3608,2436,1883,2620,3219,---3,6,3,9,2,6,5,9,3,10,5,9,6,9,10,5,3,5,
4961,1481,227,2086,2492,3948,720,1907,2324,246,1353,4216,3004,---2,4,5,4,4,9,3,5,6,8,4,8,10,
1282,4707,3078,2439,3336,2281,680,3203,4820,2293,575,3547,2527,---9,2,10,3,4,9,9,7,5,6,8,9,6,
833,2626,4049,840,332,1557,2575,4305,1747,213,4790,4504,2239,---3,8,8,3,9,3,9,3,5,8,5,2,7,
4610,963,2603,4172,1597,1873,4500,1497,4633,4271,1085,3390,3615,---10,10,5,2,5,7,2,3,2,10,10,8,2,
1120,3808,1541,2950,2058,4204,301,1167,4625,2259,2292,394,2533,---7,9,8,7,2,9,4,3,5,2,3,3,5,
1824,4419,3972,774,1190,2122,3471,948,949,1754,123,1150,4543,---6,6,7,4,10,3,5,4,3,7,5,3,10,
5,4326,81,2415,849,1342,2558,2839,3765,859,254,4255,---6,2,2,9,8,4,7,6,5,9,3,8,
1792,3041,2120,1801,2283,3756,2381,648,2738,1236,2905,1086,---3,8,6,4,6,3,2,6,3,8,3,4,
386,2947,2084,1351,2581,3088,1554,565,1530,59,3230,511,---6,8,2,2,6,10,7,5,5,5,10,3,
928,1186,1508,3209,202,267,3442,2325,3510,535,3646,---8,9,2,2,7,8,8,7,7,6,3,
2627,4644,805,3403,1327,4335,2132,2521,1892,2107,4767,---5,4,4,3,2,2,5,3,2,6,7,
1264,962,1988,1766,742,3533,4080,146,3061,2491,2780,---10,9,10,7,2,4,8,8,8,6,4,
3650,326,2844,170,2347,4108,681,60,4626,1811,3863,1080,953,218,3324,2845,---7,6,7,10,8,8,9,9,4,9,9,6,4,6,8,8,
4704,1441,1285,3712,1451,493,1202,3125,4378,4507,2556,3613,4405,4351,---6,5,6,8,8,6,10,2,8,10,10,9,6,9,
4040,4234,2706,4366,3087,4914,1875,4596,3102,2457,1368,2105,28,2590,---3,9,5,4,2,8,3,5,6,9,3,9,6,9,
3105,1578,2980,422,957,1130,317,208,3288,3034,3274,---4,6,3,7,2,5,9,8,3,7,10,
2408,2761,1546,1523,913,979,4020,3223,760,4874,1374,---10,8,10,3,7,9,2,5,7,2,10,
1632,1096,1770,779,2732,1176,1106,2774,728,1241,252,---7,5,7,7,7,2,8,5,7,2,3,
3200,3904,4259,933,4390,295,297,4298,4581,2412,717,1234,1779,3926,2651,1126,4523,4415,---8,3,5,10,4,4,9,8,9,2,6,2,5,5,10,5,9,3,
3588,1798,1928,3532,2570,2924,1741,2606,3602,85,382,2997,---8,7,7,10,10,7,10,8,10,2,8,8,
2304,0,4451,2183,2857,2641,4531,3446,2825,4826,---3,7,8,4,5,2,3,5,2,5,
1153,2788,4246,3340,20,1078,1204,1210,699,3997,---4,8,3,9,10,5,4,5,3,9,
3681,2187,3844,2635,2446,2162,919,3960,537,1532,---4,3,5,5,3,8,10,5,3,8,
2912,3846,2919,4589,3025,2100,2837,660,2843,1788,---10,3,2,4,9,6,6,5,5,10,
40,2953,2730,715,4342,345,4762,2495,2778,4863,---3,3,7,5,8,10,9,4,4,6,
1762,3941,3145,1806,2607,638,2169,2895,2653,3262,---5,4,5,2,5,9,2,5,4,9,
4450,3395,935,1077,4886,3159,2777,730,3356,3610,---9,7,10,7,10,8,8,6,2,2,
1634,100,4582,3272,1259,1840,2129,3835,3100,1695,---4,10,4,4,9,3,9,3,5,8,
4737,4389,4006,3912,3920,2865,4008,1588,1142,759,---5,10,6,6,6,10,9,8,8,10,
1995,4331,4078,4573,2289,4980,1913,280,1177,4477,---4,4,7,6,10,2,9,5,6,6,
2080,896,770,3299,3953,617,4170,4427,77,238,3633,4946,789,1721,4155,4828,2602,3103,---3,9,3,3,9,10,8,10,10,2,9,7,5,9,5,6,3,9,
4546,772,581,3878,1992,4745,4682,2892,525,2260,790,1220,2618,868,---3,8,6,6,9,4,7,7,4,8,3,2,9,2,
3616,4546,2618,1992,4841,4938,2636,4343,4265,2842,314,4190,---3,3,9,9,10,7,4,7,10,3,5,10,
642,4101,4966,2407,4642,3891,3799,4570,4892,1086,---9,9,3,4,4,4,5,9,4,4,
653,1102,4399,2480,83,4311,952,4124,1309,---9,8,3,6,4,6,6,9,6,
2592,993,676,1893,4807,649,2507,4819,4631,2308,1626,892,1023,---2,7,10,8,2,6,9,2,4,4,7,8,2,
848,2979,4997,4327,4649,3051,2158,2896,1778,4979,1525,---10,8,3,3,6,3,3,7,9,10,8,
923,1159,3438,1269,4697,1562,1435,4382,1493,---9,2,4,5,9,4,9,4,7,
1027,389,395,3472,1361,707,2102,3326,485,---7,3,4,6,8,6,6,8,4,
3139,2822,616,3569,4887,4281,3515,509,2751,---9,7,4,4,4,7,9,4,9,
64,1536,2823,4201,4330,1484,4494,2383,4654,4603,---3,3,8,10,2,7,3,5,8,8,
2948,4392,1834,1358,1808,4627,2037,3576,2425,2638,3902,4095,---8,8,9,3,10,7,5,8,2,3,5,10,
2787,3594,3179,4143,1939,2068,2582,569,3194,---2,2,9,9,2,2,6,8,5,
4566,3559,488,2218,3315,4468,1237,1750,3355,3996,---9,10,9,8,10,2,9,9,7,9,
1890,3654,1158,2769,4503,1499,2013,3294,---7,6,7,6,2,4,2,6,
2435,2760,1392,850,2041,439,4856,3513,---3,2,3,3,2,4,8,8,
4418,747,2700,1967,4689,4722,3447,4798,---6,5,2,5,3,8,8,3,
672,2863,4068,2693,4969,2232,523,4140,1455,2296,4883,3929,2744,4793,4475,3676,3805,1022,---2,5,5,10,7,3,3,10,6,10,3,2,9,8,5,5,2,8,
3969,1827,4453,3206,1255,3371,3246,1007,80,3857,1682,1300,2389,2552,315,1135,654,373,---10,3,6,3,7,4,7,4,6,8,8,4,3,10,5,2,2,2,
1409,2370,4100,4261,3409,4488,1611,2286,1169,1426,4532,1013,3192,2362,3292,4317,---8,5,2,9,5,4,5,6,5,7,9,6,3,9,2,4,
2976,1679,2833,3987,404,2165,2935,3769,3259,281,4927,---5,9,2,4,3,7,3,9,10,6,2,
240,482,4196,3625,141,3359,1235,2313,3096,3577,2235,3551,---3,6,8,8,5,7,2,8,7,3,7,10,
483,1031,1099,3408,1650,4275,1460,3605,3033,94,---4,3,10,7,7,7,2,2,9,4,
1217,4903,266,12,973,3407,4919,1595,189,---4,5,5,6,9,6,6,7,9,
962,1894,4811,1548,3533,16,3061,2456,3961,894,---9,7,9,2,4,9,8,2,8,3,
1025,4548,1093,4430,4139,269,2254,3889,4276,3413,1307,---7,9,3,7,3,8,5,3,9,8,2,
3840,3140,1224,3049,4460,2061,1423,4720,243,3417,376,740,---2,8,5,6,5,4,6,4,6,5,2,9,
1345,3107,1862,1785,3916,1040,1492,661,2262,4151,1684,4668,2238,---10,8,3,8,8,3,5,6,10,6,8,4,10,
2147,2060,946,147,3412,1274,4538,---3,5,2,6,3,2,7,
600,3664,696,3762,3507,4920,2974,---5,5,5,2,7,3,6,
2371,4465,4552,2028,3692,2321,3253,3222,3932,1215,---4,7,7,4,10,7,3,8,8,2,
1216,1092,4165,1094,4168,3850,1547,3250,4185,1594,925,2782,1343,---7,9,9,2,5,6,7,5,8,7,2,10,2,
1184,4203,3333,4869,38,1673,1387,2608,693,984,858,4924,4957,3781,---7,4,10,10,2,8,5,10,2,7,7,10,2,7,
4417,4747,2692,934,129,2123,3540,2078,4187,443,4766,---6,3,10,8,4,3,10,4,3,9,2,
1792,4609,3041,4071,380,807,3756,2381,2738,4947,3612,---3,2,8,4,7,9,3,2,3,6,10,
32,2401,2715,3084,4567,3451,---6,6,2,4,4,5,
1014,1935,3798,3002,4604,1978,---2,2,5,3,4,5,
673,2082,1443,1157,1134,4464,4401,3001,1980,---9,4,3,6,5,4,3,7,2,
3009,2882,2083,3524,3462,2749,3818,751,2579,1462,2299,700,2557,---6,9,10,6,7,9,6,9,3,5,10,5,5,
386,2947,4489,2666,3701,3480,1530,59,1212,3230,565,---6,8,2,2,2,10,5,5,9,10,5,
1120,2533,454,494,4047,2259,2292,501,4188,1541,---7,5,7,9,4,2,3,2,3,8,
961,1250,3848,4688,1204,181,1401,1210,2875,3792,---9,9,7,5,4,6,8,5,8,8,
768,2187,2635,13,2446,469,2233,3133,---4,3,5,2,3,3,5,5,
656,837,2279,4744,9,2768,2165,2935,---3,8,2,7,6,2,7,3,
3970,2501,461,4472,3579,444,2973,1183,---2,6,7,8,8,8,4,5,
2409,436,1604,1558,1316,---3,3,2,4,5,
98,2596,2662,4808,3757,2317,4660,593,2451,1428,1015,24,633,3770,1339,4986,---2,4,7,2,8,2,10,6,9,5,10,10,5,9,6,8,
256,3123,1810,2789,3142,4935,3308,3691,1772,2989,2093,4337,2834,403,4628,3126,3581,954,4975,2298,---6,3,5,6,7,5,5,3,3,6,3,4,9,10,3,4,5,2,3,10,
1825,4133,7,2376,4297,2954,781,4877,787,1652,4278,---5,7,9,5,4,5,3,8,6,5,7,
1116,3851,3822,1591,2482,4853,3639,889,1370,2332,---3,10,5,8,10,4,2,9,9,10,
2019,1637,4040,4234,1261,2706,1875,2590,1368,2457,28,3102,1726,---8,3,3,9,3,5,3,9,3,9,6,6,4,
3587,3556,1622,4936,1149,1617,980,4789,3766,2363,2428,445,4670,1253,---8,5,4,2,7,9,6,2,4,2,9,7,7,6,
4769,2563,3364,3446,4904,2857,4531,4888,4144,1937,4451,2996,3118,214,1112,4826,1663,---7,3,8,5,6,5,3,10,6,7,8,10,7,8,10,5,9,
1989,1447,2472,1321,618,4687,1746,4403,4340,1207,2479,---2,3,4,2,6,3,4,4,9,6,4,
3715,582,2471,3505,3541,433,2009,2331,4541,927,---3,6,5,9,7,10,4,10,9,4,
1440,417,2213,1318,3981,174,2545,2098,2067,853,3158,---2,10,2,10,5,3,10,3,5,9,4,
4161,1380,4871,4072,3721,4075,4562,3377,4114,3991,2395,3036,4159,---6,8,4,3,4,3,6,5,4,9,4,8,7,
3904,4515,3684,2726,1126,360,233,4298,717,884,3738,---3,5,10,7,5,6,10,8,6,8,5,
4610,4633,2603,784,468,1497,3384,4852,3390,3615,---10,2,5,8,5,3,4,6,8,2,
1632,1096,1770,779,76,1176,2392,1241,3290,252,3231,---7,5,7,7,10,2,8,2,9,3,8,
4032,197,317,460,1711,3320,3858,1205,4376,3226,157,997,---2,10,9,2,5,4,2,4,9,9,8,5,
2634,2355,2469,1902,---3,3,2,4,
1122,3954,205,4287,---4,3,4,4,
2873,3242,2171,2766,---4,3,4,4,
35,595,2059,4476,---4,3,2,4,
2315,2307,1046,1871,---4,2,4,2,
2329,930,655,3287,---2,2,4,2,
3089,1107,1925,31,---3,4,2,3,
4608,4066,869,4575,---3,4,2,3,
3520,1763,3625,435,2515,3401,538,2235,4348,3359,---4,4,8,9,8,10,9,7,2,7,
3233,2658,1668,3494,2150,3079,3016,396,2251,4332,161,4616,4690,3763,1431,4968,2587,3174,2174,255,---9,7,6,10,5,5,4,8,8,5,3,7,6,10,9,2,7,6,10,3,
1346,2691,1607,3626,3661,4626,3796,1911,3833,2844,93,702,---3,8,7,6,4,4,9,6,5,7,6,6,
4385,2562,4579,4196,4359,423,3554,3153,2610,1942,631,3096,2460,---7,10,3,8,8,2,3,6,7,3,7,7,5,
704,1282,4707,3078,3336,44,680,3203,2293,1471,---2,9,2,10,4,7,9,7,6,3,
3556,1398,1340,3766,1617,1938,980,4789,1622,2428,445,1791,---5,6,8,4,9,7,6,2,4,9,7,10,
4576,3377,4072,1450,4075,3214,4911,4871,3050,4562,2395,3036,3869,---8,5,3,2,3,7,4,4,7,6,4,8,2,
4199,1833,42,3595,2382,4533,374,2391,3241,507,4062,---7,5,3,4,10,5,5,6,7,5,6,
2371,4710,3143,4552,3209,202,267,3692,4339,535,---4,6,4,7,2,7,8,10,2,6,
3618,3812,1733,838,1896,45,3165,1725,371,1430,3129,188,4605,---6,4,10,5,3,2,9,5,7,2,4,8,8,
39,3594,3179,3020,4301,3726,1939,4341,4379,1084,---2,2,9,2,2,2,2,3,9,3,
4193,4995,1003,2223,4239,400,50,2899,3286,4729,1680,4027,2109,4959,---8,8,3,5,4,5,8,5,6,8,3,3,6,8,
2761,4874,1489,979,4020,2678,2263,760,1546,1374,---8,2,10,9,2,8,3,7,10,10,
1943,3109,901,---3,2,3,
4840,2655,4879,---2,2,2,
4162,2594,4061,2925,143,---2,4,3,4,3,
2919,3183,2100,660,4154,2042,---2,4,6,5,2,2,
40,715,4985,2778,3196,4829,2495,---3,5,3,4,5,5,4,
2124,4030,2175,---2,2,3,
4978,1715,3119,---2,2,2,
2131,686,2942,---3,3,2,
3296,1476,4991,---2,3,2,
1540,621,1647,---2,3,2,
539,122,1019,---3,2,2,
1827,4453,2389,1255,617,3371,238,1135,80,1425,1682,1300,3246,4534,2552,1007,3857,3103,---3,6,3,7,10,4,2,2,6,4,8,4,7,8,10,4,8,9,
290,3235,3076,678,6,1927,3736,1293,4849,4805,1172,2725,920,3193,2814,3238,---6,7,8,3,4,5,9,9,6,4,5,5,3,5,6,4,
4864,3971,1988,1445,1766,3431,1706,551,4847,1264,1777,2421,4484,3172,47,3389,1509,---4,7,10,8,7,9,6,5,3,10,2,8,5,10,9,8,5,
1952,2977,4601,1636,4837,1734,3574,1549,846,2937,3248,547,3476,3638,663,4153,250,1062,2108,30,---4,9,3,10,2,10,10,3,7,7,9,6,10,10,5,8,8,7,2,6,
3488,4033,4483,3875,4794,2663,4621,2781,3408,2321,115,3222,3033,4858,893,---7,4,4,10,9,4,7,8,7,7,9,8,9,2,7,
545,3003,4548,2369,2254,3413,3128,3419,4732,2877,---8,10,9,2,5,8,8,4,2,9,
1156,1413,4039,4392,3379,332,3341,2638,1576,3122,4179,1557,3800,1693,3902,213,---9,7,6,8,2,9,7,3,2,4,6,3,7,6,5,8,
2590,1509,4040,4234,2891,2706,47,4785,882,1875,2421,2295,2457,1306,28,3389,3102,703,---9,5,3,9,9,5,9,8,5,3,8,7,9,9,6,8,6,3,
3201,483,420,1031,265,2379,4402,180,135,3069,94,---4,4,10,3,3,7,2,3,10,8,4,
224,3619,3132,4952,3601,1876,56,2713,4220,---5,3,3,7,3,3,4,7,9,
4962,39,2024,3884,1708,3245,3726,4301,4976,4341,247,216,2204,2846,---9,2,9,6,5,3,2,2,6,3,2,9,7,4,
962,996,4811,1548,3533,3061,2456,3961,1787,894,---9,10,9,2,4,8,2,8,6,3,
1217,227,4903,3004,266,4715,973,3407,2384,2324,1595,1052,---4,5,5,10,5,5,9,6,8,6,7,8,
1750,4200,2698,3404,2701,2255,1160,2195,4468,4502,666,---9,10,3,2,4,5,2,8,2,8,2,
2946,4520,3880,2924,1741,2606,1928,3602,4244,2971,1021,---5,3,2,7,10,8,7,10,5,4,9,
2896,2979,4997,4327,2858,1035,2158,848,2002,3487,---7,8,3,3,10,10,3,10,5,5,
3712,1441,1285,2566,4391,4296,1451,493,1232,1202,1977,4378,4507,2556,1189,---8,5,6,6,5,8,8,6,5,10,8,8,10,10,4,
2080,896,770,899,4427,238,4431,3633,4946,789,1721,3103,---3,9,3,7,10,2,2,9,7,5,9,9,
3681,1539,3844,3943,2446,2162,919,3960,537,1532,---4,4,5,8,3,8,10,5,3,8,
4502,2481,4200,3404,2701,1160,2195,4468,1750,666,1115,---8,6,10,2,4,2,8,2,9,2,7,
3681,2187,3844,777,2635,1391,2162,919,3960,537,---4,3,5,10,5,9,8,10,5,3,
258,503,3589,3366,1639,4042,3443,370,1267,277,471,3161,3962,3323,4186,---6,4,9,7,9,8,8,6,9,4,5,5,6,3,9,
3464,440,1096,2732,1176,1106,2774,728,1241,252,---7,8,5,7,2,8,5,7,2,3,
3323,4219,3589,3366,3443,4042,503,370,1267,277,471,3161,3962,4347,4186,---3,3,9,7,8,8,4,6,9,4,5,5,6,9,9,
1507,3589,3366,1267,4042,471,4528,370,3443,277,503,3161,3962,3323,4186,---2,9,7,9,8,5,4,6,8,4,4,5,6,3,9,
3323,3589,3366,1267,4042,503,370,4563,277,471,1720,3161,4186,3443,3962,---3,9,7,9,8,4,6,3,4,5,5,5,9,8,6,
352,4610,963,4999,2603,4172,1085,1873,4500,4271,1597,---7,10,10,3,5,2,10,7,2,10,5,
1159,3438,1269,3257,1502,4697,1562,1435,4382,---2,4,5,7,2,9,4,9,4,
3941,3627,1806,2607,638,2169,2895,3452,2653,3262,---4,8,2,5,9,2,5,2,4,9,
4737,4389,4006,4679,3912,2865,1588,1142,759,1878,---5,10,6,6,6,10,8,8,10,9,
699,2252,4246,3335,---3,2,3,4,
1821,1655,---2,2,
3657,2188,---2,2,
4009,3098,---2,2,
1865,325,---2,2,
3108,2058,301,1167,4656,4625,394,---2,2,4,3,7,5,3,
2624,2470,---2,2,
900,590,---2,2,
2897,3998,---2,2,
905,567,---2,2,
3013,3535,---2,2,
874,4565,---2,2,
2560,442,---2,2,
2952,1294,3354,2736,3620,2982,2987,557,4783,2096,4018,4539,1982,4034,79,1362,1491,1109,1880,479,3303,3048,1513,362,4082,4051,---7,7,7,2,4,5,4,4,3,7,2,2,9,10,4,9,5,9,6,7,2,10,7,5,8,9,
2952,1294,1169,2736,3620,557,4783,2096,4018,4532,827,1982,1611,79,3409,1362,1491,1109,1880,4539,3303,3048,4082,4051,3192,---7,7,5,2,4,4,3,7,2,9,9,9,5,4,5,9,5,9,6,2,2,10,8,9,3,
832,3328,4290,4065,4164,4037,4743,3232,428,3666,4423,4274,4771,2398,1333,2647,3791,2167,4727,1214,---3,8,2,5,8,10,4,2,10,9,7,7,3,4,8,2,4,7,5,9,
3676,672,4475,4708,2693,2150,3079,4616,4969,4140,1455,3763,1431,2232,4537,2587,1820,3805,2174,---5,2,5,7,10,5,5,7,7,10,6,10,9,3,7,7,4,2,10,
2691,1607,296,3626,1911,3661,4718,975,4626,3796,3383,3833,2844,702,---8,7,10,6,6,4,6,8,4,9,7,5,7,6,
1795,4423,3210,268,4274,4397,977,594,922,764,2399,---8,7,6,6,7,6,8,9,10,4,10,
928,2977,1186,1508,4837,1549,3442,926,3638,4153,250,3646,2108,30,2325,---8,9,9,2,2,3,8,10,10,8,8,3,2,6,7,
745,4650,1067,2028,1136,4465,500,3222,4599,3386,1215,3932,3583,---4,2,5,4,4,7,2,8,3,10,2,8,7,
2688,2514,3966,4684,3147,1644,4269,2960,210,659,3285,3318,1912,1338,4091,924,1438,2101,---5,4,2,10,10,3,5,3,8,6,4,6,2,5,3,8,9,8,
392,3779,2987,3877,934,4455,2952,105,362,2599,4034,2096,2104,2641,1513,1880,4747,3354,2522,479,---2,7,4,5,8,4,7,3,5,9,10,7,2,2,7,6,3,7,4,7,
2656,872,4585,2039,3147,1644,367,305,659,3285,374,3241,3642,507,924,4062,---8,3,5,8,10,3,4,5,6,4,5,7,9,5,8,6,
4832,2849,4068,4645,2312,2217,970,523,719,1944,4883,2334,2296,25,2863,1022,437,---4,4,5,4,7,8,5,3,8,2,3,3,10,8,5,8,10,
161,4418,1668,3494,3174,3079,4968,396,2251,4332,2658,3763,2174,3447,4830,255,---3,6,6,10,6,5,2,8,8,5,7,10,10,8,8,3,
1387,38,1673,4203,236,3950,1394,984,4957,---5,2,8,4,6,9,7,7,2,
256,3123,1810,2789,3142,4935,1772,3691,3308,2989,3581,4337,2834,403,2298,954,4975,3421,---6,3,5,6,7,5,3,3,5,6,5,4,9,10,10,2,3,3,
2782,897,1092,4165,1950,577,4168,2729,3250,3221,4185,3994,1094,3198,---10,8,9,9,8,7,5,7,5,4,8,10,2,6,
3968,2640,804,1797,1609,1162,3470,3983,2160,534,1065,88,932,283,604,605,1983,---5,6,10,9,8,2,2,4,3,4,8,2,9,5,8,2,9,
993,525,2757,171,1037,3567,2001,2420,1976,1626,2396,2941,261,---7,4,8,2,4,9,9,3,4,7,8,6,6,
4576,3270,4871,4072,3050,4075,1006,3377,4562,3214,4823,4824,2395,3036,---8,5,4,3,7,3,3,5,6,7,8,8,4,8,
4480,1601,3307,3117,2511,1744,4529,2800,2005,1526,3481,3760,4349,---9,3,6,8,2,10,9,8,9,2,7,2,2,
4417,443,197,3368,4619,460,3634,782,3858,3540,4187,1245,4766,---6,9,10,4,5,2,9,5,2,10,3,7,2,
2755,3622,711,4556,4683,3571,2157,3598,4623,1411,4181,1919,---2,5,9,3,2,7,9,10,4,3,7,4,
386,2947,4489,565,3701,182,1530,59,3230,2581,---6,8,2,5,2,9,5,5,10,6,
3009,2882,2083,3462,2246,3818,751,2579,1155,700,2557,---6,9,10,7,3,6,9,3,10,5,5,
4464,2082,1443,3653,673,4272,4401,725,3095,4733,2526,3157,---4,4,3,6,9,9,3,5,8,8,4,7,
283,232,845,605,2640,1010,1527,251,604,1277,---5,9,4,2,6,9,5,7,8,3,
2721,3056,3719,936,1514,1900,3890,2894,4560,690,464,1593,186,---2,3,7,4,4,10,7,10,2,8,6,4,3,
2848,2209,195,1960,1452,3727,56,1044,407,3864,4220,---6,8,6,5,8,3,4,6,9,4,9,
4610,963,2603,4172,1357,1597,1873,4500,4271,1085,---10,10,5,2,2,5,7,2,10,10,
673,4867,1157,2056,4464,520,820,2517,3095,1336,---9,10,6,4,4,9,6,8,8,4,
1890,1158,3654,1543,4331,4477,4980,4503,4573,---7,7,6,4,4,6,2,2,6,
4033,3875,3201,265,1002,2379,300,3069,4402,135,2781,---4,10,4,3,10,7,7,8,2,10,8,
2113,3458,2214,241,200,1897,3855,4176,1329,3730,2453,381,---9,7,7,6,4,7,3,8,2,6,3,9,
3556,2501,3693,445,980,4789,3766,2428,2973,1183,---5,6,6,7,6,2,4,9,4,5,
2019,4005,4040,4234,2706,1875,2590,1368,2457,28,3102,1726,---8,5,3,9,5,3,9,3,9,6,6,4,
1120,2533,454,1541,494,2259,2292,3886,4188,501,---7,5,7,8,9,2,3,10,3,2,
1184,260,3781,38,2608,4869,693,984,858,4924,3333,---7,10,7,2,10,10,2,7,7,10,10,
3650,326,60,170,4108,877,1811,1080,218,3324,---7,6,9,10,8,5,9,6,6,8,
1120,3808,2533,2950,394,4204,301,4625,2259,2292,2812,1541,---7,9,5,7,3,9,4,5,2,3,7,8,
833,2626,840,3082,4687,2472,4790,2479,2239,---3,8,3,8,3,4,5,4,7,
4582,3272,1259,1840,2129,1748,40,3835,2495,---4,4,9,3,9,8,3,3,4,
4610,963,2603,4172,4271,1873,498,1597,4500,1085,---10,10,5,2,10,7,5,5,2,10,
1762,3941,2895,1806,989,3262,2169,2607,2653,638,---5,4,5,2,8,9,2,5,4,9,
3941,3145,1806,2895,2769,1844,1499,2013,3294,---4,5,2,5,6,9,4,2,6,
923,1159,3438,1269,4697,1562,1435,3804,1493,---9,2,4,5,9,4,9,3,7,
1632,1770,779,2732,728,1106,2774,536,---7,7,7,7,7,8,5,6,
578,5,4326,2839,4226,2415,1968,849,3575,254,---3,6,2,6,10,9,7,8,4,3,
4995,1003,1900,2894,4239,4560,690,1076,2109,4959,---8,3,10,10,4,2,8,9,6,8,
2947,2084,1351,565,2063,3088,1554,2581,59,511,---8,2,2,5,6,10,7,6,5,3,
4415,1779,4259,4390,2623,---3,5,5,4,3,
2594,747,2838,4798,1967,---4,5,5,3,5,
2946,2052,3880,4520,1928,4244,2971,---5,4,2,3,7,5,4,
1153,1210,4491,1204,1078,---4,5,2,4,5,
3846,2919,2100,660,2843,4894,---3,2,6,5,5,5,
1634,3835,1365,4582,---4,3,4,4,
2919,2416,2100,660,4154,2042,---2,5,6,5,2,2,
161,1668,3016,4332,4690,4250,---3,6,4,5,6,6,
4331,612,1995,4078,4477,280,4573,---4,4,4,7,6,5,6,
4995,1003,3662,4239,1680,3286,2109,4959,---8,3,6,4,3,6,6,8,
1488,2307,---2,2,
2872,2409,1604,1558,---4,3,2,4,
616,509,4053,4887,---4,4,4,4,
704,4442,---2,2,
4978,2211,---2,2,
2131,4267,686,---3,3,3,
4608,4632,4066,869,---3,4,4,2,
590,2711,---2,2,
