1409,4100,4488,1294,2704,529,1426,2841,4783,29,2736,3620,4261,425,557,4317,48,4018,3292,3381,4532,2362,4539,1724,1982,2370,1477,3786,1611,4428,79,3409,1362,1491,1109,856,860,1117,225,610,358,1169,4696,4082,3303,2286,3048,1906,4051,1013,3192,1918,---8,2,4,7,7,10,7,7,3,8,2,4,9,4,4,4,9,2,2,2,9,9,2,6,9,5,7,3,5,5,4,5,9,5,9,5,8,3,8,5,3,5,8,8,2,6,10,3,9,6,3,7,
3200,1668,2693,3079,4616,523,396,1431,2587,1820,672,161,4515,933,3494,295,297,4523,4140,1455,3763,2232,4793,2150,2251,2726,4708,1234,3926,4537,3929,2651,3676,3805,2658,4068,4581,3174,4968,4969,2744,2412,360,2296,4475,2174,255,---8,6,10,5,7,3,8,9,7,4,2,3,5,10,10,4,9,9,10,6,10,3,8,5,8,7,7,2,5,7,2,10,5,2,7,5,9,6,2,7,9,2,6,10,5,10,3,
1536,1549,4494,2937,3476,4117,663,926,1952,2977,3106,547,421,1062,3751,683,3372,813,4654,943,3248,30,3638,4153,2108,4157,64,4803,1734,4555,846,2383,4691,855,4569,250,2277,1636,4837,3562,363,3574,4601,1146,4603,---3,3,3,7,10,9,5,10,4,9,4,6,3,7,3,3,3,10,8,8,9,6,10,8,2,10,3,2,10,8,7,5,5,3,2,8,7,10,2,4,9,10,3,4,8,
2819,2436,1927,522,3608,3219,3348,150,1560,3076,2719,290,3236,938,4530,499,2228,694,4407,2620,714,4805,3736,2999,1228,3790,1895,1364,4217,987,2141,4964,4711,2410,2923,366,3827,3582,3193,1915,810,2814,639,---8,10,5,5,9,5,3,9,9,8,6,6,3,7,3,9,9,6,6,3,9,4,9,5,2,4,8,2,2,3,5,6,6,8,10,5,7,6,5,4,9,6,2,
3458,3467,1548,1833,3855,16,3730,659,2456,1691,924,2214,1329,3241,42,176,305,3642,2113,4811,200,3147,4176,3285,2391,1807,4062,2656,1894,4199,872,1897,1644,367,241,1524,374,2039,3961,507,894,---7,8,2,5,3,9,6,6,2,3,8,7,2,7,3,5,5,9,9,9,4,10,8,4,6,10,6,8,7,7,3,7,3,4,6,10,5,8,8,5,3,
256,2562,619,3052,3850,141,2093,1810,403,4628,925,158,3359,802,4135,3625,2989,3123,1594,2235,1343,3136,4677,3142,3401,1235,954,3551,482,1891,2789,3691,1772,2834,4975,240,4337,4851,1144,2298,3581,---6,10,9,8,6,5,3,5,10,3,2,9,7,9,9,8,6,3,7,7,2,6,8,7,10,2,2,10,6,10,6,3,3,9,3,3,4,2,8,10,5,
1921,1922,1985,1545,2690,527,2833,1429,1814,279,2976,3828,1958,4394,307,3769,3259,3645,959,2496,1760,3267,1479,2762,3149,1354,3151,1108,346,3164,2142,1631,2784,2276,3814,3434,1389,4084,3703,3838,---10,8,3,8,4,3,2,3,8,2,5,9,10,7,6,9,10,9,5,8,8,2,3,9,8,6,3,5,6,9,7,6,2,7,3,4,8,2,4,10,
2691,3717,1417,2314,1346,2194,1811,1134,3863,2844,673,2082,1443,2758,4646,296,681,170,2347,4401,4626,3383,3001,702,3650,326,1607,3661,975,3796,3919,93,4973,4718,4464,1911,3833,3324,3626,---8,5,3,7,3,9,9,5,9,7,9,4,3,7,5,10,9,10,8,3,4,7,7,6,7,6,7,4,8,9,4,6,9,6,4,6,5,8,6,
896,3969,770,654,3857,1682,1300,789,1007,3103,2080,1827,805,3498,3371,3246,688,3633,3252,4534,1721,4767,3403,4427,80,4946,2132,2389,2521,315,4453,4839,1255,238,1135,627,373,2552,---9,10,3,2,8,8,4,5,4,9,3,3,4,10,4,7,6,9,4,8,9,7,3,10,6,7,5,3,3,5,6,8,7,2,2,4,2,10,
1156,1413,2184,3341,3342,2575,1808,4627,1557,4504,284,1693,677,3239,1576,1834,304,3122,3379,1081,3902,4039,332,2638,4049,4179,1358,213,3800,1256,4392,1747,2037,3576,2425,---9,7,9,7,8,9,10,7,3,2,5,6,4,7,2,9,4,4,2,10,5,6,9,3,8,6,3,8,7,2,8,5,5,8,2,
1411,4745,3598,4497,4884,790,3482,3622,4265,2095,137,2618,571,2877,2369,4546,3651,581,1478,711,1992,587,4556,2256,3419,3429,3878,871,4841,2157,3571,4732,1919,---3,4,10,8,5,3,5,5,10,3,8,9,2,9,2,3,7,6,7,9,9,4,3,10,4,10,6,6,10,9,7,2,4,
3328,642,644,4743,3799,4290,922,1053,3232,4771,428,4274,3891,1333,1214,1845,832,3778,4164,4037,4038,4423,4727,3791,3666,1619,2647,2398,4065,1517,629,2167,---8,9,5,4,5,2,10,7,2,3,10,7,4,8,9,6,3,10,8,10,4,7,5,4,9,8,2,4,5,10,2,7,
129,2692,392,4747,782,3354,4766,3877,934,2599,3368,2987,2096,2952,2078,2104,443,4417,4034,3779,2123,3540,1880,2522,4187,1245,479,4619,105,362,1513,---4,10,2,3,5,7,2,5,8,9,4,4,7,7,4,2,9,6,10,7,3,10,6,4,3,7,7,5,3,5,7,
3712,1285,2566,1293,1172,920,4378,4507,1441,2852,1189,3238,4391,1451,2220,1202,4405,1977,6,2107,3125,2245,4296,1232,1111,4644,678,493,4849,4602,2556,---8,6,6,9,5,3,8,10,5,3,4,4,5,8,3,10,6,8,4,6,2,3,8,5,6,4,3,6,6,8,10,
4483,2326,4742,2028,2321,3222,3358,1055,3488,4650,1067,941,3636,3386,1215,2240,4552,3932,4794,3679,2663,745,3692,1136,4465,115,500,4599,4858,893,---4,8,10,4,7,8,4,5,7,2,5,9,7,10,2,9,7,8,9,8,4,4,10,4,7,9,2,3,2,7,
3084,1680,273,2715,542,4255,32,1697,2340,2223,50,3765,1465,4027,1341,1342,4193,586,3406,4433,2899,3286,3415,859,2401,3044,400,3451,2558,3967,---4,3,5,2,6,8,6,10,3,5,8,5,2,3,2,4,8,9,5,4,5,6,5,9,6,4,5,5,7,7,
4864,3971,4484,4234,2706,2457,1306,28,2590,1445,551,1706,47,4785,3102,3389,703,4040,2891,1875,1368,3172,1509,3431,4847,1777,882,2421,2295,---4,7,5,9,5,9,9,6,9,8,5,6,9,8,6,8,3,3,9,3,3,10,5,9,3,2,5,8,7,
4480,1856,3481,538,2847,3117,3760,4529,2482,435,3639,3520,1601,1591,2511,2515,2005,1370,1116,1763,3307,3822,2800,4853,1526,889,4348,4349,---9,6,7,9,5,8,2,9,10,9,2,4,3,8,2,8,9,9,3,4,6,5,8,4,2,9,2,2,
4096,4359,2569,3212,3181,2460,4259,2597,4390,423,2610,4667,4415,3394,3402,3153,1317,3554,4579,3301,1512,1898,2669,2152,1779,2806,631,---6,8,2,9,5,5,5,7,4,2,7,10,3,2,6,6,7,3,3,2,4,7,4,8,5,7,7,
4875,2317,2702,2451,1428,2582,24,2713,3619,2596,3757,56,569,3770,1339,3132,4808,593,4952,224,98,2787,2148,3572,633,4986,4220,---4,2,2,9,5,6,10,7,3,4,8,4,8,9,6,3,2,6,7,5,2,2,10,9,5,8,9,
1281,897,2443,12,4243,3221,3994,2461,1950,3749,4903,2729,3374,2484,4277,2615,189,577,1221,4171,973,2384,2008,2661,1385,3198,2046,---5,8,5,6,3,4,10,10,8,7,5,7,7,10,5,4,9,7,10,3,9,8,3,3,9,6,5,
4871,3721,3214,4824,4114,3991,3869,1450,3115,4911,3377,2874,4159,3270,4562,4823,3032,2395,3036,4576,1380,4072,1129,3050,4075,1006,2537,---4,4,7,8,4,9,2,2,9,4,5,8,7,5,6,8,4,4,8,8,8,3,8,7,3,3,9,
772,4997,1037,3487,2979,261,2601,171,1976,1780,1220,965,4682,2892,848,2001,2002,2260,2396,2896,868,4327,2158,3567,2420,2941,---8,3,4,5,8,6,8,2,4,4,2,9,7,7,10,9,5,8,8,7,2,3,3,9,3,6,
2946,2570,2700,2925,3602,4244,2971,4421,4128,2594,4520,2606,4418,1349,4689,85,143,4061,4063,2667,2924,4845,1521,4722,3447,---5,10,2,4,10,5,4,2,9,4,3,8,6,9,3,2,3,3,8,2,7,9,3,8,8,
3968,1797,3849,1162,2827,3470,3983,534,283,3228,804,1983,1609,845,2640,88,932,604,605,3807,232,2160,1527,251,1277,---5,9,7,2,7,2,4,4,5,9,10,9,8,4,6,2,9,8,2,4,9,3,5,7,3,
2690,3588,1798,7,2954,781,2067,1429,417,2213,1318,174,2098,2997,3828,959,2496,1985,1479,2376,4297,3532,3149,3981,853,3158,4133,1958,2545,787,1652,3703,382,---4,8,7,9,5,3,5,3,10,2,10,3,3,8,9,5,8,3,3,5,4,10,8,5,9,4,7,10,10,6,5,4,8,
1282,3203,3972,3078,3336,3471,1824,1190,680,948,4543,704,4419,1990,2122,4820,1754,3547,2527,4707,2293,123,1150,---9,7,7,10,4,5,6,10,9,4,10,2,6,8,3,5,7,9,6,2,6,5,3,
2563,3462,2446,1937,2579,4888,4769,2083,3364,4904,3118,2996,700,3133,3009,2882,2246,1112,3818,751,2557,1663,---3,7,3,7,3,10,7,10,8,6,7,10,5,5,6,9,3,10,6,9,5,9,
4226,5,4744,1932,2306,2839,1583,1968,698,573,837,2768,849,230,4326,2542,2415,1009,2164,3575,1016,254,---10,6,7,2,2,6,4,7,4,6,8,2,8,10,2,10,9,4,4,4,6,3,
3715,4617,2331,927,289,3618,838,2471,45,3505,188,1725,1733,582,433,3541,2009,3165,3812,1896,4541,4090,---3,3,10,4,7,6,5,5,2,9,8,5,10,6,10,7,4,9,4,3,9,10,
4032,3105,2980,997,1205,957,1130,460,653,4399,208,952,3858,3320,317,157,3288,3034,3274,1578,197,---2,4,3,5,4,2,5,2,9,3,8,6,2,4,9,8,3,7,10,6,10,
416,1089,1989,4678,1447,1321,618,2859,812,274,2926,3121,1746,4403,4340,1207,120,1587,2523,3722,671,---10,2,2,4,3,2,6,6,4,6,5,7,4,4,9,6,6,8,9,10,9,
2492,1217,227,2086,4961,1052,266,3948,3407,720,3000,2927,1907,2324,246,1481,4216,1595,3004,1353,---4,4,5,4,2,8,5,9,6,3,5,6,5,6,8,4,8,7,10,4,
3298,4203,3950,4550,3975,1832,1673,3915,1387,236,526,1745,946,3027,1454,4328,4558,4538,4957,4446,---3,4,9,3,9,7,8,8,5,6,8,10,2,7,3,6,8,7,2,9,
3297,3587,3556,1253,1462,4936,2749,2299,1149,3766,1617,980,4789,1622,599,3524,2363,2428,445,4670,---10,8,5,6,5,2,9,10,7,4,9,6,2,4,8,6,2,9,7,7,
4962,3884,39,2024,1708,3594,3179,4044,3245,3726,4301,4976,1939,3829,2486,247,216,2204,2846,4341,---9,6,2,9,5,2,9,8,3,2,2,6,2,3,10,2,9,7,4,3,
3872,994,4994,2829,641,3755,2092,4898,750,1679,2498,3058,3987,404,4693,2998,706,281,2029,4927,---10,3,3,10,7,10,9,6,9,9,6,3,4,3,7,8,2,6,2,2,
3792,1826,2467,2788,773,961,3848,1153,3340,1250,4846,4688,1204,181,1078,1401,1114,2875,1210,20,---8,2,8,8,8,9,7,4,9,9,7,5,4,6,5,8,5,8,5,10,
3201,4483,4033,265,4621,3488,3875,1031,4402,4275,1460,4794,2753,2379,3408,3033,135,2781,94,483,2663,1002,3069,115,4858,893,---4,4,4,3,7,7,10,3,2,7,2,9,6,7,7,9,10,8,4,4,4,10,8,9,2,7,
386,2947,2084,1351,4489,2666,2581,3701,3088,1554,2755,565,182,3480,1530,59,1212,3230,511,---6,8,2,2,2,2,6,2,10,7,2,5,9,10,5,5,9,10,3,
4566,488,3315,1750,3559,4200,2124,2218,3404,2701,1160,2195,4468,1237,4502,666,3355,3996,2175,---9,9,10,9,10,10,2,8,2,4,2,8,2,9,8,2,7,9,3,
4642,4101,4966,2407,2536,1801,2283,1026,2905,648,4370,1555,1236,642,3799,2120,3891,4570,4443,4892,1086,---4,9,3,4,8,4,6,7,3,6,8,5,8,9,5,6,4,9,8,4,4,
2721,3056,3912,3719,936,1514,1900,3890,2894,1588,4560,1201,690,4008,464,1142,1593,186,---2,3,6,7,4,4,10,7,10,8,2,9,8,9,6,8,4,3,
3681,2187,3844,1702,3943,4316,537,2635,777,1391,496,2162,1539,469,919,3960,2233,1532,---4,3,5,7,8,6,3,5,10,9,3,8,4,3,10,5,5,8,
1856,3589,471,435,2515,4803,3476,4117,663,538,4891,1952,3106,547,3366,683,943,3248,1267,1972,2890,3520,2881,4601,4042,846,4691,855,3161,4186,1146,1763,1636,1062,3562,363,370,3443,3574,503,2937,3962,3323,4348,277,---6,9,5,9,8,2,10,9,5,9,8,4,4,6,7,3,8,9,9,6,8,4,9,3,8,7,5,3,5,9,4,4,10,7,4,9,6,8,10,4,7,6,3,2,4,
545,4683,4548,1093,1025,4139,4430,4623,3889,4276,2254,3128,1307,3003,3612,4181,3413,---8,2,9,3,7,3,7,4,3,9,5,8,2,10,10,7,8,
4582,2129,391,3272,2953,2730,1259,1840,40,1748,345,4985,4762,3835,3196,4829,2495,---4,9,5,4,3,7,9,3,3,8,10,3,9,3,5,5,4,
2688,2960,659,924,1438,167,3241,4269,305,52,2101,1338,374,3147,4684,1490,3285,3642,4062,2656,4091,872,4585,1644,2514,367,3318,2039,1912,507,3966,---5,3,6,8,9,7,7,5,5,5,8,5,5,10,10,4,4,9,6,8,3,3,5,3,4,4,6,8,2,5,2,
4864,1264,4484,4749,146,3971,1947,3873,1445,551,1706,2491,962,1988,3533,1359,2780,3172,742,1766,3431,4847,4080,1777,3061,2943,---4,10,5,7,8,7,2,3,8,5,6,6,9,10,4,5,4,10,2,7,9,3,8,2,8,8,
3727,1044,3864,3482,2842,3616,2209,1960,4265,1452,314,2848,4546,195,2757,1992,4938,2636,2618,4190,3429,4841,4343,---3,6,4,5,3,3,8,5,10,8,5,6,3,6,8,9,7,4,9,10,10,10,7,
2912,3846,2919,4589,1357,2416,3025,660,2837,2100,2042,2843,1788,4154,4894,895,---10,3,2,4,2,5,9,5,6,6,2,5,10,2,5,9,
352,4610,963,4999,2603,4172,1085,4271,1873,498,4500,4633,1497,1597,3390,3615,---7,10,10,3,5,2,10,10,7,5,2,2,3,5,8,2,
3904,1953,2372,1126,233,4298,747,3788,717,1967,884,2838,3684,3738,4798,---3,8,10,5,10,8,5,2,6,5,8,5,10,5,3,
2304,0,4451,214,2183,1225,2825,4144,2641,4531,2932,3446,2857,4826,3067,---3,7,8,8,4,9,2,6,2,3,5,5,5,5,9,
1504,4929,3652,292,1239,2764,15,3347,510,1975,3993,4890,3809,190,4473,---6,3,8,10,5,5,4,6,9,7,4,9,8,8,10,
3808,1120,2533,2950,4657,2058,4204,301,1167,4625,2259,2292,2812,394,1541,---9,7,5,7,10,2,9,4,3,5,2,3,7,3,8,
1762,3941,3145,3627,2895,1806,2607,1844,638,2169,2653,1871,3452,989,3262,---5,4,5,8,5,2,5,9,9,2,4,2,2,8,9,
2181,2023,3496,335,907,4364,4782,4029,2994,1390,2710,1367,4280,4315,4669,---6,9,9,3,8,10,9,3,5,5,6,10,9,6,4,
672,2849,4068,4645,2217,2312,1022,970,523,2863,2296,4883,437,4832,719,1944,25,4475,3676,3805,2334,---2,4,5,4,8,7,8,5,3,5,10,3,10,4,8,2,8,5,5,2,3,
673,2082,4867,3653,4401,520,4272,450,1134,4464,2056,725,1443,820,2517,3095,1336,3001,4733,2526,3157,---9,4,10,6,3,9,9,5,5,4,4,5,3,6,8,8,4,7,8,4,7,
2262,1345,3107,932,1797,1862,1609,1162,1785,3916,1040,1684,661,534,4151,88,1492,2906,4668,2238,1983,---10,10,8,9,9,3,8,2,8,8,3,8,6,4,6,2,5,5,4,10,9,
2592,4737,676,4389,4006,4679,4807,759,2865,4819,1878,4631,2308,892,---2,5,10,10,6,6,2,10,10,2,9,4,4,8,
2144,2408,2761,4874,3223,1523,913,979,4020,2678,2263,760,1546,1374,---10,10,8,2,5,3,7,9,2,8,3,7,10,10,
1632,536,1096,1770,779,2732,3464,1106,2774,440,1241,1176,252,728,---7,6,5,7,7,7,7,8,5,8,2,2,3,7,
3209,267,2325,535,928,1186,4650,1067,3510,3386,3646,3143,4552,202,1508,745,3692,1136,3442,4339,500,4599,---2,8,7,6,8,9,2,5,7,10,3,4,7,7,2,4,10,4,8,2,2,3,
3840,4963,3140,1224,3049,4460,2061,1423,4720,243,740,3417,376,3161,4186,3323,---2,10,8,5,6,5,4,6,4,6,9,5,2,5,9,3,
3970,2501,4777,695,461,1043,2230,1865,4472,3579,444,2973,1183,---2,6,8,10,7,9,10,2,8,8,8,4,5,
3513,2435,484,1836,842,3596,1392,850,886,439,4856,2041,990,---8,3,10,5,10,3,3,3,4,4,8,2,9,
2497,3362,419,2502,4615,1544,2442,1420,3842,723,3289,2922,4799,---3,10,6,10,2,8,7,3,4,3,9,3,9,
3969,1795,1285,3210,268,654,4378,4767,1441,4644,805,1451,4397,1327,1202,3125,2107,4405,2627,4296,3403,977,2132,2521,2399,4704,315,1892,2556,4335,373,764,---10,8,6,6,6,2,8,7,5,4,4,8,6,2,10,2,6,6,5,8,3,8,5,3,10,6,5,2,10,2,2,4,
3333,4742,2321,3605,3222,3358,1055,1184,38,941,2608,3636,693,1215,2240,1099,1484,984,3932,3679,2326,4201,2028,4465,1650,3583,---10,10,7,2,8,4,5,7,2,9,10,7,2,2,9,10,7,7,8,8,8,10,4,7,7,7,
2371,4388,4422,4710,3020,4414,3253,342,4228,4379,1084,862,---4,10,7,6,2,5,3,9,8,9,3,5,
1787,996,2470,4366,3087,4914,4596,1502,2105,3257,1435,4382,---6,10,2,4,2,8,5,2,9,7,9,4,
4835,1203,2343,3080,2185,2445,1326,749,1138,3251,2510,4922,---9,5,5,5,10,2,8,4,7,7,10,9,
448,771,4804,3242,4491,2605,2766,2995,4723,2873,2171,4970,---9,9,10,3,2,8,4,9,9,4,4,10,
1890,612,1158,3654,4331,4078,4573,4980,4503,280,1913,4477,---7,4,7,6,4,7,6,2,2,5,9,6,
4450,3395,935,4162,1649,1077,4886,3159,2777,730,3356,3610,---9,7,10,2,6,7,10,8,8,6,2,2,
896,770,899,1425,789,3103,2080,2602,688,3633,3252,1721,4155,4170,4427,77,4431,4946,4828,3299,4839,617,238,3953,627,3498,---9,3,7,4,5,9,3,3,6,9,4,9,5,8,10,10,2,7,6,3,8,10,2,9,4,10,
1792,4609,3041,807,648,1801,4071,3756,2381,2120,2738,4947,1236,2283,3607,2905,380,1086,---3,2,8,9,6,4,4,3,2,6,3,6,8,6,6,3,7,4,
1440,2052,454,1928,1741,494,4047,3880,501,4188,1021,---2,4,7,7,10,9,4,2,2,3,9,
707,485,3436,395,4108,3472,1361,2102,1080,218,60,---6,4,6,4,8,6,8,6,6,6,9,
2273,1365,2698,3821,2255,4881,1173,4022,1851,476,4661,---6,4,3,10,5,10,2,10,6,7,8,
3042,696,3664,600,3762,3507,4158,119,4920,3131,2974,---7,5,5,5,2,7,10,7,3,4,6,
1222,3910,3367,3207,1042,595,2038,4792,3897,4476,4925,---9,8,10,8,9,3,10,10,3,4,10,
897,1547,3221,1950,4903,2729,3250,1216,577,1092,4165,1094,4168,4171,973,2384,4185,2782,2661,4715,2046,3198,---8,7,4,8,5,7,5,7,7,9,9,2,5,3,9,8,8,10,3,5,5,6,
1825,452,2248,2953,2730,4877,3631,2578,597,4278,2424,345,4762,378,---5,3,6,3,7,8,6,10,2,7,6,10,9,7,
3233,356,1638,3016,3081,4907,1679,2320,4690,3987,404,2143,2909,4927,---9,5,2,4,5,3,9,8,6,4,3,3,4,2,
1248,3515,2822,3335,616,3569,3139,4887,3387,2751,---10,9,7,4,4,4,9,4,5,9,
2504,3465,3468,2414,207,3319,953,4345,2845,4318,---9,10,9,10,6,5,4,8,8,7,
833,2626,2472,840,3082,213,332,2575,4049,1747,1557,4790,4504,4687,2479,2239,---3,8,4,3,8,8,9,9,8,5,3,5,2,3,4,7,
1826,2467,1860,773,361,2252,4578,4846,699,110,4246,1114,2939,3678,---2,8,5,8,6,2,7,7,3,2,3,5,4,7,
4124,653,1102,957,2480,4399,83,4311,952,3034,4987,1340,1309,1791,---9,9,8,2,6,3,4,6,6,7,5,8,6,10,
2464,768,1043,2659,4371,3435,2988,13,3907,1332,444,---10,4,9,5,8,5,4,2,8,6,8,
1316,1032,4554,1486,436,4149,3702,4676,4254,---5,5,3,8,3,3,5,5,4,
1635,4069,1196,1841,3667,2900,3514,4026,734,---7,7,7,7,3,5,2,8,9,
1536,387,2823,3851,1549,4494,2332,30,1311,2977,421,4654,3638,4153,64,2383,4837,4330,1140,250,4603,2686,---3,5,8,10,3,3,10,6,6,9,3,8,10,8,3,5,2,2,9,8,8,3,
1282,4707,2662,3078,2439,3336,2281,1471,44,680,3203,4820,2293,2527,1015,4660,3547,575,---9,2,7,10,3,4,9,3,7,9,7,5,6,6,10,10,9,8,
2979,4997,3175,4649,2858,1035,2158,3051,2896,1778,4979,1525,---8,3,6,6,10,10,3,3,7,9,10,8,
3595,2571,3849,2827,2957,4334,179,3316,3734,4937,3807,---4,3,7,7,6,8,10,5,3,8,4,
923,1159,3438,1269,3257,4697,1562,1435,3804,4382,1493,---9,2,4,5,7,9,4,9,3,4,7,
930,4132,1203,2185,1676,655,3251,4916,3894,3287,2329,---2,9,5,10,7,4,7,8,9,2,2,
2211,2696,1229,3119,4978,1715,1751,1240,---2,5,5,2,2,2,5,7,
427,4518,1097,75,1678,1079,504,2301,---5,7,4,7,7,8,3,6,
3298,4203,3950,4550,3975,1673,1387,236,1261,526,1637,1394,4869,1454,858,4924,4957,4446,3781,---3,4,9,3,9,8,5,6,3,8,3,7,10,3,7,10,2,9,7,
4193,4995,400,1900,1003,4239,690,2894,2223,1680,50,2899,4560,3662,3286,4729,4027,2109,4959,---8,8,5,10,3,4,8,10,5,3,8,5,2,6,6,8,3,6,8,
4704,1441,1451,1285,2566,4231,4235,2727,1393,1202,3125,4310,4378,2556,3613,4405,4351,---6,5,8,6,6,7,7,10,8,10,2,10,8,10,9,6,9,
2274,2919,4215,3183,4400,1713,2100,4791,4984,660,1788,4894,895,---10,2,9,4,9,10,6,7,8,5,10,5,9,
2209,195,1893,993,1960,2507,525,1998,2757,1626,1023,---8,6,8,7,5,9,4,3,8,7,2,
1571,1829,2343,3752,1138,371,1430,4922,4605,2942,---8,10,5,9,7,7,2,9,8,2,
555,748,1903,2897,1458,887,3998,---5,4,4,2,5,3,2,
2147,147,1842,4659,4692,3412,3707,---3,6,4,5,5,3,2,
2562,4359,2313,3212,141,1942,3096,2460,158,4385,802,4135,4579,2610,4667,3136,3394,4677,3554,3153,1235,3551,482,1891,4196,3301,2152,1898,423,3052,240,1512,4851,631,1144,3577,---10,8,8,9,5,3,7,5,9,7,9,9,3,7,10,6,2,8,3,6,2,10,6,10,8,2,8,7,2,8,3,4,2,7,8,3,
1922,9,656,2833,1814,279,2976,307,3769,3259,3645,1760,3267,2762,3151,1108,3164,2142,2784,2145,2276,3814,2279,3434,1389,2165,2935,3838,---8,6,3,2,8,2,5,6,9,10,9,8,2,9,3,5,9,7,2,8,7,3,2,4,8,7,3,10,
3936,34,4502,3559,1160,2698,3404,2701,2255,2481,2195,4468,1750,4200,506,1115,3996,666,2207,---4,10,8,10,2,3,2,4,5,6,8,2,9,10,4,7,9,2,3,
2752,2531,356,774,3081,2909,4880,3291,413,---7,6,5,4,5,4,7,3,9,
3907,2244,325,2087,3435,2988,2990,2772,4283,---8,6,2,5,5,4,7,7,6,
1762,2307,2309,3909,1046,1051,989,3813,---5,2,3,8,4,6,8,7,
4870,4750,4496,2546,3806,351,---6,5,2,4,6,4,
1014,1935,3798,3002,4604,1978,---2,2,5,3,4,5,
224,98,3619,3601,4808,4220,1428,3947,3757,4952,2451,1876,24,407,56,2713,4442,3132,---5,2,3,3,2,9,5,5,8,7,9,3,10,9,4,7,2,3,
3587,3556,1253,2614,43,4141,3766,1617,980,1877,1622,4789,2428,445,3693,---8,5,6,5,2,9,4,9,6,4,4,2,9,7,6,
992,386,2947,324,1926,2581,2063,562,565,182,1530,59,3230,511,---7,6,8,3,8,6,6,10,5,9,5,5,10,3,
1890,3654,1158,1543,3145,1806,2895,2769,1844,4503,1499,2013,3294,3941,---7,6,7,4,5,2,5,6,9,2,4,2,6,4,
2912,784,2884,3846,4589,1357,2416,3025,4852,2837,3384,468,2843,---10,8,4,3,4,2,5,9,6,6,4,5,5,
1472,3618,2885,838,1896,45,3165,3893,215,3129,188,1725,1733,---6,6,6,5,3,2,9,7,5,4,8,5,10,
289,166,582,433,4617,74,235,4268,3505,4983,4090,927,---7,2,6,10,3,6,5,6,9,10,10,4,
3107,1862,294,327,2377,4151,1492,661,1065,1337,2906,2238,---8,3,9,8,4,6,5,6,8,3,5,10,
3297,4485,422,4936,4909,1938,1398,599,2363,1149,4670,---10,2,7,2,9,7,6,8,2,7,7,
3108,3306,4204,301,1167,4656,4625,394,2680,2058,4030,---2,6,9,4,3,7,5,3,4,2,2,
2822,616,1710,3569,4479,3097,4281,3515,509,2751,---7,4,4,4,6,7,7,9,4,9,
4240,4521,877,3990,1073,---5,2,5,3,4,
4608,4632,4066,869,4575,---3,4,4,2,3,
1026,1294,2704,529,4370,1555,2350,2841,29,2736,3620,425,557,4526,4783,48,4018,3381,4539,1724,1982,1477,3786,4428,79,1362,1491,1109,4696,4443,860,1117,225,610,827,358,3303,3048,4082,4455,856,1906,4051,1918,---7,7,7,10,8,5,4,7,8,2,4,4,4,9,3,9,2,2,2,6,9,7,3,5,4,9,5,9,8,8,8,3,8,5,9,3,2,10,8,4,5,3,9,7,
3076,1927,3608,3219,3348,1560,2436,290,3235,3236,2725,2091,4530,2228,4407,2620,4805,3736,1364,1883,4964,2410,366,3193,1915,2814,---8,5,9,5,3,9,10,6,7,3,5,2,3,9,6,3,4,9,2,5,6,8,5,5,4,6,
4544,2787,2148,1015,2662,3770,4143,4875,2317,2702,2596,4660,593,3572,2582,633,569,3194,1339,4986,2068,---9,2,10,10,7,9,9,4,2,2,4,10,6,9,6,5,8,5,6,8,2,
673,2082,4867,2021,4401,2056,1607,1346,1443,1134,4464,520,1395,820,2517,1336,3001,1980,93,1157,---9,4,10,2,3,4,7,3,3,5,4,9,9,6,8,4,7,2,6,6,
2688,3966,210,4684,2514,2382,4269,2960,1010,2101,3318,1912,1338,4091,1438,4533,---5,2,8,10,4,10,5,3,9,8,6,2,5,3,9,5,
2019,4005,4040,4234,3275,2706,1842,1875,3102,1368,2457,28,2590,1726,---8,5,3,9,10,5,4,3,6,3,9,6,9,4,
452,40,2953,2730,715,3631,1748,4342,345,2778,4863,4762,2495,---3,3,3,7,5,6,8,8,10,4,6,9,4,
866,100,4582,3272,1259,1840,2129,1748,2495,40,3835,3100,1695,---8,10,4,4,9,3,9,8,4,3,3,5,8,
2721,1700,3056,3719,936,1514,1198,464,3890,1076,1593,186,2975,---2,9,3,7,4,4,5,6,7,9,4,3,2,
2435,484,4935,2760,3308,3596,1392,3126,439,4856,3513,990,---3,10,5,2,5,3,3,4,4,8,8,9,
1027,389,395,3653,3472,1361,707,2526,2102,541,3326,485,---7,3,4,6,6,8,6,4,6,10,8,4,
1632,536,1096,1770,779,76,1176,2392,1241,3290,252,3231,---7,6,5,7,7,10,2,8,2,9,3,8,
1995,612,3089,4331,4078,4477,2289,4980,1177,280,1913,4573,---4,4,3,4,7,6,10,2,6,5,9,6,
2753,1605,135,3201,1002,2379,300,3216,379,3069,---6,7,10,4,10,7,7,5,9,8,
2912,4452,3846,4589,686,3025,1139,2837,755,2843,---10,8,3,4,3,9,5,6,6,5,
1216,2247,1547,2927,3000,3698,824,2077,---7,4,7,6,5,7,3,6,
2634,2355,2469,1902,---3,3,2,4,
1122,3954,205,4287,---4,3,4,4,
4619,782,3858,4376,3226,157,4766,2980,3368,1711,1205,317,4032,4417,197,3274,460,208,4187,1245,997,3320,---5,5,2,9,9,8,2,3,4,5,4,9,2,6,10,10,2,8,3,7,5,4,
928,2465,1186,1508,3638,30,2977,4714,926,1549,3442,4787,2325,3510,4153,250,2108,3646,4837,---8,5,9,2,10,6,9,10,10,3,8,6,7,7,8,8,2,3,2,
4864,3873,3971,4484,1445,3431,1706,551,1947,4749,4847,1777,2453,3172,1359,381,1758,2943,---4,3,7,5,8,9,6,5,2,7,3,2,3,10,5,9,10,8,
131,4549,913,2408,2761,4874,1523,1489,979,4020,760,1546,1374,---5,4,7,10,8,2,3,10,9,2,7,10,10,
1762,2315,3627,716,1871,2307,1046,217,2607,3452,989,3262,---5,4,8,10,2,2,4,7,5,2,8,9,
4259,3684,4390,1704,233,1779,884,2229,3738,4415,2623,---5,10,4,7,10,5,8,4,5,3,3,
1281,904,4236,4919,12,2461,2615,2484,1385,189,---5,5,6,6,6,10,4,10,9,9,
2657,1634,4582,3272,1259,1840,2129,3835,3100,1727,---9,4,4,4,9,3,9,3,5,4,
4962,2535,712,3020,4976,1687,4379,1084,4414,---9,7,8,2,6,9,9,3,5,
4676,2409,1260,436,1558,1316,---5,3,6,3,4,5,
1152,2041,850,566,3879,---4,2,3,5,5,
1943,3109,901,---3,2,3,
4840,2655,4879,---2,2,2,
1540,621,1647,---2,3,2,
539,122,1019,---3,2,2,
3520,3589,855,2937,3476,277,663,538,1952,3106,547,3366,1267,683,943,3248,435,3323,1856,4803,4042,846,4691,2515,471,4347,3161,4186,1146,1763,1636,1062,3562,363,370,3443,3574,503,4601,3962,4219,4348,4117,---4,9,3,7,10,4,5,9,4,4,6,7,9,3,8,9,9,3,6,2,8,7,5,8,5,9,5,9,4,4,10,7,4,9,6,8,10,4,3,6,3,2,9,
3520,258,3589,471,2937,3476,277,663,538,1952,3106,547,3366,1267,683,943,3248,435,1856,4803,4042,846,4691,2515,855,3161,4186,1146,1763,1636,1062,1639,3562,363,370,3443,3574,503,4601,3962,3323,4348,4117,---4,6,9,5,7,10,4,5,9,4,4,6,7,9,3,8,9,9,6,2,8,7,5,8,3,5,9,4,4,10,7,9,4,9,6,8,10,4,3,6,3,2,9,
3520,3589,471,435,2937,3476,277,663,538,1952,3248,3106,547,3366,683,943,4528,1267,1856,4803,4042,846,1507,4691,2515,855,3161,4186,1146,1763,1636,1062,3562,363,370,3443,3574,503,4601,3962,3323,4348,4117,---4,9,5,9,7,10,4,5,9,4,9,4,6,7,3,8,4,9,6,2,8,7,2,5,8,3,5,9,4,4,10,7,4,9,6,8,10,4,3,6,3,2,9,
1856,3589,471,2515,2937,3476,4117,663,538,3443,1952,3106,547,3366,683,943,3248,435,1720,3520,4803,4042,4563,4691,846,855,3161,4186,3962,1763,1636,1062,3562,363,370,1267,3574,503,4601,1146,3323,4348,277,---6,9,5,8,7,10,9,5,9,8,4,4,6,7,3,8,9,9,5,4,2,8,3,5,7,3,5,9,6,4,10,7,4,9,6,9,10,4,3,4,3,2,4,
1668,2693,3079,4616,396,1431,2587,1820,3233,3494,4907,4140,1638,1455,3763,2232,161,3016,2251,4690,4830,2143,2658,4708,3174,2150,4968,4969,4332,2174,255,---6,10,5,7,8,9,7,4,9,10,3,10,2,6,10,3,3,4,8,6,8,3,7,7,6,5,2,7,5,10,3,
3328,1795,3206,4743,3210,268,922,3232,4771,428,4397,4274,1333,1214,832,4290,4164,4423,4727,3791,977,3666,2647,2398,2399,4065,594,2167,764,---8,8,3,4,6,6,10,2,3,10,6,7,8,9,3,2,8,7,5,4,8,9,2,4,10,5,9,7,4,
896,770,1796,1425,1682,1300,789,1007,2080,1827,3371,3246,3633,4534,1721,1334,4427,80,4946,2389,4453,3857,617,1255,1135,2552,---9,3,8,4,8,4,5,4,3,3,4,7,9,8,9,2,10,6,7,3,6,8,10,7,2,10,
3972,2312,3471,4250,1824,4645,1190,2217,948,437,970,949,672,4419,2122,719,1754,3676,3805,4832,123,4543,4475,1150,---7,7,5,6,6,4,10,8,4,10,5,3,2,6,3,8,7,5,2,4,5,10,5,3,
3201,644,135,265,1053,3875,420,300,4402,180,1845,4033,3778,4038,2379,3408,1619,3033,2781,94,1002,1517,629,3069,---4,5,10,3,7,10,10,7,2,3,6,4,10,4,7,7,8,9,8,4,10,10,2,8,
2948,2184,3342,1808,4627,284,677,3239,4392,1834,304,3379,1081,3902,1358,4179,2638,1256,2037,3576,2425,4095,---8,9,8,10,7,5,4,7,8,9,4,2,10,5,3,6,3,2,5,8,2,10,
4480,3307,2005,3749,4529,2443,3628,3117,3374,2511,3760,1041,4243,4277,1526,2008,3481,3994,4349,1221,---9,6,9,7,9,5,3,8,7,2,2,7,3,5,2,3,7,10,2,10,
2147,1832,3915,2060,2482,4558,1745,946,147,3412,3822,3639,1274,4538,1370,4328,3027,---3,7,8,5,10,8,10,2,6,3,5,2,2,7,9,6,7,
1092,4165,1094,4168,3850,619,2093,3421,1744,3250,4628,4185,1594,925,2782,1343,---9,9,2,5,6,9,3,3,10,5,3,8,7,2,10,2,
32,2401,3451,3044,81,1697,586,3415,3084,1341,4433,4567,2715,273,3967,---6,6,5,4,2,10,9,5,4,2,4,4,2,5,7,
2848,2209,195,1960,1452,3565,1998,3727,1044,407,3864,1876,220,---6,8,6,5,8,5,3,3,6,9,4,3,7,
2624,4049,3082,332,2575,4305,1747,213,4790,4504,1557,2239,---2,8,8,9,9,3,5,8,5,2,3,7,
2979,2821,3175,2601,2858,1035,2158,2896,1780,4110,4997,965,---8,7,6,8,10,10,3,7,4,6,3,9,
578,5,4326,41,2839,4226,2415,1968,849,3575,254,---3,6,2,5,6,10,9,7,8,4,3,
4450,3395,935,4162,2069,1077,3159,2777,730,3356,3263,---9,7,10,2,9,7,8,8,6,2,9,
2370,2982,1169,1611,2221,3409,4532,3192,2362,---5,5,5,5,8,5,9,3,9,
1698,1476,3664,3762,3507,119,4920,3131,---5,3,5,2,7,7,3,4,
899,4839,4105,4431,688,3218,627,3252,---7,8,5,2,6,3,4,4,
1337,1107,2377,31,---3,4,4,3,
1821,1655,---2,2,
3657,2188,---2,2,
4009,3098,---2,2,
900,590,---2,2,
3296,4991,---2,2,
905,567,---2,2,
3013,3535,---2,2,
874,4565,---2,2,
2560,442,---2,2,
1922,1679,656,2833,3987,404,1814,281,2976,307,3769,3259,4927,2784,3267,2762,1108,3164,2142,3040,2276,3814,3434,1389,2165,2935,3838,---8,9,3,2,4,3,8,6,5,6,9,10,2,2,2,9,5,9,7,10,7,3,4,8,7,3,10,
4871,3214,4114,4828,2602,3115,3377,2874,4155,4161,4170,77,4562,3032,2395,3036,4576,3299,1380,4072,2537,3050,4075,3953,1129,---4,7,4,6,3,9,5,8,5,6,8,10,6,4,4,8,8,3,8,3,9,7,3,9,8,
4032,4417,443,2692,197,934,129,3368,4619,460,3634,782,1245,3858,3540,1205,3320,4747,4187,157,4766,---2,6,9,10,10,8,4,4,5,2,9,5,7,2,10,4,4,3,3,8,2,
2592,993,2308,261,4807,649,892,2507,1037,3567,2001,4819,2420,1893,4631,1976,676,1626,2396,2941,1023,---2,7,4,6,2,6,8,9,4,9,9,2,3,8,4,4,10,7,8,6,2,
2369,3413,1411,3003,3622,711,4139,4556,2157,3598,269,2254,3889,3571,4276,545,3128,4548,1307,1919,---2,8,3,10,5,9,3,3,9,10,8,5,3,7,9,8,8,9,2,4,
2240,1184,260,3781,4742,38,4869,941,2608,1394,3636,693,2326,984,3333,858,3679,4924,3358,1055,---9,7,10,7,10,2,10,9,10,7,7,2,8,7,10,7,8,10,4,5,
2464,3009,2882,2083,1155,3462,2749,3818,2659,751,2579,1332,1462,3524,2299,700,2557,---10,6,9,10,10,7,9,6,5,9,3,6,5,6,10,5,5,
4577,2627,4644,805,3969,4296,3403,654,1327,4335,2132,373,2521,1892,2107,315,4767,---7,5,4,4,10,8,3,2,2,2,5,2,3,2,6,5,7,
1153,1250,2788,961,4804,3242,4491,3340,4970,3792,2995,20,4723,1078,1204,1210,3997,---4,9,8,9,10,3,2,9,10,8,9,10,9,5,4,5,9,
2145,2306,2424,230,2279,2248,9,1932,2542,2768,1009,2578,1016,698,1864,573,---8,2,6,10,2,6,6,2,10,2,4,10,6,4,6,6,
3270,2801,1450,696,4824,1006,4911,3664,600,3762,3507,4158,4823,4920,3869,2974,---5,10,2,5,8,3,4,5,5,2,7,10,8,3,2,6,
4610,3523,2603,4172,1357,1597,2416,1873,468,963,4500,3384,4852,4271,1085,---10,9,5,2,2,5,5,7,5,10,2,4,6,10,10,
1120,2052,2533,454,3880,501,3886,4047,2259,2292,494,4188,1021,1541,---7,4,5,7,2,2,10,4,2,3,9,3,9,8,
1697,2340,4567,615,586,4433,3406,273,3044,3415,1465,1341,542,3967,---10,3,4,8,9,4,5,5,4,5,2,2,6,7,
4243,3749,2443,12,3374,1553,4659,4692,4277,2008,3707,189,1221,---3,7,5,6,7,10,5,5,5,3,2,9,10,
3681,1539,3844,1702,3943,4316,3725,496,2162,919,3960,537,1532,---4,4,5,7,8,6,9,3,8,10,5,3,8,
738,2755,4649,2666,3051,1778,4979,1525,4489,3480,1212,3701,---7,2,6,2,3,9,10,8,2,10,9,2,
4737,1142,4006,4679,3912,3920,4008,1588,1878,759,2865,4389,---5,8,6,6,6,6,9,8,9,10,10,10,
4566,3559,2218,3500,3315,4468,1237,1750,3355,3996,3306,4030,---9,10,8,4,10,2,9,9,7,9,6,2,
1680,611,4193,2223,400,50,2899,3286,4729,1465,4027,542,---3,8,8,5,5,8,5,6,8,2,3,6,
4327,171,965,2791,2601,2858,1035,848,2002,1780,3487,---3,2,9,6,8,10,10,10,5,4,5,
448,771,4804,4491,2605,2766,2995,2709,2873,2171,---9,9,10,2,8,4,9,3,4,4,
2244,2087,3496,2023,1390,2994,2990,2710,1367,1818,---6,5,9,9,5,5,7,6,10,8,
804,1797,1609,1162,2767,2160,534,88,932,1983,---10,9,8,2,10,3,4,2,9,9,
83,35,3910,3367,3207,1042,595,2038,4124,4925,---4,4,8,10,8,9,3,10,9,10,
1248,3139,2822,616,3569,4053,4887,3387,3515,2751,---10,9,7,4,4,4,4,5,9,9,
2019,4005,4366,3087,49,4914,4596,2105,1726,---8,5,4,2,2,8,5,9,4,
2435,3396,2760,439,1392,850,3513,4856,2041,---3,8,2,4,3,3,8,8,2,
32,2401,2715,3084,2110,4567,1465,3451,542,---6,6,2,4,6,4,2,5,6,
2696,393,1229,3119,4978,1715,1240,---5,7,5,2,2,2,7,
2919,660,4791,4377,2042,4154,2100,---2,5,7,2,2,2,6,
1032,3674,4676,4149,3702,---5,5,5,3,5,
4554,4149,4254,487,---3,3,4,2,
2897,3466,3998,---2,3,2,
590,2711,---2,2,
