1409,4100,4488,1294,2704,1169,1426,2841,4783,29,2736,3620,4261,3292,557,4317,48,4018,4532,3381,2362,4539,1724,1982,2370,1477,3786,1611,4428,79,3409,1362,1491,1109,856,860,1117,225,610,358,529,4696,4082,3303,2286,3048,1906,4051,1013,425,3192,1918,---10,8,10,4,5,9,4,3,10,7,7,7,2,4,2,8,6,7,8,8,3,10,9,6,6,3,6,3,2,9,3,8,5,2,7,8,8,7,9,5,6,10,6,9,5,2,3,4,10,8,2,2,
1536,1549,4494,3476,2325,663,926,1952,2977,547,421,1062,3751,683,3372,813,4654,943,3248,30,3638,4153,2108,4157,3646,64,928,4803,1734,4555,846,2383,4601,855,4569,2277,1636,4837,363,3574,2937,250,4603,---3,5,6,8,2,9,6,9,4,3,4,2,6,3,8,9,7,2,7,3,9,3,9,8,4,6,7,6,10,2,8,2,7,4,4,2,2,9,9,6,9,2,4,
2819,3076,6,1927,522,1111,1293,920,1172,3736,2719,290,3235,2852,3238,938,2220,4805,3827,694,4407,2620,2245,714,2999,1228,3790,3193,3236,987,2141,4217,4964,678,1895,2410,366,4849,499,3348,4602,1915,2814,---5,9,4,6,4,2,2,6,9,3,10,4,8,7,2,10,3,10,7,4,5,4,2,9,8,8,10,2,8,9,2,2,4,4,5,2,6,10,9,4,6,9,9,
3200,2693,3079,4616,523,1431,2587,1820,672,4515,933,2726,295,297,4523,4140,1455,3763,2232,4793,2251,2744,1234,3926,4537,4708,2651,3676,2658,4068,4581,2150,360,4969,2412,3929,4968,2296,4475,2174,255,---9,7,7,10,10,7,5,4,9,5,4,5,7,5,10,9,10,5,6,9,10,7,4,2,6,7,8,8,7,6,10,3,5,2,5,10,10,3,7,3,4,
256,2562,619,4359,1772,3212,141,2834,403,4628,2460,158,802,423,4135,2093,2610,954,3136,3301,4677,3142,3554,1235,3551,482,1891,2789,2152,1898,3691,3052,240,4337,4851,631,1144,2298,3581,---9,7,10,6,5,8,5,2,8,6,6,8,3,9,4,10,2,7,8,4,3,2,2,2,2,7,8,6,7,6,4,6,4,4,2,9,5,2,5,
896,3969,770,654,3857,1682,1300,789,1135,3103,2080,1827,805,3498,3371,3246,688,3633,3252,4534,1721,315,3403,4427,80,4946,2132,2389,2521,4453,4839,1255,238,1007,627,373,2552,---9,5,7,3,6,3,7,9,4,2,10,9,10,7,10,3,10,4,9,9,7,6,5,5,4,8,4,3,6,3,6,4,9,6,3,6,9,
1921,1922,2762,9,527,656,2833,1814,2976,4394,307,1545,3769,3259,3645,1760,3267,1354,3151,1108,346,3164,2142,1631,2784,2145,2276,3814,2279,3434,1389,4084,2165,2935,3838,---5,7,2,5,7,6,8,2,2,2,7,6,7,9,4,3,5,3,10,5,6,7,5,5,7,7,6,2,4,9,3,7,9,8,5,
2688,1156,1413,2184,3341,2960,2948,284,1693,1438,677,167,1576,1834,4269,304,3122,52,2101,1081,1338,4039,4684,1358,1912,1490,3800,1256,3239,2514,3318,3576,2425,4091,3966,---10,10,7,5,6,10,5,7,4,8,8,10,8,3,7,6,4,4,6,2,4,10,9,4,10,10,7,4,7,5,10,8,9,10,8,
3467,1548,1807,16,659,2456,1691,924,3241,42,176,305,2039,3642,4811,3147,3285,2391,4062,2656,1894,4199,872,4585,1644,367,1524,374,1833,3961,507,894,---3,2,6,4,8,5,7,10,6,6,6,10,10,10,4,4,3,5,7,3,2,10,2,3,7,4,5,7,8,2,9,10,
3328,642,644,4743,3799,922,1053,3232,4771,428,4274,3891,1333,1214,1845,832,4290,4164,4037,4038,4423,4727,3791,3666,1619,2647,2398,4065,1517,629,2167,---4,2,3,10,5,3,10,9,7,3,9,5,2,3,7,6,2,9,10,3,4,2,9,2,6,9,2,6,7,5,7,
772,4745,3598,4497,4884,790,3482,3878,4265,2095,137,2618,571,2877,4546,3651,581,1478,711,1992,4682,587,4556,2256,3419,3429,871,3622,2157,4732,1919,---6,5,7,10,9,2,8,10,5,7,2,9,5,5,10,10,3,9,4,8,6,6,8,8,9,4,8,2,8,9,10,
2691,3717,1417,2314,4973,4626,1811,3863,2844,2758,4646,296,681,3626,2347,4401,3383,3001,702,3650,326,1607,3661,975,3796,3919,2194,1911,3833,3324,170,---9,3,3,8,8,6,8,3,8,3,2,10,2,3,5,10,10,2,9,10,4,4,9,7,8,8,7,8,9,5,6,
1856,363,3589,855,4117,538,4891,2847,3106,3366,683,943,435,1972,2890,3520,2881,4803,4042,4691,2515,471,3161,4186,1146,1763,3562,3443,370,1267,503,3962,3323,4348,277,---5,9,6,4,8,8,5,9,2,2,3,2,6,9,2,2,6,6,9,6,5,9,5,6,7,2,2,9,3,2,4,6,7,2,10,
1282,3203,3078,3336,4875,2317,2702,2451,1428,2582,24,2596,3757,4660,569,3770,1339,4808,593,4707,3547,2527,98,2787,2148,2662,3572,1015,633,4986,---6,3,2,4,10,2,2,8,3,9,9,3,8,8,6,2,8,3,4,5,2,6,3,7,3,5,7,5,5,3,
2690,7,2954,781,2067,1429,417,4877,2213,1318,174,2098,4278,3828,959,2496,1985,1479,2376,4297,3149,3981,853,3158,4133,1958,2545,787,1652,3703,---5,5,5,3,8,7,3,6,5,7,4,9,10,8,5,9,8,5,6,5,7,10,2,7,6,5,7,5,10,7,
4864,3971,4484,4234,2706,2457,1306,28,2590,1445,551,1706,47,4785,3102,3389,703,4040,2891,1875,3172,1509,3431,4847,1777,882,2421,2295,---2,8,8,6,5,3,2,5,6,5,3,5,5,10,2,2,3,7,9,5,6,5,7,8,5,7,6,8,
3201,4483,2753,265,4621,3488,3875,1031,300,4402,4275,1460,4794,4033,2379,3408,3033,135,2781,94,483,2663,1002,893,115,4858,3069,---3,9,5,9,10,4,5,8,6,6,5,4,5,8,8,7,10,4,9,6,5,10,3,8,8,9,10,
3840,2312,2061,1423,25,2334,2849,4645,1190,2217,949,970,4543,4419,3140,1224,2122,719,3417,3471,4832,740,3049,4460,4720,243,376,---8,10,3,2,5,10,2,3,10,10,2,2,9,5,8,10,7,8,9,10,2,9,5,6,10,4,8,
897,577,3221,2461,1950,4903,2729,3250,2484,4919,1595,1217,1092,4165,1094,4168,4171,973,2384,4185,2782,2661,1385,4715,2046,3198,---4,2,10,7,5,4,6,10,6,8,4,2,9,7,10,10,10,3,5,8,5,3,3,4,8,5,
4871,3214,3032,4114,3869,1450,3115,4911,3377,696,2874,3270,4562,4823,600,2395,3036,4576,1380,4072,2537,3050,4075,4824,1006,1129,---7,4,9,8,4,8,3,3,6,7,3,9,8,6,6,10,6,4,7,4,4,2,7,4,5,6,
2304,2692,2183,2952,4747,1294,3354,3877,934,2599,2987,4783,2096,392,2104,443,4034,3779,79,2641,3540,1880,2522,479,4539,4455,1513,362,105,---2,5,6,5,5,4,7,8,10,3,5,10,9,10,9,10,2,7,9,3,4,2,6,2,10,8,3,8,5,
2326,4742,2321,3222,3358,1055,4650,1067,941,3636,3386,1215,2240,1484,3932,3679,4201,745,2028,1136,4465,500,4599,3583,---3,8,9,6,6,4,6,3,3,10,10,3,9,2,7,9,7,8,5,9,7,10,5,9,
3084,400,273,1680,2715,542,32,1697,2340,2223,50,1465,4027,1341,586,3406,4433,2899,3286,3415,4193,3044,3451,3967,---7,2,2,3,4,8,10,10,7,2,2,6,6,5,10,3,6,5,3,6,8,10,6,6,
3458,1548,4749,3855,16,146,2456,1947,3873,2214,1329,1894,2491,2113,1988,200,4811,1264,1359,4176,2780,1766,742,1897,3730,4080,241,3961,894,2943,---4,2,6,9,4,10,5,2,6,7,3,2,8,5,9,2,4,2,4,3,5,6,5,6,3,2,10,2,10,8,
3712,1285,2566,4378,4507,1441,4644,1189,4391,1451,1327,1202,3125,1977,2107,2627,4296,1232,4704,1892,493,4335,2556,---9,2,6,10,10,9,5,6,2,9,10,9,4,7,8,6,10,5,6,3,10,10,6,
4203,3333,3975,1673,526,4869,1184,38,1454,2608,693,4924,3781,4550,984,858,4957,4446,3298,1387,236,3950,1394,---3,7,2,3,4,7,8,6,9,5,2,8,10,3,10,5,10,6,6,2,5,9,6,
2563,3462,1937,2579,4888,4769,2083,3364,4904,3118,4144,2996,700,3133,3009,2882,2246,214,1112,3818,751,2557,1663,---5,8,10,6,5,7,3,2,4,5,6,4,5,6,9,3,6,9,5,7,8,4,10,
3968,1797,1162,3470,3983,661,534,283,3228,3107,804,1065,4151,2238,1983,1862,1609,2640,88,932,604,605,2160,---5,6,2,10,10,9,5,10,6,6,4,4,3,10,8,8,7,8,9,5,9,6,5,
4480,3520,3851,3481,538,2332,2847,3117,3760,4529,2482,435,1591,1856,1601,3639,2511,2515,2005,1370,1116,1763,3307,3822,2800,4853,1526,889,4348,4349,---4,2,3,7,8,10,9,9,2,2,3,6,10,5,8,10,2,5,8,5,7,2,5,4,4,10,7,7,2,10,
772,261,1037,4997,3487,2979,2601,171,1976,1780,1220,965,4682,2892,848,2001,2002,2260,2396,2896,868,4327,3567,2420,---6,3,7,6,4,7,2,8,10,7,4,3,6,8,2,6,5,4,10,4,8,5,6,7,
2946,2570,2700,2925,3602,4244,2971,1349,4128,2594,4520,2606,4421,4689,85,4061,4063,2667,2924,4845,1521,4722,---6,6,5,6,9,6,10,3,6,10,2,9,10,8,8,8,5,5,7,3,4,4,
653,3858,4376,3226,4399,157,2980,1711,1205,952,957,4032,197,3274,460,208,3288,3034,997,1130,317,3320,---10,3,8,6,6,5,10,6,8,6,10,3,4,6,8,8,8,5,10,8,10,6,
641,1668,3079,396,2829,2320,3872,161,4898,3494,4907,3763,2998,2498,2251,2658,4693,706,2143,994,3174,1638,4968,4332,2029,3058,2174,255,---9,7,7,9,4,9,5,3,2,9,2,5,9,8,10,7,6,7,7,5,7,5,10,9,10,6,3,4,
416,1089,1989,4678,1447,4403,3722,2859,812,1746,2926,3121,274,1587,4340,1321,120,2523,1207,618,671,---7,2,3,10,3,9,5,6,10,10,3,3,10,5,4,5,3,4,5,8,7,
3616,2209,195,56,1960,1452,2636,224,3727,4952,3619,1044,4343,3864,2713,2842,4220,3132,4190,2848,---5,10,5,7,2,2,4,9,10,5,8,6,8,10,6,10,10,7,9,9,
1153,1826,699,1860,773,3848,361,3340,4578,4846,4688,2467,1204,181,4246,1401,1114,2875,1210,20,---6,9,8,3,7,4,2,6,8,5,4,10,7,2,8,9,9,6,8,4,
673,2082,4867,3653,4401,520,4272,450,1134,4464,2056,725,1443,820,2517,3095,1336,3001,4733,2526,3157,---9,3,10,8,10,8,10,10,5,8,5,5,3,4,5,4,4,2,5,10,3,
1025,216,3003,4548,1093,545,2024,4139,269,2254,3889,4276,4430,247,3128,1307,3612,2846,3413,---3,3,4,7,7,10,7,4,3,5,2,3,6,3,2,6,3,5,6,
4226,859,5,4326,849,2839,1932,2306,2542,1583,1968,1009,2164,3575,1016,698,2415,254,4255,---7,2,6,9,9,10,5,6,2,8,7,6,2,7,6,8,7,10,10,
3618,3715,3812,1733,838,2471,1896,3129,4605,45,3165,371,3541,1430,2009,4541,2331,188,1725,---4,2,2,8,4,8,3,10,2,5,8,7,3,3,6,10,9,2,10,
2721,4995,3056,3719,936,1514,1003,1900,3890,2894,4239,4560,690,464,1593,186,1076,2109,4959,---10,7,8,2,6,7,8,9,7,5,10,4,8,2,10,4,4,3,2,
289,4610,963,4617,2603,4172,4271,1873,468,1597,4500,4852,1497,3384,4633,4090,1085,3390,3615,---9,5,6,8,3,8,2,8,6,3,5,8,10,6,10,8,3,10,5,
3587,3556,3766,4936,2501,1622,445,1617,1938,980,4789,1398,1183,2363,2428,1149,4670,1253,---8,10,7,2,2,7,8,9,2,10,10,4,3,9,5,9,3,2,
4962,39,3020,3594,3179,4044,3245,3726,4301,4976,1939,2068,3829,2486,3194,4143,1084,4341,---7,5,5,4,10,5,2,4,3,4,3,3,2,3,8,6,5,3,
1792,3041,4642,4101,4966,2407,648,1801,2283,3756,2381,2120,2738,1236,2905,4570,4892,1086,---4,5,8,10,3,8,10,10,4,8,7,9,10,9,5,4,8,4,
2233,3681,2635,1539,3844,1702,3943,777,2187,1391,496,2162,4316,469,919,3960,537,1532,---10,9,9,2,10,8,7,5,10,6,10,2,6,6,5,2,2,7,
3200,4096,4359,2569,3212,3181,2460,4259,933,4390,295,297,4523,2597,2610,4667,4415,3394,3301,3402,3153,1234,3926,2651,1317,3554,4579,4581,2152,1898,423,2412,2669,1512,1779,2806,631,---9,7,6,5,8,10,6,10,4,5,7,5,10,3,2,2,9,4,4,6,10,4,2,8,2,2,7,10,7,6,9,5,5,6,6,2,9,
3936,34,1750,3559,4200,2698,3404,2701,2255,1160,2195,4468,4502,506,3996,666,2207,---3,7,3,2,7,2,5,9,8,6,6,3,6,10,10,3,4,
1890,1158,3654,1543,3145,4331,2895,1806,4573,2769,4980,4503,1844,1499,4477,3294,3941,---6,5,4,9,10,6,2,4,5,9,10,6,7,3,10,4,4,
1156,1413,3341,3342,2575,1808,4627,1557,4504,1693,1576,1834,3122,3379,3902,4039,332,1358,4049,4179,2638,3800,4392,1747,2037,3576,2425,213,---10,7,6,9,4,3,9,9,7,4,8,3,4,6,4,10,6,4,10,4,6,7,4,7,9,8,9,7,
1417,2314,2194,2324,4646,1353,2492,1346,1481,3919,720,93,4961,227,2086,3004,3948,4973,4718,1907,246,4216,---3,8,7,2,2,6,9,4,7,8,6,10,7,10,6,9,9,8,3,9,8,6,
4582,391,40,2953,2730,1259,1840,3272,1748,345,4985,4762,3835,3196,4829,2495,---3,4,7,2,6,10,2,7,6,4,2,2,3,6,8,9,
2436,150,4937,3595,2957,4334,1560,4530,179,3316,3734,3608,1364,1883,3219,---2,9,3,5,8,4,6,7,2,10,10,4,8,3,5,
386,2947,2084,1351,565,3088,1554,2581,182,3480,1530,59,1212,3230,511,---5,9,3,5,6,9,4,4,6,8,10,7,8,9,3,
2435,484,3596,74,1836,1392,3505,850,2041,886,439,4856,3513,990,927,---4,6,2,10,6,6,4,2,7,8,7,3,4,9,4,
1120,3808,2533,2950,4657,2058,4204,301,1167,4625,2259,2292,2812,394,1541,---8,5,6,9,8,3,4,4,4,7,4,8,6,10,4,
2912,3846,2919,1713,4589,3025,755,660,2837,4215,2100,2843,1788,4894,895,---10,3,10,10,10,2,8,4,6,3,9,4,9,3,5,
1504,3809,3652,292,1239,2764,15,3347,510,1975,3993,4890,4929,190,4473,---10,9,7,5,10,7,4,8,2,8,3,9,10,10,8,
2592,993,2308,261,4807,649,2507,1037,892,3567,2001,4819,2420,4631,1976,676,1626,1023,2396,2941,1893,---10,5,7,3,6,7,7,7,3,6,6,6,7,5,10,3,3,5,10,7,2,
3904,1953,2372,1126,233,4298,747,717,1967,884,2838,3684,3738,4798,---8,7,2,3,10,8,3,9,7,6,4,9,4,8,
1632,3464,440,1096,1770,779,2732,536,1106,2774,1176,1241,252,728,---7,7,6,2,2,5,3,3,7,9,4,6,4,2,
4549,913,2408,2761,4874,1523,1489,979,4020,2678,2263,760,1546,1374,---2,3,3,4,4,10,6,4,7,6,9,6,5,10,
2147,1832,3915,2060,2482,4558,1745,946,147,3412,3822,3639,1274,4538,1370,4328,3027,---8,4,6,3,3,5,5,8,5,5,4,10,4,10,5,6,5,
1440,3588,1798,1928,3532,1741,494,4047,3880,501,1021,382,2997,---6,5,5,3,10,6,5,7,10,8,4,8,8,
2371,4228,4710,3143,4552,3209,202,267,3692,342,535,4388,862,---7,3,8,10,4,10,4,9,2,9,4,9,7,
448,961,2788,4804,3242,4491,3997,4723,2995,1078,2873,2171,4970,---8,7,5,9,4,3,2,4,10,5,3,3,2,
2470,1159,3438,4914,4596,1269,3257,1502,4697,1562,1435,4382,4366,---5,8,10,10,9,9,9,10,7,9,8,7,6,
2752,3040,4994,3081,3755,2092,750,1679,4880,3987,404,2909,4927,---6,8,10,4,5,7,3,5,2,8,7,3,8,
2181,2023,3496,907,4364,1390,335,2994,2710,1367,4280,4315,4669,---5,6,6,5,9,4,6,7,8,2,7,7,3,
3221,577,1041,1221,897,1281,1385,2443,3628,3374,3749,4243,2484,3198,2615,2008,3994,2461,1950,4277,---10,2,8,9,4,6,3,4,7,2,6,8,6,5,8,7,4,7,5,8,
4704,977,1795,4037,2727,3210,4235,268,4397,4231,594,3125,922,764,4405,2399,---6,2,7,10,9,4,6,5,7,9,7,4,3,8,2,2,
738,3051,4997,3175,4649,2858,1035,2158,2896,1778,4979,1525,2554,4156,---5,5,6,2,4,6,9,5,4,10,7,2,5,6,
992,35,324,1926,4489,2480,562,83,3701,4311,4124,1309,---6,10,2,4,7,5,6,8,4,6,2,5,
4737,4389,4006,1201,3912,4679,2865,4008,1588,1142,759,1878,---4,7,10,3,7,6,7,7,9,6,3,6,
1762,2315,3627,1871,638,2653,2169,217,2607,3452,989,3262,---9,7,8,6,7,4,4,8,4,6,10,4,
4835,4132,1203,3080,2185,2510,655,4595,3251,854,3894,2329,---8,9,3,8,5,9,6,6,8,2,4,2,
1248,2497,3362,419,2502,4615,2922,1420,3842,723,3387,4799,---9,10,4,7,6,6,6,8,4,5,9,9,
896,2080,770,3299,1796,1425,617,2602,4427,77,238,3633,4946,789,1334,3953,1721,4155,4828,4170,3103,---9,10,7,8,5,10,5,4,5,10,9,4,8,9,10,6,7,7,2,10,2,
3970,2501,1865,695,461,1043,2230,4777,4472,3579,444,2973,1183,---4,2,4,9,6,10,9,5,7,5,3,5,3,
707,485,3436,395,4108,3472,1361,2102,1080,218,60,---7,2,6,5,2,4,3,4,8,7,8,
2531,3947,44,3565,3601,1876,407,4442,220,413,1471,---4,7,10,2,3,9,2,7,10,7,9,
4450,3395,935,2069,4886,3159,2777,730,3356,3610,1077,---6,6,10,9,9,5,5,9,4,3,2,
1345,4870,3916,4750,1040,1684,2262,1785,4668,4926,351,---6,2,9,5,2,8,5,6,6,2,6,
2059,1222,3207,3367,1042,595,2038,4792,3897,4476,4925,---7,4,5,2,2,3,7,4,7,5,10,
256,2562,619,1772,3850,141,2093,1810,403,4628,925,158,3359,802,4135,3625,2989,3123,954,2235,1343,3136,4677,3142,1235,3551,482,1891,2789,3691,3052,2834,4975,240,4337,4851,1144,2298,3581,---9,7,10,5,8,5,10,5,8,6,7,8,3,3,4,5,2,2,7,2,5,8,3,2,2,2,7,8,6,4,6,2,4,4,4,2,5,2,5,
704,123,1282,4707,3972,3078,680,3336,3203,4820,2293,948,1754,3547,1824,1150,2527,---6,2,6,5,10,2,3,4,3,6,2,4,5,2,9,4,6,
1173,2273,1634,3835,100,4582,3272,1259,3821,1840,2129,1365,4022,1851,1695,---8,2,6,3,5,3,7,10,4,2,8,10,5,8,8,
3105,2363,3524,4485,3297,1578,4909,2749,1462,599,2299,1149,4670,---9,9,7,7,3,6,10,7,5,7,8,9,3,
2304,0,4451,2183,2857,2641,4531,2932,3446,2825,1225,3067,4826,---2,7,2,6,7,3,8,10,7,4,4,9,8,
2504,3465,3468,2414,207,3319,953,4345,2845,4318,---6,10,10,3,6,2,6,4,9,6,
3042,1476,3664,3762,3507,4158,119,4920,3131,2974,---3,4,4,4,5,8,10,5,4,2,
3907,2244,325,2087,3435,2988,2990,4371,2772,4283,---3,3,6,7,3,9,4,6,3,2,
3139,2822,616,3569,4053,4887,4281,3515,509,2751,---10,2,6,7,6,7,7,4,9,10,
2754,2307,3909,716,4015,1488,1051,1046,2779,3813,---4,7,9,4,3,8,5,4,8,6,
4616,523,4883,1431,1944,25,2587,1820,2334,672,2849,2863,437,3233,3016,4690,4708,3676,3805,4068,2150,4969,2296,4475,1022,---10,10,7,7,6,5,5,4,10,9,2,7,3,6,3,10,7,8,3,6,3,2,3,7,7,
4032,4417,443,2692,197,934,129,3368,4619,3634,782,1245,3858,3540,1205,3320,4747,4187,157,4766,---3,5,10,5,4,10,7,9,10,9,7,4,3,4,8,6,5,7,5,4,
833,2626,1989,1447,2472,1321,618,4687,840,1746,4403,4340,4790,1207,2479,3082,2239,---10,7,3,3,4,5,8,7,10,10,9,4,6,5,5,3,5,
2665,4778,427,4781,1678,175,1097,1079,1534,---3,8,5,8,4,9,3,9,2,
4131,904,1931,4236,931,4981,3606,3992,159,---2,8,3,4,2,3,9,2,9,
4234,3087,2706,2457,1306,28,2590,4005,47,4785,3102,2105,1726,703,4040,2891,1875,1368,1637,2019,1509,1261,2421,---6,7,5,3,2,5,6,8,5,10,2,7,3,3,7,9,5,5,2,8,5,5,6,
1026,827,4455,2952,105,362,2123,2350,2096,1880,4370,1555,4526,2104,3354,4443,479,---8,7,8,5,5,8,4,3,9,2,2,9,2,9,7,9,2,
1825,452,2248,2953,2730,4877,3631,2578,597,4278,2424,378,4762,---6,10,4,2,6,6,4,7,10,10,4,10,2,
2274,2919,3183,4400,660,4791,4984,4377,2042,4154,---9,10,5,10,4,4,10,2,2,7,
1316,1032,1486,436,4149,3702,4676,4254,---7,5,8,4,8,7,5,6,
3582,507,4199,1833,42,3467,2382,1807,176,1524,4533,374,2391,3241,2923,1691,4711,810,4062,639,---3,9,10,8,6,3,8,6,6,5,10,7,5,6,2,7,7,8,7,6,
4566,3559,488,476,2218,3315,4468,1237,1750,3355,3996,2698,---7,2,5,9,6,2,3,9,3,4,10,2,
4331,612,1995,4078,4477,2289,4980,1913,280,1177,4573,---6,6,9,5,10,4,10,10,4,10,5,
3595,232,3849,2827,845,1527,251,3228,3807,---5,4,4,2,5,2,9,6,6,
1139,4452,1829,3752,4267,686,2131,---7,2,4,3,3,2,2,
2562,4359,2313,3212,141,1942,3096,2460,158,4385,802,4135,2610,4667,3136,3394,4677,482,3153,4579,3551,3554,1891,4196,3301,1235,2152,1898,423,3052,240,1512,4851,631,1144,3577,---7,6,5,8,5,3,2,6,8,7,3,4,2,2,8,4,3,7,10,7,2,2,8,5,4,2,7,6,9,6,4,6,2,9,5,6,
2823,1549,2325,4569,30,1952,2977,1186,547,1062,3751,4650,1067,3372,813,3638,4153,3386,4157,3646,928,3510,1734,4555,846,1636,4837,1508,2277,745,4330,1136,3442,500,4599,250,---2,5,2,4,3,9,4,8,3,2,6,6,3,8,9,9,3,10,8,4,7,3,10,2,8,2,9,9,2,8,3,9,3,10,5,2,
1792,4609,3041,4071,2120,1801,807,3756,2381,648,2738,4947,3607,2905,380,---4,2,5,4,9,10,8,8,7,10,10,6,6,5,6,
1216,4715,1092,4165,4168,1547,3250,2927,3698,3000,3421,2782,---7,4,9,7,10,5,10,2,5,3,6,5,
2465,1282,1990,3078,2439,680,2281,4714,4820,2293,575,---4,6,3,2,6,3,8,3,6,2,9,
166,582,433,1836,74,235,4268,3505,886,4983,927,---6,4,5,6,10,4,6,4,8,2,4,
4835,2343,3080,2185,2445,2510,749,1138,1203,1326,4922,---8,7,8,5,10,9,10,9,3,6,4,
768,2464,1155,3462,2246,13,2446,751,1332,3133,---5,3,10,8,6,7,9,8,9,6,
422,1102,2480,1398,4311,4568,4987,1340,1309,1791,---7,5,5,4,6,10,2,5,5,8,
2147,147,3275,1842,4659,4692,3928,3412,3707,---8,5,9,9,3,5,3,5,7,
1632,1544,1770,779,76,2392,3290,2442,3231,---7,9,2,5,7,7,4,9,6,
448,97,771,2605,2766,2709,4918,2873,2171,---8,8,7,6,2,3,6,3,3,
3169,873,1196,3667,951,4026,---5,3,3,5,5,5,
1411,3598,4623,4497,4884,545,3622,4139,2095,3128,571,2877,4683,4548,711,587,4556,2254,2256,3413,3419,3003,871,2157,3571,4732,4181,1919,---10,7,8,10,9,10,2,4,7,2,5,5,4,7,4,6,8,5,8,6,9,4,8,8,4,9,5,10,
897,1217,4171,2661,577,2729,266,4903,12,3198,3407,2384,973,1950,4919,1595,1052,189,2046,3221,---4,2,10,3,2,6,9,4,10,5,9,5,3,5,8,4,5,9,8,10,
3488,4033,483,420,4275,1031,265,1099,4621,3408,4402,3875,180,3605,1460,1650,3033,2663,2781,94,---4,8,5,6,5,8,9,9,10,7,6,5,2,6,4,2,10,10,9,6,
4080,962,1787,1988,1766,742,3172,4811,1548,3533,1264,146,3971,3061,3961,2456,996,2491,2780,894,---2,9,7,9,6,5,6,4,2,7,2,10,8,6,2,5,7,8,5,10,
2768,4226,5,4326,4744,1932,2306,2542,1583,1968,1009,2164,3575,1016,698,230,573,837,---9,7,6,9,3,5,6,2,8,7,6,2,7,6,8,5,7,3,
32,2401,3451,81,1697,859,3084,4433,273,3765,3415,2558,2715,1342,4255,---10,3,6,5,10,2,7,6,2,4,6,2,4,4,10,
4962,39,712,2535,3020,4301,3726,4341,1687,4379,1084,4414,---7,5,10,7,5,3,4,3,2,3,5,3,
1027,389,3560,395,3472,1361,707,2102,541,3326,485,---9,4,9,5,4,3,7,4,5,10,2,
1604,1316,2409,1100,436,3332,1500,---7,7,6,2,4,6,5,
865,4178,1966,2438,3817,---2,4,5,4,2,
1337,31,1518,294,327,---4,4,3,2,4,
2584,322,1620,4094,1406,---4,3,4,4,3,
1536,387,1549,4494,3476,4117,663,926,1311,1952,2977,3106,547,421,1062,683,4654,943,3248,30,3638,4153,2108,64,4803,846,2383,4691,4601,855,250,1636,4837,3562,363,1140,3574,2937,1146,4603,2686,---3,5,5,6,8,8,9,6,8,9,4,2,3,4,2,3,7,2,7,3,9,3,9,6,6,8,2,6,7,4,2,2,9,2,9,4,6,9,7,4,5,
4161,3115,2537,4871,4072,3721,3050,4075,4114,3214,3377,4562,3991,1129,3032,1380,2874,2395,3036,4159,---9,3,4,7,4,7,2,7,8,4,6,8,5,6,9,7,3,10,6,6,
416,1826,2467,1860,773,3848,361,110,2252,4578,4846,2939,181,120,1114,2875,3678,---7,9,10,3,7,4,2,3,7,8,5,10,2,3,9,6,10,
4704,1441,1451,1285,4405,2566,2727,2556,4235,1393,1202,3125,4310,4378,4231,3613,4351,---6,9,9,2,2,6,9,6,6,8,9,4,8,10,9,9,6,
3693,3587,3556,2614,43,1622,4141,3766,1617,1938,980,4789,1398,2428,445,1253,---9,8,10,9,6,7,3,7,9,2,10,10,4,5,8,2,
1120,2052,1541,454,3880,2533,494,4047,2259,2292,3886,4188,1021,501,---8,3,4,6,10,6,5,7,4,8,7,6,4,8,
2024,4044,3594,3179,3884,1939,3829,2486,247,314,2204,4938,2846,---7,5,4,10,8,3,2,3,3,3,3,5,5,
2912,2416,2884,3846,4589,1357,784,3025,660,2837,2100,2843,1788,---10,9,7,3,10,10,4,2,4,6,9,4,9,
40,2953,2730,715,4829,1748,4342,4985,345,2778,2495,4762,4863,---7,2,6,8,8,6,7,2,4,7,9,2,3,
2435,484,4935,2760,3308,3596,1392,3126,439,4856,3513,990,---4,6,10,4,7,2,6,5,7,3,4,9,
930,4132,1203,2185,1676,655,3251,4916,3894,3287,2329,---7,9,3,5,10,6,8,8,4,6,2,
2021,1607,2056,1134,4401,1395,1336,3001,1980,1157,---8,4,5,5,10,10,4,2,6,8,
352,1569,963,4999,4172,4271,3523,4500,1085,---5,9,6,8,8,2,3,5,3,
4642,1605,2407,2536,3216,4570,379,4892,---8,3,8,2,4,4,8,8,
4870,2546,1304,2938,3806,351,---2,4,4,4,6,6,
4208,329,1981,2621,---4,2,2,4,
1577,3826,4652,788,---2,4,2,4,
4016,2074,259,3503,---2,4,2,3,
3076,6,1927,522,920,3219,3348,3736,2436,290,3235,3236,2725,678,938,2091,4530,2228,694,4407,2620,4805,3608,2999,1364,4964,2410,366,3827,3193,1915,2814,---9,4,6,4,6,5,4,3,2,4,8,8,4,4,10,5,7,6,4,5,4,10,4,8,8,4,2,6,7,2,9,9,
161,4418,2251,1668,3174,3494,3079,4968,396,4907,4332,2658,1638,4689,3763,2174,3447,4537,2143,4830,255,---3,4,10,7,7,9,7,10,9,2,9,7,5,8,5,3,4,6,7,9,4,
4847,3873,4484,1445,551,4864,1706,3431,4749,1359,1777,2453,1947,381,1758,2943,---8,6,8,5,3,2,5,7,6,4,5,3,2,2,7,8,
2209,4546,195,3429,1992,4841,1452,525,1044,4265,3864,3482,2618,4190,2757,---10,10,5,4,8,6,2,6,6,5,10,8,9,9,8,
4549,2761,4874,1489,979,4020,1493,2678,2263,760,923,3804,1546,1374,---2,4,4,6,4,7,2,6,9,6,8,9,5,10,
4162,3395,2925,935,4450,143,1077,3159,730,3356,4061,3263,---6,6,6,10,6,8,2,5,9,4,8,6,
2821,4327,2601,2858,1035,4110,2791,848,1780,965,---6,5,2,6,9,6,3,2,7,3,
4259,4390,1704,233,1779,884,2229,3738,4415,2623,---10,5,4,10,6,6,10,4,9,7,
866,4582,3272,1259,1695,1840,2129,3835,3100,1727,---2,3,7,10,8,2,8,3,10,7,
3515,2822,616,1710,3569,4281,3097,4479,509,2751,---4,2,6,7,7,7,4,9,9,10,
3332,4554,203,1260,436,1316,4254,---6,4,2,5,4,7,6,
704,774,948,4250,3291,1754,---6,2,4,2,6,5,
1943,3109,901,---3,3,2,
4148,3789,3463,---2,3,2,
409,4770,1045,---3,2,3,
1192,2773,4653,---3,2,3,
1994,1469,1629,---2,2,2,
2625,3163,2963,---3,3,2,
2856,3265,3485,---3,2,3,
3589,855,2937,3476,4117,663,538,3106,3366,1267,683,943,3248,435,3323,3520,4803,4042,4691,2515,471,4347,3161,4186,3962,1763,3562,363,370,3443,503,4601,1146,4219,4348,277,---6,4,9,8,8,9,8,2,2,2,3,2,7,6,7,2,6,9,6,5,9,3,5,6,6,2,2,9,3,9,4,7,7,5,2,10,
258,363,3589,855,2937,3476,4117,663,538,3106,3366,683,943,3248,435,3520,4803,4042,4691,2515,471,3161,4186,3962,1763,1639,3562,3443,370,1267,503,4601,1146,3323,4348,277,---9,9,6,4,9,8,8,9,8,2,2,3,2,7,6,2,6,9,6,5,9,5,6,6,2,9,2,9,3,2,4,7,7,7,2,10,
363,3589,855,2515,3476,4117,663,538,3248,3106,3366,683,943,4528,435,3520,4803,4042,4691,1507,4601,471,3161,4186,3962,1763,3562,3443,370,1267,503,2937,1146,3323,4348,277,---9,6,4,5,8,8,9,8,7,2,2,3,2,8,6,2,6,9,6,10,7,9,5,6,6,2,2,9,3,2,4,9,7,7,2,10,
3589,471,435,2515,2937,3476,4117,663,538,3106,3366,683,943,3248,3443,1720,3520,4803,4042,4691,4563,855,3161,4186,1146,1763,3562,363,370,1267,503,4601,3962,3323,4348,277,---6,9,6,5,9,8,8,9,8,2,2,3,2,7,9,9,2,6,9,6,6,4,5,6,7,2,2,9,3,2,4,7,6,7,2,10,
3969,3206,654,3857,1682,1300,1135,4767,1827,805,3371,3246,315,3403,80,594,2132,2389,2521,4453,1255,1007,373,2552,---5,6,3,6,3,7,4,6,9,10,10,3,6,5,4,7,4,3,6,3,4,6,6,9,
896,770,899,789,3103,2080,3498,688,3633,3252,1721,4155,4170,4427,77,4431,4946,4828,3299,4839,238,3953,627,2602,---9,7,6,9,2,10,7,10,4,9,7,7,10,5,10,3,8,2,8,6,9,6,3,4,
2688,2184,2960,284,1438,677,3239,1834,4269,304,2101,1081,1338,4684,2514,1256,1010,3318,1912,4091,3966,4095,---10,5,10,7,8,8,7,3,7,6,6,2,4,9,5,4,2,10,10,10,8,2,
2736,2370,3620,1477,2982,3409,1611,2221,1491,557,48,1169,4082,4051,4532,1013,3192,2362,3292,1117,1982,---7,6,7,3,6,3,3,4,5,2,6,9,6,4,8,10,2,3,4,8,6,
2262,1345,3107,932,1797,1862,1609,1162,3916,1040,1684,1492,661,534,4151,88,1785,2906,4668,2238,---5,6,6,5,6,8,7,2,9,2,8,2,9,5,3,9,6,4,6,10,
2844,3650,326,4108,170,2347,3468,877,681,1073,4626,1811,3324,3863,1080,953,218,60,2845,---8,10,4,2,6,5,10,7,2,9,6,8,5,3,8,6,7,8,9,
4480,3760,1601,925,3401,3307,3117,2511,2800,4529,2005,1526,3625,3481,2235,1744,4349,3359,---4,2,8,7,7,5,9,2,4,2,8,7,5,7,2,7,10,3,
961,1826,1204,773,1153,3848,3340,1250,4846,4688,20,181,1078,1401,1114,2875,3792,1210,---7,9,7,7,6,4,6,6,5,4,4,2,5,9,9,6,7,8,
32,1697,2715,3044,4433,586,4567,3084,3406,273,3415,615,1465,3451,1341,542,3967,---10,10,4,10,6,10,5,7,3,2,6,7,6,6,5,8,6,
2371,4710,4552,3209,202,267,3692,2028,1067,4339,3253,535,745,3932,4650,1215,---7,8,4,10,4,9,2,5,3,9,6,4,8,7,6,3,
2624,833,2626,4049,840,3082,213,332,2575,4305,1747,1557,4790,4504,2239,---9,10,7,10,10,3,7,6,4,6,7,9,6,7,5,
2144,2408,2761,4874,3223,1523,913,979,4020,2678,2263,760,1546,1374,---7,3,4,4,2,10,3,4,7,6,9,6,5,10,
3618,1571,3812,1896,45,1725,371,1430,4605,188,3165,2942,---4,5,2,3,5,10,7,3,2,2,8,9,
992,35,1926,3910,4489,2666,562,1042,83,3701,4124,---6,10,4,9,7,8,6,2,8,4,2,
2273,1365,2698,3821,2255,4881,1173,4022,1851,476,4661,---2,10,2,4,8,5,8,5,8,9,3,
2181,3496,907,4364,4782,335,1367,4280,4315,4029,---5,6,5,9,2,6,2,7,7,10,
3808,3108,2950,394,4204,301,1167,4656,4625,2058,---5,3,9,10,4,4,4,3,7,3,
4450,3395,935,3388,1649,1077,3159,2777,730,3356,---6,6,10,3,10,2,5,5,9,4,
4193,611,2340,400,2899,4729,1465,4027,542,---8,7,7,2,5,8,6,6,8,
1488,2754,2307,3173,716,4015,3696,1046,2779,---8,4,7,4,4,3,6,4,8,
2435,842,235,4268,1392,439,3513,2813,---4,6,4,6,6,7,4,4,
485,3398,395,3472,1361,885,2102,---2,5,5,4,3,7,4,
2584,1620,322,1948,3831,---4,4,3,2,3,
57,212,---2,2,
746,474,---2,2,
347,2524,---2,2,
3758,2695,---2,2,
4120,3802,---2,2,
584,2818,---2,2,
1074,4861,---2,2,
2564,3327,---2,2,
3013,3535,---2,2,
272,763,---2,2,
256,2562,619,1772,3850,141,2093,1810,403,4628,925,158,802,4135,2989,3123,954,1343,3136,4677,3142,1235,1594,3551,482,1891,2789,3691,3052,2834,4975,240,4337,4851,1144,2298,3581,---9,7,10,5,8,5,10,5,8,6,7,8,3,4,2,2,7,5,8,3,2,2,10,2,7,8,6,4,6,2,4,4,4,2,5,2,5,
1921,1922,2762,9,527,656,2833,1814,279,2976,4394,307,1545,3769,3259,3645,1760,3267,1354,3151,1108,346,3164,2142,1631,2784,2145,2276,3814,2279,3434,1389,4084,3838,---5,7,2,5,7,6,8,2,4,2,2,7,6,7,9,4,3,5,3,10,5,6,7,5,5,7,7,6,2,4,9,3,7,5,
641,1922,706,1679,2833,3987,404,1814,281,2976,4898,307,3769,3259,4927,3872,2498,3267,2762,1108,4693,3164,2142,2784,2276,3814,3434,1389,3058,2935,3838,---9,7,7,5,8,8,7,2,5,2,2,7,7,9,8,5,8,5,2,5,6,7,5,7,6,2,9,3,6,8,5,
4745,3598,4497,4884,790,3482,3878,4265,2095,137,2618,571,2877,2369,4546,3651,581,1478,711,1992,587,4556,2256,3419,3429,871,3622,2157,4732,1919,---5,7,10,9,2,8,10,5,7,2,9,5,5,5,10,10,3,9,4,8,6,8,8,9,4,8,2,8,9,10,
2688,2184,2960,659,924,1438,677,167,4269,305,52,2101,1081,1338,3147,4684,210,3285,1256,1644,2514,367,872,3318,2039,1912,4091,3966,---10,5,10,8,10,8,8,10,7,10,4,6,2,4,4,9,10,3,4,7,5,4,2,10,10,10,10,8,
1549,3476,2325,663,926,928,2977,1186,547,1062,3248,4787,30,3638,4153,2108,3646,1952,846,4601,1636,1508,4837,4714,3442,3574,2937,250,---5,8,2,9,6,7,4,8,3,2,7,5,3,9,3,9,4,9,8,7,2,9,9,3,3,6,9,2,
3201,644,135,265,4621,1053,3875,420,300,4402,180,1845,4033,3778,4038,2379,3408,1619,3033,2781,483,1002,1517,629,3069,---3,3,4,9,10,10,5,6,6,6,2,7,8,5,3,8,7,6,10,9,5,3,7,5,10,
4544,2148,2787,2596,569,2662,4875,2317,2702,4143,3572,593,4660,3194,2582,1015,633,4986,1339,3770,2068,---4,3,7,3,6,5,10,2,2,6,7,4,8,8,9,5,5,3,8,2,3,
4044,4962,39,2024,3884,3594,3179,1708,4301,3726,3245,4976,1939,3829,2486,247,2204,2846,4341,---5,7,5,7,8,4,10,5,3,4,2,4,3,2,3,3,3,5,3,
1184,2240,4203,260,3333,38,1673,1387,4742,2608,4869,693,984,858,1055,4924,4957,3781,---8,9,3,4,7,6,3,2,8,5,7,2,10,5,4,8,10,10,
392,3779,3877,2599,2952,105,362,2123,2350,2096,1880,4455,2104,3354,2522,2078,479,---10,7,8,3,5,5,8,4,3,9,2,8,9,7,6,7,2,
1680,4995,936,1003,1900,50,2894,4239,4560,690,1076,3662,3286,2223,2109,4959,---3,7,6,8,9,2,5,10,4,8,4,4,3,2,3,2,
1890,3654,1158,1543,3145,2895,1806,4573,2769,4980,4503,1844,1499,2013,3294,3941,---6,4,5,9,10,2,4,5,9,10,6,7,3,9,4,4,
578,5,4326,3575,4255,4226,2415,1968,849,2164,2558,254,2839,859,1342,3765,---8,6,9,7,10,7,7,7,9,2,2,10,10,2,4,4,
386,2947,2084,1351,4683,565,2063,3088,1554,2581,4623,1530,59,3230,511,---5,9,3,5,4,6,9,9,4,4,8,10,7,9,3,
3618,1733,838,2471,1896,4605,45,3165,371,3893,1430,3129,2331,188,1725,---4,8,4,8,3,2,5,8,7,5,3,10,9,2,10,
2721,1700,3056,3719,936,1514,1900,690,2894,464,1201,3890,4560,1593,186,---10,2,8,2,6,7,9,8,5,2,3,7,4,10,4,
2464,2659,3524,4485,3462,4909,2749,1332,1462,2299,2363,1149,4670,751,---3,5,7,7,8,10,7,9,5,8,9,9,3,8,
386,2947,2084,1351,4683,4623,3088,1554,2755,565,3480,1530,59,3230,---5,9,3,5,4,8,9,4,8,6,8,10,7,9,
4576,3270,2801,1450,4158,4824,1006,4911,600,3214,4823,696,3869,2974,---4,9,2,8,8,4,5,3,6,4,6,7,4,2,
1864,2953,2730,715,4829,2248,2578,4985,2424,345,2778,3196,4762,---5,2,6,8,8,4,7,2,4,4,7,6,2,
4577,2627,1892,805,4296,3403,4335,4644,2107,2132,2521,1327,4767,---9,6,3,10,10,5,10,5,8,4,6,10,6,
3681,1539,3844,1702,3943,1532,3725,496,2162,919,3960,537,4316,---9,2,10,8,7,7,10,10,2,5,2,2,6,
131,1489,2408,2761,4874,1523,913,979,4020,3223,760,1546,1374,---2,6,3,4,4,10,3,4,7,2,6,5,10,
3809,3652,292,1239,2764,15,3347,1975,3993,4890,4929,2493,190,---9,7,5,10,7,4,8,8,3,9,10,2,10,
4994,356,3081,3755,2092,750,1679,2320,3987,404,2909,4927,---10,5,4,5,7,3,5,9,8,7,3,8,
2571,932,1797,1609,3849,1162,2827,534,1065,2906,1983,3807,---4,5,6,7,4,2,2,5,4,4,8,6,
1953,2372,1126,233,4298,747,3788,1967,884,2838,3684,3738,---7,2,3,10,8,3,4,7,6,4,9,4,
4737,3912,4006,4679,4008,3920,2865,1588,1142,759,1878,4389,---4,7,10,6,7,3,7,9,6,3,6,7,
2497,3842,419,2502,4615,1544,2922,1420,723,3289,2442,4799,---10,4,7,6,6,9,6,8,5,8,9,9,
2023,3496,777,1390,1391,2994,469,2710,1367,2233,1818,---6,6,5,4,6,7,6,8,2,10,5,
4228,4422,4710,3020,862,342,4388,4379,1084,4414,3253,---3,6,8,5,7,9,9,3,5,3,6,
3749,2443,12,3374,1553,4659,4277,2008,3707,189,1221,---6,4,10,2,2,3,8,7,7,9,9,
1750,3559,488,2218,3500,3315,4468,1237,4566,3355,3996,---3,2,5,6,8,2,3,9,7,4,10,
1698,3042,1006,3664,4824,3762,3507,4823,4920,3131,4158,---5,3,5,4,4,4,5,6,5,4,8,
4835,4132,3251,3080,2185,655,1203,854,3894,2329,4825,---8,9,8,8,5,6,3,2,4,2,8,
1345,4870,1040,3916,4750,4496,1684,2262,1785,4668,351,---6,2,2,9,5,8,8,5,6,6,6,
2059,1222,3207,3367,595,2038,1815,4792,3897,4476,4925,---7,4,5,2,3,7,9,4,7,5,10,
2848,2209,195,1960,3565,1998,3727,1876,407,220,---9,10,5,2,2,6,10,9,2,10,
2788,3335,3242,4723,1204,1078,1210,3515,4970,2751,---5,3,4,4,7,5,8,4,2,10,
804,1797,1609,1162,2767,2160,534,88,932,1983,---4,6,7,2,9,5,5,9,5,8,
484,3879,2760,3596,1392,850,3513,4856,2041,990,---6,6,4,2,6,2,4,3,7,9,
4450,3395,935,3388,3255,1077,3159,2777,730,3356,---6,6,10,3,4,2,5,5,9,4,
448,2433,771,97,2605,2766,4918,2873,2171,---8,4,7,8,6,2,6,3,3,
352,4999,2504,1873,498,3319,1597,4318,---5,8,6,8,3,2,3,6,
1152,3505,1836,433,850,886,2041,927,---4,4,6,5,2,8,7,4,
2435,3396,2760,1392,850,439,2041,---4,7,4,6,2,7,7,
3808,2058,4204,301,1167,4625,2559,---5,3,4,4,4,7,7,
2627,1892,4839,3246,3857,3218,899,---6,3,6,3,6,6,6,
2181,907,4782,335,4280,4315,4207,---5,5,2,6,7,7,7,
