3520,258,3589,855,4803,3476,277,663,4563,538,3443,2847,1952,4528,3106,547,1062,683,943,3248,435,1972,1720,4042,1856,2881,4601,4219,4891,2890,846,1507,4691,2515,471,4347,3161,4186,3962,1763,1636,3366,1639,3562,363,370,1267,3574,503,2937,1146,3323,4348,4117,---10,10,10,2,8,8,4,6,7,7,3,10,8,3,4,9,6,7,4,5,9,9,5,4,10,7,4,8,2,9,6,2,5,9,7,7,10,9,3,4,7,4,5,4,2,6,8,5,3,5,8,8,5,9,
1409,4100,4488,1294,557,2704,529,1426,2841,29,2736,3620,4261,1169,425,4082,4783,48,4018,3292,3381,4532,2362,4539,1724,1982,4317,2370,1477,3786,1611,4428,79,3409,1362,4051,1109,856,860,1117,225,610,358,3303,4696,2286,3048,1906,1491,1013,3192,1918,---4,4,9,8,10,10,9,7,7,10,4,3,8,9,3,4,6,5,5,9,10,4,3,9,2,9,8,5,2,8,6,5,5,6,5,3,3,7,4,5,3,9,4,7,3,4,2,3,3,9,5,6,
3200,1668,2693,3079,4616,2412,523,396,1431,2587,1820,672,161,4515,933,2726,295,297,4523,4140,1455,3763,2744,4537,2232,2251,4708,1234,3174,3926,4793,3929,2651,3676,3805,2658,4068,4581,2150,3494,360,4969,4332,4968,2296,4475,2174,255,---8,8,2,2,9,10,5,5,2,6,10,3,6,8,5,3,3,3,9,9,8,6,5,2,9,7,3,8,9,2,8,10,2,9,7,7,9,9,4,10,8,5,10,9,7,2,6,9,
2819,3076,1927,522,1560,3219,3348,150,3736,2436,2923,2719,290,987,3236,938,4530,499,2228,694,4407,2620,4805,3608,714,2999,1228,3790,1364,4217,1883,2141,4964,4711,2410,1895,366,3827,3582,3193,1915,810,2814,639,---4,3,8,6,10,8,7,10,6,8,4,10,2,4,4,10,3,10,8,6,7,3,10,5,5,4,9,9,6,6,8,6,2,10,7,3,2,3,5,10,9,7,5,10,
1921,1922,641,1545,2829,527,2498,2833,1814,281,3872,4898,4394,307,2998,9,3769,3259,2762,2976,706,3267,1354,1108,4693,346,3164,2142,1631,2784,2145,994,2276,3814,2279,3434,2029,3058,4084,1389,3838,---10,7,5,9,6,9,5,4,4,7,2,2,5,10,2,9,2,4,6,7,2,10,6,8,5,7,7,8,5,7,5,3,2,4,2,3,3,7,3,4,7,
3458,3467,1548,3855,16,3730,659,2456,1691,924,2214,1329,1833,42,176,305,3241,3642,2113,4811,200,3147,4176,3285,2391,1807,4062,2656,1894,4199,872,1897,1644,367,241,1524,374,2039,3961,507,894,---8,3,2,3,9,9,10,7,9,4,9,7,7,2,7,10,10,8,7,7,6,7,10,9,9,9,2,8,8,5,10,6,5,2,9,6,2,10,3,3,9,
256,2562,619,3052,3850,141,2989,2834,403,4628,925,158,3359,802,4135,3625,2093,3123,1594,2235,1343,3136,4677,3142,3401,1235,954,3551,482,1891,2789,3691,1772,1810,4975,240,4337,4851,1144,2298,3581,---9,8,6,6,10,3,2,2,8,8,6,3,7,7,2,5,5,9,5,8,7,5,5,4,4,8,3,10,6,8,2,9,6,9,4,4,4,5,6,4,9,
2691,3717,1417,2314,1346,2194,1811,4718,3863,2844,673,2082,1443,2758,4646,296,681,170,2347,4401,4626,3383,3001,702,3650,326,1607,3661,975,3796,3919,93,4973,1134,4464,1911,3833,3324,3626,---3,8,10,7,9,2,4,2,4,7,7,7,4,9,2,3,6,6,2,7,7,5,5,4,6,10,2,9,4,10,5,8,7,2,5,5,7,6,4,
896,3969,770,654,3857,1682,1300,789,1007,3103,2080,1827,805,3498,3371,3246,688,3633,3252,4534,1721,315,4767,4427,3403,80,4946,2132,2389,2521,4453,1255,4839,238,1135,627,373,2552,---4,5,2,5,3,8,10,7,10,5,7,6,6,2,3,9,5,7,3,8,8,5,2,9,2,6,2,4,4,2,7,3,10,4,2,3,6,7,
3712,1285,2566,1293,1172,920,4378,4507,1441,4644,6,678,4391,1451,2220,1327,1202,4405,1977,2107,3125,2627,2245,4296,1232,1111,2852,1189,4704,1892,3238,493,4335,4849,4602,2556,---8,10,8,2,9,5,4,3,2,10,5,4,2,3,5,8,4,2,8,10,2,8,10,10,5,8,4,2,9,3,7,6,7,2,4,9,
1156,1413,2184,3341,3342,2575,1808,4627,1557,4504,284,1693,677,3239,1576,1834,304,3122,3379,1081,3902,4039,332,1358,4049,4179,213,3800,1256,4392,1747,2037,3576,2425,2638,---10,3,3,8,5,9,6,8,9,6,8,4,7,3,5,7,6,4,6,6,5,2,10,7,5,4,4,10,9,8,9,10,7,7,2,
1411,137,3598,4497,4884,790,3482,3878,4265,2095,4745,2618,571,2877,2369,4546,3651,581,1478,711,1992,587,4556,2256,3419,3429,871,4841,3622,2157,3571,4732,1919,---6,10,10,3,5,2,5,7,8,6,6,6,4,2,8,7,8,4,3,3,10,5,7,8,8,5,9,10,10,2,8,8,4,
2690,3588,1798,7,2954,3981,2067,1429,417,2213,1318,174,2098,2997,3828,959,2496,1985,1479,2376,4297,3532,3149,781,853,3158,4133,1958,2545,787,1652,3703,382,---5,6,6,9,4,4,10,8,10,10,4,5,9,3,2,10,6,8,5,10,7,9,5,4,4,9,8,7,6,2,6,10,3,
3328,642,644,4743,2647,3778,922,1053,3232,4771,428,4274,3891,1333,1214,1845,832,4290,4164,4037,4038,4423,2167,3791,3666,1619,3799,2398,4065,1517,629,4727,---3,2,3,10,2,7,5,8,9,6,8,8,8,3,4,3,7,3,4,6,10,3,2,7,5,10,3,8,9,5,2,5,
4483,2326,4742,3692,4621,2321,3222,3358,1055,3488,4650,1067,941,3636,3386,1215,2240,4552,3932,4794,3679,2663,745,2028,1136,4465,115,500,4599,4858,893,---10,7,3,9,7,6,6,4,10,5,6,10,8,10,5,10,10,4,7,6,6,4,2,3,9,5,5,5,2,9,10,
129,2692,2952,4747,782,3354,2078,3877,934,2599,3368,2987,2096,392,4766,2104,443,4417,4034,3779,2123,3540,1880,2522,4187,1245,479,4619,1513,362,105,---2,5,5,7,7,5,9,6,2,4,8,5,5,5,10,7,4,5,8,9,8,6,7,6,4,5,8,10,8,5,2,
3084,400,273,1680,2715,542,4255,32,1697,2340,2223,50,3765,1465,4027,1341,1342,4193,586,3406,4433,2899,3286,3415,859,2401,3044,3451,2558,3967,---10,10,6,6,6,2,4,9,10,10,3,5,6,10,8,9,9,8,2,7,5,4,8,9,5,6,5,7,5,8,
4864,3971,4484,4234,2706,2457,1306,28,3102,1445,551,1706,47,4785,2590,3389,703,4040,2891,1875,1368,3172,1509,3431,4847,1777,882,2421,2295,---10,6,9,10,8,2,3,9,2,4,8,8,7,5,2,8,7,6,7,2,4,5,8,3,6,2,4,7,10,
2317,3727,1044,3864,2713,2842,3616,2209,3619,2596,1960,1452,56,314,1339,3132,2848,195,4938,2636,593,1876,4952,3770,224,4343,633,4986,4220,---3,2,7,10,8,3,2,9,3,10,2,6,10,5,3,10,8,3,5,7,4,6,9,4,4,9,4,5,9,
4096,4359,2569,3212,3181,2460,4259,1317,4390,423,2610,4667,4415,3394,3402,3153,2597,3554,4579,3301,2152,1898,2669,1512,1779,2806,631,---10,4,5,10,8,6,10,3,6,8,7,3,9,10,2,7,8,10,2,6,3,10,4,4,9,8,3,
897,1281,2443,12,4243,3221,3994,2461,1950,3749,4903,2729,3374,2484,4277,2615,189,577,1221,4171,973,2384,2008,2661,1385,3198,2046,---5,3,7,8,9,8,9,10,7,4,7,9,10,10,8,10,5,7,9,4,3,7,2,4,6,10,9,
4871,3721,3214,3032,4114,3991,3869,1450,3115,4911,3377,2874,4159,3270,4562,4823,4824,2395,3036,4576,1380,4072,2537,3050,4075,1006,1129,---2,10,4,7,9,10,10,3,5,9,4,3,7,9,6,4,9,10,2,2,8,6,6,3,3,4,8,
3972,2312,2061,3471,1824,4645,1190,2217,948,949,970,4543,4419,3140,1990,2122,719,1754,1423,4832,740,4460,4720,243,123,1150,---4,6,10,5,5,6,10,3,4,9,5,7,3,9,4,4,8,8,2,6,10,8,5,6,4,10,
1282,3203,3078,3336,4875,2702,2451,1428,2582,24,680,3757,4660,569,4808,4707,4820,3547,2527,98,2787,2148,2662,3572,2293,1015,---5,3,3,9,5,10,4,8,3,7,6,3,6,6,6,2,6,3,2,3,9,5,8,4,2,3,
772,4997,1037,3487,2979,261,2601,171,1976,1780,1220,965,4682,2892,848,2001,2002,2260,2396,2896,868,4327,2158,3567,2420,2941,---8,2,3,8,6,9,6,4,2,2,5,10,5,8,9,9,8,3,2,4,7,7,2,3,5,5,
2946,2570,2700,2925,3602,4244,2971,4421,4128,2594,4520,2606,4418,1349,4689,85,143,4061,4063,2667,2924,4845,1521,4722,3447,---7,6,2,2,3,4,8,10,9,3,9,9,7,7,10,9,8,7,8,2,7,3,5,6,3,
3968,1797,3849,1162,2827,3470,3983,534,283,3228,804,1983,1609,845,2640,88,932,604,605,3807,232,2160,1527,251,1277,---3,4,2,4,6,2,5,5,8,9,10,4,10,4,9,5,9,5,8,6,4,2,5,10,8,
1536,1549,4494,3476,4117,663,926,1952,2977,3106,547,421,1062,3751,683,3372,813,4654,943,3248,30,3638,4153,2108,4157,64,4803,1734,4555,846,2383,4691,4601,855,4569,250,2277,1636,4837,3562,363,3574,2937,1146,4603,---6,6,4,8,9,6,4,8,7,4,9,9,6,3,7,4,5,5,4,5,8,6,10,9,2,5,8,2,3,6,2,5,4,2,4,10,9,7,10,4,2,5,5,8,7,
2563,3462,2446,1937,2579,4888,4769,2083,3364,4904,3118,2996,700,3133,3009,2882,2246,1112,3818,751,2557,1663,---6,8,8,8,8,6,4,2,2,6,7,8,2,5,6,10,8,4,2,6,9,3,
4226,5,4744,1932,2306,2839,1583,1968,698,573,837,2768,849,230,4326,2542,2415,1009,2164,3575,1016,254,---8,8,5,5,9,9,3,2,6,8,7,10,3,5,9,2,6,5,3,7,5,4,
3715,4617,2331,927,289,3618,838,2471,45,433,188,4541,1733,582,3541,2009,3165,3812,1896,1725,3505,4090,---8,2,10,5,3,2,9,6,4,9,4,9,9,7,9,6,9,5,2,4,9,2,
4032,3105,2980,997,1205,957,1130,460,653,4399,208,952,3858,3320,317,157,3288,3034,3274,1578,197,---7,6,3,3,10,6,7,2,9,4,3,4,4,5,6,6,10,4,6,7,9,
416,1089,1989,4678,1447,1321,618,2859,812,274,2926,3121,1746,4403,4340,1207,120,1587,2523,3722,671,---4,10,3,8,5,8,6,5,6,9,3,7,7,6,8,10,7,6,5,9,2,
4480,3520,3481,538,2847,3117,3760,4529,2482,435,3639,1856,1601,1591,2511,2515,2005,1370,1116,1763,3307,3822,2800,4853,1526,889,4348,4349,---6,10,2,7,10,4,10,2,4,9,6,10,4,4,8,9,5,2,5,4,3,10,3,5,4,9,5,8,
2492,1217,227,2086,4961,3004,266,3948,3407,720,3000,2927,1907,2324,246,1481,4216,1595,1052,1353,---10,7,10,7,8,9,6,8,2,5,3,3,8,6,5,5,10,9,6,7,
545,1708,4548,1093,1025,2024,2204,4139,3884,269,4430,3245,2254,216,3413,247,3128,3003,3612,2846,---5,9,5,8,6,10,9,10,10,7,10,8,6,2,4,4,9,7,5,8,
3298,4203,1745,3950,4550,3975,1832,1673,3915,1387,236,526,4328,946,3027,1454,4558,4538,4957,4446,---3,3,4,4,2,5,8,5,3,3,10,3,3,8,5,7,3,5,8,7,
961,1826,2467,2788,773,1153,3848,3340,1250,4846,4688,1204,20,181,1078,1401,1114,2875,3792,1210,---2,7,4,10,9,7,4,10,6,8,5,4,10,2,4,9,6,6,7,2,
3297,3587,3556,1253,1462,4936,2749,2299,1149,3766,1617,980,4789,1622,599,3524,2363,2428,445,4670,---3,8,9,10,5,2,2,6,6,2,5,5,10,10,7,7,6,4,4,3,
4033,3875,420,135,3201,265,1002,2379,483,3069,3408,4402,4275,180,1460,1031,3033,2781,94,---2,6,5,3,3,8,5,3,7,3,7,8,5,8,8,7,8,3,4,
386,2947,2084,1351,4489,2666,3701,3088,1554,2755,565,182,511,3480,1530,59,1212,3230,2581,---2,8,7,4,10,6,7,4,6,5,10,8,6,7,4,3,9,8,5,
4566,488,3315,1750,3559,1160,2124,2218,3404,2701,4200,2195,4468,1237,4502,666,3355,3996,2175,---6,3,7,4,9,4,6,9,6,2,8,4,10,6,4,6,3,2,6,
2912,2274,3846,2919,4589,3183,2416,3025,660,2837,1357,4984,2100,2042,2843,1788,4154,4894,895,---9,4,3,9,8,7,9,4,8,5,3,10,7,8,3,2,4,7,5,
4642,4101,4966,2407,648,1801,2283,1026,2905,2536,4370,1555,1236,642,3799,2120,3891,4570,4443,4892,1086,---10,7,10,7,8,2,3,10,5,3,6,8,10,2,3,9,8,8,7,3,8,
4962,39,4044,3594,3179,3020,4301,3726,4143,4976,1939,2068,4341,2486,3194,4379,1084,3829,---3,10,6,9,2,7,3,7,7,7,2,10,2,7,10,4,10,8,
3681,2187,3844,1702,3943,777,537,2635,1391,496,2162,1539,4316,469,919,3960,2233,1532,---9,9,3,3,8,6,2,4,6,2,4,6,10,3,2,2,7,2,
3719,464,4995,3056,2721,936,1514,1003,1900,3890,2894,4239,4560,690,1076,186,2109,4959,---2,5,8,10,8,3,3,4,6,6,6,4,4,2,7,8,9,5,
40,4582,391,3272,2953,2730,1259,1840,2129,1748,345,4985,4762,3835,3196,4829,2495,---8,5,5,7,8,3,4,8,6,3,9,3,4,2,8,5,9,
2688,2960,659,924,1438,167,3241,4269,305,52,2101,1338,374,3147,4684,1490,3285,3642,4062,2656,507,872,4585,1644,2514,367,3318,2039,1912,4091,3966,---3,4,10,4,4,4,10,7,10,2,5,10,2,7,7,5,9,8,2,8,3,10,10,5,5,2,10,10,8,8,8,
4864,3971,4484,4749,146,1947,3873,1445,551,1706,2491,4080,962,1988,3533,1359,2780,3172,1766,742,3431,4847,1264,1777,3061,2943,---10,6,9,8,6,5,5,4,8,8,6,9,7,9,4,4,3,5,2,10,3,6,7,2,8,5,
1497,963,2603,4172,4610,1597,1873,4500,4852,4633,3384,468,4271,1085,3390,3615,---8,5,2,8,2,9,4,5,9,10,3,8,6,7,6,6,
3904,1953,2372,1126,233,4298,747,3788,717,1967,884,2838,3684,3738,4798,---6,8,8,10,6,4,6,7,4,3,6,9,9,4,7,
2304,0,4451,214,2183,1225,2825,4144,2641,4531,2932,3446,2857,4826,3067,---3,3,10,10,10,5,6,5,3,9,6,3,9,9,3,
1504,3809,292,4929,1975,2764,15,3652,3347,510,1239,3993,4890,190,4473,---9,6,10,10,7,4,8,9,2,8,9,9,4,5,7,
1762,3941,3145,3627,2895,1806,2607,1844,638,2653,2169,1871,3452,989,3262,---10,4,3,4,7,4,5,9,10,6,3,10,8,9,6,
3808,1120,1541,2950,4657,394,4204,301,1167,4625,2259,2292,2812,2058,2533,---6,3,9,10,3,8,2,7,7,8,3,5,6,5,8,
2181,2023,3496,335,907,4364,4782,4029,2994,1390,2710,1367,4280,4315,4669,---3,2,4,3,9,10,5,7,3,10,6,4,5,5,5,
1797,1162,1040,1684,661,534,3107,932,4151,4668,2238,1983,1345,1862,1609,3916,1492,2262,88,804,2906,2160,1785,---4,4,10,5,3,5,7,9,6,2,2,4,10,7,10,7,9,4,5,10,5,2,9,
673,2082,4867,3653,4401,2056,4272,450,1134,4464,520,725,1443,820,2517,3095,1336,3001,4733,2526,3157,---7,7,2,8,7,7,3,5,2,5,8,6,4,5,3,6,9,5,9,6,9,
4096,2849,3049,2597,4385,1224,2569,3402,2669,2863,376,4883,1022,1942,3417,1944,25,3840,2334,1317,---10,9,6,8,4,6,5,2,4,6,3,8,10,3,5,8,5,4,7,3,
3233,356,1638,3016,3081,4907,1679,2320,4690,3987,404,2143,2909,4927,---6,6,9,10,4,5,10,5,7,8,5,10,2,8,
2592,4737,676,4389,4006,4679,4807,759,2865,4819,1878,4631,2308,892,---10,7,4,2,6,10,8,8,3,9,8,5,3,5,
2144,2408,2761,4874,3223,1523,913,979,4020,2678,2263,760,1546,1374,---4,4,6,2,7,6,8,5,7,6,5,7,3,2,
1632,440,1096,1770,779,2732,3464,1106,2774,536,1241,1176,252,728,---5,3,7,2,6,2,3,8,3,6,2,4,9,5,
3209,267,2325,535,928,1186,4650,1067,3510,3386,3646,3143,4552,202,1508,745,3692,1136,3442,4339,500,4599,---5,8,3,8,9,2,6,10,3,5,10,8,4,4,8,2,9,9,10,4,5,2,
3513,2435,484,1836,842,3596,1392,850,886,439,4856,2041,990,---7,2,8,9,8,4,8,8,9,9,6,2,9,
3970,2501,4777,461,1865,1043,2230,695,4472,3579,444,2973,1183,---9,7,10,7,4,10,4,8,4,5,4,2,9,
930,4835,4132,1203,3080,2185,2510,655,4595,3251,854,3894,2329,---10,8,3,8,5,10,7,9,2,2,9,10,7,
2497,3842,419,2502,4615,1544,2442,1420,3362,723,3289,2922,4799,---6,2,3,4,8,4,7,10,3,9,2,7,6,
3333,4742,2321,3605,2326,3358,1055,1184,38,941,2608,3636,693,1215,2240,1099,1484,984,3932,3679,4201,2028,4465,1650,3222,3583,---10,3,6,2,7,4,10,10,7,8,10,10,2,10,10,7,3,6,7,6,9,3,5,5,6,8,
1760,1825,452,2248,4877,3631,2578,4278,279,2424,3151,3645,---5,6,8,7,6,3,7,6,8,4,6,9,
1787,996,2470,4366,3087,4914,4596,1502,2105,3257,1435,4382,---6,8,8,3,8,2,8,4,9,5,4,2,
1216,4715,1092,4165,1094,4168,1547,3250,3698,4185,3421,2782,---8,10,2,7,7,4,8,10,2,6,6,10,
448,771,4804,4970,4491,2605,2766,2995,4723,2873,2171,3242,---9,5,3,5,7,10,10,4,6,6,7,4,
4162,3395,935,4450,1649,1077,4886,3159,2777,3610,3356,730,---3,10,10,7,8,10,6,10,9,7,5,2,
4331,612,3089,1995,4078,4573,2289,4980,1177,280,1913,4477,---6,3,9,9,2,7,3,5,4,2,6,9,
896,770,899,1425,789,3103,2080,2602,688,3633,3252,1721,4155,4170,4427,77,4431,4946,4828,3299,4839,617,238,3953,627,3498,---4,2,4,10,7,5,7,10,5,7,3,8,9,2,9,3,5,2,10,8,10,4,4,8,3,2,
1795,1285,4231,3210,4235,268,4378,922,1441,2727,1451,4397,1202,3125,4405,4037,977,594,2399,4704,2556,764,---3,10,2,2,2,6,4,5,2,10,3,9,4,2,2,6,4,4,6,9,9,4,
1792,4609,3041,4071,648,1801,2283,3756,2381,2120,2738,4947,1236,807,3607,2905,380,1086,---8,8,5,7,8,2,3,10,2,9,10,2,10,7,10,5,2,8,
1440,2052,454,1928,1741,494,4047,3880,501,4188,1021,---7,6,6,2,8,5,3,4,6,6,3,
707,485,3436,395,4108,3472,1361,2102,1080,218,60,---4,3,4,9,6,9,10,6,4,4,2,
992,35,324,1926,1102,2480,562,83,4311,4124,1309,---10,7,7,2,2,7,7,8,3,4,9,
2273,1365,2698,3821,2255,4881,1173,4022,1851,476,4661,---6,5,6,9,3,2,8,2,3,9,6,
1571,1829,2343,3752,1326,1138,371,1430,4922,4605,2942,---3,4,4,8,5,8,6,9,6,3,7,
738,3051,3175,4649,2858,1035,1778,4979,1525,2554,4156,---10,10,3,4,2,3,4,4,2,2,9,
1222,3910,3367,3207,1042,595,2038,4792,3897,4476,4925,---4,3,10,10,2,8,3,2,6,5,2,
3042,600,3664,696,3762,3507,4158,119,4920,3131,2974,---4,8,9,5,9,4,2,3,3,8,7,
1248,3139,2822,3335,616,3569,4053,4887,3387,3515,2751,---8,5,7,6,7,5,9,3,3,3,4,
3696,2754,2307,3813,2779,716,4015,1488,1046,1051,3909,---8,9,9,3,10,5,2,10,9,9,3,
2504,3465,3468,2414,207,3319,953,4345,2845,4318,---9,7,9,9,4,4,10,4,8,6,
2665,4778,427,4781,1678,175,2206,1097,1079,1534,---8,3,10,2,8,4,3,10,2,5,
833,2626,2472,840,3082,332,2575,4049,1747,213,4790,4504,4687,2479,1557,2239,---4,2,5,7,7,10,9,5,9,4,9,6,10,6,9,7,
1826,2467,1860,773,361,2939,2252,4578,4846,110,4246,1114,699,3678,---7,4,2,9,9,3,6,6,8,2,7,6,5,10,
1890,3654,1158,1543,3145,1806,2895,2769,1844,4503,1499,2013,3294,3941,---6,2,7,7,3,4,7,5,9,9,5,10,9,4,
2371,4388,4422,4710,3020,4414,3253,342,4228,4379,1084,862,---10,10,8,2,7,5,8,9,8,4,10,6,
2464,768,1043,2659,4371,3435,2988,13,3907,1332,444,---5,6,10,7,10,6,3,5,3,4,4,
2531,3947,44,3565,3601,1876,4442,220,413,1471,---8,3,9,10,6,6,7,4,2,2,
4676,1032,4554,1486,436,4149,3702,1316,4254,---8,3,8,6,2,7,6,9,5,
1536,387,2823,3851,1549,4494,2332,30,1311,2977,421,4654,3638,4153,64,2383,4837,4330,1140,250,4603,2686,---6,4,5,8,6,4,10,8,5,7,9,5,6,10,5,2,10,9,7,10,7,10,
2848,2209,195,2757,993,1960,2507,1452,525,1998,3727,1044,3864,1626,1023,1893,---8,9,3,2,2,2,4,6,7,9,2,7,10,4,9,9,
3936,34,391,2953,2730,378,597,4342,345,506,4863,4762,2207,---7,7,5,8,3,10,5,5,9,3,3,4,9,
3595,2571,3849,2827,2957,4334,179,3316,3734,4937,3228,3807,---7,9,2,6,4,3,6,3,5,3,9,6,
923,1159,3438,1269,3257,4697,1562,1435,3804,4382,1493,---4,4,8,8,5,5,4,4,10,2,3,
2614,4141,1938,1398,4568,4987,1340,1791,---5,3,8,5,7,5,3,3,
2402,613,1736,3913,2475,84,1945,2117,---2,3,7,7,2,6,2,4,
801,2530,1453,3566,4686,2043,4444,1887,---6,3,6,7,6,8,8,3,
2147,147,3275,1842,4659,4692,3412,3707,---3,5,3,3,6,4,8,8,
1635,4069,1196,3667,2900,3514,4026,734,---8,6,2,2,2,7,8,8,
3298,4203,3950,4550,3975,1673,1387,236,1261,526,1637,1394,4869,1454,858,4924,4957,4446,3781,---3,3,4,2,5,5,3,10,8,3,8,8,2,7,2,7,8,7,3,
2752,3040,4994,356,3081,3755,2092,750,1679,4880,3987,404,2909,4927,---2,7,6,6,4,3,7,7,10,7,8,5,2,8,
1027,389,199,3560,4940,2872,3326,---3,2,5,6,6,5,2,
4608,4066,869,3686,424,4809,4632,---6,6,5,4,5,7,3,
545,3413,1411,3003,3622,711,4683,4556,2157,3598,4623,2254,3889,3571,4276,4181,3128,4548,4139,1307,1919,---5,4,6,7,10,3,6,7,2,10,7,6,5,8,4,10,9,5,10,2,4,
2721,3056,3912,3719,936,1201,1514,1900,3890,2894,1588,4560,4008,690,464,1142,1593,186,---8,10,6,2,3,4,3,6,6,6,5,4,4,2,5,8,6,8,
2465,1282,4707,1990,3078,2439,680,2281,4714,4787,3336,3203,4820,2293,2527,3547,575,---8,5,2,4,3,9,6,10,4,10,9,3,6,2,2,3,2,
2912,2884,3846,2919,1788,4589,784,3025,755,660,2837,4215,4452,2843,1713,2100,---9,2,3,9,2,8,8,4,7,8,5,2,5,3,8,7,
3907,2244,325,2087,3435,2988,2990,2772,4283,---3,5,5,4,6,3,4,8,7,
1569,4521,877,4240,1073,3990,---2,2,6,5,2,5,
393,1229,3119,4978,1715,1240,---5,5,3,5,3,2,
1472,3618,3812,2885,838,1896,45,3165,3893,215,3129,188,1725,1733,---10,2,5,2,9,2,4,9,6,5,10,4,4,9,
4196,3401,619,2093,1744,4628,3625,3096,3577,2235,2313,3359,---2,4,6,5,4,8,5,7,7,8,3,7,
289,166,582,433,4617,74,235,4268,3505,4983,4090,927,---3,7,7,9,2,4,9,2,9,9,2,5,
3107,1862,294,327,2377,4151,1492,661,1065,1337,2906,2238,---7,7,3,8,2,6,9,3,5,6,5,2,
1345,4870,3916,4750,1040,4496,1684,2262,1785,4668,4926,351,---10,7,7,10,10,5,5,4,9,2,4,9,
3108,3306,4204,301,1167,4656,4625,394,2680,2058,4030,---3,10,2,7,7,9,8,8,4,5,3,
2753,1605,3201,1002,2379,300,3216,379,135,3069,---6,5,3,5,3,3,2,6,3,3,
2822,1710,3569,4479,3097,4281,3515,509,2751,---7,5,5,3,7,6,3,3,4,
2247,2077,3698,2901,824,2813,---2,2,2,6,2,4,
3874,3099,1732,2346,1567,---2,3,3,4,4,
1026,860,1294,2704,856,4370,1555,529,2350,2841,1906,48,3620,425,557,4526,4783,2736,4018,3381,827,1724,1982,1477,3786,4428,79,1362,1491,1109,4696,4443,3292,1117,225,610,4539,358,3303,3048,4455,29,4082,4051,1013,1918,---10,4,8,10,7,6,8,9,2,7,3,5,3,3,10,8,6,4,5,10,4,2,9,2,8,5,5,5,3,3,3,7,9,5,3,9,9,4,7,2,8,10,4,3,9,6,
673,2082,4867,2021,4401,2056,1607,1346,1443,1134,4464,520,1395,820,2517,1336,3001,1980,93,1157,---7,7,2,4,7,7,2,9,4,2,5,8,3,5,3,9,5,8,8,8,
4704,1441,1451,1285,2566,4231,4235,2727,1393,1202,3125,4310,4378,2556,3613,4405,4351,---9,2,3,10,8,2,2,10,5,4,2,3,4,9,8,2,7,
2688,210,4533,4684,1010,2382,4269,2960,2514,3966,3318,1912,1338,4091,1438,2101,---3,5,3,7,7,3,7,4,5,8,10,8,10,8,4,5,
1824,704,4419,3972,774,1190,2122,3471,123,948,949,1754,3291,4250,1150,4543,---5,6,3,4,9,10,4,5,4,4,9,8,8,4,10,7,
866,100,4582,3272,1259,1840,2129,1748,2495,40,3835,3100,1695,---2,10,5,7,4,8,6,3,9,8,2,6,9,
2435,484,4935,2760,3596,3308,1392,3126,439,4856,3513,990,---2,8,5,2,4,7,8,8,9,6,7,9,
1632,536,1096,1770,779,76,1176,2392,1241,3290,252,3231,---5,6,7,2,6,4,4,5,2,7,9,6,
2980,997,3274,1711,208,4376,324,3226,2063,317,---3,3,6,3,3,5,7,2,5,6,
448,2433,771,97,2605,2766,2709,4918,2873,2171,---9,6,5,9,10,10,2,2,6,7,
4624,2218,3500,4848,3315,1237,4566,3355,349,---2,9,9,2,7,6,6,3,3,
3169,873,1196,754,3667,951,4568,4026,---4,8,2,8,2,2,7,8,
1139,4452,3752,4267,686,2131,755,2942,---4,5,8,7,6,4,7,7,
2568,555,748,950,---3,2,3,2,
1922,9,656,2833,1814,279,2976,307,3769,3259,3645,1760,3267,2762,3151,1108,3164,2142,2784,2145,2276,3814,2279,3434,1389,2165,2935,3838,---7,9,10,4,4,8,7,10,2,4,9,5,10,6,6,8,7,8,7,5,2,4,2,3,4,5,8,7,
4234,4366,3087,2706,2457,1306,28,3102,4005,47,4785,4914,2590,2105,3389,1726,703,4040,2891,1875,1368,1509,2019,1637,1261,4596,2421,---10,3,8,8,2,3,9,2,8,7,5,2,2,9,8,6,7,6,7,2,4,8,6,8,8,8,7,
6,1293,1172,920,3235,2852,2725,3238,2220,1327,2107,2627,2245,4296,1111,4644,4577,1892,678,4335,4849,4602,---5,2,9,5,9,4,8,7,5,8,10,8,10,10,8,10,8,3,4,7,2,4,
4864,3873,3971,3172,1445,3431,1706,551,1947,4749,4847,1777,2453,4484,1359,381,1758,2943,---10,5,6,5,4,3,8,8,5,8,6,2,10,9,4,9,10,5,
352,4610,963,4999,2603,4172,1085,4271,1873,498,4500,4633,1497,1597,3390,3615,---9,2,5,5,2,8,7,6,4,3,5,10,8,9,6,6,
3587,3556,1622,1617,2614,43,3693,4141,1253,980,1877,3766,2428,445,4789,---8,9,10,5,5,3,7,3,10,5,9,2,4,4,10,
1864,2953,2730,715,4829,2248,2578,4985,2424,345,2778,3196,4762,---8,8,3,3,5,7,7,3,4,9,3,8,4,
131,4549,913,2408,2761,1546,1523,1489,979,4020,760,4874,1374,---6,9,8,4,6,3,6,9,5,7,7,2,2,
2721,1700,3056,3719,936,1514,1198,464,3890,1076,1593,186,2975,---8,2,10,2,3,3,8,5,6,7,6,8,4,
3105,2980,4485,422,1130,4909,317,208,3288,3274,1578,997,---6,3,6,4,7,4,6,3,10,6,7,3,
4259,3684,4390,1704,233,1779,884,2229,3738,4415,2623,---10,9,6,10,6,9,6,2,4,9,5,
930,4132,1203,2185,1676,655,3251,4916,3894,3287,2329,---10,3,8,10,3,9,2,9,10,7,7,
2657,1634,4582,3272,1259,1840,2129,3835,3100,1727,---2,3,5,7,4,8,6,2,6,8,
1281,904,4236,4919,12,2461,2484,2615,189,1385,---3,8,2,4,8,10,10,10,5,6,
2919,4400,660,4791,4377,4154,1788,2042,2100,---9,9,8,5,7,4,2,8,7,
931,3848,4688,181,3606,2875,4981,---6,4,5,2,3,6,2,
2791,2858,1035,4110,2554,2493,---5,2,3,4,2,2,
1604,3560,4940,2872,3332,1500,---5,6,6,5,5,6,
496,4542,4653,1702,2519,---2,5,2,3,3,
825,4926,1925,1518,---3,4,2,2,
2017,1038,385,---2,3,3,
896,770,1796,1425,1682,1300,789,1135,2080,1827,3371,3246,3633,4534,1721,1334,4427,80,4946,2389,4453,3857,617,1255,1007,2552,---4,2,2,10,8,10,7,2,7,6,3,9,7,8,8,10,9,6,2,4,7,3,4,3,10,7,
4480,2443,1041,4243,3481,3994,3749,3628,3117,3374,3760,4529,4277,1601,1221,2511,2005,2008,3307,2800,1526,4349,---6,7,10,9,2,9,4,4,4,10,10,2,8,4,9,8,5,2,3,3,4,8,
2948,2184,3342,1808,4627,284,677,3239,4392,1834,304,3379,1081,3902,1358,4179,2638,1256,2037,3576,2425,4095,---4,3,5,6,8,8,7,3,8,7,6,6,6,5,7,4,2,9,10,7,7,9,
3936,34,1160,1750,3559,4200,2698,3404,2701,2255,2481,2195,4468,4502,506,1115,3996,666,2207,---7,7,4,4,9,8,6,6,2,3,9,4,10,4,3,9,2,6,9,
4193,4995,4239,1003,1900,690,2894,2223,400,50,2899,4560,3662,3286,4729,1680,4027,2109,4959,---8,8,4,4,6,2,6,3,10,5,4,4,3,8,6,6,8,9,5,
224,2209,3619,1960,4220,1452,3864,3727,4952,195,1044,407,56,2713,3132,4190,2848,---4,9,3,2,9,6,10,2,9,3,7,10,10,8,10,10,8,
2147,1832,3915,2060,2482,4558,1745,946,147,3412,3822,3639,1274,4538,1370,4328,3027,---3,8,3,6,4,3,4,8,5,8,10,6,7,5,2,3,5,
32,2401,3451,2340,81,4433,586,3415,3084,3406,273,4567,3044,2715,1697,1341,3967,---9,6,7,10,6,5,2,9,10,7,6,3,5,6,10,9,8,
4835,3251,2343,3080,2185,2445,1326,749,1138,1203,2510,4922,---8,2,4,5,10,7,5,10,8,8,7,6,
1762,2315,3627,1871,2653,638,2169,217,2607,3452,989,3262,---10,6,4,10,6,10,3,4,5,8,9,6,
578,5,4326,41,2839,4226,2415,1968,849,3575,254,---9,8,9,3,9,8,6,2,3,7,4,
4450,3395,935,4162,1077,3159,2777,730,3263,3356,2069,---7,10,10,3,10,10,9,2,2,5,5,
899,4839,4105,3498,238,4431,688,3218,627,3252,3103,---4,10,5,2,4,5,5,6,3,3,5,
2624,4049,3082,332,2575,4305,1747,1557,4504,213,---3,5,7,10,9,4,9,9,6,4,
2535,712,1801,648,2283,2536,1236,2120,2905,1086,---7,10,2,8,3,3,10,9,5,8,
35,3367,2059,3207,595,2038,1815,4792,4476,4925,---7,10,9,10,8,3,9,2,5,2,
4450,3395,935,3388,3255,1077,3159,2777,730,3356,---7,10,10,2,9,10,10,9,2,5,
1698,1476,3664,3762,3507,119,4920,3131,4158,---3,4,9,9,4,3,3,8,2,
801,2530,1124,1453,3566,531,4686,1887,---6,3,5,6,7,3,6,3,
4240,4521,3283,3990,1257,---5,2,2,5,3,
2081,75,1079,---2,3,2,
2938,4814,---2,2,
3328,1409,4100,3206,4743,4488,2704,529,1426,2841,29,3232,4771,4261,425,4423,428,4317,48,4274,3292,3381,1724,1214,1333,832,4290,4164,1477,225,3786,2167,4428,3791,3666,2647,4696,860,1117,2398,4065,610,358,2286,856,1906,1013,4727,1918,---3,4,4,9,10,9,10,9,7,7,10,9,6,8,3,3,8,8,5,8,9,10,2,4,3,7,3,4,2,3,8,2,5,7,5,2,3,4,5,8,9,9,4,4,7,3,9,5,6,
2952,2370,1294,1169,4526,3354,2736,3620,3877,2982,2599,2987,557,2350,4783,2096,392,4018,4532,2104,2362,4539,1982,4034,3779,1611,79,3409,1362,1491,1109,1880,2522,479,827,3303,3048,1513,362,4082,4051,105,3192,---5,5,8,9,8,5,4,3,6,5,4,5,10,2,6,5,5,5,4,7,3,9,9,8,9,6,5,6,5,3,3,7,6,8,4,7,2,8,5,4,3,2,5,
1668,2693,3079,4616,396,2320,1431,2587,1820,161,3494,4907,4140,1638,1455,3763,2232,3233,3016,2251,4690,4830,2143,2658,4708,3174,2150,4968,4969,4332,2174,255,---8,2,2,9,5,5,2,6,10,6,10,5,9,9,8,6,9,6,10,7,7,3,10,7,3,9,4,9,5,10,6,9,
2693,4616,523,4883,1431,1944,25,2587,1820,2334,672,3233,4140,1455,437,2232,2849,3016,4690,4068,3676,3805,2863,4708,2150,4969,2296,4475,1022,---2,9,5,8,2,8,5,6,10,7,3,6,9,8,3,9,9,10,7,9,9,7,6,3,4,5,7,2,10,
855,3476,4117,663,926,1952,3106,547,1062,683,943,3248,2108,4803,846,4691,4601,3161,4186,4963,1636,3562,363,3574,2937,1146,3323,---2,8,9,6,4,8,4,9,6,7,4,5,9,8,6,5,4,10,9,3,7,4,2,5,5,8,8,
4871,3214,4114,3036,2602,3115,3377,2874,4155,4161,4170,77,4562,3032,2395,4828,4576,3299,1380,4072,2537,3050,4075,3953,1129,---2,4,9,2,10,5,4,3,9,9,2,3,6,7,10,10,2,8,8,6,6,3,3,8,8,
4483,260,4742,1031,4621,3605,2326,3358,1055,3488,941,4275,3636,1460,4794,2240,1099,3679,483,2663,1650,115,4858,893,---10,4,3,7,7,2,7,4,10,5,8,5,10,8,6,10,7,6,7,4,5,5,9,10,
4032,4417,4187,2692,197,934,129,3368,4619,460,3634,782,1245,3858,3540,1205,3320,4747,443,157,4766,---7,5,4,5,9,2,2,8,10,2,2,7,5,4,6,10,5,7,4,6,10,
4544,2787,2148,1015,4986,4143,4875,2317,2702,2596,4660,593,3572,2662,2582,633,569,3194,1339,3770,2068,---9,9,5,3,5,7,5,3,10,10,6,4,4,8,3,4,6,10,3,4,10,
2592,993,676,261,4807,649,2396,2507,1037,3567,2001,4819,2420,1893,4631,1976,2308,1626,892,2941,1023,---10,2,4,9,8,10,2,4,3,3,9,9,5,9,5,2,3,4,5,5,9,
290,3235,2436,2725,3348,1927,2410,2091,3193,3608,4530,3219,2228,3736,1915,1560,1364,3076,1883,2814,4805,---2,9,8,8,7,8,7,9,10,5,3,8,8,6,9,10,6,3,8,5,10,
4962,39,2024,3884,3594,3179,1708,4301,3726,3245,4976,1939,4341,1687,216,2204,2846,247,---3,10,10,10,9,2,9,3,7,8,7,2,2,7,2,9,8,4,
2464,3009,2882,1155,3524,3462,2083,2749,3818,2659,751,2579,1332,1462,2299,700,2557,---5,6,10,3,7,8,2,2,2,7,6,8,4,5,6,2,9,
1153,1250,2788,961,4804,3242,4491,3340,4970,3792,2995,20,4723,1078,1204,1210,3997,---7,6,10,2,3,4,7,10,5,7,4,10,6,4,4,2,5,
3270,2801,600,1450,4824,1006,4911,3664,696,3762,3507,4158,4823,4920,3869,2974,---9,8,8,3,9,4,9,9,5,9,4,2,4,3,10,7,
4610,3523,2603,4172,1357,1597,2416,1873,468,963,4500,3384,4852,4271,1085,---2,2,2,8,3,9,9,4,8,5,5,3,9,6,7,
1120,2052,2533,454,3880,3886,4047,2259,2292,501,494,4188,1021,1541,---3,6,8,6,4,2,3,3,5,6,5,6,3,9,
4272,707,485,395,4733,3472,1361,725,2102,3095,3157,541,2526,3653,---3,4,3,9,9,9,10,6,6,6,9,3,6,8,
1697,3044,2340,615,586,4567,273,3406,4433,3415,1465,1341,542,3967,---10,5,10,2,2,3,6,7,5,9,10,9,2,8,
4243,1221,2443,12,3374,1553,4659,4692,4277,2008,3707,189,3749,---9,9,7,8,10,9,6,4,8,2,8,5,4,
3681,1539,3844,1702,3943,4316,3725,496,2162,919,3960,537,1532,---9,6,3,3,8,10,7,2,4,2,2,2,2,
2979,4997,3175,2601,2858,1035,4110,2896,1780,2158,965,2821,---6,2,3,6,2,3,4,4,2,2,10,9,
4737,4389,1878,2865,3912,4679,3920,4008,1588,1142,759,4006,---7,2,8,3,6,10,6,4,5,8,8,6,
4193,611,4027,2223,1680,50,2899,3286,1465,4729,400,542,---8,5,8,3,6,5,4,8,10,6,10,2,
2244,2087,3496,2023,2990,2994,1390,2710,1367,1818,---5,4,4,2,4,3,10,6,4,5,
932,1797,1609,1162,2767,2160,534,88,804,1983,---9,4,10,4,10,2,5,5,10,4,
2435,3396,2760,439,1392,850,3513,4856,2041,---2,9,2,9,8,8,7,6,2,
3040,4994,837,4744,2796,3755,2092,750,281,---7,6,7,5,9,3,7,7,7,
4608,4066,869,3686,424,4632,4575,---6,6,5,4,5,3,7,
1027,389,203,4940,2872,3326,---3,2,4,6,5,2,
1604,199,3560,4918,2136,1500,---5,5,6,2,4,6,
4194,1571,1829,686,1139,4595,---4,3,4,6,4,2,
2211,1229,3119,4978,1715,1240,---6,5,3,5,3,2,
2968,3169,3667,1196,951,---3,4,2,2,2,
2760,2041,3596,3879,---2,2,4,3,
3874,1732,2346,4375,---2,3,4,2,
2089,509,4479,---3,3,3,
531,2205,1887,---3,2,3,
2818,3909,3813,---3,3,3,
3173,4015,---2,2,
4595,2478,---2,2,
3388,2854,---2,2,
1945,2910,---2,2,
